#
# There is insufficient memory for the Java Runtime Environment to continue.
# Native memory allocation (malloc) failed to allocate 1185776 bytes for Chunk::new
# Possible reasons:
#   The system is out of physical RAM or swap space
#   The process is running with CompressedOops enabled, and the Java Heap may be blocking the growth of the native heap
# Possible solutions:
#   Reduce memory load on the system
#   Increase physical memory or swap space
#   Check if swap backing store is full
#   Decrease Java heap size (-Xmx/-Xms)
#   Decrease number of Java threads
#   Decrease Java thread stack sizes (-Xss)
#   Set larger code cache with -XX:ReservedCodeCacheSize=
#   JVM is running with Unscaled Compressed Oops mode in which the Java heap is
#     placed in the first 4GB address space. The Java Heap base address is the
#     maximum limit for the native heap growth. Please use -XX:HeapBaseMinAddress
#     to set the Java Heap base and to place the Java Heap above 4GB virtual address.
# This output file may be truncated or incomplete.
#
#  Out of Memory Error (allocation.cpp:389), pid=6696, tid=0x0000000000000ea8
#
# JRE version: OpenJDK Runtime Environment (8.0_212-b04) (build 1.8.0_212-release-1586-b04)
# Java VM: OpenJDK 64-Bit Server VM (25.212-b04 mixed mode windows-amd64 compressed oops)
# Failed to write core dump. Minidumps are not enabled by default on client versions of Windows
#

---------------  T H R E A D  ---------------

Current thread (0x00000000160ca800):  JavaThread "C2 CompilerThread0" daemon [_thread_in_native, id=3752, stack(0x0000000017100000,0x0000000017200000)]

Stack: [0x0000000017100000,0x0000000017200000]
[error occurred during error reporting (printing stack bounds), id 0xc0000005]

Native frames: (J=compiled Java code, j=interpreted, Vv=VM code, C=native code)


Current CompileTask:
C2: 546934 17613       4       com.android.utils.XmlUtils::append (639 bytes)


---------------  P R O C E S S  ---------------

Java Threads: ( => current thread )
  0x000000001bc90000 JavaThread "stdout" [_thread_in_native, id=1256, stack(0x000000002bed0000,0x000000002bfd0000)]
  0x000000001bc92800 JavaThread "stderr" [_thread_in_native, id=8752, stack(0x000000002bdd0000,0x000000002bed0000)]
  0x000000001d6f3800 JavaThread "pool-7-thread-1" [_thread_blocked, id=10020, stack(0x000000002bad0000,0x000000002bbd0000)]
  0x000000001d6f2000 JavaThread "WorkerExecutor Queue Thread 2" [_thread_blocked, id=6848, stack(0x000000002b9d0000,0x000000002bad0000)]
  0x000000001d6f5000 JavaThread "WorkerExecutor Queue" [_thread_blocked, id=3584, stack(0x000000002b8d0000,0x000000002b9d0000)]
  0x000000001d6f0000 JavaThread "Cache worker for execution history cache (D:\Project Android\PajakAir\.gradle\5.6.4\executionHistory)" [_thread_blocked, id=10080, stack(0x000000002b7d0000,0x000000002b8d0000)]
  0x000000001d6ef000 JavaThread "Execution worker for ':'" [_thread_blocked, id=8236, stack(0x000000002b6d0000,0x000000002b7d0000)]
  0x000000001d6e7800 JavaThread "Cache worker for file content cache (D:\Project Android\PajakAir\.gradle\5.6.4\fileContent)" [_thread_blocked, id=2672, stack(0x000000002b5d0000,0x000000002b6d0000)]
  0x000000001802d000 JavaThread "Cache worker for Build Output Cleanup Cache (D:\Project Android\PajakAir\.gradle\buildOutputCleanup)" [_thread_blocked, id=4716, stack(0x000000002b4d0000,0x000000002b5d0000)]
  0x000000001802c000 JavaThread "Build operations Thread 2" [_thread_blocked, id=5396, stack(0x000000002b3d0000,0x000000002b4d0000)]
  0x000000001802a800 JavaThread "Build operations" [_thread_blocked, id=7392, stack(0x000000002b2d0000,0x000000002b3d0000)]
  0x000000001802a000 JavaThread "Cache worker for cache directory md-rule (C:\Users\deCrypt3d\.gradle\caches\5.6.4\md-rule)" [_thread_blocked, id=1216, stack(0x000000002b1d0000,0x000000002b2d0000)]
  0x000000001802b800 JavaThread "Cache worker for cache directory md-supplier (C:\Users\deCrypt3d\.gradle\caches\5.6.4\md-supplier)" [_thread_blocked, id=2492, stack(0x000000002b0d0000,0x000000002b1d0000)]
  0x0000000018029000 JavaThread "Cache worker for file hash cache (D:\Project Android\PajakAir\.gradle\5.6.4\fileHashes)" [_thread_blocked, id=5140, stack(0x000000002afd0000,0x000000002b0d0000)]
  0x0000000018028800 JavaThread "Thread-46" [_thread_blocked, id=7764, stack(0x000000002aed0000,0x000000002afd0000)]
  0x0000000018027800 JavaThread "Stdin handler" [_thread_blocked, id=8212, stack(0x000000002add0000,0x000000002aed0000)]
  0x0000000018027000 JavaThread "Asynchronous log dispatcher for DefaultDaemonConnection: socket connection from /127.0.0.1:53084 to /127.0.0.1:53152" [_thread_in_native, id=6184, stack(0x000000002acd0000,0x000000002add0000)]
  0x000000001801f800 JavaThread "Daemon worker Thread 2" [_thread_in_Java, id=7336, stack(0x000000002abd0000,0x000000002acd0000)]
  0x0000000018025800 JavaThread "Cancel handler" [_thread_blocked, id=10132, stack(0x000000002aad0000,0x000000002abd0000)]
  0x0000000018023000 JavaThread "Handler for socket connection from /127.0.0.1:53084 to /127.0.0.1:53152" [_thread_in_native, id=4532, stack(0x000000002a9d0000,0x000000002aad0000)]
  0x0000000018020000 JavaThread "Daemon Thread 2" [_thread_blocked, id=7784, stack(0x000000002a8d0000,0x000000002a9d0000)]
  0x000000001d6ed800 JavaThread "Cache worker for Java compile cache (C:\Users\deCrypt3d\.gradle\caches\5.6.4\javaCompile)" [_thread_blocked, id=8848, stack(0x0000000028770000,0x0000000028870000)]
  0x000000001d6ec000 JavaThread "MarlinRenderer Disposer" daemon [_thread_blocked, id=7640, stack(0x0000000023c30000,0x0000000023d30000)]
  0x000000001d6e9000 JavaThread "Java2D Disposer" daemon [_thread_blocked, id=1476, stack(0x0000000023a50000,0x0000000023b50000)]
  0x000000001802d800 JavaThread "Cache worker for file content cache (C:\Users\deCrypt3d\.gradle\caches\5.6.4\fileContent)" [_thread_blocked, id=1516, stack(0x0000000023050000,0x0000000023150000)]
  0x000000001801e800 JavaThread "Memory manager" [_thread_blocked, id=7884, stack(0x00000000202b0000,0x00000000203b0000)]
  0x0000000018474800 JavaThread "Cache worker for execution history cache (C:\Users\deCrypt3d\.gradle\caches\5.6.4\executionHistory)" [_thread_blocked, id=3768, stack(0x000000001e650000,0x000000001e750000)]
  0x0000000018474000 JavaThread "Cache worker for journal cache (C:\Users\deCrypt3d\.gradle\caches\journal-1)" [_thread_blocked, id=1096, stack(0x000000001a750000,0x000000001a850000)]
  0x0000000018470000 JavaThread "File lock request listener" [_thread_in_native, id=8544, stack(0x000000001a650000,0x000000001a750000)]
  0x0000000018596800 JavaThread "Cache worker for file hash cache (C:\Users\deCrypt3d\.gradle\caches\5.6.4\fileHashes)" [_thread_blocked, id=2508, stack(0x000000001a350000,0x000000001a450000)]
  0x000000001767d000 JavaThread "Daemon periodic checks" [_thread_blocked, id=7184, stack(0x0000000019a50000,0x0000000019b50000)]
  0x00000000190ac000 JavaThread "Incoming local TCP Connector on port 53084" [_thread_in_native, id=856, stack(0x0000000019710000,0x0000000019810000)]
  0x0000000018fc4800 JavaThread "Daemon health stats" [_thread_blocked, id=1840, stack(0x00000000190d0000,0x00000000191d0000)]
  0x000000001613d000 JavaThread "Service Thread" daemon [_thread_blocked, id=9112, stack(0x0000000017300000,0x0000000017400000)]
  0x000000001611e000 JavaThread "C1 CompilerThread1" daemon [_thread_blocked, id=1624, stack(0x0000000017200000,0x0000000017300000)]
=>0x00000000160ca800 JavaThread "C2 CompilerThread0" daemon [_thread_in_native, id=3752, stack(0x0000000017100000,0x0000000017200000)]
  0x00000000160c9000 JavaThread "Attach Listener" daemon [_thread_blocked, id=7872, stack(0x0000000017000000,0x0000000017100000)]
  0x00000000160c6000 JavaThread "Signal Dispatcher" daemon [_thread_blocked, id=6732, stack(0x0000000016f00000,0x0000000017000000)]
  0x0000000002993000 JavaThread "Finalizer" daemon [_thread_blocked, id=1392, stack(0x0000000016d00000,0x0000000016e00000)]
  0x00000000160b6800 JavaThread "Reference Handler" daemon [_thread_blocked, id=10176, stack(0x0000000016c00000,0x0000000016d00000)]
  0x0000000000c6e000 JavaThread "main" [_thread_blocked, id=7040, stack(0x00000000026a0000,0x00000000027a0000)]

Other Threads:
  0x0000000016094800 VMThread [stack: 0x0000000016b00000,0x0000000016c00000] [id=7920]
  0x0000000016140000 WatcherThread [stack: 0x0000000017400000,0x0000000017500000] [id=1568]

VM state:not at safepoint (normal execution)

VM Mutex/Monitor currently owned by a thread: None

heap address: 0x00000000a0000000, size: 1536 MB, Compressed Oops mode: 32-bit
Narrow klass base: 0x0000000000000000, Narrow klass shift: 3
Compressed class space size: 1073741824 Address: 0x0000000100000000

Heap:
 PSYoungGen      total 310272K, used 96020K [0x00000000e0000000, 0x00000000f6b00000, 0x0000000100000000)
  eden space 271360K, 31% used [0x00000000e0000000,0x00000000e53418c8,0x00000000f0900000)
  from space 38912K, 27% used [0x00000000f0900000,0x00000000f1383928,0x00000000f2f00000)
  to   space 37376K, 0% used [0x00000000f4680000,0x00000000f4680000,0x00000000f6b00000)
 ParOldGen       total 164352K, used 77426K [0x00000000a0000000, 0x00000000aa080000, 0x00000000e0000000)
  object space 164352K, 47% used [0x00000000a0000000,0x00000000a4b9cac8,0x00000000aa080000)
 Metaspace       used 99931K, capacity 104218K, committed 104472K, reserved 1140736K
  class space    used 12930K, capacity 13853K, committed 13864K, reserved 1048576K

Card table byte_map: [0x0000000011d60000,0x0000000012070000] byte_map_base: 0x0000000011860000

Marking Bits: (ParMarkBitMap*) 0x0000000059409f30
 Begin Bits: [0x0000000012470000, 0x0000000013c70000)
 End Bits:   [0x0000000013c70000, 0x0000000015470000)

Polling page: 0x0000000000c50000

CodeCache: size=245760Kb used=47259Kb max_used=47259Kb free=198501Kb
 bounds [0x00000000029a0000, 0x0000000005800000, 0x00000000119a0000]
 total_blobs=15641 nmethods=14627 adapters=927
 compilation: enabled

Compilation events (10 events):
Event: 546.801 Thread 0x000000001611e000 17627       2       org.gradle.api.internal.tasks.properties.AbstractFilePropertySpec::<init> (16 bytes)
Event: 546.802 Thread 0x000000001611e000 nmethod 17627 0x00000000057f1750 code [0x00000000057f18a0, 0x00000000057f1a30]
Event: 546.818 Thread 0x000000001611e000 17628       2       org.gradle.api.internal.tasks.properties.AbstractPropertySpec::compareTo (9 bytes)
Event: 546.819 Thread 0x000000001611e000 nmethod 17628 0x00000000057f1250 code [0x00000000057f13e0, 0x00000000057f1608]
Event: 546.823 Thread 0x000000001611e000 17629       2       org.gradle.api.internal.tasks.properties.InputParameterUtils::prepareInputParameterValue (10 bytes)
Event: 546.824 Thread 0x000000001611e000 nmethod 17629 0x00000000057f0d10 code [0x00000000057f0ea0, 0x00000000057f1128]
Event: 546.851 Thread 0x000000001611e000 17630       2       java.util.TimSort::countRunAndMakeAscending (128 bytes)
Event: 546.852 Thread 0x000000001611e000 nmethod 17630 0x00000000057f0190 code [0x00000000057f0340, 0x00000000057f08a8]
Event: 546.899 Thread 0x000000001611e000 17631       2       org.gradle.execution.plan.TaskNode::allDependenciesComplete (93 bytes)
Event: 546.900 Thread 0x000000001611e000 nmethod 17631 0x00000000057f8750 code [0x00000000057f8940, 0x00000000057f8d88]

GC Heap History (10 events):
Event: 78.497 GC heap before
{Heap before GC invocations=17 (full 3):
 PSYoungGen      total 223744K, used 223076K [0x00000000e0000000, 0x00000000f1700000, 0x0000000100000000)
  eden space 205824K, 100% used [0x00000000e0000000,0x00000000ec900000,0x00000000ec900000)
  from space 17920K, 96% used [0x00000000ec900000,0x00000000ed9d9328,0x00000000eda80000)
  to   space 20480K, 0% used [0x00000000f0300000,0x00000000f0300000,0x00000000f1700000)
 ParOldGen       total 88064K, used 34574K [0x00000000a0000000, 0x00000000a5600000, 0x00000000e0000000)
  object space 88064K, 39% used [0x00000000a0000000,0x00000000a21c3aa0,0x00000000a5600000)
 Metaspace       used 74329K, capacity 77392K, committed 77592K, reserved 1116160K
  class space    used 9821K, capacity 10512K, committed 10536K, reserved 1048576K
Event: 78.613 GC heap after
Heap after GC invocations=17 (full 3):
 PSYoungGen      total 256512K, used 20465K [0x00000000e0000000, 0x00000000f2200000, 0x0000000100000000)
  eden space 236032K, 0% used [0x00000000e0000000,0x00000000e0000000,0x00000000ee680000)
  from space 20480K, 99% used [0x00000000f0300000,0x00000000f16fc5f0,0x00000000f1700000)
  to   space 29184K, 0% used [0x00000000ee680000,0x00000000ee680000,0x00000000f0300000)
 ParOldGen       total 88064K, used 49348K [0x00000000a0000000, 0x00000000a5600000, 0x00000000e0000000)
  object space 88064K, 56% used [0x00000000a0000000,0x00000000a3031078,0x00000000a5600000)
 Metaspace       used 74329K, capacity 77392K, committed 77592K, reserved 1116160K
  class space    used 9821K, capacity 10512K, committed 10536K, reserved 1048576K
}
Event: 92.245 GC heap before
{Heap before GC invocations=18 (full 3):
 PSYoungGen      total 256512K, used 256497K [0x00000000e0000000, 0x00000000f2200000, 0x0000000100000000)
  eden space 236032K, 100% used [0x00000000e0000000,0x00000000ee680000,0x00000000ee680000)
  from space 20480K, 99% used [0x00000000f0300000,0x00000000f16fc5f0,0x00000000f1700000)
  to   space 29184K, 0% used [0x00000000ee680000,0x00000000ee680000,0x00000000f0300000)
 ParOldGen       total 88064K, used 49348K [0x00000000a0000000, 0x00000000a5600000, 0x00000000e0000000)
  object space 88064K, 56% used [0x00000000a0000000,0x00000000a3031078,0x00000000a5600000)
 Metaspace       used 81900K, capacity 85188K, committed 85400K, reserved 1124352K
  class space    used 10620K, capacity 11346K, committed 11432K, reserved 1048576K
Event: 92.347 GC heap after
Heap after GC invocations=18 (full 3):
 PSYoungGen      total 265216K, used 29172K [0x00000000e0000000, 0x00000000f5600000, 0x0000000100000000)
  eden space 236032K, 0% used [0x00000000e0000000,0x00000000e0000000,0x00000000ee680000)
  from space 29184K, 99% used [0x00000000ee680000,0x00000000f02fd020,0x00000000f0300000)
  to   space 39936K, 0% used [0x00000000f2f00000,0x00000000f2f00000,0x00000000f5600000)
 ParOldGen       total 88064K, used 64644K [0x00000000a0000000, 0x00000000a5600000, 0x00000000e0000000)
  object space 88064K, 73% used [0x00000000a0000000,0x00000000a3f21198,0x00000000a5600000)
 Metaspace       used 81900K, capacity 85188K, committed 85400K, reserved 1124352K
  class space    used 10620K, capacity 11346K, committed 11432K, reserved 1048576K
}
Event: 103.192 GC heap before
{Heap before GC invocations=19 (full 3):
 PSYoungGen      total 265216K, used 243544K [0x00000000e0000000, 0x00000000f5600000, 0x0000000100000000)
  eden space 236032K, 90% used [0x00000000e0000000,0x00000000ed159228,0x00000000ee680000)
  from space 29184K, 99% used [0x00000000ee680000,0x00000000f02fd020,0x00000000f0300000)
  to   space 39936K, 0% used [0x00000000f2f00000,0x00000000f2f00000,0x00000000f5600000)
 ParOldGen       total 88064K, used 64644K [0x00000000a0000000, 0x00000000a5600000, 0x00000000e0000000)
  object space 88064K, 73% used [0x00000000a0000000,0x00000000a3f21198,0x00000000a5600000)
 Metaspace       used 94815K, capacity 98522K, committed 98600K, reserved 1134592K
  class space    used 12238K, capacity 13031K, committed 13096K, reserved 1048576K
Event: 103.339 GC heap after
Heap after GC invocations=19 (full 3):
 PSYoungGen      total 310272K, used 19108K [0x00000000e0000000, 0x00000000f5500000, 0x0000000100000000)
  eden space 271360K, 0% used [0x00000000e0000000,0x00000000e0000000,0x00000000f0900000)
  from space 38912K, 49% used [0x00000000f2f00000,0x00000000f41a9360,0x00000000f5500000)
  to   space 38912K, 0% used [0x00000000f0900000,0x00000000f0900000,0x00000000f2f00000)
 ParOldGen       total 90624K, used 90539K [0x00000000a0000000, 0x00000000a5880000, 0x00000000e0000000)
  object space 90624K, 99% used [0x00000000a0000000,0x00000000a586ac08,0x00000000a5880000)
 Metaspace       used 94815K, capacity 98522K, committed 98600K, reserved 1134592K
  class space    used 12238K, capacity 13031K, committed 13096K, reserved 1048576K
}
Event: 103.339 GC heap before
{Heap before GC invocations=20 (full 4):
 PSYoungGen      total 310272K, used 19108K [0x00000000e0000000, 0x00000000f5500000, 0x0000000100000000)
  eden space 271360K, 0% used [0x00000000e0000000,0x00000000e0000000,0x00000000f0900000)
  from space 38912K, 49% used [0x00000000f2f00000,0x00000000f41a9360,0x00000000f5500000)
  to   space 38912K, 0% used [0x00000000f0900000,0x00000000f0900000,0x00000000f2f00000)
 ParOldGen       total 90624K, used 90539K [0x00000000a0000000, 0x00000000a5880000, 0x00000000e0000000)
  object space 90624K, 99% used [0x00000000a0000000,0x00000000a586ac08,0x00000000a5880000)
 Metaspace       used 94815K, capacity 98522K, committed 98600K, reserved 1134592K
  class space    used 12238K, capacity 13031K, committed 13096K, reserved 1048576K
Event: 104.053 GC heap after
Heap after GC invocations=20 (full 4):
 PSYoungGen      total 310272K, used 0K [0x00000000e0000000, 0x00000000f5500000, 0x0000000100000000)
  eden space 271360K, 0% used [0x00000000e0000000,0x00000000e0000000,0x00000000f0900000)
  from space 38912K, 0% used [0x00000000f2f00000,0x00000000f2f00000,0x00000000f5500000)
  to   space 38912K, 0% used [0x00000000f0900000,0x00000000f0900000,0x00000000f2f00000)
 ParOldGen       total 164352K, used 77426K [0x00000000a0000000, 0x00000000aa080000, 0x00000000e0000000)
  object space 164352K, 47% used [0x00000000a0000000,0x00000000a4b9cac8,0x00000000aa080000)
 Metaspace       used 94778K, capacity 98414K, committed 98600K, reserved 1134592K
  class space    used 12227K, capacity 13011K, committed 13096K, reserved 1048576K
}
Event: 542.149 GC heap before
{Heap before GC invocations=21 (full 4):
 PSYoungGen      total 310272K, used 271360K [0x00000000e0000000, 0x00000000f5500000, 0x0000000100000000)
  eden space 271360K, 100% used [0x00000000e0000000,0x00000000f0900000,0x00000000f0900000)
  from space 38912K, 0% used [0x00000000f2f00000,0x00000000f2f00000,0x00000000f5500000)
  to   space 38912K, 0% used [0x00000000f0900000,0x00000000f0900000,0x00000000f2f00000)
 ParOldGen       total 164352K, used 77426K [0x00000000a0000000, 0x00000000aa080000, 0x00000000e0000000)
  object space 164352K, 47% used [0x00000000a0000000,0x00000000a4b9cac8,0x00000000aa080000)
 Metaspace       used 99819K, capacity 104074K, committed 104216K, reserved 1140736K
  class space    used 12927K, capacity 13851K, committed 13864K, reserved 1048576K
Event: 542.179 GC heap after
Heap after GC invocations=21 (full 4):
 PSYoungGen      total 310272K, used 10766K [0x00000000e0000000, 0x00000000f6b00000, 0x0000000100000000)
  eden space 271360K, 0% used [0x00000000e0000000,0x00000000e0000000,0x00000000f0900000)
  from space 38912K, 27% used [0x00000000f0900000,0x00000000f1383928,0x00000000f2f00000)
  to   space 37376K, 0% used [0x00000000f4680000,0x00000000f4680000,0x00000000f6b00000)
 ParOldGen       total 164352K, used 77426K [0x00000000a0000000, 0x00000000aa080000, 0x00000000e0000000)
  object space 164352K, 47% used [0x00000000a0000000,0x00000000a4b9cac8,0x00000000aa080000)
 Metaspace       used 99819K, capacity 104074K, committed 104216K, reserved 1140736K
  class space    used 12927K, capacity 13851K, committed 13864K, reserved 1048576K
}

Deoptimization events (10 events):
Event: 545.860 Thread 0x000000001d6ef000 Uncommon trap: reason=class_check action=maybe_recompile pc=0x0000000004876960 method=com.google.common.collect.StandardTable.getOrCreate(Ljava/lang/Object;)Ljava/util/Map; @ 5
Event: 545.860 Thread 0x000000001d6ef000 Uncommon trap: reason=class_check action=maybe_recompile pc=0x0000000004876960 method=com.google.common.collect.StandardTable.getOrCreate(Ljava/lang/Object;)Ljava/util/Map; @ 5
Event: 545.861 Thread 0x000000001d6ef000 Uncommon trap: reason=class_check action=maybe_recompile pc=0x00000000048577c0 method=com.google.common.collect.StandardTable$Row.computeBackingRowMap()Ljava/util/Map; @ 11
Event: 545.861 Thread 0x000000001d6ef000 Uncommon trap: reason=class_check action=maybe_recompile pc=0x00000000048577c0 method=com.google.common.collect.StandardTable$Row.computeBackingRowMap()Ljava/util/Map; @ 11
Event: 545.861 Thread 0x000000001d6ef000 Uncommon trap: reason=class_check action=maybe_recompile pc=0x00000000048577c0 method=com.google.common.collect.StandardTable$Row.computeBackingRowMap()Ljava/util/Map; @ 11
Event: 545.861 Thread 0x000000001d6ef000 Uncommon trap: reason=class_check action=maybe_recompile pc=0x00000000048577c0 method=com.google.common.collect.StandardTable$Row.computeBackingRowMap()Ljava/util/Map; @ 11
Event: 546.332 Thread 0x000000001d6ef000 Uncommon trap: reason=unstable_if action=reinterpret pc=0x00000000036dba1c method=com.google.gson.stream.JsonReader.nextQuotedValue(C)Ljava/lang/String; @ 96
Event: 546.366 Thread 0x000000001d6ef000 Uncommon trap: reason=unstable_if action=reinterpret pc=0x000000000577a514 method=com.sun.org.apache.xerces.internal.dom.DeferredDocumentImpl.getNodeValueString(IZ)Ljava/lang/String; @ 73
Event: 546.433 Thread 0x000000001d6ef000 Uncommon trap: reason=null_check action=make_not_entrant pc=0x000000000435374c method=com.sun.org.apache.xerces.internal.dom.NamedNodeMapImpl.findNamePoint(Ljava/lang/String;Ljava/lang/String;)I @ 105
Event: 546.490 Thread 0x000000001d6f5000 Uncommon trap: reason=array_check action=maybe_recompile pc=0x0000000005717b68 method=java.util.TimSort.reverseRange([Ljava/lang/Object;II)V @ 27

Classes redefined (0 events):
No events

Internal exceptions (10 events):
Event: 541.559 Thread 0x000000001801f800 Exception <a 'java/lang/NoSuchMethodError': <clinit>> (0x00000000ef9f82c0) thrown at [D:\src\AOSP-openjdk-cygwin\jdk8u\hotspot\src\share\vm\prims\jni.cpp, line 1614]
Event: 541.571 Thread 0x000000001801f800 Exception <a 'java/lang/NoSuchMethodError': <clinit>> (0x00000000efa47140) thrown at [D:\src\AOSP-openjdk-cygwin\jdk8u\hotspot\src\share\vm\prims\jni.cpp, line 1614]
Event: 541.602 Thread 0x000000001801f800 Exception <a 'java/lang/NoSuchMethodError': <clinit>> (0x00000000efb65398) thrown at [D:\src\AOSP-openjdk-cygwin\jdk8u\hotspot\src\share\vm\prims\jni.cpp, line 1614]
Event: 541.602 Thread 0x000000001801f800 Exception <a 'java/lang/NoSuchMethodError': <clinit>> (0x00000000efb694d0) thrown at [D:\src\AOSP-openjdk-cygwin\jdk8u\hotspot\src\share\vm\prims\jni.cpp, line 1614]
Event: 541.603 Thread 0x000000001801f800 Exception <a 'java/lang/NoSuchMethodError': <clinit>> (0x00000000efb6ae58) thrown at [D:\src\AOSP-openjdk-cygwin\jdk8u\hotspot\src\share\vm\prims\jni.cpp, line 1614]
Event: 541.604 Thread 0x000000001801f800 Exception <a 'java/lang/NoSuchMethodError': <clinit>> (0x00000000efb6c358) thrown at [D:\src\AOSP-openjdk-cygwin\jdk8u\hotspot\src\share\vm\prims\jni.cpp, line 1614]
Event: 541.604 Thread 0x000000001801f800 Exception <a 'java/lang/NoSuchMethodError': <clinit>> (0x00000000efb6daa8) thrown at [D:\src\AOSP-openjdk-cygwin\jdk8u\hotspot\src\share\vm\prims\jni.cpp, line 1614]
Event: 541.604 Thread 0x000000001801f800 Exception <a 'java/lang/NoSuchMethodError': <clinit>> (0x00000000efb6f0a8) thrown at [D:\src\AOSP-openjdk-cygwin\jdk8u\hotspot\src\share\vm\prims\jni.cpp, line 1614]
Event: 541.604 Thread 0x000000001801f800 Exception <a 'java/lang/NoSuchMethodError': <clinit>> (0x00000000efb70548) thrown at [D:\src\AOSP-openjdk-cygwin\jdk8u\hotspot\src\share\vm\prims\jni.cpp, line 1614]
Event: 546.433 Thread 0x000000001d6ef000 Implicit null exception at 0x00000000043528b0 to 0x0000000004353729

Events (10 events):
Event: 546.761 Executing VM operation: RevokeBias
Event: 546.761 Executing VM operation: RevokeBias done
Event: 546.762 Executing VM operation: RevokeBias
Event: 546.762 Executing VM operation: RevokeBias done
Event: 546.762 Thread 0x0000000018473000 Thread exited: 0x0000000018473000
Event: 546.763 Executing VM operation: RevokeBias
Event: 546.763 Executing VM operation: RevokeBias done
Event: 546.764 Executing VM operation: RevokeBias
Event: 546.764 Executing VM operation: RevokeBias done
Event: 546.765 Thread 0x000000001846f000 Thread exited: 0x000000001846f000


Dynamic libraries:
0x00007ff784e90000 - 0x00007ff784ec1000 	C:\Program Files\Android\Android Studio1\jre\bin\java.exe
0x00007ffa1ace0000 - 0x00007ffa1aecd000 	C:\Windows\SYSTEM32\ntdll.dll
0x00007ffa18910000 - 0x00007ffa189c3000 	C:\Windows\System32\KERNEL32.DLL
0x00007ffa17c90000 - 0x00007ffa17f23000 	C:\Windows\System32\KERNELBASE.dll
0x00007ffa187f0000 - 0x00007ffa18893000 	C:\Windows\System32\ADVAPI32.dll
0x00007ffa1a320000 - 0x00007ffa1a3be000 	C:\Windows\System32\msvcrt.dll
0x00007ffa186f0000 - 0x00007ffa1878e000 	C:\Windows\System32\sechost.dll
0x00007ffa183b0000 - 0x00007ffa184d2000 	C:\Windows\System32\RPCRT4.dll
0x00007ffa1a4a0000 - 0x00007ffa1a637000 	C:\Windows\System32\USER32.dll
0x00007ffa16f80000 - 0x00007ffa16fa0000 	C:\Windows\System32\win32u.dll
0x00007ffa1acb0000 - 0x00007ffa1acd9000 	C:\Windows\System32\GDI32.dll
0x00007ffa178c0000 - 0x00007ffa17a59000 	C:\Windows\System32\gdi32full.dll
0x00007ffa16e80000 - 0x00007ffa16f20000 	C:\Windows\System32\msvcp_win.dll
0x00007ffa177c0000 - 0x00007ffa178ba000 	C:\Windows\System32\ucrtbase.dll
0x00007ffa0b1d0000 - 0x00007ffa0b449000 	C:\Windows\WinSxS\amd64_microsoft.windows.common-controls_6595b64144ccf1df_6.0.17763.1098_none_de762ed45346ee8a\COMCTL32.dll
0x00007ffa1a7d0000 - 0x00007ffa1aafc000 	C:\Windows\System32\combase.dll
0x00007ffa17740000 - 0x00007ffa177be000 	C:\Windows\System32\bcryptPrimitives.dll
0x00007ffa18aa0000 - 0x00007ffa18ace000 	C:\Windows\System32\IMM32.DLL
0x0000000059930000 - 0x0000000059a02000 	C:\Program Files\Android\Android Studio1\jre\jre\bin\msvcr100.dll
0x0000000058c40000 - 0x0000000059486000 	C:\Program Files\Android\Android Studio1\jre\jre\bin\server\jvm.dll
0x00007ffa188a0000 - 0x00007ffa188a8000 	C:\Windows\System32\PSAPI.DLL
0x00007ff9fdf00000 - 0x00007ff9fdf09000 	C:\Windows\SYSTEM32\WSOCK32.dll
0x00007ffa18ae0000 - 0x00007ffa18b4d000 	C:\Windows\System32\WS2_32.dll
0x00007ffa14e80000 - 0x00007ffa14ea4000 	C:\Windows\SYSTEM32\WINMM.dll
0x00007ffa078d0000 - 0x00007ffa078da000 	C:\Windows\SYSTEM32\VERSION.dll
0x00007ffa14e50000 - 0x00007ffa14e7d000 	C:\Windows\SYSTEM32\WINMMBASE.dll
0x00007ffa176f0000 - 0x00007ffa1773a000 	C:\Windows\System32\cfgmgr32.dll
0x00007ffa14ef0000 - 0x00007ffa14eff000 	C:\Program Files\Android\Android Studio1\jre\jre\bin\verify.dll
0x00007ffa103c0000 - 0x00007ffa103e9000 	C:\Program Files\Android\Android Studio1\jre\jre\bin\java.dll
0x00007ffa13600000 - 0x00007ffa13616000 	C:\Program Files\Android\Android Studio1\jre\jre\bin\zip.dll
0x00007ffa18e20000 - 0x00007ffa1a314000 	C:\Windows\System32\SHELL32.dll
0x00007ffa1a660000 - 0x00007ffa1a708000 	C:\Windows\System32\shcore.dll
0x00007ffa16fa0000 - 0x00007ffa176ed000 	C:\Windows\System32\windows.storage.dll
0x00007ffa16d80000 - 0x00007ffa16da4000 	C:\Windows\System32\profapi.dll
0x00007ffa16d20000 - 0x00007ffa16d7d000 	C:\Windows\System32\powrprof.dll
0x00007ffa1a3c0000 - 0x00007ffa1a412000 	C:\Windows\System32\shlwapi.dll
0x00007ffa16db0000 - 0x00007ffa16dc1000 	C:\Windows\System32\kernel.appcore.dll
0x00007ffa17c70000 - 0x00007ffa17c87000 	C:\Windows\System32\cryptsp.dll
0x00007ffa135c0000 - 0x00007ffa135da000 	C:\Program Files\Android\Android Studio1\jre\jre\bin\net.dll
0x00007ffa0c7a0000 - 0x00007ffa0c977000 	C:\Windows\SYSTEM32\urlmon.dll
0x00007ffa0cbd0000 - 0x00007ffa0ce78000 	C:\Windows\SYSTEM32\iertutil.dll
0x00007ffa166e0000 - 0x00007ffa166ec000 	C:\Windows\SYSTEM32\CRYPTBASE.DLL
0x00007ffa16510000 - 0x00007ffa16577000 	C:\Windows\system32\mswsock.dll
0x00007ffa134b0000 - 0x00007ffa134c3000 	C:\Program Files\Android\Android Studio1\jre\jre\bin\nio.dll
0x00007ffa0fab0000 - 0x00007ffa0fad6000 	C:\Users\deCrypt3d\.gradle\native\30\windows-amd64\native-platform.dll
0x00007ffa10c50000 - 0x00007ffa10c5d000 	C:\Program Files\Android\Android Studio1\jre\jre\bin\management.dll
0x00007ffa16090000 - 0x00007ffa160c3000 	C:\Windows\system32\rsaenh.dll
0x00007ffa17a60000 - 0x00007ffa17a86000 	C:\Windows\System32\bcrypt.dll
0x00007ffa16c30000 - 0x00007ffa16c58000 	C:\Windows\SYSTEM32\USERENV.dll
0x00007ffa16230000 - 0x00007ffa1626d000 	C:\Windows\SYSTEM32\IPHLPAPI.DLL
0x00007ffa18ad0000 - 0x00007ffa18ad8000 	C:\Windows\System32\NSI.dll
0x00007ffa0ed60000 - 0x00007ffa0ed76000 	C:\Windows\SYSTEM32\dhcpcsvc6.DLL
0x00007ffa0ec50000 - 0x00007ffa0ec6c000 	C:\Windows\SYSTEM32\dhcpcsvc.DLL
0x00007ffa16270000 - 0x00007ffa16336000 	C:\Windows\SYSTEM32\DNSAPI.dll
0x00007ffa08e50000 - 0x00007ffa08fec000 	C:\Program Files\Android\Android Studio1\jre\jre\bin\awt.dll
0x00007ffa189d0000 - 0x00007ffa18a94000 	C:\Windows\System32\OLEAUT32.dll
0x00007ffa15600000 - 0x00007ffa1562e000 	C:\Windows\SYSTEM32\dwmapi.dll
0x00007ffa17a90000 - 0x00007ffa17c6c000 	C:\Windows\System32\CRYPT32.dll
0x00007ffa16d00000 - 0x00007ffa16d12000 	C:\Windows\System32\MSASN1.dll
0x00007ffa13dc0000 - 0x00007ffa1437e000 	C:\Windows\SYSTEM32\d2d1.dll
0x00007ffa14f80000 - 0x00007ffa1500c000 	C:\Windows\SYSTEM32\apphelp.dll
0x00007ffa152b0000 - 0x00007ffa1534c000 	C:\Windows\system32\uxtheme.dll

VM Arguments:
jvm_args: -Xmx1536m -Dfile.encoding=windows-1252 -Duser.country=ID -Duser.language=en -Duser.variant 
java_command: org.gradle.launcher.daemon.bootstrap.GradleDaemon 5.6.4
java_class_path (initial): C:\Users\deCrypt3d\.gradle\wrapper\dists\gradle-5.6.4-all\ankdp27end7byghfw1q2sw75f\gradle-5.6.4\lib\gradle-launcher-5.6.4.jar
Launcher Type: SUN_STANDARD

Environment Variables:
PATH=C:\ProgramData\Oracle\Java\javapath;C:\Program Files (x86)\Common Files\Intel\Shared Files\cpp\bin\Intel64;C:\Windows\system32;C:\Windows;C:\Windows\System32\Wbem;C:\Windows\System32\WindowsPowerShell\v1.0\;C:\xampp\php;C:\ProgramData\ComposerSetup\bin;C:\Program Files\PuTTY\;C:\Program Files\nodejs\;%JAVA_HOME%\bin;C:\SDK\gradle-6.3\bin;C:\Users\deCrypt3d\AppData\Local\Microsoft\WindowsApps;C:\Users\deCrypt3d\AppData\Roaming\Composer\vendor\bin;C:\Users\deCrypt3d\AppData\Roaming\npm;
USERNAME=deCrypt3d
OS=Windows_NT
PROCESSOR_IDENTIFIER=Intel64 Family 6 Model 58 Stepping 9, GenuineIntel



---------------  S Y S T E M  ---------------

OS: Windows 10.0 , 64 bit Build 17763 (10.0.17763.475)

CPU:total 2 (initial active 2) (2 cores per cpu, 1 threads per core) family 6 model 58 stepping 9, cmov, cx8, fxsr, mmx, sse, sse2, sse3, ssse3, sse4.1, sse4.2, popcnt, clmul, erms, tsc, tscinvbit, tscinv

Memory: 4k page, physical 3880804k(435472k free), swap 3880804k(5244k free)

vm_info: OpenJDK 64-Bit Server VM (25.212-b04) for windows-amd64 JRE (1.8.0_212-release-1586-b04), built by "builder" with MS VC++ 10.0 (VS2010)

time: Tue Jun 23 18:52:13 2020
timezone: SE Asia Standard Time
elapsed time: 546 seconds (0d 0h 9m 6s)

