#
# There is insufficient memory for the Java Runtime Environment to continue.
# Native memory allocation (malloc) failed to allocate 2065072 bytes for Chunk::new
# Possible reasons:
#   The system is out of physical RAM or swap space
#   The process is running with CompressedOops enabled, and the Java Heap may be blocking the growth of the native heap
# Possible solutions:
#   Reduce memory load on the system
#   Increase physical memory or swap space
#   Check if swap backing store is full
#   Decrease Java heap size (-Xmx/-Xms)
#   Decrease number of Java threads
#   Decrease Java thread stack sizes (-Xss)
#   Set larger code cache with -XX:ReservedCodeCacheSize=
#   JVM is running with Unscaled Compressed Oops mode in which the Java heap is
#     placed in the first 4GB address space. The Java Heap base address is the
#     maximum limit for the native heap growth. Please use -XX:HeapBaseMinAddress
#     to set the Java Heap base and to place the Java Heap above 4GB virtual address.
# This output file may be truncated or incomplete.
#
#  Out of Memory Error (allocation.cpp:389), pid=3456, tid=0x0000000000002784
#
# JRE version: OpenJDK Runtime Environment (8.0_212-b04) (build 1.8.0_212-release-1586-b04)
# Java VM: OpenJDK 64-Bit Server VM (25.212-b04 mixed mode windows-amd64 compressed oops)
# Failed to write core dump. Minidumps are not enabled by default on client versions of Windows
#

---------------  T H R E A D  ---------------

Current thread (0x00000000163de000):  JavaThread "C2 CompilerThread0" daemon [_thread_in_native, id=10116, stack(0x0000000017410000,0x0000000017510000)]

Stack: [0x0000000017410000,0x0000000017510000]
[error occurred during error reporting (printing stack bounds), id 0xc0000005]

Native frames: (J=compiled Java code, j=interpreted, Vv=VM code, C=native code)


Current CompileTask:
C2:   7816 1935       4       java.net.URLClassLoader$1::run (5 bytes)


---------------  P R O C E S S  ---------------

Java Threads: ( => current thread )
  0x0000000019660000 JavaThread "Cache worker for file hash cache (D:\Project Android\PajakAir\.gradle\5.6.4\fileHashes)" [_thread_blocked, id=6440, stack(0x000000001cd00000,0x000000001ce00000)]
  0x000000001965f000 JavaThread "Cache worker for journal cache (C:\Users\deCrypt3d\.gradle\caches\journal-1)" [_thread_blocked, id=10164, stack(0x000000001b830000,0x000000001b930000)]
  0x0000000019660800 JavaThread "File lock request listener" [_thread_in_native, id=3644, stack(0x000000001b730000,0x000000001b830000)]
  0x000000001965c800 JavaThread "Cache worker for file hash cache (C:\Users\deCrypt3d\.gradle\caches\5.6.4\fileHashes)" [_thread_blocked, id=3612, stack(0x000000001b630000,0x000000001b730000)]
  0x000000001957c800 JavaThread "Thread-9" [_thread_blocked, id=2320, stack(0x000000001b530000,0x000000001b630000)]
  0x0000000017bd8800 JavaThread "Stdin handler" [_thread_blocked, id=8408, stack(0x000000001b430000,0x000000001b530000)]
  0x0000000017bd8000 JavaThread "Asynchronous log dispatcher for DefaultDaemonConnection: socket connection from /127.0.0.1:53018 to /127.0.0.1:53019" [_thread_blocked, id=3760, stack(0x000000001b330000,0x000000001b430000)]
  0x0000000017bd5800 JavaThread "Daemon worker" [_thread_in_vm, id=8172, stack(0x000000001b230000,0x000000001b330000)]
  0x0000000017bd3800 JavaThread "Cancel handler" [_thread_blocked, id=1188, stack(0x000000001b130000,0x000000001b230000)]
  0x0000000019542800 JavaThread "Handler for socket connection from /127.0.0.1:53018 to /127.0.0.1:53019" [_thread_in_native, id=7720, stack(0x000000001ae30000,0x000000001af30000)]
  0x0000000019555800 JavaThread "Daemon" [_thread_blocked, id=9324, stack(0x000000001ad30000,0x000000001ae30000)]
  0x000000001955c800 JavaThread "Daemon periodic checks" [_thread_blocked, id=8828, stack(0x000000001ac30000,0x000000001ad30000)]
  0x00000000194e8800 JavaThread "Incoming local TCP Connector on port 53018" [_thread_in_native, id=412, stack(0x000000001a9f0000,0x000000001aaf0000)]
  0x0000000019448800 JavaThread "Daemon health stats" [_thread_blocked, id=8632, stack(0x000000001a3b0000,0x000000001a4b0000)]
  0x0000000016451800 JavaThread "Service Thread" daemon [_thread_blocked, id=6016, stack(0x0000000017610000,0x0000000017710000)]
  0x00000000163e1000 JavaThread "C1 CompilerThread1" daemon [_thread_blocked, id=732, stack(0x0000000017510000,0x0000000017610000)]
=>0x00000000163de000 JavaThread "C2 CompilerThread0" daemon [_thread_in_native, id=10116, stack(0x0000000017410000,0x0000000017510000)]
  0x00000000163dc800 JavaThread "Attach Listener" daemon [_thread_blocked, id=9432, stack(0x0000000017310000,0x0000000017410000)]
  0x0000000002cae800 JavaThread "Signal Dispatcher" daemon [_thread_blocked, id=1500, stack(0x0000000017210000,0x0000000017310000)]
  0x0000000002ca0800 JavaThread "Finalizer" daemon [_thread_blocked, id=9092, stack(0x0000000017010000,0x0000000017110000)]
  0x00000000163c7000 JavaThread "Reference Handler" daemon [_thread_blocked, id=8816, stack(0x0000000016f10000,0x0000000017010000)]
  0x000000000290e000 JavaThread "main" [_thread_blocked, id=9440, stack(0x0000000002ab0000,0x0000000002bb0000)]

Other Threads:
  0x00000000163a4800 VMThread [stack: 0x0000000016e10000,0x0000000016f10000] [id=9812]
  0x0000000016474800 WatcherThread [stack: 0x0000000017710000,0x0000000017810000] [id=5488]

VM state:not at safepoint (normal execution)

VM Mutex/Monitor currently owned by a thread: None

heap address: 0x00000000a0000000, size: 1536 MB, Compressed Oops mode: 32-bit
Narrow klass base: 0x0000000000000000, Narrow klass shift: 3
Compressed class space size: 1073741824 Address: 0x0000000100000000

Heap:
 PSYoungGen      total 128512K, used 43532K [0x00000000e0000000, 0x00000000e8700000, 0x0000000100000000)
  eden space 119808K, 36% used [0x00000000e0000000,0x00000000e2a83070,0x00000000e7500000)
  from space 8704K, 0% used [0x00000000e7e80000,0x00000000e7e80000,0x00000000e8700000)
  to   space 9216K, 0% used [0x00000000e7500000,0x00000000e7500000,0x00000000e7e00000)
 ParOldGen       total 31744K, used 7913K [0x00000000a0000000, 0x00000000a1f00000, 0x00000000e0000000)
  object space 31744K, 24% used [0x00000000a0000000,0x00000000a07ba5d0,0x00000000a1f00000)
 Metaspace       used 26666K, capacity 27064K, committed 27392K, reserved 1073152K
  class space    used 3594K, capacity 3747K, committed 3840K, reserved 1048576K

Card table byte_map: [0x0000000012070000,0x0000000012380000] byte_map_base: 0x0000000011b70000

Marking Bits: (ParMarkBitMap*) 0x0000000059409f30
 Begin Bits: [0x0000000012780000, 0x0000000013f80000)
 End Bits:   [0x0000000013f80000, 0x0000000015780000)

Polling page: 0x0000000002a30000

CodeCache: size=245760Kb used=8280Kb max_used=8280Kb free=237479Kb
 bounds [0x0000000002cb0000, 0x00000000034d0000, 0x0000000011cb0000]
 total_blobs=2778 nmethods=2114 adapters=578
 compilation: enabled

Compilation events (10 events):
Event: 7.734 Thread 0x00000000163e1000 2117       1       sun.reflect.generics.reflectiveObjects.TypeVariableImpl::getName (5 bytes)
Event: 7.734 Thread 0x00000000163e1000 nmethod 2117 0x00000000034c43d0 code [0x00000000034c4520, 0x00000000034c4630]
Event: 7.800 Thread 0x00000000163e1000 2118       1       java.util.Collections$EmptyIterator::hasNext (2 bytes)
Event: 7.800 Thread 0x00000000163e1000 nmethod 2118 0x00000000034c4690 code [0x00000000034c47e0, 0x00000000034c48f0]
Event: 7.800 Thread 0x00000000163e1000 2119       2       java.util.HashMap::getNode (148 bytes)
Event: 7.801 Thread 0x00000000163e1000 nmethod 2119 0x00000000034c4950 code [0x00000000034c4ae0, 0x00000000034c4ea8]
Event: 7.803 Thread 0x00000000163e1000 2120       2       java.util.concurrent.ConcurrentLinkedQueue::add (6 bytes)
Event: 7.803 Thread 0x00000000163e1000 nmethod 2120 0x00000000034c5110 code [0x00000000034c5280, 0x00000000034c53e8]
Event: 7.803 Thread 0x00000000163e1000 2121   !   2       org.gradle.internal.service.DefaultServiceRegistry$FactoryService::bind (325 bytes)
Event: 7.807 Thread 0x00000000163e1000 nmethod 2121 0x00000000034c5490 code [0x00000000034c5920, 0x00000000034c7518]

GC Heap History (10 events):
Event: 4.098 GC heap before
{Heap before GC invocations=5 (full 0):
 PSYoungGen      total 33280K, used 33264K [0x00000000e0000000, 0x00000000e2300000, 0x0000000100000000)
  eden space 30720K, 100% used [0x00000000e0000000,0x00000000e1e00000,0x00000000e1e00000)
  from space 2560K, 99% used [0x00000000e2080000,0x00000000e22fc030,0x00000000e2300000)
  to   space 2560K, 0% used [0x00000000e1e00000,0x00000000e1e00000,0x00000000e2080000)
 ParOldGen       total 40960K, used 1245K [0x00000000a0000000, 0x00000000a2800000, 0x00000000e0000000)
  object space 40960K, 3% used [0x00000000a0000000,0x00000000a01374c0,0x00000000a2800000)
 Metaspace       used 11824K, capacity 12126K, committed 12416K, reserved 1060864K
  class space    used 1551K, capacity 1645K, committed 1664K, reserved 1048576K
Event: 4.112 GC heap after
Heap after GC invocations=5 (full 0):
 PSYoungGen      total 33280K, used 2544K [0x00000000e0000000, 0x00000000e4700000, 0x0000000100000000)
  eden space 30720K, 0% used [0x00000000e0000000,0x00000000e0000000,0x00000000e1e00000)
  from space 2560K, 99% used [0x00000000e1e00000,0x00000000e207c030,0x00000000e2080000)
  to   space 5632K, 0% used [0x00000000e4180000,0x00000000e4180000,0x00000000e4700000)
 ParOldGen       total 40960K, used 4519K [0x00000000a0000000, 0x00000000a2800000, 0x00000000e0000000)
  object space 40960K, 11% used [0x00000000a0000000,0x00000000a0469f98,0x00000000a2800000)
 Metaspace       used 11824K, capacity 12126K, committed 12416K, reserved 1060864K
  class space    used 1551K, capacity 1645K, committed 1664K, reserved 1048576K
}
Event: 4.748 GC heap before
{Heap before GC invocations=6 (full 0):
 PSYoungGen      total 33280K, used 33264K [0x00000000e0000000, 0x00000000e4700000, 0x0000000100000000)
  eden space 30720K, 100% used [0x00000000e0000000,0x00000000e1e00000,0x00000000e1e00000)
  from space 2560K, 99% used [0x00000000e1e00000,0x00000000e207c030,0x00000000e2080000)
  to   space 5632K, 0% used [0x00000000e4180000,0x00000000e4180000,0x00000000e4700000)
 ParOldGen       total 40960K, used 4519K [0x00000000a0000000, 0x00000000a2800000, 0x00000000e0000000)
  object space 40960K, 11% used [0x00000000a0000000,0x00000000a0469f98,0x00000000a2800000)
 Metaspace       used 14352K, capacity 14686K, committed 14976K, reserved 1062912K
  class space    used 1980K, capacity 2117K, committed 2176K, reserved 1048576K
Event: 4.762 GC heap after
Heap after GC invocations=6 (full 0):
 PSYoungGen      total 65536K, used 5628K [0x00000000e0000000, 0x00000000e4a00000, 0x0000000100000000)
  eden space 59904K, 0% used [0x00000000e0000000,0x00000000e0000000,0x00000000e3a80000)
  from space 5632K, 99% used [0x00000000e4180000,0x00000000e46ff380,0x00000000e4700000)
  to   space 7168K, 0% used [0x00000000e3a80000,0x00000000e3a80000,0x00000000e4180000)
 ParOldGen       total 40960K, used 4934K [0x00000000a0000000, 0x00000000a2800000, 0x00000000e0000000)
  object space 40960K, 12% used [0x00000000a0000000,0x00000000a04d1860,0x00000000a2800000)
 Metaspace       used 14352K, capacity 14686K, committed 14976K, reserved 1062912K
  class space    used 1980K, capacity 2117K, committed 2176K, reserved 1048576K
}
Event: 6.153 GC heap before
{Heap before GC invocations=7 (full 0):
 PSYoungGen      total 65536K, used 65532K [0x00000000e0000000, 0x00000000e4a00000, 0x0000000100000000)
  eden space 59904K, 100% used [0x00000000e0000000,0x00000000e3a80000,0x00000000e3a80000)
  from space 5632K, 99% used [0x00000000e4180000,0x00000000e46ff380,0x00000000e4700000)
  to   space 7168K, 0% used [0x00000000e3a80000,0x00000000e3a80000,0x00000000e4180000)
 ParOldGen       total 40960K, used 4934K [0x00000000a0000000, 0x00000000a2800000, 0x00000000e0000000)
  object space 40960K, 12% used [0x00000000a0000000,0x00000000a04d1860,0x00000000a2800000)
 Metaspace       used 19250K, capacity 19712K, committed 19840K, reserved 1067008K
  class space    used 2782K, capacity 2942K, committed 2944K, reserved 1048576K
Event: 6.174 GC heap after
Heap after GC invocations=7 (full 0):
 PSYoungGen      total 67072K, used 7157K [0x00000000e0000000, 0x00000000e8800000, 0x0000000100000000)
  eden space 59904K, 0% used [0x00000000e0000000,0x00000000e0000000,0x00000000e3a80000)
  from space 7168K, 99% used [0x00000000e3a80000,0x00000000e417d6f8,0x00000000e4180000)
  to   space 9728K, 0% used [0x00000000e7e80000,0x00000000e7e80000,0x00000000e8800000)
 ParOldGen       total 40960K, used 7429K [0x00000000a0000000, 0x00000000a2800000, 0x00000000e0000000)
  object space 40960K, 18% used [0x00000000a0000000,0x00000000a0741488,0x00000000a2800000)
 Metaspace       used 19250K, capacity 19712K, committed 19840K, reserved 1067008K
  class space    used 2782K, capacity 2942K, committed 2944K, reserved 1048576K
}
Event: 6.436 GC heap before
{Heap before GC invocations=8 (full 0):
 PSYoungGen      total 67072K, used 15873K [0x00000000e0000000, 0x00000000e8800000, 0x0000000100000000)
  eden space 59904K, 14% used [0x00000000e0000000,0x00000000e0882e58,0x00000000e3a80000)
  from space 7168K, 99% used [0x00000000e3a80000,0x00000000e417d6f8,0x00000000e4180000)
  to   space 9728K, 0% used [0x00000000e7e80000,0x00000000e7e80000,0x00000000e8800000)
 ParOldGen       total 40960K, used 7429K [0x00000000a0000000, 0x00000000a2800000, 0x00000000e0000000)
  object space 40960K, 18% used [0x00000000a0000000,0x00000000a0741488,0x00000000a2800000)
 Metaspace       used 20729K, capacity 21120K, committed 21248K, reserved 1067008K
  class space    used 2930K, capacity 3070K, committed 3072K, reserved 1048576K
Event: 6.465 GC heap after
Heap after GC invocations=8 (full 0):
 PSYoungGen      total 128512K, used 4923K [0x00000000e0000000, 0x00000000e8700000, 0x0000000100000000)
  eden space 119808K, 0% used [0x00000000e0000000,0x00000000e0000000,0x00000000e7500000)
  from space 8704K, 56% used [0x00000000e7e80000,0x00000000e834ee00,0x00000000e8700000)
  to   space 9216K, 0% used [0x00000000e7500000,0x00000000e7500000,0x00000000e7e00000)
 ParOldGen       total 40960K, used 8085K [0x00000000a0000000, 0x00000000a2800000, 0x00000000e0000000)
  object space 40960K, 19% used [0x00000000a0000000,0x00000000a07e5488,0x00000000a2800000)
 Metaspace       used 20729K, capacity 21120K, committed 21248K, reserved 1067008K
  class space    used 2930K, capacity 3070K, committed 3072K, reserved 1048576K
}
Event: 6.465 GC heap before
{Heap before GC invocations=9 (full 1):
 PSYoungGen      total 128512K, used 4923K [0x00000000e0000000, 0x00000000e8700000, 0x0000000100000000)
  eden space 119808K, 0% used [0x00000000e0000000,0x00000000e0000000,0x00000000e7500000)
  from space 8704K, 56% used [0x00000000e7e80000,0x00000000e834ee00,0x00000000e8700000)
  to   space 9216K, 0% used [0x00000000e7500000,0x00000000e7500000,0x00000000e7e00000)
 ParOldGen       total 40960K, used 8085K [0x00000000a0000000, 0x00000000a2800000, 0x00000000e0000000)
  object space 40960K, 19% used [0x00000000a0000000,0x00000000a07e5488,0x00000000a2800000)
 Metaspace       used 20729K, capacity 21120K, committed 21248K, reserved 1067008K
  class space    used 2930K, capacity 3070K, committed 3072K, reserved 1048576K
Event: 6.576 GC heap after
Heap after GC invocations=9 (full 1):
 PSYoungGen      total 128512K, used 0K [0x00000000e0000000, 0x00000000e8700000, 0x0000000100000000)
  eden space 119808K, 0% used [0x00000000e0000000,0x00000000e0000000,0x00000000e7500000)
  from space 8704K, 0% used [0x00000000e7e80000,0x00000000e7e80000,0x00000000e8700000)
  to   space 9216K, 0% used [0x00000000e7500000,0x00000000e7500000,0x00000000e7e00000)
 ParOldGen       total 31744K, used 7913K [0x00000000a0000000, 0x00000000a1f00000, 0x00000000e0000000)
  object space 31744K, 24% used [0x00000000a0000000,0x00000000a07ba5d0,0x00000000a1f00000)
 Metaspace       used 20729K, capacity 21120K, committed 21248K, reserved 1067008K
  class space    used 2930K, capacity 3070K, committed 3072K, reserved 1048576K
}

Deoptimization events (10 events):
Event: 5.681 Thread 0x0000000017bd5800 Uncommon trap: reason=unstable_if action=reinterpret pc=0x0000000002e29a48 method=java.net.URI.match(CJJ)Z @ 19
Event: 5.792 Thread 0x0000000017bd5800 Uncommon trap: reason=unstable_if action=reinterpret pc=0x0000000002f8d478 method=java.io.File.getName()Ljava/lang/String; @ 16
Event: 6.985 Thread 0x0000000017bd5800 Uncommon trap: reason=class_check action=maybe_recompile pc=0x00000000032cc0f4 method=sun.misc.URLClassPath.getLoader(I)Lsun/misc/URLClassPath$Loader; @ 94
Event: 6.985 Thread 0x0000000017bd5800 Uncommon trap: reason=class_check action=maybe_recompile pc=0x000000000326a30c method=sun.misc.URLClassPath.getResource(Ljava/lang/String;Z)Lsun/misc/Resource; @ 62
Event: 6.988 Thread 0x0000000017bd5800 Uncommon trap: reason=unstable_if action=reinterpret pc=0x0000000003197900 method=java.lang.ClassLoader.getClassLoadingLock(Ljava/lang/String;)Ljava/lang/Object; @ 6
Event: 7.054 Thread 0x0000000017bd5800 Uncommon trap: reason=class_check action=maybe_recompile pc=0x00000000032cc57c method=sun.misc.URLClassPath.getLoader(I)Lsun/misc/URLClassPath$Loader; @ 239
Event: 7.094 Thread 0x0000000017bd5800 Uncommon trap: reason=class_check action=maybe_recompile pc=0x00000000032cc57c method=sun.misc.URLClassPath.getLoader(I)Lsun/misc/URLClassPath$Loader; @ 239
Event: 7.638 Thread 0x0000000017bd5800 Uncommon trap: reason=unstable_if action=reinterpret pc=0x000000000318c6e0 method=java.util.HashMap.hash(Ljava/lang/Object;)I @ 1
Event: 7.799 Thread 0x0000000017bd5800 Uncommon trap: reason=unstable_if action=reinterpret pc=0x0000000002f7e234 method=java.util.HashMap.getNode(ILjava/lang/Object;)Ljava/util/HashMap$Node; @ 53
Event: 7.799 Thread 0x0000000017bd5800 Uncommon trap: reason=unstable_if action=reinterpret pc=0x0000000002ee4af0 method=java.util.HashMap.hash(Ljava/lang/Object;)I @ 1

Classes redefined (0 events):
No events

Internal exceptions (10 events):
Event: 7.160 Thread 0x0000000017bd5800 Exception <a 'java/lang/ClassNotFoundException': org/gradle/initialization/DefaultSettings_DecoratedBeanInfo> (0x00000000e1089d28) thrown at [D:\src\AOSP-openjdk-cygwin\jdk8u\hotspot\src\share\vm\classfile\systemDictionary.cpp, line 210]
Event: 7.163 Thread 0x0000000017bd5800 Exception <a 'java/lang/ClassNotFoundException': org/gradle/initialization/DefaultSettingsBeanInfo> (0x00000000e10b97c0) thrown at [D:\src\AOSP-openjdk-cygwin\jdk8u\hotspot\src\share\vm\classfile\systemDictionary.cpp, line 210]
Event: 7.164 Thread 0x0000000017bd5800 Exception <a 'java/lang/ClassNotFoundException': org/gradle/api/internal/project/AbstractPluginAwareBeanInfo> (0x00000000e10ef788) thrown at [D:\src\AOSP-openjdk-cygwin\jdk8u\hotspot\src\share\vm\classfile\systemDictionary.cpp, line 210]
Event: 7.166 Thread 0x0000000017bd5800 Exception <a 'java/lang/ClassNotFoundException': org/gradle/api/internal/project/AbstractPluginAwareCustomizer> (0x00000000e1126508) thrown at [D:\src\AOSP-openjdk-cygwin\jdk8u\hotspot\src\share\vm\classfile\systemDictionary.cpp, line 210]
Event: 7.174 Thread 0x0000000017bd5800 Exception <a 'java/lang/ClassNotFoundException': org/gradle/initialization/DefaultSettingsCustomizer> (0x00000000e115fe98) thrown at [D:\src\AOSP-openjdk-cygwin\jdk8u\hotspot\src\share\vm\classfile\systemDictionary.cpp, line 210]
Event: 7.193 Thread 0x0000000017bd5800 Exception <a 'java/lang/ClassNotFoundException': org/gradle/initialization/DefaultSettings_DecoratedCustomizer> (0x00000000e11cf798) thrown at [D:\src\AOSP-openjdk-cygwin\jdk8u\hotspot\src\share\vm\classfile\systemDictionary.cpp, line 210]
Event: 7.237 Thread 0x0000000017bd5800 Exception <a 'java/lang/ClassNotFoundException': org/gradle/initialization/DefaultProjectDescriptorBeanInfo> (0x00000000e12a1be0) thrown at [D:\src\AOSP-openjdk-cygwin\jdk8u\hotspot\src\share\vm\classfile\systemDictionary.cpp, line 210]
Event: 7.238 Thread 0x0000000017bd5800 Exception <a 'java/lang/ClassNotFoundException': org/gradle/initialization/DefaultProjectDescriptorCustomizer> (0x00000000e12d6070) thrown at [D:\src\AOSP-openjdk-cygwin\jdk8u\hotspot\src\share\vm\classfile\systemDictionary.cpp, line 210]
Event: 7.638 Thread 0x0000000017bd5800 Implicit null exception at 0x000000000318c4d5 to 0x000000000318c6d1
Event: 7.799 Thread 0x0000000017bd5800 Implicit null exception at 0x0000000002ee4a58 to 0x0000000002ee4ae6

Events (10 events):
Event: 7.809 loading class org/gradle/api/internal/tasks/properties/annotations/AbstractOutputPropertyAnnotationHandler
Event: 7.809 loading class org/gradle/api/internal/tasks/properties/annotations/AbstractOutputPropertyAnnotationHandler done
Event: 7.810 loading class org/gradle/api/tasks/options/OptionValues
Event: 7.810 loading class org/gradle/api/tasks/options/OptionValues done
Event: 7.810 loading class org/gradle/api/internal/tasks/properties/annotations/OutputDirectoriesPropertyAnnotationHandler
Event: 7.810 loading class org/gradle/api/internal/tasks/properties/annotations/OutputDirectoriesPropertyAnnotationHandler done
Event: 7.811 loading class org/gradle/api/internal/tasks/properties/annotations/InputDirectoryPropertyAnnotationHandler
Event: 7.811 loading class org/gradle/api/internal/tasks/properties/annotations/InputDirectoryPropertyAnnotationHandler done
Event: 7.811 loading class org/gradle/api/internal/tasks/properties/annotations/NestedBeanAnnotationHandler
Event: 7.811 loading class org/gradle/api/internal/tasks/properties/annotations/NestedBeanAnnotationHandler done


Dynamic libraries:
0x00007ff784e90000 - 0x00007ff784ec1000 	C:\Program Files\Android\Android Studio1\jre\bin\java.exe
0x00007ffa1ace0000 - 0x00007ffa1aecd000 	C:\Windows\SYSTEM32\ntdll.dll
0x00007ffa18910000 - 0x00007ffa189c3000 	C:\Windows\System32\KERNEL32.DLL
0x00007ffa17c90000 - 0x00007ffa17f23000 	C:\Windows\System32\KERNELBASE.dll
0x00007ffa187f0000 - 0x00007ffa18893000 	C:\Windows\System32\ADVAPI32.dll
0x00007ffa1a320000 - 0x00007ffa1a3be000 	C:\Windows\System32\msvcrt.dll
0x00007ffa186f0000 - 0x00007ffa1878e000 	C:\Windows\System32\sechost.dll
0x00007ffa183b0000 - 0x00007ffa184d2000 	C:\Windows\System32\RPCRT4.dll
0x00007ffa1a4a0000 - 0x00007ffa1a637000 	C:\Windows\System32\USER32.dll
0x00007ffa16f80000 - 0x00007ffa16fa0000 	C:\Windows\System32\win32u.dll
0x00007ffa1acb0000 - 0x00007ffa1acd9000 	C:\Windows\System32\GDI32.dll
0x00007ffa178c0000 - 0x00007ffa17a59000 	C:\Windows\System32\gdi32full.dll
0x00007ffa16e80000 - 0x00007ffa16f20000 	C:\Windows\System32\msvcp_win.dll
0x00007ffa177c0000 - 0x00007ffa178ba000 	C:\Windows\System32\ucrtbase.dll
0x00007ffa0b1d0000 - 0x00007ffa0b449000 	C:\Windows\WinSxS\amd64_microsoft.windows.common-controls_6595b64144ccf1df_6.0.17763.1098_none_de762ed45346ee8a\COMCTL32.dll
0x00007ffa1a7d0000 - 0x00007ffa1aafc000 	C:\Windows\System32\combase.dll
0x00007ffa17740000 - 0x00007ffa177be000 	C:\Windows\System32\bcryptPrimitives.dll
0x00007ffa18aa0000 - 0x00007ffa18ace000 	C:\Windows\System32\IMM32.DLL
0x0000000059930000 - 0x0000000059a02000 	C:\Program Files\Android\Android Studio1\jre\jre\bin\msvcr100.dll
0x0000000058c40000 - 0x0000000059486000 	C:\Program Files\Android\Android Studio1\jre\jre\bin\server\jvm.dll
0x00007ffa188a0000 - 0x00007ffa188a8000 	C:\Windows\System32\PSAPI.DLL
0x00007ff9fdf00000 - 0x00007ff9fdf09000 	C:\Windows\SYSTEM32\WSOCK32.dll
0x00007ffa14e80000 - 0x00007ffa14ea4000 	C:\Windows\SYSTEM32\WINMM.dll
0x00007ffa18ae0000 - 0x00007ffa18b4d000 	C:\Windows\System32\WS2_32.dll
0x00007ffa078d0000 - 0x00007ffa078da000 	C:\Windows\SYSTEM32\VERSION.dll
0x00007ffa14e50000 - 0x00007ffa14e7d000 	C:\Windows\SYSTEM32\WINMMBASE.dll
0x00007ffa176f0000 - 0x00007ffa1773a000 	C:\Windows\System32\cfgmgr32.dll
0x00007ffa13610000 - 0x00007ffa1361f000 	C:\Program Files\Android\Android Studio1\jre\jre\bin\verify.dll
0x00007ffa0fef0000 - 0x00007ffa0ff19000 	C:\Program Files\Android\Android Studio1\jre\jre\bin\java.dll
0x00007ffa0fed0000 - 0x00007ffa0fee6000 	C:\Program Files\Android\Android Studio1\jre\jre\bin\zip.dll
0x00007ffa18e20000 - 0x00007ffa1a314000 	C:\Windows\System32\SHELL32.dll
0x00007ffa1a660000 - 0x00007ffa1a708000 	C:\Windows\System32\shcore.dll
0x00007ffa16fa0000 - 0x00007ffa176ed000 	C:\Windows\System32\windows.storage.dll
0x00007ffa16d80000 - 0x00007ffa16da4000 	C:\Windows\System32\profapi.dll
0x00007ffa16d20000 - 0x00007ffa16d7d000 	C:\Windows\System32\powrprof.dll
0x00007ffa1a3c0000 - 0x00007ffa1a412000 	C:\Windows\System32\shlwapi.dll
0x00007ffa16db0000 - 0x00007ffa16dc1000 	C:\Windows\System32\kernel.appcore.dll
0x00007ffa17c70000 - 0x00007ffa17c87000 	C:\Windows\System32\cryptsp.dll
0x00007ffa0e5f0000 - 0x00007ffa0e60a000 	C:\Program Files\Android\Android Studio1\jre\jre\bin\net.dll
0x00007ffa0c7a0000 - 0x00007ffa0c977000 	C:\Windows\SYSTEM32\urlmon.dll
0x00007ffa0cbd0000 - 0x00007ffa0ce78000 	C:\Windows\SYSTEM32\iertutil.dll
0x00007ffa166e0000 - 0x00007ffa166ec000 	C:\Windows\SYSTEM32\CRYPTBASE.DLL
0x00007ffa16510000 - 0x00007ffa16577000 	C:\Windows\system32\mswsock.dll
0x00007ffa0e5d0000 - 0x00007ffa0e5e3000 	C:\Program Files\Android\Android Studio1\jre\jre\bin\nio.dll
0x00007ffa0fd20000 - 0x00007ffa0fd46000 	C:\Users\deCrypt3d\.gradle\native\30\windows-amd64\native-platform.dll
0x00007ffa0e5c0000 - 0x00007ffa0e5cd000 	C:\Program Files\Android\Android Studio1\jre\jre\bin\management.dll
0x00007ffa16090000 - 0x00007ffa160c3000 	C:\Windows\system32\rsaenh.dll
0x00007ffa17a60000 - 0x00007ffa17a86000 	C:\Windows\System32\bcrypt.dll
0x00007ffa16c30000 - 0x00007ffa16c58000 	C:\Windows\SYSTEM32\USERENV.dll
0x00007ffa16230000 - 0x00007ffa1626d000 	C:\Windows\SYSTEM32\IPHLPAPI.DLL
0x00007ffa18ad0000 - 0x00007ffa18ad8000 	C:\Windows\System32\NSI.dll
0x00007ffa0ed60000 - 0x00007ffa0ed76000 	C:\Windows\SYSTEM32\dhcpcsvc6.DLL
0x00007ffa0ec50000 - 0x00007ffa0ec6c000 	C:\Windows\SYSTEM32\dhcpcsvc.DLL
0x00007ffa16270000 - 0x00007ffa16336000 	C:\Windows\SYSTEM32\DNSAPI.dll

VM Arguments:
jvm_args: -Xmx1536m -Dfile.encoding=windows-1252 -Duser.country=ID -Duser.language=en -Duser.variant 
java_command: org.gradle.launcher.daemon.bootstrap.GradleDaemon 5.6.4
java_class_path (initial): C:\Users\deCrypt3d\.gradle\wrapper\dists\gradle-5.6.4-all\ankdp27end7byghfw1q2sw75f\gradle-5.6.4\lib\gradle-launcher-5.6.4.jar
Launcher Type: SUN_STANDARD

Environment Variables:
PATH=C:\ProgramData\Oracle\Java\javapath;C:\Program Files (x86)\Common Files\Intel\Shared Files\cpp\bin\Intel64;C:\Windows\system32;C:\Windows;C:\Windows\System32\Wbem;C:\Windows\System32\WindowsPowerShell\v1.0\;C:\xampp\php;C:\ProgramData\ComposerSetup\bin;C:\Program Files\PuTTY\;C:\Program Files\nodejs\;%JAVA_HOME%\bin;C:\SDK\gradle-6.3\bin;C:\Users\deCrypt3d\AppData\Local\Microsoft\WindowsApps;C:\Users\deCrypt3d\AppData\Roaming\Composer\vendor\bin;C:\Users\deCrypt3d\AppData\Roaming\npm;
USERNAME=deCrypt3d
OS=Windows_NT
PROCESSOR_IDENTIFIER=Intel64 Family 6 Model 58 Stepping 9, GenuineIntel



---------------  S Y S T E M  ---------------

OS: Windows 10.0 , 64 bit Build 17763 (10.0.17763.475)

CPU:total 2 (initial active 2) (2 cores per cpu, 1 threads per core) family 6 model 58 stepping 9, cmov, cx8, fxsr, mmx, sse, sse2, sse3, ssse3, sse4.1, sse4.2, popcnt, clmul, erms, tsc, tscinvbit, tscinv

Memory: 4k page, physical 3880804k(482300k free), swap 3880804k(6416k free)

vm_info: OpenJDK 64-Bit Server VM (25.212-b04) for windows-amd64 JRE (1.8.0_212-release-1586-b04), built by "builder" with MS VC++ 10.0 (VS2010)

time: Tue Jun 23 18:39:23 2020
timezone: SE Asia Standard Time
elapsed time: 7 seconds (0d 0h 0m 7s)

