#
# There is insufficient memory for the Java Runtime Environment to continue.
# Native memory allocation (malloc) failed to allocate 1660976 bytes for Chunk::new
# Possible reasons:
#   The system is out of physical RAM or swap space
#   The process is running with CompressedOops enabled, and the Java Heap may be blocking the growth of the native heap
# Possible solutions:
#   Reduce memory load on the system
#   Increase physical memory or swap space
#   Check if swap backing store is full
#   Decrease Java heap size (-Xmx/-Xms)
#   Decrease number of Java threads
#   Decrease Java thread stack sizes (-Xss)
#   Set larger code cache with -XX:ReservedCodeCacheSize=
#   JVM is running with Unscaled Compressed Oops mode in which the Java heap is
#     placed in the first 4GB address space. The Java Heap base address is the
#     maximum limit for the native heap growth. Please use -XX:HeapBaseMinAddress
#     to set the Java Heap base and to place the Java Heap above 4GB virtual address.
# This output file may be truncated or incomplete.
#
#  Out of Memory Error (allocation.cpp:389), pid=2476, tid=0x0000000000000ab4
#
# JRE version: OpenJDK Runtime Environment (8.0_212-b04) (build 1.8.0_212-release-1586-b04)
# Java VM: OpenJDK 64-Bit Server VM (25.212-b04 mixed mode windows-amd64 compressed oops)
# Failed to write core dump. Minidumps are not enabled by default on client versions of Windows
#

---------------  T H R E A D  ---------------

Current thread (0x0000000015e4a800):  JavaThread "C2 CompilerThread0" daemon [_thread_in_native, id=2740, stack(0x0000000016e80000,0x0000000016f80000)]

Stack: [0x0000000016e80000,0x0000000016f80000]
[error occurred during error reporting (printing stack bounds), id 0xc0000005]

Native frames: (J=compiled Java code, j=interpreted, Vv=VM code, C=native code)


Current CompileTask:
C2: 507080 13039       4       com.android.tools.r8.dex.j::a (1022 bytes)


---------------  P R O C E S S  ---------------

Java Threads: ( => current thread )
  0x000000001d800000 JavaThread "ForkJoinPool-3-worker-0" daemon [_thread_blocked, id=584, stack(0x0000000024600000,0x0000000024700000)]
  0x000000001d7ff000 JavaThread "ForkJoinPool-3-worker-1" daemon [_thread_blocked, id=3096, stack(0x0000000024500000,0x0000000024600000)]
  0x000000001d805000 JavaThread "WorkerExecutor Queue Thread 2" [_thread_in_vm, id=3900, stack(0x0000000023820000,0x0000000023920000)]
  0x000000001d806000 JavaThread "WorkerExecutor Queue" [_thread_blocked, id=6264, stack(0x0000000023720000,0x0000000023820000)]
  0x000000001d803000 JavaThread "Cache worker for Java compile cache (D:\Semangat Tugas Akhir\Main Project\PajakAir\.gradle\5.6.4\javaCompile)" [_thread_blocked, id=552, stack(0x0000000023120000,0x0000000023220000)]
  0x00000000197d2800 JavaThread "Cache worker for Java compile cache (C:\Users\deCrypt3d\.gradle\caches\5.6.4\javaCompile)" [_thread_blocked, id=1732, stack(0x0000000023020000,0x0000000023120000)]
  0x00000000197ce000 JavaThread "Cache worker for execution history cache (D:\Semangat Tugas Akhir\Main Project\PajakAir\.gradle\5.6.4\executionHistory)" [_thread_blocked, id=3460, stack(0x0000000022f20000,0x0000000023020000)]
  0x0000000017ca7000 JavaThread "Execution worker for ':'" [_thread_blocked, id=3128, stack(0x0000000022e20000,0x0000000022f20000)]
  0x0000000017ca8000 JavaThread "Cache worker for file content cache (D:\Semangat Tugas Akhir\Main Project\PajakAir\.gradle\5.6.4\fileContent)" [_thread_blocked, id=4704, stack(0x0000000022d20000,0x0000000022e20000)]
  0x0000000017ca6800 JavaThread "Cache worker for Build Output Cleanup Cache (D:\Semangat Tugas Akhir\Main Project\PajakAir\.gradle\buildOutputCleanup)" [_thread_blocked, id=936, stack(0x0000000022c20000,0x0000000022d20000)]
  0x0000000017ca5800 JavaThread "Build operations Thread 2" [_thread_blocked, id=6796, stack(0x0000000022b20000,0x0000000022c20000)]
  0x0000000017ca5000 JavaThread "Build operations" [_thread_blocked, id=1608, stack(0x0000000022a20000,0x0000000022b20000)]
  0x0000000017c9c800 JavaThread "Cache worker for cache directory md-rule (C:\Users\deCrypt3d\.gradle\caches\5.6.4\md-rule)" [_thread_blocked, id=2056, stack(0x0000000022920000,0x0000000022a20000)]
  0x0000000017ca3800 JavaThread "Cache worker for cache directory md-supplier (C:\Users\deCrypt3d\.gradle\caches\5.6.4\md-supplier)" [_thread_blocked, id=1940, stack(0x0000000022820000,0x0000000022920000)]
  0x0000000017ca2000 JavaThread "Cache worker for file hash cache (D:\Semangat Tugas Akhir\Main Project\PajakAir\.gradle\5.6.4\fileHashes)" [_thread_blocked, id=1824, stack(0x0000000022720000,0x0000000022820000)]
  0x0000000017c9a800 JavaThread "Thread-30" [_thread_blocked, id=448, stack(0x0000000022620000,0x0000000022720000)]
  0x0000000017ca1000 JavaThread "Stdin handler" [_thread_blocked, id=2100, stack(0x0000000022520000,0x0000000022620000)]
  0x0000000017c9c000 JavaThread "Asynchronous log dispatcher for DefaultDaemonConnection: socket connection from /127.0.0.1:49708 to /127.0.0.1:49741" [_thread_blocked, id=5044, stack(0x0000000022420000,0x0000000022520000)]
  0x0000000017c9f000 JavaThread "Daemon worker Thread 2" [_thread_blocked, id=6680, stack(0x0000000022320000,0x0000000022420000)]
  0x0000000017c9f800 JavaThread "Cancel handler" [_thread_blocked, id=1672, stack(0x0000000022220000,0x0000000022320000)]
  0x0000000017c99800 JavaThread "Handler for socket connection from /127.0.0.1:49708 to /127.0.0.1:49741" [_thread_in_native, id=3136, stack(0x0000000022120000,0x0000000022220000)]
  0x0000000017c9d800 JavaThread "Daemon Thread 2" [_thread_blocked, id=5988, stack(0x0000000022020000,0x0000000022120000)]
  0x0000000017ca0800 JavaThread "Cache worker for file content cache (C:\Users\deCrypt3d\.gradle\caches\5.6.4\fileContent)" [_thread_blocked, id=6272, stack(0x000000001ff50000,0x0000000020050000)]
  0x0000000017c9e000 JavaThread "Memory manager" [_thread_blocked, id=6528, stack(0x000000001fe50000,0x000000001ff50000)]
  0x00000000197d3000 JavaThread "Cache worker for execution history cache (C:\Users\deCrypt3d\.gradle\caches\5.6.4\executionHistory)" [_thread_blocked, id=2264, stack(0x000000001e800000,0x000000001e900000)]
  0x00000000197d4000 JavaThread "Cache worker for journal cache (C:\Users\deCrypt3d\.gradle\caches\journal-1)" [_thread_blocked, id=6248, stack(0x000000001b4a0000,0x000000001b5a0000)]
  0x00000000197cf800 JavaThread "File lock request listener" [_thread_in_native, id=908, stack(0x000000001b3a0000,0x000000001b4a0000)]
  0x000000001990f800 JavaThread "Cache worker for file hash cache (C:\Users\deCrypt3d\.gradle\caches\5.6.4\fileHashes)" [_thread_blocked, id=596, stack(0x000000001b2a0000,0x000000001b3a0000)]
  0x0000000018db6000 JavaThread "Daemon periodic checks" [_thread_blocked, id=508, stack(0x000000001a7a0000,0x000000001a8a0000)]
  0x0000000018d29800 JavaThread "Incoming local TCP Connector on port 49708" [_thread_in_native, id=568, stack(0x0000000019490000,0x0000000019590000)]
  0x0000000018cb1800 JavaThread "Daemon health stats" [_thread_blocked, id=5000, stack(0x0000000018e50000,0x0000000018f50000)]
  0x0000000015ebc800 JavaThread "Service Thread" daemon [_thread_blocked, id=2836, stack(0x0000000017080000,0x0000000017180000)]
  0x0000000015e52000 JavaThread "C1 CompilerThread1" daemon [_thread_blocked, id=2736, stack(0x0000000016f80000,0x0000000017080000)]
=>0x0000000015e4a800 JavaThread "C2 CompilerThread0" daemon [_thread_in_native, id=2740, stack(0x0000000016e80000,0x0000000016f80000)]
  0x0000000015e49000 JavaThread "Attach Listener" daemon [_thread_blocked, id=2584, stack(0x0000000016d80000,0x0000000016e80000)]
  0x0000000015e44000 JavaThread "Signal Dispatcher" daemon [_thread_blocked, id=2944, stack(0x0000000016c80000,0x0000000016d80000)]
  0x0000000002717800 JavaThread "Finalizer" daemon [_thread_blocked, id=3192, stack(0x0000000016a80000,0x0000000016b80000)]
  0x000000000270d000 JavaThread "Reference Handler" daemon [_thread_blocked, id=3284, stack(0x0000000016980000,0x0000000016a80000)]
  0x000000000090e000 JavaThread "main" [_thread_blocked, id=4068, stack(0x00000000024f0000,0x00000000025f0000)]

Other Threads:
  0x0000000015e14800 VMThread [stack: 0x0000000016880000,0x0000000016980000] [id=2872]
  0x0000000015edf000 WatcherThread [stack: 0x0000000017180000,0x0000000017280000] [id=2828]

VM state:not at safepoint (normal execution)

VM Mutex/Monitor currently owned by a thread: None

heap address: 0x00000000a0000000, size: 1536 MB, Compressed Oops mode: 32-bit
Narrow klass base: 0x0000000000000000, Narrow klass shift: 3
Compressed class space size: 1073741824 Address: 0x0000000100000000

Heap:
 PSYoungGen      total 321536K, used 31080K [0x00000000e0000000, 0x00000000fd000000, 0x0000000100000000)
  eden space 276480K, 11% used [0x00000000e0000000,0x00000000e1e5a3a0,0x00000000f0e00000)
  from space 45056K, 0% used [0x00000000f0e00000,0x00000000f0e00000,0x00000000f3a00000)
  to   space 72704K, 0% used [0x00000000f8900000,0x00000000f8900000,0x00000000fd000000)
 ParOldGen       total 273408K, used 155955K [0x00000000a0000000, 0x00000000b0b00000, 0x00000000e0000000)
  object space 273408K, 57% used [0x00000000a0000000,0x00000000a984ccd8,0x00000000b0b00000)
 Metaspace       used 83651K, capacity 86862K, committed 87808K, reserved 1124352K
  class space    used 11106K, capacity 11844K, committed 12032K, reserved 1048576K

Card table byte_map: [0x0000000011ae0000,0x0000000011df0000] byte_map_base: 0x00000000115e0000

Marking Bits: (ParMarkBitMap*) 0x000000005a1c9f30
 Begin Bits: [0x00000000121f0000, 0x00000000139f0000)
 End Bits:   [0x00000000139f0000, 0x00000000151f0000)

Polling page: 0x00000000008e0000

CodeCache: size=245760Kb used=36505Kb max_used=36505Kb free=209254Kb
 bounds [0x0000000002720000, 0x0000000004af0000, 0x0000000011720000]
 total_blobs=11993 nmethods=11132 adapters=774
 compilation: enabled

Compilation events (10 events):
Event: 507.049 Thread 0x0000000015e52000 13337       2       com.android.tools.r8.code.Q0::a (1 bytes)
Event: 507.049 Thread 0x0000000015e52000 nmethod 13337 0x0000000004ae8e50 code [0x0000000004ae8fa0, 0x0000000004ae90f0]
Event: 507.050 Thread 0x0000000015e52000 13338       2       com.android.tools.r8.code.m::a (1 bytes)
Event: 507.050 Thread 0x0000000015e52000 nmethod 13338 0x0000000004ae9190 code [0x0000000004ae92e0, 0x0000000004ae9430]
Event: 507.050 Thread 0x0000000015e52000 13339       2       com.android.tools.r8.code.f::a (1 bytes)
Event: 507.050 Thread 0x0000000015e52000 nmethod 13339 0x0000000004ae94d0 code [0x0000000004ae9620, 0x0000000004ae9770]
Event: 507.052 Thread 0x0000000015e52000 13340       2       com.android.tools.r8.code.l2::a (1 bytes)
Event: 507.053 Thread 0x0000000015e52000 nmethod 13340 0x0000000004ae9810 code [0x0000000004ae9960, 0x0000000004ae9ab0]
Event: 507.057 Thread 0x0000000015e52000 13341       1       com.android.tools.r8.graph.DexValue$q::collectIndexedItems (1 bytes)
Event: 507.057 Thread 0x0000000015e52000 nmethod 13341 0x0000000004ae9b50 code [0x0000000004ae9ca0, 0x0000000004ae9db0]

GC Heap History (10 events):
Event: 493.114 GC heap before
{Heap before GC invocations=18 (full 3):
 PSYoungGen      total 253952K, used 253928K [0x00000000e0000000, 0x00000000f1900000, 0x0000000100000000)
  eden space 233472K, 100% used [0x00000000e0000000,0x00000000ee400000,0x00000000ee400000)
  from space 20480K, 99% used [0x00000000efe80000,0x00000000f127a090,0x00000000f1280000)
  to   space 27136K, 0% used [0x00000000ee400000,0x00000000ee400000,0x00000000efe80000)
 ParOldGen       total 92160K, used 47336K [0x00000000a0000000, 0x00000000a5a00000, 0x00000000e0000000)
  object space 92160K, 51% used [0x00000000a0000000,0x00000000a2e3a1c0,0x00000000a5a00000)
 Metaspace       used 75372K, capacity 77796K, committed 78080K, reserved 1116160K
  class space    used 9852K, capacity 10409K, committed 10496K, reserved 1048576K
Event: 493.389 GC heap after
Heap after GC invocations=18 (full 3):
 PSYoungGen      total 260608K, used 27120K [0x00000000e0000000, 0x00000000f6400000, 0x0000000100000000)
  eden space 233472K, 0% used [0x00000000e0000000,0x00000000e0000000,0x00000000ee400000)
  from space 27136K, 99% used [0x00000000ee400000,0x00000000efe7c308,0x00000000efe80000)
  to   space 43008K, 0% used [0x00000000f3a00000,0x00000000f3a00000,0x00000000f6400000)
 ParOldGen       total 92160K, used 78139K [0x00000000a0000000, 0x00000000a5a00000, 0x00000000e0000000)
  object space 92160K, 84% used [0x00000000a0000000,0x00000000a4c4ed90,0x00000000a5a00000)
 Metaspace       used 75372K, capacity 77796K, committed 78080K, reserved 1116160K
  class space    used 9852K, capacity 10409K, committed 10496K, reserved 1048576K
}
Event: 493.389 GC heap before
{Heap before GC invocations=19 (full 4):
 PSYoungGen      total 260608K, used 27120K [0x00000000e0000000, 0x00000000f6400000, 0x0000000100000000)
  eden space 233472K, 0% used [0x00000000e0000000,0x00000000e0000000,0x00000000ee400000)
  from space 27136K, 99% used [0x00000000ee400000,0x00000000efe7c308,0x00000000efe80000)
  to   space 43008K, 0% used [0x00000000f3a00000,0x00000000f3a00000,0x00000000f6400000)
 ParOldGen       total 92160K, used 78139K [0x00000000a0000000, 0x00000000a5a00000, 0x00000000e0000000)
  object space 92160K, 84% used [0x00000000a0000000,0x00000000a4c4ed90,0x00000000a5a00000)
 Metaspace       used 75372K, capacity 77796K, committed 78080K, reserved 1116160K
  class space    used 9852K, capacity 10409K, committed 10496K, reserved 1048576K
Event: 494.367 GC heap after
Heap after GC invocations=19 (full 4):
 PSYoungGen      total 260608K, used 0K [0x00000000e0000000, 0x00000000f6400000, 0x0000000100000000)
  eden space 233472K, 0% used [0x00000000e0000000,0x00000000e0000000,0x00000000ee400000)
  from space 27136K, 0% used [0x00000000ee400000,0x00000000ee400000,0x00000000efe80000)
  to   space 43008K, 0% used [0x00000000f3a00000,0x00000000f3a00000,0x00000000f6400000)
 ParOldGen       total 170496K, used 86873K [0x00000000a0000000, 0x00000000aa680000, 0x00000000e0000000)
  object space 170496K, 50% used [0x00000000a0000000,0x00000000a54d6748,0x00000000aa680000)
 Metaspace       used 75372K, capacity 77796K, committed 78080K, reserved 1116160K
  class space    used 9852K, capacity 10409K, committed 10496K, reserved 1048576K
}
Event: 498.645 GC heap before
{Heap before GC invocations=20 (full 4):
 PSYoungGen      total 260608K, used 233472K [0x00000000e0000000, 0x00000000f6400000, 0x0000000100000000)
  eden space 233472K, 100% used [0x00000000e0000000,0x00000000ee400000,0x00000000ee400000)
  from space 27136K, 0% used [0x00000000ee400000,0x00000000ee400000,0x00000000efe80000)
  to   space 43008K, 0% used [0x00000000f3a00000,0x00000000f3a00000,0x00000000f6400000)
 ParOldGen       total 170496K, used 86873K [0x00000000a0000000, 0x00000000aa680000, 0x00000000e0000000)
  object space 170496K, 50% used [0x00000000a0000000,0x00000000a54d6748,0x00000000aa680000)
 Metaspace       used 76158K, capacity 78644K, committed 78848K, reserved 1118208K
  class space    used 9917K, capacity 10491K, committed 10496K, reserved 1048576K
Event: 498.702 GC heap after
Heap after GC invocations=20 (full 4):
 PSYoungGen      total 319488K, used 27605K [0x00000000e0000000, 0x00000000f6c80000, 0x0000000100000000)
  eden space 276480K, 0% used [0x00000000e0000000,0x00000000e0000000,0x00000000f0e00000)
  from space 43008K, 64% used [0x00000000f3a00000,0x00000000f54f5710,0x00000000f6400000)
  to   space 45056K, 0% used [0x00000000f0e00000,0x00000000f0e00000,0x00000000f3a00000)
 ParOldGen       total 170496K, used 86881K [0x00000000a0000000, 0x00000000aa680000, 0x00000000e0000000)
  object space 170496K, 50% used [0x00000000a0000000,0x00000000a54d8748,0x00000000aa680000)
 Metaspace       used 76158K, capacity 78644K, committed 78848K, reserved 1118208K
  class space    used 9917K, capacity 10491K, committed 10496K, reserved 1048576K
}
Event: 504.312 GC heap before
{Heap before GC invocations=21 (full 4):
 PSYoungGen      total 319488K, used 304085K [0x00000000e0000000, 0x00000000f6c80000, 0x0000000100000000)
  eden space 276480K, 100% used [0x00000000e0000000,0x00000000f0e00000,0x00000000f0e00000)
  from space 43008K, 64% used [0x00000000f3a00000,0x00000000f54f5710,0x00000000f6400000)
  to   space 45056K, 0% used [0x00000000f0e00000,0x00000000f0e00000,0x00000000f3a00000)
 ParOldGen       total 170496K, used 86881K [0x00000000a0000000, 0x00000000aa680000, 0x00000000e0000000)
  object space 170496K, 50% used [0x00000000a0000000,0x00000000a54d8748,0x00000000aa680000)
 Metaspace       used 84212K, capacity 87436K, committed 87808K, reserved 1124352K
  class space    used 11169K, capacity 11915K, committed 12032K, reserved 1048576K
Event: 504.678 GC heap after
Heap after GC invocations=21 (full 4):
 PSYoungGen      total 321536K, used 45039K [0x00000000e0000000, 0x00000000fd000000, 0x0000000100000000)
  eden space 276480K, 0% used [0x00000000e0000000,0x00000000e0000000,0x00000000f0e00000)
  from space 45056K, 99% used [0x00000000f0e00000,0x00000000f39fbec8,0x00000000f3a00000)
  to   space 72704K, 0% used [0x00000000f8900000,0x00000000f8900000,0x00000000fd000000)
 ParOldGen       total 170496K, used 140957K [0x00000000a0000000, 0x00000000aa680000, 0x00000000e0000000)
  object space 170496K, 82% used [0x00000000a0000000,0x00000000a89a7460,0x00000000aa680000)
 Metaspace       used 84212K, capacity 87436K, committed 87808K, reserved 1124352K
  class space    used 11169K, capacity 11915K, committed 12032K, reserved 1048576K
}
Event: 504.678 GC heap before
{Heap before GC invocations=22 (full 5):
 PSYoungGen      total 321536K, used 45039K [0x00000000e0000000, 0x00000000fd000000, 0x0000000100000000)
  eden space 276480K, 0% used [0x00000000e0000000,0x00000000e0000000,0x00000000f0e00000)
  from space 45056K, 99% used [0x00000000f0e00000,0x00000000f39fbec8,0x00000000f3a00000)
  to   space 72704K, 0% used [0x00000000f8900000,0x00000000f8900000,0x00000000fd000000)
 ParOldGen       total 170496K, used 140957K [0x00000000a0000000, 0x00000000aa680000, 0x00000000e0000000)
  object space 170496K, 82% used [0x00000000a0000000,0x00000000a89a7460,0x00000000aa680000)
 Metaspace       used 84212K, capacity 87436K, committed 87808K, reserved 1124352K
  class space    used 11169K, capacity 11915K, committed 12032K, reserved 1048576K
Event: 506.370 GC heap after
Heap after GC invocations=22 (full 5):
 PSYoungGen      total 321536K, used 0K [0x00000000e0000000, 0x00000000fd000000, 0x0000000100000000)
  eden space 276480K, 0% used [0x00000000e0000000,0x00000000e0000000,0x00000000f0e00000)
  from space 45056K, 0% used [0x00000000f0e00000,0x00000000f0e00000,0x00000000f3a00000)
  to   space 72704K, 0% used [0x00000000f8900000,0x00000000f8900000,0x00000000fd000000)
 ParOldGen       total 273408K, used 155955K [0x00000000a0000000, 0x00000000b0b00000, 0x00000000e0000000)
  object space 273408K, 57% used [0x00000000a0000000,0x00000000a984ccd8,0x00000000b0b00000)
 Metaspace       used 83594K, capacity 86784K, committed 87808K, reserved 1124352K
  class space    used 11105K, capacity 11843K, committed 12032K, reserved 1048576K
}

Deoptimization events (10 events):
Event: 500.816 Thread 0x000000001d806000 Uncommon trap: reason=class_check action=maybe_recompile pc=0x00000000044ab7a0 method=sun.nio.ch.IOUtil.writeFromNativeBuffer(Ljava/io/FileDescriptor;Ljava/nio/ByteBuffer;JLsun/nio/ch/NativeDispatcher;)I @ 114
Event: 500.837 Thread 0x0000000017c9f000 Uncommon trap: reason=bimorphic action=maybe_recompile pc=0x000000000400ebd0 method=com.google.common.cache.LocalCache$Segment.getLiveValue(Lcom/google/common/cache/ReferenceEntry;J)Ljava/lang/Object; @ 21
Event: 501.484 Thread 0x0000000017ca7000 Uncommon trap: reason=unstable_if action=reinterpret pc=0x00000000040608b4 method=java.util.concurrent.ArrayBlockingQueue.enqueue(Ljava/lang/Object;)V @ 25
Event: 501.712 Thread 0x0000000017ca7000 Uncommon trap: reason=array_check action=maybe_recompile pc=0x000000000481d21c method=java.util.TimSort.binarySort([Ljava/lang/Object;IIILjava/util/Comparator;)V @ 183
Event: 501.732 Thread 0x0000000017ca7000 Uncommon trap: reason=predicate action=maybe_recompile pc=0x000000000481d644 method=java.util.TimSort.reverseRange([Ljava/lang/Object;II)V @ 8
Event: 501.732 Thread 0x0000000017ca7000 Uncommon trap: reason=array_check action=maybe_recompile pc=0x00000000043c93f0 method=java.util.TimSort.binarySort([Ljava/lang/Object;IIILjava/util/Comparator;)V @ 193
Event: 501.740 Thread 0x0000000017ca7000 Uncommon trap: reason=array_check action=maybe_recompile pc=0x00000000043c94b8 method=java.util.TimSort.binarySort([Ljava/lang/Object;IIILjava/util/Comparator;)V @ 183
Event: 502.101 Thread 0x000000001d805000 Uncommon trap: reason=unstable_if action=reinterpret pc=0x00000000036140d4 method=java.nio.Bits.getShort(Ljava/nio/ByteBuffer;IZ)S @ 1
Event: 502.824 Thread 0x000000001d800000 Uncommon trap: reason=unstable_if action=reinterpret pc=0x0000000002ab2eb0 method=java.util.Arrays.hashCode([Ljava/lang/Object;)I @ 1
Event: 503.301 Thread 0x000000001d7ff000 Uncommon trap: reason=unstable_if action=reinterpret pc=0x00000000049d0c4c method=com.android.tools.r8.dex.j.j()Lcom/android/tools/r8/graph/DexValue; @ 50

Classes redefined (0 events):
No events

Internal exceptions (10 events):
Event: 497.168 Thread 0x000000001d803800 Exception <a 'java/lang/NoSuchMethodError': java.lang.Object.lambda$static$0(Ljava/lang/String;)Z> (0x00000000e2f18f18) thrown at [D:\src\AOSP-openjdk-cygwin\jdk8u\hotspot\src\share\vm\interpreter\linkResolver.cpp, line 620]
Event: 499.242 Thread 0x0000000017ca7000 Exception <a 'java/lang/NoSuchMethodError': <clinit>> (0x00000000e3b7e0d8) thrown at [D:\src\AOSP-openjdk-cygwin\jdk8u\hotspot\src\share\vm\prims\jni.cpp, line 1614]
Event: 499.245 Thread 0x0000000017ca7000 Exception <a 'java/lang/NoSuchMethodError': <clinit>> (0x00000000e3b9a788) thrown at [D:\src\AOSP-openjdk-cygwin\jdk8u\hotspot\src\share\vm\prims\jni.cpp, line 1614]
Event: 499.404 Thread 0x000000001d806000 Exception <a 'sun/nio/fs/WindowsException'> (0x00000000e3f5dea8) thrown at [D:\src\AOSP-openjdk-cygwin\jdk8u\hotspot\src\share\vm\prims\jni.cpp, line 710]
Event: 500.240 Thread 0x000000001d806000 Exception <a 'java/lang/NoSuchMethodError': java.lang.Object.lambda$maxBy$1(Ljava/util/Comparator;Ljava/lang/Object;Ljava/lang/Object;)Ljava/lang/Object;> (0x00000000e4eb9968) thrown at [D:\src\AOSP-openjdk-cygwin\jdk8u\hotspot\src\share\vm\interpreter\li
Event: 500.811 Thread 0x000000001d806000 Exception <a 'sun/nio/fs/WindowsException'> (0x00000000e5749288) thrown at [D:\src\AOSP-openjdk-cygwin\jdk8u\hotspot\src\share\vm\prims\jni.cpp, line 710]
Event: 501.731 Thread 0x0000000017ca7000 Exception <a 'java/lang/NoSuchMethodError': <clinit>> (0x00000000e7103288) thrown at [D:\src\AOSP-openjdk-cygwin\jdk8u\hotspot\src\share\vm\prims\jni.cpp, line 1614]
Event: 501.741 Thread 0x0000000017ca7000 Exception <a 'java/lang/NoSuchMethodError': <clinit>> (0x00000000e71176a0) thrown at [D:\src\AOSP-openjdk-cygwin\jdk8u\hotspot\src\share\vm\prims\jni.cpp, line 1614]
Event: 502.082 Thread 0x000000001d805000 Exception <a 'sun/nio/fs/WindowsException'> (0x00000000e81530a8) thrown at [D:\src\AOSP-openjdk-cygwin\jdk8u\hotspot\src\share\vm\prims\jni.cpp, line 710]
Event: 502.824 Thread 0x000000001d800000 Implicit null exception at 0x0000000002ab2daf to 0x0000000002ab2ea1

Events (10 events):
Event: 506.561 loading class com/android/tools/r8/graph/a0
Event: 506.561 loading class com/android/tools/r8/graph/a0 done
Event: 506.667 Thread 0x000000001d805000 DEOPT PACKING pc=0x0000000004ac084a sp=0x000000002391da90
Event: 506.667 Thread 0x000000001d805000 DEOPT UNPACKING pc=0x00000000027671d0 sp=0x000000002391d8b8 mode 0
Event: 506.675 Thread 0x000000001d805000 DEOPT PACKING pc=0x0000000004ab9ea4 sp=0x000000002391da40
Event: 506.675 Thread 0x000000001d805000 DEOPT UNPACKING pc=0x00000000027671d0 sp=0x000000002391d758 mode 0
Event: 506.716 Thread 0x000000001d805000 DEOPT PACKING pc=0x0000000004abd59d sp=0x000000002391d750
Event: 506.717 Thread 0x000000001d805000 DEOPT UNPACKING pc=0x00000000027671d0 sp=0x000000002391d468 mode 0
Event: 506.980 Thread 0x000000001d805000 DEOPT PACKING pc=0x0000000004ac333e sp=0x000000002391db00
Event: 506.980 Thread 0x000000001d805000 DEOPT UNPACKING pc=0x00000000027671d0 sp=0x000000002391d830 mode 0


Dynamic libraries:
0x00007ff62e950000 - 0x00007ff62e981000 	C:\Program Files\Android\Android Studio1\jre\bin\java.exe
0x00007ffd8e540000 - 0x00007ffd8e72d000 	C:\Windows\SYSTEM32\ntdll.dll
0x00007ffd8c320000 - 0x00007ffd8c3d3000 	C:\Windows\System32\KERNEL32.DLL
0x00007ffd8b4d0000 - 0x00007ffd8b763000 	C:\Windows\System32\KERNELBASE.dll
0x00007ffd8c090000 - 0x00007ffd8c133000 	C:\Windows\System32\ADVAPI32.dll
0x00007ffd8e440000 - 0x00007ffd8e4de000 	C:\Windows\System32\msvcrt.dll
0x00007ffd8c140000 - 0x00007ffd8c1de000 	C:\Windows\System32\sechost.dll
0x00007ffd8db90000 - 0x00007ffd8dcb2000 	C:\Windows\System32\RPCRT4.dll
0x00007ffd8b790000 - 0x00007ffd8b927000 	C:\Windows\System32\USER32.dll
0x00007ffd8ab30000 - 0x00007ffd8ab50000 	C:\Windows\System32\win32u.dll
0x00007ffd8bdb0000 - 0x00007ffd8bdd9000 	C:\Windows\System32\GDI32.dll
0x00007ffd8a7b0000 - 0x00007ffd8a949000 	C:\Windows\System32\gdi32full.dll
0x00007ffd8a660000 - 0x00007ffd8a700000 	C:\Windows\System32\msvcp_win.dll
0x00007ffd8ab50000 - 0x00007ffd8ac4a000 	C:\Windows\System32\ucrtbase.dll
0x00007ffd7ea20000 - 0x00007ffd7ec99000 	C:\Windows\WinSxS\amd64_microsoft.windows.common-controls_6595b64144ccf1df_6.0.17763.1098_none_de762ed45346ee8a\COMCTL32.dll
0x00007ffd8dfe0000 - 0x00007ffd8e30c000 	C:\Windows\System32\combase.dll
0x00007ffd8b3f0000 - 0x00007ffd8b46e000 	C:\Windows\System32\bcryptPrimitives.dll
0x00007ffd8c290000 - 0x00007ffd8c2be000 	C:\Windows\System32\IMM32.DLL
0x0000000059840000 - 0x0000000059912000 	C:\Program Files\Android\Android Studio1\jre\jre\bin\msvcr100.dll
0x0000000059a00000 - 0x000000005a246000 	C:\Program Files\Android\Android Studio1\jre\jre\bin\server\jvm.dll
0x00007ffd8bed0000 - 0x00007ffd8bed8000 	C:\Windows\System32\PSAPI.DLL
0x00007ffd716e0000 - 0x00007ffd716e9000 	C:\Windows\SYSTEM32\WSOCK32.dll
0x00007ffd8dcc0000 - 0x00007ffd8dd2d000 	C:\Windows\System32\WS2_32.dll
0x00007ffd88770000 - 0x00007ffd88794000 	C:\Windows\SYSTEM32\WINMM.dll
0x00007ffd7cf40000 - 0x00007ffd7cf4a000 	C:\Windows\SYSTEM32\VERSION.dll
0x00007ffd88740000 - 0x00007ffd8876d000 	C:\Windows\SYSTEM32\WINMMBASE.dll
0x00007ffd8ac50000 - 0x00007ffd8ac9a000 	C:\Windows\System32\cfgmgr32.dll
0x00007ffd7df70000 - 0x00007ffd7df7f000 	C:\Program Files\Android\Android Studio1\jre\jre\bin\verify.dll
0x00007ffd759f0000 - 0x00007ffd75a19000 	C:\Program Files\Android\Android Studio1\jre\jre\bin\java.dll
0x00007ffd7dbc0000 - 0x00007ffd7dbd6000 	C:\Program Files\Android\Android Studio1\jre\jre\bin\zip.dll
0x00007ffd8c490000 - 0x00007ffd8d984000 	C:\Windows\System32\SHELL32.dll
0x00007ffd8c3e0000 - 0x00007ffd8c488000 	C:\Windows\System32\shcore.dll
0x00007ffd8aca0000 - 0x00007ffd8b3ed000 	C:\Windows\System32\windows.storage.dll
0x00007ffd8a5c0000 - 0x00007ffd8a5e4000 	C:\Windows\System32\profapi.dll
0x00007ffd8a560000 - 0x00007ffd8a5bd000 	C:\Windows\System32\powrprof.dll
0x00007ffd8c2c0000 - 0x00007ffd8c312000 	C:\Windows\System32\shlwapi.dll
0x00007ffd8a5f0000 - 0x00007ffd8a601000 	C:\Windows\System32\kernel.appcore.dll
0x00007ffd8b770000 - 0x00007ffd8b787000 	C:\Windows\System32\cryptsp.dll
0x00007ffd84610000 - 0x00007ffd8462a000 	C:\Program Files\Android\Android Studio1\jre\jre\bin\net.dll
0x00007ffd7ffd0000 - 0x00007ffd801a7000 	C:\Windows\SYSTEM32\urlmon.dll
0x00007ffd80460000 - 0x00007ffd80708000 	C:\Windows\SYSTEM32\iertutil.dll
0x00007ffd89f40000 - 0x00007ffd89f4c000 	C:\Windows\SYSTEM32\CRYPTBASE.DLL
0x00007ffd89d70000 - 0x00007ffd89dd7000 	C:\Windows\system32\mswsock.dll
0x00007ffd845f0000 - 0x00007ffd84603000 	C:\Program Files\Android\Android Studio1\jre\jre\bin\nio.dll
0x00007ffd83a70000 - 0x00007ffd83a96000 	C:\Users\deCrypt3d\.gradle\native\30\windows-amd64\native-platform.dll
0x00007ffd845e0000 - 0x00007ffd845ed000 	C:\Program Files\Android\Android Studio1\jre\jre\bin\management.dll
0x00007ffd898f0000 - 0x00007ffd89923000 	C:\Windows\system32\rsaenh.dll
0x00007ffd8a630000 - 0x00007ffd8a656000 	C:\Windows\System32\bcrypt.dll
0x00007ffd8a460000 - 0x00007ffd8a488000 	C:\Windows\SYSTEM32\USERENV.dll
0x00007ffd89a90000 - 0x00007ffd89acd000 	C:\Windows\SYSTEM32\IPHLPAPI.DLL
0x00007ffd8bde0000 - 0x00007ffd8bde8000 	C:\Windows\System32\NSI.dll
0x00007ffd80270000 - 0x00007ffd80286000 	C:\Windows\SYSTEM32\dhcpcsvc6.DLL
0x00007ffd80250000 - 0x00007ffd8026c000 	C:\Windows\SYSTEM32\dhcpcsvc.DLL
0x00007ffd89ad0000 - 0x00007ffd89b96000 	C:\Windows\SYSTEM32\DNSAPI.dll

VM Arguments:
jvm_args: -Xmx1536m -Dfile.encoding=windows-1252 -Duser.country=ID -Duser.language=en -Duser.variant 
java_command: org.gradle.launcher.daemon.bootstrap.GradleDaemon 5.6.4
java_class_path (initial): C:\Users\deCrypt3d\.gradle\wrapper\dists\gradle-5.6.4-all\ankdp27end7byghfw1q2sw75f\gradle-5.6.4\lib\gradle-launcher-5.6.4.jar
Launcher Type: SUN_STANDARD

Environment Variables:
PATH=C:\ProgramData\Oracle\Java\javapath;C:\Program Files (x86)\Common Files\Intel\Shared Files\cpp\bin\Intel64;C:\Windows\system32;C:\Windows;C:\Windows\System32\Wbem;C:\Windows\System32\WindowsPowerShell\v1.0\;C:\xampp\php;C:\ProgramData\ComposerSetup\bin;C:\Program Files\PuTTY\;C:\Program Files\nodejs\;%JAVA_HOME%\bin;C:\SDK\gradle-6.3\bin;C:\Program Files (x86)\GtkSharp\2.12\bin;C:\Users\deCrypt3d\AppData\Local\Microsoft\WindowsApps;C:\Users\deCrypt3d\AppData\Roaming\Composer\vendor\bin;C:\Users\deCrypt3d\AppData\Roaming\npm;
USERNAME=deCrypt3d
OS=Windows_NT
PROCESSOR_IDENTIFIER=Intel64 Family 6 Model 58 Stepping 9, GenuineIntel



---------------  S Y S T E M  ---------------

OS: Windows 10.0 , 64 bit Build 17763 (10.0.17763.475)

CPU:total 2 (initial active 2) (2 cores per cpu, 1 threads per core) family 6 model 58 stepping 9, cmov, cx8, fxsr, mmx, sse, sse2, sse3, ssse3, sse4.1, sse4.2, popcnt, clmul, erms, tsc, tscinvbit, tscinv

Memory: 4k page, physical 3880804k(643488k free), swap 3880804k(4628k free)

vm_info: OpenJDK 64-Bit Server VM (25.212-b04) for windows-amd64 JRE (1.8.0_212-release-1586-b04), built by "builder" with MS VC++ 10.0 (VS2010)

time: Sat Jul 11 23:11:32 2020
timezone: SE Asia Standard Time
elapsed time: 507 seconds (0d 0h 8m 27s)

