#
# There is insufficient memory for the Java Runtime Environment to continue.
# Native memory allocation (malloc) failed to allocate 742096 bytes for Chunk::new
# Possible reasons:
#   The system is out of physical RAM or swap space
#   The process is running with CompressedOops enabled, and the Java Heap may be blocking the growth of the native heap
# Possible solutions:
#   Reduce memory load on the system
#   Increase physical memory or swap space
#   Check if swap backing store is full
#   Decrease Java heap size (-Xmx/-Xms)
#   Decrease number of Java threads
#   Decrease Java thread stack sizes (-Xss)
#   Set larger code cache with -XX:ReservedCodeCacheSize=
#   JVM is running with Unscaled Compressed Oops mode in which the Java heap is
#     placed in the first 4GB address space. The Java Heap base address is the
#     maximum limit for the native heap growth. Please use -XX:HeapBaseMinAddress
#     to set the Java Heap base and to place the Java Heap above 4GB virtual address.
# This output file may be truncated or incomplete.
#
#  Out of Memory Error (allocation.cpp:389), pid=3116, tid=0x00000000000004d0
#
# JRE version: OpenJDK Runtime Environment (8.0_212-b04) (build 1.8.0_212-release-1586-b04)
# Java VM: OpenJDK 64-Bit Server VM (25.212-b04 mixed mode windows-amd64 compressed oops)
# Failed to write core dump. Minidumps are not enabled by default on client versions of Windows
#

---------------  T H R E A D  ---------------

Current thread (0x000000001653a000):  JavaThread "C2 CompilerThread0" daemon [_thread_in_native, id=1232, stack(0x0000000017580000,0x0000000017680000)]

Stack: [0x0000000017580000,0x0000000017680000]
[error occurred during error reporting (printing stack bounds), id 0xc0000005]

Native frames: (J=compiled Java code, j=interpreted, Vv=VM code, C=native code)


Current CompileTask:
C2:   9812 2435       4       org.objectweb.asm.Frame::execute (2318 bytes)


---------------  P R O C E S S  ---------------

Java Threads: ( => current thread )
  0x0000000019dc2800 JavaThread "Cache worker for execution history cache (C:\Users\deCrypt3d\.gradle\caches\5.6.4\executionHistory)" [_thread_blocked, id=5380, stack(0x000000001ef10000,0x000000001f010000)]
  0x00000000197b4800 JavaThread "Cache worker for cache directory md-rule (C:\Users\deCrypt3d\.gradle\caches\5.6.4\md-rule)" [_thread_blocked, id=8248, stack(0x000000001eb10000,0x000000001ec10000)]
  0x00000000197b3000 JavaThread "Cache worker for cache directory md-supplier (C:\Users\deCrypt3d\.gradle\caches\5.6.4\md-supplier)" [_thread_blocked, id=1084, stack(0x000000001ea10000,0x000000001eb10000)]
  0x00000000197b4000 JavaThread "Cache worker for file hash cache (D:\Project Android\PajakAir\.gradle\5.6.4\fileHashes)" [_thread_blocked, id=8320, stack(0x000000001d340000,0x000000001d440000)]
  0x00000000197ae000 JavaThread "Cache worker for journal cache (C:\Users\deCrypt3d\.gradle\caches\journal-1)" [_thread_blocked, id=8328, stack(0x000000001b9a0000,0x000000001baa0000)]
  0x00000000197b1800 JavaThread "File lock request listener" [_thread_in_native, id=7264, stack(0x000000001b8a0000,0x000000001b9a0000)]
  0x00000000197b7800 JavaThread "Cache worker for file hash cache (C:\Users\deCrypt3d\.gradle\caches\5.6.4\fileHashes)" [_thread_blocked, id=9708, stack(0x000000001b7a0000,0x000000001b8a0000)]
  0x00000000196cc800 JavaThread "Thread-9" [_thread_blocked, id=4512, stack(0x000000001b6a0000,0x000000001b7a0000)]
  0x00000000196c9800 JavaThread "Stdin handler" [_thread_blocked, id=9184, stack(0x000000001b5a0000,0x000000001b6a0000)]
  0x00000000196c8800 JavaThread "Asynchronous log dispatcher for DefaultDaemonConnection: socket connection from /127.0.0.1:53029 to /127.0.0.1:53030" [_thread_blocked, id=9864, stack(0x000000001b4a0000,0x000000001b5a0000)]
  0x00000000196c1800 JavaThread "Daemon worker" [_thread_in_vm, id=8956, stack(0x000000001b3a0000,0x000000001b4a0000)]
  0x00000000196ad800 JavaThread "Cancel handler" [_thread_blocked, id=9004, stack(0x000000001b2a0000,0x000000001b3a0000)]
  0x00000000196a2800 JavaThread "Handler for socket connection from /127.0.0.1:53029 to /127.0.0.1:53030" [_thread_in_native, id=3972, stack(0x000000001afa0000,0x000000001b0a0000)]
  0x0000000019696800 JavaThread "Daemon periodic checks" [_thread_blocked, id=7728, stack(0x000000001aea0000,0x000000001afa0000)]
  0x0000000019614800 JavaThread "Daemon" [_thread_blocked, id=9716, stack(0x000000001ada0000,0x000000001aea0000)]
  0x0000000019611800 JavaThread "Incoming local TCP Connector on port 53029" [_thread_in_native, id=9848, stack(0x000000001ab60000,0x000000001ac60000)]
  0x0000000019536800 JavaThread "Daemon health stats" [_thread_blocked, id=9944, stack(0x000000001a520000,0x000000001a620000)]
  0x00000000165ab000 JavaThread "Service Thread" daemon [_thread_blocked, id=7208, stack(0x0000000017780000,0x0000000017880000)]
  0x000000001653d000 JavaThread "C1 CompilerThread1" daemon [_thread_blocked, id=9720, stack(0x0000000017680000,0x0000000017780000)]
=>0x000000001653a000 JavaThread "C2 CompilerThread0" daemon [_thread_in_native, id=1232, stack(0x0000000017580000,0x0000000017680000)]
  0x0000000016539000 JavaThread "Attach Listener" daemon [_thread_blocked, id=3616, stack(0x0000000017480000,0x0000000017580000)]
  0x0000000016534000 JavaThread "Signal Dispatcher" daemon [_thread_blocked, id=2692, stack(0x0000000017380000,0x0000000017480000)]
  0x0000000002e06800 JavaThread "Finalizer" daemon [_thread_blocked, id=4616, stack(0x0000000017180000,0x0000000017280000)]
  0x0000000016527000 JavaThread "Reference Handler" daemon [_thread_blocked, id=8292, stack(0x0000000017080000,0x0000000017180000)]
  0x00000000013fe000 JavaThread "main" [_thread_blocked, id=2012, stack(0x0000000002c10000,0x0000000002d10000)]

Other Threads:
  0x0000000016505800 VMThread [stack: 0x0000000016f80000,0x0000000017080000] [id=8140]
  0x00000000165ad800 WatcherThread [stack: 0x0000000017880000,0x0000000017980000] [id=7100]

VM state:not at safepoint (normal execution)

VM Mutex/Monitor currently owned by a thread: None

heap address: 0x00000000a0000000, size: 1536 MB, Compressed Oops mode: 32-bit
Narrow klass base: 0x0000000000000000, Narrow klass shift: 3
Compressed class space size: 1073741824 Address: 0x0000000100000000

Heap:
 PSYoungGen      total 129024K, used 35018K [0x00000000e0000000, 0x00000000e8700000, 0x0000000100000000)
  eden space 119808K, 21% used [0x00000000e0000000,0x00000000e193a608,0x00000000e7500000)
  from space 9216K, 99% used [0x00000000e7500000,0x00000000e7df82a8,0x00000000e7e00000)
  to   space 8704K, 0% used [0x00000000e7e80000,0x00000000e7e80000,0x00000000e8700000)
 ParOldGen       total 33792K, used 11936K [0x00000000a0000000, 0x00000000a2100000, 0x00000000e0000000)
  object space 33792K, 35% used [0x00000000a0000000,0x00000000a0ba82b0,0x00000000a2100000)
 Metaspace       used 31980K, capacity 32418K, committed 32768K, reserved 1077248K
  class space    used 4374K, capacity 4528K, committed 4608K, reserved 1048576K

Card table byte_map: [0x00000000121d0000,0x00000000124e0000] byte_map_base: 0x0000000011cd0000

Marking Bits: (ParMarkBitMap*) 0x0000000059409f30
 Begin Bits: [0x00000000128e0000, 0x00000000140e0000)
 End Bits:   [0x00000000140e0000, 0x00000000158e0000)

Polling page: 0x0000000000f50000

CodeCache: size=245760Kb used=9411Kb max_used=9423Kb free=236348Kb
 bounds [0x0000000002e10000, 0x0000000003750000, 0x0000000011e10000]
 total_blobs=3115 nmethods=2435 adapters=594
 compilation: enabled

Compilation events (10 events):
Event: 9.666 Thread 0x000000001653d000 2434       3       org.objectweb.asm.FieldVisitor::<init> (66 bytes)
Event: 9.667 Thread 0x000000001653d000 nmethod 2434 0x0000000003733390 code [0x0000000003733580, 0x0000000003733ed8]
Event: 9.679 Thread 0x000000001653d000 2436   !   3       sun.reflect.annotation.AnnotationParser::parseAnnotation2 (284 bytes)
Event: 9.682 Thread 0x000000001653d000 nmethod 2436 0x0000000003743310 code [0x00000000037436c0, 0x00000000037453f8]
Event: 9.684 Thread 0x000000001653d000 2437       3       java.lang.StringBuilder::getChars (10 bytes)
Event: 9.684 Thread 0x000000001653d000 nmethod 2437 0x000000000372ee10 code [0x000000000372ef80, 0x000000000372f108]
Event: 9.688 Thread 0x000000001653a000 nmethod 2430 0x000000000373f090 code [0x000000000373f1e0, 0x000000000373fb28]
Event: 9.688 Thread 0x000000001653a000 2435       4       org.objectweb.asm.Frame::execute (2318 bytes)
Event: 9.801 Thread 0x000000001653d000 2438       1       org.slf4j.impl.StaticLoggerBinder::getLoggerFactory (5 bytes)
Event: 9.801 Thread 0x000000001653d000 nmethod 2438 0x000000000373edd0 code [0x000000000373ef20, 0x000000000373f030]

GC Heap History (10 events):
Event: 4.778 GC heap before
{Heap before GC invocations=6 (full 0):
 PSYoungGen      total 33280K, used 33248K [0x00000000e0000000, 0x00000000e4700000, 0x0000000100000000)
  eden space 30720K, 100% used [0x00000000e0000000,0x00000000e1e00000,0x00000000e1e00000)
  from space 2560K, 98% used [0x00000000e1e00000,0x00000000e2078020,0x00000000e2080000)
  to   space 5632K, 0% used [0x00000000e4180000,0x00000000e4180000,0x00000000e4700000)
 ParOldGen       total 40960K, used 4541K [0x00000000a0000000, 0x00000000a2800000, 0x00000000e0000000)
  object space 40960K, 11% used [0x00000000a0000000,0x00000000a046f658,0x00000000a2800000)
 Metaspace       used 14355K, capacity 14750K, committed 14976K, reserved 1062912K
  class space    used 1981K, capacity 2117K, committed 2176K, reserved 1048576K
Event: 4.796 GC heap after
Heap after GC invocations=6 (full 0):
 PSYoungGen      total 65536K, used 5610K [0x00000000e0000000, 0x00000000e4a00000, 0x0000000100000000)
  eden space 59904K, 0% used [0x00000000e0000000,0x00000000e0000000,0x00000000e3a80000)
  from space 5632K, 99% used [0x00000000e4180000,0x00000000e46fa988,0x00000000e4700000)
  to   space 7168K, 0% used [0x00000000e3a80000,0x00000000e3a80000,0x00000000e4180000)
 ParOldGen       total 40960K, used 4910K [0x00000000a0000000, 0x00000000a2800000, 0x00000000e0000000)
  object space 40960K, 11% used [0x00000000a0000000,0x00000000a04cbbe0,0x00000000a2800000)
 Metaspace       used 14355K, capacity 14750K, committed 14976K, reserved 1062912K
  class space    used 1981K, capacity 2117K, committed 2176K, reserved 1048576K
}
Event: 6.167 GC heap before
{Heap before GC invocations=7 (full 0):
 PSYoungGen      total 65536K, used 65514K [0x00000000e0000000, 0x00000000e4a00000, 0x0000000100000000)
  eden space 59904K, 100% used [0x00000000e0000000,0x00000000e3a80000,0x00000000e3a80000)
  from space 5632K, 99% used [0x00000000e4180000,0x00000000e46fa988,0x00000000e4700000)
  to   space 7168K, 0% used [0x00000000e3a80000,0x00000000e3a80000,0x00000000e4180000)
 ParOldGen       total 40960K, used 4910K [0x00000000a0000000, 0x00000000a2800000, 0x00000000e0000000)
  object space 40960K, 11% used [0x00000000a0000000,0x00000000a04cbbe0,0x00000000a2800000)
 Metaspace       used 19266K, capacity 19712K, committed 19840K, reserved 1067008K
  class space    used 2784K, capacity 2942K, committed 2944K, reserved 1048576K
Event: 6.203 GC heap after
Heap after GC invocations=7 (full 0):
 PSYoungGen      total 67072K, used 7166K [0x00000000e0000000, 0x00000000e8800000, 0x0000000100000000)
  eden space 59904K, 0% used [0x00000000e0000000,0x00000000e0000000,0x00000000e3a80000)
  from space 7168K, 99% used [0x00000000e3a80000,0x00000000e417f948,0x00000000e4180000)
  to   space 9728K, 0% used [0x00000000e7e80000,0x00000000e7e80000,0x00000000e8800000)
 ParOldGen       total 40960K, used 7341K [0x00000000a0000000, 0x00000000a2800000, 0x00000000e0000000)
  object space 40960K, 17% used [0x00000000a0000000,0x00000000a072b4f8,0x00000000a2800000)
 Metaspace       used 19266K, capacity 19712K, committed 19840K, reserved 1067008K
  class space    used 2784K, capacity 2942K, committed 2944K, reserved 1048576K
}
Event: 6.488 GC heap before
{Heap before GC invocations=8 (full 0):
 PSYoungGen      total 67072K, used 15077K [0x00000000e0000000, 0x00000000e8800000, 0x0000000100000000)
  eden space 59904K, 13% used [0x00000000e0000000,0x00000000e07b9c80,0x00000000e3a80000)
  from space 7168K, 99% used [0x00000000e3a80000,0x00000000e417f948,0x00000000e4180000)
  to   space 9728K, 0% used [0x00000000e7e80000,0x00000000e7e80000,0x00000000e8800000)
 ParOldGen       total 40960K, used 7341K [0x00000000a0000000, 0x00000000a2800000, 0x00000000e0000000)
  object space 40960K, 17% used [0x00000000a0000000,0x00000000a072b4f8,0x00000000a2800000)
 Metaspace       used 20726K, capacity 21120K, committed 21248K, reserved 1067008K
  class space    used 2931K, capacity 3070K, committed 3072K, reserved 1048576K
Event: 6.503 GC heap after
Heap after GC invocations=8 (full 0):
 PSYoungGen      total 128512K, used 4938K [0x00000000e0000000, 0x00000000e8700000, 0x0000000100000000)
  eden space 119808K, 0% used [0x00000000e0000000,0x00000000e0000000,0x00000000e7500000)
  from space 8704K, 56% used [0x00000000e7e80000,0x00000000e8352aa0,0x00000000e8700000)
  to   space 9216K, 0% used [0x00000000e7500000,0x00000000e7500000,0x00000000e7e00000)
 ParOldGen       total 40960K, used 7989K [0x00000000a0000000, 0x00000000a2800000, 0x00000000e0000000)
  object space 40960K, 19% used [0x00000000a0000000,0x00000000a07cd4f8,0x00000000a2800000)
 Metaspace       used 20726K, capacity 21120K, committed 21248K, reserved 1067008K
  class space    used 2931K, capacity 3070K, committed 3072K, reserved 1048576K
}
Event: 6.504 GC heap before
{Heap before GC invocations=9 (full 1):
 PSYoungGen      total 128512K, used 4938K [0x00000000e0000000, 0x00000000e8700000, 0x0000000100000000)
  eden space 119808K, 0% used [0x00000000e0000000,0x00000000e0000000,0x00000000e7500000)
  from space 8704K, 56% used [0x00000000e7e80000,0x00000000e8352aa0,0x00000000e8700000)
  to   space 9216K, 0% used [0x00000000e7500000,0x00000000e7500000,0x00000000e7e00000)
 ParOldGen       total 40960K, used 7989K [0x00000000a0000000, 0x00000000a2800000, 0x00000000e0000000)
  object space 40960K, 19% used [0x00000000a0000000,0x00000000a07cd4f8,0x00000000a2800000)
 Metaspace       used 20726K, capacity 21120K, committed 21248K, reserved 1067008K
  class space    used 2931K, capacity 3070K, committed 3072K, reserved 1048576K
Event: 6.603 GC heap after
Heap after GC invocations=9 (full 1):
 PSYoungGen      total 128512K, used 0K [0x00000000e0000000, 0x00000000e8700000, 0x0000000100000000)
  eden space 119808K, 0% used [0x00000000e0000000,0x00000000e0000000,0x00000000e7500000)
  from space 8704K, 0% used [0x00000000e7e80000,0x00000000e7e80000,0x00000000e8700000)
  to   space 9216K, 0% used [0x00000000e7500000,0x00000000e7500000,0x00000000e7e00000)
 ParOldGen       total 33792K, used 9697K [0x00000000a0000000, 0x00000000a2100000, 0x00000000e0000000)
  object space 33792K, 28% used [0x00000000a0000000,0x00000000a0978448,0x00000000a2100000)
 Metaspace       used 20726K, capacity 21120K, committed 21248K, reserved 1067008K
  class space    used 2931K, capacity 3070K, committed 3072K, reserved 1048576K
}
Event: 9.410 GC heap before
{Heap before GC invocations=10 (full 1):
 PSYoungGen      total 128512K, used 119808K [0x00000000e0000000, 0x00000000e8700000, 0x0000000100000000)
  eden space 119808K, 100% used [0x00000000e0000000,0x00000000e7500000,0x00000000e7500000)
  from space 8704K, 0% used [0x00000000e7e80000,0x00000000e7e80000,0x00000000e8700000)
  to   space 9216K, 0% used [0x00000000e7500000,0x00000000e7500000,0x00000000e7e00000)
 ParOldGen       total 33792K, used 9697K [0x00000000a0000000, 0x00000000a2100000, 0x00000000e0000000)
  object space 33792K, 28% used [0x00000000a0000000,0x00000000a0978448,0x00000000a2100000)
 Metaspace       used 30986K, capacity 31426K, committed 31872K, reserved 1077248K
  class space    used 4221K, capacity 4368K, committed 4480K, reserved 1048576K
Event: 9.462 GC heap after
Heap after GC invocations=10 (full 1):
 PSYoungGen      total 129024K, used 9184K [0x00000000e0000000, 0x00000000e8700000, 0x0000000100000000)
  eden space 119808K, 0% used [0x00000000e0000000,0x00000000e0000000,0x00000000e7500000)
  from space 9216K, 99% used [0x00000000e7500000,0x00000000e7df82a8,0x00000000e7e00000)
  to   space 8704K, 0% used [0x00000000e7e80000,0x00000000e7e80000,0x00000000e8700000)
 ParOldGen       total 33792K, used 11936K [0x00000000a0000000, 0x00000000a2100000, 0x00000000e0000000)
  object space 33792K, 35% used [0x00000000a0000000,0x00000000a0ba82b0,0x00000000a2100000)
 Metaspace       used 30986K, capacity 31426K, committed 31872K, reserved 1077248K
  class space    used 4221K, capacity 4368K, committed 4480K, reserved 1048576K
}

Deoptimization events (10 events):
Event: 7.134 Thread 0x00000000196c1800 Uncommon trap: reason=class_check action=maybe_recompile pc=0x00000000034294dc method=sun.misc.URLClassPath.getLoader(I)Lsun/misc/URLClassPath$Loader; @ 239
Event: 7.176 Thread 0x00000000196c1800 Uncommon trap: reason=class_check action=maybe_recompile pc=0x00000000034294dc method=sun.misc.URLClassPath.getLoader(I)Lsun/misc/URLClassPath$Loader; @ 239
Event: 7.707 Thread 0x00000000196c1800 Uncommon trap: reason=unstable_if action=reinterpret pc=0x00000000032e1120 method=java.util.HashMap.hash(Ljava/lang/Object;)I @ 1
Event: 7.868 Thread 0x00000000196c1800 Uncommon trap: reason=unstable_if action=reinterpret pc=0x00000000030cf634 method=java.util.HashMap.getNode(ILjava/lang/Object;)Ljava/util/HashMap$Node; @ 53
Event: 7.868 Thread 0x00000000196c1800 Uncommon trap: reason=unstable_if action=reinterpret pc=0x0000000003038ff0 method=java.util.HashMap.hash(Ljava/lang/Object;)I @ 1
Event: 7.993 Thread 0x00000000196c1800 Uncommon trap: reason=unstable_if action=reinterpret pc=0x00000000030d8670 method=java.util.LinkedHashMap.afterNodeInsertion(Z)V @ 1
Event: 8.383 Thread 0x00000000196c1800 Uncommon trap: reason=class_check action=maybe_recompile pc=0x0000000003429044 method=sun.misc.URLClassPath.getLoader(I)Lsun/misc/URLClassPath$Loader; @ 94
Event: 8.395 Thread 0x00000000196c1800 Uncommon trap: reason=class_check action=maybe_recompile pc=0x00000000034438c4 method=sun.misc.URLClassPath.getLoader(I)Lsun/misc/URLClassPath$Loader; @ 239
Event: 8.563 Thread 0x00000000196c1800 Uncommon trap: reason=unstable_if action=reinterpret pc=0x00000000030cddfc method=java.io.WinNTFileSystem.resolve(Ljava/lang/String;Ljava/lang/String;)Ljava/lang/String; @ 49
Event: 9.463 Thread 0x0000000016527000 Uncommon trap: reason=unstable_if action=reinterpret pc=0x00000000033f9afc method=java.lang.ref.Reference.tryHandlePending(Z)Z @ 104

Classes redefined (0 events):
No events

Internal exceptions (10 events):
Event: 8.748 Thread 0x00000000196c1800 Exception <a 'java/lang/ClassNotFoundException': org/gradle/api/internal/DefaultDomainObjectCollectionCustomizer> (0x00000000e4ef3628) thrown at [D:\src\AOSP-openjdk-cygwin\jdk8u\hotspot\src\share\vm\classfile\systemDictionary.cpp, line 210]
Event: 8.760 Thread 0x00000000196c1800 Exception <a 'java/lang/ClassNotFoundException': org/gradle/api/internal/DefaultNamedDomainObjectCollectionCustomizer> (0x00000000e4f52338) thrown at [D:\src\AOSP-openjdk-cygwin\jdk8u\hotspot\src\share\vm\classfile\systemDictionary.cpp, line 210]
Event: 8.769 Thread 0x00000000196c1800 Exception <a 'java/lang/ClassNotFoundException': org/gradle/api/internal/DefaultNamedDomainObjectListCustomizer> (0x00000000e4fc7ae0) thrown at [D:\src\AOSP-openjdk-cygwin\jdk8u\hotspot\src\share\vm\classfile\systemDictionary.cpp, line 210]
Event: 8.780 Thread 0x00000000196c1800 Exception <a 'java/lang/ClassNotFoundException': org/gradle/api/internal/artifacts/DefaultArtifactRepositoryContainerCustomizer> (0x00000000e503da88) thrown at [D:\src\AOSP-openjdk-cygwin\jdk8u\hotspot\src\share\vm\classfile\systemDictionary.cpp, line 210
Event: 8.784 Thread 0x00000000196c1800 Exception <a 'java/lang/ClassNotFoundException': org/gradle/api/internal/artifacts/dsl/DefaultRepositoryHandlerCustomizer> (0x00000000e50a3918) thrown at [D:\src\AOSP-openjdk-cygwin\jdk8u\hotspot\src\share\vm\classfile\systemDictionary.cpp, line 210]
Event: 8.792 Thread 0x00000000196c1800 Exception <a 'java/lang/ClassNotFoundException': org/gradle/api/internal/artifacts/dsl/DefaultRepositoryHandler_DecoratedCustomizer> (0x00000000e51209b8) thrown at [D:\src\AOSP-openjdk-cygwin\jdk8u\hotspot\src\share\vm\classfile\systemDictionary.cpp, line
Event: 9.550 Thread 0x00000000196c1800 Exception <a 'java/lang/ClassNotFoundException': org/gradle/api/internal/artifacts/dsl/dependencies/DefaultDependencyHandler_DecoratedBeanInfo> (0x00000000e04ee520) thrown at [D:\src\AOSP-openjdk-cygwin\jdk8u\hotspot\src\share\vm\classfile\systemDictionar
Event: 9.552 Thread 0x00000000196c1800 Exception <a 'java/lang/ClassNotFoundException': org/gradle/api/internal/artifacts/dsl/dependencies/DefaultDependencyHandlerBeanInfo> (0x00000000e05471d0) thrown at [D:\src\AOSP-openjdk-cygwin\jdk8u\hotspot\src\share\vm\classfile\systemDictionary.cpp, lin
Event: 9.553 Thread 0x00000000196c1800 Exception <a 'java/lang/ClassNotFoundException': org/gradle/api/internal/artifacts/dsl/dependencies/DefaultDependencyHandlerCustomizer> (0x00000000e05a0d08) thrown at [D:\src\AOSP-openjdk-cygwin\jdk8u\hotspot\src\share\vm\classfile\systemDictionary.cpp, l
Event: 9.560 Thread 0x00000000196c1800 Exception <a 'java/lang/ClassNotFoundException': org/gradle/api/internal/artifacts/dsl/dependencies/DefaultDependencyHandler_DecoratedCustomizer> (0x00000000e06306c0) thrown at [D:\src\AOSP-openjdk-cygwin\jdk8u\hotspot\src\share\vm\classfile\systemDiction

Events (10 events):
Event: 9.806 loading class org/gradle/api/internal/artifacts/ivyservice/resolveengine/graph/conflicts/CapabilitiesConflictHandler$Candidate
Event: 9.806 loading class org/gradle/api/internal/artifacts/ivyservice/resolveengine/graph/conflicts/CapabilitiesConflictHandler$Candidate done
Event: 9.807 loading class org/gradle/api/internal/artifacts/ivyservice/resolveengine/graph/conflicts/PotentialConflict
Event: 9.807 loading class org/gradle/api/internal/artifacts/ivyservice/resolveengine/graph/conflicts/PotentialConflict done
Event: 9.808 loading class org/gradle/api/internal/artifacts/ivyservice/resolveengine/graph/conflicts/UserConfiguredCapabilityResolver
Event: 9.808 loading class org/gradle/api/internal/artifacts/ivyservice/resolveengine/graph/conflicts/UserConfiguredCapabilityResolver done
Event: 9.809 loading class org/gradle/api/internal/artifacts/ivyservice/resolveengine/graph/conflicts/LastCandidateCapabilityResolver
Event: 9.809 loading class org/gradle/api/internal/artifacts/ivyservice/resolveengine/graph/conflicts/LastCandidateCapabilityResolver done
Event: 9.810 loading class org/gradle/api/internal/artifacts/ivyservice/resolveengine/graph/conflicts/RejectRemainingCandidates
Event: 9.810 loading class org/gradle/api/internal/artifacts/ivyservice/resolveengine/graph/conflicts/RejectRemainingCandidates done


Dynamic libraries:
0x00007ff784e90000 - 0x00007ff784ec1000 	C:\Program Files\Android\Android Studio1\jre\bin\java.exe
0x00007ffa1ace0000 - 0x00007ffa1aecd000 	C:\Windows\SYSTEM32\ntdll.dll
0x00007ffa18910000 - 0x00007ffa189c3000 	C:\Windows\System32\KERNEL32.DLL
0x00007ffa17c90000 - 0x00007ffa17f23000 	C:\Windows\System32\KERNELBASE.dll
0x00007ffa187f0000 - 0x00007ffa18893000 	C:\Windows\System32\ADVAPI32.dll
0x00007ffa1a320000 - 0x00007ffa1a3be000 	C:\Windows\System32\msvcrt.dll
0x00007ffa186f0000 - 0x00007ffa1878e000 	C:\Windows\System32\sechost.dll
0x00007ffa183b0000 - 0x00007ffa184d2000 	C:\Windows\System32\RPCRT4.dll
0x00007ffa1a4a0000 - 0x00007ffa1a637000 	C:\Windows\System32\USER32.dll
0x00007ffa16f80000 - 0x00007ffa16fa0000 	C:\Windows\System32\win32u.dll
0x00007ffa1acb0000 - 0x00007ffa1acd9000 	C:\Windows\System32\GDI32.dll
0x00007ffa178c0000 - 0x00007ffa17a59000 	C:\Windows\System32\gdi32full.dll
0x00007ffa16e80000 - 0x00007ffa16f20000 	C:\Windows\System32\msvcp_win.dll
0x00007ffa177c0000 - 0x00007ffa178ba000 	C:\Windows\System32\ucrtbase.dll
0x00007ffa0b1d0000 - 0x00007ffa0b449000 	C:\Windows\WinSxS\amd64_microsoft.windows.common-controls_6595b64144ccf1df_6.0.17763.1098_none_de762ed45346ee8a\COMCTL32.dll
0x00007ffa1a7d0000 - 0x00007ffa1aafc000 	C:\Windows\System32\combase.dll
0x00007ffa17740000 - 0x00007ffa177be000 	C:\Windows\System32\bcryptPrimitives.dll
0x00007ffa18aa0000 - 0x00007ffa18ace000 	C:\Windows\System32\IMM32.DLL
0x0000000059930000 - 0x0000000059a02000 	C:\Program Files\Android\Android Studio1\jre\jre\bin\msvcr100.dll
0x0000000058c40000 - 0x0000000059486000 	C:\Program Files\Android\Android Studio1\jre\jre\bin\server\jvm.dll
0x00007ffa188a0000 - 0x00007ffa188a8000 	C:\Windows\System32\PSAPI.DLL
0x00007ff9fdf00000 - 0x00007ff9fdf09000 	C:\Windows\SYSTEM32\WSOCK32.dll
0x00007ffa14e80000 - 0x00007ffa14ea4000 	C:\Windows\SYSTEM32\WINMM.dll
0x00007ffa18ae0000 - 0x00007ffa18b4d000 	C:\Windows\System32\WS2_32.dll
0x00007ffa078d0000 - 0x00007ffa078da000 	C:\Windows\SYSTEM32\VERSION.dll
0x00007ffa14e50000 - 0x00007ffa14e7d000 	C:\Windows\SYSTEM32\WINMMBASE.dll
0x00007ffa176f0000 - 0x00007ffa1773a000 	C:\Windows\System32\cfgmgr32.dll
0x00007ffa13610000 - 0x00007ffa1361f000 	C:\Program Files\Android\Android Studio1\jre\jre\bin\verify.dll
0x00007ffa0fef0000 - 0x00007ffa0ff19000 	C:\Program Files\Android\Android Studio1\jre\jre\bin\java.dll
0x00007ffa0fed0000 - 0x00007ffa0fee6000 	C:\Program Files\Android\Android Studio1\jre\jre\bin\zip.dll
0x00007ffa18e20000 - 0x00007ffa1a314000 	C:\Windows\System32\SHELL32.dll
0x00007ffa1a660000 - 0x00007ffa1a708000 	C:\Windows\System32\shcore.dll
0x00007ffa16fa0000 - 0x00007ffa176ed000 	C:\Windows\System32\windows.storage.dll
0x00007ffa16d80000 - 0x00007ffa16da4000 	C:\Windows\System32\profapi.dll
0x00007ffa16d20000 - 0x00007ffa16d7d000 	C:\Windows\System32\powrprof.dll
0x00007ffa1a3c0000 - 0x00007ffa1a412000 	C:\Windows\System32\shlwapi.dll
0x00007ffa16db0000 - 0x00007ffa16dc1000 	C:\Windows\System32\kernel.appcore.dll
0x00007ffa17c70000 - 0x00007ffa17c87000 	C:\Windows\System32\cryptsp.dll
0x00007ffa0e5f0000 - 0x00007ffa0e60a000 	C:\Program Files\Android\Android Studio1\jre\jre\bin\net.dll
0x00007ffa0c7a0000 - 0x00007ffa0c977000 	C:\Windows\SYSTEM32\urlmon.dll
0x00007ffa0cbd0000 - 0x00007ffa0ce78000 	C:\Windows\SYSTEM32\iertutil.dll
0x00007ffa166e0000 - 0x00007ffa166ec000 	C:\Windows\SYSTEM32\CRYPTBASE.DLL
0x00007ffa16510000 - 0x00007ffa16577000 	C:\Windows\system32\mswsock.dll
0x00007ffa0e5d0000 - 0x00007ffa0e5e3000 	C:\Program Files\Android\Android Studio1\jre\jre\bin\nio.dll
0x00007ffa0fd20000 - 0x00007ffa0fd46000 	C:\Users\deCrypt3d\.gradle\native\30\windows-amd64\native-platform.dll
0x00007ffa0e5c0000 - 0x00007ffa0e5cd000 	C:\Program Files\Android\Android Studio1\jre\jre\bin\management.dll
0x00007ffa16090000 - 0x00007ffa160c3000 	C:\Windows\system32\rsaenh.dll
0x00007ffa17a60000 - 0x00007ffa17a86000 	C:\Windows\System32\bcrypt.dll
0x00007ffa16c30000 - 0x00007ffa16c58000 	C:\Windows\SYSTEM32\USERENV.dll
0x00007ffa16230000 - 0x00007ffa1626d000 	C:\Windows\SYSTEM32\IPHLPAPI.DLL
0x00007ffa18ad0000 - 0x00007ffa18ad8000 	C:\Windows\System32\NSI.dll
0x00007ffa0ed60000 - 0x00007ffa0ed76000 	C:\Windows\SYSTEM32\dhcpcsvc6.DLL
0x00007ffa0ec50000 - 0x00007ffa0ec6c000 	C:\Windows\SYSTEM32\dhcpcsvc.DLL
0x00007ffa16270000 - 0x00007ffa16336000 	C:\Windows\SYSTEM32\DNSAPI.dll

VM Arguments:
jvm_args: -Xmx1536m -Dfile.encoding=windows-1252 -Duser.country=ID -Duser.language=en -Duser.variant 
java_command: org.gradle.launcher.daemon.bootstrap.GradleDaemon 5.6.4
java_class_path (initial): C:\Users\deCrypt3d\.gradle\wrapper\dists\gradle-5.6.4-all\ankdp27end7byghfw1q2sw75f\gradle-5.6.4\lib\gradle-launcher-5.6.4.jar
Launcher Type: SUN_STANDARD

Environment Variables:
PATH=C:\ProgramData\Oracle\Java\javapath;C:\Program Files (x86)\Common Files\Intel\Shared Files\cpp\bin\Intel64;C:\Windows\system32;C:\Windows;C:\Windows\System32\Wbem;C:\Windows\System32\WindowsPowerShell\v1.0\;C:\xampp\php;C:\ProgramData\ComposerSetup\bin;C:\Program Files\PuTTY\;C:\Program Files\nodejs\;%JAVA_HOME%\bin;C:\SDK\gradle-6.3\bin;C:\Users\deCrypt3d\AppData\Local\Microsoft\WindowsApps;C:\Users\deCrypt3d\AppData\Roaming\Composer\vendor\bin;C:\Users\deCrypt3d\AppData\Roaming\npm;
USERNAME=deCrypt3d
OS=Windows_NT
PROCESSOR_IDENTIFIER=Intel64 Family 6 Model 58 Stepping 9, GenuineIntel



---------------  S Y S T E M  ---------------

OS: Windows 10.0 , 64 bit Build 17763 (10.0.17763.475)

CPU:total 2 (initial active 2) (2 cores per cpu, 1 threads per core) family 6 model 58 stepping 9, cmov, cx8, fxsr, mmx, sse, sse2, sse3, ssse3, sse4.1, sse4.2, popcnt, clmul, erms, tsc, tscinvbit, tscinv

Memory: 4k page, physical 3880804k(415420k free), swap 3880804k(5644k free)

vm_info: OpenJDK 64-Bit Server VM (25.212-b04) for windows-amd64 JRE (1.8.0_212-release-1586-b04), built by "builder" with MS VC++ 10.0 (VS2010)

time: Tue Jun 23 18:41:01 2020
timezone: SE Asia Standard Time
elapsed time: 9 seconds (0d 0h 0m 9s)

