#
# There is insufficient memory for the Java Runtime Environment to continue.
# Native memory allocation (malloc) failed to allocate 1279616 bytes for Chunk::new
# Possible reasons:
#   The system is out of physical RAM or swap space
#   The process is running with CompressedOops enabled, and the Java Heap may be blocking the growth of the native heap
# Possible solutions:
#   Reduce memory load on the system
#   Increase physical memory or swap space
#   Check if swap backing store is full
#   Decrease Java heap size (-Xmx/-Xms)
#   Decrease number of Java threads
#   Decrease Java thread stack sizes (-Xss)
#   Set larger code cache with -XX:ReservedCodeCacheSize=
#   JVM is running with Unscaled Compressed Oops mode in which the Java heap is
#     placed in the first 4GB address space. The Java Heap base address is the
#     maximum limit for the native heap growth. Please use -XX:HeapBaseMinAddress
#     to set the Java Heap base and to place the Java Heap above 4GB virtual address.
# This output file may be truncated or incomplete.
#
#  Out of Memory Error (allocation.cpp:389), pid=9708, tid=0x00000000000009c0
#
# JRE version: OpenJDK Runtime Environment (8.0_212-b04) (build 1.8.0_212-release-1586-b04)
# Java VM: OpenJDK 64-Bit Server VM (25.212-b04 mixed mode windows-amd64 compressed oops)
# Failed to write core dump. Minidumps are not enabled by default on client versions of Windows
#

---------------  T H R E A D  ---------------

Current thread (0x00000000165b9800):  JavaThread "C2 CompilerThread0" daemon [_thread_in_native, id=2496, stack(0x0000000017620000,0x0000000017720000)]

Stack: [0x0000000017620000,0x0000000017720000]
[error occurred during error reporting (printing stack bounds), id 0xc0000005]

Native frames: (J=compiled Java code, j=interpreted, Vv=VM code, C=native code)


Current CompileTask:
C2: 202970 14115   !   4       java.nio.file.Files::walkFileTree (355 bytes)


---------------  P R O C E S S  ---------------

Java Threads: ( => current thread )
  0x0000000018078000 JavaThread "WorkerExecutor Queue Thread 2" [_thread_in_Java, id=9500, stack(0x0000000025dd0000,0x0000000025ed0000)]
  0x000000001807c800 JavaThread "WorkerExecutor Queue" [_thread_blocked, id=9672, stack(0x0000000025cd0000,0x0000000025dd0000)]
  0x000000001807a000 JavaThread "ForkJoinPool.commonPool-worker-1" daemon [_thread_blocked, id=8260, stack(0x0000000025ad0000,0x0000000025bd0000)]
  0x0000000018079800 JavaThread "Cache worker for Java compile cache (D:\Semangat Tugas Akhir\Main Project\PajakAir\.gradle\5.6.4\javaCompile)" [_thread_blocked, id=1892, stack(0x00000000259d0000,0x0000000025ad0000)]
  0x0000000018074000 JavaThread "Cache worker for Java compile cache (C:\Users\deCrypt3d\.gradle\caches\5.6.4\javaCompile)" [_thread_blocked, id=5636, stack(0x00000000258d0000,0x00000000259d0000)]
  0x0000000018500800 JavaThread "Cache worker for execution history cache (D:\Semangat Tugas Akhir\Main Project\PajakAir\.gradle\5.6.4\executionHistory)" [_thread_blocked, id=5992, stack(0x00000000257d0000,0x00000000258d0000)]
  0x00000000184ff800 JavaThread "Execution worker for ':'" [_thread_blocked, id=9408, stack(0x00000000256d0000,0x00000000257d0000)]
  0x0000000018506800 JavaThread "Cache worker for file content cache (D:\Semangat Tugas Akhir\Main Project\PajakAir\.gradle\5.6.4\fileContent)" [_thread_blocked, id=9196, stack(0x00000000255d0000,0x00000000256d0000)]
  0x000000001995f000 JavaThread "Cache worker for Build Output Cleanup Cache (D:\Semangat Tugas Akhir\Main Project\PajakAir\.gradle\buildOutputCleanup)" [_thread_blocked, id=9092, stack(0x00000000254d0000,0x00000000255d0000)]
  0x000000001995d800 JavaThread "Build operations Thread 2" [_thread_blocked, id=1700, stack(0x00000000253d0000,0x00000000254d0000)]
  0x000000001995c800 JavaThread "Build operations" [_thread_blocked, id=4368, stack(0x00000000252d0000,0x00000000253d0000)]
  0x000000001995b000 JavaThread "Cache worker for cache directory md-rule (C:\Users\deCrypt3d\.gradle\caches\5.6.4\md-rule)" [_thread_blocked, id=8432, stack(0x00000000251d0000,0x00000000252d0000)]
  0x000000001995f800 JavaThread "Cache worker for cache directory md-supplier (C:\Users\deCrypt3d\.gradle\caches\5.6.4\md-supplier)" [_thread_blocked, id=8852, stack(0x00000000250d0000,0x00000000251d0000)]
  0x0000000019960800 JavaThread "Cache worker for file hash cache (D:\Semangat Tugas Akhir\Main Project\PajakAir\.gradle\5.6.4\fileHashes)" [_thread_blocked, id=8364, stack(0x0000000024fd0000,0x00000000250d0000)]
  0x0000000019953000 JavaThread "Thread-32" [_thread_blocked, id=6796, stack(0x0000000024ed0000,0x0000000024fd0000)]
  0x0000000019956000 JavaThread "Stdin handler" [_thread_blocked, id=9880, stack(0x0000000024dd0000,0x0000000024ed0000)]
  0x0000000019959000 JavaThread "Asynchronous log dispatcher for DefaultDaemonConnection: socket connection from /127.0.0.1:51279 to /127.0.0.1:51308" [_thread_blocked, id=4292, stack(0x0000000024cd0000,0x0000000024dd0000)]
  0x0000000019953800 JavaThread "Daemon worker Thread 2" [_thread_blocked, id=8436, stack(0x0000000024bd0000,0x0000000024cd0000)]
  0x0000000019954800 JavaThread "Cancel handler" [_thread_blocked, id=10216, stack(0x0000000024870000,0x0000000024970000)]
  0x0000000019958000 JavaThread "Handler for socket connection from /127.0.0.1:51279 to /127.0.0.1:51308" [_thread_in_native, id=1692, stack(0x0000000024770000,0x0000000024870000)]
  0x0000000019952000 JavaThread "Daemon Thread 2" [_thread_blocked, id=420, stack(0x0000000024670000,0x0000000024770000)]
  0x0000000019955000 JavaThread "Cache worker for file content cache (C:\Users\deCrypt3d\.gradle\caches\5.6.4\fileContent)" [_thread_blocked, id=6236, stack(0x0000000021730000,0x0000000021830000)]
  0x0000000019957800 JavaThread "Memory manager" [_thread_blocked, id=8048, stack(0x0000000021630000,0x0000000021730000)]
  0x0000000019951800 JavaThread "Cache worker for execution history cache (C:\Users\deCrypt3d\.gradle\caches\5.6.4\executionHistory)" [_thread_blocked, id=9932, stack(0x000000001efb0000,0x000000001f0b0000)]
  0x0000000018501000 JavaThread "Cache worker for journal cache (C:\Users\deCrypt3d\.gradle\caches\journal-1)" [_thread_blocked, id=2832, stack(0x000000001bc40000,0x000000001bd40000)]
  0x0000000018502000 JavaThread "File lock request listener" [_thread_in_native, id=5860, stack(0x000000001bb40000,0x000000001bc40000)]
  0x0000000018503800 JavaThread "Cache worker for file hash cache (C:\Users\deCrypt3d\.gradle\caches\5.6.4\fileHashes)" [_thread_blocked, id=7024, stack(0x000000001b840000,0x000000001b940000)]
  0x0000000019745800 JavaThread "Daemon periodic checks" [_thread_blocked, id=488, stack(0x000000001af40000,0x000000001b040000)]
  0x00000000196f1000 JavaThread "Incoming local TCP Connector on port 51279" [_thread_in_native, id=4328, stack(0x000000001ac00000,0x000000001ad00000)]
  0x00000000195b6800 JavaThread "Daemon health stats" [_thread_blocked, id=8808, stack(0x000000001a5c0000,0x000000001a6c0000)]
  0x000000001662d000 JavaThread "Service Thread" daemon [_thread_blocked, id=7784, stack(0x0000000017820000,0x0000000017920000)]
  0x00000000165bd000 JavaThread "C1 CompilerThread1" daemon [_thread_in_native, id=7492, stack(0x0000000017720000,0x0000000017820000)]
=>0x00000000165b9800 JavaThread "C2 CompilerThread0" daemon [_thread_in_native, id=2496, stack(0x0000000017620000,0x0000000017720000)]
  0x00000000165b8000 JavaThread "Attach Listener" daemon [_thread_blocked, id=3436, stack(0x0000000017520000,0x0000000017620000)]
  0x00000000165b5000 JavaThread "Signal Dispatcher" daemon [_thread_blocked, id=9736, stack(0x0000000017420000,0x0000000017520000)]
  0x0000000002d97800 JavaThread "Finalizer" daemon [_thread_blocked, id=9252, stack(0x0000000017220000,0x0000000017320000)]
  0x00000000165a7000 JavaThread "Reference Handler" daemon [_thread_blocked, id=5208, stack(0x0000000017120000,0x0000000017220000)]
  0x0000000002e8e000 JavaThread "main" [_thread_blocked, id=2468, stack(0x0000000002b40000,0x0000000002c40000)]

Other Threads:
  0x0000000016585800 VMThread [stack: 0x0000000017020000,0x0000000017120000] [id=1488]
  0x000000001662e000 WatcherThread [stack: 0x0000000017920000,0x0000000017a20000] [id=1976]

VM state:not at safepoint (normal execution)

VM Mutex/Monitor currently owned by a thread: None

heap address: 0x00000000a0000000, size: 1536 MB, Compressed Oops mode: 32-bit
Narrow klass base: 0x0000000000000000, Narrow klass shift: 3
Compressed class space size: 1073741824 Address: 0x0000000100000000

Heap:
 PSYoungGen      total 258560K, used 176785K [0x00000000e0000000, 0x00000000f2180000, 0x0000000100000000)
  eden space 223232K, 64% used [0x00000000e0000000,0x00000000e8c941b8,0x00000000eda00000)
  from space 35328K, 92% used [0x00000000eda00000,0x00000000efa10480,0x00000000efc80000)
  to   space 36864K, 0% used [0x00000000efc80000,0x00000000efc80000,0x00000000f2080000)
 ParOldGen       total 101376K, used 67426K [0x00000000a0000000, 0x00000000a6300000, 0x00000000e0000000)
  object space 101376K, 66% used [0x00000000a0000000,0x00000000a41d8938,0x00000000a6300000)
 Metaspace       used 86068K, capacity 89469K, committed 89728K, reserved 1126400K
  class space    used 11281K, capacity 12056K, committed 12160K, reserved 1048576K

Card table byte_map: [0x0000000012250000,0x0000000012560000] byte_map_base: 0x0000000011d50000

Marking Bits: (ParMarkBitMap*) 0x0000000070579f30
 Begin Bits: [0x0000000012960000, 0x0000000014160000)
 End Bits:   [0x0000000014160000, 0x0000000015960000)

Polling page: 0x0000000000bf0000

CodeCache: size=245760Kb used=39519Kb max_used=39904Kb free=206240Kb
 bounds [0x0000000002e90000, 0x00000000055b0000, 0x0000000011e90000]
 total_blobs=13277 nmethods=12402 adapters=788
 compilation: enabled

Compilation events (10 events):
Event: 202.937 Thread 0x00000000165bd000 14292   !   3       com.android.tools.r8.graph.d0::k (89 bytes)
Event: 202.939 Thread 0x00000000165bd000 nmethod 14292 0x0000000004fd38d0 code [0x0000000004fd3b20, 0x0000000004fd4a08]
Event: 202.940 Thread 0x00000000165bd000 14293       2       com.android.tools.r8.s.a.b.m.a::b (453 bytes)
Event: 202.944 Thread 0x00000000165bd000 nmethod 14293 0x0000000004fe34d0 code [0x0000000004fe3800, 0x0000000004fe4a18]
Event: 202.947 Thread 0x00000000165bd000 14294       2       com.android.tools.r8.dex.j$$Lambda$810/865260660::get (8 bytes)
Event: 202.948 Thread 0x00000000165bd000 nmethod 14294 0x0000000004fe3110 code [0x0000000004fe3280, 0x0000000004fe33e8]
Event: 202.948 Thread 0x00000000165bd000 14295       2       com.android.tools.r8.dex.j::a (83 bytes)
Event: 202.949 Thread 0x00000000165bd000 nmethod 14295 0x0000000004fe2b10 code [0x0000000004fe2ca0, 0x0000000004fe2f18]
Event: 202.952 Thread 0x00000000165bd000 14296       2       com.android.tools.r8.s.a.b.m.a::c (1471 bytes)
Event: 202.963 Thread 0x00000000165bd000 nmethod 14296 0x0000000004f5b950 code [0x0000000004f5c1c0, 0x0000000004f603c8]

GC Heap History (10 events):
Event: 36.486 GC heap before
{Heap before GC invocations=17 (full 3):
 PSYoungGen      total 198656K, used 193330K [0x00000000e0000000, 0x00000000eef80000, 0x0000000100000000)
  eden space 179712K, 100% used [0x00000000e0000000,0x00000000eaf80000,0x00000000eaf80000)
  from space 18944K, 71% used [0x00000000eaf80000,0x00000000ebcccbd0,0x00000000ec200000)
  to   space 19968K, 0% used [0x00000000edc00000,0x00000000edc00000,0x00000000eef80000)
 ParOldGen       total 101376K, used 38008K [0x00000000a0000000, 0x00000000a6300000, 0x00000000e0000000)
  object space 101376K, 37% used [0x00000000a0000000,0x00000000a251e308,0x00000000a6300000)
 Metaspace       used 65581K, capacity 67991K, committed 68224K, reserved 1107968K
  class space    used 8995K, capacity 9533K, committed 9600K, reserved 1048576K
Event: 36.608 GC heap after
Heap after GC invocations=17 (full 3):
 PSYoungGen      total 217088K, used 19948K [0x00000000e0000000, 0x00000000f0180000, 0x0000000100000000)
  eden space 197120K, 0% used [0x00000000e0000000,0x00000000e0000000,0x00000000ec080000)
  from space 19968K, 99% used [0x00000000edc00000,0x00000000eef7b0f0,0x00000000eef80000)
  to   space 28160K, 0% used [0x00000000ec080000,0x00000000ec080000,0x00000000edc00000)
 ParOldGen       total 101376K, used 51906K [0x00000000a0000000, 0x00000000a6300000, 0x00000000e0000000)
  object space 101376K, 51% used [0x00000000a0000000,0x00000000a32b0ac0,0x00000000a6300000)
 Metaspace       used 65581K, capacity 67991K, committed 68224K, reserved 1107968K
  class space    used 8995K, capacity 9533K, committed 9600K, reserved 1048576K
}
Event: 189.249 GC heap before
{Heap before GC invocations=18 (full 3):
 PSYoungGen      total 217088K, used 217068K [0x00000000e0000000, 0x00000000f0180000, 0x0000000100000000)
  eden space 197120K, 100% used [0x00000000e0000000,0x00000000ec080000,0x00000000ec080000)
  from space 19968K, 99% used [0x00000000edc00000,0x00000000eef7b0f0,0x00000000eef80000)
  to   space 28160K, 0% used [0x00000000ec080000,0x00000000ec080000,0x00000000edc00000)
 ParOldGen       total 101376K, used 51906K [0x00000000a0000000, 0x00000000a6300000, 0x00000000e0000000)
  object space 101376K, 51% used [0x00000000a0000000,0x00000000a32b0ac0,0x00000000a6300000)
 Metaspace       used 74624K, capacity 77407K, committed 77696K, reserved 1116160K
  class space    used 9923K, capacity 10583K, committed 10624K, reserved 1048576K
Event: 189.345 GC heap after
Heap after GC invocations=18 (full 3):
 PSYoungGen      total 225280K, used 28155K [0x00000000e0000000, 0x00000000f2080000, 0x0000000100000000)
  eden space 197120K, 0% used [0x00000000e0000000,0x00000000e0000000,0x00000000ec080000)
  from space 28160K, 99% used [0x00000000ec080000,0x00000000edbfefd8,0x00000000edc00000)
  to   space 36864K, 0% used [0x00000000efc80000,0x00000000efc80000,0x00000000f2080000)
 ParOldGen       total 101376K, used 62875K [0x00000000a0000000, 0x00000000a6300000, 0x00000000e0000000)
  object space 101376K, 62% used [0x00000000a0000000,0x00000000a3d66fe0,0x00000000a6300000)
 Metaspace       used 74624K, capacity 77407K, committed 77696K, reserved 1116160K
  class space    used 9923K, capacity 10583K, committed 10624K, reserved 1048576K
}
Event: 195.229 GC heap before
{Heap before GC invocations=19 (full 3):
 PSYoungGen      total 225280K, used 225275K [0x00000000e0000000, 0x00000000f2080000, 0x0000000100000000)
  eden space 197120K, 100% used [0x00000000e0000000,0x00000000ec080000,0x00000000ec080000)
  from space 28160K, 99% used [0x00000000ec080000,0x00000000edbfefd8,0x00000000edc00000)
  to   space 36864K, 0% used [0x00000000efc80000,0x00000000efc80000,0x00000000f2080000)
 ParOldGen       total 101376K, used 62875K [0x00000000a0000000, 0x00000000a6300000, 0x00000000e0000000)
  object space 101376K, 62% used [0x00000000a0000000,0x00000000a3d66fe0,0x00000000a6300000)
 Metaspace       used 78042K, capacity 80849K, committed 81024K, reserved 1120256K
  class space    used 10190K, capacity 10848K, committed 10880K, reserved 1048576K
Event: 195.372 GC heap after
Heap after GC invocations=19 (full 3):
 PSYoungGen      total 260096K, used 9333K [0x00000000e0000000, 0x00000000f2180000, 0x0000000100000000)
  eden space 223232K, 0% used [0x00000000e0000000,0x00000000e0000000,0x00000000eda00000)
  from space 36864K, 25% used [0x00000000efc80000,0x00000000f059d4e8,0x00000000f2080000)
  to   space 35328K, 0% used [0x00000000eda00000,0x00000000eda00000,0x00000000efc80000)
 ParOldGen       total 101376K, used 84481K [0x00000000a0000000, 0x00000000a6300000, 0x00000000e0000000)
  object space 101376K, 83% used [0x00000000a0000000,0x00000000a5280408,0x00000000a6300000)
 Metaspace       used 78042K, capacity 80849K, committed 81024K, reserved 1120256K
  class space    used 10190K, capacity 10848K, committed 10880K, reserved 1048576K
}
Event: 195.372 GC heap before
{Heap before GC invocations=20 (full 4):
 PSYoungGen      total 260096K, used 9333K [0x00000000e0000000, 0x00000000f2180000, 0x0000000100000000)
  eden space 223232K, 0% used [0x00000000e0000000,0x00000000e0000000,0x00000000eda00000)
  from space 36864K, 25% used [0x00000000efc80000,0x00000000f059d4e8,0x00000000f2080000)
  to   space 35328K, 0% used [0x00000000eda00000,0x00000000eda00000,0x00000000efc80000)
 ParOldGen       total 101376K, used 84481K [0x00000000a0000000, 0x00000000a6300000, 0x00000000e0000000)
  object space 101376K, 83% used [0x00000000a0000000,0x00000000a5280408,0x00000000a6300000)
 Metaspace       used 78042K, capacity 80849K, committed 81024K, reserved 1120256K
  class space    used 10190K, capacity 10848K, committed 10880K, reserved 1048576K
Event: 196.035 GC heap after
Heap after GC invocations=20 (full 4):
 PSYoungGen      total 260096K, used 0K [0x00000000e0000000, 0x00000000f2180000, 0x0000000100000000)
  eden space 223232K, 0% used [0x00000000e0000000,0x00000000e0000000,0x00000000eda00000)
  from space 36864K, 0% used [0x00000000efc80000,0x00000000efc80000,0x00000000f2080000)
  to   space 35328K, 0% used [0x00000000eda00000,0x00000000eda00000,0x00000000efc80000)
 ParOldGen       total 101376K, used 67418K [0x00000000a0000000, 0x00000000a6300000, 0x00000000e0000000)
  object space 101376K, 66% used [0x00000000a0000000,0x00000000a41d6938,0x00000000a6300000)
 Metaspace       used 77390K, capacity 80101K, committed 81024K, reserved 1120256K
  class space    used 10114K, capacity 10756K, committed 10880K, reserved 1048576K
}
Event: 197.910 GC heap before
{Heap before GC invocations=21 (full 4):
 PSYoungGen      total 260096K, used 223232K [0x00000000e0000000, 0x00000000f2180000, 0x0000000100000000)
  eden space 223232K, 100% used [0x00000000e0000000,0x00000000eda00000,0x00000000eda00000)
  from space 36864K, 0% used [0x00000000efc80000,0x00000000efc80000,0x00000000f2080000)
  to   space 35328K, 0% used [0x00000000eda00000,0x00000000eda00000,0x00000000efc80000)
 ParOldGen       total 101376K, used 67418K [0x00000000a0000000, 0x00000000a6300000, 0x00000000e0000000)
  object space 101376K, 66% used [0x00000000a0000000,0x00000000a41d6938,0x00000000a6300000)
 Metaspace       used 79105K, capacity 81917K, committed 82048K, reserved 1120256K
  class space    used 10366K, capacity 11022K, committed 11136K, reserved 1048576K
Event: 198.002 GC heap after
Heap after GC invocations=21 (full 4):
 PSYoungGen      total 258560K, used 32833K [0x00000000e0000000, 0x00000000f2180000, 0x0000000100000000)
  eden space 223232K, 0% used [0x00000000e0000000,0x00000000e0000000,0x00000000eda00000)
  from space 35328K, 92% used [0x00000000eda00000,0x00000000efa10480,0x00000000efc80000)
  to   space 36864K, 0% used [0x00000000efc80000,0x00000000efc80000,0x00000000f2080000)
 ParOldGen       total 101376K, used 67426K [0x00000000a0000000, 0x00000000a6300000, 0x00000000e0000000)
  object space 101376K, 66% used [0x00000000a0000000,0x00000000a41d8938,0x00000000a6300000)
 Metaspace       used 79105K, capacity 81917K, committed 82048K, reserved 1120256K
  class space    used 10366K, capacity 11022K, committed 11136K, reserved 1048576K
}

Deoptimization events (10 events):
Event: 201.440 Thread 0x000000001807c800 Uncommon trap: reason=array_check action=maybe_recompile pc=0x0000000005530d8c method=java.util.TimSort.binarySort([Ljava/lang/Object;IIILjava/util/Comparator;)V @ 193
Event: 201.440 Thread 0x000000001807c800 Uncommon trap: reason=array_check action=maybe_recompile pc=0x0000000005530d8c method=java.util.TimSort.binarySort([Ljava/lang/Object;IIILjava/util/Comparator;)V @ 193
Event: 201.441 Thread 0x000000001807c800 Uncommon trap: reason=array_check action=maybe_recompile pc=0x0000000005530e54 method=java.util.TimSort.binarySort([Ljava/lang/Object;IIILjava/util/Comparator;)V @ 183
Event: 201.441 Thread 0x000000001807c800 Uncommon trap: reason=array_check action=maybe_recompile pc=0x0000000005530cc8 method=java.util.TimSort.binarySort([Ljava/lang/Object;IIILjava/util/Comparator;)V @ 215
Event: 201.442 Thread 0x000000001807c800 Uncommon trap: reason=array_check action=maybe_recompile pc=0x0000000005530d8c method=java.util.TimSort.binarySort([Ljava/lang/Object;IIILjava/util/Comparator;)V @ 193
Event: 201.728 Thread 0x0000000018500800 Uncommon trap: reason=class_check action=maybe_recompile pc=0x000000000463cbcc method=java.io.BufferedOutputStream.write([BII)V @ 20
Event: 201.731 Thread 0x0000000019953800 Uncommon trap: reason=unstable_if action=reinterpret pc=0x000000000429a7d0 method=org.gradle.internal.time.MonotonicClock.advance(J)J @ 25
Event: 201.731 Thread 0x00000000184ff800 Uncommon trap: reason=unstable_if action=reinterpret pc=0x000000000407eec0 method=java.util.concurrent.locks.ReentrantLock$Sync.nonfairTryAcquire(I)Z @ 19
Event: 202.292 Thread 0x0000000019953800 Uncommon trap: reason=unstable_if action=reinterpret pc=0x00000000048b4a2c method=java.util.concurrent.ArrayBlockingQueue.enqueue(Ljava/lang/Object;)V @ 25
Event: 202.292 Thread 0x0000000018501000 Uncommon trap: reason=unstable_if action=reinterpret pc=0x00000000048b2220 method=java.util.concurrent.ArrayBlockingQueue.dequeue()Ljava/lang/Object; @ 32

Classes redefined (0 events):
No events

Internal exceptions (10 events):
Event: 201.679 Thread 0x000000001807c800 Exception <a 'sun/nio/fs/WindowsException'> (0x00000000e4ac7520) thrown at [D:\src\AOSP-openjdk-cygwin\jdk8u\hotspot\src\share\vm\prims\jni.cpp, line 710]
Event: 201.682 Thread 0x000000001807c800 Exception <a 'sun/nio/fs/WindowsException'> (0x00000000e4acdcb8) thrown at [D:\src\AOSP-openjdk-cygwin\jdk8u\hotspot\src\share\vm\prims\jni.cpp, line 710]
Event: 201.684 Thread 0x000000001807c800 Exception <a 'sun/nio/fs/WindowsException'> (0x00000000e4ad4518) thrown at [D:\src\AOSP-openjdk-cygwin\jdk8u\hotspot\src\share\vm\prims\jni.cpp, line 710]
Event: 201.687 Thread 0x000000001807c800 Exception <a 'sun/nio/fs/WindowsException'> (0x00000000e4adb9a8) thrown at [D:\src\AOSP-openjdk-cygwin\jdk8u\hotspot\src\share\vm\prims\jni.cpp, line 710]
Event: 201.695 Thread 0x000000001807c800 Exception <a 'sun/nio/fs/WindowsException'> (0x00000000e4af50d0) thrown at [D:\src\AOSP-openjdk-cygwin\jdk8u\hotspot\src\share\vm\prims\jni.cpp, line 710]
Event: 201.700 Thread 0x000000001807c800 Exception <a 'sun/nio/fs/WindowsException'> (0x00000000e4c06150) thrown at [D:\src\AOSP-openjdk-cygwin\jdk8u\hotspot\src\share\vm\prims\jni.cpp, line 710]
Event: 201.702 Thread 0x000000001807c800 Exception <a 'sun/nio/fs/WindowsException'> (0x00000000e4c0e2a0) thrown at [D:\src\AOSP-openjdk-cygwin\jdk8u\hotspot\src\share\vm\prims\jni.cpp, line 710]
Event: 201.704 Thread 0x000000001807c800 Exception <a 'sun/nio/fs/WindowsException'> (0x00000000e4c167a0) thrown at [D:\src\AOSP-openjdk-cygwin\jdk8u\hotspot\src\share\vm\prims\jni.cpp, line 710]
Event: 202.536 Thread 0x0000000019953800 Exception <a 'java/lang/NoSuchMethodError': <clinit>> (0x00000000e66bf588) thrown at [D:\src\AOSP-openjdk-cygwin\jdk8u\hotspot\src\share\vm\prims\jni.cpp, line 1614]
Event: 202.825 Thread 0x0000000018078000 Exception <a 'sun/nio/fs/WindowsException'> (0x00000000e6e2c060) thrown at [D:\src\AOSP-openjdk-cygwin\jdk8u\hotspot\src\share\vm\prims\jni.cpp, line 710]

Events (10 events):
Event: 202.898 loading class com/android/tools/r8/dex/c
Event: 202.898 loading class com/android/tools/r8/dex/c done
Event: 202.899 loading class com/android/tools/r8/graph/f0
Event: 202.899 loading class com/android/tools/r8/graph/f0 done
Event: 202.899 loading class com/android/tools/r8/graph/f0
Event: 202.899 loading class com/android/tools/r8/graph/f0 done
Event: 202.899 loading class com/android/tools/r8/dex/j
Event: 202.899 loading class com/android/tools/r8/dex/j done
Event: 202.939 Thread 0x0000000018078000 DEOPT PACKING pc=0x00000000043ad27e sp=0x0000000025ecda20
Event: 202.939 Thread 0x0000000018078000 DEOPT UNPACKING pc=0x0000000002ed71d0 sp=0x0000000025ecd790 mode 0


Dynamic libraries:
0x00007ff633950000 - 0x00007ff633981000 	C:\Program Files\Android\Android Studio1\jre\bin\java.exe
0x00007ff929b10000 - 0x00007ff929cfd000 	C:\Windows\SYSTEM32\ntdll.dll
0x00007ff929230000 - 0x00007ff9292e3000 	C:\Windows\System32\KERNEL32.DLL
0x00007ff926a90000 - 0x00007ff926d23000 	C:\Windows\System32\KERNELBASE.dll
0x00007ff929810000 - 0x00007ff9298b3000 	C:\Windows\System32\ADVAPI32.dll
0x00007ff9292f0000 - 0x00007ff92938e000 	C:\Windows\System32\msvcrt.dll
0x00007ff9298c0000 - 0x00007ff92995e000 	C:\Windows\System32\sechost.dll
0x00007ff928a30000 - 0x00007ff928b52000 	C:\Windows\System32\RPCRT4.dll
0x00007ff926d60000 - 0x00007ff926ef7000 	C:\Windows\System32\USER32.dll
0x00007ff926600000 - 0x00007ff926620000 	C:\Windows\System32\win32u.dll
0x00007ff9288a0000 - 0x00007ff9288c9000 	C:\Windows\System32\GDI32.dll
0x00007ff926850000 - 0x00007ff9269e9000 	C:\Windows\System32\gdi32full.dll
0x00007ff9269f0000 - 0x00007ff926a90000 	C:\Windows\System32\msvcp_win.dll
0x00007ff9266d0000 - 0x00007ff9267ca000 	C:\Windows\System32\ucrtbase.dll
0x00007ff919e10000 - 0x00007ff91a089000 	C:\Windows\WinSxS\amd64_microsoft.windows.common-controls_6595b64144ccf1df_6.0.17763.1098_none_de762ed45346ee8a\COMCTL32.dll
0x00007ff928bf0000 - 0x00007ff928f1c000 	C:\Windows\System32\combase.dll
0x00007ff9267d0000 - 0x00007ff92684e000 	C:\Windows\System32\bcryptPrimitives.dll
0x00007ff929200000 - 0x00007ff92922e000 	C:\Windows\System32\IMM32.DLL
0x0000000070b40000 - 0x0000000070c12000 	C:\Program Files\Android\Android Studio1\jre\jre\bin\msvcr100.dll
0x000000006fdb0000 - 0x00000000705f6000 	C:\Program Files\Android\Android Studio1\jre\jre\bin\server\jvm.dll
0x00007ff928f20000 - 0x00007ff928f28000 	C:\Windows\System32\PSAPI.DLL
0x00007ff90d070000 - 0x00007ff90d079000 	C:\Windows\SYSTEM32\WSOCK32.dll
0x00007ff923d70000 - 0x00007ff923d94000 	C:\Windows\SYSTEM32\WINMM.dll
0x00007ff928630000 - 0x00007ff92869d000 	C:\Windows\System32\WS2_32.dll
0x00007ff9188b0000 - 0x00007ff9188ba000 	C:\Windows\SYSTEM32\VERSION.dll
0x00007ff923d10000 - 0x00007ff923d3d000 	C:\Windows\SYSTEM32\WINMMBASE.dll
0x00007ff926590000 - 0x00007ff9265da000 	C:\Windows\System32\cfgmgr32.dll
0x00007ff91fb90000 - 0x00007ff91fb9f000 	C:\Program Files\Android\Android Studio1\jre\jre\bin\verify.dll
0x00007ff91f730000 - 0x00007ff91f759000 	C:\Program Files\Android\Android Studio1\jre\jre\bin\java.dll
0x00007ff91f710000 - 0x00007ff91f726000 	C:\Program Files\Android\Android Studio1\jre\jre\bin\zip.dll
0x00007ff926f00000 - 0x00007ff9283f4000 	C:\Windows\System32\SHELL32.dll
0x00007ff929150000 - 0x00007ff9291f8000 	C:\Windows\System32\shcore.dll
0x00007ff925c60000 - 0x00007ff9263ad000 	C:\Windows\System32\windows.storage.dll
0x00007ff925b30000 - 0x00007ff925b54000 	C:\Windows\System32\profapi.dll
0x00007ff925b60000 - 0x00007ff925bbd000 	C:\Windows\System32\powrprof.dll
0x00007ff928400000 - 0x00007ff928452000 	C:\Windows\System32\shlwapi.dll
0x00007ff925be0000 - 0x00007ff925bf1000 	C:\Windows\System32\kernel.appcore.dll
0x00007ff9265e0000 - 0x00007ff9265f7000 	C:\Windows\System32\cryptsp.dll
0x00007ff91f690000 - 0x00007ff91f6aa000 	C:\Program Files\Android\Android Studio1\jre\jre\bin\net.dll
0x00007ff91b7f0000 - 0x00007ff91b9c7000 	C:\Windows\SYSTEM32\urlmon.dll
0x00007ff91bbc0000 - 0x00007ff91be68000 	C:\Windows\SYSTEM32\iertutil.dll
0x00007ff925510000 - 0x00007ff92551c000 	C:\Windows\SYSTEM32\CRYPTBASE.DLL
0x00007ff925340000 - 0x00007ff9253a7000 	C:\Windows\system32\mswsock.dll
0x00007ff91f670000 - 0x00007ff91f683000 	C:\Program Files\Android\Android Studio1\jre\jre\bin\nio.dll
0x00007ff91e780000 - 0x00007ff91e7a6000 	C:\Users\deCrypt3d\.gradle\native\30\windows-amd64\native-platform.dll
0x00007ff91f700000 - 0x00007ff91f70d000 	C:\Program Files\Android\Android Studio1\jre\jre\bin\management.dll
0x00007ff924ec0000 - 0x00007ff924ef3000 	C:\Windows\system32\rsaenh.dll
0x00007ff926d30000 - 0x00007ff926d56000 	C:\Windows\System32\bcrypt.dll
0x00007ff925a60000 - 0x00007ff925a88000 	C:\Windows\SYSTEM32\USERENV.dll
0x00007ff925060000 - 0x00007ff92509d000 	C:\Windows\SYSTEM32\IPHLPAPI.DLL
0x00007ff928f30000 - 0x00007ff928f38000 	C:\Windows\System32\NSI.dll
0x00007ff91b7c0000 - 0x00007ff91b7d6000 	C:\Windows\SYSTEM32\dhcpcsvc6.DLL
0x00007ff91b7a0000 - 0x00007ff91b7bc000 	C:\Windows\SYSTEM32\dhcpcsvc.DLL
0x00007ff9250b0000 - 0x00007ff925176000 	C:\Windows\SYSTEM32\DNSAPI.dll

VM Arguments:
jvm_args: -Xmx1536m -Dfile.encoding=windows-1252 -Duser.country=ID -Duser.language=en -Duser.variant 
java_command: org.gradle.launcher.daemon.bootstrap.GradleDaemon 5.6.4
java_class_path (initial): C:\Users\deCrypt3d\.gradle\wrapper\dists\gradle-5.6.4-all\ankdp27end7byghfw1q2sw75f\gradle-5.6.4\lib\gradle-launcher-5.6.4.jar
Launcher Type: SUN_STANDARD

Environment Variables:
PATH=C:\ProgramData\Oracle\Java\javapath;C:\Program Files (x86)\Common Files\Intel\Shared Files\cpp\bin\Intel64;C:\Windows\system32;C:\Windows;C:\Windows\System32\Wbem;C:\Windows\System32\WindowsPowerShell\v1.0\;C:\xampp\php;C:\ProgramData\ComposerSetup\bin;C:\Program Files\PuTTY\;C:\Program Files\nodejs\;%JAVA_HOME%\bin;C:\SDK\gradle-6.3\bin;C:\Program Files (x86)\GtkSharp\2.12\bin;C:\Users\deCrypt3d\AppData\Local\Microsoft\WindowsApps;C:\Users\deCrypt3d\AppData\Roaming\Composer\vendor\bin;C:\Users\deCrypt3d\AppData\Roaming\npm;
USERNAME=deCrypt3d
OS=Windows_NT
PROCESSOR_IDENTIFIER=Intel64 Family 6 Model 58 Stepping 9, GenuineIntel



---------------  S Y S T E M  ---------------

OS: Windows 10.0 , 64 bit Build 17763 (10.0.17763.475)

CPU:total 2 (initial active 2) (2 cores per cpu, 1 threads per core) family 6 model 58 stepping 9, cmov, cx8, fxsr, mmx, sse, sse2, sse3, ssse3, sse4.1, sse4.2, popcnt, clmul, erms, tsc, tscinvbit, tscinv

Memory: 4k page, physical 3880804k(453208k free), swap 3880804k(5460k free)

vm_info: OpenJDK 64-Bit Server VM (25.212-b04) for windows-amd64 JRE (1.8.0_212-release-1586-b04), built by "builder" with MS VC++ 10.0 (VS2010)

time: Sun Jul 12 15:14:11 2020
timezone: SE Asia Standard Time
elapsed time: 202 seconds (0d 0h 3m 22s)

