#
# There is insufficient memory for the Java Runtime Environment to continue.
# Native memory allocation (malloc) failed to allocate 173808 bytes for Chunk::new
# Possible reasons:
#   The system is out of physical RAM or swap space
#   The process is running with CompressedOops enabled, and the Java Heap may be blocking the growth of the native heap
# Possible solutions:
#   Reduce memory load on the system
#   Increase physical memory or swap space
#   Check if swap backing store is full
#   Decrease Java heap size (-Xmx/-Xms)
#   Decrease number of Java threads
#   Decrease Java thread stack sizes (-Xss)
#   Set larger code cache with -XX:ReservedCodeCacheSize=
#   JVM is running with Unscaled Compressed Oops mode in which the Java heap is
#     placed in the first 4GB address space. The Java Heap base address is the
#     maximum limit for the native heap growth. Please use -XX:HeapBaseMinAddress
#     to set the Java Heap base and to place the Java Heap above 4GB virtual address.
# This output file may be truncated or incomplete.
#
#  Out of Memory Error (allocation.cpp:389), pid=2780, tid=0x0000000000000b9c
#
# JRE version: OpenJDK Runtime Environment (8.0_212-b04) (build 1.8.0_212-release-1586-b04)
# Java VM: OpenJDK 64-Bit Server VM (25.212-b04 mixed mode windows-amd64 compressed oops)
# Failed to write core dump. Minidumps are not enabled by default on client versions of Windows
#

---------------  T H R E A D  ---------------

Current thread (0x0000000016459800):  JavaThread "C2 CompilerThread0" daemon [_thread_in_native, id=2972, stack(0x0000000017490000,0x0000000017590000)]

Stack: [0x0000000017490000,0x0000000017590000]
[error occurred during error reporting (printing stack bounds), id 0xc0000005]

Native frames: (J=compiled Java code, j=interpreted, Vv=VM code, C=native code)


Current CompileTask:
C2:  44816 11847 %     4       com.android.tools.r8.dex.j::a @ 330 (1022 bytes)


---------------  P R O C E S S  ---------------

Java Threads: ( => current thread )
  0x000000001a028800 JavaThread "ForkJoinPool-2-worker-0" daemon [_thread_blocked, id=6460, stack(0x0000000024150000,0x0000000024250000)]
  0x000000001a027800 JavaThread "ForkJoinPool-2-worker-1" daemon [_thread_blocked, id=2440, stack(0x0000000022250000,0x0000000022350000)]
  0x000000001a02a000 JavaThread "WorkerExecutor Queue Thread 2" [_thread_blocked, id=400, stack(0x0000000022150000,0x0000000022250000)]
  0x000000001a02c800 JavaThread "WorkerExecutor Queue" [_thread_blocked, id=5816, stack(0x0000000022050000,0x0000000022150000)]
  0x000000001a029000 JavaThread "Cache worker for Java compile cache (D:\Semangat Tugas Akhir\Main Project\PajakAir\.gradle\5.6.4\javaCompile)" [_thread_blocked, id=5924, stack(0x0000000021060000,0x0000000021160000)]
  0x000000001a01e800 JavaThread "Cache worker for Java compile cache (C:\Users\deCrypt3d\.gradle\caches\5.6.4\javaCompile)" [_thread_blocked, id=1280, stack(0x0000000020f60000,0x0000000021060000)]
  0x000000001a021800 JavaThread "Cache worker for execution history cache (D:\Semangat Tugas Akhir\Main Project\PajakAir\.gradle\5.6.4\executionHistory)" [_thread_blocked, id=7252, stack(0x0000000020e60000,0x0000000020f60000)]
  0x000000001a021000 JavaThread "Execution worker for ':'" [_thread_blocked, id=9420, stack(0x0000000020b60000,0x0000000020c60000)]
  0x000000001a024800 JavaThread "Cache worker for file content cache (D:\Semangat Tugas Akhir\Main Project\PajakAir\.gradle\5.6.4\fileContent)" [_thread_blocked, id=940, stack(0x0000000020660000,0x0000000020760000)]
  0x000000001a01d000 JavaThread "Cache worker for file content cache (C:\Users\deCrypt3d\.gradle\caches\5.6.4\fileContent)" [_thread_blocked, id=5728, stack(0x0000000020560000,0x0000000020660000)]
  0x000000001a022800 JavaThread "Memory manager" [_thread_blocked, id=6464, stack(0x0000000020460000,0x0000000020560000)]
  0x000000001a020000 JavaThread "Cache worker for Build Output Cleanup Cache (D:\Semangat Tugas Akhir\Main Project\PajakAir\.gradle\buildOutputCleanup)" [_thread_blocked, id=9256, stack(0x000000001f960000,0x000000001fa60000)]
  0x000000001a024000 JavaThread "Build operations Thread 2" [_thread_blocked, id=1548, stack(0x000000001f260000,0x000000001f360000)]
  0x000000001a023000 JavaThread "Build operations" [_thread_blocked, id=9788, stack(0x000000001f160000,0x000000001f260000)]
  0x000000001a01f800 JavaThread "Cache worker for execution history cache (C:\Users\deCrypt3d\.gradle\caches\5.6.4\executionHistory)" [_thread_blocked, id=10176, stack(0x000000001ee60000,0x000000001ef60000)]
  0x000000001a01e000 JavaThread "Cache worker for cache directory md-rule (C:\Users\deCrypt3d\.gradle\caches\5.6.4\md-rule)" [_thread_blocked, id=6436, stack(0x000000001ec60000,0x000000001ed60000)]
  0x000000001971b000 JavaThread "Cache worker for cache directory md-supplier (C:\Users\deCrypt3d\.gradle\caches\5.6.4\md-supplier)" [_thread_blocked, id=10200, stack(0x000000001e540000,0x000000001e640000)]
  0x000000001971d000 JavaThread "Cache worker for file hash cache (D:\Semangat Tugas Akhir\Main Project\PajakAir\.gradle\5.6.4\fileHashes)" [_thread_blocked, id=280, stack(0x000000001ce40000,0x000000001cf40000)]
  0x0000000019720000 JavaThread "Cache worker for journal cache (C:\Users\deCrypt3d\.gradle\caches\journal-1)" [_thread_blocked, id=6956, stack(0x000000001bab0000,0x000000001bbb0000)]
  0x000000001971b800 JavaThread "File lock request listener" [_thread_in_native, id=6804, stack(0x000000001b9b0000,0x000000001bab0000)]
  0x000000001971c800 JavaThread "Cache worker for file hash cache (C:\Users\deCrypt3d\.gradle\caches\5.6.4\fileHashes)" [_thread_blocked, id=6792, stack(0x000000001b8b0000,0x000000001b9b0000)]
  0x000000001967f800 JavaThread "Thread-9" [_thread_blocked, id=1840, stack(0x000000001b5b0000,0x000000001b6b0000)]
  0x000000001967e800 JavaThread "Stdin handler" [_thread_blocked, id=7012, stack(0x000000001b4b0000,0x000000001b5b0000)]
  0x000000001967d800 JavaThread "Asynchronous log dispatcher for DefaultDaemonConnection: socket connection from /127.0.0.1:51169 to /127.0.0.1:51170" [_thread_blocked, id=3380, stack(0x000000001b3b0000,0x000000001b4b0000)]
  0x0000000019650800 JavaThread "Daemon worker" [_thread_blocked, id=2308, stack(0x000000001b2b0000,0x000000001b3b0000)]
  0x0000000019651800 JavaThread "Cancel handler" [_thread_blocked, id=2904, stack(0x000000001b1b0000,0x000000001b2b0000)]
  0x00000000195e5000 JavaThread "Handler for socket connection from /127.0.0.1:51169 to /127.0.0.1:51170" [_thread_in_native, id=7096, stack(0x000000001aeb0000,0x000000001afb0000)]
  0x00000000195ed000 JavaThread "Daemon" [_thread_blocked, id=200, stack(0x000000001adb0000,0x000000001aeb0000)]
  0x00000000195e3000 JavaThread "Daemon periodic checks" [_thread_blocked, id=8484, stack(0x000000001acb0000,0x000000001adb0000)]
  0x00000000195c6800 JavaThread "Incoming local TCP Connector on port 51169" [_thread_in_native, id=9508, stack(0x000000001aa70000,0x000000001ab70000)]
  0x000000001939b000 JavaThread "Daemon health stats" [_thread_blocked, id=1128, stack(0x0000000019460000,0x0000000019560000)]
  0x00000000164cc000 JavaThread "Service Thread" daemon [_thread_blocked, id=1156, stack(0x0000000017690000,0x0000000017790000)]
  0x000000001645d000 JavaThread "C1 CompilerThread1" daemon [_thread_blocked, id=6456, stack(0x0000000017590000,0x0000000017690000)]
=>0x0000000016459800 JavaThread "C2 CompilerThread0" daemon [_thread_in_native, id=2972, stack(0x0000000017490000,0x0000000017590000)]
  0x0000000016458000 JavaThread "Attach Listener" daemon [_thread_blocked, id=9064, stack(0x0000000017390000,0x0000000017490000)]
  0x0000000016455000 JavaThread "Signal Dispatcher" daemon [_thread_blocked, id=8628, stack(0x0000000017290000,0x0000000017390000)]
  0x0000000002c07800 JavaThread "Finalizer" daemon [_thread_blocked, id=4040, stack(0x0000000017090000,0x0000000017190000)]
  0x0000000002bfd000 JavaThread "Reference Handler" daemon [_thread_blocked, id=4532, stack(0x0000000016f90000,0x0000000017090000)]
  0x0000000002e2e000 JavaThread "main" [_thread_blocked, id=1752, stack(0x0000000001250000,0x0000000001350000)]

Other Threads:
  0x0000000016424800 VMThread [stack: 0x0000000016e90000,0x0000000016f90000] [id=3460]
  0x00000000164f9000 WatcherThread [stack: 0x0000000017790000,0x0000000017890000] [id=6712]

VM state:at safepoint (normal execution)

VM Mutex/Monitor currently owned by a thread:  ([mutex/lock_event])
[0x0000000002e2d050] Threads_lock - owner thread: 0x0000000016424800
[0x0000000002e2cfd0] Heap_lock - owner thread: 0x000000001a02a000

heap address: 0x00000000a0000000, size: 1536 MB, Compressed Oops mode: 32-bit
Narrow klass base: 0x0000000000000000, Narrow klass shift: 3
Compressed class space size: 1073741824 Address: 0x0000000100000000

Heap:
 PSYoungGen      total 266752K, used 266736K [0x00000000e0000000, 0x00000000f1a00000, 0x0000000100000000)
  eden space 244736K, 100% used [0x00000000e0000000,0x00000000eef00000,0x00000000eef00000)
  from space 22016K, 99% used [0x00000000eef00000,0x00000000f047c188,0x00000000f0480000)
  to   space 18432K, 99% used [0x00000000f0800000,0x00000000f19feb20,0x00000000f1a00000)
 ParOldGen       total 118272K, used 118266K [0x00000000a0000000, 0x00000000a7380000, 0x00000000e0000000)
  object space 118272K, 99% used [0x00000000a0000000,0x00000000a737ead0,0x00000000a7380000)
 Metaspace       used 76829K, capacity 79806K, committed 79960K, reserved 1118208K
  class space    used 10343K, capacity 11064K, committed 11096K, reserved 1048576K

Card table byte_map: [0x00000000121f0000,0x0000000012500000] byte_map_base: 0x0000000011cf0000

Marking Bits: (ParMarkBitMap*) 0x0000000070579f30
 Begin Bits: [0x0000000012800000, 0x0000000014000000)
 End Bits:   [0x0000000014000000, 0x0000000015800000)

Polling page: 0x0000000000f40000

CodeCache: size=245760Kb used=32563Kb max_used=32563Kb free=213196Kb
 bounds [0x0000000002e30000, 0x0000000004e20000, 0x0000000011e30000]
 total_blobs=11017 nmethods=10166 adapters=764
 compilation: enabled

Compilation events (10 events):
Event: 44.228 Thread 0x000000001645d000 12103       2       com.android.tools.r8.code.o::a (1 bytes)
Event: 44.228 Thread 0x000000001645d000 nmethod 12103 0x0000000004e1c290 code [0x0000000004e1c3e0, 0x0000000004e1c530]
Event: 44.231 Thread 0x000000001645d000 12104       2       com.android.tools.r8.code.U1::a (1 bytes)
Event: 44.231 Thread 0x000000001645d000 nmethod 12104 0x0000000004e1c5d0 code [0x0000000004e1c720, 0x0000000004e1c870]
Event: 44.232 Thread 0x000000001645d000 12105       1       com.android.tools.r8.code.T2::a (1 bytes)
Event: 44.232 Thread 0x000000001645d000 nmethod 12105 0x0000000004e1c910 code [0x0000000004e1ca60, 0x0000000004e1cb70]
Event: 44.232 Thread 0x000000001645d000 12106       2       com.android.tools.r8.code.s1::a (1 bytes)
Event: 44.232 Thread 0x000000001645d000 nmethod 12106 0x0000000004e1cbd0 code [0x0000000004e1cd20, 0x0000000004e1ce70]
Event: 44.232 Thread 0x000000001645d000 12107       2       com.android.tools.r8.code.X::a (1 bytes)
Event: 44.233 Thread 0x000000001645d000 nmethod 12107 0x0000000004e1cf10 code [0x0000000004e1d060, 0x0000000004e1d1b0]

GC Heap History (10 events):
Event: 21.723 GC heap after
Heap after GC invocations=14 (full 2):
 PSYoungGen      total 223232K, used 13511K [0x00000000e0000000, 0x00000000ef180000, 0x0000000100000000)
  eden space 205312K, 0% used [0x00000000e0000000,0x00000000e0000000,0x00000000ec880000)
  from space 17920K, 75% used [0x00000000edb00000,0x00000000ee831ce0,0x00000000eec80000)
  to   space 18944K, 0% used [0x00000000ec880000,0x00000000ec880000,0x00000000edb00000)
 ParOldGen       total 54272K, used 34819K [0x00000000a0000000, 0x00000000a3500000, 0x00000000e0000000)
  object space 54272K, 64% used [0x00000000a0000000,0x00000000a2200c08,0x00000000a3500000)
 Metaspace       used 57201K, capacity 58986K, committed 59096K, reserved 1099776K
  class space    used 7847K, capacity 8322K, committed 8408K, reserved 1048576K
}
Event: 21.723 GC heap before
{Heap before GC invocations=15 (full 3):
 PSYoungGen      total 223232K, used 13511K [0x00000000e0000000, 0x00000000ef180000, 0x0000000100000000)
  eden space 205312K, 0% used [0x00000000e0000000,0x00000000e0000000,0x00000000ec880000)
  from space 17920K, 75% used [0x00000000edb00000,0x00000000ee831ce0,0x00000000eec80000)
  to   space 18944K, 0% used [0x00000000ec880000,0x00000000ec880000,0x00000000edb00000)
 ParOldGen       total 54272K, used 34819K [0x00000000a0000000, 0x00000000a3500000, 0x00000000e0000000)
  object space 54272K, 64% used [0x00000000a0000000,0x00000000a2200c08,0x00000000a3500000)
 Metaspace       used 57201K, capacity 58986K, committed 59096K, reserved 1099776K
  class space    used 7847K, capacity 8322K, committed 8408K, reserved 1048576K
Event: 22.324 GC heap after
Heap after GC invocations=15 (full 3):
 PSYoungGen      total 223232K, used 0K [0x00000000e0000000, 0x00000000ef180000, 0x0000000100000000)
  eden space 205312K, 0% used [0x00000000e0000000,0x00000000e0000000,0x00000000ec880000)
  from space 17920K, 0% used [0x00000000edb00000,0x00000000edb00000,0x00000000eec80000)
  to   space 18944K, 0% used [0x00000000ec880000,0x00000000ec880000,0x00000000edb00000)
 ParOldGen       total 92160K, used 38005K [0x00000000a0000000, 0x00000000a5a00000, 0x00000000e0000000)
  object space 92160K, 41% used [0x00000000a0000000,0x00000000a251d720,0x00000000a5a00000)
 Metaspace       used 57201K, capacity 58986K, committed 59096K, reserved 1099776K
  class space    used 7847K, capacity 8322K, committed 8408K, reserved 1048576K
}
Event: 29.299 GC heap before
{Heap before GC invocations=16 (full 3):
 PSYoungGen      total 223232K, used 205312K [0x00000000e0000000, 0x00000000ef180000, 0x0000000100000000)
  eden space 205312K, 100% used [0x00000000e0000000,0x00000000ec880000,0x00000000ec880000)
  from space 17920K, 0% used [0x00000000edb00000,0x00000000edb00000,0x00000000eec80000)
  to   space 18944K, 0% used [0x00000000ec880000,0x00000000ec880000,0x00000000edb00000)
 ParOldGen       total 92160K, used 38005K [0x00000000a0000000, 0x00000000a5a00000, 0x00000000e0000000)
  object space 92160K, 41% used [0x00000000a0000000,0x00000000a251d720,0x00000000a5a00000)
 Metaspace       used 64132K, capacity 66350K, committed 66392K, reserved 1105920K
  class space    used 8705K, capacity 9298K, committed 9304K, reserved 1048576K
Event: 29.369 GC heap after
Heap after GC invocations=16 (full 3):
 PSYoungGen      total 224256K, used 18920K [0x00000000e0000000, 0x00000000f1e80000, 0x0000000100000000)
  eden space 205312K, 0% used [0x00000000e0000000,0x00000000e0000000,0x00000000ec880000)
  from space 18944K, 99% used [0x00000000ec880000,0x00000000edafa2a8,0x00000000edb00000)
  to   space 23040K, 0% used [0x00000000f0800000,0x00000000f0800000,0x00000000f1e80000)
 ParOldGen       total 92160K, used 41483K [0x00000000a0000000, 0x00000000a5a00000, 0x00000000e0000000)
  object space 92160K, 45% used [0x00000000a0000000,0x00000000a2882d50,0x00000000a5a00000)
 Metaspace       used 64132K, capacity 66350K, committed 66392K, reserved 1105920K
  class space    used 8705K, capacity 9298K, committed 9304K, reserved 1048576K
}
Event: 35.618 GC heap before
{Heap before GC invocations=17 (full 3):
 PSYoungGen      total 224256K, used 224232K [0x00000000e0000000, 0x00000000f1e80000, 0x0000000100000000)
  eden space 205312K, 100% used [0x00000000e0000000,0x00000000ec880000,0x00000000ec880000)
  from space 18944K, 99% used [0x00000000ec880000,0x00000000edafa2a8,0x00000000edb00000)
  to   space 23040K, 0% used [0x00000000f0800000,0x00000000f0800000,0x00000000f1e80000)
 ParOldGen       total 92160K, used 41515K [0x00000000a0000000, 0x00000000a5a00000, 0x00000000e0000000)
  object space 92160K, 45% used [0x00000000a0000000,0x00000000a288ad60,0x00000000a5a00000)
 Metaspace       used 67928K, capacity 70114K, committed 70232K, reserved 1110016K
  class space    used 9026K, capacity 9552K, committed 9560K, reserved 1048576K
Event: 35.688 GC heap after
Heap after GC invocations=17 (full 3):
 PSYoungGen      total 263168K, used 8159K [0x00000000e0000000, 0x00000000f1a00000, 0x0000000100000000)
  eden space 244736K, 0% used [0x00000000e0000000,0x00000000e0000000,0x00000000eef00000)
  from space 18432K, 44% used [0x00000000f0800000,0x00000000f0ff7f10,0x00000000f1a00000)
  to   space 22016K, 0% used [0x00000000eef00000,0x00000000eef00000,0x00000000f0480000)
 ParOldGen       total 92160K, used 58500K [0x00000000a0000000, 0x00000000a5a00000, 0x00000000e0000000)
  object space 92160K, 63% used [0x00000000a0000000,0x00000000a3921178,0x00000000a5a00000)
 Metaspace       used 67928K, capacity 70114K, committed 70232K, reserved 1110016K
  class space    used 9026K, capacity 9552K, committed 9560K, reserved 1048576K
}
Event: 38.401 GC heap before
{Heap before GC invocations=18 (full 3):
 PSYoungGen      total 263168K, used 252895K [0x00000000e0000000, 0x00000000f1a00000, 0x0000000100000000)
  eden space 244736K, 100% used [0x00000000e0000000,0x00000000eef00000,0x00000000eef00000)
  from space 18432K, 44% used [0x00000000f0800000,0x00000000f0ff7f10,0x00000000f1a00000)
  to   space 22016K, 0% used [0x00000000eef00000,0x00000000eef00000,0x00000000f0480000)
 ParOldGen       total 92160K, used 58582K [0x00000000a0000000, 0x00000000a5a00000, 0x00000000e0000000)
  object space 92160K, 63% used [0x00000000a0000000,0x00000000a3935a60,0x00000000a5a00000)
 Metaspace       used 71621K, capacity 73996K, committed 74200K, reserved 1114112K
  class space    used 9559K, capacity 10163K, committed 10200K, reserved 1048576K
Event: 38.518 GC heap after
Heap after GC invocations=18 (full 3):
 PSYoungGen      total 266752K, used 22000K [0x00000000e0000000, 0x00000000f1a00000, 0x0000000100000000)
  eden space 244736K, 0% used [0x00000000e0000000,0x00000000e0000000,0x00000000eef00000)
  from space 22016K, 99% used [0x00000000eef00000,0x00000000f047c188,0x00000000f0480000)
  to   space 18432K, 0% used [0x00000000f0800000,0x00000000f0800000,0x00000000f1a00000)
 ParOldGen       total 92160K, used 74251K [0x00000000a0000000, 0x00000000a5a00000, 0x00000000e0000000)
  object space 92160K, 80% used [0x00000000a0000000,0x00000000a4882c98,0x00000000a5a00000)
 Metaspace       used 71621K, capacity 73996K, committed 74200K, reserved 1114112K
  class space    used 9559K, capacity 10163K, committed 10200K, reserved 1048576K
}
Event: 44.250 GC heap before
{Heap before GC invocations=19 (full 3):
 PSYoungGen      total 266752K, used 266736K [0x00000000e0000000, 0x00000000f1a00000, 0x0000000100000000)
  eden space 244736K, 100% used [0x00000000e0000000,0x00000000eef00000,0x00000000eef00000)
  from space 22016K, 99% used [0x00000000eef00000,0x00000000f047c188,0x00000000f0480000)
  to   space 18432K, 0% used [0x00000000f0800000,0x00000000f0800000,0x00000000f1a00000)
 ParOldGen       total 92160K, used 74251K [0x00000000a0000000, 0x00000000a5a00000, 0x00000000e0000000)
  object space 92160K, 80% used [0x00000000a0000000,0x00000000a4882c98,0x00000000a5a00000)
 Metaspace       used 76829K, capacity 79806K, committed 79960K, reserved 1118208K
  class space    used 10343K, capacity 11064K, committed 11096K, reserved 1048576K

Deoptimization events (10 events):
Event: 40.377 Thread 0x000000001a021000 Uncommon trap: reason=bimorphic action=maybe_recompile pc=0x0000000003b659d0 method=com.google.common.collect.ImmutableSet.copyOf(Ljava/util/Collection;)Lcom/google/common/collect/ImmutableSet; @ 29
Event: 40.378 Thread 0x000000001a021000 Uncommon trap: reason=unstable_if action=reinterpret pc=0x00000000038bfc38 method=java.util.concurrent.ConcurrentLinkedQueue.offer(Ljava/lang/Object;)Z @ 40
Event: 40.388 Thread 0x0000000019650800 Uncommon trap: reason=unstable_if action=reinterpret pc=0x0000000003c91184 method=java.util.concurrent.ConcurrentHashMap.computeIfAbsent(Ljava/lang/Object;Ljava/util/function/Function;)Ljava/lang/Object; @ 234
Event: 41.292 Thread 0x000000001a021000 Uncommon trap: reason=predicate action=maybe_recompile pc=0x0000000004ac5600 method=java.util.TimSort.binarySort([Ljava/lang/Object;IIILjava/util/Comparator;)V @ 37
Event: 41.312 Thread 0x000000001a021000 Uncommon trap: reason=predicate action=maybe_recompile pc=0x0000000004b0b758 method=java.util.TimSort.binarySort([Ljava/lang/Object;IIILjava/util/Comparator;)V @ 37
Event: 41.672 Thread 0x000000001a02a000 Uncommon trap: reason=unstable_if action=reinterpret pc=0x0000000003d25c94 method=java.nio.Bits.getShort(Ljava/nio/ByteBuffer;IZ)S @ 1
Event: 41.727 Thread 0x000000001a02a000 Uncommon trap: reason=unstable_if action=reinterpret pc=0x000000000455bd84 method=com.android.tools.r8.graph.d0.a([C)I @ 29
Event: 42.164 Thread 0x000000001a02a000 Uncommon trap: reason=unstable_if action=reinterpret pc=0x0000000004c22bf4 method=com.android.tools.r8.utils.O.d(I)Z @ 45
Event: 42.354 Thread 0x000000001a027800 Uncommon trap: reason=unstable_if action=reinterpret pc=0x0000000002f58630 method=java.util.Arrays.hashCode([Ljava/lang/Object;)I @ 1
Event: 42.358 Thread 0x000000001a027800 Uncommon trap: reason=unstable_if action=reinterpret pc=0x000000000446ae9c method=com.android.tools.r8.graph.d0.b(Lcom/android/tools/r8/graph/d0;)I @ 141

Classes redefined (0 events):
No events

Internal exceptions (10 events):
Event: 40.140 Thread 0x000000001a02c800 Exception <a 'sun/nio/fs/WindowsException'> (0x00000000e18575e8) thrown at [D:\src\AOSP-openjdk-cygwin\jdk8u\hotspot\src\share\vm\prims\jni.cpp, line 710]
Event: 40.187 Thread 0x000000001a02c800 Exception <a 'sun/nio/fs/WindowsException'> (0x00000000e18b2748) thrown at [D:\src\AOSP-openjdk-cygwin\jdk8u\hotspot\src\share\vm\prims\jni.cpp, line 710]
Event: 40.194 Thread 0x000000001a02c800 Exception <a 'sun/nio/fs/WindowsException'> (0x00000000e18fc630) thrown at [D:\src\AOSP-openjdk-cygwin\jdk8u\hotspot\src\share\vm\prims\jni.cpp, line 710]
Event: 40.201 Thread 0x000000001a02c800 Exception <a 'sun/nio/fs/WindowsException'> (0x00000000e19445a0) thrown at [D:\src\AOSP-openjdk-cygwin\jdk8u\hotspot\src\share\vm\prims\jni.cpp, line 710]
Event: 40.209 Thread 0x000000001a02c800 Exception <a 'sun/nio/fs/WindowsException'> (0x00000000e194e148) thrown at [D:\src\AOSP-openjdk-cygwin\jdk8u\hotspot\src\share\vm\prims\jni.cpp, line 710]
Event: 40.213 Thread 0x000000001a02c800 Exception <a 'sun/nio/fs/WindowsException'> (0x00000000e19d6430) thrown at [D:\src\AOSP-openjdk-cygwin\jdk8u\hotspot\src\share\vm\prims\jni.cpp, line 710]
Event: 41.312 Thread 0x000000001a021000 Exception <a 'java/lang/NoSuchMethodError': <clinit>> (0x00000000e3e66ae0) thrown at [D:\src\AOSP-openjdk-cygwin\jdk8u\hotspot\src\share\vm\prims\jni.cpp, line 1614]
Event: 41.313 Thread 0x000000001a021000 Exception <a 'java/lang/NoSuchMethodError': <clinit>> (0x00000000e3e7af28) thrown at [D:\src\AOSP-openjdk-cygwin\jdk8u\hotspot\src\share\vm\prims\jni.cpp, line 1614]
Event: 41.658 Thread 0x000000001a02a000 Exception <a 'sun/nio/fs/WindowsException'> (0x00000000e51c28d0) thrown at [D:\src\AOSP-openjdk-cygwin\jdk8u\hotspot\src\share\vm\prims\jni.cpp, line 710]
Event: 42.354 Thread 0x000000001a027800 Implicit null exception at 0x0000000002f5852f to 0x0000000002f58621

Events (10 events):
Event: 44.010 Executing VM operation: BulkRevokeBias done
Event: 44.013 loading class com/android/tools/r8/naming/b
Event: 44.013 loading class com/android/tools/r8/naming/b done
Event: 44.014 loading class com/android/tools/r8/graph/a0
Event: 44.014 loading class com/android/tools/r8/graph/a0 done
Event: 44.104 Thread 0x000000001a02a000 DEOPT PACKING pc=0x0000000004dfb04a sp=0x000000002224d660
Event: 44.104 Thread 0x000000001a02a000 DEOPT UNPACKING pc=0x0000000002e771d0 sp=0x000000002224d488 mode 0
Event: 44.147 Thread 0x000000001a02a000 DEOPT PACKING pc=0x0000000004df981d sp=0x000000002224d320
Event: 44.147 Thread 0x000000001a02a000 DEOPT UNPACKING pc=0x0000000002e771d0 sp=0x000000002224d038 mode 0
Event: 44.249 Executing VM operation: ParallelGCFailedAllocation


Dynamic libraries:
0x00007ff633950000 - 0x00007ff633981000 	C:\Program Files\Android\Android Studio1\jre\bin\java.exe
0x00007ff929b10000 - 0x00007ff929cfd000 	C:\Windows\SYSTEM32\ntdll.dll
0x00007ff929230000 - 0x00007ff9292e3000 	C:\Windows\System32\KERNEL32.DLL
0x00007ff926a90000 - 0x00007ff926d23000 	C:\Windows\System32\KERNELBASE.dll
0x00007ff929810000 - 0x00007ff9298b3000 	C:\Windows\System32\ADVAPI32.dll
0x00007ff9292f0000 - 0x00007ff92938e000 	C:\Windows\System32\msvcrt.dll
0x00007ff9298c0000 - 0x00007ff92995e000 	C:\Windows\System32\sechost.dll
0x00007ff928a30000 - 0x00007ff928b52000 	C:\Windows\System32\RPCRT4.dll
0x00007ff926d60000 - 0x00007ff926ef7000 	C:\Windows\System32\USER32.dll
0x00007ff926600000 - 0x00007ff926620000 	C:\Windows\System32\win32u.dll
0x00007ff9288a0000 - 0x00007ff9288c9000 	C:\Windows\System32\GDI32.dll
0x00007ff926850000 - 0x00007ff9269e9000 	C:\Windows\System32\gdi32full.dll
0x00007ff9269f0000 - 0x00007ff926a90000 	C:\Windows\System32\msvcp_win.dll
0x00007ff9266d0000 - 0x00007ff9267ca000 	C:\Windows\System32\ucrtbase.dll
0x00007ff919e10000 - 0x00007ff91a089000 	C:\Windows\WinSxS\amd64_microsoft.windows.common-controls_6595b64144ccf1df_6.0.17763.1098_none_de762ed45346ee8a\COMCTL32.dll
0x00007ff928bf0000 - 0x00007ff928f1c000 	C:\Windows\System32\combase.dll
0x00007ff9267d0000 - 0x00007ff92684e000 	C:\Windows\System32\bcryptPrimitives.dll
0x00007ff929200000 - 0x00007ff92922e000 	C:\Windows\System32\IMM32.DLL
0x0000000070b40000 - 0x0000000070c12000 	C:\Program Files\Android\Android Studio1\jre\jre\bin\msvcr100.dll
0x000000006fdb0000 - 0x00000000705f6000 	C:\Program Files\Android\Android Studio1\jre\jre\bin\server\jvm.dll
0x00007ff928f20000 - 0x00007ff928f28000 	C:\Windows\System32\PSAPI.DLL
0x00007ff90d070000 - 0x00007ff90d079000 	C:\Windows\SYSTEM32\WSOCK32.dll
0x00007ff923d70000 - 0x00007ff923d94000 	C:\Windows\SYSTEM32\WINMM.dll
0x00007ff928630000 - 0x00007ff92869d000 	C:\Windows\System32\WS2_32.dll
0x00007ff9188b0000 - 0x00007ff9188ba000 	C:\Windows\SYSTEM32\VERSION.dll
0x00007ff923d10000 - 0x00007ff923d3d000 	C:\Windows\SYSTEM32\WINMMBASE.dll
0x00007ff926590000 - 0x00007ff9265da000 	C:\Windows\System32\cfgmgr32.dll
0x00007ff91fb90000 - 0x00007ff91fb9f000 	C:\Program Files\Android\Android Studio1\jre\jre\bin\verify.dll
0x00007ff91f730000 - 0x00007ff91f759000 	C:\Program Files\Android\Android Studio1\jre\jre\bin\java.dll
0x00007ff91f710000 - 0x00007ff91f726000 	C:\Program Files\Android\Android Studio1\jre\jre\bin\zip.dll
0x00007ff926f00000 - 0x00007ff9283f4000 	C:\Windows\System32\SHELL32.dll
0x00007ff929150000 - 0x00007ff9291f8000 	C:\Windows\System32\shcore.dll
0x00007ff925c60000 - 0x00007ff9263ad000 	C:\Windows\System32\windows.storage.dll
0x00007ff925b30000 - 0x00007ff925b54000 	C:\Windows\System32\profapi.dll
0x00007ff925b60000 - 0x00007ff925bbd000 	C:\Windows\System32\powrprof.dll
0x00007ff928400000 - 0x00007ff928452000 	C:\Windows\System32\shlwapi.dll
0x00007ff925be0000 - 0x00007ff925bf1000 	C:\Windows\System32\kernel.appcore.dll
0x00007ff9265e0000 - 0x00007ff9265f7000 	C:\Windows\System32\cryptsp.dll
0x00007ff91f690000 - 0x00007ff91f6aa000 	C:\Program Files\Android\Android Studio1\jre\jre\bin\net.dll
0x00007ff91b7f0000 - 0x00007ff91b9c7000 	C:\Windows\SYSTEM32\urlmon.dll
0x00007ff91bbc0000 - 0x00007ff91be68000 	C:\Windows\SYSTEM32\iertutil.dll
0x00007ff925510000 - 0x00007ff92551c000 	C:\Windows\SYSTEM32\CRYPTBASE.DLL
0x00007ff925340000 - 0x00007ff9253a7000 	C:\Windows\system32\mswsock.dll
0x00007ff91f670000 - 0x00007ff91f683000 	C:\Program Files\Android\Android Studio1\jre\jre\bin\nio.dll
0x00007ff91e780000 - 0x00007ff91e7a6000 	C:\Users\deCrypt3d\.gradle\native\30\windows-amd64\native-platform.dll
0x00007ff91f700000 - 0x00007ff91f70d000 	C:\Program Files\Android\Android Studio1\jre\jre\bin\management.dll
0x00007ff924ec0000 - 0x00007ff924ef3000 	C:\Windows\system32\rsaenh.dll
0x00007ff926d30000 - 0x00007ff926d56000 	C:\Windows\System32\bcrypt.dll
0x00007ff925a60000 - 0x00007ff925a88000 	C:\Windows\SYSTEM32\USERENV.dll
0x00007ff925060000 - 0x00007ff92509d000 	C:\Windows\SYSTEM32\IPHLPAPI.DLL
0x00007ff928f30000 - 0x00007ff928f38000 	C:\Windows\System32\NSI.dll
0x00007ff91b7c0000 - 0x00007ff91b7d6000 	C:\Windows\SYSTEM32\dhcpcsvc6.DLL
0x00007ff91b7a0000 - 0x00007ff91b7bc000 	C:\Windows\SYSTEM32\dhcpcsvc.DLL
0x00007ff9250b0000 - 0x00007ff925176000 	C:\Windows\SYSTEM32\DNSAPI.dll

VM Arguments:
jvm_args: -Xmx1536m -Dfile.encoding=windows-1252 -Duser.country=ID -Duser.language=en -Duser.variant 
java_command: org.gradle.launcher.daemon.bootstrap.GradleDaemon 5.6.4
java_class_path (initial): C:\Users\deCrypt3d\.gradle\wrapper\dists\gradle-5.6.4-all\ankdp27end7byghfw1q2sw75f\gradle-5.6.4\lib\gradle-launcher-5.6.4.jar
Launcher Type: SUN_STANDARD

Environment Variables:
PATH=C:\ProgramData\Oracle\Java\javapath;C:\Program Files (x86)\Common Files\Intel\Shared Files\cpp\bin\Intel64;C:\Windows\system32;C:\Windows;C:\Windows\System32\Wbem;C:\Windows\System32\WindowsPowerShell\v1.0\;C:\xampp\php;C:\ProgramData\ComposerSetup\bin;C:\Program Files\PuTTY\;C:\Program Files\nodejs\;%JAVA_HOME%\bin;C:\SDK\gradle-6.3\bin;C:\Program Files (x86)\GtkSharp\2.12\bin;C:\Users\deCrypt3d\AppData\Local\Microsoft\WindowsApps;C:\Users\deCrypt3d\AppData\Roaming\Composer\vendor\bin;C:\Users\deCrypt3d\AppData\Roaming\npm;
USERNAME=deCrypt3d
OS=Windows_NT
PROCESSOR_IDENTIFIER=Intel64 Family 6 Model 58 Stepping 9, GenuineIntel



---------------  S Y S T E M  ---------------

OS: Windows 10.0 , 64 bit Build 17763 (10.0.17763.475)

CPU:total 2 (initial active 2) (2 cores per cpu, 1 threads per core) family 6 model 58 stepping 9, cmov, cx8, fxsr, mmx, sse, sse2, sse3, ssse3, sse4.1, sse4.2, popcnt, clmul, erms, tsc, tscinvbit, tscinv

Memory: 4k page, physical 3880804k(451472k free), swap 3880804k(5192k free)

vm_info: OpenJDK 64-Bit Server VM (25.212-b04) for windows-amd64 JRE (1.8.0_212-release-1586-b04), built by "builder" with MS VC++ 10.0 (VS2010)

time: Sun Jul 12 15:01:51 2020
timezone: SE Asia Standard Time
elapsed time: 44 seconds (0d 0h 0m 44s)

