#
# There is insufficient memory for the Java Runtime Environment to continue.
# Native memory allocation (malloc) failed to allocate 4088 bytes for AllocateHeap
# Possible reasons:
#   The system is out of physical RAM or swap space
#   The process is running with CompressedOops enabled, and the Java Heap may be blocking the growth of the native heap
# Possible solutions:
#   Reduce memory load on the system
#   Increase physical memory or swap space
#   Check if swap backing store is full
#   Decrease Java heap size (-Xmx/-Xms)
#   Decrease number of Java threads
#   Decrease Java thread stack sizes (-Xss)
#   Set larger code cache with -XX:ReservedCodeCacheSize=
#   JVM is running with Unscaled Compressed Oops mode in which the Java heap is
#     placed in the first 4GB address space. The Java Heap base address is the
#     maximum limit for the native heap growth. Please use -XX:HeapBaseMinAddress
#     to set the Java Heap base and to place the Java Heap above 4GB virtual address.
# This output file may be truncated or incomplete.
#
#  Out of Memory Error (memory/allocation.inline.hpp:61), pid=6080, tid=0x0000000000001a88
#
# JRE version: OpenJDK Runtime Environment (8.0_212-b04) (build 1.8.0_212-release-1586-b04)
# Java VM: OpenJDK 64-Bit Server VM (25.212-b04 mixed mode windows-amd64 compressed oops)
# Failed to write core dump. Minidumps are not enabled by default on client versions of Windows
#

---------------  T H R E A D  ---------------

Current thread (0x00000000029d7000):  GCTaskThread [stack: 0x0000000012390000,0x0000000012490000] [id=6792]

Stack: [0x0000000012390000,0x0000000012490000]
[error occurred during error reporting (printing stack bounds), id 0xc0000005]

Native frames: (J=compiled Java code, j=interpreted, Vv=VM code, C=native code)


---------------  P R O C E S S  ---------------

Java Threads: ( => current thread )
  0x000000001a16c000 JavaThread "ForkJoinPool-2-worker-0" daemon [_thread_blocked, id=7140, stack(0x0000000027820000,0x0000000027920000)]
  0x0000000019fb4000 JavaThread "ForkJoinPool-2-worker-1" daemon [_thread_blocked, id=3600, stack(0x0000000027720000,0x0000000027820000)]
  0x0000000019fbb800 JavaThread "WorkerExecutor Queue Thread 3" [_thread_blocked, id=320, stack(0x0000000022b30000,0x0000000022c30000)]
  0x0000000019fb8800 JavaThread "WorkerExecutor Queue" [_thread_blocked, id=3760, stack(0x0000000022530000,0x0000000022630000)]
  0x0000000019fb5800 JavaThread "Cache worker for Java compile cache (D:\Semangat Tugas Akhir\Main Project\PajakAir\.gradle\5.6.4\javaCompile)" [_thread_blocked, id=1936, stack(0x0000000020d50000,0x0000000020e50000)]
  0x0000000019fb7000 JavaThread "Cache worker for Java compile cache (C:\Users\deCrypt3d\.gradle\caches\5.6.4\javaCompile)" [_thread_blocked, id=3128, stack(0x0000000020c50000,0x0000000020d50000)]
  0x0000000019fac800 JavaThread "Cache worker for execution history cache (D:\Semangat Tugas Akhir\Main Project\PajakAir\.gradle\5.6.4\executionHistory)" [_thread_blocked, id=2864, stack(0x0000000020b50000,0x0000000020c50000)]
  0x0000000019fad800 JavaThread "Execution worker for ':'" [_thread_blocked, id=2188, stack(0x0000000020850000,0x0000000020950000)]
  0x0000000019fb2000 JavaThread "Cache worker for file content cache (D:\Semangat Tugas Akhir\Main Project\PajakAir\.gradle\5.6.4\fileContent)" [_thread_blocked, id=2612, stack(0x0000000020350000,0x0000000020450000)]
  0x0000000019faf800 JavaThread "Cache worker for file content cache (C:\Users\deCrypt3d\.gradle\caches\5.6.4\fileContent)" [_thread_blocked, id=2000, stack(0x0000000020250000,0x0000000020350000)]
  0x0000000019fb1000 JavaThread "Memory manager" [_thread_blocked, id=7516, stack(0x0000000020150000,0x0000000020250000)]
  0x0000000019fb0800 JavaThread "Cache worker for Build Output Cleanup Cache (D:\Semangat Tugas Akhir\Main Project\PajakAir\.gradle\buildOutputCleanup)" [_thread_blocked, id=3004, stack(0x000000001f650000,0x000000001f750000)]
  0x0000000019fb3800 JavaThread "Build operations Thread 2" [_thread_blocked, id=6384, stack(0x000000001ece0000,0x000000001ede0000)]
  0x0000000019fae000 JavaThread "Build operations" [_thread_blocked, id=1340, stack(0x000000001ebe0000,0x000000001ece0000)]
  0x0000000019fb2800 JavaThread "Cache worker for execution history cache (C:\Users\deCrypt3d\.gradle\caches\5.6.4\executionHistory)" [_thread_blocked, id=1948, stack(0x000000001eae0000,0x000000001ebe0000)]
  0x0000000019faf000 JavaThread "Cache worker for cache directory md-rule (C:\Users\deCrypt3d\.gradle\caches\5.6.4\md-rule)" [_thread_blocked, id=3400, stack(0x000000001e8e0000,0x000000001e9e0000)]
  0x000000001813f000 JavaThread "Cache worker for cache directory md-supplier (C:\Users\deCrypt3d\.gradle\caches\5.6.4\md-supplier)" [_thread_blocked, id=2680, stack(0x000000001e7e0000,0x000000001e8e0000)]
  0x0000000018142000 JavaThread "Cache worker for file hash cache (D:\Semangat Tugas Akhir\Main Project\PajakAir\.gradle\5.6.4\fileHashes)" [_thread_blocked, id=1384, stack(0x000000001cb10000,0x000000001cc10000)]
  0x0000000018142800 JavaThread "Cache worker for journal cache (C:\Users\deCrypt3d\.gradle\caches\journal-1)" [_thread_blocked, id=6224, stack(0x000000001b840000,0x000000001b940000)]
  0x000000001813c000 JavaThread "File lock request listener" [_thread_in_native, id=8124, stack(0x000000001b740000,0x000000001b840000)]
  0x0000000018141000 JavaThread "Cache worker for file hash cache (C:\Users\deCrypt3d\.gradle\caches\5.6.4\fileHashes)" [_thread_blocked, id=7320, stack(0x000000001b440000,0x000000001b540000)]
  0x00000000191bb800 JavaThread "Thread-9" [_thread_blocked, id=2648, stack(0x000000001b340000,0x000000001b440000)]
  0x0000000019194000 JavaThread "Asynchronous log dispatcher for DefaultDaemonConnection: socket connection from /127.0.0.1:50840 to /127.0.0.1:50841" [_thread_blocked, id=7984, stack(0x000000001b140000,0x000000001b240000)]
  0x0000000019191800 JavaThread "Daemon worker" [_thread_blocked, id=4476, stack(0x000000001b040000,0x000000001b140000)]
  0x000000001918c800 JavaThread "Cancel handler" [_thread_blocked, id=7272, stack(0x000000001af40000,0x000000001b040000)]
  0x0000000019163800 JavaThread "Handler for socket connection from /127.0.0.1:50840 to /127.0.0.1:50841" [_thread_in_native, id=1972, stack(0x0000000019c70000,0x0000000019d70000)]
  0x0000000019144800 JavaThread "Daemon" [_thread_blocked, id=4852, stack(0x0000000019b70000,0x0000000019c70000)]
  0x00000000190ec800 JavaThread "Daemon periodic checks" [_thread_blocked, id=4120, stack(0x0000000019a70000,0x0000000019b70000)]
  0x00000000190ea800 JavaThread "Incoming local TCP Connector on port 50840" [_thread_in_native, id=6180, stack(0x0000000019830000,0x0000000019930000)]
  0x0000000019011800 JavaThread "Daemon health stats" [_thread_blocked, id=2360, stack(0x00000000191f0000,0x00000000192f0000)]
  0x000000001624a000 JavaThread "Service Thread" daemon [_thread_blocked, id=4912, stack(0x0000000017420000,0x0000000017520000)]
  0x0000000016244800 JavaThread "C1 CompilerThread1" daemon [_thread_blocked, id=7028, stack(0x0000000017320000,0x0000000017420000)]
  0x00000000161e8800 JavaThread "C2 CompilerThread0" daemon [_thread_blocked, id=3352, stack(0x0000000017220000,0x0000000017320000)]
  0x00000000161e7000 JavaThread "Attach Listener" daemon [_thread_blocked, id=5524, stack(0x0000000017120000,0x0000000017220000)]
  0x00000000161e4000 JavaThread "Signal Dispatcher" daemon [_thread_blocked, id=7496, stack(0x0000000017020000,0x0000000017120000)]
  0x0000000002ab1800 JavaThread "Finalizer" daemon [_thread_blocked, id=1432, stack(0x0000000016e20000,0x0000000016f20000)]
  0x00000000161d7000 JavaThread "Reference Handler" daemon [_thread_blocked, id=3972, stack(0x0000000016d20000,0x0000000016e20000)]
  0x00000000029be000 JavaThread "main" [_thread_blocked, id=7920, stack(0x0000000002620000,0x0000000002720000)]

Other Threads:
  0x00000000161b5800 VMThread [stack: 0x0000000016c20000,0x0000000016d20000] [id=7644]
  0x000000001624c800 WatcherThread [stack: 0x0000000017520000,0x0000000017620000] [id=7260]

=>0x00000000029d7000 (exited) GCTaskThread [stack: 0x0000000012390000,0x0000000012490000] [id=6792]

VM state:at safepoint (normal execution)

VM Mutex/Monitor currently owned by a thread:  ([mutex/lock_event])
[0x00000000029bce20] Threads_lock - owner thread: 0x00000000161b5800
[0x00000000029bcd20] Heap_lock - owner thread: 0x0000000019fb4000

heap address: 0x00000000a0000000, size: 1536 MB, Compressed Oops mode: 32-bit
Narrow klass base: 0x0000000000000000, Narrow klass shift: 3
Compressed class space size: 1073741824 Address: 0x0000000100000000

Heap:
 PSYoungGen      total 316416K, used 299500K [0x00000000e0000000, 0x00000000f5180000, 0x0000000100000000)
  eden space 287744K, 99% used [0x00000000e0000000,0x00000000f16534d8,0x00000000f1900000)
  from space 28672K, 50% used [0x00000000f1900000,0x00000000f2727dc8,0x00000000f3500000)
  to   space 25088K, 99% used [0x00000000f3500000,0x00000000f4d7fb28,0x00000000f4d80000)
 ParOldGen       total 104960K, used 104958K [0x00000000a0000000, 0x00000000a6680000, 0x00000000e0000000)
  object space 104960K, 99% used [0x00000000a0000000,0x00000000a667f938,0x00000000a6680000)
 Metaspace       used 78000K, capacity 81186K, committed 81496K, reserved 1120256K
  class space    used 10323K, capacity 10994K, committed 11096K, reserved 1048576K

Card table byte_map: [0x0000000011e80000,0x0000000012190000] byte_map_base: 0x0000000011980000

Marking Bits: (ParMarkBitMap*) 0x00000000672c9f30
 Begin Bits: [0x0000000012590000, 0x0000000013d90000)
 End Bits:   [0x0000000013d90000, 0x0000000015590000)

Polling page: 0x0000000000e30000

CodeCache: size=245760Kb used=41993Kb max_used=41993Kb free=203766Kb
 bounds [0x0000000002ac0000, 0x0000000005400000, 0x0000000011ac0000]
 total_blobs=13300 nmethods=12464 adapters=747
 compilation: enabled

Compilation events (10 events):
Event: 83.568 Thread 0x0000000016244800 14918 %     3       com.android.tools.r8.dex.m::a @ 87 (130 bytes)
Event: 83.569 Thread 0x0000000016244800 nmethod 14918% 0x00000000053ee1d0 code [0x00000000053ee3c0, 0x00000000053eea38]
Event: 83.570 Thread 0x0000000016244800 14919       3       com.android.tools.r8.dex.m::a (130 bytes)
Event: 83.570 Thread 0x0000000016244800 nmethod 14919 0x00000000053eee90 code [0x00000000053ef080, 0x00000000053ef618]
Event: 83.575 Thread 0x0000000016244800 14920       2       com.android.tools.r8.graph.DexValue$c::a (17 bytes)
Event: 83.576 Thread 0x0000000016244800 nmethod 14920 0x00000000053ef9d0 code [0x00000000053efb40, 0x00000000053efd48]
Event: 83.654 Thread 0x0000000016244800 14921 %     3       com.android.tools.r8.dex.m::a @ 113 (146 bytes)
Event: 83.655 Thread 0x0000000016244800 nmethod 14921% 0x00000000053efed0 code [0x00000000053f00e0, 0x00000000053f0928]
Event: 83.655 Thread 0x0000000016244800 14922       3       com.android.tools.r8.dex.m::a (146 bytes)
Event: 83.657 Thread 0x0000000016244800 nmethod 14922 0x00000000053f0fd0 code [0x00000000053f11e0, 0x00000000053f1988]

GC Heap History (10 events):
Event: 64.418 GC heap after
Heap after GC invocations=24 (full 3):
 PSYoungGen      total 316416K, used 14077K [0x00000000e0000000, 0x00000000f5180000, 0x0000000100000000)
  eden space 287744K, 0% used [0x00000000e0000000,0x00000000e0000000,0x00000000f1900000)
  from space 28672K, 49% used [0x00000000f1900000,0x00000000f26bf5d0,0x00000000f3500000)
  to   space 25088K, 0% used [0x00000000f3500000,0x00000000f3500000,0x00000000f4d80000)
 ParOldGen       total 89600K, used 65690K [0x00000000a0000000, 0x00000000a5780000, 0x00000000e0000000)
  object space 89600K, 73% used [0x00000000a0000000,0x00000000a4026b90,0x00000000a5780000)
 Metaspace       used 77063K, capacity 80130K, committed 80344K, reserved 1118208K
  class space    used 10244K, capacity 10870K, committed 10968K, reserved 1048576K
}
Event: 67.815 GC heap before
{Heap before GC invocations=25 (full 3):
 PSYoungGen      total 316416K, used 301821K [0x00000000e0000000, 0x00000000f5180000, 0x0000000100000000)
  eden space 287744K, 100% used [0x00000000e0000000,0x00000000f1900000,0x00000000f1900000)
  from space 28672K, 49% used [0x00000000f1900000,0x00000000f26bf5d0,0x00000000f3500000)
  to   space 25088K, 0% used [0x00000000f3500000,0x00000000f3500000,0x00000000f4d80000)
 ParOldGen       total 89600K, used 65690K [0x00000000a0000000, 0x00000000a5780000, 0x00000000e0000000)
  object space 89600K, 73% used [0x00000000a0000000,0x00000000a4026b90,0x00000000a5780000)
 Metaspace       used 77076K, capacity 80194K, committed 80344K, reserved 1118208K
  class space    used 10244K, capacity 10870K, committed 10968K, reserved 1048576K
Event: 67.884 GC heap after
Heap after GC invocations=25 (full 3):
 PSYoungGen      total 312832K, used 14695K [0x00000000e0000000, 0x00000000f5180000, 0x0000000100000000)
  eden space 287744K, 0% used [0x00000000e0000000,0x00000000e0000000,0x00000000f1900000)
  from space 25088K, 58% used [0x00000000f3500000,0x00000000f4359d38,0x00000000f4d80000)
  to   space 28672K, 0% used [0x00000000f1900000,0x00000000f1900000,0x00000000f3500000)
 ParOldGen       total 89600K, used 65690K [0x00000000a0000000, 0x00000000a5780000, 0x00000000e0000000)
  object space 89600K, 73% used [0x00000000a0000000,0x00000000a4026b90,0x00000000a5780000)
 Metaspace       used 77076K, capacity 80194K, committed 80344K, reserved 1118208K
  class space    used 10244K, capacity 10870K, committed 10968K, reserved 1048576K
}
Event: 72.020 GC heap before
{Heap before GC invocations=26 (full 3):
 PSYoungGen      total 312832K, used 302439K [0x00000000e0000000, 0x00000000f5180000, 0x0000000100000000)
  eden space 287744K, 100% used [0x00000000e0000000,0x00000000f1900000,0x00000000f1900000)
  from space 25088K, 58% used [0x00000000f3500000,0x00000000f4359d38,0x00000000f4d80000)
  to   space 28672K, 0% used [0x00000000f1900000,0x00000000f1900000,0x00000000f3500000)
 ParOldGen       total 89600K, used 65690K [0x00000000a0000000, 0x00000000a5780000, 0x00000000e0000000)
  object space 89600K, 73% used [0x00000000a0000000,0x00000000a4026b90,0x00000000a5780000)
 Metaspace       used 77154K, capacity 80194K, committed 80344K, reserved 1118208K
  class space    used 10244K, capacity 10870K, committed 10968K, reserved 1048576K
Event: 72.090 GC heap after
Heap after GC invocations=26 (full 3):
 PSYoungGen      total 316416K, used 14811K [0x00000000e0000000, 0x00000000f5180000, 0x0000000100000000)
  eden space 287744K, 0% used [0x00000000e0000000,0x00000000e0000000,0x00000000f1900000)
  from space 28672K, 51% used [0x00000000f1900000,0x00000000f2776cf0,0x00000000f3500000)
  to   space 25088K, 0% used [0x00000000f3500000,0x00000000f3500000,0x00000000f4d80000)
 ParOldGen       total 89600K, used 65698K [0x00000000a0000000, 0x00000000a5780000, 0x00000000e0000000)
  object space 89600K, 73% used [0x00000000a0000000,0x00000000a4028b90,0x00000000a5780000)
 Metaspace       used 77154K, capacity 80194K, committed 80344K, reserved 1118208K
  class space    used 10244K, capacity 10870K, committed 10968K, reserved 1048576K
}
Event: 75.206 GC heap before
{Heap before GC invocations=27 (full 3):
 PSYoungGen      total 316416K, used 302555K [0x00000000e0000000, 0x00000000f5180000, 0x0000000100000000)
  eden space 287744K, 100% used [0x00000000e0000000,0x00000000f1900000,0x00000000f1900000)
  from space 28672K, 51% used [0x00000000f1900000,0x00000000f2776cf0,0x00000000f3500000)
  to   space 25088K, 0% used [0x00000000f3500000,0x00000000f3500000,0x00000000f4d80000)
 ParOldGen       total 89600K, used 65698K [0x00000000a0000000, 0x00000000a5780000, 0x00000000e0000000)
  object space 89600K, 73% used [0x00000000a0000000,0x00000000a4028b90,0x00000000a5780000)
 Metaspace       used 77175K, capacity 80274K, committed 80600K, reserved 1118208K
  class space    used 10244K, capacity 10870K, committed 10968K, reserved 1048576K
Event: 75.278 GC heap after
Heap after GC invocations=27 (full 3):
 PSYoungGen      total 312832K, used 16006K [0x00000000e0000000, 0x00000000f5180000, 0x0000000100000000)
  eden space 287744K, 0% used [0x00000000e0000000,0x00000000e0000000,0x00000000f1900000)
  from space 25088K, 63% used [0x00000000f3500000,0x00000000f44a1ba8,0x00000000f4d80000)
  to   space 28672K, 0% used [0x00000000f1900000,0x00000000f1900000,0x00000000f3500000)
 ParOldGen       total 89600K, used 65698K [0x00000000a0000000, 0x00000000a5780000, 0x00000000e0000000)
  object space 89600K, 73% used [0x00000000a0000000,0x00000000a4028b90,0x00000000a5780000)
 Metaspace       used 77175K, capacity 80274K, committed 80600K, reserved 1118208K
  class space    used 10244K, capacity 10870K, committed 10968K, reserved 1048576K
}
Event: 79.427 GC heap before
{Heap before GC invocations=28 (full 3):
 PSYoungGen      total 312832K, used 303750K [0x00000000e0000000, 0x00000000f5180000, 0x0000000100000000)
  eden space 287744K, 100% used [0x00000000e0000000,0x00000000f1900000,0x00000000f1900000)
  from space 25088K, 63% used [0x00000000f3500000,0x00000000f44a1ba8,0x00000000f4d80000)
  to   space 28672K, 0% used [0x00000000f1900000,0x00000000f1900000,0x00000000f3500000)
 ParOldGen       total 89600K, used 65698K [0x00000000a0000000, 0x00000000a5780000, 0x00000000e0000000)
  object space 89600K, 73% used [0x00000000a0000000,0x00000000a4028b90,0x00000000a5780000)
 Metaspace       used 77463K, capacity 80658K, committed 80856K, reserved 1120256K
  class space    used 10284K, capacity 10944K, committed 10968K, reserved 1048576K
Event: 79.456 GC heap after
Heap after GC invocations=28 (full 3):
 PSYoungGen      total 316416K, used 14495K [0x00000000e0000000, 0x00000000f5180000, 0x0000000100000000)
  eden space 287744K, 0% used [0x00000000e0000000,0x00000000e0000000,0x00000000f1900000)
  from space 28672K, 50% used [0x00000000f1900000,0x00000000f2727dc8,0x00000000f3500000)
  to   space 25088K, 0% used [0x00000000f3500000,0x00000000f3500000,0x00000000f4d80000)
 ParOldGen       total 89600K, used 65706K [0x00000000a0000000, 0x00000000a5780000, 0x00000000e0000000)
  object space 89600K, 73% used [0x00000000a0000000,0x00000000a402ab90,0x00000000a5780000)
 Metaspace       used 77463K, capacity 80658K, committed 80856K, reserved 1120256K
  class space    used 10284K, capacity 10944K, committed 10968K, reserved 1048576K
}
Event: 83.688 GC heap before
{Heap before GC invocations=29 (full 3):
 PSYoungGen      total 316416K, used 299500K [0x00000000e0000000, 0x00000000f5180000, 0x0000000100000000)
  eden space 287744K, 99% used [0x00000000e0000000,0x00000000f16534d8,0x00000000f1900000)
  from space 28672K, 50% used [0x00000000f1900000,0x00000000f2727dc8,0x00000000f3500000)
  to   space 25088K, 0% used [0x00000000f3500000,0x00000000f3500000,0x00000000f4d80000)
 ParOldGen       total 89600K, used 65706K [0x00000000a0000000, 0x00000000a5780000, 0x00000000e0000000)
  object space 89600K, 73% used [0x00000000a0000000,0x00000000a402ab90,0x00000000a5780000)
 Metaspace       used 78000K, capacity 81186K, committed 81496K, reserved 1120256K
  class space    used 10323K, capacity 10994K, committed 11096K, reserved 1048576K

Deoptimization events (10 events):
Event: 77.409 Thread 0x0000000019fb8800 Uncommon trap: reason=class_check action=maybe_recompile pc=0x00000000048db5a0 method=com.google.common.collect.ImmutableSet$RegularSetBuilderImpl.add(Ljava/lang/Object;)Lcom/google/common/collect/ImmutableSet$SetBuilderImpl; @ 6
Event: 77.495 Thread 0x0000000019fb8800 Uncommon trap: reason=class_check action=maybe_recompile pc=0x00000000047d8340 method=com.android.builder.merge.DelegateIncrementalFileMergerInput.getName()Ljava/lang/String; @ 4
Event: 77.495 Thread 0x0000000019fb8800 Uncommon trap: reason=class_check action=maybe_recompile pc=0x00000000047d8340 method=com.android.builder.merge.DelegateIncrementalFileMergerInput.getName()Ljava/lang/String; @ 4
Event: 77.495 Thread 0x0000000019fb8800 Uncommon trap: reason=class_check action=maybe_recompile pc=0x0000000004afd6f0 method=com.android.tools.build.apkzlib.utils.CachedSupplier.get()Ljava/lang/Object; @ 12
Event: 77.496 Thread 0x0000000019fb8800 Uncommon trap: reason=class_check action=maybe_recompile pc=0x0000000004afd6f0 method=com.android.tools.build.apkzlib.utils.CachedSupplier.get()Ljava/lang/Object; @ 12
Event: 78.966 Thread 0x0000000019191800 Uncommon trap: reason=unstable_if action=reinterpret pc=0x00000000046640e8 method=java.util.Arrays.equals([Ljava/lang/Object;[Ljava/lang/Object;)Z @ 52
Event: 79.010 Thread 0x0000000019191800 Uncommon trap: reason=class_check action=maybe_recompile pc=0x0000000004ba0b00 method=com.android.tools.r8.dex.DexOutputBuffer.g(I)V @ 108
Event: 79.496 Thread 0x0000000019fbb800 Uncommon trap: reason=unstable_if action=reinterpret pc=0x00000000044a8814 method=java.nio.Bits.copyToArray(JLjava/lang/Object;JJJ)V @ 19
Event: 80.166 Thread 0x000000001a16c000 Uncommon trap: reason=unstable_if action=reinterpret pc=0x00000000033bb970 method=java.util.Arrays.hashCode([Ljava/lang/Object;)I @ 1
Event: 81.011 Thread 0x0000000019fb8800 Uncommon trap: reason=class_check action=maybe_recompile pc=0x00000000047d8340 method=com.android.builder.merge.DelegateIncrementalFileMergerInput.getName()Ljava/lang/String; @ 4

Classes redefined (0 events):
No events

Internal exceptions (10 events):
Event: 73.079 Thread 0x0000000019fad800 Exception <a 'sun/nio/fs/WindowsException'> (0x00000000e1417c68) thrown at [D:\src\AOSP-openjdk-cygwin\jdk8u\hotspot\src\share\vm\prims\jni.cpp, line 710]
Event: 73.289 Thread 0x0000000019fad800 Exception <a 'sun/nio/fs/WindowsException'> (0x00000000e7073530) thrown at [D:\src\AOSP-openjdk-cygwin\jdk8u\hotspot\src\share\vm\prims\jni.cpp, line 710]
Event: 74.073 Thread 0x0000000019fad800 Exception <a 'sun/nio/fs/WindowsException'> (0x00000000eb1e5690) thrown at [D:\src\AOSP-openjdk-cygwin\jdk8u\hotspot\src\share\vm\prims\jni.cpp, line 710]
Event: 75.541 Thread 0x0000000019fad800 Exception <a 'sun/nio/fs/WindowsException'> (0x00000000e16906f0) thrown at [D:\src\AOSP-openjdk-cygwin\jdk8u\hotspot\src\share\vm\prims\jni.cpp, line 710]
Event: 76.176 Thread 0x0000000019fad800 Exception <a 'sun/nio/fs/WindowsException'> (0x00000000e16c7d60) thrown at [D:\src\AOSP-openjdk-cygwin\jdk8u\hotspot\src\share\vm\prims\jni.cpp, line 710]
Event: 76.215 Thread 0x0000000019fad800 Exception <a 'sun/nio/fs/WindowsException'> (0x00000000e1887038) thrown at [D:\src\AOSP-openjdk-cygwin\jdk8u\hotspot\src\share\vm\prims\jni.cpp, line 710]
Event: 79.075 Thread 0x0000000019191800 Exception <a 'sun/nio/fs/WindowsException'> (0x00000000f0d9f2e0) thrown at [D:\src\AOSP-openjdk-cygwin\jdk8u\hotspot\src\share\vm\prims\jni.cpp, line 710]
Event: 79.270 Thread 0x0000000019191800 Exception <a 'java/lang/NoSuchMethodError': <clinit>> (0x00000000f0f42558) thrown at [D:\src\AOSP-openjdk-cygwin\jdk8u\hotspot\src\share\vm\prims\jni.cpp, line 1614]
Event: 79.503 Thread 0x0000000019fbb800 Exception <a 'sun/nio/fs/WindowsException'> (0x00000000e05643b8) thrown at [D:\src\AOSP-openjdk-cygwin\jdk8u\hotspot\src\share\vm\prims\jni.cpp, line 710]
Event: 80.166 Thread 0x000000001a16c000 Implicit null exception at 0x00000000033bb86f to 0x00000000033bb961

Events (10 events):
Event: 82.963 Thread 0x0000000019fb4000 DEOPT UNPACKING pc=0x0000000002b071d0 sp=0x000000002781eac0 mode 0
Event: 83.318 Thread 0x0000000019fb4000 DEOPT PACKING pc=0x00000000046e0144 sp=0x000000002781e450
Event: 83.318 Thread 0x0000000019fb4000 DEOPT UNPACKING pc=0x0000000002b071d0 sp=0x000000002781e1a0 mode 0
Event: 83.532 Thread 0x0000000019fb4000 DEOPT PACKING pc=0x0000000004fd72a8 sp=0x000000002781e700
Event: 83.532 Thread 0x0000000019fb4000 DEOPT UNPACKING pc=0x0000000002b071d0 sp=0x000000002781e488 mode 0
Event: 83.570 Thread 0x0000000019fb4000 DEOPT PACKING pc=0x0000000004fd7bd5 sp=0x000000002781e6a0
Event: 83.570 Thread 0x0000000019fb4000 DEOPT UNPACKING pc=0x0000000002b071d0 sp=0x000000002781e3f0 mode 0
Event: 83.657 Thread 0x0000000019fb4000 DEOPT PACKING pc=0x0000000004fdaabd sp=0x000000002781e700
Event: 83.657 Thread 0x0000000019fb4000 DEOPT UNPACKING pc=0x0000000002b071d0 sp=0x000000002781e488 mode 0
Event: 83.688 Executing VM operation: ParallelGCFailedAllocation


Dynamic libraries:
0x00007ff7c2340000 - 0x00007ff7c2371000 	C:\Program Files\Android\Android Studio1\jre\bin\java.exe
0x00007ffbaa980000 - 0x00007ffbaab6d000 	C:\Windows\SYSTEM32\ntdll.dll
0x00007ffba8640000 - 0x00007ffba86f3000 	C:\Windows\System32\KERNEL32.DLL
0x00007ffba6ad0000 - 0x00007ffba6d63000 	C:\Windows\System32\KERNELBASE.dll
0x00007ffba7cb0000 - 0x00007ffba7d53000 	C:\Windows\System32\ADVAPI32.dll
0x00007ffba83e0000 - 0x00007ffba847e000 	C:\Windows\System32\msvcrt.dll
0x00007ffbaa780000 - 0x00007ffbaa81e000 	C:\Windows\System32\sechost.dll
0x00007ffbaa650000 - 0x00007ffbaa772000 	C:\Windows\System32\RPCRT4.dll
0x00007ffba8da0000 - 0x00007ffba8f37000 	C:\Windows\System32\USER32.dll
0x00007ffba78a0000 - 0x00007ffba78c0000 	C:\Windows\System32\win32u.dll
0x00007ffba8480000 - 0x00007ffba84a9000 	C:\Windows\System32\GDI32.dll
0x00007ffba7a30000 - 0x00007ffba7bc9000 	C:\Windows\System32\gdi32full.dll
0x00007ffba7990000 - 0x00007ffba7a30000 	C:\Windows\System32\msvcp_win.dll
0x00007ffba7780000 - 0x00007ffba787a000 	C:\Windows\System32\ucrtbase.dll
0x00007ffb9af60000 - 0x00007ffb9b1d9000 	C:\Windows\WinSxS\amd64_microsoft.windows.common-controls_6595b64144ccf1df_6.0.17763.1098_none_de762ed45346ee8a\COMCTL32.dll
0x00007ffba7f10000 - 0x00007ffba823c000 	C:\Windows\System32\combase.dll
0x00007ffba78c0000 - 0x00007ffba793e000 	C:\Windows\System32\bcryptPrimitives.dll
0x00007ffba84b0000 - 0x00007ffba84de000 	C:\Windows\System32\IMM32.DLL
0x0000000067890000 - 0x0000000067962000 	C:\Program Files\Android\Android Studio1\jre\jre\bin\msvcr100.dll
0x0000000066b00000 - 0x0000000067346000 	C:\Program Files\Android\Android Studio1\jre\jre\bin\server\jvm.dll
0x00007ffbaa840000 - 0x00007ffbaa848000 	C:\Windows\System32\PSAPI.DLL
0x00007ffb8ce90000 - 0x00007ffb8ce99000 	C:\Windows\SYSTEM32\WSOCK32.dll
0x00007ffbaa850000 - 0x00007ffbaa8bd000 	C:\Windows\System32\WS2_32.dll
0x00007ffba4b20000 - 0x00007ffba4b44000 	C:\Windows\SYSTEM32\WINMM.dll
0x00007ffb995d0000 - 0x00007ffb995da000 	C:\Windows\SYSTEM32\VERSION.dll
0x00007ffba4af0000 - 0x00007ffba4b1d000 	C:\Windows\SYSTEM32\WINMMBASE.dll
0x00007ffba7940000 - 0x00007ffba798a000 	C:\Windows\System32\cfgmgr32.dll
0x00007ffba4c00000 - 0x00007ffba4c0f000 	C:\Program Files\Android\Android Studio1\jre\jre\bin\verify.dll
0x00007ffba4bd0000 - 0x00007ffba4bf9000 	C:\Program Files\Android\Android Studio1\jre\jre\bin\java.dll
0x00007ffba4bb0000 - 0x00007ffba4bc6000 	C:\Program Files\Android\Android Studio1\jre\jre\bin\zip.dll
0x00007ffba9150000 - 0x00007ffbaa644000 	C:\Windows\System32\SHELL32.dll
0x00007ffbaa8c0000 - 0x00007ffbaa968000 	C:\Windows\System32\shcore.dll
0x00007ffba6d70000 - 0x00007ffba74bd000 	C:\Windows\System32\windows.storage.dll
0x00007ffba6a00000 - 0x00007ffba6a24000 	C:\Windows\System32\profapi.dll
0x00007ffba69a0000 - 0x00007ffba69fd000 	C:\Windows\System32\powrprof.dll
0x00007ffba8fc0000 - 0x00007ffba9012000 	C:\Windows\System32\shlwapi.dll
0x00007ffba6a50000 - 0x00007ffba6a61000 	C:\Windows\System32\kernel.appcore.dll
0x00007ffba7880000 - 0x00007ffba7897000 	C:\Windows\System32\cryptsp.dll
0x00007ffba32c0000 - 0x00007ffba32da000 	C:\Program Files\Android\Android Studio1\jre\jre\bin\net.dll
0x00007ffb9c610000 - 0x00007ffb9c7e7000 	C:\Windows\SYSTEM32\urlmon.dll
0x00007ffb9c9e0000 - 0x00007ffb9cc88000 	C:\Windows\SYSTEM32\iertutil.dll
0x00007ffba6380000 - 0x00007ffba638c000 	C:\Windows\SYSTEM32\CRYPTBASE.DLL
0x00007ffba61b0000 - 0x00007ffba6217000 	C:\Windows\system32\mswsock.dll
0x00007ffba0c90000 - 0x00007ffba0ca3000 	C:\Program Files\Android\Android Studio1\jre\jre\bin\nio.dll
0x00007ffb9a6a0000 - 0x00007ffb9a6c6000 	C:\Users\deCrypt3d\.gradle\native\30\windows-amd64\native-platform.dll
0x00007ffba4ba0000 - 0x00007ffba4bad000 	C:\Program Files\Android\Android Studio1\jre\jre\bin\management.dll
0x00007ffba5d30000 - 0x00007ffba5d63000 	C:\Windows\system32\rsaenh.dll
0x00007ffba76a0000 - 0x00007ffba76c6000 	C:\Windows\System32\bcrypt.dll
0x00007ffba68a0000 - 0x00007ffba68c8000 	C:\Windows\SYSTEM32\USERENV.dll
0x00007ffba5ed0000 - 0x00007ffba5f0d000 	C:\Windows\SYSTEM32\IPHLPAPI.DLL
0x00007ffbaa970000 - 0x00007ffbaa978000 	C:\Windows\System32\NSI.dll
0x00007ffb9c810000 - 0x00007ffb9c826000 	C:\Windows\SYSTEM32\dhcpcsvc6.DLL
0x00007ffb9c7f0000 - 0x00007ffb9c80c000 	C:\Windows\SYSTEM32\dhcpcsvc.DLL
0x00007ffba5f10000 - 0x00007ffba5fd6000 	C:\Windows\SYSTEM32\DNSAPI.dll

VM Arguments:
jvm_args: -Xmx1536m -Dfile.encoding=windows-1252 -Duser.country=ID -Duser.language=en -Duser.variant 
java_command: org.gradle.launcher.daemon.bootstrap.GradleDaemon 5.6.4
java_class_path (initial): C:\Users\deCrypt3d\.gradle\wrapper\dists\gradle-5.6.4-all\ankdp27end7byghfw1q2sw75f\gradle-5.6.4\lib\gradle-launcher-5.6.4.jar
Launcher Type: SUN_STANDARD

Environment Variables:
PATH=C:\ProgramData\Oracle\Java\javapath;C:\Program Files (x86)\Common Files\Intel\Shared Files\cpp\bin\Intel64;C:\Windows\system32;C:\Windows;C:\Windows\System32\Wbem;C:\Windows\System32\WindowsPowerShell\v1.0\;C:\xampp\php;C:\ProgramData\ComposerSetup\bin;C:\Program Files\PuTTY\;C:\Program Files\nodejs\;%JAVA_HOME%\bin;C:\SDK\gradle-6.3\bin;C:\Program Files (x86)\GtkSharp\2.12\bin;C:\Users\deCrypt3d\AppData\Local\Microsoft\WindowsApps;C:\Users\deCrypt3d\AppData\Roaming\Composer\vendor\bin;C:\Users\deCrypt3d\AppData\Roaming\npm;
USERNAME=deCrypt3d
OS=Windows_NT
PROCESSOR_IDENTIFIER=Intel64 Family 6 Model 58 Stepping 9, GenuineIntel



---------------  S Y S T E M  ---------------

OS: Windows 10.0 , 64 bit Build 17763 (10.0.17763.475)

CPU:total 2 (initial active 2) (2 cores per cpu, 1 threads per core) family 6 model 58 stepping 9, cmov, cx8, fxsr, mmx, sse, sse2, sse3, ssse3, sse4.1, sse4.2, popcnt, clmul, erms, tsc, tscinvbit, tscinv

Memory: 4k page, physical 3880804k(269388k free), swap 3880804k(4084k free)

vm_info: OpenJDK 64-Bit Server VM (25.212-b04) for windows-amd64 JRE (1.8.0_212-release-1586-b04), built by "builder" with MS VC++ 10.0 (VS2010)

time: Tue Jul 07 07:57:08 2020
timezone: SE Asia Standard Time
elapsed time: 84 seconds (0d 0h 1m 24s)

