#
# There is insufficient memory for the Java Runtime Environment to continue.
# Native memory allocation (malloc) failed to allocate 343696 bytes for Chunk::new
# Possible reasons:
#   The system is out of physical RAM or swap space
#   The process is running with CompressedOops enabled, and the Java Heap may be blocking the growth of the native heap
# Possible solutions:
#   Reduce memory load on the system
#   Increase physical memory or swap space
#   Check if swap backing store is full
#   Decrease Java heap size (-Xmx/-Xms)
#   Decrease number of Java threads
#   Decrease Java thread stack sizes (-Xss)
#   Set larger code cache with -XX:ReservedCodeCacheSize=
#   JVM is running with Unscaled Compressed Oops mode in which the Java heap is
#     placed in the first 4GB address space. The Java Heap base address is the
#     maximum limit for the native heap growth. Please use -XX:HeapBaseMinAddress
#     to set the Java Heap base and to place the Java Heap above 4GB virtual address.
# This output file may be truncated or incomplete.
#
#  Out of Memory Error (allocation.cpp:389), pid=7428, tid=0x000000000000216c
#
# JRE version: OpenJDK Runtime Environment (8.0_212-b04) (build 1.8.0_212-release-1586-b04)
# Java VM: OpenJDK 64-Bit Server VM (25.212-b04 mixed mode windows-amd64 compressed oops)
# Failed to write core dump. Minidumps are not enabled by default on client versions of Windows
#

---------------  T H R E A D  ---------------

Current thread (0x0000000016679800):  JavaThread "C2 CompilerThread0" daemon [_thread_in_native, id=8556, stack(0x00000000176c0000,0x00000000177c0000)]

Stack: [0x00000000176c0000,0x00000000177c0000]
[error occurred during error reporting (printing stack bounds), id 0xc0000005]

Native frames: (J=compiled Java code, j=interpreted, Vv=VM code, C=native code)


Current CompileTask:
C2:   7984 1460   !   4       java.net.URLClassLoader$1::run (63 bytes)


---------------  P R O C E S S  ---------------

Java Threads: ( => current thread )
  0x0000000019449800 JavaThread "Cache worker for journal cache (C:\Users\deCrypt3d\.gradle\caches\journal-1)" [_thread_blocked, id=184, stack(0x000000001ad10000,0x000000001ae10000)]
  0x000000001944a000 JavaThread "File lock request listener" [_thread_in_native, id=5060, stack(0x000000001ac10000,0x000000001ad10000)]
  0x000000001944b000 JavaThread "Cache worker for file hash cache (C:\Users\deCrypt3d\.gradle\caches\5.6.4\fileHashes)" [_thread_blocked, id=1020, stack(0x000000001ab10000,0x000000001ac10000)]
  0x0000000019568000 JavaThread "Thread-9" [_thread_blocked, id=3912, stack(0x000000001a810000,0x000000001a910000)]
  0x0000000019560800 JavaThread "Stdin handler" [_thread_blocked, id=2988, stack(0x000000001a710000,0x000000001a810000)]
  0x0000000019560000 JavaThread "Asynchronous log dispatcher for DefaultDaemonConnection: socket connection from /127.0.0.1:51893 to /127.0.0.1:51894" [_thread_blocked, id=7780, stack(0x000000001a610000,0x000000001a710000)]
  0x0000000018566800 JavaThread "Daemon worker" [_thread_in_native, id=5512, stack(0x000000001a510000,0x000000001a610000)]
  0x0000000017d55000 JavaThread "Cancel handler" [_thread_blocked, id=8148, stack(0x000000001a410000,0x000000001a510000)]
  0x0000000018424000 JavaThread "Handler for socket connection from /127.0.0.1:51893 to /127.0.0.1:51894" [_thread_in_native, id=1424, stack(0x000000001a110000,0x000000001a210000)]
  0x0000000018421800 JavaThread "Daemon" [_thread_blocked, id=1968, stack(0x000000001a010000,0x000000001a110000)]
  0x0000000017d08800 JavaThread "Daemon periodic checks" [_thread_blocked, id=5644, stack(0x0000000019f10000,0x000000001a010000)]
  0x0000000017d0c000 JavaThread "Incoming local TCP Connector on port 51893" [_thread_in_native, id=1032, stack(0x0000000019cd0000,0x0000000019dd0000)]
  0x00000000194ac800 JavaThread "Daemon health stats" [_thread_blocked, id=7436, stack(0x0000000019690000,0x0000000019790000)]
  0x00000000166db000 JavaThread "Service Thread" daemon [_thread_blocked, id=3796, stack(0x00000000178c0000,0x00000000179c0000)]
  0x00000000166d5800 JavaThread "C1 CompilerThread1" daemon [_thread_blocked, id=1084, stack(0x00000000177c0000,0x00000000178c0000)]
=>0x0000000016679800 JavaThread "C2 CompilerThread0" daemon [_thread_in_native, id=8556, stack(0x00000000176c0000,0x00000000177c0000)]
  0x0000000016678000 JavaThread "Attach Listener" daemon [_thread_blocked, id=2676, stack(0x00000000175c0000,0x00000000176c0000)]
  0x0000000016675000 JavaThread "Signal Dispatcher" daemon [_thread_blocked, id=8224, stack(0x00000000174c0000,0x00000000175c0000)]
  0x0000000002f41800 JavaThread "Finalizer" daemon [_thread_blocked, id=7624, stack(0x00000000172c0000,0x00000000173c0000)]
  0x0000000016667000 JavaThread "Reference Handler" daemon [_thread_blocked, id=9180, stack(0x00000000171c0000,0x00000000172c0000)]
  0x0000000002bde000 JavaThread "main" [_thread_blocked, id=4356, stack(0x0000000002be0000,0x0000000002ce0000)]

Other Threads:
  0x0000000016645800 VMThread [stack: 0x00000000170c0000,0x00000000171c0000] [id=2416]
  0x00000000166dd800 WatcherThread [stack: 0x00000000179c0000,0x0000000017ac0000] [id=7356]

VM state:not at safepoint (normal execution)

VM Mutex/Monitor currently owned by a thread: None

heap address: 0x00000000a0000000, size: 1536 MB, Compressed Oops mode: 32-bit
Narrow klass base: 0x0000000000000000, Narrow klass shift: 3
Compressed class space size: 1073741824 Address: 0x0000000100000000

Heap:
 PSYoungGen      total 35328K, used 19969K [0x00000000e0000000, 0x00000000e2800000, 0x0000000100000000)
  eden space 30208K, 49% used [0x00000000e0000000,0x00000000e0e80ae8,0x00000000e1d80000)
  from space 5120K, 99% used [0x00000000e1d80000,0x00000000e227f9d0,0x00000000e2280000)
  to   space 4608K, 0% used [0x00000000e2280000,0x00000000e2280000,0x00000000e2700000)
 ParOldGen       total 40960K, used 4275K [0x00000000a0000000, 0x00000000a2800000, 0x00000000e0000000)
  object space 40960K, 10% used [0x00000000a0000000,0x00000000a042cfb0,0x00000000a2800000)
 Metaspace       used 15041K, capacity 15432K, committed 15616K, reserved 1062912K
  class space    used 2106K, capacity 2231K, committed 2304K, reserved 1048576K

Card table byte_map: [0x0000000012310000,0x0000000012620000] byte_map_base: 0x0000000011e10000

Marking Bits: (ParMarkBitMap*) 0x0000000059c49f30
 Begin Bits: [0x0000000012a20000, 0x0000000014220000)
 End Bits:   [0x0000000014220000, 0x0000000015a20000)

Polling page: 0x0000000000db0000

CodeCache: size=245760Kb used=5392Kb max_used=5392Kb free=240367Kb
 bounds [0x0000000002f50000, 0x00000000034a0000, 0x0000000011f50000]
 total_blobs=1894 nmethods=1511 adapters=297
 compilation: enabled

Compilation events (10 events):
Event: 7.958 Thread 0x00000000166d5800 1512       3       java.lang.StringBuilder::<init> (6 bytes)
Event: 7.959 Thread 0x00000000166d5800 nmethod 1512 0x0000000003491d10 code [0x0000000003491e80, 0x0000000003492130]
Event: 7.960 Thread 0x00000000166d5800 1513       3       com.google.common.base.Preconditions::checkNotNull (14 bytes)
Event: 7.960 Thread 0x00000000166d5800 nmethod 1513 0x0000000003492250 code [0x00000000034923c0, 0x00000000034925e8]
Event: 7.962 Thread 0x00000000166d5800 1514       3       org.gradle.api.file.internal.FilePathUtil::sizeOfCommonPrefix (142 bytes)
Event: 7.964 Thread 0x00000000166d5800 nmethod 1514 0x00000000034926d0 code [0x0000000003492940, 0x0000000003493d68]
Event: 7.964 Thread 0x00000000166d5800 1515       3       org.gradle.internal.file.DefaultFileHierarchySet$Node::sizeOfCommonPrefix (10 bytes)
Event: 7.965 Thread 0x00000000166d5800 nmethod 1515 0x00000000034946d0 code [0x0000000003494840, 0x0000000003494a28]
Event: 7.972 Thread 0x00000000166d5800 1516       3       java.io.WinNTFileSystem::parentOrNull (171 bytes)
Event: 7.973 Thread 0x00000000166d5800 nmethod 1516 0x0000000003494b10 code [0x0000000003494d40, 0x0000000003495ab8]

GC Heap History (10 events):
Event: 2.395 GC heap before
{Heap before GC invocations=3 (full 0):
 PSYoungGen      total 17920K, used 17898K [0x00000000e0000000, 0x00000000e1400000, 0x0000000100000000)
  eden space 15360K, 100% used [0x00000000e0000000,0x00000000e0f00000,0x00000000e0f00000)
  from space 2560K, 99% used [0x00000000e1180000,0x00000000e13fa880,0x00000000e1400000)
  to   space 2560K, 0% used [0x00000000e0f00000,0x00000000e0f00000,0x00000000e1180000)
 ParOldGen       total 40960K, used 758K [0x00000000a0000000, 0x00000000a2800000, 0x00000000e0000000)
  object space 40960K, 1% used [0x00000000a0000000,0x00000000a00bd8d8,0x00000000a2800000)
 Metaspace       used 7056K, capacity 7272K, committed 7424K, reserved 1056768K
  class space    used 855K, capacity 940K, committed 1024K, reserved 1048576K
Event: 2.401 GC heap after
Heap after GC invocations=3 (full 0):
 PSYoungGen      total 17920K, used 2128K [0x00000000e0000000, 0x00000000e1400000, 0x0000000100000000)
  eden space 15360K, 0% used [0x00000000e0000000,0x00000000e0000000,0x00000000e0f00000)
  from space 2560K, 83% used [0x00000000e0f00000,0x00000000e1114030,0x00000000e1180000)
  to   space 2560K, 0% used [0x00000000e1180000,0x00000000e1180000,0x00000000e1400000)
 ParOldGen       total 40960K, used 758K [0x00000000a0000000, 0x00000000a2800000, 0x00000000e0000000)
  object space 40960K, 1% used [0x00000000a0000000,0x00000000a00bd8d8,0x00000000a2800000)
 Metaspace       used 7056K, capacity 7272K, committed 7424K, reserved 1056768K
  class space    used 855K, capacity 940K, committed 1024K, reserved 1048576K
}
Event: 3.158 GC heap before
{Heap before GC invocations=4 (full 0):
 PSYoungGen      total 17920K, used 17488K [0x00000000e0000000, 0x00000000e1400000, 0x0000000100000000)
  eden space 15360K, 100% used [0x00000000e0000000,0x00000000e0f00000,0x00000000e0f00000)
  from space 2560K, 83% used [0x00000000e0f00000,0x00000000e1114030,0x00000000e1180000)
  to   space 2560K, 0% used [0x00000000e1180000,0x00000000e1180000,0x00000000e1400000)
 ParOldGen       total 40960K, used 758K [0x00000000a0000000, 0x00000000a2800000, 0x00000000e0000000)
  object space 40960K, 1% used [0x00000000a0000000,0x00000000a00bd8d8,0x00000000a2800000)
 Metaspace       used 7243K, capacity 7584K, committed 7680K, reserved 1056768K
  class space    used 879K, capacity 980K, committed 1024K, reserved 1048576K
Event: 3.169 GC heap after
Heap after GC invocations=4 (full 0):
 PSYoungGen      total 17920K, used 2560K [0x00000000e0000000, 0x00000000e2300000, 0x0000000100000000)
  eden space 15360K, 0% used [0x00000000e0000000,0x00000000e0000000,0x00000000e0f00000)
  from space 2560K, 100% used [0x00000000e1180000,0x00000000e1400000,0x00000000e1400000)
  to   space 2560K, 0% used [0x00000000e0f00000,0x00000000e0f00000,0x00000000e1180000)
 ParOldGen       total 40960K, used 1243K [0x00000000a0000000, 0x00000000a2800000, 0x00000000e0000000)
  object space 40960K, 3% used [0x00000000a0000000,0x00000000a0136df0,0x00000000a2800000)
 Metaspace       used 7243K, capacity 7584K, committed 7680K, reserved 1056768K
  class space    used 879K, capacity 980K, committed 1024K, reserved 1048576K
}
Event: 3.584 GC heap before
{Heap before GC invocations=5 (full 0):
 PSYoungGen      total 17920K, used 17920K [0x00000000e0000000, 0x00000000e2300000, 0x0000000100000000)
  eden space 15360K, 100% used [0x00000000e0000000,0x00000000e0f00000,0x00000000e0f00000)
  from space 2560K, 100% used [0x00000000e1180000,0x00000000e1400000,0x00000000e1400000)
  to   space 2560K, 0% used [0x00000000e0f00000,0x00000000e0f00000,0x00000000e1180000)
 ParOldGen       total 40960K, used 1243K [0x00000000a0000000, 0x00000000a2800000, 0x00000000e0000000)
  object space 40960K, 3% used [0x00000000a0000000,0x00000000a0136df0,0x00000000a2800000)
 Metaspace       used 8354K, capacity 8546K, committed 8832K, reserved 1056768K
  class space    used 1054K, capacity 1109K, committed 1152K, reserved 1048576K
Event: 3.598 GC heap after
Heap after GC invocations=5 (full 0):
 PSYoungGen      total 17920K, used 2560K [0x00000000e0000000, 0x00000000e2700000, 0x0000000100000000)
  eden space 15360K, 0% used [0x00000000e0000000,0x00000000e0000000,0x00000000e0f00000)
  from space 2560K, 100% used [0x00000000e0f00000,0x00000000e1180000,0x00000000e1180000)
  to   space 4608K, 0% used [0x00000000e2280000,0x00000000e2280000,0x00000000e2700000)
 ParOldGen       total 40960K, used 2548K [0x00000000a0000000, 0x00000000a2800000, 0x00000000e0000000)
  object space 40960K, 6% used [0x00000000a0000000,0x00000000a027d028,0x00000000a2800000)
 Metaspace       used 8354K, capacity 8546K, committed 8832K, reserved 1056768K
  class space    used 1054K, capacity 1109K, committed 1152K, reserved 1048576K
}
Event: 6.869 GC heap before
{Heap before GC invocations=6 (full 0):
 PSYoungGen      total 17920K, used 17920K [0x00000000e0000000, 0x00000000e2700000, 0x0000000100000000)
  eden space 15360K, 100% used [0x00000000e0000000,0x00000000e0f00000,0x00000000e0f00000)
  from space 2560K, 100% used [0x00000000e0f00000,0x00000000e1180000,0x00000000e1180000)
  to   space 4608K, 0% used [0x00000000e2280000,0x00000000e2280000,0x00000000e2700000)
 ParOldGen       total 40960K, used 2548K [0x00000000a0000000, 0x00000000a2800000, 0x00000000e0000000)
  object space 40960K, 6% used [0x00000000a0000000,0x00000000a027d028,0x00000000a2800000)
 Metaspace       used 11943K, capacity 12282K, committed 12544K, reserved 1060864K
  class space    used 1569K, capacity 1687K, committed 1792K, reserved 1048576K
Event: 6.891 GC heap after
Heap after GC invocations=6 (full 0):
 PSYoungGen      total 34816K, used 4580K [0x00000000e0000000, 0x00000000e2800000, 0x0000000100000000)
  eden space 30208K, 0% used [0x00000000e0000000,0x00000000e0000000,0x00000000e1d80000)
  from space 4608K, 99% used [0x00000000e2280000,0x00000000e26f90a0,0x00000000e2700000)
  to   space 5120K, 0% used [0x00000000e1d80000,0x00000000e1d80000,0x00000000e2280000)
 ParOldGen       total 40960K, used 2636K [0x00000000a0000000, 0x00000000a2800000, 0x00000000e0000000)
  object space 40960K, 6% used [0x00000000a0000000,0x00000000a0293308,0x00000000a2800000)
 Metaspace       used 11943K, capacity 12282K, committed 12544K, reserved 1060864K
  class space    used 1569K, capacity 1687K, committed 1792K, reserved 1048576K
}
Event: 7.665 GC heap before
{Heap before GC invocations=7 (full 0):
 PSYoungGen      total 34816K, used 34788K [0x00000000e0000000, 0x00000000e2800000, 0x0000000100000000)
  eden space 30208K, 100% used [0x00000000e0000000,0x00000000e1d80000,0x00000000e1d80000)
  from space 4608K, 99% used [0x00000000e2280000,0x00000000e26f90a0,0x00000000e2700000)
  to   space 5120K, 0% used [0x00000000e1d80000,0x00000000e1d80000,0x00000000e2280000)
 ParOldGen       total 40960K, used 2636K [0x00000000a0000000, 0x00000000a2800000, 0x00000000e0000000)
  object space 40960K, 6% used [0x00000000a0000000,0x00000000a0293308,0x00000000a2800000)
 Metaspace       used 14415K, capacity 14746K, committed 14976K, reserved 1062912K
  class space    used 1989K, capacity 2127K, committed 2176K, reserved 1048576K
Event: 7.687 GC heap after
Heap after GC invocations=7 (full 0):
 PSYoungGen      total 35328K, used 5118K [0x00000000e0000000, 0x00000000e2800000, 0x0000000100000000)
  eden space 30208K, 0% used [0x00000000e0000000,0x00000000e0000000,0x00000000e1d80000)
  from space 5120K, 99% used [0x00000000e1d80000,0x00000000e227f9d0,0x00000000e2280000)
  to   space 4608K, 0% used [0x00000000e2280000,0x00000000e2280000,0x00000000e2700000)
 ParOldGen       total 40960K, used 4275K [0x00000000a0000000, 0x00000000a2800000, 0x00000000e0000000)
  object space 40960K, 10% used [0x00000000a0000000,0x00000000a042cfb0,0x00000000a2800000)
 Metaspace       used 14415K, capacity 14746K, committed 14976K, reserved 1062912K
  class space    used 1989K, capacity 2127K, committed 2176K, reserved 1048576K
}

Deoptimization events (10 events):
Event: 3.831 Thread 0x0000000002bde000 Uncommon trap: reason=bimorphic action=maybe_recompile pc=0x00000000031789e0 method=java.util.HashMap.putVal(ILjava/lang/Object;Ljava/lang/Object;ZZ)Ljava/lang/Object; @ 203
Event: 4.966 Thread 0x0000000002bde000 Uncommon trap: reason=unstable_if action=reinterpret pc=0x00000000031f3fa0 method=java.io.WinNTFileSystem.normalize(Ljava/lang/String;)Ljava/lang/String; @ 128
Event: 6.676 Thread 0x0000000018424000 Uncommon trap: reason=unstable_if action=reinterpret pc=0x000000000333e7ac method=java.util.concurrent.ConcurrentHashMap.putVal(Ljava/lang/Object;Ljava/lang/Object;Z)Ljava/lang/Object; @ 206
Event: 6.930 Thread 0x0000000018566800 Uncommon trap: reason=bimorphic action=maybe_recompile pc=0x00000000031789a0 method=java.util.HashMap.putVal(ILjava/lang/Object;Ljava/lang/Object;ZZ)Ljava/lang/Object; @ 253
Event: 6.931 Thread 0x0000000018566800 Uncommon trap: reason=bimorphic action=maybe_recompile pc=0x00000000031789a0 method=java.util.HashMap.putVal(ILjava/lang/Object;Ljava/lang/Object;ZZ)Ljava/lang/Object; @ 253
Event: 6.931 Thread 0x0000000018566800 Uncommon trap: reason=bimorphic action=maybe_recompile pc=0x00000000031789a0 method=java.util.HashMap.putVal(ILjava/lang/Object;Ljava/lang/Object;ZZ)Ljava/lang/Object; @ 253
Event: 7.414 Thread 0x0000000018566800 Uncommon trap: reason=class_check action=maybe_recompile pc=0x0000000003231a44 method=java.util.regex.Matcher.match(II)Z @ 86
Event: 7.442 Thread 0x0000000018566800 Uncommon trap: reason=class_check action=maybe_recompile pc=0x0000000003231a44 method=java.util.regex.Matcher.match(II)Z @ 86
Event: 7.443 Thread 0x0000000018566800 Uncommon trap: reason=class_check action=maybe_recompile pc=0x0000000003231a44 method=java.util.regex.Matcher.match(II)Z @ 86
Event: 7.444 Thread 0x0000000018566800 Uncommon trap: reason=class_check action=maybe_recompile pc=0x00000000030b9f8c method=java.util.regex.Matcher.match(II)Z @ 86

Classes redefined (0 events):
No events

Internal exceptions (10 events):
Event: 6.693 Thread 0x0000000018424000 Exception <a 'java/lang/NoSuchMethodError': <clinit>> (0x00000000e0d481f0) thrown at [D:\src\AOSP-openjdk-cygwin\jdk8u\hotspot\src\share\vm\prims\jni.cpp, line 1614]
Event: 6.699 Thread 0x0000000018424000 Exception <a 'java/lang/NoSuchMethodError': <clinit>> (0x00000000e0d5b350) thrown at [D:\src\AOSP-openjdk-cygwin\jdk8u\hotspot\src\share\vm\prims\jni.cpp, line 1614]
Event: 6.723 Thread 0x0000000018424000 Exception <a 'java/lang/NoSuchMethodError': <clinit>> (0x00000000e0d82798) thrown at [D:\src\AOSP-openjdk-cygwin\jdk8u\hotspot\src\share\vm\prims\jni.cpp, line 1614]
Event: 6.728 Thread 0x0000000018424000 Exception <a 'java/lang/NoSuchMethodError': <clinit>> (0x00000000e0d9a7c0) thrown at [D:\src\AOSP-openjdk-cygwin\jdk8u\hotspot\src\share\vm\prims\jni.cpp, line 1614]
Event: 6.732 Thread 0x0000000018424000 Exception <a 'java/lang/NoSuchMethodError': <clinit>> (0x00000000e0da35f8) thrown at [D:\src\AOSP-openjdk-cygwin\jdk8u\hotspot\src\share\vm\prims\jni.cpp, line 1614]
Event: 6.741 Thread 0x0000000018424000 Exception <a 'java/lang/NoSuchMethodError': <clinit>> (0x00000000e0db9c40) thrown at [D:\src\AOSP-openjdk-cygwin\jdk8u\hotspot\src\share\vm\prims\jni.cpp, line 1614]
Event: 6.774 Thread 0x0000000018424000 Exception <a 'java/lang/NoSuchMethodError': <clinit>> (0x00000000e0e17f20) thrown at [D:\src\AOSP-openjdk-cygwin\jdk8u\hotspot\src\share\vm\prims\jni.cpp, line 1614]
Event: 6.788 Thread 0x0000000018424000 Exception <a 'java/lang/NoSuchMethodError': <clinit>> (0x00000000e0e44c90) thrown at [D:\src\AOSP-openjdk-cygwin\jdk8u\hotspot\src\share\vm\prims\jni.cpp, line 1614]
Event: 6.809 Thread 0x0000000018424000 Exception <a 'java/lang/NoSuchMethodError': <clinit>> (0x00000000e0e72b38) thrown at [D:\src\AOSP-openjdk-cygwin\jdk8u\hotspot\src\share\vm\prims\jni.cpp, line 1614]
Event: 6.811 Thread 0x0000000018424000 Exception <a 'java/lang/NoSuchMethodError': <clinit>> (0x00000000e0e7df40) thrown at [D:\src\AOSP-openjdk-cygwin\jdk8u\hotspot\src\share\vm\prims\jni.cpp, line 1614]

Events (10 events):
Event: 7.976 loading class org/apache/tools/ant/types/ResourceFactory
Event: 7.976 loading class org/apache/tools/ant/types/ResourceFactory done
Event: 7.978 loading class org/apache/tools/ant/BuildException
Event: 7.978 loading class org/apache/tools/ant/BuildException done
Event: 7.979 loading class org/apache/tools/ant/util/VectorSet
Event: 7.979 loading class org/apache/tools/ant/util/VectorSet done
Event: 7.980 Executing VM operation: Deoptimize
Event: 7.981 Executing VM operation: Deoptimize done
Event: 7.982 loading class org/apache/tools/ant/types/Resource
Event: 7.982 loading class org/apache/tools/ant/types/Resource done


Dynamic libraries:
0x00007ff61ae70000 - 0x00007ff61aea1000 	C:\Program Files\Android\Android Studio1\jre\bin\java.exe
0x00007ffe27110000 - 0x00007ffe272fd000 	C:\Windows\SYSTEM32\ntdll.dll
0x00007ffe26c10000 - 0x00007ffe26cc3000 	C:\Windows\System32\KERNEL32.DLL
0x00007ffe23610000 - 0x00007ffe238a3000 	C:\Windows\System32\KERNELBASE.dll
0x00007ffe27060000 - 0x00007ffe27103000 	C:\Windows\System32\ADVAPI32.dll
0x00007ffe26b70000 - 0x00007ffe26c0e000 	C:\Windows\System32\msvcrt.dll
0x00007ffe267b0000 - 0x00007ffe2684e000 	C:\Windows\System32\sechost.dll
0x00007ffe26f30000 - 0x00007ffe27052000 	C:\Windows\System32\RPCRT4.dll
0x00007ffe262e0000 - 0x00007ffe26477000 	C:\Windows\System32\USER32.dll
0x00007ffe23b10000 - 0x00007ffe23b30000 	C:\Windows\System32\win32u.dll
0x00007ffe26610000 - 0x00007ffe26639000 	C:\Windows\System32\GDI32.dll
0x00007ffe232f0000 - 0x00007ffe23489000 	C:\Windows\System32\gdi32full.dll
0x00007ffe23250000 - 0x00007ffe232f0000 	C:\Windows\System32\msvcp_win.dll
0x00007ffe23490000 - 0x00007ffe2358a000 	C:\Windows\System32\ucrtbase.dll
0x00007ffe17640000 - 0x00007ffe178b9000 	C:\Windows\WinSxS\amd64_microsoft.windows.common-controls_6595b64144ccf1df_6.0.17763.1098_none_de762ed45346ee8a\COMCTL32.dll
0x00007ffe24360000 - 0x00007ffe2468c000 	C:\Windows\System32\combase.dll
0x00007ffe23590000 - 0x00007ffe2360e000 	C:\Windows\System32\bcryptPrimitives.dll
0x00007ffe26b40000 - 0x00007ffe26b6e000 	C:\Windows\System32\IMM32.DLL
0x000000005a0d0000 - 0x000000005a1a2000 	C:\Program Files\Android\Android Studio1\jre\jre\bin\msvcr100.dll
0x0000000059480000 - 0x0000000059cc6000 	C:\Program Files\Android\Android Studio1\jre\jre\bin\server\jvm.dll
0x00007ffe26b30000 - 0x00007ffe26b38000 	C:\Windows\System32\PSAPI.DLL
0x00007ffe0afd0000 - 0x00007ffe0afd9000 	C:\Windows\SYSTEM32\WSOCK32.dll
0x00007ffe26270000 - 0x00007ffe262dd000 	C:\Windows\System32\WS2_32.dll
0x00007ffe212e0000 - 0x00007ffe21304000 	C:\Windows\SYSTEM32\WINMM.dll
0x00007ffe15930000 - 0x00007ffe1593a000 	C:\Windows\SYSTEM32\VERSION.dll
0x00007ffe211c0000 - 0x00007ffe211ed000 	C:\Windows\SYSTEM32\WINMMBASE.dll
0x00007ffe23200000 - 0x00007ffe2324a000 	C:\Windows\System32\cfgmgr32.dll
0x00007ffe1cea0000 - 0x00007ffe1ceaf000 	C:\Program Files\Android\Android Studio1\jre\jre\bin\verify.dll
0x00007ffe15bf0000 - 0x00007ffe15c19000 	C:\Program Files\Android\Android Studio1\jre\jre\bin\java.dll
0x00007ffe1ce80000 - 0x00007ffe1ce96000 	C:\Program Files\Android\Android Studio1\jre\jre\bin\zip.dll
0x00007ffe24d10000 - 0x00007ffe26204000 	C:\Windows\System32\SHELL32.dll
0x00007ffe247c0000 - 0x00007ffe24868000 	C:\Windows\System32\shcore.dll
0x00007ffe23b30000 - 0x00007ffe2427d000 	C:\Windows\System32\windows.storage.dll
0x00007ffe23190000 - 0x00007ffe231b4000 	C:\Windows\System32\profapi.dll
0x00007ffe23130000 - 0x00007ffe2318d000 	C:\Windows\System32\powrprof.dll
0x00007ffe26850000 - 0x00007ffe268a2000 	C:\Windows\System32\shlwapi.dll
0x00007ffe231e0000 - 0x00007ffe231f1000 	C:\Windows\System32\kernel.appcore.dll
0x00007ffe23a90000 - 0x00007ffe23aa7000 	C:\Windows\System32\cryptsp.dll
0x00007ffe15bd0000 - 0x00007ffe15bea000 	C:\Program Files\Android\Android Studio1\jre\jre\bin\net.dll
0x00007ffe18c80000 - 0x00007ffe18e57000 	C:\Windows\SYSTEM32\urlmon.dll
0x00007ffe19040000 - 0x00007ffe192e8000 	C:\Windows\SYSTEM32\iertutil.dll
0x00007ffe22b10000 - 0x00007ffe22b1c000 	C:\Windows\SYSTEM32\CRYPTBASE.DLL
0x00007ffe22940000 - 0x00007ffe229a7000 	C:\Windows\system32\mswsock.dll
0x00007ffe15bb0000 - 0x00007ffe15bc3000 	C:\Program Files\Android\Android Studio1\jre\jre\bin\nio.dll
0x00007ffe156e0000 - 0x00007ffe15706000 	C:\Users\deCrypt3d\.gradle\native\30\windows-amd64\native-platform.dll
0x00007ffe17000000 - 0x00007ffe1700d000 	C:\Program Files\Android\Android Studio1\jre\jre\bin\management.dll
0x00007ffe224c0000 - 0x00007ffe224f3000 	C:\Windows\system32\rsaenh.dll
0x00007ffe24330000 - 0x00007ffe24356000 	C:\Windows\System32\bcrypt.dll
0x00007ffe23030000 - 0x00007ffe23058000 	C:\Windows\SYSTEM32\USERENV.dll
0x00007ffe22660000 - 0x00007ffe2269d000 	C:\Windows\SYSTEM32\IPHLPAPI.DLL
0x00007ffe26640000 - 0x00007ffe26648000 	C:\Windows\System32\NSI.dll
0x00007ffe1ad80000 - 0x00007ffe1ad96000 	C:\Windows\SYSTEM32\dhcpcsvc6.DLL
0x00007ffe1ad60000 - 0x00007ffe1ad7c000 	C:\Windows\SYSTEM32\dhcpcsvc.DLL
0x00007ffe226a0000 - 0x00007ffe22766000 	C:\Windows\SYSTEM32\DNSAPI.dll

VM Arguments:
jvm_args: -Xmx1536m -Dfile.encoding=windows-1252 -Duser.country=ID -Duser.language=en -Duser.variant 
java_command: org.gradle.launcher.daemon.bootstrap.GradleDaemon 5.6.4
java_class_path (initial): C:\Users\deCrypt3d\.gradle\wrapper\dists\gradle-5.6.4-all\ankdp27end7byghfw1q2sw75f\gradle-5.6.4\lib\gradle-launcher-5.6.4.jar
Launcher Type: SUN_STANDARD

Environment Variables:
PATH=C:\ProgramData\Oracle\Java\javapath;C:\Program Files (x86)\Common Files\Intel\Shared Files\cpp\bin\Intel64;C:\Windows\system32;C:\Windows;C:\Windows\System32\Wbem;C:\Windows\System32\WindowsPowerShell\v1.0\;C:\xampp\php;C:\ProgramData\ComposerSetup\bin;C:\Program Files\PuTTY\;C:\Program Files\nodejs\;%JAVA_HOME%\bin;C:\SDK\gradle-6.3\bin;C:\Program Files (x86)\GtkSharp\2.12\bin;C:\Users\deCrypt3d\AppData\Local\Microsoft\WindowsApps;C:\Users\deCrypt3d\AppData\Roaming\Composer\vendor\bin;C:\Users\deCrypt3d\AppData\Roaming\npm;
USERNAME=deCrypt3d
OS=Windows_NT
PROCESSOR_IDENTIFIER=Intel64 Family 6 Model 58 Stepping 9, GenuineIntel



---------------  S Y S T E M  ---------------

OS: Windows 10.0 , 64 bit Build 17763 (10.0.17763.475)

CPU:total 2 (initial active 2) (2 cores per cpu, 1 threads per core) family 6 model 58 stepping 9, cmov, cx8, fxsr, mmx, sse, sse2, sse3, ssse3, sse4.1, sse4.2, popcnt, clmul, erms, tsc, tscinvbit, tscinv

Memory: 4k page, physical 3880804k(403216k free), swap 3880804k(4752k free)

vm_info: OpenJDK 64-Bit Server VM (25.212-b04) for windows-amd64 JRE (1.8.0_212-release-1586-b04), built by "builder" with MS VC++ 10.0 (VS2010)

time: Tue Jul 07 13:28:19 2020
timezone: SE Asia Standard Time
elapsed time: 7 seconds (0d 0h 0m 7s)

