#
# There is insufficient memory for the Java Runtime Environment to continue.
# Native memory allocation (malloc) failed to allocate 32744 bytes for ChunkPool::allocate
# Possible reasons:
#   The system is out of physical RAM or swap space
#   The process is running with CompressedOops enabled, and the Java Heap may be blocking the growth of the native heap
# Possible solutions:
#   Reduce memory load on the system
#   Increase physical memory or swap space
#   Check if swap backing store is full
#   Decrease Java heap size (-Xmx/-Xms)
#   Decrease number of Java threads
#   Decrease Java thread stack sizes (-Xss)
#   Set larger code cache with -XX:ReservedCodeCacheSize=
#   JVM is running with Unscaled Compressed Oops mode in which the Java heap is
#     placed in the first 4GB address space. The Java Heap base address is the
#     maximum limit for the native heap growth. Please use -XX:HeapBaseMinAddress
#     to set the Java Heap base and to place the Java Heap above 4GB virtual address.
# This output file may be truncated or incomplete.
#
#  Out of Memory Error (allocation.cpp:272), pid=348, tid=0x000000000000181c
#
# JRE version: OpenJDK Runtime Environment (8.0_212-b04) (build 1.8.0_212-release-1586-b04)
# Java VM: OpenJDK 64-Bit Server VM (25.212-b04 mixed mode windows-amd64 compressed oops)
# Failed to write core dump. Minidumps are not enabled by default on client versions of Windows
#

---------------  T H R E A D  ---------------

Current thread (0x0000000015a34800):  JavaThread "C1 CompilerThread1" daemon [_thread_in_native, id=6172, stack(0x0000000016b20000,0x0000000016c20000)]

Stack: [0x0000000016b20000,0x0000000016c20000]
[error occurred during error reporting (printing stack bounds), id 0xc0000005]

Native frames: (J=compiled Java code, j=interpreted, Vv=VM code, C=native code)


Current CompileTask:
C1:3440673 15033       2       com.android.tools.r8.B.a.a.f::a (6094 bytes)


---------------  P R O C E S S  ---------------

Java Threads: ( => current thread )
  0x000000001b066000 JavaThread "WorkerExecutor Queue Thread 4" [_thread_in_native, id=1544, stack(0x000000002b0b0000,0x000000002b1b0000)]
  0x000000001b071000 JavaThread "ForkJoinPool.commonPool-worker-0" daemon [_thread_blocked, id=2656, stack(0x000000002ade0000,0x000000002aee0000)]
  0x000000001b071800 JavaThread "ForkJoinPool.commonPool-worker-1" daemon [_thread_blocked, id=1256, stack(0x000000002ace0000,0x000000002ade0000)]
  0x000000001b067000 JavaThread "Cache worker for Java compile cache (D:\Semangat Tugas Akhir\Main Project\PajakAir\.gradle\5.6.4\javaCompile)" [_thread_blocked, id=2012, stack(0x000000002a5e0000,0x000000002a6e0000)]
  0x000000001b06e000 JavaThread "Cache worker for Java compile cache (C:\Users\deCrypt3d\.gradle\caches\5.6.4\javaCompile)" [_thread_blocked, id=1500, stack(0x000000002a4e0000,0x000000002a5e0000)]
  0x000000001b06d000 JavaThread "WorkerExecutor Queue Thread 3" [_thread_in_vm, id=4368, stack(0x0000000023530000,0x0000000023630000)]
  0x000000001b065800 JavaThread "stdout" [_thread_in_native, id=3544, stack(0x0000000023430000,0x0000000023530000)]
  0x000000001b06a000 JavaThread "stderr" [_thread_in_native, id=1804, stack(0x0000000023330000,0x0000000023430000)]
  0x000000001b06c800 JavaThread "stdout" [_thread_in_native, id=6596, stack(0x0000000023230000,0x0000000023330000)]
  0x000000001b068000 JavaThread "stderr" [_thread_in_native, id=2028, stack(0x0000000023130000,0x0000000023230000)]
  0x000000001b06b800 JavaThread "pool-4-thread-1" [_thread_blocked, id=4656, stack(0x0000000023030000,0x0000000023130000)]
  0x000000001b064800 JavaThread "WorkerExecutor Queue" [_thread_blocked, id=1148, stack(0x0000000022e30000,0x0000000022f30000)]
  0x00000000183f4000 JavaThread "Cache worker for execution history cache (D:\Semangat Tugas Akhir\Main Project\PajakAir\.gradle\5.6.4\executionHistory)" [_thread_blocked, id=6316, stack(0x0000000022d30000,0x0000000022e30000)]
  0x000000001b801000 JavaThread "Execution worker for ':'" [_thread_blocked, id=2580, stack(0x0000000022c30000,0x0000000022d30000)]
  0x000000001b800000 JavaThread "Cache worker for file content cache (D:\Semangat Tugas Akhir\Main Project\PajakAir\.gradle\5.6.4\fileContent)" [_thread_blocked, id=1688, stack(0x0000000022b30000,0x0000000022c30000)]
  0x000000001b7ff800 JavaThread "Cache worker for file content cache (C:\Users\deCrypt3d\.gradle\caches\5.6.4\fileContent)" [_thread_blocked, id=3656, stack(0x0000000022a30000,0x0000000022b30000)]
  0x000000001b803000 JavaThread "Cache worker for Build Output Cleanup Cache (D:\Semangat Tugas Akhir\Main Project\PajakAir\.gradle\buildOutputCleanup)" [_thread_blocked, id=5064, stack(0x0000000022930000,0x0000000022a30000)]
  0x000000001b801800 JavaThread "Build operations Thread 2" [_thread_blocked, id=7028, stack(0x0000000022830000,0x0000000022930000)]
  0x000000001b802800 JavaThread "Build operations" [_thread_blocked, id=6356, stack(0x0000000022730000,0x0000000022830000)]
  0x000000001b7f8000 JavaThread "Cache worker for cache directory md-rule (C:\Users\deCrypt3d\.gradle\caches\5.6.4\md-rule)" [_thread_blocked, id=6528, stack(0x0000000022630000,0x0000000022730000)]
  0x000000001b7fe800 JavaThread "Cache worker for cache directory md-supplier (C:\Users\deCrypt3d\.gradle\caches\5.6.4\md-supplier)" [_thread_blocked, id=5920, stack(0x0000000022530000,0x0000000022630000)]
  0x000000001b7fe000 JavaThread "Cache worker for file hash cache (D:\Semangat Tugas Akhir\Main Project\PajakAir\.gradle\5.6.4\fileHashes)" [_thread_blocked, id=6580, stack(0x0000000022430000,0x0000000022530000)]
  0x000000001b7fd000 JavaThread "Thread-26" [_thread_blocked, id=3528, stack(0x0000000022330000,0x0000000022430000)]
  0x000000001b7f5800 JavaThread "Stdin handler" [_thread_blocked, id=404, stack(0x0000000022230000,0x0000000022330000)]
  0x000000001b7fc800 JavaThread "Asynchronous log dispatcher for DefaultDaemonConnection: socket connection from /127.0.0.1:49710 to /127.0.0.1:49716" [_thread_blocked, id=6000, stack(0x0000000022130000,0x0000000022230000)]
  0x000000001b7f7000 JavaThread "Daemon worker Thread 2" [_thread_blocked, id=5928, stack(0x0000000022030000,0x0000000022130000)]
  0x000000001b7f4000 JavaThread "Cancel handler" [_thread_blocked, id=916, stack(0x0000000021f30000,0x0000000022030000)]
  0x000000001b7f8800 JavaThread "Handler for socket connection from /127.0.0.1:49710 to /127.0.0.1:49716" [_thread_in_native, id=4412, stack(0x0000000021e30000,0x0000000021f30000)]
  0x000000001b7fb000 JavaThread "Daemon Thread 2" [_thread_blocked, id=4088, stack(0x0000000021d30000,0x0000000021e30000)]
  0x000000001b7fa000 JavaThread "Memory manager" [_thread_blocked, id=740, stack(0x000000001fd00000,0x000000001fe00000)]
  0x00000000183f7000 JavaThread "Cache worker for execution history cache (C:\Users\deCrypt3d\.gradle\caches\5.6.4\executionHistory)" [_thread_blocked, id=6444, stack(0x000000001e060000,0x000000001e160000)]
  0x00000000183f1800 JavaThread "Cache worker for journal cache (C:\Users\deCrypt3d\.gradle\caches\journal-1)" [_thread_blocked, id=4376, stack(0x000000001a070000,0x000000001a170000)]
  0x00000000183f0000 JavaThread "File lock request listener" [_thread_in_native, id=4796, stack(0x0000000019f70000,0x000000001a070000)]
  0x00000000184bb800 JavaThread "Cache worker for file hash cache (C:\Users\deCrypt3d\.gradle\caches\5.6.4\fileHashes)" [_thread_blocked, id=5820, stack(0x0000000019c70000,0x0000000019d70000)]
  0x0000000018381000 JavaThread "Daemon periodic checks" [_thread_blocked, id=640, stack(0x0000000019270000,0x0000000019370000)]
  0x0000000018327800 JavaThread "Incoming local TCP Connector on port 49710" [_thread_in_native, id=3856, stack(0x0000000019030000,0x0000000019130000)]
  0x00000000176ed800 JavaThread "Daemon health stats" [_thread_blocked, id=1296, stack(0x00000000189f0000,0x0000000018af0000)]
  0x0000000015a3a000 JavaThread "Service Thread" daemon [_thread_blocked, id=1480, stack(0x0000000016c20000,0x0000000016d20000)]
=>0x0000000015a34800 JavaThread "C1 CompilerThread1" daemon [_thread_in_native, id=6172, stack(0x0000000016b20000,0x0000000016c20000)]
  0x00000000159d8800 JavaThread "C2 CompilerThread0" daemon [_thread_in_native, id=2788, stack(0x0000000016a20000,0x0000000016b20000)]
  0x00000000159d7000 JavaThread "Attach Listener" daemon [_thread_blocked, id=2904, stack(0x0000000016920000,0x0000000016a20000)]
  0x00000000159d4000 JavaThread "Signal Dispatcher" daemon [_thread_blocked, id=3216, stack(0x0000000016820000,0x0000000016920000)]
  0x00000000022a1800 JavaThread "Finalizer" daemon [_thread_blocked, id=3644, stack(0x0000000016620000,0x0000000016720000)]
  0x00000000159c7000 JavaThread "Reference Handler" daemon [_thread_blocked, id=1640, stack(0x0000000016520000,0x0000000016620000)]
  0x000000000201e000 JavaThread "main" [_thread_blocked, id=3804, stack(0x0000000001eb0000,0x0000000001fb0000)]

Other Threads:
  0x00000000159a5800 VMThread [stack: 0x0000000016420000,0x0000000016520000] [id=6324]
  0x0000000015a3c800 WatcherThread [stack: 0x0000000016d20000,0x0000000016e20000] [id=6524]

VM state:not at safepoint (normal execution)

VM Mutex/Monitor currently owned by a thread: None

heap address: 0x00000000a0000000, size: 1536 MB, Compressed Oops mode: 32-bit
Narrow klass base: 0x0000000000000000, Narrow klass shift: 3
Compressed class space size: 1073741824 Address: 0x0000000100000000

Heap:
 PSYoungGen      total 230912K, used 110250K [0x00000000e0000000, 0x00000000f1f80000, 0x0000000100000000)
  eden space 204800K, 41% used [0x00000000e0000000,0x00000000e522e528,0x00000000ec800000)
  from space 26112K, 99% used [0x00000000ec800000,0x00000000ee17c548,0x00000000ee180000)
  to   space 30208K, 0% used [0x00000000f0200000,0x00000000f0200000,0x00000000f1f80000)
 ParOldGen       total 135168K, used 60870K [0x00000000a0000000, 0x00000000a8400000, 0x00000000e0000000)
  object space 135168K, 45% used [0x00000000a0000000,0x00000000a3b71ae0,0x00000000a8400000)
 Metaspace       used 87206K, capacity 89928K, committed 91480K, reserved 1128448K
  class space    used 11209K, capacity 11845K, committed 12160K, reserved 1048576K

Card table byte_map: [0x0000000011670000,0x0000000011980000] byte_map_base: 0x0000000011170000

Marking Bits: (ParMarkBitMap*) 0x000000005fc49f30
 Begin Bits: [0x0000000011d80000, 0x0000000013580000)
 End Bits:   [0x0000000013580000, 0x0000000014d80000)

Polling page: 0x00000000001e0000

CodeCache: size=245760Kb used=41436Kb max_used=41436Kb free=204323Kb
 bounds [0x00000000022b0000, 0x0000000004b50000, 0x00000000112b0000]
 total_blobs=13798 nmethods=12921 adapters=790
 compilation: enabled

Compilation events (10 events):
Event: 3440.649 Thread 0x0000000015a34800 nmethod 15028 0x0000000004b4aed0 code [0x0000000004b4b100, 0x0000000004b4bbc8]
Event: 3440.650 Thread 0x0000000015a34800 15029       2       com.android.tools.r8.graph.e0::E (8 bytes)
Event: 3440.650 Thread 0x0000000015a34800 nmethod 15029 0x0000000004b4c290 code [0x0000000004b4c420, 0x0000000004b4c768]
Event: 3440.650 Thread 0x0000000015a34800 15030   !   2       com.android.tools.r8.graph.d0::toString (17 bytes)
Event: 3440.651 Thread 0x0000000015a34800 nmethod 15030 0x0000000004b4c9d0 code [0x0000000004b4cb60, 0x0000000004b4cea8]
Event: 3440.652 Thread 0x0000000015a34800 15031       2       com.android.tools.r8.graph.V::a (53 bytes)
Event: 3440.653 Thread 0x0000000015a34800 nmethod 15031 0x0000000004b4d090 code [0x0000000004b4d280, 0x0000000004b4d848]
Event: 3440.654 Thread 0x0000000015a34800 15032       2       com.android.tools.r8.r.n.n::<init> (48 bytes)
Event: 3440.655 Thread 0x0000000015a34800 nmethod 15032 0x0000000004b4dd50 code [0x0000000004b4dea0, 0x0000000004b4e010]
Event: 3440.663 Thread 0x0000000015a34800 15033       2       com.android.tools.r8.B.a.a.f::a (6094 bytes)

GC Heap History (10 events):
Event: 3422.435 GC heap before
{Heap before GC invocations=21 (full 3):
 PSYoungGen      total 209408K, used 209377K [0x00000000e0000000, 0x00000000ef800000, 0x0000000100000000)
  eden space 190976K, 100% used [0x00000000e0000000,0x00000000eba80000,0x00000000eba80000)
  from space 18432K, 99% used [0x00000000eba80000,0x00000000ecc784f0,0x00000000ecc80000)
  to   space 23040K, 0% used [0x00000000ee180000,0x00000000ee180000,0x00000000ef800000)
 ParOldGen       total 84992K, used 39754K [0x00000000a0000000, 0x00000000a5300000, 0x00000000e0000000)
  object space 84992K, 46% used [0x00000000a0000000,0x00000000a26d28c0,0x00000000a5300000)
 Metaspace       used 73419K, capacity 76534K, committed 76760K, reserved 1116160K
  class space    used 9704K, capacity 10445K, committed 10496K, reserved 1048576K
Event: 3422.534 GC heap after
Heap after GC invocations=21 (full 3):
 PSYoungGen      total 231936K, used 10333K [0x00000000e0000000, 0x00000000efc80000, 0x0000000100000000)
  eden space 208896K, 0% used [0x00000000e0000000,0x00000000e0000000,0x00000000ecc00000)
  from space 23040K, 44% used [0x00000000ee180000,0x00000000eeb977f0,0x00000000ef800000)
  to   space 22016K, 0% used [0x00000000ecc00000,0x00000000ecc00000,0x00000000ee180000)
 ParOldGen       total 84992K, used 57601K [0x00000000a0000000, 0x00000000a5300000, 0x00000000e0000000)
  object space 84992K, 67% used [0x00000000a0000000,0x00000000a3840670,0x00000000a5300000)
 Metaspace       used 73419K, capacity 76534K, committed 76760K, reserved 1116160K
  class space    used 9704K, capacity 10445K, committed 10496K, reserved 1048576K
}
Event: 3429.176 GC heap before
{Heap before GC invocations=22 (full 3):
 PSYoungGen      total 231936K, used 219229K [0x00000000e0000000, 0x00000000efc80000, 0x0000000100000000)
  eden space 208896K, 100% used [0x00000000e0000000,0x00000000ecc00000,0x00000000ecc00000)
  from space 23040K, 44% used [0x00000000ee180000,0x00000000eeb977f0,0x00000000ef800000)
  to   space 22016K, 0% used [0x00000000ecc00000,0x00000000ecc00000,0x00000000ee180000)
 ParOldGen       total 84992K, used 57601K [0x00000000a0000000, 0x00000000a5300000, 0x00000000e0000000)
  object space 84992K, 67% used [0x00000000a0000000,0x00000000a3840670,0x00000000a5300000)
 Metaspace       used 78041K, capacity 81144K, committed 81368K, reserved 1120256K
  class space    used 10225K, capacity 10980K, committed 11008K, reserved 1048576K
Event: 3429.234 GC heap after
Heap after GC invocations=22 (full 3):
 PSYoungGen      total 230912K, used 22011K [0x00000000e0000000, 0x00000000efc80000, 0x0000000100000000)
  eden space 208896K, 0% used [0x00000000e0000000,0x00000000e0000000,0x00000000ecc00000)
  from space 22016K, 99% used [0x00000000ecc00000,0x00000000ee17ee68,0x00000000ee180000)
  to   space 23040K, 0% used [0x00000000ee180000,0x00000000ee180000,0x00000000ef800000)
 ParOldGen       total 84992K, used 63514K [0x00000000a0000000, 0x00000000a5300000, 0x00000000e0000000)
  object space 84992K, 74% used [0x00000000a0000000,0x00000000a3e06ad0,0x00000000a5300000)
 Metaspace       used 78041K, capacity 81144K, committed 81368K, reserved 1120256K
  class space    used 10225K, capacity 10980K, committed 11008K, reserved 1048576K
}
Event: 3436.731 GC heap before
{Heap before GC invocations=23 (full 3):
 PSYoungGen      total 230912K, used 230887K [0x00000000e0000000, 0x00000000efc80000, 0x0000000100000000)
  eden space 208896K, 99% used [0x00000000e0000000,0x00000000ecbfaf80,0x00000000ecc00000)
  from space 22016K, 99% used [0x00000000ecc00000,0x00000000ee17ee68,0x00000000ee180000)
  to   space 23040K, 0% used [0x00000000ee180000,0x00000000ee180000,0x00000000ef800000)
 ParOldGen       total 84992K, used 63514K [0x00000000a0000000, 0x00000000a5300000, 0x00000000e0000000)
  object space 84992K, 74% used [0x00000000a0000000,0x00000000a3e06ad0,0x00000000a5300000)
 Metaspace       used 85333K, capacity 88590K, committed 88792K, reserved 1126400K
  class space    used 10999K, capacity 11721K, committed 11776K, reserved 1048576K
Event: 3436.801 GC heap after
Heap after GC invocations=23 (full 3):
 PSYoungGen      total 227840K, used 10716K [0x00000000e0000000, 0x00000000f1580000, 0x0000000100000000)
  eden space 204800K, 0% used [0x00000000e0000000,0x00000000e0000000,0x00000000ec800000)
  from space 23040K, 46% used [0x00000000ee180000,0x00000000eebf72b0,0x00000000ef800000)
  to   space 26112K, 0% used [0x00000000ec800000,0x00000000ec800000,0x00000000ee180000)
 ParOldGen       total 84992K, used 78560K [0x00000000a0000000, 0x00000000a5300000, 0x00000000e0000000)
  object space 84992K, 92% used [0x00000000a0000000,0x00000000a4cb83d0,0x00000000a5300000)
 Metaspace       used 85333K, capacity 88590K, committed 88792K, reserved 1126400K
  class space    used 10999K, capacity 11721K, committed 11776K, reserved 1048576K
}
Event: 3436.801 GC heap before
{Heap before GC invocations=24 (full 4):
 PSYoungGen      total 227840K, used 10716K [0x00000000e0000000, 0x00000000f1580000, 0x0000000100000000)
  eden space 204800K, 0% used [0x00000000e0000000,0x00000000e0000000,0x00000000ec800000)
  from space 23040K, 46% used [0x00000000ee180000,0x00000000eebf72b0,0x00000000ef800000)
  to   space 26112K, 0% used [0x00000000ec800000,0x00000000ec800000,0x00000000ee180000)
 ParOldGen       total 84992K, used 78560K [0x00000000a0000000, 0x00000000a5300000, 0x00000000e0000000)
  object space 84992K, 92% used [0x00000000a0000000,0x00000000a4cb83d0,0x00000000a5300000)
 Metaspace       used 85333K, capacity 88590K, committed 88792K, reserved 1126400K
  class space    used 10999K, capacity 11721K, committed 11776K, reserved 1048576K
Event: 3437.559 GC heap after
Heap after GC invocations=24 (full 4):
 PSYoungGen      total 227840K, used 0K [0x00000000e0000000, 0x00000000f1580000, 0x0000000100000000)
  eden space 204800K, 0% used [0x00000000e0000000,0x00000000e0000000,0x00000000ec800000)
  from space 23040K, 0% used [0x00000000ee180000,0x00000000ee180000,0x00000000ef800000)
  to   space 26112K, 0% used [0x00000000ec800000,0x00000000ec800000,0x00000000ee180000)
 ParOldGen       total 135168K, used 60449K [0x00000000a0000000, 0x00000000a8400000, 0x00000000e0000000)
  object space 135168K, 44% used [0x00000000a0000000,0x00000000a3b086a0,0x00000000a8400000)
 Metaspace       used 84099K, capacity 86622K, committed 88792K, reserved 1126400K
  class space    used 10791K, capacity 11370K, committed 11776K, reserved 1048576K
}
Event: 3438.785 GC heap before
{Heap before GC invocations=25 (full 4):
 PSYoungGen      total 227840K, used 204800K [0x00000000e0000000, 0x00000000f1580000, 0x0000000100000000)
  eden space 204800K, 100% used [0x00000000e0000000,0x00000000ec800000,0x00000000ec800000)
  from space 23040K, 0% used [0x00000000ee180000,0x00000000ee180000,0x00000000ef800000)
  to   space 26112K, 0% used [0x00000000ec800000,0x00000000ec800000,0x00000000ee180000)
 ParOldGen       total 135168K, used 60449K [0x00000000a0000000, 0x00000000a8400000, 0x00000000e0000000)
  object space 135168K, 44% used [0x00000000a0000000,0x00000000a3b086a0,0x00000000a8400000)
 Metaspace       used 84102K, capacity 86622K, committed 88792K, reserved 1126400K
  class space    used 10792K, capacity 11370K, committed 11776K, reserved 1048576K
Event: 3438.817 GC heap after
Heap after GC invocations=25 (full 4):
 PSYoungGen      total 230912K, used 26097K [0x00000000e0000000, 0x00000000f1f80000, 0x0000000100000000)
  eden space 204800K, 0% used [0x00000000e0000000,0x00000000e0000000,0x00000000ec800000)
  from space 26112K, 99% used [0x00000000ec800000,0x00000000ee17c548,0x00000000ee180000)
  to   space 30208K, 0% used [0x00000000f0200000,0x00000000f0200000,0x00000000f1f80000)
 ParOldGen       total 135168K, used 60870K [0x00000000a0000000, 0x00000000a8400000, 0x00000000e0000000)
  object space 135168K, 45% used [0x00000000a0000000,0x00000000a3b71ae0,0x00000000a8400000)
 Metaspace       used 84102K, capacity 86622K, committed 88792K, reserved 1126400K
  class space    used 10792K, capacity 11370K, committed 11776K, reserved 1048576K
}

Deoptimization events (10 events):
Event: 3437.976 Thread 0x000000001b071000 Uncommon trap: reason=unstable_if action=reinterpret pc=0x00000000049be85c method=org.objectweb.asm.ClassReader.readUtf(II[C)Ljava/lang/String; @ 41
Event: 3437.976 Thread 0x000000001b071000 Uncommon trap: reason=unstable_if action=reinterpret pc=0x00000000049ae03c method=org.objectweb.asm.ClassReader.readUtf(II[C)Ljava/lang/String; @ 41
Event: 3438.070 Thread 0x000000001b071800 Uncommon trap: reason=unstable_if action=reinterpret pc=0x0000000004a50e9c method=org.objectweb.asm.ClassReader.readUtf(II[C)Ljava/lang/String; @ 69
Event: 3438.603 Thread 0x000000001b071000 Uncommon trap: reason=null_check action=make_not_entrant pc=0x0000000004a78b14 method=com.android.builder.desugaring.DesugaringClassAnalyzer$Visitor.visitInnerClass(Ljava/lang/String;Ljava/lang/String;Ljava/lang/String;I)V @ 5
Event: 3439.135 Thread 0x000000001b801000 Uncommon trap: reason=array_check action=maybe_recompile pc=0x00000000041a9498 method=java.util.TimSort.binarySort([Ljava/lang/Object;IIILjava/util/Comparator;)V @ 183
Event: 3439.136 Thread 0x000000001b801000 Uncommon trap: reason=array_check action=maybe_recompile pc=0x00000000041a930c method=java.util.TimSort.binarySort([Ljava/lang/Object;IIILjava/util/Comparator;)V @ 215
Event: 3439.138 Thread 0x000000001b801000 Uncommon trap: reason=array_check action=maybe_recompile pc=0x00000000041a93d0 method=java.util.TimSort.binarySort([Ljava/lang/Object;IIILjava/util/Comparator;)V @ 193
Event: 3439.187 Thread 0x000000001b06d000 Uncommon trap: reason=unstable_if action=reinterpret pc=0x0000000002c93850 method=java.util.regex.Pattern.has(I)Z @ 6
Event: 3439.226 Thread 0x000000001b066000 Uncommon trap: reason=unstable_if action=reinterpret pc=0x00000000049a9c4c method=sun.nio.fs.WindowsPathParser.nextNonSlash(Ljava/lang/String;II)I @ 2
Event: 3439.677 Thread 0x000000001b06d000 Uncommon trap: reason=unstable_if action=reinterpret pc=0x000000000361b5a0 method=java.nio.Bits.putInt(Ljava/nio/ByteBuffer;IIZ)V @ 1

Classes redefined (0 events):
No events

Internal exceptions (10 events):
Event: 3423.391 Thread 0x000000001b801000 Exception <a 'java/lang/NoSuchMethodError': <clinit>> (0x00000000e2b1b340) thrown at [D:\src\AOSP-openjdk-cygwin\jdk8u\hotspot\src\share\vm\prims\jni.cpp, line 1614]
Event: 3426.738 Thread 0x000000001b064800 Exception <a 'sun/nio/fs/WindowsException'> (0x00000000e55a35d8) thrown at [D:\src\AOSP-openjdk-cygwin\jdk8u\hotspot\src\share\vm\prims\jni.cpp, line 710]
Event: 3426.738 Thread 0x000000001b064800 Exception <a 'sun/nio/fs/WindowsException'> (0x00000000e55a3a80) thrown at [D:\src\AOSP-openjdk-cygwin\jdk8u\hotspot\src\share\vm\prims\jni.cpp, line 710]
Event: 3430.474 Thread 0x000000001b7f7000 Implicit null exception at 0x0000000002cda96f to 0x0000000002cdaf7d
Event: 3436.519 Thread 0x000000001b071000 Exception <a 'sun/nio/fs/WindowsException'> (0x00000000ebd74440) thrown at [D:\src\AOSP-openjdk-cygwin\jdk8u\hotspot\src\share\vm\prims\jni.cpp, line 710]
Event: 3436.528 Thread 0x000000001b071000 Exception <a 'java/lang/NoSuchMethodError': java.lang.Object.lambda$static$0(Ljava/lang/String;)Z> (0x00000000ebd7fc08) thrown at [D:\src\AOSP-openjdk-cygwin\jdk8u\hotspot\src\share\vm\interpreter\linkResolver.cpp, line 620]
Event: 3438.603 Thread 0x000000001b071000 Implicit null exception at 0x0000000004a73922 to 0x0000000004a78add
Event: 3439.136 Thread 0x000000001b801000 Exception <a 'java/lang/NoSuchMethodError': <clinit>> (0x00000000e1aeeec0) thrown at [D:\src\AOSP-openjdk-cygwin\jdk8u\hotspot\src\share\vm\prims\jni.cpp, line 1614]
Event: 3439.138 Thread 0x000000001b801000 Exception <a 'java/lang/NoSuchMethodError': <clinit>> (0x00000000e1b03a18) thrown at [D:\src\AOSP-openjdk-cygwin\jdk8u\hotspot\src\share\vm\prims\jni.cpp, line 1614]
Event: 3439.437 Thread 0x000000001b066000 Exception <a 'sun/nio/fs/WindowsException'> (0x00000000e2475ea8) thrown at [D:\src\AOSP-openjdk-cygwin\jdk8u\hotspot\src\share\vm\prims\jni.cpp, line 710]

Events (10 events):
Event: 3440.591 loading class com/android/tools/r8/u/b/d1
Event: 3440.591 loading class com/android/tools/r8/u/b/d1 done
Event: 3440.592 loading class com/android/tools/r8/u/b/g1
Event: 3440.592 loading class com/android/tools/r8/u/b/g1 done
Event: 3440.596 loading class com/android/tools/r8/u/b/M0
Event: 3440.596 loading class com/android/tools/r8/u/b/M0 done
Event: 3440.597 loading class com/android/tools/r8/u/b/A0
Event: 3440.597 loading class com/android/tools/r8/u/b/A0 done
Event: 3440.670 loading class com/android/tools/r8/u/b/D
Event: 3440.670 loading class com/android/tools/r8/u/b/D done


Dynamic libraries:
0x00007ff7b67f0000 - 0x00007ff7b6821000 	C:\Program Files\Android\Android Studio1\jre\bin\java.exe
0x00007ff82eee0000 - 0x00007ff82f0cd000 	C:\Windows\SYSTEM32\ntdll.dll
0x00007ff82e640000 - 0x00007ff82e6f3000 	C:\Windows\System32\KERNEL32.DLL
0x00007ff82ba60000 - 0x00007ff82bcf3000 	C:\Windows\System32\KERNELBASE.dll
0x00007ff82eb20000 - 0x00007ff82ebc3000 	C:\Windows\System32\ADVAPI32.dll
0x00007ff82e8b0000 - 0x00007ff82e94e000 	C:\Windows\System32\msvcrt.dll
0x00007ff82e5a0000 - 0x00007ff82e63e000 	C:\Windows\System32\sechost.dll
0x00007ff82c6c0000 - 0x00007ff82c7e2000 	C:\Windows\System32\RPCRT4.dll
0x00007ff82e710000 - 0x00007ff82e8a7000 	C:\Windows\System32\USER32.dll
0x00007ff82b940000 - 0x00007ff82b960000 	C:\Windows\System32\win32u.dll
0x00007ff82de20000 - 0x00007ff82de49000 	C:\Windows\System32\GDI32.dll
0x00007ff82bf90000 - 0x00007ff82c129000 	C:\Windows\System32\gdi32full.dll
0x00007ff82b8a0000 - 0x00007ff82b940000 	C:\Windows\System32\msvcp_win.dll
0x00007ff82b960000 - 0x00007ff82ba5a000 	C:\Windows\System32\ucrtbase.dll
0x00007ff81f410000 - 0x00007ff81f689000 	C:\Windows\WinSxS\amd64_microsoft.windows.common-controls_6595b64144ccf1df_6.0.17763.1098_none_de762ed45346ee8a\COMCTL32.dll
0x00007ff82c1e0000 - 0x00007ff82c50c000 	C:\Windows\System32\combase.dll
0x00007ff82afd0000 - 0x00007ff82b04e000 	C:\Windows\System32\bcryptPrimitives.dll
0x00007ff82ea20000 - 0x00007ff82ea4e000 	C:\Windows\System32\IMM32.DLL
0x0000000060140000 - 0x0000000060212000 	C:\Program Files\Android\Android Studio1\jre\jre\bin\msvcr100.dll
0x000000005f480000 - 0x000000005fcc6000 	C:\Program Files\Android\Android Studio1\jre\jre\bin\server\jvm.dll
0x00007ff82de50000 - 0x00007ff82de58000 	C:\Windows\System32\PSAPI.DLL
0x00007ff811ec0000 - 0x00007ff811ec9000 	C:\Windows\SYSTEM32\WSOCK32.dll
0x00007ff82e9b0000 - 0x00007ff82ea1d000 	C:\Windows\System32\WS2_32.dll
0x00007ff829020000 - 0x00007ff829044000 	C:\Windows\SYSTEM32\WINMM.dll
0x00007ff81dbf0000 - 0x00007ff81dbfa000 	C:\Windows\SYSTEM32\VERSION.dll
0x00007ff828ff0000 - 0x00007ff82901d000 	C:\Windows\SYSTEM32\WINMMBASE.dll
0x00007ff82bd00000 - 0x00007ff82bd4a000 	C:\Windows\System32\cfgmgr32.dll
0x00007ff8278b0000 - 0x00007ff8278bf000 	C:\Program Files\Android\Android Studio1\jre\jre\bin\verify.dll
0x00007ff827860000 - 0x00007ff827889000 	C:\Program Files\Android\Android Studio1\jre\jre\bin\java.dll
0x00007ff827840000 - 0x00007ff827856000 	C:\Program Files\Android\Android Studio1\jre\jre\bin\zip.dll
0x00007ff82c920000 - 0x00007ff82de14000 	C:\Windows\System32\SHELL32.dll
0x00007ff82c130000 - 0x00007ff82c1d8000 	C:\Windows\System32\shcore.dll
0x00007ff82b150000 - 0x00007ff82b89d000 	C:\Windows\System32\windows.storage.dll
0x00007ff82af20000 - 0x00007ff82af44000 	C:\Windows\System32\profapi.dll
0x00007ff82af50000 - 0x00007ff82afad000 	C:\Windows\System32\powrprof.dll
0x00007ff82e950000 - 0x00007ff82e9a2000 	C:\Windows\System32\shlwapi.dll
0x00007ff82af00000 - 0x00007ff82af11000 	C:\Windows\System32\kernel.appcore.dll
0x00007ff82b100000 - 0x00007ff82b117000 	C:\Windows\System32\cryptsp.dll
0x00007ff827820000 - 0x00007ff82783a000 	C:\Program Files\Android\Android Studio1\jre\jre\bin\net.dll
0x00007ff820ba0000 - 0x00007ff820d77000 	C:\Windows\SYSTEM32\urlmon.dll
0x00007ff820f30000 - 0x00007ff8211d8000 	C:\Windows\SYSTEM32\iertutil.dll
0x00007ff82a8e0000 - 0x00007ff82a8ec000 	C:\Windows\SYSTEM32\CRYPTBASE.DLL
0x00007ff82a710000 - 0x00007ff82a777000 	C:\Windows\system32\mswsock.dll
0x00007ff827800000 - 0x00007ff827813000 	C:\Program Files\Android\Android Studio1\jre\jre\bin\nio.dll
0x00007ff81eb90000 - 0x00007ff81ebb6000 	C:\Users\deCrypt3d\.gradle\native\30\windows-amd64\native-platform.dll
0x00007ff8277f0000 - 0x00007ff8277fd000 	C:\Program Files\Android\Android Studio1\jre\jre\bin\management.dll
0x00007ff82a290000 - 0x00007ff82a2c3000 	C:\Windows\system32\rsaenh.dll
0x00007ff82b120000 - 0x00007ff82b146000 	C:\Windows\System32\bcrypt.dll
0x00007ff82ae00000 - 0x00007ff82ae28000 	C:\Windows\SYSTEM32\USERENV.dll
0x00007ff82a430000 - 0x00007ff82a46d000 	C:\Windows\SYSTEM32\IPHLPAPI.DLL
0x00007ff82ed00000 - 0x00007ff82ed08000 	C:\Windows\System32\NSI.dll
0x00007ff820b80000 - 0x00007ff820b96000 	C:\Windows\SYSTEM32\dhcpcsvc6.DLL
0x00007ff820b60000 - 0x00007ff820b7c000 	C:\Windows\SYSTEM32\dhcpcsvc.DLL
0x00007ff82a470000 - 0x00007ff82a536000 	C:\Windows\SYSTEM32\DNSAPI.dll

VM Arguments:
jvm_args: -Xmx1536m -Dfile.encoding=windows-1252 -Duser.country=ID -Duser.language=en -Duser.variant 
java_command: org.gradle.launcher.daemon.bootstrap.GradleDaemon 5.6.4
java_class_path (initial): C:\Users\deCrypt3d\.gradle\wrapper\dists\gradle-5.6.4-all\ankdp27end7byghfw1q2sw75f\gradle-5.6.4\lib\gradle-launcher-5.6.4.jar
Launcher Type: SUN_STANDARD

Environment Variables:
PATH=C:\ProgramData\Oracle\Java\javapath;C:\Program Files (x86)\Common Files\Intel\Shared Files\cpp\bin\Intel64;C:\Windows\system32;C:\Windows;C:\Windows\System32\Wbem;C:\Windows\System32\WindowsPowerShell\v1.0\;C:\xampp\php;C:\ProgramData\ComposerSetup\bin;C:\Program Files\PuTTY\;C:\Program Files\nodejs\;%JAVA_HOME%\bin;C:\SDK\gradle-6.3\bin;C:\Program Files (x86)\GtkSharp\2.12\bin;C:\Users\deCrypt3d\AppData\Local\Microsoft\WindowsApps;C:\Users\deCrypt3d\AppData\Roaming\Composer\vendor\bin;C:\Users\deCrypt3d\AppData\Roaming\npm;
USERNAME=deCrypt3d
OS=Windows_NT
PROCESSOR_IDENTIFIER=Intel64 Family 6 Model 58 Stepping 9, GenuineIntel



---------------  S Y S T E M  ---------------

OS: Windows 10.0 , 64 bit Build 17763 (10.0.17763.475)

CPU:total 2 (initial active 2) (2 cores per cpu, 1 threads per core) family 6 model 58 stepping 9, cmov, cx8, fxsr, mmx, sse, sse2, sse3, ssse3, sse4.1, sse4.2, popcnt, clmul, erms, tsc, tscinvbit, tscinv

Memory: 4k page, physical 3880804k(348412k free), swap 3880804k(4120k free)

vm_info: OpenJDK 64-Bit Server VM (25.212-b04) for windows-amd64 JRE (1.8.0_212-release-1586-b04), built by "builder" with MS VC++ 10.0 (VS2010)

time: Mon Jul 13 13:12:46 2020
timezone: SE Asia Standard Time
elapsed time: 3440 seconds (0d 0h 57m 20s)

