#
# There is insufficient memory for the Java Runtime Environment to continue.
# Native memory allocation (malloc) failed to allocate 1089776 bytes for Chunk::new
# Possible reasons:
#   The system is out of physical RAM or swap space
#   The process is running with CompressedOops enabled, and the Java Heap may be blocking the growth of the native heap
# Possible solutions:
#   Reduce memory load on the system
#   Increase physical memory or swap space
#   Check if swap backing store is full
#   Decrease Java heap size (-Xmx/-Xms)
#   Decrease number of Java threads
#   Decrease Java thread stack sizes (-Xss)
#   Set larger code cache with -XX:ReservedCodeCacheSize=
#   JVM is running with Unscaled Compressed Oops mode in which the Java heap is
#     placed in the first 4GB address space. The Java Heap base address is the
#     maximum limit for the native heap growth. Please use -XX:HeapBaseMinAddress
#     to set the Java Heap base and to place the Java Heap above 4GB virtual address.
# This output file may be truncated or incomplete.
#
#  Out of Memory Error (allocation.cpp:389), pid=7388, tid=0x0000000000000fd0
#
# JRE version: OpenJDK Runtime Environment (8.0_212-b04) (build 1.8.0_212-release-1586-b04)
# Java VM: OpenJDK 64-Bit Server VM (25.212-b04 mixed mode windows-amd64 compressed oops)
# Failed to write core dump. Minidumps are not enabled by default on client versions of Windows
#

---------------  T H R E A D  ---------------

Current thread (0x0000000016618800):  JavaThread "C2 CompilerThread0" daemon [_thread_in_native, id=4048, stack(0x0000000017650000,0x0000000017750000)]

Stack: [0x0000000017650000,0x0000000017750000]
[error occurred during error reporting (printing stack bounds), id 0xc0000005]

Native frames: (J=compiled Java code, j=interpreted, Vv=VM code, C=native code)


Current CompileTask:
C2:  31534 7597       4       com.sun.org.apache.xerces.internal.impl.XMLNSDocumentScannerImpl::scanStartElement (1026 bytes)


---------------  P R O C E S S  ---------------

Java Threads: ( => current thread )
  0x0000000017ca5800 JavaThread "WorkerExecutor Queue Thread 2" [_thread_in_vm, id=8064, stack(0x00000000214c0000,0x00000000215c0000)]
  0x0000000017ca9800 JavaThread "WorkerExecutor Queue" [_thread_in_native, id=2204, stack(0x00000000211c0000,0x00000000212c0000)]
  0x0000000017ca8800 JavaThread "Cache worker for execution history cache (D:\Semangat Tugas Akhir\Main Project\PajakAir\.gradle\5.6.4\executionHistory)" [_thread_blocked, id=6404, stack(0x0000000020be0000,0x0000000020ce0000)]
  0x0000000017ca2800 JavaThread "Execution worker for ':'" [_thread_blocked, id=7264, stack(0x0000000020ae0000,0x0000000020be0000)]
  0x0000000017ca1000 JavaThread "Cache worker for file content cache (D:\Semangat Tugas Akhir\Main Project\PajakAir\.gradle\5.6.4\fileContent)" [_thread_blocked, id=1020, stack(0x00000000207e0000,0x00000000208e0000)]
  0x0000000017ca7000 JavaThread "Cache worker for file content cache (C:\Users\deCrypt3d\.gradle\caches\5.6.4\fileContent)" [_thread_blocked, id=7852, stack(0x00000000206e0000,0x00000000207e0000)]
  0x0000000017ca2000 JavaThread "Memory manager" [_thread_blocked, id=6744, stack(0x00000000205e0000,0x00000000206e0000)]
  0x0000000017ca3800 JavaThread "Cache worker for Build Output Cleanup Cache (D:\Semangat Tugas Akhir\Main Project\PajakAir\.gradle\buildOutputCleanup)" [_thread_blocked, id=2276, stack(0x000000001fae0000,0x000000001fbe0000)]
  0x0000000017ca8000 JavaThread "Build operations Thread 2" [_thread_blocked, id=8, stack(0x000000001f3e0000,0x000000001f4e0000)]
  0x0000000017ca5000 JavaThread "Build operations" [_thread_blocked, id=6732, stack(0x000000001f2e0000,0x000000001f3e0000)]
  0x0000000017ca6800 JavaThread "Cache worker for execution history cache (C:\Users\deCrypt3d\.gradle\caches\5.6.4\executionHistory)" [_thread_blocked, id=7684, stack(0x000000001efe0000,0x000000001f0e0000)]
  0x0000000018b57800 JavaThread "Cache worker for cache directory md-rule (C:\Users\deCrypt3d\.gradle\caches\5.6.4\md-rule)" [_thread_blocked, id=176, stack(0x000000001ebe0000,0x000000001ece0000)]
  0x0000000018b56800 JavaThread "Cache worker for cache directory md-supplier (C:\Users\deCrypt3d\.gradle\caches\5.6.4\md-supplier)" [_thread_blocked, id=932, stack(0x000000001d040000,0x000000001d140000)]
  0x0000000018b59800 JavaThread "Cache worker for file hash cache (D:\Semangat Tugas Akhir\Main Project\PajakAir\.gradle\5.6.4\fileHashes)" [_thread_blocked, id=7400, stack(0x000000001cd40000,0x000000001ce40000)]
  0x0000000018b56000 JavaThread "Cache worker for journal cache (C:\Users\deCrypt3d\.gradle\caches\journal-1)" [_thread_blocked, id=4172, stack(0x000000001bc70000,0x000000001bd70000)]
  0x0000000018b5b000 JavaThread "File lock request listener" [_thread_in_native, id=2452, stack(0x000000001b970000,0x000000001ba70000)]
  0x0000000017b32000 JavaThread "Cache worker for file hash cache (C:\Users\deCrypt3d\.gradle\caches\5.6.4\fileHashes)" [_thread_blocked, id=7328, stack(0x000000001b870000,0x000000001b970000)]
  0x0000000018410800 JavaThread "Thread-9" [_thread_blocked, id=2752, stack(0x000000001b770000,0x000000001b870000)]
  0x000000001840f800 JavaThread "Stdin handler" [_thread_blocked, id=1176, stack(0x000000001b670000,0x000000001b770000)]
  0x000000001840e800 JavaThread "Asynchronous log dispatcher for DefaultDaemonConnection: socket connection from /127.0.0.1:50155 to /127.0.0.1:50156" [_thread_blocked, id=1964, stack(0x000000001b570000,0x000000001b670000)]
  0x000000001840b800 JavaThread "Daemon worker" [_thread_in_Java, id=1920, stack(0x000000001b470000,0x000000001b570000)]
  0x000000001664e000 JavaThread "Cancel handler" [_thread_blocked, id=2256, stack(0x000000001b370000,0x000000001b470000)]
  0x0000000016653800 JavaThread "Daemon periodic checks" [_thread_blocked, id=4652, stack(0x000000001b070000,0x000000001b170000)]
  0x0000000016692800 JavaThread "Handler for socket connection from /127.0.0.1:50155 to /127.0.0.1:50156" [_thread_in_native, id=4864, stack(0x000000001af70000,0x000000001b070000)]
  0x000000001668f000 JavaThread "Daemon" [_thread_blocked, id=7068, stack(0x000000001ad30000,0x000000001ae30000)]
  0x00000000195c4800 JavaThread "Incoming local TCP Connector on port 50155" [_thread_in_native, id=2680, stack(0x0000000019c60000,0x0000000019d60000)]
  0x000000001952a800 JavaThread "Daemon health stats" [_thread_blocked, id=1516, stack(0x0000000019620000,0x0000000019720000)]
  0x000000001668c000 JavaThread "Service Thread" daemon [_thread_blocked, id=4356, stack(0x0000000017850000,0x0000000017950000)]
  0x000000001661c000 JavaThread "C1 CompilerThread1" daemon [_thread_blocked, id=4880, stack(0x0000000017750000,0x0000000017850000)]
=>0x0000000016618800 JavaThread "C2 CompilerThread0" daemon [_thread_in_native, id=4048, stack(0x0000000017650000,0x0000000017750000)]
  0x0000000016617000 JavaThread "Attach Listener" daemon [_thread_blocked, id=3264, stack(0x0000000017550000,0x0000000017650000)]
  0x0000000016614000 JavaThread "Signal Dispatcher" daemon [_thread_blocked, id=684, stack(0x0000000017450000,0x0000000017550000)]
  0x0000000002ee0800 JavaThread "Finalizer" daemon [_thread_blocked, id=1188, stack(0x0000000017250000,0x0000000017350000)]
  0x0000000016607000 JavaThread "Reference Handler" daemon [_thread_blocked, id=7916, stack(0x0000000017150000,0x0000000017250000)]
  0x000000000153e000 JavaThread "main" [_thread_blocked, id=1904, stack(0x0000000002cf0000,0x0000000002df0000)]

Other Threads:
  0x00000000165e5800 VMThread [stack: 0x0000000017050000,0x0000000017150000] [id=3520]
  0x000000001669f000 WatcherThread [stack: 0x0000000017950000,0x0000000017a50000] [id=484]

VM state:not at safepoint (normal execution)

VM Mutex/Monitor currently owned by a thread: None

heap address: 0x00000000a0000000, size: 1536 MB, Compressed Oops mode: 32-bit
Narrow klass base: 0x0000000000000000, Narrow klass shift: 3
Compressed class space size: 1073741824 Address: 0x0000000100000000

Heap:
 PSYoungGen      total 165376K, used 51414K [0x00000000e0000000, 0x00000000eb580000, 0x0000000100000000)
  eden space 152064K, 25% used [0x00000000e0000000,0x00000000e25ab7f8,0x00000000e9480000)
  from space 13312K, 96% used [0x00000000ea880000,0x00000000eb50a118,0x00000000eb580000)
  to   space 16896K, 0% used [0x00000000e9480000,0x00000000e9480000,0x00000000ea500000)
 ParOldGen       total 89600K, used 32721K [0x00000000a0000000, 0x00000000a5780000, 0x00000000e0000000)
  object space 89600K, 36% used [0x00000000a0000000,0x00000000a1ff4770,0x00000000a5780000)
 Metaspace       used 60787K, capacity 62832K, committed 62996K, reserved 1103872K
  class space    used 8259K, capacity 8761K, committed 8764K, reserved 1048576K

Card table byte_map: [0x00000000122b0000,0x00000000125c0000] byte_map_base: 0x0000000011db0000

Marking Bits: (ParMarkBitMap*) 0x0000000060f69f30
 Begin Bits: [0x00000000129c0000, 0x00000000141c0000)
 End Bits:   [0x00000000141c0000, 0x00000000159c0000)

Polling page: 0x0000000001100000

CodeCache: size=245760Kb used=22147Kb max_used=22147Kb free=223612Kb
 bounds [0x0000000002ef0000, 0x00000000044a0000, 0x0000000011ef0000]
 total_blobs=7814 nmethods=7017 adapters=711
 compilation: enabled

Compilation events (10 events):
Event: 31.519 Thread 0x000000001661c000 7843       2       com.sun.org.apache.xerces.internal.dom.CoreDocumentImpl::checkDOMNSErr (132 bytes)
Event: 31.520 Thread 0x000000001661c000 nmethod 7843 0x000000000449b810 code [0x000000000449ba40, 0x000000000449bfb8]
Event: 31.522 Thread 0x000000001661c000 7844       2       com.sun.org.apache.xerces.internal.dom.AttrNSImpl::<init> (13 bytes)
Event: 31.523 Thread 0x000000001661c000 nmethod 7844 0x000000000449c390 code [0x000000000449c500, 0x000000000449c6e8]
Event: 31.523 Thread 0x000000001661c000 7845       2       com.sun.org.apache.xerces.internal.dom.ElementImpl::setAttributeNodeNS (112 bytes)
Event: 31.524 Thread 0x000000001661c000 nmethod 7845 0x000000000449c790 code [0x000000000449c960, 0x000000000449ce88]
Event: 31.525 Thread 0x000000001661c000 7846 %     3       com.android.utils.PositionXmlParser$DomBuilder::getCurrentPosition @ 32 (215 bytes)
Event: 31.527 Thread 0x000000001661c000 nmethod 7846% 0x000000000449d150 code [0x000000000449d360, 0x000000000449e018]
Event: 31.527 Thread 0x000000001661c000 7847       3       com.android.utils.PositionXmlParser$DomBuilder::getCurrentPosition (215 bytes)
Event: 31.528 Thread 0x000000001661c000 nmethod 7847 0x000000000449e5d0 code [0x000000000449e7e0, 0x000000000449f3f8]

GC Heap History (10 events):
Event: 18.155 GC heap before
{Heap before GC invocations=15 (full 2):
 PSYoungGen      total 118784K, used 110080K [0x00000000e0000000, 0x00000000e9000000, 0x0000000100000000)
  eden space 110080K, 100% used [0x00000000e0000000,0x00000000e6b80000,0x00000000e6b80000)
  from space 8704K, 0% used [0x00000000e7400000,0x00000000e7400000,0x00000000e7c80000)
  to   space 8704K, 0% used [0x00000000e6b80000,0x00000000e6b80000,0x00000000e7400000)
 ParOldGen       total 56320K, used 17579K [0x00000000a0000000, 0x00000000a3700000, 0x00000000e0000000)
  object space 56320K, 31% used [0x00000000a0000000,0x00000000a112ade8,0x00000000a3700000)
 Metaspace       used 45223K, capacity 46248K, committed 46552K, reserved 1089536K
  class space    used 6054K, capacity 6356K, committed 6400K, reserved 1048576K
Event: 18.183 GC heap after
Heap after GC invocations=15 (full 2):
 PSYoungGen      total 118784K, used 8703K [0x00000000e0000000, 0x00000000e9780000, 0x0000000100000000)
  eden space 110080K, 0% used [0x00000000e0000000,0x00000000e0000000,0x00000000e6b80000)
  from space 8704K, 99% used [0x00000000e6b80000,0x00000000e73ffe60,0x00000000e7400000)
  to   space 11776K, 0% used [0x00000000e8c00000,0x00000000e8c00000,0x00000000e9780000)
 ParOldGen       total 56320K, used 22765K [0x00000000a0000000, 0x00000000a3700000, 0x00000000e0000000)
  object space 56320K, 40% used [0x00000000a0000000,0x00000000a163b780,0x00000000a3700000)
 Metaspace       used 45223K, capacity 46248K, committed 46552K, reserved 1089536K
  class space    used 6054K, capacity 6356K, committed 6400K, reserved 1048576K
}
Event: 21.834 GC heap before
{Heap before GC invocations=16 (full 2):
 PSYoungGen      total 118784K, used 118783K [0x00000000e0000000, 0x00000000e9780000, 0x0000000100000000)
  eden space 110080K, 100% used [0x00000000e0000000,0x00000000e6b80000,0x00000000e6b80000)
  from space 8704K, 99% used [0x00000000e6b80000,0x00000000e73ffe60,0x00000000e7400000)
  to   space 11776K, 0% used [0x00000000e8c00000,0x00000000e8c00000,0x00000000e9780000)
 ParOldGen       total 56320K, used 22765K [0x00000000a0000000, 0x00000000a3700000, 0x00000000e0000000)
  object space 56320K, 40% used [0x00000000a0000000,0x00000000a163b780,0x00000000a3700000)
 Metaspace       used 54883K, capacity 56494K, committed 56664K, reserved 1097728K
  class space    used 7541K, capacity 7956K, committed 8064K, reserved 1048576K
Event: 21.892 GC heap after
Heap after GC invocations=16 (full 2):
 PSYoungGen      total 139264K, used 11748K [0x00000000e0000000, 0x00000000e9f80000, 0x0000000100000000)
  eden space 127488K, 0% used [0x00000000e0000000,0x00000000e0000000,0x00000000e7c80000)
  from space 11776K, 99% used [0x00000000e8c00000,0x00000000e9779008,0x00000000e9780000)
  to   space 15872K, 0% used [0x00000000e7c80000,0x00000000e7c80000,0x00000000e8c00000)
 ParOldGen       total 56320K, used 29987K [0x00000000a0000000, 0x00000000a3700000, 0x00000000e0000000)
  object space 56320K, 53% used [0x00000000a0000000,0x00000000a1d48eb8,0x00000000a3700000)
 Metaspace       used 54883K, capacity 56494K, committed 56664K, reserved 1097728K
  class space    used 7541K, capacity 7956K, committed 8064K, reserved 1048576K
}
Event: 23.518 GC heap before
{Heap before GC invocations=17 (full 2):
 PSYoungGen      total 139264K, used 53451K [0x00000000e0000000, 0x00000000e9f80000, 0x0000000100000000)
  eden space 127488K, 32% used [0x00000000e0000000,0x00000000e28b9dc8,0x00000000e7c80000)
  from space 11776K, 99% used [0x00000000e8c00000,0x00000000e9779008,0x00000000e9780000)
  to   space 15872K, 0% used [0x00000000e7c80000,0x00000000e7c80000,0x00000000e8c00000)
 ParOldGen       total 56320K, used 29987K [0x00000000a0000000, 0x00000000a3700000, 0x00000000e0000000)
  object space 56320K, 53% used [0x00000000a0000000,0x00000000a1d48eb8,0x00000000a3700000)
 Metaspace       used 57178K, capacity 58948K, committed 59028K, reserved 1099776K
  class space    used 7883K, capacity 8335K, committed 8380K, reserved 1048576K
Event: 23.581 GC heap after
Heap after GC invocations=17 (full 2):
 PSYoungGen      total 143360K, used 5717K [0x00000000e0000000, 0x00000000eb780000, 0x0000000100000000)
  eden space 127488K, 0% used [0x00000000e0000000,0x00000000e0000000,0x00000000e7c80000)
  from space 15872K, 36% used [0x00000000e7c80000,0x00000000e8215618,0x00000000e8c00000)
  to   space 15360K, 0% used [0x00000000ea880000,0x00000000ea880000,0x00000000eb780000)
 ParOldGen       total 56320K, used 35889K [0x00000000a0000000, 0x00000000a3700000, 0x00000000e0000000)
  object space 56320K, 63% used [0x00000000a0000000,0x00000000a230c678,0x00000000a3700000)
 Metaspace       used 57178K, capacity 58948K, committed 59028K, reserved 1099776K
  class space    used 7883K, capacity 8335K, committed 8380K, reserved 1048576K
}
Event: 23.581 GC heap before
{Heap before GC invocations=18 (full 3):
 PSYoungGen      total 143360K, used 5717K [0x00000000e0000000, 0x00000000eb780000, 0x0000000100000000)
  eden space 127488K, 0% used [0x00000000e0000000,0x00000000e0000000,0x00000000e7c80000)
  from space 15872K, 36% used [0x00000000e7c80000,0x00000000e8215618,0x00000000e8c00000)
  to   space 15360K, 0% used [0x00000000ea880000,0x00000000ea880000,0x00000000eb780000)
 ParOldGen       total 56320K, used 35889K [0x00000000a0000000, 0x00000000a3700000, 0x00000000e0000000)
  object space 56320K, 63% used [0x00000000a0000000,0x00000000a230c678,0x00000000a3700000)
 Metaspace       used 57178K, capacity 58948K, committed 59028K, reserved 1099776K
  class space    used 7883K, capacity 8335K, committed 8380K, reserved 1048576K
Event: 24.076 GC heap after
Heap after GC invocations=18 (full 3):
 PSYoungGen      total 143360K, used 0K [0x00000000e0000000, 0x00000000eb780000, 0x0000000100000000)
  eden space 127488K, 0% used [0x00000000e0000000,0x00000000e0000000,0x00000000e7c80000)
  from space 15872K, 0% used [0x00000000e7c80000,0x00000000e7c80000,0x00000000e8c00000)
  to   space 15360K, 0% used [0x00000000ea880000,0x00000000ea880000,0x00000000eb780000)
 ParOldGen       total 89600K, used 32713K [0x00000000a0000000, 0x00000000a5780000, 0x00000000e0000000)
  object space 89600K, 36% used [0x00000000a0000000,0x00000000a1ff2770,0x00000000a5780000)
 Metaspace       used 57178K, capacity 58948K, committed 59028K, reserved 1099776K
  class space    used 7883K, capacity 8335K, committed 8380K, reserved 1048576K
}
Event: 30.337 GC heap before
{Heap before GC invocations=19 (full 3):
 PSYoungGen      total 143360K, used 127488K [0x00000000e0000000, 0x00000000eb780000, 0x0000000100000000)
  eden space 127488K, 100% used [0x00000000e0000000,0x00000000e7c80000,0x00000000e7c80000)
  from space 15872K, 0% used [0x00000000e7c80000,0x00000000e7c80000,0x00000000e8c00000)
  to   space 15360K, 0% used [0x00000000ea880000,0x00000000ea880000,0x00000000eb780000)
 ParOldGen       total 89600K, used 32713K [0x00000000a0000000, 0x00000000a5780000, 0x00000000e0000000)
  object space 89600K, 36% used [0x00000000a0000000,0x00000000a1ff2770,0x00000000a5780000)
 Metaspace       used 60032K, capacity 62076K, committed 62228K, reserved 1103872K
  class space    used 8200K, capacity 8731K, committed 8764K, reserved 1048576K
Event: 30.393 GC heap after
Heap after GC invocations=19 (full 3):
 PSYoungGen      total 165376K, used 12840K [0x00000000e0000000, 0x00000000eb580000, 0x0000000100000000)
  eden space 152064K, 0% used [0x00000000e0000000,0x00000000e0000000,0x00000000e9480000)
  from space 13312K, 96% used [0x00000000ea880000,0x00000000eb50a118,0x00000000eb580000)
  to   space 16896K, 0% used [0x00000000e9480000,0x00000000e9480000,0x00000000ea500000)
 ParOldGen       total 89600K, used 32721K [0x00000000a0000000, 0x00000000a5780000, 0x00000000e0000000)
  object space 89600K, 36% used [0x00000000a0000000,0x00000000a1ff4770,0x00000000a5780000)
 Metaspace       used 60032K, capacity 62076K, committed 62228K, reserved 1103872K
  class space    used 8200K, capacity 8731K, committed 8764K, reserved 1048576K
}

Deoptimization events (10 events):
Event: 30.962 Thread 0x000000001840b800 Uncommon trap: reason=unstable_if action=reinterpret pc=0x000000000437066c method=com.sun.org.apache.xerces.internal.utils.XMLLimitAnalyzer.addValue(ILjava/lang/String;I)V @ 7
Event: 30.962 Thread 0x000000001840b800 Uncommon trap: reason=unstable_if action=reinterpret pc=0x00000000030a3588 method=com.sun.org.apache.xerces.internal.utils.XMLSecurityManager.isOverLimit(ILcom/sun/org/apache/xerces/internal/utils/XMLLimitAnalyzer;)Z @ 28
Event: 30.968 Thread 0x000000001840b800 Uncommon trap: reason=class_check action=maybe_recompile pc=0x0000000003e2935c method=java.util.regex.Matcher.search(I)Z @ 86
Event: 30.968 Thread 0x000000001840b800 Uncommon trap: reason=class_check action=maybe_recompile pc=0x0000000003e2935c method=java.util.regex.Matcher.search(I)Z @ 86
Event: 30.968 Thread 0x000000001840b800 Uncommon trap: reason=class_check action=maybe_recompile pc=0x0000000003e2935c method=java.util.regex.Matcher.search(I)Z @ 86
Event: 30.968 Thread 0x000000001840b800 Uncommon trap: reason=class_check action=maybe_recompile pc=0x0000000003e2935c method=java.util.regex.Matcher.search(I)Z @ 86
Event: 30.968 Thread 0x000000001840b800 Uncommon trap: reason=class_check action=maybe_recompile pc=0x0000000003e18e58 method=java.util.regex.Matcher.search(I)Z @ 86
Event: 31.058 Thread 0x000000001840b800 Uncommon trap: reason=unstable_if action=reinterpret pc=0x000000000438a314 method=com.android.utils.PositionXmlParser$DomBuilder.getCurrentPosition()Lcom/android/utils/PositionXmlParser$Position; @ 65
Event: 31.069 Thread 0x000000001840b800 Uncommon trap: reason=unstable_if action=reinterpret pc=0x00000000043d513c method=com.sun.org.apache.xerces.internal.impl.XMLEntityScanner.skipString(Ljava/lang/String;)Z @ 59
Event: 31.070 Thread 0x000000001840b800 Uncommon trap: reason=unstable_if action=reinterpret pc=0x0000000004360e24 method=com.android.utils.PositionXmlParser$DomBuilder.findOpeningTag(Lcom/android/utils/PositionXmlParser$Position;)Lcom/android/utils/PositionXmlParser$Position; @ 81

Classes redefined (0 events):
No events

Internal exceptions (10 events):
Event: 31.209 Thread 0x000000001840b800 Exception <a 'java/lang/NoSuchMethodError': <clinit>> (0x00000000e1dd2a10) thrown at [D:\src\AOSP-openjdk-cygwin\jdk8u\hotspot\src\share\vm\prims\jni.cpp, line 1614]
Event: 31.212 Thread 0x000000001840b800 Exception <a 'java/lang/NoSuchMethodError': <clinit>> (0x00000000e1e03cb8) thrown at [D:\src\AOSP-openjdk-cygwin\jdk8u\hotspot\src\share\vm\prims\jni.cpp, line 1614]
Event: 31.214 Thread 0x000000001840b800 Exception <a 'java/lang/NoSuchMethodError': <clinit>> (0x00000000e1e08e88) thrown at [D:\src\AOSP-openjdk-cygwin\jdk8u\hotspot\src\share\vm\prims\jni.cpp, line 1614]
Event: 31.216 Thread 0x000000001840b800 Exception <a 'java/lang/NoSuchMethodError': <clinit>> (0x00000000e1e0c8d8) thrown at [D:\src\AOSP-openjdk-cygwin\jdk8u\hotspot\src\share\vm\prims\jni.cpp, line 1614]
Event: 31.220 Thread 0x000000001840b800 Exception <a 'java/lang/NoSuchMethodError': <clinit>> (0x00000000e1e28f18) thrown at [D:\src\AOSP-openjdk-cygwin\jdk8u\hotspot\src\share\vm\prims\jni.cpp, line 1614]
Event: 31.222 Thread 0x000000001840b800 Exception <a 'java/lang/NoSuchMethodError': <clinit>> (0x00000000e1e43898) thrown at [D:\src\AOSP-openjdk-cygwin\jdk8u\hotspot\src\share\vm\prims\jni.cpp, line 1614]
Event: 31.224 Thread 0x000000001840b800 Exception <a 'java/lang/NoSuchMethodError': <clinit>> (0x00000000e1e687f0) thrown at [D:\src\AOSP-openjdk-cygwin\jdk8u\hotspot\src\share\vm\prims\jni.cpp, line 1614]
Event: 31.227 Thread 0x000000001840b800 Exception <a 'java/lang/NoSuchMethodError': <clinit>> (0x00000000e1e7f5e0) thrown at [D:\src\AOSP-openjdk-cygwin\jdk8u\hotspot\src\share\vm\prims\jni.cpp, line 1614]
Event: 31.341 Thread 0x000000001840b800 Exception <a 'java/lang/NoSuchMethodError': <clinit>> (0x00000000e1ef8f98) thrown at [D:\src\AOSP-openjdk-cygwin\jdk8u\hotspot\src\share\vm\prims\jni.cpp, line 1614]
Event: 31.342 Thread 0x000000001840b800 Exception <a 'java/lang/NoSuchMethodError': <clinit>> (0x00000000e1f0dc78) thrown at [D:\src\AOSP-openjdk-cygwin\jdk8u\hotspot\src\share\vm\prims\jni.cpp, line 1614]

Events (10 events):
Event: 31.512 loading class java/awt/geom/AffineTransform done
Event: 31.513 Executing VM operation: RevokeBias
Event: 31.514 Executing VM operation: RevokeBias done
Event: 31.521 Thread 0x0000000017ca9800 DEOPT PACKING pc=0x000000000442c4b0 sp=0x00000000212bddf0
Event: 31.521 Thread 0x0000000017ca9800 DEOPT UNPACKING pc=0x0000000002f371d0 sp=0x00000000212bdb58 mode 0
Event: 31.529 Thread 0x0000000017ca9800 DEOPT PACKING pc=0x0000000004432a4d sp=0x00000000212bde10
Event: 31.529 Thread 0x0000000017ca9800 DEOPT UNPACKING pc=0x0000000002f371d0 sp=0x00000000212bdb68 mode 0
Event: 31.531 loading class com/sun/org/apache/xerces/internal/dom/DeepNodeListImpl
Event: 31.532 loading class com/sun/org/apache/xerces/internal/dom/DeepNodeListImpl done
Event: 31.533 loading class java/awt/geom/Path2D


Dynamic libraries:
0x00007ff68dce0000 - 0x00007ff68dd11000 	C:\Program Files\Android\Android Studio1\jre\bin\java.exe
0x00007ffdbb680000 - 0x00007ffdbb86d000 	C:\Windows\SYSTEM32\ntdll.dll
0x00007ffdbb2e0000 - 0x00007ffdbb393000 	C:\Windows\System32\KERNEL32.DLL
0x00007ffdb7790000 - 0x00007ffdb7a23000 	C:\Windows\System32\KERNELBASE.dll
0x00007ffdba470000 - 0x00007ffdba513000 	C:\Windows\System32\ADVAPI32.dll
0x00007ffdbb210000 - 0x00007ffdbb2ae000 	C:\Windows\System32\msvcrt.dll
0x00007ffdbaf90000 - 0x00007ffdbb02e000 	C:\Windows\System32\sechost.dll
0x00007ffdbb550000 - 0x00007ffdbb672000 	C:\Windows\System32\RPCRT4.dll
0x00007ffdba110000 - 0x00007ffdba2a7000 	C:\Windows\System32\USER32.dll
0x00007ffdb86d0000 - 0x00007ffdb86f0000 	C:\Windows\System32\win32u.dll
0x00007ffdba2b0000 - 0x00007ffdba2d9000 	C:\Windows\System32\GDI32.dll
0x00007ffdb8290000 - 0x00007ffdb8429000 	C:\Windows\System32\gdi32full.dll
0x00007ffdb8430000 - 0x00007ffdb84d0000 	C:\Windows\System32\msvcp_win.dll
0x00007ffdb8580000 - 0x00007ffdb867a000 	C:\Windows\System32\ucrtbase.dll
0x00007ffdaba40000 - 0x00007ffdabcb9000 	C:\Windows\WinSxS\amd64_microsoft.windows.common-controls_6595b64144ccf1df_6.0.17763.1098_none_de762ed45346ee8a\COMCTL32.dll
0x00007ffdbaa80000 - 0x00007ffdbadac000 	C:\Windows\System32\combase.dll
0x00007ffdb84d0000 - 0x00007ffdb854e000 	C:\Windows\System32\bcryptPrimitives.dll
0x00007ffdbb2b0000 - 0x00007ffdbb2de000 	C:\Windows\System32\IMM32.DLL
0x0000000061490000 - 0x0000000061562000 	C:\Program Files\Android\Android Studio1\jre\jre\bin\msvcr100.dll
0x00000000607a0000 - 0x0000000060fe6000 	C:\Program Files\Android\Android Studio1\jre\jre\bin\server\jvm.dll
0x00007ffdb9e40000 - 0x00007ffdb9e48000 	C:\Windows\System32\PSAPI.DLL
0x00007ffd9daa0000 - 0x00007ffd9daa9000 	C:\Windows\SYSTEM32\WSOCK32.dll
0x00007ffdb88d0000 - 0x00007ffdb893d000 	C:\Windows\System32\WS2_32.dll
0x00007ffdb4440000 - 0x00007ffdb4464000 	C:\Windows\SYSTEM32\WINMM.dll
0x00007ffdaa4a0000 - 0x00007ffdaa4aa000 	C:\Windows\SYSTEM32\VERSION.dll
0x00007ffdb4410000 - 0x00007ffdb443d000 	C:\Windows\SYSTEM32\WINMMBASE.dll
0x00007ffdb8680000 - 0x00007ffdb86ca000 	C:\Windows\System32\cfgmgr32.dll
0x00007ffdb4050000 - 0x00007ffdb405f000 	C:\Program Files\Android\Android Studio1\jre\jre\bin\verify.dll
0x00007ffdb4020000 - 0x00007ffdb4049000 	C:\Program Files\Android\Android Studio1\jre\jre\bin\java.dll
0x00007ffdb3fc0000 - 0x00007ffdb3fd6000 	C:\Program Files\Android\Android Studio1\jre\jre\bin\zip.dll
0x00007ffdb8940000 - 0x00007ffdb9e34000 	C:\Windows\System32\SHELL32.dll
0x00007ffdba9a0000 - 0x00007ffdbaa48000 	C:\Windows\System32\shcore.dll
0x00007ffdb7a90000 - 0x00007ffdb81dd000 	C:\Windows\System32\windows.storage.dll
0x00007ffdb76a0000 - 0x00007ffdb76c4000 	C:\Windows\System32\profapi.dll
0x00007ffdb7710000 - 0x00007ffdb776d000 	C:\Windows\System32\powrprof.dll
0x00007ffdba0b0000 - 0x00007ffdba102000 	C:\Windows\System32\shlwapi.dll
0x00007ffdb76d0000 - 0x00007ffdb76e1000 	C:\Windows\System32\kernel.appcore.dll
0x00007ffdb7770000 - 0x00007ffdb7787000 	C:\Windows\System32\cryptsp.dll
0x00007ffdb3fa0000 - 0x00007ffdb3fba000 	C:\Program Files\Android\Android Studio1\jre\jre\bin\net.dll
0x00007ffdad1b0000 - 0x00007ffdad387000 	C:\Windows\SYSTEM32\urlmon.dll
0x00007ffdad580000 - 0x00007ffdad828000 	C:\Windows\SYSTEM32\iertutil.dll
0x00007ffdb7080000 - 0x00007ffdb708c000 	C:\Windows\SYSTEM32\CRYPTBASE.DLL
0x00007ffdb6eb0000 - 0x00007ffdb6f17000 	C:\Windows\system32\mswsock.dll
0x00007ffdb3f80000 - 0x00007ffdb3f93000 	C:\Program Files\Android\Android Studio1\jre\jre\bin\nio.dll
0x00007ffdab220000 - 0x00007ffdab246000 	C:\Users\deCrypt3d\.gradle\native\30\windows-amd64\native-platform.dll
0x00007ffdb3f70000 - 0x00007ffdb3f7d000 	C:\Program Files\Android\Android Studio1\jre\jre\bin\management.dll
0x00007ffdb6a30000 - 0x00007ffdb6a63000 	C:\Windows\system32\rsaenh.dll
0x00007ffdb8550000 - 0x00007ffdb8576000 	C:\Windows\System32\bcrypt.dll
0x00007ffdb75a0000 - 0x00007ffdb75c8000 	C:\Windows\SYSTEM32\USERENV.dll
0x00007ffdb6bd0000 - 0x00007ffdb6c0d000 	C:\Windows\SYSTEM32\IPHLPAPI.DLL
0x00007ffdbadb0000 - 0x00007ffdbadb8000 	C:\Windows\System32\NSI.dll
0x00007ffdaec50000 - 0x00007ffdaec66000 	C:\Windows\SYSTEM32\dhcpcsvc6.DLL
0x00007ffdad540000 - 0x00007ffdad55c000 	C:\Windows\SYSTEM32\dhcpcsvc.DLL
0x00007ffdb6c10000 - 0x00007ffdb6cd6000 	C:\Windows\SYSTEM32\DNSAPI.dll

VM Arguments:
jvm_args: -Xmx1536m -Dfile.encoding=windows-1252 -Duser.country=ID -Duser.language=en -Duser.variant 
java_command: org.gradle.launcher.daemon.bootstrap.GradleDaemon 5.6.4
java_class_path (initial): C:\Users\deCrypt3d\.gradle\wrapper\dists\gradle-5.6.4-all\ankdp27end7byghfw1q2sw75f\gradle-5.6.4\lib\gradle-launcher-5.6.4.jar
Launcher Type: SUN_STANDARD

Environment Variables:
PATH=C:\ProgramData\Oracle\Java\javapath;C:\Program Files (x86)\Common Files\Intel\Shared Files\cpp\bin\Intel64;C:\Windows\system32;C:\Windows;C:\Windows\System32\Wbem;C:\Windows\System32\WindowsPowerShell\v1.0\;C:\xampp\php;C:\ProgramData\ComposerSetup\bin;C:\Program Files\PuTTY\;C:\Program Files\nodejs\;%JAVA_HOME%\bin;C:\SDK\gradle-6.3\bin;C:\Users\deCrypt3d\AppData\Local\Microsoft\WindowsApps;C:\Users\deCrypt3d\AppData\Roaming\Composer\vendor\bin;C:\Users\deCrypt3d\AppData\Roaming\npm;
USERNAME=deCrypt3d
OS=Windows_NT
PROCESSOR_IDENTIFIER=Intel64 Family 6 Model 58 Stepping 9, GenuineIntel



---------------  S Y S T E M  ---------------

OS: Windows 10.0 , 64 bit Build 17763 (10.0.17763.475)

CPU:total 2 (initial active 2) (2 cores per cpu, 1 threads per core) family 6 model 58 stepping 9, cmov, cx8, fxsr, mmx, sse, sse2, sse3, ssse3, sse4.1, sse4.2, popcnt, clmul, erms, tsc, tscinvbit, tscinv

Memory: 4k page, physical 3880804k(379760k free), swap 3880804k(5732k free)

vm_info: OpenJDK 64-Bit Server VM (25.212-b04) for windows-amd64 JRE (1.8.0_212-release-1586-b04), built by "builder" with MS VC++ 10.0 (VS2010)

time: Tue Jun 23 21:55:28 2020
timezone: SE Asia Standard Time
elapsed time: 31 seconds (0d 0h 0m 31s)

