#
# There is insufficient memory for the Java Runtime Environment to continue.
# Native memory allocation (malloc) failed to allocate 2135696 bytes for Chunk::new
# Possible reasons:
#   The system is out of physical RAM or swap space
#   The process is running with CompressedOops enabled, and the Java Heap may be blocking the growth of the native heap
# Possible solutions:
#   Reduce memory load on the system
#   Increase physical memory or swap space
#   Check if swap backing store is full
#   Decrease Java heap size (-Xmx/-Xms)
#   Decrease number of Java threads
#   Decrease Java thread stack sizes (-Xss)
#   Set larger code cache with -XX:ReservedCodeCacheSize=
#   JVM is running with Unscaled Compressed Oops mode in which the Java heap is
#     placed in the first 4GB address space. The Java Heap base address is the
#     maximum limit for the native heap growth. Please use -XX:HeapBaseMinAddress
#     to set the Java Heap base and to place the Java Heap above 4GB virtual address.
# This output file may be truncated or incomplete.
#
#  Out of Memory Error (allocation.cpp:389), pid=4408, tid=0x00000000000006dc
#
# JRE version: OpenJDK Runtime Environment (8.0_212-b04) (build 1.8.0_212-release-1586-b04)
# Java VM: OpenJDK 64-Bit Server VM (25.212-b04 mixed mode windows-amd64 compressed oops)
# Failed to write core dump. Minidumps are not enabled by default on client versions of Windows
#

---------------  T H R E A D  ---------------

Current thread (0x0000000015fc9800):  JavaThread "C2 CompilerThread0" daemon [_thread_in_native, id=1756, stack(0x0000000017010000,0x0000000017110000)]

Stack: [0x0000000017010000,0x0000000017110000]
[error occurred during error reporting (printing stack bounds), id 0xc0000005]

Native frames: (J=compiled Java code, j=interpreted, Vv=VM code, C=native code)


Current CompileTask:
C2:  51291 10817 %     4       com.android.tools.r8.ir.regalloc.LinearScanRegisterAllocator::a @ 680 (1756 bytes)


---------------  P R O C E S S  ---------------

Java Threads: ( => current thread )
  0x000000001d5e6000 JavaThread "Cache worker for execution history cache (D:\Semangat Tugas Akhir\Main Project\PajakAir\.gradle\5.6.4\executionHistory)" [_thread_blocked, id=1316, stack(0x0000000020b70000,0x0000000020c70000)]
  0x000000001d5e1800 JavaThread "Execution worker for ':'" [_thread_in_Java, id=4084, stack(0x0000000020870000,0x0000000020970000)]
  0x000000001d5e4800 JavaThread "Cache worker for file content cache (D:\Semangat Tugas Akhir\Main Project\PajakAir\.gradle\5.6.4\fileContent)" [_thread_blocked, id=2624, stack(0x0000000020370000,0x0000000020470000)]
  0x000000001d5de000 JavaThread "Cache worker for file content cache (C:\Users\deCrypt3d\.gradle\caches\5.6.4\fileContent)" [_thread_blocked, id=1920, stack(0x0000000020270000,0x0000000020370000)]
  0x000000001d5de800 JavaThread "Memory manager" [_thread_blocked, id=5404, stack(0x000000001ff50000,0x0000000020050000)]
  0x000000001d5e1000 JavaThread "Cache worker for Build Output Cleanup Cache (D:\Semangat Tugas Akhir\Main Project\PajakAir\.gradle\buildOutputCleanup)" [_thread_blocked, id=576, stack(0x000000001f650000,0x000000001f750000)]
  0x000000001d5e0000 JavaThread "Build operations Thread 2" [_thread_blocked, id=1604, stack(0x000000001f150000,0x000000001f250000)]
  0x000000001d5e3000 JavaThread "Build operations" [_thread_blocked, id=1412, stack(0x000000001f050000,0x000000001f150000)]
  0x000000001d5e4000 JavaThread "Cache worker for execution history cache (C:\Users\deCrypt3d\.gradle\caches\5.6.4\executionHistory)" [_thread_blocked, id=6484, stack(0x000000001e990000,0x000000001ea90000)]
  0x0000000019223800 JavaThread "Cache worker for cache directory md-rule (C:\Users\deCrypt3d\.gradle\caches\5.6.4\md-rule)" [_thread_blocked, id=5460, stack(0x000000001e790000,0x000000001e890000)]
  0x0000000019223000 JavaThread "Cache worker for cache directory md-supplier (C:\Users\deCrypt3d\.gradle\caches\5.6.4\md-supplier)" [_thread_blocked, id=3396, stack(0x000000001e690000,0x000000001e790000)]
  0x0000000019220000 JavaThread "Cache worker for file hash cache (D:\Semangat Tugas Akhir\Main Project\PajakAir\.gradle\5.6.4\fileHashes)" [_thread_blocked, id=700, stack(0x000000001c900000,0x000000001ca00000)]
  0x000000001921f000 JavaThread "Cache worker for journal cache (C:\Users\deCrypt3d\.gradle\caches\journal-1)" [_thread_blocked, id=1160, stack(0x000000001b630000,0x000000001b730000)]
  0x0000000019226000 JavaThread "File lock request listener" [_thread_in_native, id=6956, stack(0x000000001b530000,0x000000001b630000)]
  0x0000000019221800 JavaThread "Cache worker for file hash cache (C:\Users\deCrypt3d\.gradle\caches\5.6.4\fileHashes)" [_thread_blocked, id=756, stack(0x000000001b230000,0x000000001b330000)]
  0x000000001910d800 JavaThread "Thread-9" [_thread_blocked, id=364, stack(0x000000001b130000,0x000000001b230000)]
  0x000000001912e800 JavaThread "Stdin handler" [_thread_blocked, id=892, stack(0x000000001b030000,0x000000001b130000)]
  0x000000001912e000 JavaThread "Asynchronous log dispatcher for DefaultDaemonConnection: socket connection from /127.0.0.1:49787 to /127.0.0.1:49788" [_thread_blocked, id=2140, stack(0x000000001af30000,0x000000001b030000)]
  0x0000000019133000 JavaThread "Daemon worker" [_thread_in_native, id=5148, stack(0x000000001ae30000,0x000000001af30000)]
  0x000000001915c000 JavaThread "Cancel handler" [_thread_blocked, id=2708, stack(0x000000001ad30000,0x000000001ae30000)]
  0x0000000019079800 JavaThread "Handler for socket connection from /127.0.0.1:49787 to /127.0.0.1:49788" [_thread_in_native, id=6900, stack(0x000000001aa30000,0x000000001ab30000)]
  0x0000000019078800 JavaThread "Daemon periodic checks" [_thread_blocked, id=6960, stack(0x000000001a930000,0x000000001aa30000)]
  0x0000000019083000 JavaThread "Daemon" [_thread_blocked, id=5176, stack(0x000000001a830000,0x000000001a930000)]
  0x0000000019096000 JavaThread "Incoming local TCP Connector on port 49787" [_thread_in_native, id=3500, stack(0x000000001a5f0000,0x000000001a6f0000)]
  0x0000000018f70800 JavaThread "Daemon health stats" [_thread_blocked, id=3888, stack(0x0000000019fb0000,0x000000001a0b0000)]
  0x000000001603d000 JavaThread "Service Thread" daemon [_thread_blocked, id=6080, stack(0x0000000017210000,0x0000000017310000)]
  0x000000001601d800 JavaThread "C1 CompilerThread1" daemon [_thread_blocked, id=6600, stack(0x0000000017110000,0x0000000017210000)]
=>0x0000000015fc9800 JavaThread "C2 CompilerThread0" daemon [_thread_in_native, id=1756, stack(0x0000000017010000,0x0000000017110000)]
  0x0000000015fc8000 JavaThread "Attach Listener" daemon [_thread_blocked, id=4656, stack(0x0000000016f10000,0x0000000017010000)]
  0x0000000015fc5000 JavaThread "Signal Dispatcher" daemon [_thread_blocked, id=6836, stack(0x0000000016e10000,0x0000000016f10000)]
  0x0000000002897800 JavaThread "Finalizer" daemon [_thread_blocked, id=1932, stack(0x0000000016c10000,0x0000000016d10000)]
  0x0000000015fb7000 JavaThread "Reference Handler" daemon [_thread_blocked, id=6972, stack(0x0000000016b10000,0x0000000016c10000)]
  0x0000000000afe000 JavaThread "main" [_thread_blocked, id=3244, stack(0x00000000024c0000,0x00000000025c0000)]

Other Threads:
  0x0000000015f95800 VMThread [stack: 0x0000000016a10000,0x0000000016b10000] [id=6676]
  0x0000000016060000 WatcherThread [stack: 0x0000000017310000,0x0000000017410000] [id=2700]

VM state:not at safepoint (normal execution)

VM Mutex/Monitor currently owned by a thread: None

heap address: 0x00000000a0000000, size: 1536 MB, Compressed Oops mode: 32-bit
Narrow klass base: 0x0000000000000000, Narrow klass shift: 3
Compressed class space size: 1073741824 Address: 0x0000000100000000

Heap:
 PSYoungGen      total 319488K, used 39142K [0x00000000e0000000, 0x00000000f7300000, 0x0000000100000000)
  eden space 296448K, 8% used [0x00000000e0000000,0x00000000e1921180,0x00000000f2180000)
  from space 23040K, 58% used [0x00000000f2180000,0x00000000f2e98a70,0x00000000f3800000)
  to   space 23040K, 0% used [0x00000000f5c80000,0x00000000f5c80000,0x00000000f7300000)
 ParOldGen       total 95744K, used 62485K [0x00000000a0000000, 0x00000000a5d80000, 0x00000000e0000000)
  object space 95744K, 65% used [0x00000000a0000000,0x00000000a3d05540,0x00000000a5d80000)
 Metaspace       used 68838K, capacity 71702K, committed 72024K, reserved 1112064K
  class space    used 9315K, capacity 9954K, committed 10072K, reserved 1048576K

Card table byte_map: [0x0000000011c60000,0x0000000011f70000] byte_map_base: 0x0000000011760000

Marking Bits: (ParMarkBitMap*) 0x0000000053309f30
 Begin Bits: [0x0000000012370000, 0x0000000013b70000)
 End Bits:   [0x0000000013b70000, 0x0000000015370000)

Polling page: 0x00000000025c0000

CodeCache: size=245760Kb used=33876Kb max_used=34624Kb free=211883Kb
 bounds [0x00000000028a0000, 0x0000000004a90000, 0x00000000118a0000]
 total_blobs=10612 nmethods=9807 adapters=716
 compilation: enabled

Compilation events (10 events):
Event: 51.239 Thread 0x000000001601d800 11240       2       java.util.HashMap$TreeNode::<init> (10 bytes)
Event: 51.239 Thread 0x000000001601d800 nmethod 11240 0x0000000002e9b550 code [0x0000000002e9b6a0, 0x0000000002e9b830]
Event: 51.240 Thread 0x000000001601d800 11241       2       java.util.HashMap::containsKey (18 bytes)
Event: 51.240 Thread 0x000000001601d800 nmethod 11241 0x0000000003f67dd0 code [0x0000000003f67f40, 0x0000000003f68118]
Event: 51.241 Thread 0x000000001601d800 11242       2       java.util.HashMap::getNode (148 bytes)
Event: 51.242 Thread 0x000000001601d800 nmethod 11242 0x00000000035b7f90 code [0x00000000035b8140, 0x00000000035b85a8]
Event: 51.245 Thread 0x000000001601d800 11243       2       java.util.HashMap::put (13 bytes)
Event: 51.245 Thread 0x000000001601d800 nmethod 11243 0x0000000003d9e590 code [0x0000000003d9e700, 0x0000000003d9e8f8]
Event: 51.278 Thread 0x000000001601d800 11244       1       com.android.tools.r8.code.F1::j (3 bytes)
Event: 51.278 Thread 0x000000001601d800 nmethod 11244 0x0000000002afd090 code [0x0000000002afd1e0, 0x0000000002afd2f0]

GC Heap History (10 events):
Event: 35.752 GC heap before
{Heap before GC invocations=18 (full 3):
 PSYoungGen      total 247296K, used 235600K [0x00000000e0000000, 0x00000000f0900000, 0x0000000100000000)
  eden space 223232K, 100% used [0x00000000e0000000,0x00000000eda00000,0x00000000eda00000)
  from space 24064K, 51% used [0x00000000ef180000,0x00000000efd940d8,0x00000000f0900000)
  to   space 24064K, 0% used [0x00000000eda00000,0x00000000eda00000,0x00000000ef180000)
 ParOldGen       total 95744K, used 62469K [0x00000000a0000000, 0x00000000a5d80000, 0x00000000e0000000)
  object space 95744K, 65% used [0x00000000a0000000,0x00000000a3d01540,0x00000000a5d80000)
 Metaspace       used 67282K, capacity 69902K, committed 70232K, reserved 1110016K
  class space    used 9153K, capacity 9736K, committed 9816K, reserved 1048576K
Event: 35.855 GC heap after
Heap after GC invocations=18 (full 3):
 PSYoungGen      total 247296K, used 11029K [0x00000000e0000000, 0x00000000f2e00000, 0x0000000100000000)
  eden space 223232K, 0% used [0x00000000e0000000,0x00000000e0000000,0x00000000eda00000)
  from space 24064K, 45% used [0x00000000eda00000,0x00000000ee4c5528,0x00000000ef180000)
  to   space 23040K, 0% used [0x00000000f1780000,0x00000000f1780000,0x00000000f2e00000)
 ParOldGen       total 95744K, used 62469K [0x00000000a0000000, 0x00000000a5d80000, 0x00000000e0000000)
  object space 95744K, 65% used [0x00000000a0000000,0x00000000a3d01540,0x00000000a5d80000)
 Metaspace       used 67282K, capacity 69902K, committed 70232K, reserved 1110016K
  class space    used 9153K, capacity 9736K, committed 9816K, reserved 1048576K
}
Event: 39.593 GC heap before
{Heap before GC invocations=19 (full 3):
 PSYoungGen      total 247296K, used 234261K [0x00000000e0000000, 0x00000000f2e00000, 0x0000000100000000)
  eden space 223232K, 100% used [0x00000000e0000000,0x00000000eda00000,0x00000000eda00000)
  from space 24064K, 45% used [0x00000000eda00000,0x00000000ee4c5528,0x00000000ef180000)
  to   space 23040K, 0% used [0x00000000f1780000,0x00000000f1780000,0x00000000f2e00000)
 ParOldGen       total 95744K, used 62469K [0x00000000a0000000, 0x00000000a5d80000, 0x00000000e0000000)
  object space 95744K, 65% used [0x00000000a0000000,0x00000000a3d01540,0x00000000a5d80000)
 Metaspace       used 67330K, capacity 69916K, committed 70232K, reserved 1110016K
  class space    used 9154K, capacity 9737K, committed 9816K, reserved 1048576K
Event: 39.671 GC heap after
Heap after GC invocations=19 (full 3):
 PSYoungGen      total 285184K, used 11461K [0x00000000e0000000, 0x00000000f2c80000, 0x0000000100000000)
  eden space 263680K, 0% used [0x00000000e0000000,0x00000000e0000000,0x00000000f0180000)
  from space 21504K, 53% used [0x00000000f1780000,0x00000000f22b1548,0x00000000f2c80000)
  to   space 22016K, 0% used [0x00000000f0180000,0x00000000f0180000,0x00000000f1700000)
 ParOldGen       total 95744K, used 62469K [0x00000000a0000000, 0x00000000a5d80000, 0x00000000e0000000)
  object space 95744K, 65% used [0x00000000a0000000,0x00000000a3d01540,0x00000000a5d80000)
 Metaspace       used 67330K, capacity 69916K, committed 70232K, reserved 1110016K
  class space    used 9154K, capacity 9737K, committed 9816K, reserved 1048576K
}
Event: 43.125 GC heap before
{Heap before GC invocations=20 (full 3):
 PSYoungGen      total 285184K, used 275141K [0x00000000e0000000, 0x00000000f2c80000, 0x0000000100000000)
  eden space 263680K, 100% used [0x00000000e0000000,0x00000000f0180000,0x00000000f0180000)
  from space 21504K, 53% used [0x00000000f1780000,0x00000000f22b1548,0x00000000f2c80000)
  to   space 22016K, 0% used [0x00000000f0180000,0x00000000f0180000,0x00000000f1700000)
 ParOldGen       total 95744K, used 62469K [0x00000000a0000000, 0x00000000a5d80000, 0x00000000e0000000)
  object space 95744K, 65% used [0x00000000a0000000,0x00000000a3d01540,0x00000000a5d80000)
 Metaspace       used 67427K, capacity 69982K, committed 70232K, reserved 1110016K
  class space    used 9154K, capacity 9738K, committed 9816K, reserved 1048576K
Event: 43.232 GC heap after
Heap after GC invocations=20 (full 3):
 PSYoungGen      total 285696K, used 15317K [0x00000000e0000000, 0x00000000f5100000, 0x0000000100000000)
  eden space 263680K, 0% used [0x00000000e0000000,0x00000000e0000000,0x00000000f0180000)
  from space 22016K, 69% used [0x00000000f0180000,0x00000000f1075538,0x00000000f1700000)
  to   space 23040K, 0% used [0x00000000f3a80000,0x00000000f3a80000,0x00000000f5100000)
 ParOldGen       total 95744K, used 62477K [0x00000000a0000000, 0x00000000a5d80000, 0x00000000e0000000)
  object space 95744K, 65% used [0x00000000a0000000,0x00000000a3d03540,0x00000000a5d80000)
 Metaspace       used 67427K, capacity 69982K, committed 70232K, reserved 1110016K
  class space    used 9154K, capacity 9738K, committed 9816K, reserved 1048576K
}
Event: 46.983 GC heap before
{Heap before GC invocations=21 (full 3):
 PSYoungGen      total 285696K, used 278997K [0x00000000e0000000, 0x00000000f5100000, 0x0000000100000000)
  eden space 263680K, 100% used [0x00000000e0000000,0x00000000f0180000,0x00000000f0180000)
  from space 22016K, 69% used [0x00000000f0180000,0x00000000f1075538,0x00000000f1700000)
  to   space 23040K, 0% used [0x00000000f3a80000,0x00000000f3a80000,0x00000000f5100000)
 ParOldGen       total 95744K, used 62477K [0x00000000a0000000, 0x00000000a5d80000, 0x00000000e0000000)
  object space 95744K, 65% used [0x00000000a0000000,0x00000000a3d03540,0x00000000a5d80000)
 Metaspace       used 68690K, capacity 71616K, committed 71768K, reserved 1112064K
  class space    used 9304K, capacity 9949K, committed 10072K, reserved 1048576K
Event: 47.033 GC heap after
Heap after GC invocations=21 (full 3):
 PSYoungGen      total 316928K, used 15007K [0x00000000e0000000, 0x00000000f4e80000, 0x0000000100000000)
  eden space 296448K, 0% used [0x00000000e0000000,0x00000000e0000000,0x00000000f2180000)
  from space 20480K, 73% used [0x00000000f3a80000,0x00000000f4927ed8,0x00000000f4e80000)
  to   space 23040K, 0% used [0x00000000f2180000,0x00000000f2180000,0x00000000f3800000)
 ParOldGen       total 95744K, used 62485K [0x00000000a0000000, 0x00000000a5d80000, 0x00000000e0000000)
  object space 95744K, 65% used [0x00000000a0000000,0x00000000a3d05540,0x00000000a5d80000)
 Metaspace       used 68690K, capacity 71616K, committed 71768K, reserved 1112064K
  class space    used 9304K, capacity 9949K, committed 10072K, reserved 1048576K
}
Event: 50.917 GC heap before
{Heap before GC invocations=22 (full 3):
 PSYoungGen      total 316928K, used 311455K [0x00000000e0000000, 0x00000000f4e80000, 0x0000000100000000)
  eden space 296448K, 100% used [0x00000000e0000000,0x00000000f2180000,0x00000000f2180000)
  from space 20480K, 73% used [0x00000000f3a80000,0x00000000f4927ed8,0x00000000f4e80000)
  to   space 23040K, 0% used [0x00000000f2180000,0x00000000f2180000,0x00000000f3800000)
 ParOldGen       total 95744K, used 62485K [0x00000000a0000000, 0x00000000a5d80000, 0x00000000e0000000)
  object space 95744K, 65% used [0x00000000a0000000,0x00000000a3d05540,0x00000000a5d80000)
 Metaspace       used 68830K, capacity 71702K, committed 72024K, reserved 1112064K
  class space    used 9315K, capacity 9954K, committed 10072K, reserved 1048576K
Event: 51.002 GC heap after
Heap after GC invocations=22 (full 3):
 PSYoungGen      total 319488K, used 13410K [0x00000000e0000000, 0x00000000f7300000, 0x0000000100000000)
  eden space 296448K, 0% used [0x00000000e0000000,0x00000000e0000000,0x00000000f2180000)
  from space 23040K, 58% used [0x00000000f2180000,0x00000000f2e98a70,0x00000000f3800000)
  to   space 23040K, 0% used [0x00000000f5c80000,0x00000000f5c80000,0x00000000f7300000)
 ParOldGen       total 95744K, used 62485K [0x00000000a0000000, 0x00000000a5d80000, 0x00000000e0000000)
  object space 95744K, 65% used [0x00000000a0000000,0x00000000a3d05540,0x00000000a5d80000)
 Metaspace       used 68830K, capacity 71702K, committed 72024K, reserved 1112064K
  class space    used 9315K, capacity 9954K, committed 10072K, reserved 1048576K
}

Deoptimization events (10 events):
Event: 45.739 Thread 0x000000001d5e1800 Uncommon trap: reason=unstable_if action=reinterpret pc=0x0000000004190704 method=com.android.tools.r8.v.a.a.a.h.T0.a(Ljava/lang/Object;)I @ 52
Event: 45.848 Thread 0x000000001d5e1800 Uncommon trap: reason=unstable_if action=reinterpret pc=0x0000000003672068 method=java.util.Arrays.equals([Ljava/lang/Object;[Ljava/lang/Object;)Z @ 47
Event: 46.457 Thread 0x000000001d5e1800 Uncommon trap: reason=unstable_if action=reinterpret pc=0x0000000003b7e4f4 method=sun.nio.fs.WindowsPathParser.isLetter(C)Z @ 3
Event: 46.930 Thread 0x000000001921f000 Uncommon trap: reason=predicate action=maybe_recompile pc=0x0000000003b26708 method=java.util.Collections.indexedBinarySearch(Ljava/util/List;Ljava/lang/Object;)I @ 16
Event: 47.908 Thread 0x000000001d5e1800 Uncommon trap: reason=unstable_if action=reinterpret pc=0x0000000004951d24 method=com.android.tools.r8.v.a.a.a.f.e.equals(Ljava/lang/Object;)Z @ 33
Event: 50.263 Thread 0x0000000019133000 Uncommon trap: reason=unstable_if action=reinterpret pc=0x0000000003d17c38 method=java.util.Arrays.equals([B[B)Z @ 23
Event: 50.263 Thread 0x0000000019133000 Uncommon trap: reason=unstable_if action=reinterpret pc=0x0000000003d175cc method=java.util.Arrays.equals([B[B)Z @ 23
Event: 51.239 Thread 0x000000001d5e1800 Uncommon trap: reason=unstable_if action=reinterpret pc=0x0000000003725404 method=java.util.HashMap.getNode(ILjava/lang/Object;)Ljava/util/HashMap$Node; @ 84
Event: 51.239 Thread 0x000000001d5e1800 Uncommon trap: reason=unstable_if action=reinterpret pc=0x0000000002eec610 method=java.util.HashMap.putVal(ILjava/lang/Object;Ljava/lang/Object;ZZ)Ljava/lang/Object; @ 109
Event: 51.240 Thread 0x000000001d5e1800 Uncommon trap: reason=unstable_if action=reinterpret pc=0x0000000003168b24 method=java.util.HashMap.getNode(ILjava/lang/Object;)Ljava/util/HashMap$Node; @ 84

Classes redefined (0 events):
No events

Internal exceptions (10 events):
Event: 47.743 Thread 0x000000001d5e1800 Exception <a 'sun/nio/fs/WindowsException'> (0x00000000e0d70178) thrown at [D:\src\AOSP-openjdk-cygwin\jdk8u\hotspot\src\share\vm\prims\jni.cpp, line 710]
Event: 48.804 Thread 0x000000001d5e1800 Exception <a 'sun/nio/fs/WindowsException'> (0x00000000e6da98c8) thrown at [D:\src\AOSP-openjdk-cygwin\jdk8u\hotspot\src\share\vm\prims\jni.cpp, line 710]
Event: 49.383 Thread 0x000000001d5e1800 Exception <a 'sun/nio/fs/WindowsException'> (0x00000000e6e2fb50) thrown at [D:\src\AOSP-openjdk-cygwin\jdk8u\hotspot\src\share\vm\prims\jni.cpp, line 710]
Event: 49.969 Thread 0x000000001d5e1800 Exception <a 'sun/nio/fs/WindowsException'> (0x00000000ed4aef50) thrown at [D:\src\AOSP-openjdk-cygwin\jdk8u\hotspot\src\share\vm\prims\jni.cpp, line 710]
Event: 50.589 Thread 0x0000000019133000 Exception <a 'sun/nio/fs/WindowsException'> (0x00000000efc05590) thrown at [D:\src\AOSP-openjdk-cygwin\jdk8u\hotspot\src\share\vm\prims\jni.cpp, line 710]
Event: 50.594 Thread 0x000000001d5e1800 Exception <a 'sun/nio/fs/WindowsException'> (0x00000000efc9c950) thrown at [D:\src\AOSP-openjdk-cygwin\jdk8u\hotspot\src\share\vm\prims\jni.cpp, line 710]
Event: 51.071 Thread 0x000000001d5e1800 Exception <a 'sun/nio/fs/WindowsException'> (0x00000000e06b55a8) thrown at [D:\src\AOSP-openjdk-cygwin\jdk8u\hotspot\src\share\vm\prims\jni.cpp, line 710]
Event: 51.115 Thread 0x0000000019133000 Exception <a 'sun/nio/fs/WindowsException'> (0x00000000e005ab10) thrown at [D:\src\AOSP-openjdk-cygwin\jdk8u\hotspot\src\share\vm\prims\jni.cpp, line 710]
Event: 51.162 Thread 0x000000001d5e1800 Exception <a 'sun/nio/fs/WindowsException'> (0x00000000e0764a78) thrown at [D:\src\AOSP-openjdk-cygwin\jdk8u\hotspot\src\share\vm\prims\jni.cpp, line 710]
Event: 51.280 Thread 0x0000000019133000 Exception <a 'sun/nio/fs/WindowsException'> (0x00000000e15ab900) thrown at [D:\src\AOSP-openjdk-cygwin\jdk8u\hotspot\src\share\vm\prims\jni.cpp, line 710]

Events (10 events):
Event: 51.239 Thread 0x000000001d5e1800 DEOPT PACKING pc=0x0000000003725404 sp=0x000000002096a6d0
Event: 51.239 Thread 0x000000001d5e1800 DEOPT UNPACKING pc=0x00000000028e557b sp=0x000000002096a5e8 mode 2
Event: 51.239 Thread 0x000000001d5e1800 Uncommon trap: trap_request=0xffffff65 fr.pc=0x0000000002eec610
Event: 51.239 Thread 0x000000001d5e1800 DEOPT PACKING pc=0x0000000002eec610 sp=0x000000002096a6b0
Event: 51.239 Thread 0x000000001d5e1800 DEOPT UNPACKING pc=0x00000000028e557b sp=0x000000002096a5b8 mode 2
Event: 51.240 Thread 0x000000001d5e1800 Uncommon trap: trap_request=0xffffff65 fr.pc=0x0000000003168b24
Event: 51.240 Thread 0x000000001d5e1800 DEOPT PACKING pc=0x0000000003168b24 sp=0x000000002096a640
Event: 51.240 Thread 0x000000001d5e1800 DEOPT UNPACKING pc=0x00000000028e557b sp=0x000000002096a5d0 mode 2
Event: 51.253 Executing VM operation: ForceSafepoint
Event: 51.255 Executing VM operation: ForceSafepoint done


Dynamic libraries:
0x00007ff732360000 - 0x00007ff732391000 	C:\Program Files\Android\Android Studio1\jre\bin\java.exe
0x00007ff9598d0000 - 0x00007ff959abd000 	C:\Windows\SYSTEM32\ntdll.dll
0x00007ff957e70000 - 0x00007ff957f23000 	C:\Windows\System32\KERNEL32.DLL
0x00007ff956630000 - 0x00007ff9568c3000 	C:\Windows\System32\KERNELBASE.dll
0x00007ff9570c0000 - 0x00007ff957163000 	C:\Windows\System32\ADVAPI32.dll
0x00007ff956c80000 - 0x00007ff956d1e000 	C:\Windows\System32\msvcrt.dll
0x00007ff959720000 - 0x00007ff9597be000 	C:\Windows\System32\sechost.dll
0x00007ff956df0000 - 0x00007ff956f12000 	C:\Windows\System32\RPCRT4.dll
0x00007ff9579e0000 - 0x00007ff957b77000 	C:\Windows\System32\USER32.dll
0x00007ff955a60000 - 0x00007ff955a80000 	C:\Windows\System32\win32u.dll
0x00007ff957d10000 - 0x00007ff957d39000 	C:\Windows\System32\GDI32.dll
0x00007ff9568d0000 - 0x00007ff956a69000 	C:\Windows\System32\gdi32full.dll
0x00007ff9559c0000 - 0x00007ff955a60000 	C:\Windows\System32\msvcp_win.dll
0x00007ff956530000 - 0x00007ff95662a000 	C:\Windows\System32\ucrtbase.dll
0x00007ff9465a0000 - 0x00007ff946819000 	C:\Windows\WinSxS\amd64_microsoft.windows.common-controls_6595b64144ccf1df_6.0.17763.1098_none_de762ed45346ee8a\COMCTL32.dll
0x00007ff9576b0000 - 0x00007ff9579dc000 	C:\Windows\System32\combase.dll
0x00007ff9562d0000 - 0x00007ff95634e000 	C:\Windows\System32\bcryptPrimitives.dll
0x00007ff956f20000 - 0x00007ff956f4e000 	C:\Windows\System32\IMM32.DLL
0x0000000053800000 - 0x00000000538d2000 	C:\Program Files\Android\Android Studio1\jre\jre\bin\msvcr100.dll
0x0000000052b40000 - 0x0000000053386000 	C:\Program Files\Android\Android Studio1\jre\jre\bin\server\jvm.dll
0x00007ff957c50000 - 0x00007ff957c58000 	C:\Windows\System32\PSAPI.DLL
0x00007ff9427f0000 - 0x00007ff9427f9000 	C:\Windows\SYSTEM32\WSOCK32.dll
0x00007ff957be0000 - 0x00007ff957c4d000 	C:\Windows\System32\WS2_32.dll
0x00007ff953b00000 - 0x00007ff953b24000 	C:\Windows\SYSTEM32\WINMM.dll
0x00007ff949880000 - 0x00007ff94988a000 	C:\Windows\SYSTEM32\VERSION.dll
0x00007ff953ad0000 - 0x00007ff953afd000 	C:\Windows\SYSTEM32\WINMMBASE.dll
0x00007ff955b10000 - 0x00007ff955b5a000 	C:\Windows\System32\cfgmgr32.dll
0x00007ff94f5e0000 - 0x00007ff94f5ef000 	C:\Program Files\Android\Android Studio1\jre\jre\bin\verify.dll
0x00007ff94f5b0000 - 0x00007ff94f5d9000 	C:\Program Files\Android\Android Studio1\jre\jre\bin\java.dll
0x00007ff94f590000 - 0x00007ff94f5a6000 	C:\Program Files\Android\Android Studio1\jre\jre\bin\zip.dll
0x00007ff957f30000 - 0x00007ff959424000 	C:\Windows\System32\SHELL32.dll
0x00007ff9597c0000 - 0x00007ff959868000 	C:\Windows\System32\shcore.dll
0x00007ff955b80000 - 0x00007ff9562cd000 	C:\Windows\System32\windows.storage.dll
0x00007ff9558f0000 - 0x00007ff955914000 	C:\Windows\System32\profapi.dll
0x00007ff955920000 - 0x00007ff95597d000 	C:\Windows\System32\powrprof.dll
0x00007ff957b80000 - 0x00007ff957bd2000 	C:\Windows\System32\shlwapi.dll
0x00007ff955980000 - 0x00007ff955991000 	C:\Windows\System32\kernel.appcore.dll
0x00007ff955b60000 - 0x00007ff955b77000 	C:\Windows\System32\cryptsp.dll
0x00007ff94ef00000 - 0x00007ff94ef1a000 	C:\Program Files\Android\Android Studio1\jre\jre\bin\net.dll
0x00007ff94b0c0000 - 0x00007ff94b297000 	C:\Windows\SYSTEM32\urlmon.dll
0x00007ff94b710000 - 0x00007ff94b9b8000 	C:\Windows\SYSTEM32\iertutil.dll
0x00007ff9552d0000 - 0x00007ff9552dc000 	C:\Windows\SYSTEM32\CRYPTBASE.DLL
0x00007ff955100000 - 0x00007ff955167000 	C:\Windows\system32\mswsock.dll
0x00007ff94eee0000 - 0x00007ff94eef3000 	C:\Program Files\Android\Android Studio1\jre\jre\bin\nio.dll
0x00007ff94e490000 - 0x00007ff94e4b6000 	C:\Users\deCrypt3d\.gradle\native\30\windows-amd64\native-platform.dll
0x00007ff94eed0000 - 0x00007ff94eedd000 	C:\Program Files\Android\Android Studio1\jre\jre\bin\management.dll
0x00007ff954c80000 - 0x00007ff954cb3000 	C:\Windows\system32\rsaenh.dll
0x00007ff955ae0000 - 0x00007ff955b06000 	C:\Windows\System32\bcrypt.dll
0x00007ff955820000 - 0x00007ff955848000 	C:\Windows\SYSTEM32\USERENV.dll
0x00007ff954e20000 - 0x00007ff954e5d000 	C:\Windows\SYSTEM32\IPHLPAPI.DLL
0x00007ff959430000 - 0x00007ff959438000 	C:\Windows\System32\NSI.dll
0x00007ff94d3d0000 - 0x00007ff94d3e6000 	C:\Windows\SYSTEM32\dhcpcsvc6.DLL
0x00007ff94d030000 - 0x00007ff94d04c000 	C:\Windows\SYSTEM32\dhcpcsvc.DLL
0x00007ff954e60000 - 0x00007ff954f26000 	C:\Windows\SYSTEM32\DNSAPI.dll

VM Arguments:
jvm_args: -Xmx1536m -Dfile.encoding=windows-1252 -Duser.country=ID -Duser.language=en -Duser.variant 
java_command: org.gradle.launcher.daemon.bootstrap.GradleDaemon 5.6.4
java_class_path (initial): C:\Users\deCrypt3d\.gradle\wrapper\dists\gradle-5.6.4-all\ankdp27end7byghfw1q2sw75f\gradle-5.6.4\lib\gradle-launcher-5.6.4.jar
Launcher Type: SUN_STANDARD

Environment Variables:
PATH=C:\ProgramData\Oracle\Java\javapath;C:\Program Files (x86)\Common Files\Intel\Shared Files\cpp\bin\Intel64;C:\Windows\system32;C:\Windows;C:\Windows\System32\Wbem;C:\Windows\System32\WindowsPowerShell\v1.0\;C:\xampp\php;C:\ProgramData\ComposerSetup\bin;C:\Program Files\PuTTY\;C:\Program Files\nodejs\;%JAVA_HOME%\bin;C:\SDK\gradle-6.3\bin;C:\Program Files (x86)\GtkSharp\2.12\bin;C:\Users\deCrypt3d\AppData\Local\Microsoft\WindowsApps;C:\Users\deCrypt3d\AppData\Roaming\Composer\vendor\bin;C:\Users\deCrypt3d\AppData\Roaming\npm;
USERNAME=deCrypt3d
OS=Windows_NT
PROCESSOR_IDENTIFIER=Intel64 Family 6 Model 58 Stepping 9, GenuineIntel



---------------  S Y S T E M  ---------------

OS: Windows 10.0 , 64 bit Build 17763 (10.0.17763.475)

CPU:total 2 (initial active 2) (2 cores per cpu, 1 threads per core) family 6 model 58 stepping 9, cmov, cx8, fxsr, mmx, sse, sse2, sse3, ssse3, sse4.1, sse4.2, popcnt, clmul, erms, tsc, tscinvbit, tscinv

Memory: 4k page, physical 3880804k(430084k free), swap 3880804k(5136k free)

vm_info: OpenJDK 64-Bit Server VM (25.212-b04) for windows-amd64 JRE (1.8.0_212-release-1586-b04), built by "builder" with MS VC++ 10.0 (VS2010)

time: Tue Jul 07 01:19:20 2020
timezone: SE Asia Standard Time
elapsed time: 51 seconds (0d 0h 0m 51s)

