#
# There is insufficient memory for the Java Runtime Environment to continue.
# Native memory allocation (malloc) failed to allocate 32744 bytes for ChunkPool::allocate
# Possible reasons:
#   The system is out of physical RAM or swap space
#   The process is running with CompressedOops enabled, and the Java Heap may be blocking the growth of the native heap
# Possible solutions:
#   Reduce memory load on the system
#   Increase physical memory or swap space
#   Check if swap backing store is full
#   Decrease Java heap size (-Xmx/-Xms)
#   Decrease number of Java threads
#   Decrease Java thread stack sizes (-Xss)
#   Set larger code cache with -XX:ReservedCodeCacheSize=
#   JVM is running with Unscaled Compressed Oops mode in which the Java heap is
#     placed in the first 4GB address space. The Java Heap base address is the
#     maximum limit for the native heap growth. Please use -XX:HeapBaseMinAddress
#     to set the Java Heap base and to place the Java Heap above 4GB virtual address.
# This output file may be truncated or incomplete.
#
#  Out of Memory Error (allocation.cpp:272), pid=4904, tid=0x00000000000000d0
#
# JRE version: OpenJDK Runtime Environment (8.0_212-b04) (build 1.8.0_212-release-1586-b04)
# Java VM: OpenJDK 64-Bit Server VM (25.212-b04 mixed mode windows-amd64 compressed oops)
# Failed to write core dump. Minidumps are not enabled by default on client versions of Windows
#

---------------  T H R E A D  ---------------

Current thread (0x0000000015ea3800):  JavaThread "C1 CompilerThread1" daemon [_thread_in_native, id=208, stack(0x0000000016fd0000,0x00000000170d0000)]

Stack: [0x0000000016fd0000,0x00000000170d0000]
[error occurred during error reporting (printing stack bounds), id 0xc0000005]

Native frames: (J=compiled Java code, j=interpreted, Vv=VM code, C=native code)


Current CompileTask:
C1: 842534 17135       3       sun.reflect.MethodAccessorGenerator::emitInvoke (1033 bytes)


---------------  P R O C E S S  ---------------

Java Threads: ( => current thread )
  0x000000001d070000 JavaThread "Cache worker for file hash cache (D:\Semangat Tugas Akhir\Main Project\PajakAir\.gradle\5.6.4\fileHashes)" [_thread_blocked, id=1316, stack(0x00000000298a0000,0x00000000299a0000)]
  0x000000001d06f800 JavaThread "Thread-54" [_thread_blocked, id=3880, stack(0x00000000297a0000,0x00000000298a0000)]
  0x000000001d075800 JavaThread "Stdin handler" [_thread_blocked, id=672, stack(0x00000000296a0000,0x00000000297a0000)]
  0x000000001d071000 JavaThread "Asynchronous log dispatcher for DefaultDaemonConnection: socket connection from /127.0.0.1:50458 to /127.0.0.1:50563" [_thread_blocked, id=6404, stack(0x00000000295a0000,0x00000000296a0000)]
  0x000000001d074800 JavaThread "Daemon worker Thread 3" [_thread_in_vm, id=1652, stack(0x00000000294a0000,0x00000000295a0000)]
  0x000000001d072800 JavaThread "Cancel handler" [_thread_blocked, id=3476, stack(0x00000000293a0000,0x00000000294a0000)]
  0x000000001d06e000 JavaThread "Handler for socket connection from /127.0.0.1:50458 to /127.0.0.1:50563" [_thread_in_native, id=4104, stack(0x00000000292a0000,0x00000000293a0000)]
  0x000000001d06c800 JavaThread "Daemon Thread 3" [_thread_blocked, id=5716, stack(0x00000000291a0000,0x00000000292a0000)]
  0x000000001db38800 JavaThread "Cache worker for Java compile cache (C:\Users\deCrypt3d\.gradle\caches\5.6.4\javaCompile)" [_thread_blocked, id=6904, stack(0x0000000026d60000,0x0000000026e60000)]
  0x000000001d06d000 JavaThread "Cache worker for file content cache (C:\Users\deCrypt3d\.gradle\caches\5.6.4\fileContent)" [_thread_blocked, id=7916, stack(0x00000000200b0000,0x00000000201b0000)]
  0x000000001d074000 JavaThread "Memory manager" [_thread_blocked, id=1728, stack(0x000000001ffb0000,0x00000000200b0000)]
  0x000000001d073000 JavaThread "Cache worker for execution history cache (C:\Users\deCrypt3d\.gradle\caches\5.6.4\executionHistory)" [_thread_blocked, id=7044, stack(0x000000001e850000,0x000000001e950000)]
  0x0000000019c3e800 JavaThread "Cache worker for journal cache (C:\Users\deCrypt3d\.gradle\caches\journal-1)" [_thread_blocked, id=5320, stack(0x000000001b4f0000,0x000000001b5f0000)]
  0x0000000019c43800 JavaThread "File lock request listener" [_thread_in_native, id=2836, stack(0x000000001b3f0000,0x000000001b4f0000)]
  0x0000000019c40000 JavaThread "Cache worker for file hash cache (C:\Users\deCrypt3d\.gradle\caches\5.6.4\fileHashes)" [_thread_blocked, id=7856, stack(0x000000001b0f0000,0x000000001b1f0000)]
  0x0000000018dff800 JavaThread "Daemon periodic checks" [_thread_blocked, id=1988, stack(0x0000000019820000,0x0000000019920000)]
  0x0000000018d86000 JavaThread "Incoming local TCP Connector on port 50458" [_thread_in_native, id=7376, stack(0x00000000194e0000,0x00000000195e0000)]
  0x0000000018d04800 JavaThread "Daemon health stats" [_thread_blocked, id=668, stack(0x0000000018ea0000,0x0000000018fa0000)]
  0x0000000015f17800 JavaThread "Service Thread" daemon [_thread_blocked, id=4340, stack(0x00000000170d0000,0x00000000171d0000)]
=>0x0000000015ea3800 JavaThread "C1 CompilerThread1" daemon [_thread_in_native, id=208, stack(0x0000000016fd0000,0x00000000170d0000)]
  0x0000000015e99800 JavaThread "C2 CompilerThread0" daemon [_thread_in_native, id=5088, stack(0x0000000016ed0000,0x0000000016fd0000)]
  0x0000000015e98800 JavaThread "Attach Listener" daemon [_thread_blocked, id=4692, stack(0x0000000016dd0000,0x0000000016ed0000)]
  0x0000000015e95800 JavaThread "Signal Dispatcher" daemon [_thread_blocked, id=2336, stack(0x0000000016cd0000,0x0000000016dd0000)]
  0x0000000002761800 JavaThread "Finalizer" daemon [_thread_blocked, id=3872, stack(0x0000000016ad0000,0x0000000016bd0000)]
  0x0000000015e87000 JavaThread "Reference Handler" daemon [_thread_blocked, id=7252, stack(0x00000000169d0000,0x0000000016ad0000)]
  0x000000000236e000 JavaThread "main" [_thread_blocked, id=856, stack(0x0000000002470000,0x0000000002570000)]

Other Threads:
  0x0000000015e65800 VMThread [stack: 0x00000000168d0000,0x00000000169d0000] [id=6908]
  0x0000000015f1c800 WatcherThread [stack: 0x00000000171d0000,0x00000000172d0000] [id=2340]

VM state:not at safepoint (normal execution)

VM Mutex/Monitor currently owned by a thread: None

heap address: 0x00000000a0000000, size: 1536 MB, Compressed Oops mode: 32-bit
Narrow klass base: 0x0000000000000000, Narrow klass shift: 3
Compressed class space size: 1073741824 Address: 0x0000000100000000

Heap:
 PSYoungGen      total 313856K, used 69946K [0x00000000e0000000, 0x00000000fca80000, 0x0000000100000000)
  eden space 236032K, 29% used [0x00000000e0000000,0x00000000e444eb40,0x00000000ee680000)
  from space 77824K, 0% used [0x00000000f4980000,0x00000000f4980000,0x00000000f9580000)
  to   space 101376K, 0% used [0x00000000ee680000,0x00000000ee680000,0x00000000f4980000)
 ParOldGen       total 162816K, used 161937K [0x00000000a0000000, 0x00000000a9f00000, 0x00000000e0000000)
  object space 162816K, 99% used [0x00000000a0000000,0x00000000a9e244b0,0x00000000a9f00000)
 Metaspace       used 88426K, capacity 92040K, committed 92288K, reserved 1128448K
  class space    used 11504K, capacity 12353K, committed 12416K, reserved 1048576K

Card table byte_map: [0x0000000011b30000,0x0000000011e40000] byte_map_base: 0x0000000011630000

Marking Bits: (ParMarkBitMap*) 0x0000000052489f30
 Begin Bits: [0x0000000012240000, 0x0000000013a40000)
 End Bits:   [0x0000000013a40000, 0x0000000015240000)

Polling page: 0x0000000000b50000

CodeCache: size=245760Kb used=46056Kb max_used=47163Kb free=199703Kb
 bounds [0x0000000002770000, 0x00000000055c0000, 0x0000000011770000]
 total_blobs=14692 nmethods=13815 adapters=788
 compilation: enabled

Compilation events (10 events):
Event: 842.495 Thread 0x0000000015ea3800 nmethod 17130 0x0000000005179450 code [0x00000000051795c0, 0x00000000051798e8]
Event: 842.495 Thread 0x0000000015ea3800 17131  s    3       sun.reflect.MethodAccessorGenerator::generateName (98 bytes)
Event: 842.496 Thread 0x0000000015ea3800 nmethod 17131 0x0000000004ff8f50 code [0x0000000004ff9200, 0x0000000004ffa768]
Event: 842.497 Thread 0x0000000015ea3800 17132       3       sun.reflect.MethodAccessorGenerator::buildInternalSignature (72 bytes)
Event: 842.498 Thread 0x0000000015ea3800 nmethod 17132 0x0000000003953e90 code [0x00000000039540c0, 0x0000000003955108]
Event: 842.498 Thread 0x0000000015ea3800 17133       3       sun.reflect.AccessorGenerator::emitCommonConstantPoolEntries (573 bytes)
Event: 842.514 Thread 0x0000000015ea3800 nmethod 17133 0x00000000053ff410 code [0x00000000054003c0, 0x0000000005408878]
Event: 842.515 Thread 0x0000000015ea3800 17134       3       sun.reflect.AccessorGenerator::emitConstructor (47 bytes)
Event: 842.516 Thread 0x0000000015ea3800 nmethod 17134 0x0000000004d86850 code [0x0000000004d86ae0, 0x0000000004d87af8]
Event: 842.517 Thread 0x0000000015ea3800 17135       3       sun.reflect.MethodAccessorGenerator::emitInvoke (1033 bytes)

GC Heap History (10 events):
Event: 450.101 GC heap before
{Heap before GC invocations=22 (full 5):
 PSYoungGen      total 224768K, used 221568K [0x00000000e0000000, 0x00000000f6b80000, 0x0000000100000000)
  eden space 204288K, 100% used [0x00000000e0000000,0x00000000ec780000,0x00000000ec780000)
  from space 20480K, 84% used [0x00000000ef880000,0x00000000f09602a8,0x00000000f0c80000)
  to   space 50176K, 0% used [0x00000000ec780000,0x00000000ec780000,0x00000000ef880000)
 ParOldGen       total 162816K, used 60312K [0x00000000a0000000, 0x00000000a9f00000, 0x00000000e0000000)
  object space 162816K, 37% used [0x00000000a0000000,0x00000000a3ae6090,0x00000000a9f00000)
 Metaspace       used 87728K, capacity 91172K, committed 91392K, reserved 1128448K
  class space    used 11433K, capacity 12243K, committed 12288K, reserved 1048576K
Event: 450.163 GC heap after
Heap after GC invocations=22 (full 5):
 PSYoungGen      total 254464K, used 23928K [0x00000000e0000000, 0x00000000f3d80000, 0x0000000100000000)
  eden space 204288K, 0% used [0x00000000e0000000,0x00000000e0000000,0x00000000ec780000)
  from space 50176K, 47% used [0x00000000ec780000,0x00000000edede060,0x00000000ef880000)
  to   space 49152K, 0% used [0x00000000f0d80000,0x00000000f0d80000,0x00000000f3d80000)
 ParOldGen       total 162816K, used 60320K [0x00000000a0000000, 0x00000000a9f00000, 0x00000000e0000000)
  object space 162816K, 37% used [0x00000000a0000000,0x00000000a3ae8090,0x00000000a9f00000)
 Metaspace       used 87728K, capacity 91172K, committed 91392K, reserved 1128448K
  class space    used 11433K, capacity 12243K, committed 12288K, reserved 1048576K
}
Event: 452.709 GC heap before
{Heap before GC invocations=23 (full 5):
 PSYoungGen      total 254464K, used 228216K [0x00000000e0000000, 0x00000000f3d80000, 0x0000000100000000)
  eden space 204288K, 100% used [0x00000000e0000000,0x00000000ec780000,0x00000000ec780000)
  from space 50176K, 47% used [0x00000000ec780000,0x00000000edede060,0x00000000ef880000)
  to   space 49152K, 0% used [0x00000000f0d80000,0x00000000f0d80000,0x00000000f3d80000)
 ParOldGen       total 162816K, used 60336K [0x00000000a0000000, 0x00000000a9f00000, 0x00000000e0000000)
  object space 162816K, 37% used [0x00000000a0000000,0x00000000a3aec0a0,0x00000000a9f00000)
 Metaspace       used 88071K, capacity 91676K, committed 91904K, reserved 1128448K
  class space    used 11456K, capacity 12279K, committed 12288K, reserved 1048576K
Event: 452.873 GC heap after
Heap after GC invocations=23 (full 5):
 PSYoungGen      total 270336K, used 42079K [0x00000000e0000000, 0x00000000f4f80000, 0x0000000100000000)
  eden space 221184K, 0% used [0x00000000e0000000,0x00000000e0000000,0x00000000ed800000)
  from space 49152K, 85% used [0x00000000f0d80000,0x00000000f3697f38,0x00000000f3d80000)
  to   space 54784K, 0% used [0x00000000ed800000,0x00000000ed800000,0x00000000f0d80000)
 ParOldGen       total 162816K, used 60344K [0x00000000a0000000, 0x00000000a9f00000, 0x00000000e0000000)
  object space 162816K, 37% used [0x00000000a0000000,0x00000000a3aee0a0,0x00000000a9f00000)
 Metaspace       used 88071K, capacity 91676K, committed 91904K, reserved 1128448K
  class space    used 11456K, capacity 12279K, committed 12288K, reserved 1048576K
}
Event: 455.495 GC heap before
{Heap before GC invocations=24 (full 5):
 PSYoungGen      total 270336K, used 263263K [0x00000000e0000000, 0x00000000f4f80000, 0x0000000100000000)
  eden space 221184K, 100% used [0x00000000e0000000,0x00000000ed800000,0x00000000ed800000)
  from space 49152K, 85% used [0x00000000f0d80000,0x00000000f3697f38,0x00000000f3d80000)
  to   space 54784K, 0% used [0x00000000ed800000,0x00000000ed800000,0x00000000f0d80000)
 ParOldGen       total 162816K, used 60346K [0x00000000a0000000, 0x00000000a9f00000, 0x00000000e0000000)
  object space 162816K, 37% used [0x00000000a0000000,0x00000000a3aee8d8,0x00000000a9f00000)
 Metaspace       used 88183K, capacity 91742K, committed 91904K, reserved 1128448K
  class space    used 11464K, capacity 12288K, committed 12288K, reserved 1048576K
Event: 455.705 GC heap after
Heap after GC invocations=24 (full 5):
 PSYoungGen      total 275968K, used 54769K [0x00000000e0000000, 0x00000000f9580000, 0x0000000100000000)
  eden space 221184K, 0% used [0x00000000e0000000,0x00000000e0000000,0x00000000ed800000)
  from space 54784K, 99% used [0x00000000ed800000,0x00000000f0d7c740,0x00000000f0d80000)
  to   space 77824K, 0% used [0x00000000f4980000,0x00000000f4980000,0x00000000f9580000)
 ParOldGen       total 162816K, used 99022K [0x00000000a0000000, 0x00000000a9f00000, 0x00000000e0000000)
  object space 162816K, 60% used [0x00000000a0000000,0x00000000a60b3980,0x00000000a9f00000)
 Metaspace       used 88183K, capacity 91742K, committed 91904K, reserved 1128448K
  class space    used 11464K, capacity 12288K, committed 12288K, reserved 1048576K
}
Event: 458.337 GC heap before
{Heap before GC invocations=25 (full 5):
 PSYoungGen      total 275968K, used 275953K [0x00000000e0000000, 0x00000000f9580000, 0x0000000100000000)
  eden space 221184K, 100% used [0x00000000e0000000,0x00000000ed800000,0x00000000ed800000)
  from space 54784K, 99% used [0x00000000ed800000,0x00000000f0d7c740,0x00000000f0d80000)
  to   space 77824K, 0% used [0x00000000f4980000,0x00000000f4980000,0x00000000f9580000)
 ParOldGen       total 162816K, used 99022K [0x00000000a0000000, 0x00000000a9f00000, 0x00000000e0000000)
  object space 162816K, 60% used [0x00000000a0000000,0x00000000a60b3980,0x00000000a9f00000)
 Metaspace       used 88207K, capacity 91806K, committed 91904K, reserved 1128448K
  class space    used 11464K, capacity 12288K, committed 12288K, reserved 1048576K
Event: 458.646 GC heap after
Heap after GC invocations=25 (full 5):
 PSYoungGen      total 313856K, used 77819K [0x00000000e0000000, 0x00000000fca80000, 0x0000000100000000)
  eden space 236032K, 0% used [0x00000000e0000000,0x00000000e0000000,0x00000000ee680000)
  from space 77824K, 99% used [0x00000000f4980000,0x00000000f957edf0,0x00000000f9580000)
  to   space 101376K, 0% used [0x00000000ee680000,0x00000000ee680000,0x00000000f4980000)
 ParOldGen       total 162816K, used 125996K [0x00000000a0000000, 0x00000000a9f00000, 0x00000000e0000000)
  object space 162816K, 77% used [0x00000000a0000000,0x00000000a7b0b290,0x00000000a9f00000)
 Metaspace       used 88207K, capacity 91806K, committed 91904K, reserved 1128448K
  class space    used 11464K, capacity 12288K, committed 12288K, reserved 1048576K
}
Event: 458.646 GC heap before
{Heap before GC invocations=26 (full 6):
 PSYoungGen      total 313856K, used 77819K [0x00000000e0000000, 0x00000000fca80000, 0x0000000100000000)
  eden space 236032K, 0% used [0x00000000e0000000,0x00000000e0000000,0x00000000ee680000)
  from space 77824K, 99% used [0x00000000f4980000,0x00000000f957edf0,0x00000000f9580000)
  to   space 101376K, 0% used [0x00000000ee680000,0x00000000ee680000,0x00000000f4980000)
 ParOldGen       total 162816K, used 125996K [0x00000000a0000000, 0x00000000a9f00000, 0x00000000e0000000)
  object space 162816K, 77% used [0x00000000a0000000,0x00000000a7b0b290,0x00000000a9f00000)
 Metaspace       used 88207K, capacity 91806K, committed 91904K, reserved 1128448K
  class space    used 11464K, capacity 12288K, committed 12288K, reserved 1048576K
Event: 460.964 GC heap after
Heap after GC invocations=26 (full 6):
 PSYoungGen      total 313856K, used 0K [0x00000000e0000000, 0x00000000fca80000, 0x0000000100000000)
  eden space 236032K, 0% used [0x00000000e0000000,0x00000000e0000000,0x00000000ee680000)
  from space 77824K, 0% used [0x00000000f4980000,0x00000000f4980000,0x00000000f9580000)
  to   space 101376K, 0% used [0x00000000ee680000,0x00000000ee680000,0x00000000f4980000)
 ParOldGen       total 162816K, used 161937K [0x00000000a0000000, 0x00000000a9f00000, 0x00000000e0000000)
  object space 162816K, 99% used [0x00000000a0000000,0x00000000a9e244b0,0x00000000a9f00000)
 Metaspace       used 87588K, capacity 91154K, committed 91904K, reserved 1128448K
  class space    used 11400K, capacity 12216K, committed 12288K, reserved 1048576K
}

Deoptimization events (10 events):
Event: 454.748 Thread 0x0000000017ae9800 Uncommon trap: reason=class_check action=maybe_recompile pc=0x000000000457b694 method=java.util.stream.StreamOpFlag.fromCharacteristics(Ljava/util/Spliterator;)I @ 14
Event: 458.009 Thread 0x0000000017aec000 Uncommon trap: reason=unstable_if action=reinterpret pc=0x00000000047cf718 method=com.android.tools.r8.dex.m.b()Lcom/android/tools/r8/dex/m$a; @ 416
Event: 461.504 Thread 0x0000000017ae8000 Uncommon trap: reason=class_check action=maybe_recompile pc=0x0000000002d703dc method=java.io.DataInputStream.readUnsignedShort()I @ 4
Event: 461.504 Thread 0x0000000017ae8000 Uncommon trap: reason=class_check action=maybe_recompile pc=0x0000000002d703dc method=java.io.DataInputStream.readUnsignedShort()I @ 4
Event: 461.526 Thread 0x0000000017ae8000 Uncommon trap: reason=unstable_if action=reinterpret pc=0x000000000469a490 method=java.util.stream.StreamOpFlag.getMask(I)I @ 1
Event: 461.670 Thread 0x0000000017ae8000 Uncommon trap: reason=unstable_if action=reinterpret pc=0x0000000004973c10 method=com.android.apksig.internal.jar.ManifestParser.readLine()[B @ 8
Event: 842.449 Thread 0x000000001d074800 Uncommon trap: reason=array_check action=maybe_recompile pc=0x000000000461a39c method=com.google.common.collect.ImmutableSet.construct(I[Ljava/lang/Object;)Lcom/google/common/collect/ImmutableSet; @ 122
Event: 842.458 Thread 0x000000001d074800 Uncommon trap: reason=array_check action=maybe_recompile pc=0x000000000461a39c method=com.google.common.collect.ImmutableSet.construct(I[Ljava/lang/Object;)Lcom/google/common/collect/ImmutableSet; @ 122
Event: 842.473 Thread 0x000000001d074800 Uncommon trap: reason=array_check action=maybe_recompile pc=0x000000000461a39c method=com.google.common.collect.ImmutableSet.construct(I[Ljava/lang/Object;)Lcom/google/common/collect/ImmutableSet; @ 122
Event: 842.484 Thread 0x000000001d074800 Uncommon trap: reason=array_check action=maybe_recompile pc=0x000000000461a39c method=com.google.common.collect.ImmutableSet.construct(I[Ljava/lang/Object;)Lcom/google/common/collect/ImmutableSet; @ 122

Classes redefined (0 events):
No events

Internal exceptions (10 events):
Event: 453.608 Thread 0x0000000017ae8000 Exception <a 'sun/nio/fs/WindowsException'> (0x00000000e45d39a8) thrown at [D:\src\AOSP-openjdk-cygwin\jdk8u\hotspot\src\share\vm\prims\jni.cpp, line 710]
Event: 453.610 Thread 0x0000000017ae8000 Exception <a 'sun/nio/fs/WindowsException'> (0x00000000e45dd798) thrown at [D:\src\AOSP-openjdk-cygwin\jdk8u\hotspot\src\share\vm\prims\jni.cpp, line 710]
Event: 453.612 Thread 0x0000000017ae8000 Exception <a 'sun/nio/fs/WindowsException'> (0x00000000e45e55f8) thrown at [D:\src\AOSP-openjdk-cygwin\jdk8u\hotspot\src\share\vm\prims\jni.cpp, line 710]
Event: 453.614 Thread 0x0000000017ae8000 Exception <a 'sun/nio/fs/WindowsException'> (0x00000000e45ee280) thrown at [D:\src\AOSP-openjdk-cygwin\jdk8u\hotspot\src\share\vm\prims\jni.cpp, line 710]
Event: 453.617 Thread 0x0000000017ae8000 Exception <a 'sun/nio/fs/WindowsException'> (0x00000000e45f6230) thrown at [D:\src\AOSP-openjdk-cygwin\jdk8u\hotspot\src\share\vm\prims\jni.cpp, line 710]
Event: 454.728 Thread 0x0000000017ae9800 Exception <a 'sun/nio/fs/WindowsException'> (0x00000000e63ded10) thrown at [D:\src\AOSP-openjdk-cygwin\jdk8u\hotspot\src\share\vm\prims\jni.cpp, line 710]
Event: 461.340 Thread 0x0000000017aec000 Exception <a 'sun/nio/fs/WindowsException'> (0x00000000e0aefa70) thrown at [D:\src\AOSP-openjdk-cygwin\jdk8u\hotspot\src\share\vm\prims\jni.cpp, line 710]
Event: 463.127 Thread 0x000000001d071800 Exception <a 'sun/nio/fs/WindowsException'> (0x00000000e35e5988) thrown at [D:\src\AOSP-openjdk-cygwin\jdk8u\hotspot\src\share\vm\prims\jni.cpp, line 710]
Event: 842.458 Thread 0x000000001d074800 Exception <a 'java/lang/NoSuchMethodError': <clinit>> (0x00000000e42b59d8) thrown at [D:\src\AOSP-openjdk-cygwin\jdk8u\hotspot\src\share\vm\prims\jni.cpp, line 1614]
Event: 842.470 Thread 0x000000001d074800 Exception <a 'java/lang/NoSuchMethodError': <clinit>> (0x00000000e4304b48) thrown at [D:\src\AOSP-openjdk-cygwin\jdk8u\hotspot\src\share\vm\prims\jni.cpp, line 1614]

Events (10 events):
Event: 842.485 loading class org/gradle/tooling/internal/consumer/versioning/VersionDetails$R44VersionDetails
Event: 842.485 loading class org/gradle/tooling/internal/consumer/versioning/VersionDetails$R44VersionDetails done
Event: 842.487 loading class org/gradle/tooling/internal/consumer/versioning/VersionDetails$R35VersionDetails
Event: 842.487 loading class org/gradle/tooling/internal/consumer/versioning/VersionDetails$R35VersionDetails done
Event: 842.487 loading class org/gradle/tooling/internal/consumer/versioning/VersionDetails$R28VersionDetails
Event: 842.487 loading class org/gradle/tooling/internal/consumer/versioning/VersionDetails$R28VersionDetails done
Event: 842.488 loading class org/gradle/tooling/internal/consumer/versioning/VersionDetails$R26VersionDetails
Event: 842.488 loading class org/gradle/tooling/internal/consumer/versioning/VersionDetails$R26VersionDetails done
Event: 842.489 loading class org/gradle/util/GradleVersion
Event: 842.489 loading class org/gradle/util/GradleVersion done


Dynamic libraries:
0x00007ff7100a0000 - 0x00007ff7100d1000 	C:\Program Files\Android\Android Studio1\jre\bin\java.exe
0x00007ffc6e780000 - 0x00007ffc6e96d000 	C:\Windows\SYSTEM32\ntdll.dll
0x00007ffc6cfc0000 - 0x00007ffc6d073000 	C:\Windows\System32\KERNEL32.DLL
0x00007ffc6ae50000 - 0x00007ffc6b0e3000 	C:\Windows\System32\KERNELBASE.dll
0x00007ffc6c470000 - 0x00007ffc6c513000 	C:\Windows\System32\ADVAPI32.dll
0x00007ffc6bf10000 - 0x00007ffc6bfae000 	C:\Windows\System32\msvcrt.dll
0x00007ffc6e6e0000 - 0x00007ffc6e77e000 	C:\Windows\System32\sechost.dll
0x00007ffc6cca0000 - 0x00007ffc6cdc2000 	C:\Windows\System32\RPCRT4.dll
0x00007ffc6c220000 - 0x00007ffc6c3b7000 	C:\Windows\System32\USER32.dll
0x00007ffc6b1c0000 - 0x00007ffc6b1e0000 	C:\Windows\System32\win32u.dll
0x00007ffc6bdb0000 - 0x00007ffc6bdd9000 	C:\Windows\System32\GDI32.dll
0x00007ffc6ab00000 - 0x00007ffc6ac99000 	C:\Windows\System32\gdi32full.dll
0x00007ffc6b930000 - 0x00007ffc6b9d0000 	C:\Windows\System32\msvcp_win.dll
0x00007ffc6ad50000 - 0x00007ffc6ae4a000 	C:\Windows\System32\ucrtbase.dll
0x00007ffc5ea30000 - 0x00007ffc5eca9000 	C:\Windows\WinSxS\amd64_microsoft.windows.common-controls_6595b64144ccf1df_6.0.17763.1098_none_de762ed45346ee8a\COMCTL32.dll
0x00007ffc6ba80000 - 0x00007ffc6bdac000 	C:\Windows\System32\combase.dll
0x00007ffc6a870000 - 0x00007ffc6a8ee000 	C:\Windows\System32\bcryptPrimitives.dll
0x00007ffc6cb90000 - 0x00007ffc6cbbe000 	C:\Windows\System32\IMM32.DLL
0x00000000528e0000 - 0x00000000529b2000 	C:\Program Files\Android\Android Studio1\jre\jre\bin\msvcr100.dll
0x0000000051cc0000 - 0x0000000052506000 	C:\Program Files\Android\Android Studio1\jre\jre\bin\server\jvm.dll
0x00007ffc6cb00000 - 0x00007ffc6cb08000 	C:\Windows\System32\PSAPI.DLL
0x00007ffc4f310000 - 0x00007ffc4f319000 	C:\Windows\SYSTEM32\WSOCK32.dll
0x00007ffc6cc20000 - 0x00007ffc6cc8d000 	C:\Windows\System32\WS2_32.dll
0x00007ffc671b0000 - 0x00007ffc671d4000 	C:\Windows\SYSTEM32\WINMM.dll
0x00007ffc69330000 - 0x00007ffc6933a000 	C:\Windows\SYSTEM32\VERSION.dll
0x00007ffc67180000 - 0x00007ffc671ad000 	C:\Windows\SYSTEM32\WINMMBASE.dll
0x00007ffc6b0f0000 - 0x00007ffc6b13a000 	C:\Windows\System32\cfgmgr32.dll
0x00007ffc635f0000 - 0x00007ffc635ff000 	C:\Program Files\Android\Android Studio1\jre\jre\bin\verify.dll
0x00007ffc63350000 - 0x00007ffc63379000 	C:\Program Files\Android\Android Studio1\jre\jre\bin\java.dll
0x00007ffc635d0000 - 0x00007ffc635e6000 	C:\Program Files\Android\Android Studio1\jre\jre\bin\zip.dll
0x00007ffc6d080000 - 0x00007ffc6e574000 	C:\Windows\System32\SHELL32.dll
0x00007ffc6b9d0000 - 0x00007ffc6ba78000 	C:\Windows\System32\shcore.dll
0x00007ffc6b1e0000 - 0x00007ffc6b92d000 	C:\Windows\System32\windows.storage.dll
0x00007ffc6a7e0000 - 0x00007ffc6a804000 	C:\Windows\System32\profapi.dll
0x00007ffc6a810000 - 0x00007ffc6a86d000 	C:\Windows\System32\powrprof.dll
0x00007ffc6c010000 - 0x00007ffc6c062000 	C:\Windows\System32\shlwapi.dll
0x00007ffc6a7a0000 - 0x00007ffc6a7b1000 	C:\Windows\System32\kernel.appcore.dll
0x00007ffc6b1a0000 - 0x00007ffc6b1b7000 	C:\Windows\System32\cryptsp.dll
0x00007ffc62f80000 - 0x00007ffc62f9a000 	C:\Program Files\Android\Android Studio1\jre\jre\bin\net.dll
0x00007ffc60060000 - 0x00007ffc60237000 	C:\Windows\SYSTEM32\urlmon.dll
0x00007ffc603f0000 - 0x00007ffc60698000 	C:\Windows\SYSTEM32\iertutil.dll
0x00007ffc6a180000 - 0x00007ffc6a18c000 	C:\Windows\SYSTEM32\CRYPTBASE.DLL
0x00007ffc69fb0000 - 0x00007ffc6a017000 	C:\Windows\system32\mswsock.dll
0x00007ffc62e60000 - 0x00007ffc62e73000 	C:\Program Files\Android\Android Studio1\jre\jre\bin\nio.dll
0x00007ffc5caf0000 - 0x00007ffc5cb16000 	C:\Users\deCrypt3d\.gradle\native\30\windows-amd64\native-platform.dll
0x00007ffc63460000 - 0x00007ffc6346d000 	C:\Program Files\Android\Android Studio1\jre\jre\bin\management.dll
0x00007ffc69b30000 - 0x00007ffc69b63000 	C:\Windows\system32\rsaenh.dll
0x00007ffc6aad0000 - 0x00007ffc6aaf6000 	C:\Windows\System32\bcrypt.dll
0x00007ffc6a6a0000 - 0x00007ffc6a6c8000 	C:\Windows\SYSTEM32\USERENV.dll
0x00007ffc69cd0000 - 0x00007ffc69d0d000 	C:\Windows\SYSTEM32\IPHLPAPI.DLL
0x00007ffc6c520000 - 0x00007ffc6c528000 	C:\Windows\System32\NSI.dll
0x00007ffc62820000 - 0x00007ffc62836000 	C:\Windows\SYSTEM32\dhcpcsvc6.DLL
0x00007ffc62320000 - 0x00007ffc6233c000 	C:\Windows\SYSTEM32\dhcpcsvc.DLL
0x00007ffc69d20000 - 0x00007ffc69de6000 	C:\Windows\SYSTEM32\DNSAPI.dll

VM Arguments:
jvm_args: -Xmx1536m -Dfile.encoding=windows-1252 -Duser.country=ID -Duser.language=en -Duser.variant 
java_command: org.gradle.launcher.daemon.bootstrap.GradleDaemon 5.6.4
java_class_path (initial): C:\Users\deCrypt3d\.gradle\wrapper\dists\gradle-5.6.4-all\ankdp27end7byghfw1q2sw75f\gradle-5.6.4\lib\gradle-launcher-5.6.4.jar
Launcher Type: SUN_STANDARD

Environment Variables:
PATH=C:\ProgramData\Oracle\Java\javapath;C:\Program Files (x86)\Common Files\Intel\Shared Files\cpp\bin\Intel64;C:\Windows\system32;C:\Windows;C:\Windows\System32\Wbem;C:\Windows\System32\WindowsPowerShell\v1.0\;C:\xampp\php;C:\ProgramData\ComposerSetup\bin;C:\Program Files\PuTTY\;C:\Program Files\nodejs\;%JAVA_HOME%\bin;C:\SDK\gradle-6.3\bin;C:\Program Files (x86)\GtkSharp\2.12\bin;C:\Users\deCrypt3d\AppData\Local\Microsoft\WindowsApps;C:\Users\deCrypt3d\AppData\Roaming\Composer\vendor\bin;C:\Users\deCrypt3d\AppData\Roaming\npm;
USERNAME=deCrypt3d
OS=Windows_NT
PROCESSOR_IDENTIFIER=Intel64 Family 6 Model 58 Stepping 9, GenuineIntel



---------------  S Y S T E M  ---------------

OS: Windows 10.0 , 64 bit Build 17763 (10.0.17763.475)

CPU:total 2 (initial active 2) (2 cores per cpu, 1 threads per core) family 6 model 58 stepping 9, cmov, cx8, fxsr, mmx, sse, sse2, sse3, ssse3, sse4.1, sse4.2, popcnt, clmul, erms, tsc, tscinvbit, tscinv

Memory: 4k page, physical 3880804k(543548k free), swap 3880804k(5128k free)

vm_info: OpenJDK 64-Bit Server VM (25.212-b04) for windows-amd64 JRE (1.8.0_212-release-1586-b04), built by "builder" with MS VC++ 10.0 (VS2010)

time: Sat Jul 11 03:25:17 2020
timezone: SE Asia Standard Time
elapsed time: 842 seconds (0d 0h 14m 2s)

