#
# There is insufficient memory for the Java Runtime Environment to continue.
# Native memory allocation (malloc) failed to allocate 262160 bytes for Chunk::new
# Possible reasons:
#   The system is out of physical RAM or swap space
#   The process is running with CompressedOops enabled, and the Java Heap may be blocking the growth of the native heap
# Possible solutions:
#   Reduce memory load on the system
#   Increase physical memory or swap space
#   Check if swap backing store is full
#   Decrease Java heap size (-Xmx/-Xms)
#   Decrease number of Java threads
#   Decrease Java thread stack sizes (-Xss)
#   Set larger code cache with -XX:ReservedCodeCacheSize=
#   JVM is running with Unscaled Compressed Oops mode in which the Java heap is
#     placed in the first 4GB address space. The Java Heap base address is the
#     maximum limit for the native heap growth. Please use -XX:HeapBaseMinAddress
#     to set the Java Heap base and to place the Java Heap above 4GB virtual address.
# This output file may be truncated or incomplete.
#
#  Out of Memory Error (allocation.cpp:389), pid=2108, tid=0x0000000000002184
#
# JRE version: OpenJDK Runtime Environment (8.0_212-b04) (build 1.8.0_212-release-1586-b04)
# Java VM: OpenJDK 64-Bit Server VM (25.212-b04 mixed mode windows-amd64 compressed oops)
# Failed to write core dump. Minidumps are not enabled by default on client versions of Windows
#

---------------  T H R E A D  ---------------

Current thread (0x0000000016278800):  JavaThread "C2 CompilerThread0" daemon [_thread_in_native, id=8580, stack(0x00000000172b0000,0x00000000173b0000)]

Stack: [0x00000000172b0000,0x00000000173b0000]
[error occurred during error reporting (printing stack bounds), id 0xc0000005]

Native frames: (J=compiled Java code, j=interpreted, Vv=VM code, C=native code)


Current CompileTask:
C2:  63554 13353   !   4       java.io.ObjectOutputStream::writeObject0 (619 bytes)


---------------  P R O C E S S  ---------------

Java Threads: ( => current thread )
  0x0000000018235000 JavaThread "pool-1-thread-1" [_thread_in_native, id=8932, stack(0x0000000025a00000,0x0000000025b00000)]
  0x0000000018234800 JavaThread "ForkJoinPool.commonPool-worker-0" daemon [_thread_blocked, id=1752, stack(0x00000000251b0000,0x00000000252b0000)]
  0x0000000018233800 JavaThread "ForkJoinPool.commonPool-worker-1" daemon [_thread_blocked, id=8724, stack(0x0000000024840000,0x0000000024940000)]
  0x0000000018236000 JavaThread "WorkerExecutor Queue Thread 2" [_thread_in_Java, id=3384, stack(0x0000000023000000,0x0000000023100000)]
  0x0000000018230800 JavaThread "WorkerExecutor Queue" [_thread_blocked, id=1376, stack(0x0000000022f00000,0x0000000023000000)]
  0x0000000019211800 JavaThread "Cache worker for Java compile cache (C:\Users\deCrypt3d\.gradle\caches\5.6.4\javaCompile)" [_thread_blocked, id=6984, stack(0x0000000020d60000,0x0000000020e60000)]
  0x0000000019207800 JavaThread "Cache worker for file content cache (C:\Users\deCrypt3d\.gradle\caches\5.6.4\fileContent)" [_thread_blocked, id=4328, stack(0x0000000020360000,0x0000000020460000)]
  0x000000001920b000 JavaThread "Memory manager" [_thread_blocked, id=1356, stack(0x0000000020260000,0x0000000020360000)]
  0x0000000019206000 JavaThread "Build operations Thread 2" [_thread_blocked, id=9108, stack(0x000000001e060000,0x000000001e160000)]
  0x000000001920c800 JavaThread "Build operations" [_thread_blocked, id=7616, stack(0x000000001df60000,0x000000001e060000)]
  0x00000000186eb800 JavaThread "Cache worker for execution history cache (C:\Users\deCrypt3d\.gradle\caches\5.6.4\executionHistory)" [_thread_blocked, id=7792, stack(0x000000001dc60000,0x000000001dd60000)]
  0x00000000186ed000 JavaThread "Cache worker for journal cache (C:\Users\deCrypt3d\.gradle\caches\journal-1)" [_thread_blocked, id=7428, stack(0x000000001a900000,0x000000001aa00000)]
  0x00000000186f0800 JavaThread "File lock request listener" [_thread_in_native, id=7324, stack(0x000000001a800000,0x000000001a900000)]
  0x000000001926c800 JavaThread "Cache worker for file hash cache (C:\Users\deCrypt3d\.gradle\caches\5.6.4\fileHashes)" [_thread_blocked, id=9672, stack(0x000000001a500000,0x000000001a600000)]
  0x00000000191db000 JavaThread "Thread-9" [_thread_blocked, id=7464, stack(0x000000001a400000,0x000000001a500000)]
  0x000000001919d800 JavaThread "Stdin handler" [_thread_blocked, id=7800, stack(0x000000001a300000,0x000000001a400000)]
  0x000000001919c800 JavaThread "Asynchronous log dispatcher for DefaultDaemonConnection: socket connection from /127.0.0.1:50674 to /127.0.0.1:50675" [_thread_blocked, id=9332, stack(0x000000001a200000,0x000000001a300000)]
  0x00000000191c0800 JavaThread "Daemon worker" [_thread_blocked, id=4408, stack(0x000000001a100000,0x000000001a200000)]
  0x00000000191a9800 JavaThread "Cancel handler" [_thread_blocked, id=10128, stack(0x000000001a000000,0x000000001a100000)]
  0x000000001914a000 JavaThread "Handler for socket connection from /127.0.0.1:50674 to /127.0.0.1:50675" [_thread_in_native, id=288, stack(0x0000000019d00000,0x0000000019e00000)]
  0x000000001912b800 JavaThread "Daemon periodic checks" [_thread_blocked, id=4860, stack(0x0000000019c00000,0x0000000019d00000)]
  0x000000001914d800 JavaThread "Daemon" [_thread_blocked, id=3780, stack(0x00000000199c0000,0x0000000019ac0000)]
  0x000000001910b800 JavaThread "Incoming local TCP Connector on port 50674" [_thread_in_native, id=2668, stack(0x00000000198c0000,0x00000000199c0000)]
  0x0000000019093800 JavaThread "Daemon health stats" [_thread_blocked, id=1028, stack(0x0000000019280000,0x0000000019380000)]
  0x00000000162da000 JavaThread "Service Thread" daemon [_thread_blocked, id=10148, stack(0x00000000174b0000,0x00000000175b0000)]
  0x00000000162d4800 JavaThread "C1 CompilerThread1" daemon [_thread_blocked, id=732, stack(0x00000000173b0000,0x00000000174b0000)]
=>0x0000000016278800 JavaThread "C2 CompilerThread0" daemon [_thread_in_native, id=8580, stack(0x00000000172b0000,0x00000000173b0000)]
  0x0000000016277000 JavaThread "Attach Listener" daemon [_thread_blocked, id=9808, stack(0x00000000171b0000,0x00000000172b0000)]
  0x0000000016274000 JavaThread "Signal Dispatcher" daemon [_thread_blocked, id=5584, stack(0x00000000170b0000,0x00000000171b0000)]
  0x0000000002b41800 JavaThread "Finalizer" daemon [_thread_blocked, id=5168, stack(0x0000000016eb0000,0x0000000016fb0000)]
  0x0000000016267000 JavaThread "Reference Handler" daemon [_thread_blocked, id=5504, stack(0x0000000016db0000,0x0000000016eb0000)]
  0x000000000119e000 JavaThread "main" [_thread_blocked, id=3728, stack(0x0000000002950000,0x0000000002a50000)]

Other Threads:
  0x0000000016245800 VMThread [stack: 0x0000000016cb0000,0x0000000016db0000] [id=1908]
  0x00000000162dc800 WatcherThread [stack: 0x00000000175b0000,0x00000000176b0000] [id=9660]

VM state:not at safepoint (normal execution)

VM Mutex/Monitor currently owned by a thread: None

OutOfMemory and StackOverflow Exception counts:
OutOfMemoryError java_heap_errors=2

heap address: 0x00000000a0000000, size: 1536 MB, Compressed Oops mode: 32-bit
Narrow klass base: 0x0000000000000000, Narrow klass shift: 3
Compressed class space size: 1073741824 Address: 0x0000000100000000

Heap:
 PSYoungGen      total 299520K, used 179221K [0x00000000e0000000, 0x00000000f6f80000, 0x0000000100000000)
  eden space 246272K, 51% used [0x00000000e0000000,0x00000000e7b0d1e8,0x00000000ef080000)
  from space 53248K, 99% used [0x00000000ef080000,0x00000000f2478488,0x00000000f2480000)
  to   space 37376K, 0% used [0x00000000f2480000,0x00000000f2480000,0x00000000f4900000)
 ParOldGen       total 187392K, used 126843K [0x00000000a0000000, 0x00000000ab700000, 0x00000000e0000000)
  object space 187392K, 67% used [0x00000000a0000000,0x00000000a7bded40,0x00000000ab700000)
 Metaspace       used 81776K, capacity 84992K, committed 85248K, reserved 1122304K
  class space    used 10904K, capacity 11661K, committed 11776K, reserved 1048576K

Card table byte_map: [0x0000000011f10000,0x0000000012220000] byte_map_base: 0x0000000011a10000

Marking Bits: (ParMarkBitMap*) 0x0000000070579f30
 Begin Bits: [0x0000000012620000, 0x0000000013e20000)
 End Bits:   [0x0000000013e20000, 0x0000000015620000)

Polling page: 0x0000000000c00000

CodeCache: size=245760Kb used=36193Kb max_used=36193Kb free=209566Kb
 bounds [0x0000000002b50000, 0x0000000004ed0000, 0x0000000011b50000]
 total_blobs=12115 nmethods=11244 adapters=784
 compilation: enabled

Compilation events (10 events):
Event: 63.441 Thread 0x00000000162d4800 13366  s!   3       org.gradle.internal.concurrent.CompositeStoppable::stop (123 bytes)
Event: 63.445 Thread 0x00000000162d4800 nmethod 13366 0x0000000004ec8a10 code [0x0000000004ec8dc0, 0x0000000004ecaf78]
Event: 63.464 Thread 0x00000000162d4800 13367       3       org.gradle.internal.concurrent.CompositeStoppable::<init> (16 bytes)
Event: 63.464 Thread 0x00000000162d4800 nmethod 13367 0x0000000004ecca10 code [0x0000000004eccba0, 0x0000000004eccf50]
Event: 63.465 Thread 0x00000000162d4800 13368       3       org.gradle.internal.concurrent.CompositeStoppable::add (34 bytes)
Event: 63.466 Thread 0x00000000162d4800 nmethod 13368 0x0000000004ecd110 code [0x0000000004ecd2e0, 0x0000000004ecda08]
Event: 63.468 Thread 0x00000000162d4800 13369       3       java.util.concurrent.ConcurrentLinkedQueue::first (65 bytes)
Event: 63.469 Thread 0x00000000162d4800 nmethod 13369 0x0000000004ecdd10 code [0x0000000004ecdea0, 0x0000000004ece4b0]
Event: 63.470 Thread 0x00000000162d4800 13370       3       java.util.concurrent.ConcurrentLinkedQueue::iterator (9 bytes)
Event: 63.471 Thread 0x00000000162d4800 nmethod 13370 0x0000000003064a10 code [0x0000000003064b80, 0x0000000003064e48]

GC Heap History (10 events):
Event: 42.020 GC heap before
{Heap before GC invocations=17 (full 3):
 PSYoungGen      total 206848K, used 205889K [0x00000000e0000000, 0x00000000eff80000, 0x0000000100000000)
  eden space 187904K, 100% used [0x00000000e0000000,0x00000000eb780000,0x00000000eb780000)
  from space 18944K, 94% used [0x00000000eb780000,0x00000000ec910708,0x00000000eca00000)
  to   space 21504K, 0% used [0x00000000eea80000,0x00000000eea80000,0x00000000eff80000)
 ParOldGen       total 97280K, used 37454K [0x00000000a0000000, 0x00000000a5f00000, 0x00000000e0000000)
  object space 97280K, 38% used [0x00000000a0000000,0x00000000a2493810,0x00000000a5f00000)
 Metaspace       used 67232K, capacity 69400K, committed 69760K, reserved 1110016K
  class space    used 8957K, capacity 9505K, committed 9600K, reserved 1048576K
Event: 42.120 GC heap after
Heap after GC invocations=17 (full 3):
 PSYoungGen      total 236032K, used 21497K [0x00000000e0000000, 0x00000000f0580000, 0x0000000100000000)
  eden space 214528K, 0% used [0x00000000e0000000,0x00000000e0000000,0x00000000ed180000)
  from space 21504K, 99% used [0x00000000eea80000,0x00000000eff7e508,0x00000000eff80000)
  to   space 25600K, 0% used [0x00000000ed180000,0x00000000ed180000,0x00000000eea80000)
 ParOldGen       total 97280K, used 39605K [0x00000000a0000000, 0x00000000a5f00000, 0x00000000e0000000)
  object space 97280K, 40% used [0x00000000a0000000,0x00000000a26ad6a0,0x00000000a5f00000)
 Metaspace       used 67232K, capacity 69400K, committed 69760K, reserved 1110016K
  class space    used 8957K, capacity 9505K, committed 9600K, reserved 1048576K
}
Event: 44.816 GC heap before
{Heap before GC invocations=18 (full 3):
 PSYoungGen      total 236032K, used 236025K [0x00000000e0000000, 0x00000000f0580000, 0x0000000100000000)
  eden space 214528K, 100% used [0x00000000e0000000,0x00000000ed180000,0x00000000ed180000)
  from space 21504K, 99% used [0x00000000eea80000,0x00000000eff7e508,0x00000000eff80000)
  to   space 25600K, 0% used [0x00000000ed180000,0x00000000ed180000,0x00000000eea80000)
 ParOldGen       total 97280K, used 39605K [0x00000000a0000000, 0x00000000a5f00000, 0x00000000e0000000)
  object space 97280K, 40% used [0x00000000a0000000,0x00000000a26ad6a0,0x00000000a5f00000)
 Metaspace       used 67904K, capacity 70100K, committed 70272K, reserved 1110016K
  class space    used 9030K, capacity 9553K, committed 9600K, reserved 1048576K
Event: 44.997 GC heap after
Heap after GC invocations=18 (full 3):
 PSYoungGen      total 240128K, used 25588K [0x00000000e0000000, 0x00000000f4900000, 0x0000000100000000)
  eden space 214528K, 0% used [0x00000000e0000000,0x00000000e0000000,0x00000000ed180000)
  from space 25600K, 99% used [0x00000000ed180000,0x00000000eea7d348,0x00000000eea80000)
  to   space 37376K, 0% used [0x00000000f2480000,0x00000000f2480000,0x00000000f4900000)
 ParOldGen       total 97280K, used 59892K [0x00000000a0000000, 0x00000000a5f00000, 0x00000000e0000000)
  object space 97280K, 61% used [0x00000000a0000000,0x00000000a3a7d328,0x00000000a5f00000)
 Metaspace       used 67904K, capacity 70100K, committed 70272K, reserved 1110016K
  class space    used 9030K, capacity 9553K, committed 9600K, reserved 1048576K
}
Event: 51.043 GC heap before
{Heap before GC invocations=19 (full 3):
 PSYoungGen      total 240128K, used 240116K [0x00000000e0000000, 0x00000000f4900000, 0x0000000100000000)
  eden space 214528K, 100% used [0x00000000e0000000,0x00000000ed180000,0x00000000ed180000)
  from space 25600K, 99% used [0x00000000ed180000,0x00000000eea7d348,0x00000000eea80000)
  to   space 37376K, 0% used [0x00000000f2480000,0x00000000f2480000,0x00000000f4900000)
 ParOldGen       total 97280K, used 59892K [0x00000000a0000000, 0x00000000a5f00000, 0x00000000e0000000)
  object space 97280K, 61% used [0x00000000a0000000,0x00000000a3a7d328,0x00000000a5f00000)
 Metaspace       used 76578K, capacity 79626K, committed 79744K, reserved 1118208K
  class space    used 10343K, capacity 11062K, committed 11136K, reserved 1048576K
Event: 51.430 GC heap after
Heap after GC invocations=19 (full 3):
 PSYoungGen      total 283648K, used 37345K [0x00000000e0000000, 0x00000000f6f80000, 0x0000000100000000)
  eden space 246272K, 0% used [0x00000000e0000000,0x00000000e0000000,0x00000000ef080000)
  from space 37376K, 99% used [0x00000000f2480000,0x00000000f48f8578,0x00000000f4900000)
  to   space 53248K, 0% used [0x00000000ef080000,0x00000000ef080000,0x00000000f2480000)
 ParOldGen       total 97280K, used 86338K [0x00000000a0000000, 0x00000000a5f00000, 0x00000000e0000000)
  object space 97280K, 88% used [0x00000000a0000000,0x00000000a5450820,0x00000000a5f00000)
 Metaspace       used 76578K, capacity 79626K, committed 79744K, reserved 1118208K
  class space    used 10343K, capacity 11062K, committed 11136K, reserved 1048576K
}
Event: 51.430 GC heap before
{Heap before GC invocations=20 (full 4):
 PSYoungGen      total 283648K, used 37345K [0x00000000e0000000, 0x00000000f6f80000, 0x0000000100000000)
  eden space 246272K, 0% used [0x00000000e0000000,0x00000000e0000000,0x00000000ef080000)
  from space 37376K, 99% used [0x00000000f2480000,0x00000000f48f8578,0x00000000f4900000)
  to   space 53248K, 0% used [0x00000000ef080000,0x00000000ef080000,0x00000000f2480000)
 ParOldGen       total 97280K, used 86338K [0x00000000a0000000, 0x00000000a5f00000, 0x00000000e0000000)
  object space 97280K, 88% used [0x00000000a0000000,0x00000000a5450820,0x00000000a5f00000)
 Metaspace       used 76578K, capacity 79626K, committed 79744K, reserved 1118208K
  class space    used 10343K, capacity 11062K, committed 11136K, reserved 1048576K
Event: 52.805 GC heap after
Heap after GC invocations=20 (full 4):
 PSYoungGen      total 283648K, used 13247K [0x00000000e0000000, 0x00000000f6f80000, 0x0000000100000000)
  eden space 246272K, 0% used [0x00000000e0000000,0x00000000e0000000,0x00000000ef080000)
  from space 37376K, 35% used [0x00000000f2480000,0x00000000f316fca8,0x00000000f4900000)
  to   space 53248K, 0% used [0x00000000ef080000,0x00000000ef080000,0x00000000f2480000)
 ParOldGen       total 187392K, used 97006K [0x00000000a0000000, 0x00000000ab700000, 0x00000000e0000000)
  object space 187392K, 51% used [0x00000000a0000000,0x00000000a5ebbb70,0x00000000ab700000)
 Metaspace       used 75958K, capacity 78968K, committed 79744K, reserved 1118208K
  class space    used 10278K, capacity 10989K, committed 11136K, reserved 1048576K
}
Event: 58.683 GC heap before
{Heap before GC invocations=21 (full 4):
 PSYoungGen      total 283648K, used 259519K [0x00000000e0000000, 0x00000000f6f80000, 0x0000000100000000)
  eden space 246272K, 100% used [0x00000000e0000000,0x00000000ef080000,0x00000000ef080000)
  from space 37376K, 35% used [0x00000000f2480000,0x00000000f316fca8,0x00000000f4900000)
  to   space 53248K, 0% used [0x00000000ef080000,0x00000000ef080000,0x00000000f2480000)
 ParOldGen       total 187392K, used 97006K [0x00000000a0000000, 0x00000000ab700000, 0x00000000e0000000)
  object space 187392K, 51% used [0x00000000a0000000,0x00000000a5ebbb70,0x00000000ab700000)
 Metaspace       used 76255K, capacity 79210K, committed 79744K, reserved 1118208K
  class space    used 10279K, capacity 10990K, committed 11136K, reserved 1048576K
Event: 59.258 GC heap after
Heap after GC invocations=21 (full 4):
 PSYoungGen      total 299520K, used 53217K [0x00000000e0000000, 0x00000000f6f80000, 0x0000000100000000)
  eden space 246272K, 0% used [0x00000000e0000000,0x00000000e0000000,0x00000000ef080000)
  from space 53248K, 99% used [0x00000000ef080000,0x00000000f2478488,0x00000000f2480000)
  to   space 37376K, 0% used [0x00000000f2480000,0x00000000f2480000,0x00000000f4900000)
 ParOldGen       total 187392K, used 126843K [0x00000000a0000000, 0x00000000ab700000, 0x00000000e0000000)
  object space 187392K, 67% used [0x00000000a0000000,0x00000000a7bded40,0x00000000ab700000)
 Metaspace       used 76255K, capacity 79210K, committed 79744K, reserved 1118208K
  class space    used 10279K, capacity 10990K, committed 11136K, reserved 1048576K
}

Deoptimization events (10 events):
Event: 63.213 Thread 0x00000000191c0800 Uncommon trap: reason=class_check action=maybe_recompile pc=0x0000000002d32aa0 method=java.lang.String.equals(Ljava/lang/Object;)Z @ 8
Event: 63.213 Thread 0x00000000191c0800 Uncommon trap: reason=class_check action=maybe_recompile pc=0x0000000002d32aa0 method=java.lang.String.equals(Ljava/lang/Object;)Z @ 8
Event: 63.213 Thread 0x00000000191c0800 Uncommon trap: reason=class_check action=maybe_recompile pc=0x0000000002d32aa0 method=java.lang.String.equals(Ljava/lang/Object;)Z @ 8
Event: 63.223 Thread 0x00000000191c0800 Uncommon trap: reason=unstable_if action=reinterpret pc=0x0000000002dcc12c method=org.gradle.internal.io.StreamByteBuffer.prepareRead()I @ 30
Event: 63.276 Thread 0x00000000191c0800 Uncommon trap: reason=bimorphic action=maybe_recompile pc=0x0000000003e84a78 method=com.google.common.cache.LocalCache$Segment.getEntry(Ljava/lang/Object;I)Lcom/google/common/cache/ReferenceEntry; @ 24
Event: 63.287 Thread 0x00000000191c0800 Uncommon trap: reason=bimorphic action=maybe_recompile pc=0x0000000003e84a78 method=com.google.common.cache.LocalCache$Segment.getEntry(Ljava/lang/Object;I)Lcom/google/common/cache/ReferenceEntry; @ 24
Event: 63.319 Thread 0x0000000019209000 Uncommon trap: reason=class_check action=maybe_recompile pc=0x0000000003bb40e8 method=java.util.concurrent.locks.ReentrantLock.lock()V @ 4
Event: 63.324 Thread 0x000000001920e800 Uncommon trap: reason=class_check action=maybe_recompile pc=0x0000000003bb40e8 method=java.util.concurrent.locks.ReentrantLock.lock()V @ 4
Event: 63.327 Thread 0x0000000019210800 Uncommon trap: reason=class_check action=maybe_recompile pc=0x0000000003bb40e8 method=java.util.concurrent.locks.ReentrantLock.lock()V @ 4
Event: 63.329 Thread 0x0000000019212000 Uncommon trap: reason=class_check action=maybe_recompile pc=0x0000000003bb40e8 method=java.util.concurrent.locks.ReentrantLock.lock()V @ 4

Classes redefined (0 events):
No events

Internal exceptions (10 events):
Event: 61.779 Thread 0x00000000191c0800 Exception <a 'java/lang/NoSuchMethodError': <clinit>> (0x00000000e4654ef0) thrown at [D:\src\AOSP-openjdk-cygwin\jdk8u\hotspot\src\share\vm\prims\jni.cpp, line 1614]
Event: 61.787 Thread 0x00000000191c0800 Exception <a 'java/lang/NoSuchMethodError': <clinit>> (0x00000000e46c3fb8) thrown at [D:\src\AOSP-openjdk-cygwin\jdk8u\hotspot\src\share\vm\prims\jni.cpp, line 1614]
Event: 61.792 Thread 0x00000000191c0800 Exception <a 'java/lang/NoSuchMethodError': <clinit>> (0x00000000e46f55d8) thrown at [D:\src\AOSP-openjdk-cygwin\jdk8u\hotspot\src\share\vm\prims\jni.cpp, line 1614]
Event: 61.903 Thread 0x0000000018230800 Exception <a 'java/lang/NoSuchMethodError': java.lang.Object.newSystemTemporaryDirectory()Lcom/android/tools/build/apkzlib/bytestorage/TemporaryDirectory;> (0x00000000e494d400) thrown at [D:\src\AOSP-openjdk-cygwin\jdk8u\hotspot\src\share\vm\interpreter\l
Event: 62.075 Thread 0x0000000018230800 Exception <a 'java/lang/NoSuchMethodError': java.lang.Object.lambda$static$0(Lcom/android/apksig/util/RunnablesProvider;)V> (0x00000000e4cbcbf8) thrown at [D:\src\AOSP-openjdk-cygwin\jdk8u\hotspot\src\share\vm\interpreter\linkResolver.cpp, line 620]
Event: 62.995 Thread 0x0000000018234800 Exception <a 'java/lang/OutOfMemoryError'> (0x00000000e6c964a0) thrown at [D:\src\AOSP-openjdk-cygwin\jdk8u\hotspot\src\share\vm\prims\unsafe.cpp, line 618]
Event: 63.000 Thread 0x0000000018233800 Exception <a 'java/lang/OutOfMemoryError'> (0x00000000e52b2420) thrown at [D:\src\AOSP-openjdk-cygwin\jdk8u\hotspot\src\share\vm\prims\unsafe.cpp, line 618]
Event: 63.009 Thread 0x00000000191c0800 Exception <a 'java/lang/reflect/InvocationTargetException'> (0x00000000e47631c0) thrown at [D:\src\AOSP-openjdk-cygwin\jdk8u\hotspot\src\share\vm\runtime\reflection.cpp, line 1092]
Event: 63.139 Thread 0x00000000191c0800 Exception <a 'sun/nio/fs/WindowsException'> (0x00000000e6e93a30) thrown at [D:\src\AOSP-openjdk-cygwin\jdk8u\hotspot\src\share\vm\prims\jni.cpp, line 710]
Event: 63.190 Thread 0x00000000191c0800 Implicit null exception at 0x000000000482cd33 to 0x000000000482e999

Events (10 events):
Event: 63.544 loading class com/google/wireless/android/sdk/stats/FirebaseErrorDetails
Event: 63.544 loading class com/google/wireless/android/sdk/stats/FirebaseErrorDetails done
Event: 63.545 loading class com/google/wireless/android/sdk/stats/WhatsNewAssistantUpdateEvent
Event: 63.545 loading class com/google/wireless/android/sdk/stats/WhatsNewAssistantUpdateEvent done
Event: 63.546 loading class com/google/wireless/android/sdk/stats/StudioUpdateFlowEvent
Event: 63.546 loading class com/google/wireless/android/sdk/stats/StudioUpdateFlowEvent done
Event: 63.549 loading class com/google/wireless/android/sdk/stats/WindowsDefenderStatus
Event: 63.549 loading class com/google/wireless/android/sdk/stats/WindowsDefenderStatus done
Event: 63.551 loading class org/gradle/cache/internal/DefaultCleanupProgressMonitor
Event: 63.551 loading class org/gradle/cache/internal/DefaultCleanupProgressMonitor done


Dynamic libraries:
0x00007ff633950000 - 0x00007ff633981000 	C:\Program Files\Android\Android Studio1\jre\bin\java.exe
0x00007ff929b10000 - 0x00007ff929cfd000 	C:\Windows\SYSTEM32\ntdll.dll
0x00007ff929230000 - 0x00007ff9292e3000 	C:\Windows\System32\KERNEL32.DLL
0x00007ff926a90000 - 0x00007ff926d23000 	C:\Windows\System32\KERNELBASE.dll
0x00007ff929810000 - 0x00007ff9298b3000 	C:\Windows\System32\ADVAPI32.dll
0x00007ff9292f0000 - 0x00007ff92938e000 	C:\Windows\System32\msvcrt.dll
0x00007ff9298c0000 - 0x00007ff92995e000 	C:\Windows\System32\sechost.dll
0x00007ff928a30000 - 0x00007ff928b52000 	C:\Windows\System32\RPCRT4.dll
0x00007ff926d60000 - 0x00007ff926ef7000 	C:\Windows\System32\USER32.dll
0x00007ff926600000 - 0x00007ff926620000 	C:\Windows\System32\win32u.dll
0x00007ff9288a0000 - 0x00007ff9288c9000 	C:\Windows\System32\GDI32.dll
0x00007ff926850000 - 0x00007ff9269e9000 	C:\Windows\System32\gdi32full.dll
0x00007ff9269f0000 - 0x00007ff926a90000 	C:\Windows\System32\msvcp_win.dll
0x00007ff9266d0000 - 0x00007ff9267ca000 	C:\Windows\System32\ucrtbase.dll
0x00007ff919e10000 - 0x00007ff91a089000 	C:\Windows\WinSxS\amd64_microsoft.windows.common-controls_6595b64144ccf1df_6.0.17763.1098_none_de762ed45346ee8a\COMCTL32.dll
0x00007ff928bf0000 - 0x00007ff928f1c000 	C:\Windows\System32\combase.dll
0x00007ff9267d0000 - 0x00007ff92684e000 	C:\Windows\System32\bcryptPrimitives.dll
0x00007ff929200000 - 0x00007ff92922e000 	C:\Windows\System32\IMM32.DLL
0x0000000070b40000 - 0x0000000070c12000 	C:\Program Files\Android\Android Studio1\jre\jre\bin\msvcr100.dll
0x000000006fdb0000 - 0x00000000705f6000 	C:\Program Files\Android\Android Studio1\jre\jre\bin\server\jvm.dll
0x00007ff928f20000 - 0x00007ff928f28000 	C:\Windows\System32\PSAPI.DLL
0x00007ff90d070000 - 0x00007ff90d079000 	C:\Windows\SYSTEM32\WSOCK32.dll
0x00007ff923d70000 - 0x00007ff923d94000 	C:\Windows\SYSTEM32\WINMM.dll
0x00007ff928630000 - 0x00007ff92869d000 	C:\Windows\System32\WS2_32.dll
0x00007ff9188b0000 - 0x00007ff9188ba000 	C:\Windows\SYSTEM32\VERSION.dll
0x00007ff923d10000 - 0x00007ff923d3d000 	C:\Windows\SYSTEM32\WINMMBASE.dll
0x00007ff926590000 - 0x00007ff9265da000 	C:\Windows\System32\cfgmgr32.dll
0x00007ff91fb90000 - 0x00007ff91fb9f000 	C:\Program Files\Android\Android Studio1\jre\jre\bin\verify.dll
0x00007ff91f730000 - 0x00007ff91f759000 	C:\Program Files\Android\Android Studio1\jre\jre\bin\java.dll
0x00007ff91f710000 - 0x00007ff91f726000 	C:\Program Files\Android\Android Studio1\jre\jre\bin\zip.dll
0x00007ff926f00000 - 0x00007ff9283f4000 	C:\Windows\System32\SHELL32.dll
0x00007ff929150000 - 0x00007ff9291f8000 	C:\Windows\System32\shcore.dll
0x00007ff925c60000 - 0x00007ff9263ad000 	C:\Windows\System32\windows.storage.dll
0x00007ff925b30000 - 0x00007ff925b54000 	C:\Windows\System32\profapi.dll
0x00007ff925b60000 - 0x00007ff925bbd000 	C:\Windows\System32\powrprof.dll
0x00007ff928400000 - 0x00007ff928452000 	C:\Windows\System32\shlwapi.dll
0x00007ff925be0000 - 0x00007ff925bf1000 	C:\Windows\System32\kernel.appcore.dll
0x00007ff9265e0000 - 0x00007ff9265f7000 	C:\Windows\System32\cryptsp.dll
0x00007ff91f690000 - 0x00007ff91f6aa000 	C:\Program Files\Android\Android Studio1\jre\jre\bin\net.dll
0x00007ff91b7f0000 - 0x00007ff91b9c7000 	C:\Windows\SYSTEM32\urlmon.dll
0x00007ff91bbc0000 - 0x00007ff91be68000 	C:\Windows\SYSTEM32\iertutil.dll
0x00007ff925510000 - 0x00007ff92551c000 	C:\Windows\SYSTEM32\CRYPTBASE.DLL
0x00007ff925340000 - 0x00007ff9253a7000 	C:\Windows\system32\mswsock.dll
0x00007ff91f670000 - 0x00007ff91f683000 	C:\Program Files\Android\Android Studio1\jre\jre\bin\nio.dll
0x00007ff91e780000 - 0x00007ff91e7a6000 	C:\Users\deCrypt3d\.gradle\native\30\windows-amd64\native-platform.dll
0x00007ff91f700000 - 0x00007ff91f70d000 	C:\Program Files\Android\Android Studio1\jre\jre\bin\management.dll
0x00007ff924ec0000 - 0x00007ff924ef3000 	C:\Windows\system32\rsaenh.dll
0x00007ff926d30000 - 0x00007ff926d56000 	C:\Windows\System32\bcrypt.dll
0x00007ff925a60000 - 0x00007ff925a88000 	C:\Windows\SYSTEM32\USERENV.dll
0x00007ff925060000 - 0x00007ff92509d000 	C:\Windows\SYSTEM32\IPHLPAPI.DLL
0x00007ff928f30000 - 0x00007ff928f38000 	C:\Windows\System32\NSI.dll
0x00007ff91b7c0000 - 0x00007ff91b7d6000 	C:\Windows\SYSTEM32\dhcpcsvc6.DLL
0x00007ff91b7a0000 - 0x00007ff91b7bc000 	C:\Windows\SYSTEM32\dhcpcsvc.DLL
0x00007ff9250b0000 - 0x00007ff925176000 	C:\Windows\SYSTEM32\DNSAPI.dll

VM Arguments:
jvm_args: -Xmx1536m -Dfile.encoding=windows-1252 -Duser.country=ID -Duser.language=en -Duser.variant 
java_command: org.gradle.launcher.daemon.bootstrap.GradleDaemon 5.6.4
java_class_path (initial): C:\Users\deCrypt3d\.gradle\wrapper\dists\gradle-5.6.4-all\ankdp27end7byghfw1q2sw75f\gradle-5.6.4\lib\gradle-launcher-5.6.4.jar
Launcher Type: SUN_STANDARD

Environment Variables:
PATH=C:\ProgramData\Oracle\Java\javapath;C:\Program Files (x86)\Common Files\Intel\Shared Files\cpp\bin\Intel64;C:\Windows\system32;C:\Windows;C:\Windows\System32\Wbem;C:\Windows\System32\WindowsPowerShell\v1.0\;C:\xampp\php;C:\ProgramData\ComposerSetup\bin;C:\Program Files\PuTTY\;C:\Program Files\nodejs\;%JAVA_HOME%\bin;C:\SDK\gradle-6.3\bin;C:\Program Files (x86)\GtkSharp\2.12\bin;C:\Users\deCrypt3d\AppData\Local\Microsoft\WindowsApps;C:\Users\deCrypt3d\AppData\Roaming\Composer\vendor\bin;C:\Users\deCrypt3d\AppData\Roaming\npm;
USERNAME=deCrypt3d
OS=Windows_NT
PROCESSOR_IDENTIFIER=Intel64 Family 6 Model 58 Stepping 9, GenuineIntel



---------------  S Y S T E M  ---------------

OS: Windows 10.0 , 64 bit Build 17763 (10.0.17763.475)

CPU:total 2 (initial active 2) (2 cores per cpu, 1 threads per core) family 6 model 58 stepping 9, cmov, cx8, fxsr, mmx, sse, sse2, sse3, ssse3, sse4.1, sse4.2, popcnt, clmul, erms, tsc, tscinvbit, tscinv

Memory: 4k page, physical 3880804k(495936k free), swap 3880804k(3392k free)

vm_info: OpenJDK 64-Bit Server VM (25.212-b04) for windows-amd64 JRE (1.8.0_212-release-1586-b04), built by "builder" with MS VC++ 10.0 (VS2010)

time: Sun Jul 12 14:11:37 2020
timezone: SE Asia Standard Time
elapsed time: 63 seconds (0d 0h 1m 3s)

