#
# There is insufficient memory for the Java Runtime Environment to continue.
# Native memory allocation (malloc) failed to allocate 32744 bytes for ChunkPool::allocate
# Possible reasons:
#   The system is out of physical RAM or swap space
#   The process is running with CompressedOops enabled, and the Java Heap may be blocking the growth of the native heap
# Possible solutions:
#   Reduce memory load on the system
#   Increase physical memory or swap space
#   Check if swap backing store is full
#   Decrease Java heap size (-Xmx/-Xms)
#   Decrease number of Java threads
#   Decrease Java thread stack sizes (-Xss)
#   Set larger code cache with -XX:ReservedCodeCacheSize=
#   JVM is running with Unscaled Compressed Oops mode in which the Java heap is
#     placed in the first 4GB address space. The Java Heap base address is the
#     maximum limit for the native heap growth. Please use -XX:HeapBaseMinAddress
#     to set the Java Heap base and to place the Java Heap above 4GB virtual address.
# This output file may be truncated or incomplete.
#
#  Out of Memory Error (allocation.cpp:272), pid=7088, tid=0x0000000000001c14
#
# JRE version: OpenJDK Runtime Environment (8.0_212-b04) (build 1.8.0_212-release-1586-b04)
# Java VM: OpenJDK 64-Bit Server VM (25.212-b04 mixed mode windows-amd64 compressed oops)
# Failed to write core dump. Minidumps are not enabled by default on client versions of Windows
#

---------------  T H R E A D  ---------------

Current thread (0x00000000162d8800):  JavaThread "C2 CompilerThread0" daemon [_thread_in_native, id=7188, stack(0x0000000017320000,0x0000000017420000)]

Stack: [0x0000000017320000,0x0000000017420000]
[error occurred during error reporting (printing stack bounds), id 0xc0000005]

Native frames: (J=compiled Java code, j=interpreted, Vv=VM code, C=native code)


Current CompileTask:
C2: 159073 18676       4       com.android.builder.symbols.BytecodeRClassWriterKt::generateResourceTypeClass (595 bytes)


---------------  P R O C E S S  ---------------

Java Threads: ( => current thread )
  0x000000001c865800 JavaThread "WorkerExecutor Queue Thread 3" [_thread_blocked, id=1848, stack(0x000000002df40000,0x000000002e040000)]
  0x000000001c86b800 JavaThread "stdout" [_thread_in_native, id=4612, stack(0x000000002de40000,0x000000002df40000)]
  0x000000001c86b000 JavaThread "stderr" [_thread_in_native, id=8092, stack(0x000000002dd40000,0x000000002de40000)]
  0x000000001c866800 JavaThread "stdout" [_thread_in_native, id=5272, stack(0x000000002dc40000,0x000000002dd40000)]
  0x000000001c868800 JavaThread "stderr" [_thread_in_native, id=7072, stack(0x000000002db40000,0x000000002dc40000)]
  0x000000001c86a000 JavaThread "pool-7-thread-1" [_thread_blocked, id=7228, stack(0x000000002da40000,0x000000002db40000)]
  0x000000001c864000 JavaThread "WorkerExecutor Queue" [_thread_blocked, id=5428, stack(0x000000002d840000,0x000000002d940000)]
  0x000000001d62a000 JavaThread "Cache worker for execution history cache (D:\Semangat Tugas Akhir\Main Project\PajakAir\.gradle\5.6.4\executionHistory)" [_thread_blocked, id=8104, stack(0x000000002d740000,0x000000002d840000)]
  0x000000001d62e800 JavaThread "Execution worker for ':'" [_thread_in_vm, id=1600, stack(0x000000002d640000,0x000000002d740000)]
  0x000000001d62d000 JavaThread "Cache worker for file content cache (D:\Semangat Tugas Akhir\Main Project\PajakAir\.gradle\5.6.4\fileContent)" [_thread_blocked, id=8152, stack(0x000000002d540000,0x000000002d640000)]
  0x000000001d62b800 JavaThread "Cache worker for Build Output Cleanup Cache (D:\Semangat Tugas Akhir\Main Project\PajakAir\.gradle\buildOutputCleanup)" [_thread_blocked, id=5752, stack(0x000000002d440000,0x000000002d540000)]
  0x000000001d62d800 JavaThread "Build operations Thread 2" [_thread_blocked, id=3576, stack(0x000000002d340000,0x000000002d440000)]
  0x000000001d62f000 JavaThread "Build operations" [_thread_blocked, id=3052, stack(0x000000002d240000,0x000000002d340000)]
  0x000000001d62c000 JavaThread "Cache worker for cache directory md-rule (C:\Users\deCrypt3d\.gradle\caches\5.6.4\md-rule)" [_thread_blocked, id=5356, stack(0x000000002d140000,0x000000002d240000)]
  0x000000001d621800 JavaThread "Cache worker for cache directory md-supplier (C:\Users\deCrypt3d\.gradle\caches\5.6.4\md-supplier)" [_thread_blocked, id=188, stack(0x000000002d040000,0x000000002d140000)]
  0x000000001d628800 JavaThread "Cache worker for file hash cache (D:\Semangat Tugas Akhir\Main Project\PajakAir\.gradle\5.6.4\fileHashes)" [_thread_blocked, id=7640, stack(0x000000002cf40000,0x000000002d040000)]
  0x000000001d627800 JavaThread "Thread-59" [_thread_blocked, id=7564, stack(0x000000002ce40000,0x000000002cf40000)]
  0x000000001d626000 JavaThread "Stdin handler" [_thread_blocked, id=2196, stack(0x000000002cd40000,0x000000002ce40000)]
  0x000000001d624800 JavaThread "Asynchronous log dispatcher for DefaultDaemonConnection: socket connection from /127.0.0.1:49844 to /127.0.0.1:49860" [_thread_blocked, id=692, stack(0x000000002cc40000,0x000000002cd40000)]
  0x000000001d625800 JavaThread "Cancel handler" [_thread_blocked, id=292, stack(0x000000002cb40000,0x000000002cc40000)]
  0x000000001d623000 JavaThread "Handler for socket connection from /127.0.0.1:49844 to /127.0.0.1:49860" [_thread_in_native, id=2624, stack(0x000000002ca40000,0x000000002cb40000)]
  0x000000001c871800 JavaThread "Cache worker for Java compile cache (C:\Users\deCrypt3d\.gradle\caches\5.6.4\javaCompile)" [_thread_blocked, id=7764, stack(0x0000000027b00000,0x0000000027c00000)]
  0x000000001c868000 JavaThread "Cache worker for file content cache (C:\Users\deCrypt3d\.gradle\caches\5.6.4\fileContent)" [_thread_blocked, id=984, stack(0x00000000204f0000,0x00000000205f0000)]
  0x000000001c867000 JavaThread "Memory manager" [_thread_blocked, id=4192, stack(0x000000001fbc0000,0x000000001fcc0000)]
  0x000000001c869800 JavaThread "Cache worker for execution history cache (C:\Users\deCrypt3d\.gradle\caches\5.6.4\executionHistory)" [_thread_blocked, id=5816, stack(0x000000001edc0000,0x000000001eec0000)]
  0x0000000019cfb800 JavaThread "Cache worker for journal cache (C:\Users\deCrypt3d\.gradle\caches\journal-1)" [_thread_blocked, id=1240, stack(0x000000001b940000,0x000000001ba40000)]
  0x0000000019d00000 JavaThread "File lock request listener" [_thread_in_native, id=4908, stack(0x000000001b840000,0x000000001b940000)]
  0x0000000019b13000 JavaThread "Cache worker for file hash cache (C:\Users\deCrypt3d\.gradle\caches\5.6.4\fileHashes)" [_thread_blocked, id=7460, stack(0x000000001b540000,0x000000001b640000)]
  0x000000001927b000 JavaThread "Daemon worker" [_thread_blocked, id=7408, stack(0x000000001b140000,0x000000001b240000)]
  0x00000000192ba000 JavaThread "Daemon" [_thread_blocked, id=3788, stack(0x000000001ac40000,0x000000001ad40000)]
  0x0000000019a73000 JavaThread "Daemon periodic checks" [_thread_blocked, id=2156, stack(0x000000001ab40000,0x000000001ac40000)]
  0x000000001924c000 JavaThread "Incoming local TCP Connector on port 49844" [_thread_in_native, id=7628, stack(0x0000000019930000,0x0000000019a30000)]
  0x00000000191de800 JavaThread "Daemon health stats" [_thread_blocked, id=8020, stack(0x00000000192f0000,0x00000000193f0000)]
  0x000000001633a000 JavaThread "Service Thread" daemon [_thread_blocked, id=7692, stack(0x0000000017520000,0x0000000017620000)]
  0x0000000016334800 JavaThread "C1 CompilerThread1" daemon [_thread_blocked, id=1656, stack(0x0000000017420000,0x0000000017520000)]
=>0x00000000162d8800 JavaThread "C2 CompilerThread0" daemon [_thread_in_native, id=7188, stack(0x0000000017320000,0x0000000017420000)]
  0x00000000162d7000 JavaThread "Attach Listener" daemon [_thread_blocked, id=7380, stack(0x0000000017220000,0x0000000017320000)]
  0x00000000162d4000 JavaThread "Signal Dispatcher" daemon [_thread_blocked, id=3708, stack(0x0000000017120000,0x0000000017220000)]
  0x0000000002ba1800 JavaThread "Finalizer" daemon [_thread_blocked, id=3964, stack(0x0000000016f20000,0x0000000017020000)]
  0x00000000162c7000 JavaThread "Reference Handler" daemon [_thread_blocked, id=776, stack(0x0000000016e20000,0x0000000016f20000)]
  0x0000000002aae000 JavaThread "main" [_thread_blocked, id=7012, stack(0x0000000002760000,0x0000000002860000)]

Other Threads:
  0x00000000162a5800 VMThread [stack: 0x0000000016d20000,0x0000000016e20000] [id=7972]
  0x000000001633c800 WatcherThread [stack: 0x0000000017620000,0x0000000017720000] [id=2160]

VM state:not at safepoint (normal execution)

VM Mutex/Monitor currently owned by a thread: None

OutOfMemory and StackOverflow Exception counts:
OutOfMemoryError java_heap_errors=2

heap address: 0x00000000a0000000, size: 1536 MB, Compressed Oops mode: 32-bit
Narrow klass base: 0x0000000000000000, Narrow klass shift: 3
Compressed class space size: 1073741824 Address: 0x0000000100000000

Heap:
 PSYoungGen      total 302592K, used 144518K [0x00000000e0000000, 0x00000000f5a00000, 0x0000000100000000)
  eden space 269312K, 43% used [0x00000000e0000000,0x00000000e72af090,0x00000000f0700000)
  from space 33280K, 81% used [0x00000000f0700000,0x00000000f2172b18,0x00000000f2780000)
  to   space 37888K, 0% used [0x00000000f3500000,0x00000000f3500000,0x00000000f5a00000)
 ParOldGen       total 94720K, used 53140K [0x00000000a0000000, 0x00000000a5c80000, 0x00000000e0000000)
  object space 94720K, 56% used [0x00000000a0000000,0x00000000a33e53c0,0x00000000a5c80000)
 Metaspace       used 89518K, capacity 93048K, committed 93144K, reserved 1130496K
  class space    used 11396K, capacity 12153K, committed 12248K, reserved 1048576K

Card table byte_map: [0x0000000011f70000,0x0000000012280000] byte_map_base: 0x0000000011a70000

Marking Bits: (ParMarkBitMap*) 0x0000000076c79f30
 Begin Bits: [0x0000000012680000, 0x0000000013e80000)
 End Bits:   [0x0000000013e80000, 0x0000000015680000)

Polling page: 0x0000000000c80000

CodeCache: size=245760Kb used=50642Kb max_used=50642Kb free=195117Kb
 bounds [0x0000000002bb0000, 0x0000000005d70000, 0x0000000011bb0000]
 total_blobs=16296 nmethods=15402 adapters=804
 compilation: enabled

Compilation events (10 events):
Event: 159.056 Thread 0x0000000016334800 18689       3       com.android.zipflinger.BytesSource::prepare (1 bytes)
Event: 159.056 Thread 0x0000000016334800 nmethod 18689 0x0000000003c651d0 code [0x0000000003c65320, 0x0000000003c65470]
Event: 159.056 Thread 0x0000000016334800 18690       3       com.android.zipflinger.BytesSource::writeTo (10 bytes)
Event: 159.056 Thread 0x0000000016334800 nmethod 18690 0x00000000047edf50 code [0x00000000047ee0c0, 0x00000000047ee368]
Event: 159.058 Thread 0x0000000016334800 18691       3       com.android.builder.packaging.JarFlinger::addEntry (23 bytes)
Event: 159.059 Thread 0x0000000016334800 nmethod 18691 0x00000000047ed9d0 code [0x00000000047edb40, 0x00000000047ede18]
Event: 159.059 Thread 0x0000000016334800 18692       3       com.android.zipflinger.BytesSource::build (86 bytes)
Event: 159.062 Thread 0x0000000016334800 nmethod 18692 0x00000000047ec290 code [0x00000000047ec4c0, 0x00000000047ed168]
Event: 159.062 Thread 0x0000000016334800 18693       3       com.android.zipflinger.ZipArchive::add (37 bytes)
Event: 159.064 Thread 0x0000000016334800 nmethod 18693 0x0000000005d62650 code [0x0000000005d628a0, 0x0000000005d635e8]

GC Heap History (10 events):
Event: 127.641 GC heap before
{Heap before GC invocations=35 (full 12):
 PSYoungGen      total 304128K, used 799K [0x00000000e0000000, 0x00000000f4d00000, 0x0000000100000000)
  eden space 269312K, 0% used [0x00000000e0000000,0x00000000e00c7e00,0x00000000f0700000)
  from space 34816K, 0% used [0x00000000f2b00000,0x00000000f2b00000,0x00000000f4d00000)
  to   space 35840K, 0% used [0x00000000f0700000,0x00000000f0700000,0x00000000f2a00000)
 ParOldGen       total 94720K, used 53133K [0x00000000a0000000, 0x00000000a5c80000, 0x00000000e0000000)
  object space 94720K, 56% used [0x00000000a0000000,0x00000000a33e35d0,0x00000000a5c80000)
 Metaspace       used 87985K, capacity 91360K, committed 91480K, reserved 1128448K
  class space    used 11279K, capacity 12013K, committed 12120K, reserved 1048576K
Event: 127.645 GC heap after
Heap after GC invocations=35 (full 12):
 PSYoungGen      total 269824K, used 64K [0x00000000e0000000, 0x00000000f4a00000, 0x0000000100000000)
  eden space 269312K, 0% used [0x00000000e0000000,0x00000000e0000000,0x00000000f0700000)
  from space 512K, 12% used [0x00000000f0700000,0x00000000f0710000,0x00000000f0780000)
  to   space 34304K, 0% used [0x00000000f2880000,0x00000000f2880000,0x00000000f4a00000)
 ParOldGen       total 94720K, used 53133K [0x00000000a0000000, 0x00000000a5c80000, 0x00000000e0000000)
  object space 94720K, 56% used [0x00000000a0000000,0x00000000a33e35d0,0x00000000a5c80000)
 Metaspace       used 87985K, capacity 91360K, committed 91480K, reserved 1128448K
  class space    used 11279K, capacity 12013K, committed 12120K, reserved 1048576K
}
Event: 127.645 GC heap before
{Heap before GC invocations=36 (full 13):
 PSYoungGen      total 269824K, used 64K [0x00000000e0000000, 0x00000000f4a00000, 0x0000000100000000)
  eden space 269312K, 0% used [0x00000000e0000000,0x00000000e0000000,0x00000000f0700000)
  from space 512K, 12% used [0x00000000f0700000,0x00000000f0710000,0x00000000f0780000)
  to   space 34304K, 0% used [0x00000000f2880000,0x00000000f2880000,0x00000000f4a00000)
 ParOldGen       total 94720K, used 53133K [0x00000000a0000000, 0x00000000a5c80000, 0x00000000e0000000)
  object space 94720K, 56% used [0x00000000a0000000,0x00000000a33e35d0,0x00000000a5c80000)
 Metaspace       used 87985K, capacity 91360K, committed 91480K, reserved 1128448K
  class space    used 11279K, capacity 12013K, committed 12120K, reserved 1048576K
Event: 127.888 GC heap after
Heap after GC invocations=36 (full 13):
 PSYoungGen      total 269824K, used 0K [0x00000000e0000000, 0x00000000f4a00000, 0x0000000100000000)
  eden space 269312K, 0% used [0x00000000e0000000,0x00000000e0000000,0x00000000f0700000)
  from space 512K, 0% used [0x00000000f0700000,0x00000000f0700000,0x00000000f0780000)
  to   space 34304K, 0% used [0x00000000f2880000,0x00000000f2880000,0x00000000f4a00000)
 ParOldGen       total 94720K, used 53133K [0x00000000a0000000, 0x00000000a5c80000, 0x00000000e0000000)
  object space 94720K, 56% used [0x00000000a0000000,0x00000000a33e3490,0x00000000a5c80000)
 Metaspace       used 87985K, capacity 91360K, committed 91480K, reserved 1128448K
  class space    used 11279K, capacity 12013K, committed 12120K, reserved 1048576K
}
Event: 127.890 GC heap before
{Heap before GC invocations=37 (full 13):
 PSYoungGen      total 269824K, used 777K [0x00000000e0000000, 0x00000000f4a00000, 0x0000000100000000)
  eden space 269312K, 0% used [0x00000000e0000000,0x00000000e00c2510,0x00000000f0700000)
  from space 512K, 0% used [0x00000000f0700000,0x00000000f0700000,0x00000000f0780000)
  to   space 34304K, 0% used [0x00000000f2880000,0x00000000f2880000,0x00000000f4a00000)
 ParOldGen       total 94720K, used 53133K [0x00000000a0000000, 0x00000000a5c80000, 0x00000000e0000000)
  object space 94720K, 56% used [0x00000000a0000000,0x00000000a33e3490,0x00000000a5c80000)
 Metaspace       used 87985K, capacity 91360K, committed 91480K, reserved 1128448K
  class space    used 11279K, capacity 12013K, committed 12120K, reserved 1048576K
Event: 127.893 GC heap after
Heap after GC invocations=37 (full 13):
 PSYoungGen      total 301568K, used 64K [0x00000000e0000000, 0x00000000f4800000, 0x0000000100000000)
  eden space 269312K, 0% used [0x00000000e0000000,0x00000000e0000000,0x00000000f0700000)
  from space 32256K, 0% used [0x00000000f2880000,0x00000000f2890000,0x00000000f4800000)
  to   space 33280K, 0% used [0x00000000f0700000,0x00000000f0700000,0x00000000f2780000)
 ParOldGen       total 94720K, used 53133K [0x00000000a0000000, 0x00000000a5c80000, 0x00000000e0000000)
  object space 94720K, 56% used [0x00000000a0000000,0x00000000a33e3490,0x00000000a5c80000)
 Metaspace       used 87985K, capacity 91360K, committed 91480K, reserved 1128448K
  class space    used 11279K, capacity 12013K, committed 12120K, reserved 1048576K
}
Event: 127.893 GC heap before
{Heap before GC invocations=38 (full 14):
 PSYoungGen      total 301568K, used 64K [0x00000000e0000000, 0x00000000f4800000, 0x0000000100000000)
  eden space 269312K, 0% used [0x00000000e0000000,0x00000000e0000000,0x00000000f0700000)
  from space 32256K, 0% used [0x00000000f2880000,0x00000000f2890000,0x00000000f4800000)
  to   space 33280K, 0% used [0x00000000f0700000,0x00000000f0700000,0x00000000f2780000)
 ParOldGen       total 94720K, used 53133K [0x00000000a0000000, 0x00000000a5c80000, 0x00000000e0000000)
  object space 94720K, 56% used [0x00000000a0000000,0x00000000a33e3490,0x00000000a5c80000)
 Metaspace       used 87985K, capacity 91360K, committed 91480K, reserved 1128448K
  class space    used 11279K, capacity 12013K, committed 12120K, reserved 1048576K
Event: 128.141 GC heap after
Heap after GC invocations=38 (full 14):
 PSYoungGen      total 301568K, used 0K [0x00000000e0000000, 0x00000000f4800000, 0x0000000100000000)
  eden space 269312K, 0% used [0x00000000e0000000,0x00000000e0000000,0x00000000f0700000)
  from space 32256K, 0% used [0x00000000f2880000,0x00000000f2880000,0x00000000f4800000)
  to   space 33280K, 0% used [0x00000000f0700000,0x00000000f0700000,0x00000000f2780000)
 ParOldGen       total 94720K, used 53132K [0x00000000a0000000, 0x00000000a5c80000, 0x00000000e0000000)
  object space 94720K, 56% used [0x00000000a0000000,0x00000000a33e33c0,0x00000000a5c80000)
 Metaspace       used 87985K, capacity 91360K, committed 91480K, reserved 1128448K
  class space    used 11279K, capacity 12013K, committed 12120K, reserved 1048576K
}
Event: 153.477 GC heap before
{Heap before GC invocations=39 (full 14):
 PSYoungGen      total 301568K, used 269197K [0x00000000e0000000, 0x00000000f4800000, 0x0000000100000000)
  eden space 269312K, 99% used [0x00000000e0000000,0x00000000f06e34e0,0x00000000f0700000)
  from space 32256K, 0% used [0x00000000f2880000,0x00000000f2880000,0x00000000f4800000)
  to   space 33280K, 0% used [0x00000000f0700000,0x00000000f0700000,0x00000000f2780000)
 ParOldGen       total 94720K, used 53132K [0x00000000a0000000, 0x00000000a5c80000, 0x00000000e0000000)
  object space 94720K, 56% used [0x00000000a0000000,0x00000000a33e33c0,0x00000000a5c80000)
 Metaspace       used 88631K, capacity 92142K, committed 92248K, reserved 1130496K
  class space    used 11303K, capacity 12038K, committed 12120K, reserved 1048576K
Event: 153.613 GC heap after
Heap after GC invocations=39 (full 14):
 PSYoungGen      total 302592K, used 27082K [0x00000000e0000000, 0x00000000f5a00000, 0x0000000100000000)
  eden space 269312K, 0% used [0x00000000e0000000,0x00000000e0000000,0x00000000f0700000)
  from space 33280K, 81% used [0x00000000f0700000,0x00000000f2172b18,0x00000000f2780000)
  to   space 37888K, 0% used [0x00000000f3500000,0x00000000f3500000,0x00000000f5a00000)
 ParOldGen       total 94720K, used 53140K [0x00000000a0000000, 0x00000000a5c80000, 0x00000000e0000000)
  object space 94720K, 56% used [0x00000000a0000000,0x00000000a33e53c0,0x00000000a5c80000)
 Metaspace       used 88631K, capacity 92142K, committed 92248K, reserved 1130496K
  class space    used 11303K, capacity 12038K, committed 12120K, reserved 1048576K
}

Deoptimization events (10 events):
Event: 155.890 Thread 0x000000001927b000 Uncommon trap: reason=bimorphic action=maybe_recompile pc=0x0000000005c81c08 method=com.sun.org.apache.xerces.internal.dom.ElementImpl.getNodeName()Ljava/lang/String; @ 8
Event: 155.945 Thread 0x000000001927b000 Uncommon trap: reason=unstable_if action=reinterpret pc=0x0000000002eb2400 method=java.lang.AbstractStringBuilder.append(Ljava/lang/String;)Ljava/lang/AbstractStringBuilder; @ 1
Event: 155.958 Thread 0x000000001927b000 Uncommon trap: reason=unstable_if action=reinterpret pc=0x0000000002de9278 method=java.lang.AbstractStringBuilder.append(Ljava/lang/String;)Ljava/lang/AbstractStringBuilder; @ 1
Event: 156.060 Thread 0x000000001927b000 Uncommon trap: reason=unstable_if action=reinterpret pc=0x00000000058d4a9c method=java.util.HashMap.removeNode(ILjava/lang/Object;Ljava/lang/Object;ZZ)Ljava/util/HashMap$Node; @ 71
Event: 156.454 Thread 0x000000001c864000 Uncommon trap: reason=class_check action=maybe_recompile pc=0x000000000455766c method=java.io.BufferedOutputStream.write([BII)V @ 20
Event: 156.455 Thread 0x000000001c864000 Uncommon trap: reason=class_check action=maybe_recompile pc=0x000000000455766c method=java.io.BufferedOutputStream.write([BII)V @ 20
Event: 156.456 Thread 0x000000001c864000 Uncommon trap: reason=class_check action=maybe_recompile pc=0x000000000455766c method=java.io.BufferedOutputStream.write([BII)V @ 20
Event: 156.457 Thread 0x000000001c864000 Uncommon trap: reason=class_check action=maybe_recompile pc=0x000000000455766c method=java.io.BufferedOutputStream.write([BII)V @ 20
Event: 158.899 Thread 0x000000001c864000 Uncommon trap: reason=bimorphic action=maybe_recompile pc=0x0000000004372380 method=com.google.common.collect.AbstractIndexedListIterator.next()Ljava/lang/Object; @ 27
Event: 158.899 Thread 0x000000001c864000 Uncommon trap: reason=bimorphic action=maybe_recompile pc=0x0000000004372380 method=com.google.common.collect.AbstractIndexedListIterator.next()Ljava/lang/Object; @ 27

Classes redefined (0 events):
No events

Internal exceptions (10 events):
Event: 149.849 Thread 0x000000001c864000 Exception <a 'sun/nio/fs/WindowsException'> (0x00000000e6b5cbc0) thrown at [D:\src\AOSP-openjdk-cygwin\jdk8u\hotspot\src\share\vm\prims\jni.cpp, line 710]
Event: 150.135 Thread 0x000000001927b000 Exception <a 'sun/nio/fs/WindowsException'> (0x00000000e78ad9a8) thrown at [D:\src\AOSP-openjdk-cygwin\jdk8u\hotspot\src\share\vm\prims\jni.cpp, line 710]
Event: 152.831 Thread 0x000000001927b000 Implicit null exception at 0x00000000041d4c33 to 0x00000000041d8089
Event: 152.831 Thread 0x000000001927b000 Implicit null exception at 0x000000000358897b to 0x0000000003589299
Event: 155.945 Thread 0x000000001927b000 Implicit null exception at 0x0000000002eb2056 to 0x0000000002eb23e9
Event: 155.958 Thread 0x000000001927b000 Implicit null exception at 0x0000000002de8ed6 to 0x0000000002de9261
Event: 158.896 Thread 0x000000001c864000 Exception <a 'sun/nio/fs/WindowsException'> (0x00000000e65859a0) thrown at [D:\src\AOSP-openjdk-cygwin\jdk8u\hotspot\src\share\vm\prims\jni.cpp, line 710]
Event: 158.896 Thread 0x000000001c864000 Exception <a 'sun/nio/fs/WindowsException'> (0x00000000e65861f0) thrown at [D:\src\AOSP-openjdk-cygwin\jdk8u\hotspot\src\share\vm\prims\jni.cpp, line 710]
Event: 158.896 Thread 0x000000001c864000 Exception <a 'sun/nio/fs/WindowsException'> (0x00000000e6586698) thrown at [D:\src\AOSP-openjdk-cygwin\jdk8u\hotspot\src\share\vm\prims\jni.cpp, line 710]
Event: 159.068 Thread 0x000000001c864000 Exception <a 'java/lang/OutOfMemoryError'> (0x00000000e72631b0) thrown at [D:\src\AOSP-openjdk-cygwin\jdk8u\hotspot\src\share\vm\prims\jni.cpp, line 736]

Events (10 events):
Event: 158.295 Executing VM operation: RevokeBias done
Event: 158.295 Thread 0x000000001c865000 Thread exited: 0x000000001c865000
Event: 158.899 Thread 0x000000001c864000 Uncommon trap: trap_request=0xffffffc6 fr.pc=0x0000000004372380
Event: 158.899 Thread 0x000000001c864000 DEOPT PACKING pc=0x0000000004372380 sp=0x000000002d93e2a0
Event: 158.899 Thread 0x000000001c864000 DEOPT UNPACKING pc=0x0000000002bf557b sp=0x000000002d93e240 mode 2
Event: 158.899 Thread 0x000000001c864000 Uncommon trap: trap_request=0xffffffc6 fr.pc=0x0000000004372380
Event: 158.899 Thread 0x000000001c864000 DEOPT PACKING pc=0x0000000004372380 sp=0x000000002d93e2a0
Event: 158.899 Thread 0x000000001c864000 DEOPT UNPACKING pc=0x0000000002bf557b sp=0x000000002d93e240 mode 2
Event: 158.960 Thread 0x000000001c864000 DEOPT PACKING pc=0x00000000043f0bbe sp=0x000000002d93dbd0
Event: 158.960 Thread 0x000000001c864000 DEOPT UNPACKING pc=0x0000000002bf71d0 sp=0x000000002d93d940 mode 0


Dynamic libraries:
0x00007ff747390000 - 0x00007ff7473c1000 	C:\Program Files\Android\Android Studio1\jre\bin\java.exe
0x00007ffece5a0000 - 0x00007ffece78d000 	C:\Windows\SYSTEM32\ntdll.dll
0x00007ffece470000 - 0x00007ffece523000 	C:\Windows\System32\KERNEL32.DLL
0x00007ffecacf0000 - 0x00007ffecaf83000 	C:\Windows\System32\KERNELBASE.dll
0x00007ffecd4b0000 - 0x00007ffecd553000 	C:\Windows\System32\ADVAPI32.dll
0x00007ffecccf0000 - 0x00007ffeccd8e000 	C:\Windows\System32\msvcrt.dll
0x00007ffecd260000 - 0x00007ffecd2fe000 	C:\Windows\System32\sechost.dll
0x00007ffeccd90000 - 0x00007ffecceb2000 	C:\Windows\System32\RPCRT4.dll
0x00007ffecd890000 - 0x00007ffecda27000 	C:\Windows\System32\USER32.dll
0x00007ffecb060000 - 0x00007ffecb080000 	C:\Windows\System32\win32u.dll
0x00007ffecd230000 - 0x00007ffecd259000 	C:\Windows\System32\GDI32.dll
0x00007ffecab20000 - 0x00007ffecacb9000 	C:\Windows\System32\gdi32full.dll
0x00007ffeca870000 - 0x00007ffeca910000 	C:\Windows\System32\msvcp_win.dll
0x00007ffecaa20000 - 0x00007ffecab1a000 	C:\Windows\System32\ucrtbase.dll
0x00007ffebea10000 - 0x00007ffebec89000 	C:\Windows\WinSxS\amd64_microsoft.windows.common-controls_6595b64144ccf1df_6.0.17763.1098_none_de762ed45346ee8a\COMCTL32.dll
0x00007ffecdbd0000 - 0x00007ffecdefc000 	C:\Windows\System32\combase.dll
0x00007ffecafe0000 - 0x00007ffecb05e000 	C:\Windows\System32\bcryptPrimitives.dll
0x00007ffecdae0000 - 0x00007ffecdb0e000 	C:\Windows\System32\IMM32.DLL
0x00000000771a0000 - 0x0000000077272000 	C:\Program Files\Android\Android Studio1\jre\jre\bin\msvcr100.dll
0x00000000764b0000 - 0x0000000076cf6000 	C:\Program Files\Android\Android Studio1\jre\jre\bin\server\jvm.dll
0x00007ffecd6d0000 - 0x00007ffecd6d8000 	C:\Windows\System32\PSAPI.DLL
0x00007ffeafad0000 - 0x00007ffeafad9000 	C:\Windows\SYSTEM32\WSOCK32.dll
0x00007ffece530000 - 0x00007ffece59d000 	C:\Windows\System32\WS2_32.dll
0x00007ffec8800000 - 0x00007ffec8824000 	C:\Windows\SYSTEM32\WINMM.dll
0x00007ffebd4a0000 - 0x00007ffebd4aa000 	C:\Windows\SYSTEM32\VERSION.dll
0x00007ffec86e0000 - 0x00007ffec870d000 	C:\Windows\SYSTEM32\WINMMBASE.dll
0x00007ffecaf90000 - 0x00007ffecafda000 	C:\Windows\System32\cfgmgr32.dll
0x00007ffec8130000 - 0x00007ffec813f000 	C:\Program Files\Android\Android Studio1\jre\jre\bin\verify.dll
0x00007ffec7730000 - 0x00007ffec7759000 	C:\Program Files\Android\Android Studio1\jre\jre\bin\java.dll
0x00007ffec71c0000 - 0x00007ffec71d6000 	C:\Program Files\Android\Android Studio1\jre\jre\bin\zip.dll
0x00007ffecb7f0000 - 0x00007ffeccce4000 	C:\Windows\System32\SHELL32.dll
0x00007ffecda30000 - 0x00007ffecdad8000 	C:\Windows\System32\shcore.dll
0x00007ffecb0a0000 - 0x00007ffecb7ed000 	C:\Windows\System32\windows.storage.dll
0x00007ffeca620000 - 0x00007ffeca644000 	C:\Windows\System32\profapi.dll
0x00007ffeca5c0000 - 0x00007ffeca61d000 	C:\Windows\System32\powrprof.dll
0x00007ffecdb70000 - 0x00007ffecdbc2000 	C:\Windows\System32\shlwapi.dll
0x00007ffeca650000 - 0x00007ffeca661000 	C:\Windows\System32\kernel.appcore.dll
0x00007ffecb080000 - 0x00007ffecb097000 	C:\Windows\System32\cryptsp.dll
0x00007ffec71a0000 - 0x00007ffec71ba000 	C:\Program Files\Android\Android Studio1\jre\jre\bin\net.dll
0x00007ffec00c0000 - 0x00007ffec0297000 	C:\Windows\SYSTEM32\urlmon.dll
0x00007ffec04a0000 - 0x00007ffec0748000 	C:\Windows\SYSTEM32\iertutil.dll
0x00007ffec9fa0000 - 0x00007ffec9fac000 	C:\Windows\SYSTEM32\CRYPTBASE.DLL
0x00007ffec9dd0000 - 0x00007ffec9e37000 	C:\Windows\system32\mswsock.dll
0x00007ffec4140000 - 0x00007ffec4153000 	C:\Program Files\Android\Android Studio1\jre\jre\bin\nio.dll
0x00007ffec6f70000 - 0x00007ffec6f96000 	C:\Users\deCrypt3d\.gradle\native\30\windows-amd64\native-platform.dll
0x00007ffec6e50000 - 0x00007ffec6e5d000 	C:\Program Files\Android\Android Studio1\jre\jre\bin\management.dll
0x00007ffec9950000 - 0x00007ffec9983000 	C:\Windows\system32\rsaenh.dll
0x00007ffecacc0000 - 0x00007ffecace6000 	C:\Windows\System32\bcrypt.dll
0x00007ffeca4c0000 - 0x00007ffeca4e8000 	C:\Windows\SYSTEM32\USERENV.dll
0x00007ffec9af0000 - 0x00007ffec9b2d000 	C:\Windows\SYSTEM32\IPHLPAPI.DLL
0x00007ffece380000 - 0x00007ffece388000 	C:\Windows\System32\NSI.dll
0x00007ffec02c0000 - 0x00007ffec02d6000 	C:\Windows\SYSTEM32\dhcpcsvc6.DLL
0x00007ffec02a0000 - 0x00007ffec02bc000 	C:\Windows\SYSTEM32\dhcpcsvc.DLL
0x00007ffec9b30000 - 0x00007ffec9bf6000 	C:\Windows\SYSTEM32\DNSAPI.dll

VM Arguments:
jvm_args: -Xmx1536m -Dfile.encoding=windows-1252 -Duser.country=ID -Duser.language=en -Duser.variant 
java_command: org.gradle.launcher.daemon.bootstrap.GradleDaemon 5.6.4
java_class_path (initial): C:\Users\deCrypt3d\.gradle\wrapper\dists\gradle-5.6.4-all\ankdp27end7byghfw1q2sw75f\gradle-5.6.4\lib\gradle-launcher-5.6.4.jar
Launcher Type: SUN_STANDARD

Environment Variables:
PATH=C:\ProgramData\Oracle\Java\javapath;C:\Program Files (x86)\Common Files\Intel\Shared Files\cpp\bin\Intel64;C:\Windows\system32;C:\Windows;C:\Windows\System32\Wbem;C:\Windows\System32\WindowsPowerShell\v1.0\;C:\xampp\php;C:\ProgramData\ComposerSetup\bin;C:\Program Files\PuTTY\;C:\Program Files\nodejs\;%JAVA_HOME%\bin;C:\SDK\gradle-6.3\bin;C:\Program Files (x86)\GtkSharp\2.12\bin;C:\Users\deCrypt3d\AppData\Local\Microsoft\WindowsApps;C:\Users\deCrypt3d\AppData\Roaming\Composer\vendor\bin;C:\Users\deCrypt3d\AppData\Roaming\npm;
USERNAME=deCrypt3d
OS=Windows_NT
PROCESSOR_IDENTIFIER=Intel64 Family 6 Model 58 Stepping 9, GenuineIntel



---------------  S Y S T E M  ---------------

OS: Windows 10.0 , 64 bit Build 17763 (10.0.17763.475)

CPU:total 2 (initial active 2) (2 cores per cpu, 1 threads per core) family 6 model 58 stepping 9, cmov, cx8, fxsr, mmx, sse, sse2, sse3, ssse3, sse4.1, sse4.2, popcnt, clmul, erms, tsc, tscinvbit, tscinv

Memory: 4k page, physical 3880804k(325544k free), swap 3880804k(4156k free)

vm_info: OpenJDK 64-Bit Server VM (25.212-b04) for windows-amd64 JRE (1.8.0_212-release-1586-b04), built by "builder" with MS VC++ 10.0 (VS2010)

time: Thu Jul 09 16:30:21 2020
timezone: SE Asia Standard Time
elapsed time: 159 seconds (0d 0h 2m 39s)

