#
# There is insufficient memory for the Java Runtime Environment to continue.
# Native memory allocation (malloc) failed to allocate 118576 bytes for Chunk::new
# Possible reasons:
#   The system is out of physical RAM or swap space
#   The process is running with CompressedOops enabled, and the Java Heap may be blocking the growth of the native heap
# Possible solutions:
#   Reduce memory load on the system
#   Increase physical memory or swap space
#   Check if swap backing store is full
#   Decrease Java heap size (-Xmx/-Xms)
#   Decrease number of Java threads
#   Decrease Java thread stack sizes (-Xss)
#   Set larger code cache with -XX:ReservedCodeCacheSize=
#   JVM is running with Unscaled Compressed Oops mode in which the Java heap is
#     placed in the first 4GB address space. The Java Heap base address is the
#     maximum limit for the native heap growth. Please use -XX:HeapBaseMinAddress
#     to set the Java Heap base and to place the Java Heap above 4GB virtual address.
# This output file may be truncated or incomplete.
#
#  Out of Memory Error (allocation.cpp:389), pid=5496, tid=0x0000000000001484
#
# JRE version: OpenJDK Runtime Environment (8.0_212-b04) (build 1.8.0_212-release-1586-b04)
# Java VM: OpenJDK 64-Bit Server VM (25.212-b04 mixed mode windows-amd64 compressed oops)
# Failed to write core dump. Minidumps are not enabled by default on client versions of Windows
#

---------------  T H R E A D  ---------------

Current thread (0x0000000015e58800):  JavaThread "C2 CompilerThread0" daemon [_thread_in_native, id=5252, stack(0x0000000016eb0000,0x0000000016fb0000)]

Stack: [0x0000000016eb0000,0x0000000016fb0000]
[error occurred during error reporting (printing stack bounds), id 0xc0000005]

Native frames: (J=compiled Java code, j=interpreted, Vv=VM code, C=native code)


Current CompileTask:
C2:3205100 12145 %     4       org.apache.commons.io.FilenameUtils::doNormalize @ 134 (534 bytes)


---------------  P R O C E S S  ---------------

Java Threads: ( => current thread )
  0x000000001c372000 JavaThread "WorkerExecutor Queue Thread 3" [_thread_blocked, id=704, stack(0x0000000023af0000,0x0000000023bf0000)]
  0x000000001c370800 JavaThread "stdout" [_thread_in_native, id=2772, stack(0x00000000239f0000,0x0000000023af0000)]
  0x000000001c373800 JavaThread "stderr" [_thread_in_native, id=1624, stack(0x00000000238f0000,0x00000000239f0000)]
  0x000000001c36c000 JavaThread "stdout" [_thread_in_native, id=4364, stack(0x00000000237f0000,0x00000000238f0000)]
  0x000000001c36d800 JavaThread "stderr" [_thread_in_native, id=1980, stack(0x00000000236f0000,0x00000000237f0000)]
  0x000000001c36c800 JavaThread "pool-4-thread-1" [_thread_blocked, id=2408, stack(0x00000000235f0000,0x00000000236f0000)]
  0x000000001c36b000 JavaThread "WorkerExecutor Queue" [_thread_blocked, id=428, stack(0x00000000233f0000,0x00000000234f0000)]
  0x0000000018082800 JavaThread "Cache worker for execution history cache (D:\Semangat Tugas Akhir\Main Project\PajakAir\.gradle\5.6.4\executionHistory)" [_thread_blocked, id=6460, stack(0x00000000232f0000,0x00000000233f0000)]
  0x000000001807e800 JavaThread "Execution worker for ':'" [_thread_in_Java, id=2500, stack(0x00000000231f0000,0x00000000232f0000)]
  0x0000000017c5e800 JavaThread "Cache worker for file content cache (D:\Semangat Tugas Akhir\Main Project\PajakAir\.gradle\5.6.4\fileContent)" [_thread_blocked, id=1932, stack(0x00000000230f0000,0x00000000231f0000)]
  0x0000000017c5d800 JavaThread "Cache worker for file content cache (C:\Users\deCrypt3d\.gradle\caches\5.6.4\fileContent)" [_thread_blocked, id=148, stack(0x0000000022ff0000,0x00000000230f0000)]
  0x0000000017c5d000 JavaThread "Cache worker for Build Output Cleanup Cache (D:\Semangat Tugas Akhir\Main Project\PajakAir\.gradle\buildOutputCleanup)" [_thread_blocked, id=2712, stack(0x0000000022ef0000,0x0000000022ff0000)]
  0x0000000017c57800 JavaThread "Build operations Thread 2" [_thread_blocked, id=4256, stack(0x0000000022df0000,0x0000000022ef0000)]
  0x0000000017c59000 JavaThread "Build operations" [_thread_blocked, id=4808, stack(0x0000000022cf0000,0x0000000022df0000)]
  0x0000000017c5a800 JavaThread "Cache worker for cache directory md-rule (C:\Users\deCrypt3d\.gradle\caches\5.6.4\md-rule)" [_thread_blocked, id=5072, stack(0x0000000022bf0000,0x0000000022cf0000)]
  0x0000000017c58800 JavaThread "Cache worker for cache directory md-supplier (C:\Users\deCrypt3d\.gradle\caches\5.6.4\md-supplier)" [_thread_blocked, id=1048, stack(0x0000000022af0000,0x0000000022bf0000)]
  0x0000000017c5b800 JavaThread "Cache worker for file hash cache (D:\Semangat Tugas Akhir\Main Project\PajakAir\.gradle\5.6.4\fileHashes)" [_thread_blocked, id=5732, stack(0x00000000229f0000,0x0000000022af0000)]
  0x0000000017c5c000 JavaThread "Thread-26" [_thread_blocked, id=2780, stack(0x00000000228f0000,0x00000000229f0000)]
  0x0000000017c51000 JavaThread "Stdin handler" [_thread_blocked, id=2216, stack(0x00000000227f0000,0x00000000228f0000)]
  0x0000000017c57000 JavaThread "Asynchronous log dispatcher for DefaultDaemonConnection: socket connection from /127.0.0.1:49709 to /127.0.0.1:49715" [_thread_blocked, id=2200, stack(0x00000000226f0000,0x00000000227f0000)]
  0x0000000017c50000 JavaThread "Daemon worker Thread 2" [_thread_blocked, id=4968, stack(0x00000000225f0000,0x00000000226f0000)]
  0x0000000017c4f800 JavaThread "Cancel handler" [_thread_blocked, id=6776, stack(0x00000000224f0000,0x00000000225f0000)]
  0x0000000017c56000 JavaThread "Handler for socket connection from /127.0.0.1:49709 to /127.0.0.1:49715" [_thread_in_native, id=5300, stack(0x00000000223f0000,0x00000000224f0000)]
  0x0000000017c54800 JavaThread "Daemon Thread 2" [_thread_blocked, id=376, stack(0x00000000222f0000,0x00000000223f0000)]
  0x0000000017c52800 JavaThread "Memory manager" [_thread_blocked, id=3216, stack(0x0000000020120000,0x0000000020220000)]
  0x0000000017c55800 JavaThread "Cache worker for execution history cache (C:\Users\deCrypt3d\.gradle\caches\5.6.4\executionHistory)" [_thread_blocked, id=6132, stack(0x000000001e520000,0x000000001e620000)]
  0x0000000018080000 JavaThread "Cache worker for journal cache (C:\Users\deCrypt3d\.gradle\caches\journal-1)" [_thread_blocked, id=7068, stack(0x000000001b4d0000,0x000000001b5d0000)]
  0x0000000018083000 JavaThread "File lock request listener" [_thread_in_native, id=2708, stack(0x000000001b3d0000,0x000000001b4d0000)]
  0x0000000018081000 JavaThread "Cache worker for file hash cache (C:\Users\deCrypt3d\.gradle\caches\5.6.4\fileHashes)" [_thread_blocked, id=1268, stack(0x000000001b0d0000,0x000000001b1d0000)]
  0x0000000017510000 JavaThread "Daemon periodic checks" [_thread_blocked, id=6844, stack(0x000000001a6d0000,0x000000001a7d0000)]
  0x0000000018e1e800 JavaThread "Incoming local TCP Connector on port 49709" [_thread_in_native, id=6740, stack(0x00000000194c0000,0x00000000195c0000)]
  0x0000000018d85800 JavaThread "Daemon health stats" [_thread_blocked, id=6848, stack(0x0000000018e80000,0x0000000018f80000)]
  0x0000000015eba000 JavaThread "Service Thread" daemon [_thread_blocked, id=6048, stack(0x00000000170b0000,0x00000000171b0000)]
  0x0000000015eb4800 JavaThread "C1 CompilerThread1" daemon [_thread_in_native, id=3592, stack(0x0000000016fb0000,0x00000000170b0000)]
=>0x0000000015e58800 JavaThread "C2 CompilerThread0" daemon [_thread_in_native, id=5252, stack(0x0000000016eb0000,0x0000000016fb0000)]
  0x0000000015e57000 JavaThread "Attach Listener" daemon [_thread_blocked, id=5988, stack(0x0000000016db0000,0x0000000016eb0000)]
  0x0000000015e54000 JavaThread "Signal Dispatcher" daemon [_thread_blocked, id=5992, stack(0x0000000016cb0000,0x0000000016db0000)]
  0x00000000026f1800 JavaThread "Finalizer" daemon [_thread_blocked, id=6068, stack(0x0000000016aa0000,0x0000000016ba0000)]
  0x0000000015e47000 JavaThread "Reference Handler" daemon [_thread_blocked, id=5968, stack(0x00000000169a0000,0x0000000016aa0000)]
  0x00000000024fe000 JavaThread "main" [_thread_blocked, id=5692, stack(0x00000000023d0000,0x00000000024d0000)]

Other Threads:
  0x0000000015e25800 VMThread [stack: 0x00000000168a0000,0x00000000169a0000] [id=6840]
  0x0000000015ebd000 WatcherThread [stack: 0x00000000171b0000,0x00000000172b0000] [id=6052]

VM state:not at safepoint (normal execution)

VM Mutex/Monitor currently owned by a thread: None

OutOfMemory and StackOverflow Exception counts:
OutOfMemoryError java_heap_errors=1

heap address: 0x00000000a0000000, size: 1536 MB, Compressed Oops mode: 32-bit
Narrow klass base: 0x0000000000000000, Narrow klass shift: 3
Compressed class space size: 1073741824 Address: 0x0000000100000000

Heap:
 PSYoungGen      total 249344K, used 112253K [0x00000000e0000000, 0x00000000f3900000, 0x0000000100000000)
  eden space 223232K, 39% used [0x00000000e0000000,0x00000000e566cd30,0x00000000eda00000)
  from space 26112K, 90% used [0x00000000eda00000,0x00000000ef1329d8,0x00000000ef380000)
  to   space 29184K, 0% used [0x00000000f1c80000,0x00000000f1c80000,0x00000000f3900000)
 ParOldGen       total 94720K, used 52811K [0x00000000a0000000, 0x00000000a5c80000, 0x00000000e0000000)
  object space 94720K, 55% used [0x00000000a0000000,0x00000000a3392ce0,0x00000000a5c80000)
 Metaspace       used 79140K, capacity 82686K, committed 82712K, reserved 1120256K
  class space    used 10424K, capacity 11296K, committed 11304K, reserved 1048576K

Card table byte_map: [0x0000000011ad0000,0x0000000011de0000] byte_map_base: 0x00000000115d0000

Marking Bits: (ParMarkBitMap*) 0x0000000057889f30
 Begin Bits: [0x00000000121e0000, 0x00000000139e0000)
 End Bits:   [0x00000000139e0000, 0x00000000151e0000)

Polling page: 0x00000000024d0000

CodeCache: size=245760Kb used=31799Kb max_used=31799Kb free=213960Kb
 bounds [0x0000000002710000, 0x0000000004640000, 0x0000000011710000]
 total_blobs=11319 nmethods=10465 adapters=767
 compilation: enabled

Compilation events (10 events):
Event: 3205.069 Thread 0x0000000015eb4800 nmethod 12141 0x0000000004637890 code [0x0000000004637a00, 0x0000000004637ba8]
Event: 3205.076 Thread 0x0000000015eb4800 12142       3       org.objectweb.asm.MethodVisitor::<init> (47 bytes)
Event: 3205.077 Thread 0x0000000015eb4800 nmethod 12142 0x0000000004637c50 code [0x0000000004637dc0, 0x0000000004638148]
Event: 3205.085 Thread 0x0000000015eb4800 12143       3       java.nio.ByteBuffer::put (9 bytes)
Event: 3205.085 Thread 0x0000000015eb4800 nmethod 12143 0x0000000004638250 code [0x00000000046383c0, 0x00000000046385e8]
Event: 3205.085 Thread 0x0000000015eb4800 12144       3       java.nio.HeapByteBuffer::put (54 bytes)
Event: 3205.086 Thread 0x0000000015eb4800 nmethod 12144 0x0000000004638690 code [0x0000000004638860, 0x0000000004638fd8]
Event: 3205.093 Thread 0x0000000015e58800 12145 %     4       org.apache.commons.io.FilenameUtils::doNormalize @ 134 (534 bytes)
Event: 3205.099 Thread 0x0000000015eb4800 12146       3       java.io.FileInputStream::read (9 bytes)
Event: 3205.099 Thread 0x0000000015eb4800 nmethod 12146 0x0000000004639290 code [0x0000000004639400, 0x0000000004639588]

GC Heap History (10 events):
Event: 24.408 GC heap before
{Heap before GC invocations=14 (full 2):
 PSYoungGen      total 174080K, used 142640K [0x00000000e0000000, 0x00000000ee180000, 0x0000000100000000)
  eden space 160256K, 80% used [0x00000000e0000000,0x00000000e7dcdeb0,0x00000000e9c80000)
  from space 13824K, 99% used [0x00000000e9c80000,0x00000000ea9fe510,0x00000000eaa00000)
  to   space 17920K, 0% used [0x00000000ed000000,0x00000000ed000000,0x00000000ee180000)
 ParOldGen       total 57856K, used 25060K [0x00000000a0000000, 0x00000000a3880000, 0x00000000e0000000)
  object space 57856K, 43% used [0x00000000a0000000,0x00000000a1879018,0x00000000a3880000)
 Metaspace       used 56869K, capacity 58974K, committed 59160K, reserved 1099776K
  class space    used 7875K, capacity 8364K, committed 8488K, reserved 1048576K
Event: 24.517 GC heap after
Heap after GC invocations=14 (full 2):
 PSYoungGen      total 212480K, used 11890K [0x00000000e0000000, 0x00000000ee480000, 0x0000000100000000)
  eden space 194560K, 0% used [0x00000000e0000000,0x00000000e0000000,0x00000000ebe00000)
  from space 17920K, 66% used [0x00000000ed000000,0x00000000edb9ca68,0x00000000ee180000)
  to   space 18432K, 0% used [0x00000000ebe00000,0x00000000ebe00000,0x00000000ed000000)
 ParOldGen       total 57856K, used 35395K [0x00000000a0000000, 0x00000000a3880000, 0x00000000e0000000)
  object space 57856K, 61% used [0x00000000a0000000,0x00000000a2290e20,0x00000000a3880000)
 Metaspace       used 56869K, capacity 58974K, committed 59160K, reserved 1099776K
  class space    used 7875K, capacity 8364K, committed 8488K, reserved 1048576K
}
Event: 24.517 GC heap before
{Heap before GC invocations=15 (full 3):
 PSYoungGen      total 212480K, used 11890K [0x00000000e0000000, 0x00000000ee480000, 0x0000000100000000)
  eden space 194560K, 0% used [0x00000000e0000000,0x00000000e0000000,0x00000000ebe00000)
  from space 17920K, 66% used [0x00000000ed000000,0x00000000edb9ca68,0x00000000ee180000)
  to   space 18432K, 0% used [0x00000000ebe00000,0x00000000ebe00000,0x00000000ed000000)
 ParOldGen       total 57856K, used 35395K [0x00000000a0000000, 0x00000000a3880000, 0x00000000e0000000)
  object space 57856K, 61% used [0x00000000a0000000,0x00000000a2290e20,0x00000000a3880000)
 Metaspace       used 56869K, capacity 58974K, committed 59160K, reserved 1099776K
  class space    used 7875K, capacity 8364K, committed 8488K, reserved 1048576K
Event: 25.060 GC heap after
Heap after GC invocations=15 (full 3):
 PSYoungGen      total 212480K, used 0K [0x00000000e0000000, 0x00000000ee480000, 0x0000000100000000)
  eden space 194560K, 0% used [0x00000000e0000000,0x00000000e0000000,0x00000000ebe00000)
  from space 17920K, 0% used [0x00000000ed000000,0x00000000ed000000,0x00000000ee180000)
  to   space 18432K, 0% used [0x00000000ebe00000,0x00000000ebe00000,0x00000000ed000000)
 ParOldGen       total 94720K, used 37490K [0x00000000a0000000, 0x00000000a5c80000, 0x00000000e0000000)
  object space 94720K, 39% used [0x00000000a0000000,0x00000000a249c950,0x00000000a5c80000)
 Metaspace       used 56869K, capacity 58974K, committed 59160K, reserved 1099776K
  class space    used 7875K, capacity 8364K, committed 8488K, reserved 1048576K
}
Event: 30.912 GC heap before
{Heap before GC invocations=16 (full 3):
 PSYoungGen      total 212480K, used 194560K [0x00000000e0000000, 0x00000000ee480000, 0x0000000100000000)
  eden space 194560K, 100% used [0x00000000e0000000,0x00000000ebe00000,0x00000000ebe00000)
  from space 17920K, 0% used [0x00000000ed000000,0x00000000ed000000,0x00000000ee180000)
  to   space 18432K, 0% used [0x00000000ebe00000,0x00000000ebe00000,0x00000000ed000000)
 ParOldGen       total 94720K, used 37490K [0x00000000a0000000, 0x00000000a5c80000, 0x00000000e0000000)
  object space 94720K, 39% used [0x00000000a0000000,0x00000000a249c950,0x00000000a5c80000)
 Metaspace       used 65056K, capacity 67588K, committed 67736K, reserved 1107968K
  class space    used 9001K, capacity 9571K, committed 9640K, reserved 1048576K
Event: 30.962 GC heap after
Heap after GC invocations=16 (full 3):
 PSYoungGen      total 212992K, used 17879K [0x00000000e0000000, 0x00000000f0980000, 0x0000000100000000)
  eden space 194560K, 0% used [0x00000000e0000000,0x00000000e0000000,0x00000000ebe00000)
  from space 18432K, 97% used [0x00000000ebe00000,0x00000000ecf75f40,0x00000000ed000000)
  to   space 20992K, 0% used [0x00000000ef500000,0x00000000ef500000,0x00000000f0980000)
 ParOldGen       total 94720K, used 37498K [0x00000000a0000000, 0x00000000a5c80000, 0x00000000e0000000)
  object space 94720K, 39% used [0x00000000a0000000,0x00000000a249e950,0x00000000a5c80000)
 Metaspace       used 65056K, capacity 67588K, committed 67736K, reserved 1107968K
  class space    used 9001K, capacity 9571K, committed 9640K, reserved 1048576K
}
Event: 3192.255 GC heap before
{Heap before GC invocations=17 (full 3):
 PSYoungGen      total 212992K, used 212439K [0x00000000e0000000, 0x00000000f0980000, 0x0000000100000000)
  eden space 194560K, 100% used [0x00000000e0000000,0x00000000ebe00000,0x00000000ebe00000)
  from space 18432K, 97% used [0x00000000ebe00000,0x00000000ecf75f40,0x00000000ed000000)
  to   space 20992K, 0% used [0x00000000ef500000,0x00000000ef500000,0x00000000f0980000)
 ParOldGen       total 94720K, used 37498K [0x00000000a0000000, 0x00000000a5c80000, 0x00000000e0000000)
  object space 94720K, 39% used [0x00000000a0000000,0x00000000a249e950,0x00000000a5c80000)
 Metaspace       used 71876K, capacity 75168K, committed 75416K, reserved 1114112K
  class space    used 9570K, capacity 10405K, committed 10408K, reserved 1048576K
Event: 3192.386 GC heap after
Heap after GC invocations=17 (full 3):
 PSYoungGen      total 244224K, used 20965K [0x00000000e0000000, 0x00000000f0d00000, 0x0000000100000000)
  eden space 223232K, 0% used [0x00000000e0000000,0x00000000e0000000,0x00000000eda00000)
  from space 20992K, 99% used [0x00000000ef500000,0x00000000f0979520,0x00000000f0980000)
  to   space 26112K, 0% used [0x00000000eda00000,0x00000000eda00000,0x00000000ef380000)
 ParOldGen       total 94720K, used 41454K [0x00000000a0000000, 0x00000000a5c80000, 0x00000000e0000000)
  object space 94720K, 43% used [0x00000000a0000000,0x00000000a287b910,0x00000000a5c80000)
 Metaspace       used 71876K, capacity 75168K, committed 75416K, reserved 1114112K
  class space    used 9570K, capacity 10405K, committed 10408K, reserved 1048576K
}
Event: 3200.307 GC heap before
{Heap before GC invocations=18 (full 3):
 PSYoungGen      total 244224K, used 244197K [0x00000000e0000000, 0x00000000f0d00000, 0x0000000100000000)
  eden space 223232K, 100% used [0x00000000e0000000,0x00000000eda00000,0x00000000eda00000)
  from space 20992K, 99% used [0x00000000ef500000,0x00000000f0979520,0x00000000f0980000)
  to   space 26112K, 0% used [0x00000000eda00000,0x00000000eda00000,0x00000000ef380000)
 ParOldGen       total 94720K, used 41454K [0x00000000a0000000, 0x00000000a5c80000, 0x00000000e0000000)
  object space 94720K, 43% used [0x00000000a0000000,0x00000000a287b910,0x00000000a5c80000)
 Metaspace       used 76079K, capacity 79544K, committed 79896K, reserved 1118208K
  class space    used 10091K, capacity 10953K, committed 11048K, reserved 1048576K
Event: 3200.514 GC heap after
Heap after GC invocations=18 (full 3):
 PSYoungGen      total 249344K, used 23754K [0x00000000e0000000, 0x00000000f3900000, 0x0000000100000000)
  eden space 223232K, 0% used [0x00000000e0000000,0x00000000e0000000,0x00000000eda00000)
  from space 26112K, 90% used [0x00000000eda00000,0x00000000ef1329d8,0x00000000ef380000)
  to   space 29184K, 0% used [0x00000000f1c80000,0x00000000f1c80000,0x00000000f3900000)
 ParOldGen       total 94720K, used 52811K [0x00000000a0000000, 0x00000000a5c80000, 0x00000000e0000000)
  object space 94720K, 55% used [0x00000000a0000000,0x00000000a3392ce0,0x00000000a5c80000)
 Metaspace       used 76079K, capacity 79544K, committed 79896K, reserved 1118208K
  class space    used 10091K, capacity 10953K, committed 11048K, reserved 1048576K
}

Deoptimization events (10 events):
Event: 3204.579 Thread 0x000000001c36b000 Uncommon trap: reason=class_check action=maybe_recompile pc=0x0000000004585d44 method=com.google.common.collect.ImmutableList$1.get(I)Ljava/lang/Object; @ 5
Event: 3204.579 Thread 0x000000001c36b000 Uncommon trap: reason=class_check action=maybe_recompile pc=0x0000000004585d44 method=com.google.common.collect.ImmutableList$1.get(I)Ljava/lang/Object; @ 5
Event: 3204.710 Thread 0x000000001c36b000 Uncommon trap: reason=bimorphic action=maybe_recompile pc=0x000000000459bedc method=com.google.common.collect.AbstractIndexedListIterator.next()Ljava/lang/Object; @ 27
Event: 3204.710 Thread 0x000000001c36b000 Uncommon trap: reason=bimorphic action=maybe_recompile pc=0x000000000459bedc method=com.google.common.collect.AbstractIndexedListIterator.next()Ljava/lang/Object; @ 27
Event: 3204.806 Thread 0x000000001c36b000 Uncommon trap: reason=bimorphic action=maybe_recompile pc=0x00000000045d5b44 method=com.android.ide.common.symbols.SymbolTable$getSymbolByResourceType$$inlined$compareBy$1.compare(Ljava/lang/Object;Ljava/lang/Object;)I @ 13
Event: 3204.806 Thread 0x000000001c36b000 Uncommon trap: reason=bimorphic action=maybe_recompile pc=0x00000000045d5b44 method=com.android.ide.common.symbols.SymbolTable$getSymbolByResourceType$$inlined$compareBy$1.compare(Ljava/lang/Object;Ljava/lang/Object;)I @ 13
Event: 3204.806 Thread 0x000000001c36b000 Uncommon trap: reason=bimorphic action=maybe_recompile pc=0x00000000045d5b44 method=com.android.ide.common.symbols.SymbolTable$getSymbolByResourceType$$inlined$compareBy$1.compare(Ljava/lang/Object;Ljava/lang/Object;)I @ 13
Event: 3204.806 Thread 0x000000001c36b000 Uncommon trap: reason=bimorphic action=maybe_recompile pc=0x00000000045d5b44 method=com.android.ide.common.symbols.SymbolTable$getSymbolByResourceType$$inlined$compareBy$1.compare(Ljava/lang/Object;Ljava/lang/Object;)I @ 13
Event: 3204.842 Thread 0x000000001c36b000 Uncommon trap: reason=unstable_if action=reinterpret pc=0x00000000045d2d88 method=org.objectweb.asm.ByteVector.putShort(I)Lorg/objectweb/asm/ByteVector; @ 13
Event: 3205.011 Thread 0x000000001c36b000 Uncommon trap: reason=unstable_if action=reinterpret pc=0x0000000004618144 method=org.objectweb.asm.MethodWriter.visitLdcInsn(Ljava/lang/Object;)V @ 104

Classes redefined (0 events):
No events

Internal exceptions (10 events):
Event: 3201.240 Thread 0x000000001807e800 Implicit null exception at 0x00000000028379e0 to 0x0000000002837c1d
Event: 3201.309 Thread 0x000000001807e800 Exception <a 'java/lang/NoSuchMethodError': <clinit>> (0x00000000e22c2188) thrown at [D:\src\AOSP-openjdk-cygwin\jdk8u\hotspot\src\share\vm\prims\jni.cpp, line 1614]
Event: 3201.312 Thread 0x000000001807e800 Exception <a 'java/lang/NoSuchMethodError': <clinit>> (0x00000000e22dfc10) thrown at [D:\src\AOSP-openjdk-cygwin\jdk8u\hotspot\src\share\vm\prims\jni.cpp, line 1614]
Event: 3201.315 Thread 0x000000001807e800 Exception <a 'java/lang/NoSuchMethodError': <clinit>> (0x00000000e2302a20) thrown at [D:\src\AOSP-openjdk-cygwin\jdk8u\hotspot\src\share\vm\prims\jni.cpp, line 1614]
Event: 3201.330 Thread 0x000000001807e800 Exception <a 'java/lang/NoSuchMethodError': <clinit>> (0x00000000e23a0ef8) thrown at [D:\src\AOSP-openjdk-cygwin\jdk8u\hotspot\src\share\vm\prims\jni.cpp, line 1614]
Event: 3201.342 Thread 0x000000001807e800 Exception <a 'java/lang/NoSuchMethodError': <clinit>> (0x00000000e23f8dd0) thrown at [D:\src\AOSP-openjdk-cygwin\jdk8u\hotspot\src\share\vm\prims\jni.cpp, line 1614]
Event: 3204.699 Thread 0x000000001c36b000 Exception <a 'sun/nio/fs/WindowsException'> (0x00000000e4278e60) thrown at [D:\src\AOSP-openjdk-cygwin\jdk8u\hotspot\src\share\vm\prims\jni.cpp, line 710]
Event: 3204.699 Thread 0x000000001c36b000 Exception <a 'sun/nio/fs/WindowsException'> (0x00000000e4279308) thrown at [D:\src\AOSP-openjdk-cygwin\jdk8u\hotspot\src\share\vm\prims\jni.cpp, line 710]
Event: 3205.084 Thread 0x000000001c36b000 Exception <a 'java/lang/OutOfMemoryError'> (0x00000000e55673d0) thrown at [D:\src\AOSP-openjdk-cygwin\jdk8u\hotspot\src\share\vm\prims\jni.cpp, line 736]
Event: 3205.091 Thread 0x000000001807e800 Exception <a 'java/lang/reflect/InvocationTargetException'> (0x00000000e2419100) thrown at [D:\src\AOSP-openjdk-cygwin\jdk8u\hotspot\src\share\vm\runtime\reflection.cpp, line 1092]

Events (10 events):
Event: 3205.085 loading class com/android/zipflinger/EndOfCentralDirectory
Event: 3205.085 loading class com/android/zipflinger/EndOfCentralDirectory done
Event: 3205.087 loading class com/android/zipflinger/ZipInfo
Event: 3205.087 loading class com/android/zipflinger/ZipInfo done
Event: 3205.089 loading class com/android/ide/common/workers/WorkerExecutorException
Event: 3205.089 loading class com/android/ide/common/workers/WorkerExecutorException done
Event: 3205.090 loading class com/android/ide/common/workers/WorkerExecutorException$Companion
Event: 3205.090 loading class com/android/ide/common/workers/WorkerExecutorException$Companion done
Event: 3205.092 loading class org/gradle/internal/execution/steps/CatchExceptionStep$1
Event: 3205.092 loading class org/gradle/internal/execution/steps/CatchExceptionStep$1 done


Dynamic libraries:
0x00007ff6c6dc0000 - 0x00007ff6c6df1000 	C:\Program Files\Android\Android Studio1\jre\bin\java.exe
0x00007ffb26e90000 - 0x00007ffb2707d000 	C:\Windows\SYSTEM32\ntdll.dll
0x00007ffb255f0000 - 0x00007ffb256a3000 	C:\Windows\System32\KERNEL32.DLL
0x00007ffb239a0000 - 0x00007ffb23c33000 	C:\Windows\System32\KERNELBASE.dll
0x00007ffb26d80000 - 0x00007ffb26e23000 	C:\Windows\System32\ADVAPI32.dll
0x00007ffb26620000 - 0x00007ffb266be000 	C:\Windows\System32\msvcrt.dll
0x00007ffb26100000 - 0x00007ffb2619e000 	C:\Windows\System32\sechost.dll
0x00007ffb256b0000 - 0x00007ffb257d2000 	C:\Windows\System32\RPCRT4.dll
0x00007ffb25f60000 - 0x00007ffb260f7000 	C:\Windows\System32\USER32.dll
0x00007ffb23fd0000 - 0x00007ffb23ff0000 	C:\Windows\System32\win32u.dll
0x00007ffb25a90000 - 0x00007ffb25ab9000 	C:\Windows\System32\GDI32.dll
0x00007ffb23720000 - 0x00007ffb238b9000 	C:\Windows\System32\gdi32full.dll
0x00007ffb23ff0000 - 0x00007ffb24090000 	C:\Windows\System32\msvcp_win.dll
0x00007ffb23ed0000 - 0x00007ffb23fca000 	C:\Windows\System32\ucrtbase.dll
0x00007ffb13980000 - 0x00007ffb13bf9000 	C:\Windows\WinSxS\amd64_microsoft.windows.common-controls_6595b64144ccf1df_6.0.17763.1098_none_de762ed45346ee8a\COMCTL32.dll
0x00007ffb25ac0000 - 0x00007ffb25dec000 	C:\Windows\System32\combase.dll
0x00007ffb238c0000 - 0x00007ffb2393e000 	C:\Windows\System32\bcryptPrimitives.dll
0x00007ffb26cd0000 - 0x00007ffb26cfe000 	C:\Windows\System32\IMM32.DLL
0x0000000056f00000 - 0x0000000056fd2000 	C:\Program Files\Android\Android Studio1\jre\jre\bin\msvcr100.dll
0x00000000570c0000 - 0x0000000057906000 	C:\Program Files\Android\Android Studio1\jre\jre\bin\server\jvm.dll
0x00007ffb255e0000 - 0x00007ffb255e8000 	C:\Windows\System32\PSAPI.DLL
0x00007ffb0f5f0000 - 0x00007ffb0f5f9000 	C:\Windows\SYSTEM32\WSOCK32.dll
0x00007ffb266c0000 - 0x00007ffb2672d000 	C:\Windows\System32\WS2_32.dll
0x00007ffb210c0000 - 0x00007ffb210e4000 	C:\Windows\SYSTEM32\WINMM.dll
0x00007ffb17250000 - 0x00007ffb1725a000 	C:\Windows\SYSTEM32\VERSION.dll
0x00007ffb21090000 - 0x00007ffb210bd000 	C:\Windows\SYSTEM32\WINMMBASE.dll
0x00007ffb24090000 - 0x00007ffb240da000 	C:\Windows\System32\cfgmgr32.dll
0x00007ffb1cf80000 - 0x00007ffb1cf8f000 	C:\Program Files\Android\Android Studio1\jre\jre\bin\verify.dll
0x00007ffb1cf50000 - 0x00007ffb1cf79000 	C:\Program Files\Android\Android Studio1\jre\jre\bin\java.dll
0x00007ffb1cf30000 - 0x00007ffb1cf46000 	C:\Program Files\Android\Android Studio1\jre\jre\bin\zip.dll
0x00007ffb240e0000 - 0x00007ffb255d4000 	C:\Windows\System32\SHELL32.dll
0x00007ffb25e00000 - 0x00007ffb25ea8000 	C:\Windows\System32\shcore.dll
0x00007ffb22f80000 - 0x00007ffb236cd000 	C:\Windows\System32\windows.storage.dll
0x00007ffb22f50000 - 0x00007ffb22f74000 	C:\Windows\System32\profapi.dll
0x00007ffb22ed0000 - 0x00007ffb22f2d000 	C:\Windows\System32\powrprof.dll
0x00007ffb26e30000 - 0x00007ffb26e82000 	C:\Windows\System32\shlwapi.dll
0x00007ffb22eb0000 - 0x00007ffb22ec1000 	C:\Windows\System32\kernel.appcore.dll
0x00007ffb23700000 - 0x00007ffb23717000 	C:\Windows\System32\cryptsp.dll
0x00007ffb1cf10000 - 0x00007ffb1cf2a000 	C:\Program Files\Android\Android Studio1\jre\jre\bin\net.dll
0x00007ffb189b0000 - 0x00007ffb18b87000 	C:\Windows\SYSTEM32\urlmon.dll
0x00007ffb18d40000 - 0x00007ffb18fe8000 	C:\Windows\SYSTEM32\iertutil.dll
0x00007ffb22890000 - 0x00007ffb2289c000 	C:\Windows\SYSTEM32\CRYPTBASE.DLL
0x00007ffb226c0000 - 0x00007ffb22727000 	C:\Windows\system32\mswsock.dll
0x00007ffb1cef0000 - 0x00007ffb1cf03000 	C:\Program Files\Android\Android Studio1\jre\jre\bin\nio.dll
0x00007ffb12fb0000 - 0x00007ffb12fd6000 	C:\Users\deCrypt3d\.gradle\native\30\windows-amd64\native-platform.dll
0x00007ffb1cee0000 - 0x00007ffb1ceed000 	C:\Program Files\Android\Android Studio1\jre\jre\bin\management.dll
0x00007ffb22240000 - 0x00007ffb22273000 	C:\Windows\system32\rsaenh.dll
0x00007ffb236d0000 - 0x00007ffb236f6000 	C:\Windows\System32\bcrypt.dll
0x00007ffb22de0000 - 0x00007ffb22e08000 	C:\Windows\SYSTEM32\USERENV.dll
0x00007ffb223e0000 - 0x00007ffb2241d000 	C:\Windows\SYSTEM32\IPHLPAPI.DLL
0x00007ffb25df0000 - 0x00007ffb25df8000 	C:\Windows\System32\NSI.dll
0x00007ffb1aa50000 - 0x00007ffb1aa66000 	C:\Windows\SYSTEM32\dhcpcsvc6.DLL
0x00007ffb1aa10000 - 0x00007ffb1aa2c000 	C:\Windows\SYSTEM32\dhcpcsvc.DLL
0x00007ffb22420000 - 0x00007ffb224e6000 	C:\Windows\SYSTEM32\DNSAPI.dll
0x00007ffb1c360000 - 0x00007ffb1c384000 	C:\Program Files\Android\Android Studio1\jre\jre\bin\sunec.dll
0x00007ffb167a0000 - 0x00007ffb167aa000 	C:\Windows\System32\rasadhlp.dll

VM Arguments:
jvm_args: -Xmx1536m -Dfile.encoding=windows-1252 -Duser.country=ID -Duser.language=en -Duser.variant 
java_command: org.gradle.launcher.daemon.bootstrap.GradleDaemon 5.6.4
java_class_path (initial): C:\Users\deCrypt3d\.gradle\wrapper\dists\gradle-5.6.4-all\ankdp27end7byghfw1q2sw75f\gradle-5.6.4\lib\gradle-launcher-5.6.4.jar
Launcher Type: SUN_STANDARD

Environment Variables:
PATH=C:\ProgramData\Oracle\Java\javapath;C:\Program Files (x86)\Common Files\Intel\Shared Files\cpp\bin\Intel64;C:\Windows\system32;C:\Windows;C:\Windows\System32\Wbem;C:\Windows\System32\WindowsPowerShell\v1.0\;C:\xampp\php;C:\ProgramData\ComposerSetup\bin;C:\Program Files\PuTTY\;C:\Program Files\nodejs\;%JAVA_HOME%\bin;C:\SDK\gradle-6.3\bin;C:\Program Files (x86)\GtkSharp\2.12\bin;C:\Users\deCrypt3d\AppData\Local\Microsoft\WindowsApps;C:\Users\deCrypt3d\AppData\Roaming\Composer\vendor\bin;C:\Users\deCrypt3d\AppData\Roaming\npm;
USERNAME=deCrypt3d
OS=Windows_NT
PROCESSOR_IDENTIFIER=Intel64 Family 6 Model 58 Stepping 9, GenuineIntel



---------------  S Y S T E M  ---------------

OS: Windows 10.0 , 64 bit Build 17763 (10.0.17763.475)

CPU:total 2 (initial active 2) (2 cores per cpu, 1 threads per core) family 6 model 58 stepping 9, cmov, cx8, fxsr, mmx, sse, sse2, sse3, ssse3, sse4.1, sse4.2, popcnt, clmul, erms, tsc, tscinvbit, tscinv

Memory: 4k page, physical 3880804k(417652k free), swap 3880804k(4164k free)

vm_info: OpenJDK 64-Bit Server VM (25.212-b04) for windows-amd64 JRE (1.8.0_212-release-1586-b04), built by "builder" with MS VC++ 10.0 (VS2010)

time: Thu Jul 09 02:17:17 2020
timezone: SE Asia Standard Time
elapsed time: 3205 seconds (0d 0h 53m 25s)

