#
# There is insufficient memory for the Java Runtime Environment to continue.
# Native memory allocation (malloc) failed to allocate 869136 bytes for Chunk::new
# Possible reasons:
#   The system is out of physical RAM or swap space
#   The process is running with CompressedOops enabled, and the Java Heap may be blocking the growth of the native heap
# Possible solutions:
#   Reduce memory load on the system
#   Increase physical memory or swap space
#   Check if swap backing store is full
#   Decrease Java heap size (-Xmx/-Xms)
#   Decrease number of Java threads
#   Decrease Java thread stack sizes (-Xss)
#   Set larger code cache with -XX:ReservedCodeCacheSize=
#   JVM is running with Unscaled Compressed Oops mode in which the Java heap is
#     placed in the first 4GB address space. The Java Heap base address is the
#     maximum limit for the native heap growth. Please use -XX:HeapBaseMinAddress
#     to set the Java Heap base and to place the Java Heap above 4GB virtual address.
# This output file may be truncated or incomplete.
#
#  Out of Memory Error (allocation.cpp:389), pid=1148, tid=0x0000000000001834
#
# JRE version: OpenJDK Runtime Environment (8.0_212-b04) (build 1.8.0_212-release-1586-b04)
# Java VM: OpenJDK 64-Bit Server VM (25.212-b04 mixed mode windows-amd64 compressed oops)
# Failed to write core dump. Minidumps are not enabled by default on client versions of Windows
#

---------------  T H R E A D  ---------------

Current thread (0x0000000016578800):  JavaThread "C2 CompilerThread0" daemon [_thread_in_native, id=6196, stack(0x00000000175c0000,0x00000000176c0000)]

Stack: [0x00000000175c0000,0x00000000176c0000]
[error occurred during error reporting (printing stack bounds), id 0xc0000005]

Native frames: (J=compiled Java code, j=interpreted, Vv=VM code, C=native code)


Current CompileTask:
C2:  87183 10225       4       com.android.builder.symbols.BytecodeRClassWriterKt::generateResourceTypeClass (595 bytes)


---------------  P R O C E S S  ---------------

Java Threads: ( => current thread )
  0x0000000019f37000 JavaThread "stdout" [_thread_in_native, id=2328, stack(0x0000000023fa0000,0x00000000240a0000)]
  0x0000000019f37800 JavaThread "stderr" [_thread_in_native, id=7708, stack(0x0000000023ea0000,0x0000000023fa0000)]
  0x0000000019f36000 JavaThread "pool-4-thread-1" [_thread_blocked, id=2448, stack(0x0000000023da0000,0x0000000023ea0000)]
  0x0000000019f35800 JavaThread "WorkerExecutor Queue Thread 2" [_thread_blocked, id=7860, stack(0x0000000023ca0000,0x0000000023da0000)]
  0x0000000019f3a800 JavaThread "WorkerExecutor Queue" [_thread_blocked, id=8084, stack(0x0000000023ba0000,0x0000000023ca0000)]
  0x0000000019f38800 JavaThread "Cache worker for execution history cache (D:\Semangat Tugas Akhir\Main Project\PajakAir\.gradle\5.6.4\executionHistory)" [_thread_blocked, id=4356, stack(0x0000000023aa0000,0x0000000023ba0000)]
  0x0000000019f3a000 JavaThread "Execution worker for ':'" [_thread_in_Java, id=7204, stack(0x00000000239a0000,0x0000000023aa0000)]
  0x0000000019a2b000 JavaThread "Cache worker for file content cache (D:\Semangat Tugas Akhir\Main Project\PajakAir\.gradle\5.6.4\fileContent)" [_thread_blocked, id=2224, stack(0x00000000238a0000,0x00000000239a0000)]
  0x0000000019a29800 JavaThread "Cache worker for Build Output Cleanup Cache (D:\Semangat Tugas Akhir\Main Project\PajakAir\.gradle\buildOutputCleanup)" [_thread_blocked, id=8000, stack(0x00000000237a0000,0x00000000238a0000)]
  0x0000000018dcf800 JavaThread "Build operations Thread 2" [_thread_blocked, id=7816, stack(0x00000000236a0000,0x00000000237a0000)]
  0x0000000018dc7000 JavaThread "Build operations" [_thread_blocked, id=5792, stack(0x00000000235a0000,0x00000000236a0000)]
  0x0000000018dc5800 JavaThread "Cache worker for cache directory md-rule (C:\Users\deCrypt3d\.gradle\caches\5.6.4\md-rule)" [_thread_blocked, id=6240, stack(0x00000000234a0000,0x00000000235a0000)]
  0x0000000018dc5000 JavaThread "Cache worker for cache directory md-supplier (C:\Users\deCrypt3d\.gradle\caches\5.6.4\md-supplier)" [_thread_blocked, id=1944, stack(0x00000000233a0000,0x00000000234a0000)]
  0x0000000018dcb800 JavaThread "Cache worker for file hash cache (D:\Semangat Tugas Akhir\Main Project\PajakAir\.gradle\5.6.4\fileHashes)" [_thread_blocked, id=452, stack(0x00000000232a0000,0x00000000233a0000)]
  0x0000000018dca000 JavaThread "Thread-31" [_thread_blocked, id=6380, stack(0x00000000231a0000,0x00000000232a0000)]
  0x0000000018dc9800 JavaThread "Stdin handler" [_thread_blocked, id=2520, stack(0x00000000230a0000,0x00000000231a0000)]
  0x0000000018dc2800 JavaThread "Asynchronous log dispatcher for DefaultDaemonConnection: socket connection from /127.0.0.1:50440 to /127.0.0.1:50447" [_thread_blocked, id=7812, stack(0x0000000022fa0000,0x00000000230a0000)]
  0x0000000018dc8800 JavaThread "Cancel handler" [_thread_blocked, id=1816, stack(0x0000000022ea0000,0x0000000022fa0000)]
  0x0000000018dc4000 JavaThread "Handler for socket connection from /127.0.0.1:50440 to /127.0.0.1:50447" [_thread_in_native, id=2556, stack(0x0000000022da0000,0x0000000022ea0000)]
  0x0000000018dc1000 JavaThread "Cache worker for file content cache (C:\Users\deCrypt3d\.gradle\caches\5.6.4\fileContent)" [_thread_blocked, id=4344, stack(0x0000000020580000,0x0000000020680000)]
  0x0000000018dc3800 JavaThread "Memory manager" [_thread_blocked, id=3728, stack(0x0000000020480000,0x0000000020580000)]
  0x0000000018dc8000 JavaThread "Cache worker for execution history cache (C:\Users\deCrypt3d\.gradle\caches\5.6.4\executionHistory)" [_thread_blocked, id=1888, stack(0x000000001ee80000,0x000000001ef80000)]
  0x0000000019a26800 JavaThread "Cache worker for journal cache (C:\Users\deCrypt3d\.gradle\caches\journal-1)" [_thread_blocked, id=6248, stack(0x000000001bbe0000,0x000000001bce0000)]
  0x0000000019a2d800 JavaThread "File lock request listener" [_thread_in_native, id=7052, stack(0x000000001bae0000,0x000000001bbe0000)]
  0x0000000019a2c800 JavaThread "Cache worker for file hash cache (C:\Users\deCrypt3d\.gradle\caches\5.6.4\fileHashes)" [_thread_blocked, id=2828, stack(0x000000001b9e0000,0x000000001bae0000)]
  0x0000000019938000 JavaThread "Daemon worker" [_thread_blocked, id=6560, stack(0x000000001b3e0000,0x000000001b4e0000)]
  0x00000000198bb000 JavaThread "Daemon periodic checks" [_thread_blocked, id=4712, stack(0x000000001aee0000,0x000000001afe0000)]
  0x00000000198ba800 JavaThread "Daemon" [_thread_blocked, id=4784, stack(0x000000001ade0000,0x000000001aee0000)]
  0x0000000019582800 JavaThread "Incoming local TCP Connector on port 50440" [_thread_in_native, id=5252, stack(0x000000001aba0000,0x000000001aca0000)]
  0x00000000194a3000 JavaThread "Daemon health stats" [_thread_blocked, id=172, stack(0x0000000019590000,0x0000000019690000)]
  0x00000000165ec000 JavaThread "Service Thread" daemon [_thread_blocked, id=4024, stack(0x00000000177c0000,0x00000000178c0000)]
  0x000000001657c000 JavaThread "C1 CompilerThread1" daemon [_thread_blocked, id=5240, stack(0x00000000176c0000,0x00000000177c0000)]
=>0x0000000016578800 JavaThread "C2 CompilerThread0" daemon [_thread_in_native, id=6196, stack(0x00000000175c0000,0x00000000176c0000)]
  0x0000000016577000 JavaThread "Attach Listener" daemon [_thread_blocked, id=6648, stack(0x00000000174c0000,0x00000000175c0000)]
  0x0000000016574000 JavaThread "Signal Dispatcher" daemon [_thread_blocked, id=7888, stack(0x00000000173c0000,0x00000000174c0000)]
  0x0000000002d71800 JavaThread "Finalizer" daemon [_thread_blocked, id=7620, stack(0x00000000171c0000,0x00000000172c0000)]
  0x0000000016567000 JavaThread "Reference Handler" daemon [_thread_blocked, id=7524, stack(0x00000000170c0000,0x00000000171c0000)]
  0x0000000002e4e000 JavaThread "main" [_thread_blocked, id=820, stack(0x0000000002b00000,0x0000000002c00000)]

Other Threads:
  0x0000000016545800 VMThread [stack: 0x0000000016fc0000,0x00000000170c0000] [id=380]
  0x0000000016617000 WatcherThread [stack: 0x00000000178c0000,0x00000000179c0000] [id=5892]

VM state:not at safepoint (normal execution)

VM Mutex/Monitor currently owned by a thread: None

heap address: 0x00000000a0000000, size: 1536 MB, Compressed Oops mode: 32-bit
Narrow klass base: 0x0000000000000000, Narrow klass shift: 3
Compressed class space size: 1073741824 Address: 0x0000000100000000

Heap:
 PSYoungGen      total 247296K, used 118783K [0x00000000e0000000, 0x00000000f0e00000, 0x0000000100000000)
  eden space 227328K, 43% used [0x00000000e0000000,0x00000000e6081a18,0x00000000ede00000)
  from space 19968K, 99% used [0x00000000ef800000,0x00000000f0b7e480,0x00000000f0b80000)
  to   space 24576K, 0% used [0x00000000ede00000,0x00000000ede00000,0x00000000ef600000)
 ParOldGen       total 94208K, used 43039K [0x00000000a0000000, 0x00000000a5c00000, 0x00000000e0000000)
  object space 94208K, 45% used [0x00000000a0000000,0x00000000a2a07e00,0x00000000a5c00000)
 Metaspace       used 68778K, capacity 71038K, committed 71256K, reserved 1112064K
  class space    used 8997K, capacity 9512K, committed 9560K, reserved 1048576K

Card table byte_map: [0x0000000012210000,0x0000000012520000] byte_map_base: 0x0000000011d10000

Marking Bits: (ParMarkBitMap*) 0x0000000052489f30
 Begin Bits: [0x0000000012920000, 0x0000000014120000)
 End Bits:   [0x0000000014120000, 0x0000000015920000)

Polling page: 0x0000000002c00000

CodeCache: size=245760Kb used=28281Kb max_used=28281Kb free=217478Kb
 bounds [0x0000000002e50000, 0x0000000004a10000, 0x0000000011e50000]
 total_blobs=9733 nmethods=8905 adapters=742
 compilation: enabled

Compilation events (10 events):
Event: 87.177 Thread 0x000000001657c000 10303       2       org.objectweb.asm.FieldWriter::visitEnd (1 bytes)
Event: 87.177 Thread 0x000000001657c000 nmethod 10303 0x0000000004a09f90 code [0x0000000004a0a0e0, 0x0000000004a0a230]
Event: 87.177 Thread 0x000000001657c000 10304       2       com.google.common.collect.ImmutableSortedSet::copyOf (10 bytes)
Event: 87.177 Thread 0x000000001657c000 nmethod 10304 0x0000000004a0a2d0 code [0x0000000004a0a440, 0x0000000004a0a5a8]
Event: 87.178 Thread 0x000000001657c000 10305       2       java.util.TreeSet::comparator (10 bytes)
Event: 87.178 Thread 0x000000001657c000 nmethod 10305 0x0000000004a0a650 code [0x0000000004a0a7c0, 0x0000000004a0a948]
Event: 87.179 Thread 0x000000001657c000 10306       2       org.gradle.api.internal.tasks.compile.AnnotatableMember::getAnnotations (8 bytes)
Event: 87.179 Thread 0x000000001657c000 nmethod 10306 0x0000000004a0a9d0 code [0x0000000004a0ab40, 0x0000000004a0acc8]
Event: 87.179 Thread 0x000000001657c000 10307       2       org.gradle.api.internal.tasks.compile.ApiMemberSelector::visitAnnotationMembers (55 bytes)
Event: 87.180 Thread 0x000000001657c000 nmethod 10307 0x0000000004a0ad90 code [0x0000000004a0af60, 0x0000000004a0b288]

GC Heap History (10 events):
Event: 18.139 GC heap before
{Heap before GC invocations=13 (full 2):
 PSYoungGen      total 171520K, used 159744K [0x00000000e0000000, 0x00000000eb600000, 0x0000000100000000)
  eden space 159744K, 100% used [0x00000000e0000000,0x00000000e9c00000,0x00000000e9c00000)
  from space 11776K, 0% used [0x00000000ea980000,0x00000000ea980000,0x00000000eb500000)
  to   space 13312K, 0% used [0x00000000e9c00000,0x00000000e9c00000,0x00000000ea900000)
 ParOldGen       total 56320K, used 18411K [0x00000000a0000000, 0x00000000a3700000, 0x00000000e0000000)
  object space 56320K, 32% used [0x00000000a0000000,0x00000000a11faec8,0x00000000a3700000)
 Metaspace       used 50289K, capacity 51728K, committed 51840K, reserved 1093632K
  class space    used 6798K, capacity 7207K, committed 7296K, reserved 1048576K
Event: 18.194 GC heap after
Heap after GC invocations=13 (full 2):
 PSYoungGen      total 173056K, used 13302K [0x00000000e0000000, 0x00000000ee280000, 0x0000000100000000)
  eden space 159744K, 0% used [0x00000000e0000000,0x00000000e0000000,0x00000000e9c00000)
  from space 13312K, 99% used [0x00000000e9c00000,0x00000000ea8fdb10,0x00000000ea900000)
  to   space 17920K, 0% used [0x00000000ed100000,0x00000000ed100000,0x00000000ee280000)
 ParOldGen       total 56320K, used 25310K [0x00000000a0000000, 0x00000000a3700000, 0x00000000e0000000)
  object space 56320K, 44% used [0x00000000a0000000,0x00000000a18b7bb8,0x00000000a3700000)
 Metaspace       used 50289K, capacity 51728K, committed 51840K, reserved 1093632K
  class space    used 6798K, capacity 7207K, committed 7296K, reserved 1048576K
}
Event: 21.626 GC heap before
{Heap before GC invocations=14 (full 2):
 PSYoungGen      total 173056K, used 128063K [0x00000000e0000000, 0x00000000ee280000, 0x0000000100000000)
  eden space 159744K, 71% used [0x00000000e0000000,0x00000000e70123e0,0x00000000e9c00000)
  from space 13312K, 99% used [0x00000000e9c00000,0x00000000ea8fdb10,0x00000000ea900000)
  to   space 17920K, 0% used [0x00000000ed100000,0x00000000ed100000,0x00000000ee280000)
 ParOldGen       total 56320K, used 25310K [0x00000000a0000000, 0x00000000a3700000, 0x00000000e0000000)
  object space 56320K, 44% used [0x00000000a0000000,0x00000000a18b7bb8,0x00000000a3700000)
 Metaspace       used 57235K, capacity 59002K, committed 59096K, reserved 1099776K
  class space    used 7863K, capacity 8328K, committed 8408K, reserved 1048576K
Event: 21.751 GC heap after
Heap after GC invocations=14 (full 2):
 PSYoungGen      total 212992K, used 13148K [0x00000000e0000000, 0x00000000eea80000, 0x0000000100000000)
  eden space 195072K, 0% used [0x00000000e0000000,0x00000000e0000000,0x00000000ebe80000)
  from space 17920K, 73% used [0x00000000ed100000,0x00000000eddd71a8,0x00000000ee280000)
  to   space 18944K, 0% used [0x00000000ebe80000,0x00000000ebe80000,0x00000000ed100000)
 ParOldGen       total 56320K, used 35126K [0x00000000a0000000, 0x00000000a3700000, 0x00000000e0000000)
  object space 56320K, 62% used [0x00000000a0000000,0x00000000a224d838,0x00000000a3700000)
 Metaspace       used 57235K, capacity 59002K, committed 59096K, reserved 1099776K
  class space    used 7863K, capacity 8328K, committed 8408K, reserved 1048576K
}
Event: 21.751 GC heap before
{Heap before GC invocations=15 (full 3):
 PSYoungGen      total 212992K, used 13148K [0x00000000e0000000, 0x00000000eea80000, 0x0000000100000000)
  eden space 195072K, 0% used [0x00000000e0000000,0x00000000e0000000,0x00000000ebe80000)
  from space 17920K, 73% used [0x00000000ed100000,0x00000000eddd71a8,0x00000000ee280000)
  to   space 18944K, 0% used [0x00000000ebe80000,0x00000000ebe80000,0x00000000ed100000)
 ParOldGen       total 56320K, used 35126K [0x00000000a0000000, 0x00000000a3700000, 0x00000000e0000000)
  object space 56320K, 62% used [0x00000000a0000000,0x00000000a224d838,0x00000000a3700000)
 Metaspace       used 57235K, capacity 59002K, committed 59096K, reserved 1099776K
  class space    used 7863K, capacity 8328K, committed 8408K, reserved 1048576K
Event: 22.280 GC heap after
Heap after GC invocations=15 (full 3):
 PSYoungGen      total 212992K, used 0K [0x00000000e0000000, 0x00000000eea80000, 0x0000000100000000)
  eden space 195072K, 0% used [0x00000000e0000000,0x00000000e0000000,0x00000000ebe80000)
  from space 17920K, 0% used [0x00000000ed100000,0x00000000ed100000,0x00000000ee280000)
  to   space 18944K, 0% used [0x00000000ebe80000,0x00000000ebe80000,0x00000000ed100000)
 ParOldGen       total 94208K, used 37756K [0x00000000a0000000, 0x00000000a5c00000, 0x00000000e0000000)
  object space 94208K, 40% used [0x00000000a0000000,0x00000000a24df168,0x00000000a5c00000)
 Metaspace       used 57235K, capacity 59002K, committed 59096K, reserved 1099776K
  class space    used 7863K, capacity 8328K, committed 8408K, reserved 1048576K
}
Event: 29.333 GC heap before
{Heap before GC invocations=16 (full 3):
 PSYoungGen      total 212992K, used 195072K [0x00000000e0000000, 0x00000000eea80000, 0x0000000100000000)
  eden space 195072K, 100% used [0x00000000e0000000,0x00000000ebe80000,0x00000000ebe80000)
  from space 17920K, 0% used [0x00000000ed100000,0x00000000ed100000,0x00000000ee280000)
  to   space 18944K, 0% used [0x00000000ebe80000,0x00000000ebe80000,0x00000000ed100000)
 ParOldGen       total 94208K, used 37756K [0x00000000a0000000, 0x00000000a5c00000, 0x00000000e0000000)
  object space 94208K, 40% used [0x00000000a0000000,0x00000000a24df168,0x00000000a5c00000)
 Metaspace       used 60772K, capacity 62826K, committed 63064K, reserved 1103872K
  class space    used 8287K, capacity 8780K, committed 8792K, reserved 1048576K
Event: 29.406 GC heap after
Heap after GC invocations=16 (full 3):
 PSYoungGen      total 214016K, used 12909K [0x00000000e0000000, 0x00000000f0b80000, 0x0000000100000000)
  eden space 195072K, 0% used [0x00000000e0000000,0x00000000e0000000,0x00000000ebe80000)
  from space 18944K, 68% used [0x00000000ebe80000,0x00000000ecb1b728,0x00000000ed100000)
  to   space 19968K, 0% used [0x00000000ef800000,0x00000000ef800000,0x00000000f0b80000)
 ParOldGen       total 94208K, used 37764K [0x00000000a0000000, 0x00000000a5c00000, 0x00000000e0000000)
  object space 94208K, 40% used [0x00000000a0000000,0x00000000a24e1168,0x00000000a5c00000)
 Metaspace       used 60772K, capacity 62826K, committed 63064K, reserved 1103872K
  class space    used 8287K, capacity 8780K, committed 8792K, reserved 1048576K
}
Event: 83.559 GC heap before
{Heap before GC invocations=17 (full 3):
 PSYoungGen      total 214016K, used 207981K [0x00000000e0000000, 0x00000000f0b80000, 0x0000000100000000)
  eden space 195072K, 100% used [0x00000000e0000000,0x00000000ebe80000,0x00000000ebe80000)
  from space 18944K, 68% used [0x00000000ebe80000,0x00000000ecb1b728,0x00000000ed100000)
  to   space 19968K, 0% used [0x00000000ef800000,0x00000000ef800000,0x00000000f0b80000)
 ParOldGen       total 94208K, used 37764K [0x00000000a0000000, 0x00000000a5c00000, 0x00000000e0000000)
  object space 94208K, 40% used [0x00000000a0000000,0x00000000a24e1168,0x00000000a5c00000)
 Metaspace       used 67638K, capacity 69888K, committed 70104K, reserved 1110016K
  class space    used 8900K, capacity 9411K, committed 9432K, reserved 1048576K
Event: 83.625 GC heap after
Heap after GC invocations=17 (full 3):
 PSYoungGen      total 247296K, used 19961K [0x00000000e0000000, 0x00000000f0e00000, 0x0000000100000000)
  eden space 227328K, 0% used [0x00000000e0000000,0x00000000e0000000,0x00000000ede00000)
  from space 19968K, 99% used [0x00000000ef800000,0x00000000f0b7e480,0x00000000f0b80000)
  to   space 24576K, 0% used [0x00000000ede00000,0x00000000ede00000,0x00000000ef600000)
 ParOldGen       total 94208K, used 43039K [0x00000000a0000000, 0x00000000a5c00000, 0x00000000e0000000)
  object space 94208K, 45% used [0x00000000a0000000,0x00000000a2a07e00,0x00000000a5c00000)
 Metaspace       used 67638K, capacity 69888K, committed 70104K, reserved 1110016K
  class space    used 8900K, capacity 9411K, committed 9432K, reserved 1048576K
}

Deoptimization events (10 events):
Event: 86.731 Thread 0x0000000019f3a800 Uncommon trap: reason=unstable_if action=reinterpret pc=0x00000000049a1544 method=org.objectweb.asm.MethodWriter.visitLdcInsn(Ljava/lang/Object;)V @ 104
Event: 86.984 Thread 0x0000000019f3a800 Uncommon trap: reason=unstable_if action=reinterpret pc=0x00000000039e87c0 method=java.nio.Buffer.limit(I)Ljava/nio/Buffer; @ 33
Event: 87.093 Thread 0x0000000019f3a000 Uncommon trap: reason=unstable_if action=reinterpret pc=0x0000000003268ab0 method=java.lang.String.regionMatches(ZILjava/lang/String;II)Z @ 123
Event: 87.114 Thread 0x0000000019f3a000 Uncommon trap: reason=class_check action=maybe_recompile pc=0x0000000002f89ab0 method=java.util.zip.InflaterInputStream.read([BII)I @ 100
Event: 87.114 Thread 0x0000000019f3a000 Uncommon trap: reason=class_check action=maybe_recompile pc=0x0000000002f89ab0 method=java.util.zip.InflaterInputStream.read([BII)I @ 100
Event: 87.140 Thread 0x0000000019f3a000 Uncommon trap: reason=unstable_if action=reinterpret pc=0x0000000003d97338 method=org.objectweb.asm.MethodWriter.visitInsn(I)V @ 32
Event: 87.140 Thread 0x0000000019f3a000 Uncommon trap: reason=unstable_if action=reinterpret pc=0x0000000003bd2410 method=org.objectweb.asm.MethodWriter.visitMethodInsn(ILjava/lang/String;Ljava/lang/String;Ljava/lang/String;Z)V @ 89
Event: 87.141 Thread 0x0000000019f3a000 Uncommon trap: reason=class_check action=maybe_recompile pc=0x0000000002f89ab0 method=java.util.zip.InflaterInputStream.read([BII)I @ 100
Event: 87.146 Thread 0x0000000019f3a000 Uncommon trap: reason=class_check action=maybe_recompile pc=0x0000000002f89ab0 method=java.util.zip.InflaterInputStream.read([BII)I @ 100
Event: 87.168 Thread 0x0000000019f3a000 Uncommon trap: reason=unstable_if action=reinterpret pc=0x0000000003d97a2c method=org.objectweb.asm.ByteVector.putInt(I)Lorg/objectweb/asm/ByteVector; @ 13

Classes redefined (0 events):
No events

Internal exceptions (10 events):
Event: 33.218 Thread 0x0000000019938000 Exception <a 'java/lang/reflect/InvocationTargetException'> (0x00000000e385d478) thrown at [D:\src\AOSP-openjdk-cygwin\jdk8u\hotspot\src\share\vm\runtime\reflection.cpp, line 1092]
Event: 33.293 Thread 0x0000000019938000 Exception <a 'sun/nio/fs/WindowsException'> (0x00000000e3990d58) thrown at [D:\src\AOSP-openjdk-cygwin\jdk8u\hotspot\src\share\vm\prims\jni.cpp, line 710]
Event: 33.540 Thread 0x00000000198ba800 Exception <a 'java/lang/NoSuchMethodError': <clinit>> (0x00000000e4750488) thrown at [D:\src\AOSP-openjdk-cygwin\jdk8u\hotspot\src\share\vm\prims\jni.cpp, line 1614]
Event: 33.541 Thread 0x00000000198ba800 Exception <a 'java/lang/NoSuchMethodError': <clinit>> (0x00000000e475ba20) thrown at [D:\src\AOSP-openjdk-cygwin\jdk8u\hotspot\src\share\vm\prims\jni.cpp, line 1614]
Event: 33.548 Thread 0x00000000198ba800 Exception <a 'java/lang/NoSuchMethodError': <clinit>> (0x00000000e4769068) thrown at [D:\src\AOSP-openjdk-cygwin\jdk8u\hotspot\src\share\vm\prims\jni.cpp, line 1614]
Event: 33.610 Thread 0x00000000198ba800 Exception <a 'java/lang/NoSuchMethodError': <clinit>> (0x00000000e4783458) thrown at [D:\src\AOSP-openjdk-cygwin\jdk8u\hotspot\src\share\vm\prims\jni.cpp, line 1614]
Event: 33.613 Thread 0x00000000198ba800 Exception <a 'java/lang/NoSuchMethodError': <clinit>> (0x00000000e4794328) thrown at [D:\src\AOSP-openjdk-cygwin\jdk8u\hotspot\src\share\vm\prims\jni.cpp, line 1614]
Event: 83.626 Thread 0x0000000019938000 Implicit null exception at 0x00000000040c76bb to 0x00000000040c91d5
Event: 86.373 Thread 0x0000000019f3a800 Exception <a 'sun/nio/fs/WindowsException'> (0x00000000e3974ba0) thrown at [D:\src\AOSP-openjdk-cygwin\jdk8u\hotspot\src\share\vm\prims\jni.cpp, line 710]
Event: 86.373 Thread 0x0000000019f3a800 Exception <a 'sun/nio/fs/WindowsException'> (0x00000000e3975048) thrown at [D:\src\AOSP-openjdk-cygwin\jdk8u\hotspot\src\share\vm\prims\jni.cpp, line 710]

Events (10 events):
Event: 87.140 Thread 0x0000000019f3a000 DEOPT UNPACKING pc=0x0000000002e9557b sp=0x0000000023a9c940 mode 2
Event: 87.141 Thread 0x0000000019f3a000 Uncommon trap: trap_request=0xffffffde fr.pc=0x0000000002f89ab0
Event: 87.141 Thread 0x0000000019f3a000 DEOPT PACKING pc=0x0000000002f89ab0 sp=0x0000000023a9cb70
Event: 87.141 Thread 0x0000000019f3a000 DEOPT UNPACKING pc=0x0000000002e9557b sp=0x0000000023a9cb88 mode 2
Event: 87.146 Thread 0x0000000019f3a000 Uncommon trap: trap_request=0xffffffde fr.pc=0x0000000002f89ab0
Event: 87.146 Thread 0x0000000019f3a000 DEOPT PACKING pc=0x0000000002f89ab0 sp=0x0000000023a9cb70
Event: 87.146 Thread 0x0000000019f3a000 DEOPT UNPACKING pc=0x0000000002e9557b sp=0x0000000023a9cb88 mode 2
Event: 87.168 Thread 0x0000000019f3a000 Uncommon trap: trap_request=0xffffff65 fr.pc=0x0000000003d97a2c
Event: 87.168 Thread 0x0000000019f3a000 DEOPT PACKING pc=0x0000000003d97a2c sp=0x0000000023a9c760
Event: 87.168 Thread 0x0000000019f3a000 DEOPT UNPACKING pc=0x0000000002e9557b sp=0x0000000023a9c6f0 mode 2


Dynamic libraries:
0x00007ff7100a0000 - 0x00007ff7100d1000 	C:\Program Files\Android\Android Studio1\jre\bin\java.exe
0x00007ffc6e780000 - 0x00007ffc6e96d000 	C:\Windows\SYSTEM32\ntdll.dll
0x00007ffc6cfc0000 - 0x00007ffc6d073000 	C:\Windows\System32\KERNEL32.DLL
0x00007ffc6ae50000 - 0x00007ffc6b0e3000 	C:\Windows\System32\KERNELBASE.dll
0x00007ffc6c470000 - 0x00007ffc6c513000 	C:\Windows\System32\ADVAPI32.dll
0x00007ffc6bf10000 - 0x00007ffc6bfae000 	C:\Windows\System32\msvcrt.dll
0x00007ffc6e6e0000 - 0x00007ffc6e77e000 	C:\Windows\System32\sechost.dll
0x00007ffc6cca0000 - 0x00007ffc6cdc2000 	C:\Windows\System32\RPCRT4.dll
0x00007ffc6c220000 - 0x00007ffc6c3b7000 	C:\Windows\System32\USER32.dll
0x00007ffc6b1c0000 - 0x00007ffc6b1e0000 	C:\Windows\System32\win32u.dll
0x00007ffc6bdb0000 - 0x00007ffc6bdd9000 	C:\Windows\System32\GDI32.dll
0x00007ffc6ab00000 - 0x00007ffc6ac99000 	C:\Windows\System32\gdi32full.dll
0x00007ffc6b930000 - 0x00007ffc6b9d0000 	C:\Windows\System32\msvcp_win.dll
0x00007ffc6ad50000 - 0x00007ffc6ae4a000 	C:\Windows\System32\ucrtbase.dll
0x00007ffc5ea30000 - 0x00007ffc5eca9000 	C:\Windows\WinSxS\amd64_microsoft.windows.common-controls_6595b64144ccf1df_6.0.17763.1098_none_de762ed45346ee8a\COMCTL32.dll
0x00007ffc6ba80000 - 0x00007ffc6bdac000 	C:\Windows\System32\combase.dll
0x00007ffc6a870000 - 0x00007ffc6a8ee000 	C:\Windows\System32\bcryptPrimitives.dll
0x00007ffc6cb90000 - 0x00007ffc6cbbe000 	C:\Windows\System32\IMM32.DLL
0x00000000528e0000 - 0x00000000529b2000 	C:\Program Files\Android\Android Studio1\jre\jre\bin\msvcr100.dll
0x0000000051cc0000 - 0x0000000052506000 	C:\Program Files\Android\Android Studio1\jre\jre\bin\server\jvm.dll
0x00007ffc6cb00000 - 0x00007ffc6cb08000 	C:\Windows\System32\PSAPI.DLL
0x00007ffc4f310000 - 0x00007ffc4f319000 	C:\Windows\SYSTEM32\WSOCK32.dll
0x00007ffc6cc20000 - 0x00007ffc6cc8d000 	C:\Windows\System32\WS2_32.dll
0x00007ffc671b0000 - 0x00007ffc671d4000 	C:\Windows\SYSTEM32\WINMM.dll
0x00007ffc69330000 - 0x00007ffc6933a000 	C:\Windows\SYSTEM32\VERSION.dll
0x00007ffc67180000 - 0x00007ffc671ad000 	C:\Windows\SYSTEM32\WINMMBASE.dll
0x00007ffc6b0f0000 - 0x00007ffc6b13a000 	C:\Windows\System32\cfgmgr32.dll
0x00007ffc635f0000 - 0x00007ffc635ff000 	C:\Program Files\Android\Android Studio1\jre\jre\bin\verify.dll
0x00007ffc63350000 - 0x00007ffc63379000 	C:\Program Files\Android\Android Studio1\jre\jre\bin\java.dll
0x00007ffc635d0000 - 0x00007ffc635e6000 	C:\Program Files\Android\Android Studio1\jre\jre\bin\zip.dll
0x00007ffc6d080000 - 0x00007ffc6e574000 	C:\Windows\System32\SHELL32.dll
0x00007ffc6b9d0000 - 0x00007ffc6ba78000 	C:\Windows\System32\shcore.dll
0x00007ffc6b1e0000 - 0x00007ffc6b92d000 	C:\Windows\System32\windows.storage.dll
0x00007ffc6a7e0000 - 0x00007ffc6a804000 	C:\Windows\System32\profapi.dll
0x00007ffc6a810000 - 0x00007ffc6a86d000 	C:\Windows\System32\powrprof.dll
0x00007ffc6c010000 - 0x00007ffc6c062000 	C:\Windows\System32\shlwapi.dll
0x00007ffc6a7a0000 - 0x00007ffc6a7b1000 	C:\Windows\System32\kernel.appcore.dll
0x00007ffc6b1a0000 - 0x00007ffc6b1b7000 	C:\Windows\System32\cryptsp.dll
0x00007ffc62f80000 - 0x00007ffc62f9a000 	C:\Program Files\Android\Android Studio1\jre\jre\bin\net.dll
0x00007ffc60060000 - 0x00007ffc60237000 	C:\Windows\SYSTEM32\urlmon.dll
0x00007ffc603f0000 - 0x00007ffc60698000 	C:\Windows\SYSTEM32\iertutil.dll
0x00007ffc6a180000 - 0x00007ffc6a18c000 	C:\Windows\SYSTEM32\CRYPTBASE.DLL
0x00007ffc69fb0000 - 0x00007ffc6a017000 	C:\Windows\system32\mswsock.dll
0x00007ffc62e60000 - 0x00007ffc62e73000 	C:\Program Files\Android\Android Studio1\jre\jre\bin\nio.dll
0x00007ffc5caf0000 - 0x00007ffc5cb16000 	C:\Users\deCrypt3d\.gradle\native\30\windows-amd64\native-platform.dll
0x00007ffc63460000 - 0x00007ffc6346d000 	C:\Program Files\Android\Android Studio1\jre\jre\bin\management.dll
0x00007ffc69b30000 - 0x00007ffc69b63000 	C:\Windows\system32\rsaenh.dll
0x00007ffc6aad0000 - 0x00007ffc6aaf6000 	C:\Windows\System32\bcrypt.dll
0x00007ffc6a6a0000 - 0x00007ffc6a6c8000 	C:\Windows\SYSTEM32\USERENV.dll
0x00007ffc69cd0000 - 0x00007ffc69d0d000 	C:\Windows\SYSTEM32\IPHLPAPI.DLL
0x00007ffc6c520000 - 0x00007ffc6c528000 	C:\Windows\System32\NSI.dll
0x00007ffc62820000 - 0x00007ffc62836000 	C:\Windows\SYSTEM32\dhcpcsvc6.DLL
0x00007ffc62320000 - 0x00007ffc6233c000 	C:\Windows\SYSTEM32\dhcpcsvc.DLL
0x00007ffc69d20000 - 0x00007ffc69de6000 	C:\Windows\SYSTEM32\DNSAPI.dll

VM Arguments:
jvm_args: -Xmx1536m -Dfile.encoding=windows-1252 -Duser.country=ID -Duser.language=en -Duser.variant 
java_command: org.gradle.launcher.daemon.bootstrap.GradleDaemon 5.6.4
java_class_path (initial): C:\Users\deCrypt3d\.gradle\wrapper\dists\gradle-5.6.4-all\ankdp27end7byghfw1q2sw75f\gradle-5.6.4\lib\gradle-launcher-5.6.4.jar
Launcher Type: SUN_STANDARD

Environment Variables:
PATH=C:\ProgramData\Oracle\Java\javapath;C:\Program Files (x86)\Common Files\Intel\Shared Files\cpp\bin\Intel64;C:\Windows\system32;C:\Windows;C:\Windows\System32\Wbem;C:\Windows\System32\WindowsPowerShell\v1.0\;C:\xampp\php;C:\ProgramData\ComposerSetup\bin;C:\Program Files\PuTTY\;C:\Program Files\nodejs\;%JAVA_HOME%\bin;C:\SDK\gradle-6.3\bin;C:\Program Files (x86)\GtkSharp\2.12\bin;C:\Users\deCrypt3d\AppData\Local\Microsoft\WindowsApps;C:\Users\deCrypt3d\AppData\Roaming\Composer\vendor\bin;C:\Users\deCrypt3d\AppData\Roaming\npm;
USERNAME=deCrypt3d
OS=Windows_NT
PROCESSOR_IDENTIFIER=Intel64 Family 6 Model 58 Stepping 9, GenuineIntel



---------------  S Y S T E M  ---------------

OS: Windows 10.0 , 64 bit Build 17763 (10.0.17763.475)

CPU:total 2 (initial active 2) (2 cores per cpu, 1 threads per core) family 6 model 58 stepping 9, cmov, cx8, fxsr, mmx, sse, sse2, sse3, ssse3, sse4.1, sse4.2, popcnt, clmul, erms, tsc, tscinvbit, tscinv

Memory: 4k page, physical 3880804k(462004k free), swap 3880804k(5752k free)

vm_info: OpenJDK 64-Bit Server VM (25.212-b04) for windows-amd64 JRE (1.8.0_212-release-1586-b04), built by "builder" with MS VC++ 10.0 (VS2010)

time: Sat Jul 11 03:10:12 2020
timezone: SE Asia Standard Time
elapsed time: 87 seconds (0d 0h 1m 27s)

