#
# There is insufficient memory for the Java Runtime Environment to continue.
# Native memory allocation (malloc) failed to allocate 262160 bytes for Chunk::new
# Possible reasons:
#   The system is out of physical RAM or swap space
#   The process is running with CompressedOops enabled, and the Java Heap may be blocking the growth of the native heap
# Possible solutions:
#   Reduce memory load on the system
#   Increase physical memory or swap space
#   Check if swap backing store is full
#   Decrease Java heap size (-Xmx/-Xms)
#   Decrease number of Java threads
#   Decrease Java thread stack sizes (-Xss)
#   Set larger code cache with -XX:ReservedCodeCacheSize=
#   JVM is running with Unscaled Compressed Oops mode in which the Java heap is
#     placed in the first 4GB address space. The Java Heap base address is the
#     maximum limit for the native heap growth. Please use -XX:HeapBaseMinAddress
#     to set the Java Heap base and to place the Java Heap above 4GB virtual address.
# This output file may be truncated or incomplete.
#
#  Out of Memory Error (allocation.cpp:389), pid=1308, tid=0x00000000000011f8
#
# JRE version: OpenJDK Runtime Environment (8.0_212-b04) (build 1.8.0_212-release-1586-b04)
# Java VM: OpenJDK 64-Bit Server VM (25.212-b04 mixed mode windows-amd64 compressed oops)
# Failed to write core dump. Minidumps are not enabled by default on client versions of Windows
#

---------------  T H R E A D  ---------------

Current thread (0x00000000161a8800):  JavaThread "C2 CompilerThread0" daemon [_thread_in_native, id=4600, stack(0x00000000171e0000,0x00000000172e0000)]

Stack: [0x00000000171e0000,0x00000000172e0000]
[error occurred during error reporting (printing stack bounds), id 0xc0000005]

Native frames: (J=compiled Java code, j=interpreted, Vv=VM code, C=native code)


Current CompileTask:
C2:  67692 15367       4       com.android.tools.r8.ir.regalloc.LinearScanRegisterAllocator::a (3993 bytes)


---------------  P R O C E S S  ---------------

Java Threads: ( => current thread )
  0x000000001873a800 JavaThread "WorkerExecutor Queue Thread 3" [_thread_blocked, id=280, stack(0x0000000029320000,0x0000000029420000)]
  0x0000000018736000 JavaThread "Cache worker for Java compile cache (D:\Semangat Tugas Akhir\Main Project\PajakAir\.gradle\5.6.4\javaCompile)" [_thread_blocked, id=4640, stack(0x0000000027a50000,0x0000000027b50000)]
  0x0000000018735800 JavaThread "Cache worker for Java compile cache (C:\Users\deCrypt3d\.gradle\caches\5.6.4\javaCompile)" [_thread_blocked, id=1912, stack(0x0000000027950000,0x0000000027a50000)]
  0x000000001a1f5000 JavaThread "stdout" [_thread_in_native, id=7064, stack(0x0000000023510000,0x0000000023610000)]
  0x000000001a1f2800 JavaThread "stderr" [_thread_in_native, id=5088, stack(0x0000000023410000,0x0000000023510000)]
  0x000000001a1f1000 JavaThread "stdout" [_thread_in_native, id=1908, stack(0x0000000023310000,0x0000000023410000)]
  0x000000001a1f7000 JavaThread "stderr" [_thread_in_native, id=4508, stack(0x0000000023210000,0x0000000023310000)]
  0x000000001a1f2000 JavaThread "pool-3-thread-1" [_thread_blocked, id=6320, stack(0x0000000023110000,0x0000000023210000)]
  0x000000001a1f0800 JavaThread "WorkerExecutor Queue" [_thread_blocked, id=3724, stack(0x0000000022d10000,0x0000000022e10000)]
  0x0000000019967800 JavaThread "Cache worker for execution history cache (D:\Semangat Tugas Akhir\Main Project\PajakAir\.gradle\5.6.4\executionHistory)" [_thread_blocked, id=5028, stack(0x0000000022810000,0x0000000022910000)]
  0x00000000185f6000 JavaThread "Execution worker for ':'" [_thread_in_Java, id=6668, stack(0x0000000022710000,0x0000000022810000)]
  0x00000000185f4800 JavaThread "Cache worker for file content cache (D:\Semangat Tugas Akhir\Main Project\PajakAir\.gradle\5.6.4\fileContent)" [_thread_blocked, id=6448, stack(0x0000000022410000,0x0000000022510000)]
  0x00000000185f4000 JavaThread "Cache worker for file content cache (C:\Users\deCrypt3d\.gradle\caches\5.6.4\fileContent)" [_thread_blocked, id=5408, stack(0x0000000022310000,0x0000000022410000)]
  0x00000000185f5800 JavaThread "Memory manager" [_thread_blocked, id=6164, stack(0x0000000022210000,0x0000000022310000)]
  0x00000000185f3000 JavaThread "Cache worker for Build Output Cleanup Cache (D:\Semangat Tugas Akhir\Main Project\PajakAir\.gradle\buildOutputCleanup)" [_thread_blocked, id=1948, stack(0x0000000022110000,0x0000000022210000)]
  0x00000000185eb800 JavaThread "Build operations Thread 2" [_thread_blocked, id=5964, stack(0x0000000022010000,0x0000000022110000)]
  0x00000000185f1000 JavaThread "Build operations" [_thread_blocked, id=1796, stack(0x0000000021f10000,0x0000000022010000)]
  0x00000000185f2800 JavaThread "Cache worker for cache directory md-rule (C:\Users\deCrypt3d\.gradle\caches\5.6.4\md-rule)" [_thread_blocked, id=3420, stack(0x0000000021e10000,0x0000000021f10000)]
  0x00000000185f0000 JavaThread "Cache worker for cache directory md-supplier (C:\Users\deCrypt3d\.gradle\caches\5.6.4\md-supplier)" [_thread_blocked, id=3652, stack(0x0000000021d10000,0x0000000021e10000)]
  0x00000000185f1800 JavaThread "Cache worker for file hash cache (D:\Semangat Tugas Akhir\Main Project\PajakAir\.gradle\5.6.4\fileHashes)" [_thread_blocked, id=8, stack(0x0000000021c10000,0x0000000021d10000)]
  0x00000000185ef800 JavaThread "Thread-25" [_thread_blocked, id=3636, stack(0x0000000021b10000,0x0000000021c10000)]
  0x00000000185e8800 JavaThread "Stdin handler" [_thread_blocked, id=2248, stack(0x0000000021a10000,0x0000000021b10000)]
  0x00000000185e8000 JavaThread "Asynchronous log dispatcher for DefaultDaemonConnection: socket connection from /127.0.0.1:49776 to /127.0.0.1:49782" [_thread_blocked, id=5288, stack(0x0000000021910000,0x0000000021a10000)]
  0x00000000185ed000 JavaThread "Cancel handler" [_thread_blocked, id=2204, stack(0x0000000021810000,0x0000000021910000)]
  0x00000000185ea000 JavaThread "Handler for socket connection from /127.0.0.1:49776 to /127.0.0.1:49782" [_thread_in_native, id=5156, stack(0x0000000021710000,0x0000000021810000)]
  0x00000000185ee800 JavaThread "Cache worker for execution history cache (C:\Users\deCrypt3d\.gradle\caches\5.6.4\executionHistory)" [_thread_blocked, id=6840, stack(0x000000001ec80000,0x000000001ed80000)]
  0x0000000019966000 JavaThread "Cache worker for journal cache (C:\Users\deCrypt3d\.gradle\caches\journal-1)" [_thread_blocked, id=3488, stack(0x000000001b800000,0x000000001b900000)]
  0x0000000019967000 JavaThread "File lock request listener" [_thread_in_native, id=3944, stack(0x000000001b500000,0x000000001b600000)]
  0x0000000019964800 JavaThread "Cache worker for file hash cache (C:\Users\deCrypt3d\.gradle\caches\5.6.4\fileHashes)" [_thread_blocked, id=1744, stack(0x000000001b400000,0x000000001b500000)]
  0x0000000019972800 JavaThread "Daemon worker" [_thread_in_Java, id=2512, stack(0x000000001b000000,0x000000001b100000)]
  0x000000001918b000 JavaThread "Daemon" [_thread_blocked, id=3128, stack(0x000000001ab00000,0x000000001ac00000)]
  0x0000000019960000 JavaThread "Daemon periodic checks" [_thread_blocked, id=6344, stack(0x000000001aa00000,0x000000001ab00000)]
  0x000000001916b000 JavaThread "Incoming local TCP Connector on port 49776" [_thread_in_native, id=1104, stack(0x00000000197f0000,0x00000000198f0000)]
  0x0000000019095000 JavaThread "Daemon health stats" [_thread_blocked, id=7076, stack(0x00000000191b0000,0x00000000192b0000)]
  0x000000001620a000 JavaThread "Service Thread" daemon [_thread_blocked, id=5836, stack(0x00000000173e0000,0x00000000174e0000)]
  0x0000000016204800 JavaThread "C1 CompilerThread1" daemon [_thread_blocked, id=7072, stack(0x00000000172e0000,0x00000000173e0000)]
=>0x00000000161a8800 JavaThread "C2 CompilerThread0" daemon [_thread_in_native, id=4600, stack(0x00000000171e0000,0x00000000172e0000)]
  0x00000000161a7000 JavaThread "Attach Listener" daemon [_thread_blocked, id=2252, stack(0x00000000170e0000,0x00000000171e0000)]
  0x00000000161a4000 JavaThread "Signal Dispatcher" daemon [_thread_blocked, id=6196, stack(0x0000000016fe0000,0x00000000170e0000)]
  0x0000000002a71800 JavaThread "Finalizer" daemon [_thread_blocked, id=6340, stack(0x0000000016de0000,0x0000000016ee0000)]
  0x0000000016197000 JavaThread "Reference Handler" daemon [_thread_blocked, id=2692, stack(0x0000000016ce0000,0x0000000016de0000)]
  0x0000000000f0e000 JavaThread "main" [_thread_blocked, id=6468, stack(0x0000000002730000,0x0000000002830000)]

Other Threads:
  0x0000000016175800 VMThread [stack: 0x0000000016be0000,0x0000000016ce0000] [id=4160]
  0x000000001620c800 WatcherThread [stack: 0x00000000174e0000,0x00000000175e0000] [id=2600]

VM state:not at safepoint (normal execution)

VM Mutex/Monitor currently owned by a thread: None

heap address: 0x00000000a0000000, size: 1536 MB, Compressed Oops mode: 32-bit
Narrow klass base: 0x0000000000000000, Narrow klass shift: 3
Compressed class space size: 1073741824 Address: 0x0000000100000000

Heap:
 PSYoungGen      total 291840K, used 109861K [0x00000000e0000000, 0x00000000f5680000, 0x0000000100000000)
  eden space 265216K, 36% used [0x00000000e0000000,0x00000000e5da68e8,0x00000000f0300000)
  from space 26624K, 52% used [0x00000000f1c00000,0x00000000f29a2cf0,0x00000000f3600000)
  to   space 25600K, 0% used [0x00000000f0300000,0x00000000f0300000,0x00000000f1c00000)
 ParOldGen       total 89088K, used 62630K [0x00000000a0000000, 0x00000000a5700000, 0x00000000e0000000)
  object space 89088K, 70% used [0x00000000a0000000,0x00000000a3d29810,0x00000000a5700000)
 Metaspace       used 85439K, capacity 88696K, committed 88792K, reserved 1126400K
  class space    used 11064K, capacity 11755K, committed 11776K, reserved 1048576K

Card table byte_map: [0x0000000011e40000,0x0000000012150000] byte_map_base: 0x0000000011940000

Marking Bits: (ParMarkBitMap*) 0x0000000053309f30
 Begin Bits: [0x0000000012550000, 0x0000000013d50000)
 End Bits:   [0x0000000013d50000, 0x0000000015550000)

Polling page: 0x0000000000c30000

CodeCache: size=245760Kb used=40601Kb max_used=41197Kb free=205158Kb
 bounds [0x0000000002a80000, 0x0000000005310000, 0x0000000011a80000]
 total_blobs=13879 nmethods=13016 adapters=774
 compilation: enabled

Compilation events (10 events):
Event: 67.617 Thread 0x0000000016204800 15463       2       com.android.tools.r8.s.a.a.b.E::a (10 bytes)
Event: 67.617 Thread 0x0000000016204800 nmethod 15463 0x00000000044726d0 code [0x0000000004472820, 0x00000000044729f0]
Event: 67.617 Thread 0x0000000016204800 15464       2       com.android.tools.r8.graph.V$$Lambda$444/850832564::apply (12 bytes)
Event: 67.618 Thread 0x0000000016204800 nmethod 15464 0x0000000004ce2710 code [0x0000000004ce2880, 0x0000000004ce2a48]
Event: 67.618 Thread 0x0000000016204800 15465       2       com.android.tools.r8.s.a.a.b.E$a::getKey (8 bytes)
Event: 67.618 Thread 0x0000000016204800 nmethod 15465 0x00000000039108d0 code [0x0000000003910a20, 0x0000000003910b70]
Event: 67.618 Thread 0x0000000016204800 15466       2       com.android.tools.r8.s.a.a.b.E$a::getValue (8 bytes)
Event: 67.618 Thread 0x0000000016204800 nmethod 15466 0x0000000003b9e3d0 code [0x0000000003b9e520, 0x0000000003b9e670]
Event: 67.677 Thread 0x0000000016204800 15467       2       java.lang.Exception::<init> (5 bytes)
Event: 67.678 Thread 0x0000000016204800 nmethod 15467 0x00000000049cf910 code [0x00000000049cfa80, 0x00000000049cfc48]

GC Heap History (10 events):
Event: 43.177 GC heap before
{Heap before GC invocations=17 (full 3):
 PSYoungGen      total 211456K, used 211433K [0x00000000e0000000, 0x00000000f0980000, 0x0000000100000000)
  eden space 194048K, 100% used [0x00000000e0000000,0x00000000ebd80000,0x00000000ebd80000)
  from space 17408K, 99% used [0x00000000ebd80000,0x00000000ece7a7c0,0x00000000ece80000)
  to   space 20992K, 0% used [0x00000000ef500000,0x00000000ef500000,0x00000000f0980000)
 ParOldGen       total 89088K, used 34468K [0x00000000a0000000, 0x00000000a5700000, 0x00000000e0000000)
  object space 89088K, 38% used [0x00000000a0000000,0x00000000a21a93e8,0x00000000a5700000)
 Metaspace       used 68801K, capacity 70922K, committed 71256K, reserved 1112064K
  class space    used 9004K, capacity 9492K, committed 9600K, reserved 1048576K
Event: 43.232 GC heap after
Heap after GC invocations=17 (full 3):
 PSYoungGen      total 244736K, used 11369K [0x00000000e0000000, 0x00000000f0680000, 0x0000000100000000)
  eden space 226816K, 0% used [0x00000000e0000000,0x00000000e0000000,0x00000000edd80000)
  from space 17920K, 63% used [0x00000000ef500000,0x00000000f001a430,0x00000000f0680000)
  to   space 20992K, 0% used [0x00000000edd80000,0x00000000edd80000,0x00000000ef200000)
 ParOldGen       total 89088K, used 45899K [0x00000000a0000000, 0x00000000a5700000, 0x00000000e0000000)
  object space 89088K, 51% used [0x00000000a0000000,0x00000000a2cd2e40,0x00000000a5700000)
 Metaspace       used 68801K, capacity 70922K, committed 71256K, reserved 1112064K
  class space    used 9004K, capacity 9492K, committed 9600K, reserved 1048576K
}
Event: 50.799 GC heap before
{Heap before GC invocations=18 (full 3):
 PSYoungGen      total 244736K, used 238185K [0x00000000e0000000, 0x00000000f0680000, 0x0000000100000000)
  eden space 226816K, 100% used [0x00000000e0000000,0x00000000edd80000,0x00000000edd80000)
  from space 17920K, 63% used [0x00000000ef500000,0x00000000f001a430,0x00000000f0680000)
  to   space 20992K, 0% used [0x00000000edd80000,0x00000000edd80000,0x00000000ef200000)
 ParOldGen       total 89088K, used 45899K [0x00000000a0000000, 0x00000000a5700000, 0x00000000e0000000)
  object space 89088K, 51% used [0x00000000a0000000,0x00000000a2cd2e40,0x00000000a5700000)
 Metaspace       used 81896K, capacity 84680K, committed 84696K, reserved 1122304K
  class space    used 10625K, capacity 11257K, committed 11264K, reserved 1048576K
Event: 50.874 GC heap after
Heap after GC invocations=18 (full 3):
 PSYoungGen      total 247808K, used 20991K [0x00000000e0000000, 0x00000000f3600000, 0x0000000100000000)
  eden space 226816K, 0% used [0x00000000e0000000,0x00000000e0000000,0x00000000edd80000)
  from space 20992K, 99% used [0x00000000edd80000,0x00000000ef1ffc88,0x00000000ef200000)
  to   space 26624K, 0% used [0x00000000f1c00000,0x00000000f1c00000,0x00000000f3600000)
 ParOldGen       total 89088K, used 53250K [0x00000000a0000000, 0x00000000a5700000, 0x00000000e0000000)
  object space 89088K, 59% used [0x00000000a0000000,0x00000000a3400b00,0x00000000a5700000)
 Metaspace       used 81896K, capacity 84680K, committed 84696K, reserved 1122304K
  class space    used 10625K, capacity 11257K, committed 11264K, reserved 1048576K
}
Event: 57.335 GC heap before
{Heap before GC invocations=19 (full 3):
 PSYoungGen      total 247808K, used 247807K [0x00000000e0000000, 0x00000000f3600000, 0x0000000100000000)
  eden space 226816K, 100% used [0x00000000e0000000,0x00000000edd80000,0x00000000edd80000)
  from space 20992K, 99% used [0x00000000edd80000,0x00000000ef1ffc88,0x00000000ef200000)
  to   space 26624K, 0% used [0x00000000f1c00000,0x00000000f1c00000,0x00000000f3600000)
 ParOldGen       total 89088K, used 53250K [0x00000000a0000000, 0x00000000a5700000, 0x00000000e0000000)
  object space 89088K, 59% used [0x00000000a0000000,0x00000000a3400b00,0x00000000a5700000)
 Metaspace       used 85112K, capacity 88346K, committed 88536K, reserved 1126400K
  class space    used 11045K, capacity 11718K, committed 11776K, reserved 1048576K
Event: 57.419 GC heap after
Heap after GC invocations=19 (full 3):
 PSYoungGen      total 290816K, used 15529K [0x00000000e0000000, 0x00000000f3680000, 0x0000000100000000)
  eden space 264192K, 0% used [0x00000000e0000000,0x00000000e0000000,0x00000000f0200000)
  from space 26624K, 58% used [0x00000000f1c00000,0x00000000f2b2a740,0x00000000f3600000)
  to   space 26624K, 0% used [0x00000000f0200000,0x00000000f0200000,0x00000000f1c00000)
 ParOldGen       total 89088K, used 62622K [0x00000000a0000000, 0x00000000a5700000, 0x00000000e0000000)
  object space 89088K, 70% used [0x00000000a0000000,0x00000000a3d27810,0x00000000a5700000)
 Metaspace       used 85112K, capacity 88346K, committed 88536K, reserved 1126400K
  class space    used 11045K, capacity 11718K, committed 11776K, reserved 1048576K
}
Event: 62.092 GC heap before
{Heap before GC invocations=20 (full 3):
 PSYoungGen      total 290816K, used 279721K [0x00000000e0000000, 0x00000000f3680000, 0x0000000100000000)
  eden space 264192K, 100% used [0x00000000e0000000,0x00000000f0200000,0x00000000f0200000)
  from space 26624K, 58% used [0x00000000f1c00000,0x00000000f2b2a740,0x00000000f3600000)
  to   space 26624K, 0% used [0x00000000f0200000,0x00000000f0200000,0x00000000f1c00000)
 ParOldGen       total 89088K, used 62622K [0x00000000a0000000, 0x00000000a5700000, 0x00000000e0000000)
  object space 89088K, 70% used [0x00000000a0000000,0x00000000a3d27810,0x00000000a5700000)
 Metaspace       used 85310K, capacity 88542K, committed 88792K, reserved 1126400K
  class space    used 11059K, capacity 11752K, committed 11776K, reserved 1048576K
Event: 62.231 GC heap after
Heap after GC invocations=20 (full 3):
 PSYoungGen      total 290816K, used 13936K [0x00000000e0000000, 0x00000000f3680000, 0x0000000100000000)
  eden space 264192K, 0% used [0x00000000e0000000,0x00000000e0000000,0x00000000f0200000)
  from space 26624K, 52% used [0x00000000f0200000,0x00000000f0f9c180,0x00000000f1c00000)
  to   space 26624K, 0% used [0x00000000f1c00000,0x00000000f1c00000,0x00000000f3600000)
 ParOldGen       total 89088K, used 62630K [0x00000000a0000000, 0x00000000a5700000, 0x00000000e0000000)
  object space 89088K, 70% used [0x00000000a0000000,0x00000000a3d29810,0x00000000a5700000)
 Metaspace       used 85310K, capacity 88542K, committed 88792K, reserved 1126400K
  class space    used 11059K, capacity 11752K, committed 11776K, reserved 1048576K
}
Event: 66.554 GC heap before
{Heap before GC invocations=21 (full 3):
 PSYoungGen      total 290816K, used 278128K [0x00000000e0000000, 0x00000000f3680000, 0x0000000100000000)
  eden space 264192K, 100% used [0x00000000e0000000,0x00000000f0200000,0x00000000f0200000)
  from space 26624K, 52% used [0x00000000f0200000,0x00000000f0f9c180,0x00000000f1c00000)
  to   space 26624K, 0% used [0x00000000f1c00000,0x00000000f1c00000,0x00000000f3600000)
 ParOldGen       total 89088K, used 62630K [0x00000000a0000000, 0x00000000a5700000, 0x00000000e0000000)
  object space 89088K, 70% used [0x00000000a0000000,0x00000000a3d29810,0x00000000a5700000)
 Metaspace       used 85419K, capacity 88628K, committed 88792K, reserved 1126400K
  class space    used 11064K, capacity 11755K, committed 11776K, reserved 1048576K
Event: 66.604 GC heap after
Heap after GC invocations=21 (full 3):
 PSYoungGen      total 291840K, used 13963K [0x00000000e0000000, 0x00000000f5680000, 0x0000000100000000)
  eden space 265216K, 0% used [0x00000000e0000000,0x00000000e0000000,0x00000000f0300000)
  from space 26624K, 52% used [0x00000000f1c00000,0x00000000f29a2cf0,0x00000000f3600000)
  to   space 25600K, 0% used [0x00000000f0300000,0x00000000f0300000,0x00000000f1c00000)
 ParOldGen       total 89088K, used 62630K [0x00000000a0000000, 0x00000000a5700000, 0x00000000e0000000)
  object space 89088K, 70% used [0x00000000a0000000,0x00000000a3d29810,0x00000000a5700000)
 Metaspace       used 85419K, capacity 88628K, committed 88792K, reserved 1126400K
  class space    used 11064K, capacity 11755K, committed 11776K, reserved 1048576K
}

Deoptimization events (10 events):
Event: 59.538 Thread 0x00000000185f6000 Uncommon trap: reason=unstable_if action=reinterpret pc=0x000000000332e5ec method=java.util.HashMap.getNode(ILjava/lang/Object;)Ljava/util/HashMap$Node; @ 84
Event: 59.951 Thread 0x0000000019972800 Uncommon trap: reason=class_check action=maybe_recompile pc=0x0000000004e38178 method=com.android.tools.r8.v.a.a.a.f.Z.equals(Ljava/lang/Object;)Z @ 1
Event: 61.094 Thread 0x0000000019972800 Uncommon trap: reason=unstable_if action=reinterpret pc=0x0000000005190880 method=com.android.tools.r8.ir.optimize.I.a(Lcom/android/tools/r8/u/b/d0;)Z @ 156
Event: 61.496 Thread 0x0000000019972800 Uncommon trap: reason=unstable_if action=reinterpret pc=0x0000000005257350 method=com.android.tools.r8.u.c.o.a(Lcom/android/tools/r8/u/c/M;IZ)V @ 994
Event: 61.765 Thread 0x0000000019972800 Uncommon trap: reason=class_check action=maybe_recompile pc=0x0000000004e38178 method=com.android.tools.r8.v.a.a.a.f.Z.equals(Ljava/lang/Object;)Z @ 1
Event: 63.417 Thread 0x00000000185f6000 Uncommon trap: reason=unstable_if action=reinterpret pc=0x000000000528a68c method=com.android.tools.r8.u.c.n.a(ILjava/util/List;Lcom/android/tools/r8/v/a/a/a/h/Q0;ZLcom/android/tools/r8/graph/V;)Lcom/android/tools/r8/u/c/n; @ 258
Event: 63.417 Thread 0x00000000185f6000 Uncommon trap: reason=unstable_if action=reinterpret pc=0x0000000004df4e74 method=com.android.tools.r8.u.c.o.e(I)Lcom/android/tools/r8/graph/r; @ 4
Event: 65.693 Thread 0x00000000185f6000 Uncommon trap: reason=array_check action=maybe_recompile pc=0x0000000003da0388 method=java.util.TimSort.mergeLo(IIII)V @ 81
Event: 65.693 Thread 0x00000000185f6000 Uncommon trap: reason=array_check action=maybe_recompile pc=0x0000000002cd4110 method=java.util.TimSort.mergeHi(IIII)V @ 101
Event: 65.693 Thread 0x00000000185f6000 Uncommon trap: reason=array_check action=maybe_recompile pc=0x0000000002cd4110 method=java.util.TimSort.mergeHi(IIII)V @ 101

Classes redefined (0 events):
No events

Internal exceptions (10 events):
Event: 60.758 Thread 0x00000000185f6000 Exception <a 'sun/nio/fs/WindowsException'> (0x00000000ec025d00) thrown at [D:\src\AOSP-openjdk-cygwin\jdk8u\hotspot\src\share\vm\prims\jni.cpp, line 710]
Event: 61.304 Thread 0x00000000185f6000 Exception <a 'sun/nio/fs/WindowsException'> (0x00000000ec05f0b8) thrown at [D:\src\AOSP-openjdk-cygwin\jdk8u\hotspot\src\share\vm\prims\jni.cpp, line 710]
Event: 61.475 Thread 0x00000000185f6000 Exception <a 'sun/nio/fs/WindowsException'> (0x00000000ee235508) thrown at [D:\src\AOSP-openjdk-cygwin\jdk8u\hotspot\src\share\vm\prims\jni.cpp, line 710]
Event: 62.302 Thread 0x00000000185f6000 Exception <a 'sun/nio/fs/WindowsException'> (0x00000000e00d9ac8) thrown at [D:\src\AOSP-openjdk-cygwin\jdk8u\hotspot\src\share\vm\prims\jni.cpp, line 710]
Event: 64.129 Thread 0x00000000185f6000 Exception <a 'sun/nio/fs/WindowsException'> (0x00000000e6d9d830) thrown at [D:\src\AOSP-openjdk-cygwin\jdk8u\hotspot\src\share\vm\prims\jni.cpp, line 710]
Event: 64.899 Thread 0x00000000185f6000 Exception <a 'sun/nio/fs/WindowsException'> (0x00000000e9bdeb40) thrown at [D:\src\AOSP-openjdk-cygwin\jdk8u\hotspot\src\share\vm\prims\jni.cpp, line 710]
Event: 65.712 Thread 0x00000000185f6000 Exception <a 'sun/nio/fs/WindowsException'> (0x00000000ed7ca630) thrown at [D:\src\AOSP-openjdk-cygwin\jdk8u\hotspot\src\share\vm\prims\jni.cpp, line 710]
Event: 66.470 Thread 0x00000000185f6000 Exception <a 'sun/nio/fs/WindowsException'> (0x00000000ed820fd0) thrown at [D:\src\AOSP-openjdk-cygwin\jdk8u\hotspot\src\share\vm\prims\jni.cpp, line 710]
Event: 66.786 Thread 0x00000000185f6000 Exception <a 'sun/nio/fs/WindowsException'> (0x00000000e0dcac98) thrown at [D:\src\AOSP-openjdk-cygwin\jdk8u\hotspot\src\share\vm\prims\jni.cpp, line 710]
Event: 67.615 Thread 0x00000000185f6000 Exception <a 'sun/nio/fs/WindowsException'> (0x00000000e4fc1438) thrown at [D:\src\AOSP-openjdk-cygwin\jdk8u\hotspot\src\share\vm\prims\jni.cpp, line 710]

Events (10 events):
Event: 67.334 Thread 0x0000000019972800 DEOPT PACKING pc=0x0000000004e74709 sp=0x000000001b0f7620
Event: 67.334 Thread 0x0000000019972800 DEOPT UNPACKING pc=0x0000000002ac71d0 sp=0x000000001b0f7688 mode 0
Event: 67.356 Thread 0x0000000019972800 DEOPT PACKING pc=0x0000000004593019 sp=0x000000001b0f7ad0
Event: 67.356 Thread 0x0000000019972800 DEOPT UNPACKING pc=0x0000000002ac71d0 sp=0x000000001b0f7920 mode 0
Event: 67.479 Thread 0x0000000019972800 DEOPT PACKING pc=0x0000000004e74709 sp=0x000000001b0f7620
Event: 67.480 Thread 0x0000000019972800 DEOPT UNPACKING pc=0x0000000002ac71d0 sp=0x000000001b0f7688 mode 0
Event: 67.480 Thread 0x0000000019972800 DEOPT PACKING pc=0x0000000004592d55 sp=0x000000001b0f7ad0
Event: 67.480 Thread 0x0000000019972800 DEOPT UNPACKING pc=0x0000000002ac71d0 sp=0x000000001b0f7918 mode 0
Event: 67.631 Thread 0x0000000019972800 DEOPT PACKING pc=0x0000000004e746a3 sp=0x000000001b0f7620
Event: 67.631 Thread 0x0000000019972800 DEOPT UNPACKING pc=0x0000000002ac71d0 sp=0x000000001b0f7688 mode 0


Dynamic libraries:
0x00007ff732360000 - 0x00007ff732391000 	C:\Program Files\Android\Android Studio1\jre\bin\java.exe
0x00007ff9598d0000 - 0x00007ff959abd000 	C:\Windows\SYSTEM32\ntdll.dll
0x00007ff957e70000 - 0x00007ff957f23000 	C:\Windows\System32\KERNEL32.DLL
0x00007ff956630000 - 0x00007ff9568c3000 	C:\Windows\System32\KERNELBASE.dll
0x00007ff9570c0000 - 0x00007ff957163000 	C:\Windows\System32\ADVAPI32.dll
0x00007ff956c80000 - 0x00007ff956d1e000 	C:\Windows\System32\msvcrt.dll
0x00007ff959720000 - 0x00007ff9597be000 	C:\Windows\System32\sechost.dll
0x00007ff956df0000 - 0x00007ff956f12000 	C:\Windows\System32\RPCRT4.dll
0x00007ff9579e0000 - 0x00007ff957b77000 	C:\Windows\System32\USER32.dll
0x00007ff955a60000 - 0x00007ff955a80000 	C:\Windows\System32\win32u.dll
0x00007ff957d10000 - 0x00007ff957d39000 	C:\Windows\System32\GDI32.dll
0x00007ff9568d0000 - 0x00007ff956a69000 	C:\Windows\System32\gdi32full.dll
0x00007ff9559c0000 - 0x00007ff955a60000 	C:\Windows\System32\msvcp_win.dll
0x00007ff956530000 - 0x00007ff95662a000 	C:\Windows\System32\ucrtbase.dll
0x00007ff9465a0000 - 0x00007ff946819000 	C:\Windows\WinSxS\amd64_microsoft.windows.common-controls_6595b64144ccf1df_6.0.17763.1098_none_de762ed45346ee8a\COMCTL32.dll
0x00007ff9576b0000 - 0x00007ff9579dc000 	C:\Windows\System32\combase.dll
0x00007ff9562d0000 - 0x00007ff95634e000 	C:\Windows\System32\bcryptPrimitives.dll
0x00007ff956f20000 - 0x00007ff956f4e000 	C:\Windows\System32\IMM32.DLL
0x0000000053800000 - 0x00000000538d2000 	C:\Program Files\Android\Android Studio1\jre\jre\bin\msvcr100.dll
0x0000000052b40000 - 0x0000000053386000 	C:\Program Files\Android\Android Studio1\jre\jre\bin\server\jvm.dll
0x00007ff957c50000 - 0x00007ff957c58000 	C:\Windows\System32\PSAPI.DLL
0x00007ff9427f0000 - 0x00007ff9427f9000 	C:\Windows\SYSTEM32\WSOCK32.dll
0x00007ff957be0000 - 0x00007ff957c4d000 	C:\Windows\System32\WS2_32.dll
0x00007ff953b00000 - 0x00007ff953b24000 	C:\Windows\SYSTEM32\WINMM.dll
0x00007ff949880000 - 0x00007ff94988a000 	C:\Windows\SYSTEM32\VERSION.dll
0x00007ff953ad0000 - 0x00007ff953afd000 	C:\Windows\SYSTEM32\WINMMBASE.dll
0x00007ff955b10000 - 0x00007ff955b5a000 	C:\Windows\System32\cfgmgr32.dll
0x00007ff94f5e0000 - 0x00007ff94f5ef000 	C:\Program Files\Android\Android Studio1\jre\jre\bin\verify.dll
0x00007ff94f5b0000 - 0x00007ff94f5d9000 	C:\Program Files\Android\Android Studio1\jre\jre\bin\java.dll
0x00007ff94f590000 - 0x00007ff94f5a6000 	C:\Program Files\Android\Android Studio1\jre\jre\bin\zip.dll
0x00007ff957f30000 - 0x00007ff959424000 	C:\Windows\System32\SHELL32.dll
0x00007ff9597c0000 - 0x00007ff959868000 	C:\Windows\System32\shcore.dll
0x00007ff955b80000 - 0x00007ff9562cd000 	C:\Windows\System32\windows.storage.dll
0x00007ff9558f0000 - 0x00007ff955914000 	C:\Windows\System32\profapi.dll
0x00007ff955920000 - 0x00007ff95597d000 	C:\Windows\System32\powrprof.dll
0x00007ff957b80000 - 0x00007ff957bd2000 	C:\Windows\System32\shlwapi.dll
0x00007ff955980000 - 0x00007ff955991000 	C:\Windows\System32\kernel.appcore.dll
0x00007ff955b60000 - 0x00007ff955b77000 	C:\Windows\System32\cryptsp.dll
0x00007ff94ef00000 - 0x00007ff94ef1a000 	C:\Program Files\Android\Android Studio1\jre\jre\bin\net.dll
0x00007ff94b0c0000 - 0x00007ff94b297000 	C:\Windows\SYSTEM32\urlmon.dll
0x00007ff94b710000 - 0x00007ff94b9b8000 	C:\Windows\SYSTEM32\iertutil.dll
0x00007ff9552d0000 - 0x00007ff9552dc000 	C:\Windows\SYSTEM32\CRYPTBASE.DLL
0x00007ff955100000 - 0x00007ff955167000 	C:\Windows\system32\mswsock.dll
0x00007ff94eee0000 - 0x00007ff94eef3000 	C:\Program Files\Android\Android Studio1\jre\jre\bin\nio.dll
0x00007ff94e490000 - 0x00007ff94e4b6000 	C:\Users\deCrypt3d\.gradle\native\30\windows-amd64\native-platform.dll
0x00007ff94eed0000 - 0x00007ff94eedd000 	C:\Program Files\Android\Android Studio1\jre\jre\bin\management.dll
0x00007ff954c80000 - 0x00007ff954cb3000 	C:\Windows\system32\rsaenh.dll
0x00007ff955ae0000 - 0x00007ff955b06000 	C:\Windows\System32\bcrypt.dll
0x00007ff955820000 - 0x00007ff955848000 	C:\Windows\SYSTEM32\USERENV.dll
0x00007ff954e20000 - 0x00007ff954e5d000 	C:\Windows\SYSTEM32\IPHLPAPI.DLL
0x00007ff959430000 - 0x00007ff959438000 	C:\Windows\System32\NSI.dll
0x00007ff94d3d0000 - 0x00007ff94d3e6000 	C:\Windows\SYSTEM32\dhcpcsvc6.DLL
0x00007ff94d030000 - 0x00007ff94d04c000 	C:\Windows\SYSTEM32\dhcpcsvc.DLL
0x00007ff954e60000 - 0x00007ff954f26000 	C:\Windows\SYSTEM32\DNSAPI.dll

VM Arguments:
jvm_args: -Xmx1536m -Dfile.encoding=windows-1252 -Duser.country=ID -Duser.language=en -Duser.variant 
java_command: org.gradle.launcher.daemon.bootstrap.GradleDaemon 5.6.4
java_class_path (initial): C:\Users\deCrypt3d\.gradle\wrapper\dists\gradle-5.6.4-all\ankdp27end7byghfw1q2sw75f\gradle-5.6.4\lib\gradle-launcher-5.6.4.jar
Launcher Type: SUN_STANDARD

Environment Variables:
PATH=C:\ProgramData\Oracle\Java\javapath;C:\Program Files (x86)\Common Files\Intel\Shared Files\cpp\bin\Intel64;C:\Windows\system32;C:\Windows;C:\Windows\System32\Wbem;C:\Windows\System32\WindowsPowerShell\v1.0\;C:\xampp\php;C:\ProgramData\ComposerSetup\bin;C:\Program Files\PuTTY\;C:\Program Files\nodejs\;%JAVA_HOME%\bin;C:\SDK\gradle-6.3\bin;C:\Program Files (x86)\GtkSharp\2.12\bin;C:\Users\deCrypt3d\AppData\Local\Microsoft\WindowsApps;C:\Users\deCrypt3d\AppData\Roaming\Composer\vendor\bin;C:\Users\deCrypt3d\AppData\Roaming\npm;
USERNAME=deCrypt3d
OS=Windows_NT
PROCESSOR_IDENTIFIER=Intel64 Family 6 Model 58 Stepping 9, GenuineIntel



---------------  S Y S T E M  ---------------

OS: Windows 10.0 , 64 bit Build 17763 (10.0.17763.475)

CPU:total 2 (initial active 2) (2 cores per cpu, 1 threads per core) family 6 model 58 stepping 9, cmov, cx8, fxsr, mmx, sse, sse2, sse3, ssse3, sse4.1, sse4.2, popcnt, clmul, erms, tsc, tscinvbit, tscinv

Memory: 4k page, physical 3880804k(393628k free), swap 3880804k(5372k free)

vm_info: OpenJDK 64-Bit Server VM (25.212-b04) for windows-amd64 JRE (1.8.0_212-release-1586-b04), built by "builder" with MS VC++ 10.0 (VS2010)

time: Tue Jul 07 01:17:23 2020
timezone: SE Asia Standard Time
elapsed time: 67 seconds (0d 0h 1m 7s)

