#
# There is insufficient memory for the Java Runtime Environment to continue.
# Native memory allocation (malloc) failed to allocate 885776 bytes for Chunk::new
# Possible reasons:
#   The system is out of physical RAM or swap space
#   The process is running with CompressedOops enabled, and the Java Heap may be blocking the growth of the native heap
# Possible solutions:
#   Reduce memory load on the system
#   Increase physical memory or swap space
#   Check if swap backing store is full
#   Decrease Java heap size (-Xmx/-Xms)
#   Decrease number of Java threads
#   Decrease Java thread stack sizes (-Xss)
#   Set larger code cache with -XX:ReservedCodeCacheSize=
#   JVM is running with Unscaled Compressed Oops mode in which the Java heap is
#     placed in the first 4GB address space. The Java Heap base address is the
#     maximum limit for the native heap growth. Please use -XX:HeapBaseMinAddress
#     to set the Java Heap base and to place the Java Heap above 4GB virtual address.
# This output file may be truncated or incomplete.
#
#  Out of Memory Error (allocation.cpp:389), pid=6764, tid=0x000000000000086c
#
# JRE version: OpenJDK Runtime Environment (8.0_212-b04) (build 1.8.0_212-release-1586-b04)
# Java VM: OpenJDK 64-Bit Server VM (25.212-b04 mixed mode windows-amd64 compressed oops)
# Failed to write core dump. Minidumps are not enabled by default on client versions of Windows
#

---------------  T H R E A D  ---------------

Current thread (0x0000000015dc8800):  JavaThread "C2 CompilerThread0" daemon [_thread_in_native, id=2156, stack(0x0000000016e10000,0x0000000016f10000)]

Stack: [0x0000000016e10000,0x0000000016f10000]
[error occurred during error reporting (printing stack bounds), id 0xc0000005]

Native frames: (J=compiled Java code, j=interpreted, Vv=VM code, C=native code)


Current CompileTask:
C2:  21836 5109 %     4       org.gradle.internal.instantiation.AbstractClassGenerator::inspectType @ 107 (559 bytes)


---------------  P R O C E S S  ---------------

Java Threads: ( => current thread )
  0x000000001bcc9000 JavaThread "Cache worker for file content cache (D:\Semangat Tugas Akhir\Main Project\PajakAir\.gradle\5.6.4\fileContent)" [_thread_blocked, id=7628, stack(0x000000001ffb0000,0x00000000200b0000)]
  0x000000001bcc8000 JavaThread "Cache worker for file content cache (C:\Users\deCrypt3d\.gradle\caches\5.6.4\fileContent)" [_thread_blocked, id=6956, stack(0x000000001feb0000,0x000000001ffb0000)]
  0x000000001bcc7800 JavaThread "Memory manager" [_thread_blocked, id=108, stack(0x000000001fdb0000,0x000000001feb0000)]
  0x000000001bcc6800 JavaThread "Cache worker for Build Output Cleanup Cache (D:\Semangat Tugas Akhir\Main Project\PajakAir\.gradle\buildOutputCleanup)" [_thread_blocked, id=5104, stack(0x000000001f2b0000,0x000000001f3b0000)]
  0x000000001bcc6000 JavaThread "Build operations Thread 2" [_thread_blocked, id=7612, stack(0x000000001ead0000,0x000000001ebd0000)]
  0x000000001bcc5000 JavaThread "Build operations" [_thread_blocked, id=4860, stack(0x000000001e9d0000,0x000000001ead0000)]
  0x0000000018026800 JavaThread "Cache worker for execution history cache (C:\Users\deCrypt3d\.gradle\caches\5.6.4\executionHistory)" [_thread_blocked, id=4972, stack(0x000000001e6d0000,0x000000001e7d0000)]
  0x0000000018026000 JavaThread "Cache worker for cache directory md-rule (C:\Users\deCrypt3d\.gradle\caches\5.6.4\md-rule)" [_thread_blocked, id=7524, stack(0x000000001e4d0000,0x000000001e5d0000)]
  0x0000000018025000 JavaThread "Cache worker for cache directory md-supplier (C:\Users\deCrypt3d\.gradle\caches\5.6.4\md-supplier)" [_thread_blocked, id=3992, stack(0x000000001e3d0000,0x000000001e4d0000)]
  0x000000001802a800 JavaThread "Cache worker for file hash cache (D:\Semangat Tugas Akhir\Main Project\PajakAir\.gradle\5.6.4\fileHashes)" [_thread_blocked, id=7100, stack(0x000000001c700000,0x000000001c800000)]
  0x0000000018028000 JavaThread "Cache worker for journal cache (C:\Users\deCrypt3d\.gradle\caches\journal-1)" [_thread_blocked, id=8128, stack(0x000000001b430000,0x000000001b530000)]
  0x0000000018027800 JavaThread "File lock request listener" [_thread_in_native, id=5556, stack(0x000000001b330000,0x000000001b430000)]
  0x0000000017c01000 JavaThread "Cache worker for file hash cache (C:\Users\deCrypt3d\.gradle\caches\5.6.4\fileHashes)" [_thread_blocked, id=4388, stack(0x000000001b030000,0x000000001b130000)]
  0x0000000018d9a000 JavaThread "Thread-9" [_thread_blocked, id=1812, stack(0x000000001af30000,0x000000001b030000)]
  0x0000000018d46800 JavaThread "Stdin handler" [_thread_blocked, id=6168, stack(0x000000001ae30000,0x000000001af30000)]
  0x0000000018d79800 JavaThread "Asynchronous log dispatcher for DefaultDaemonConnection: socket connection from /127.0.0.1:50170 to /127.0.0.1:50171" [_thread_blocked, id=6832, stack(0x000000001ad30000,0x000000001ae30000)]
  0x0000000018d76800 JavaThread "Daemon worker" [_thread_in_vm, id=6280, stack(0x000000001ac30000,0x000000001ad30000)]
  0x0000000018d74000 JavaThread "Cancel handler" [_thread_blocked, id=6544, stack(0x000000001ab30000,0x000000001ac30000)]
  0x0000000018d49800 JavaThread "Handler for socket connection from /127.0.0.1:50170 to /127.0.0.1:50171" [_thread_in_native, id=6672, stack(0x0000000019860000,0x0000000019960000)]
  0x0000000018cdf800 JavaThread "Daemon" [_thread_blocked, id=7132, stack(0x0000000019760000,0x0000000019860000)]
  0x0000000018cde000 JavaThread "Daemon periodic checks" [_thread_blocked, id=7392, stack(0x0000000019660000,0x0000000019760000)]
  0x0000000018ccf000 JavaThread "Incoming local TCP Connector on port 50170" [_thread_in_native, id=6416, stack(0x0000000019420000,0x0000000019520000)]
  0x0000000018c47800 JavaThread "Daemon health stats" [_thread_blocked, id=3492, stack(0x0000000018de0000,0x0000000018ee0000)]
  0x0000000015e2a000 JavaThread "Service Thread" daemon [_thread_blocked, id=6372, stack(0x0000000017010000,0x0000000017110000)]
  0x0000000015e24800 JavaThread "C1 CompilerThread1" daemon [_thread_blocked, id=8152, stack(0x0000000016f10000,0x0000000017010000)]
=>0x0000000015dc8800 JavaThread "C2 CompilerThread0" daemon [_thread_in_native, id=2156, stack(0x0000000016e10000,0x0000000016f10000)]
  0x0000000015dc7000 JavaThread "Attach Listener" daemon [_thread_blocked, id=8096, stack(0x0000000016d10000,0x0000000016e10000)]
  0x0000000015dc4000 JavaThread "Signal Dispatcher" daemon [_thread_blocked, id=6264, stack(0x0000000016c10000,0x0000000016d10000)]
  0x0000000002690800 JavaThread "Finalizer" daemon [_thread_blocked, id=6632, stack(0x0000000016a10000,0x0000000016b10000)]
  0x0000000015db7000 JavaThread "Reference Handler" daemon [_thread_blocked, id=4452, stack(0x0000000016910000,0x0000000016a10000)]
  0x000000000230e000 JavaThread "main" [_thread_blocked, id=6604, stack(0x00000000023a0000,0x00000000024a0000)]

Other Threads:
  0x0000000015d95800 VMThread [stack: 0x0000000016810000,0x0000000016910000] [id=5248]
  0x0000000015e2c800 WatcherThread [stack: 0x0000000017110000,0x0000000017210000] [id=6940]

VM state:not at safepoint (normal execution)

VM Mutex/Monitor currently owned by a thread: None

heap address: 0x00000000a0000000, size: 1536 MB, Compressed Oops mode: 32-bit
Narrow klass base: 0x0000000000000000, Narrow klass shift: 3
Compressed class space size: 1073741824 Address: 0x0000000100000000

Heap:
 PSYoungGen      total 175616K, used 99327K [0x00000000e0000000, 0x00000000ee280000, 0x0000000100000000)
  eden space 162304K, 53% used [0x00000000e0000000,0x00000000e5403108,0x00000000e9e80000)
  from space 13312K, 99% used [0x00000000e9e80000,0x00000000eab7ce58,0x00000000eab80000)
  to   space 17920K, 0% used [0x00000000ed100000,0x00000000ed100000,0x00000000ee280000)
 ParOldGen       total 56320K, used 25899K [0x00000000a0000000, 0x00000000a3700000, 0x00000000e0000000)
  object space 56320K, 45% used [0x00000000a0000000,0x00000000a194adf8,0x00000000a3700000)
 Metaspace       used 56372K, capacity 58144K, committed 58368K, reserved 1099776K
  class space    used 7731K, capacity 8185K, committed 8192K, reserved 1048576K

Card table byte_map: [0x0000000011a60000,0x0000000011d70000] byte_map_base: 0x0000000011560000

Marking Bits: (ParMarkBitMap*) 0x0000000060f69f30
 Begin Bits: [0x0000000012170000, 0x0000000013970000)
 End Bits:   [0x0000000013970000, 0x0000000015170000)

Polling page: 0x0000000000730000

CodeCache: size=245760Kb used=17005Kb max_used=17005Kb free=228754Kb
 bounds [0x00000000026a0000, 0x0000000003750000, 0x00000000116a0000]
 total_blobs=6108 nmethods=5329 adapters=693
 compilation: enabled

Compilation events (10 events):
Event: 21.803 Thread 0x0000000015e24800 5674       2       sun.reflect.annotation.AnnotationParser::parseStringArray (85 bytes)
Event: 21.805 Thread 0x0000000015e24800 nmethod 5674 0x0000000003742150 code [0x0000000003742340, 0x00000000037429f8]
Event: 21.810 Thread 0x0000000015e24800 5675       2       org.gradle.api.internal.provider.AbstractReadOnlyProvider::get (21 bytes)
Event: 21.811 Thread 0x0000000015e24800 nmethod 5675 0x0000000003742f50 code [0x00000000037430c0, 0x00000000037432f8]
Event: 21.817 Thread 0x0000000015e24800 5676       1       org.gradle.internal.instantiation.AbstractClassGenerator$PropertyMetadata::access$1600 (5 bytes)
Event: 21.817 Thread 0x0000000015e24800 nmethod 5676 0x0000000003743410 code [0x0000000003743560, 0x0000000003743650]
Event: 21.824 Thread 0x0000000015e24800 5677       2       org.gradle.api.internal.tasks.DefaultTaskDependency::<init> (9 bytes)
Event: 21.825 Thread 0x0000000015e24800 nmethod 5677 0x00000000037436d0 code [0x0000000003743820, 0x0000000003743990]
Event: 21.825 Thread 0x0000000015e24800 5678       1       com.google.common.collect.ImmutableEntry::getValue (5 bytes)
Event: 21.825 Thread 0x0000000015e24800 nmethod 5678 0x0000000003743a10 code [0x0000000003743b60, 0x0000000003743c70]

GC Heap History (10 events):
Event: 8.285 GC heap before
{Heap before GC invocations=9 (full 1):
 PSYoungGen      total 128512K, used 5417K [0x00000000e0000000, 0x00000000e8700000, 0x0000000100000000)
  eden space 119808K, 0% used [0x00000000e0000000,0x00000000e0000000,0x00000000e7500000)
  from space 8704K, 62% used [0x00000000e7e80000,0x00000000e83ca5f8,0x00000000e8700000)
  to   space 9216K, 0% used [0x00000000e7500000,0x00000000e7500000,0x00000000e7e00000)
 ParOldGen       total 40960K, used 8405K [0x00000000a0000000, 0x00000000a2800000, 0x00000000e0000000)
  object space 40960K, 20% used [0x00000000a0000000,0x00000000a0835508,0x00000000a2800000)
 Metaspace       used 20706K, capacity 21194K, committed 21296K, reserved 1067008K
  class space    used 2981K, capacity 3161K, committed 3200K, reserved 1048576K
Event: 8.385 GC heap after
Heap after GC invocations=9 (full 1):
 PSYoungGen      total 128512K, used 0K [0x00000000e0000000, 0x00000000e8700000, 0x0000000100000000)
  eden space 119808K, 0% used [0x00000000e0000000,0x00000000e0000000,0x00000000e7500000)
  from space 8704K, 0% used [0x00000000e7e80000,0x00000000e7e80000,0x00000000e8700000)
  to   space 9216K, 0% used [0x00000000e7500000,0x00000000e7500000,0x00000000e7e00000)
 ParOldGen       total 32768K, used 8296K [0x00000000a0000000, 0x00000000a2000000, 0x00000000e0000000)
  object space 32768K, 25% used [0x00000000a0000000,0x00000000a081a078,0x00000000a2000000)
 Metaspace       used 20706K, capacity 21194K, committed 21296K, reserved 1067008K
  class space    used 2981K, capacity 3161K, committed 3200K, reserved 1048576K
}
Event: 11.221 GC heap before
{Heap before GC invocations=10 (full 1):
 PSYoungGen      total 128512K, used 119808K [0x00000000e0000000, 0x00000000e8700000, 0x0000000100000000)
  eden space 119808K, 100% used [0x00000000e0000000,0x00000000e7500000,0x00000000e7500000)
  from space 8704K, 0% used [0x00000000e7e80000,0x00000000e7e80000,0x00000000e8700000)
  to   space 9216K, 0% used [0x00000000e7500000,0x00000000e7500000,0x00000000e7e00000)
 ParOldGen       total 32768K, used 8296K [0x00000000a0000000, 0x00000000a2000000, 0x00000000e0000000)
  object space 32768K, 25% used [0x00000000a0000000,0x00000000a081a078,0x00000000a2000000)
 Metaspace       used 31455K, capacity 31948K, committed 32128K, reserved 1077248K
  class space    used 4291K, capacity 4459K, committed 4480K, reserved 1048576K
Event: 11.249 GC heap after
Heap after GC invocations=10 (full 1):
 PSYoungGen      total 129024K, used 9197K [0x00000000e0000000, 0x00000000eb700000, 0x0000000100000000)
  eden space 119808K, 0% used [0x00000000e0000000,0x00000000e0000000,0x00000000e7500000)
  from space 9216K, 99% used [0x00000000e7500000,0x00000000e7dfb6e0,0x00000000e7e00000)
  to   space 11776K, 0% used [0x00000000eab80000,0x00000000eab80000,0x00000000eb700000)
 ParOldGen       total 32768K, used 10921K [0x00000000a0000000, 0x00000000a2000000, 0x00000000e0000000)
  object space 32768K, 33% used [0x00000000a0000000,0x00000000a0aaa430,0x00000000a2000000)
 Metaspace       used 31455K, capacity 31948K, committed 32128K, reserved 1077248K
  class space    used 4291K, capacity 4459K, committed 4480K, reserved 1048576K
}
Event: 13.479 GC heap before
{Heap before GC invocations=11 (full 1):
 PSYoungGen      total 129024K, used 90796K [0x00000000e0000000, 0x00000000eb700000, 0x0000000100000000)
  eden space 119808K, 68% used [0x00000000e0000000,0x00000000e4fafa90,0x00000000e7500000)
  from space 9216K, 99% used [0x00000000e7500000,0x00000000e7dfb6e0,0x00000000e7e00000)
  to   space 11776K, 0% used [0x00000000eab80000,0x00000000eab80000,0x00000000eb700000)
 ParOldGen       total 32768K, used 10921K [0x00000000a0000000, 0x00000000a2000000, 0x00000000e0000000)
  object space 32768K, 33% used [0x00000000a0000000,0x00000000a0aaa430,0x00000000a2000000)
 Metaspace       used 34711K, capacity 35426K, committed 35456K, reserved 1079296K
  class space    used 4745K, capacity 4986K, committed 4992K, reserved 1048576K
Event: 13.532 GC heap after
Heap after GC invocations=11 (full 1):
 PSYoungGen      total 174080K, used 11415K [0x00000000e0000000, 0x00000000ebb00000, 0x0000000100000000)
  eden space 162304K, 0% used [0x00000000e0000000,0x00000000e0000000,0x00000000e9e80000)
  from space 11776K, 96% used [0x00000000eab80000,0x00000000eb6a5f40,0x00000000eb700000)
  to   space 13312K, 0% used [0x00000000e9e80000,0x00000000e9e80000,0x00000000eab80000)
 ParOldGen       total 32768K, used 10929K [0x00000000a0000000, 0x00000000a2000000, 0x00000000e0000000)
  object space 32768K, 33% used [0x00000000a0000000,0x00000000a0aac430,0x00000000a2000000)
 Metaspace       used 34711K, capacity 35426K, committed 35456K, reserved 1079296K
  class space    used 4745K, capacity 4986K, committed 4992K, reserved 1048576K
}
Event: 13.532 GC heap before
{Heap before GC invocations=12 (full 2):
 PSYoungGen      total 174080K, used 11415K [0x00000000e0000000, 0x00000000ebb00000, 0x0000000100000000)
  eden space 162304K, 0% used [0x00000000e0000000,0x00000000e0000000,0x00000000e9e80000)
  from space 11776K, 96% used [0x00000000eab80000,0x00000000eb6a5f40,0x00000000eb700000)
  to   space 13312K, 0% used [0x00000000e9e80000,0x00000000e9e80000,0x00000000eab80000)
 ParOldGen       total 32768K, used 10929K [0x00000000a0000000, 0x00000000a2000000, 0x00000000e0000000)
  object space 32768K, 33% used [0x00000000a0000000,0x00000000a0aac430,0x00000000a2000000)
 Metaspace       used 34711K, capacity 35426K, committed 35456K, reserved 1079296K
  class space    used 4745K, capacity 4986K, committed 4992K, reserved 1048576K
Event: 13.810 GC heap after
Heap after GC invocations=12 (full 2):
 PSYoungGen      total 174080K, used 0K [0x00000000e0000000, 0x00000000ebb00000, 0x0000000100000000)
  eden space 162304K, 0% used [0x00000000e0000000,0x00000000e0000000,0x00000000e9e80000)
  from space 11776K, 0% used [0x00000000eab80000,0x00000000eab80000,0x00000000eb700000)
  to   space 13312K, 0% used [0x00000000e9e80000,0x00000000e9e80000,0x00000000eab80000)
 ParOldGen       total 56320K, used 18335K [0x00000000a0000000, 0x00000000a3700000, 0x00000000e0000000)
  object space 56320K, 32% used [0x00000000a0000000,0x00000000a11e7d28,0x00000000a3700000)
 Metaspace       used 34711K, capacity 35426K, committed 35456K, reserved 1079296K
  class space    used 4745K, capacity 4986K, committed 4992K, reserved 1048576K
}
Event: 18.959 GC heap before
{Heap before GC invocations=13 (full 2):
 PSYoungGen      total 174080K, used 162304K [0x00000000e0000000, 0x00000000ebb00000, 0x0000000100000000)
  eden space 162304K, 100% used [0x00000000e0000000,0x00000000e9e80000,0x00000000e9e80000)
  from space 11776K, 0% used [0x00000000eab80000,0x00000000eab80000,0x00000000eb700000)
  to   space 13312K, 0% used [0x00000000e9e80000,0x00000000e9e80000,0x00000000eab80000)
 ParOldGen       total 56320K, used 18335K [0x00000000a0000000, 0x00000000a3700000, 0x00000000e0000000)
  object space 56320K, 32% used [0x00000000a0000000,0x00000000a11e7d28,0x00000000a3700000)
 Metaspace       used 50931K, capacity 52438K, committed 52736K, reserved 1095680K
  class space    used 6919K, capacity 7326K, committed 7424K, reserved 1048576K
Event: 19.004 GC heap after
Heap after GC invocations=13 (full 2):
 PSYoungGen      total 175616K, used 13299K [0x00000000e0000000, 0x00000000ee280000, 0x0000000100000000)
  eden space 162304K, 0% used [0x00000000e0000000,0x00000000e0000000,0x00000000e9e80000)
  from space 13312K, 99% used [0x00000000e9e80000,0x00000000eab7ce58,0x00000000eab80000)
  to   space 17920K, 0% used [0x00000000ed100000,0x00000000ed100000,0x00000000ee280000)
 ParOldGen       total 56320K, used 25899K [0x00000000a0000000, 0x00000000a3700000, 0x00000000e0000000)
  object space 56320K, 45% used [0x00000000a0000000,0x00000000a194adf8,0x00000000a3700000)
 Metaspace       used 50931K, capacity 52438K, committed 52736K, reserved 1095680K
  class space    used 6919K, capacity 7326K, committed 7424K, reserved 1048576K
}

Deoptimization events (10 events):
Event: 18.870 Thread 0x0000000018d76800 Uncommon trap: reason=class_check action=maybe_recompile pc=0x000000000296dcd8 method=sun.reflect.generics.reflectiveObjects.TypeVariableImpl.getGenericDeclaration()Ljava/lang/reflect/GenericDeclaration; @ 4
Event: 19.148 Thread 0x0000000018d76800 Uncommon trap: reason=bimorphic action=maybe_recompile pc=0x0000000002e97240 method=java.util.AbstractCollection.addAll(Ljava/util/Collection;)Z @ 29
Event: 19.197 Thread 0x0000000018d76800 Uncommon trap: reason=unstable_if action=reinterpret pc=0x0000000002b41478 method=com.esotericsoftware.kryo.io.Input.require(I)I @ 65
Event: 19.365 Thread 0x0000000018d76800 Uncommon trap: reason=unstable_if action=reinterpret pc=0x000000000297aa78 method=java.util.HashMap.resize()[Ljava/util/HashMap$Node; @ 206
Event: 19.366 Thread 0x0000000018d76800 Uncommon trap: reason=unstable_if action=reinterpret pc=0x0000000002987d40 method=java.util.HashMap.putVal(ILjava/lang/Object;Ljava/lang/Object;ZZ)Ljava/lang/Object; @ 109
Event: 20.321 Thread 0x0000000018d76800 Uncommon trap: reason=unstable_if action=reinterpret pc=0x0000000002c74368 method=java.util.regex.Pattern$BmpCharProperty.match(Ljava/util/regex/Matcher;ILjava/lang/CharSequence;)Z @ 34
Event: 20.330 Thread 0x0000000018d76800 Uncommon trap: reason=unstable_if action=reinterpret pc=0x0000000002a22544 method=com.sun.org.apache.xerces.internal.impl.XMLEntityScanner.skipSpaces()Z @ 14
Event: 20.331 Thread 0x0000000018d76800 Uncommon trap: reason=unstable_if action=reinterpret pc=0x0000000002cadc2c method=com.sun.org.apache.xerces.internal.impl.XMLEntityScanner.scanLiteral(ILcom/sun/org/apache/xerces/internal/xni/XMLString;Z)I @ 660
Event: 20.353 Thread 0x0000000018d76800 Uncommon trap: reason=unstable_if action=reinterpret pc=0x0000000002c0b788 method=com.sun.org.apache.xerces.internal.util.SymbolTable.addSymbol([CII)Ljava/lang/String; @ 38
Event: 20.654 Thread 0x0000000018d76800 Uncommon trap: reason=unstable_if action=reinterpret pc=0x0000000002ecc834 method=java.lang.String.lastIndexOf([CII[CIII)I @ 118

Classes redefined (0 events):
No events

Internal exceptions (10 events):
Event: 18.334 Thread 0x0000000018d76800 Exception <a 'java/lang/ClassNotFoundException': org/gradle/api/plugins/internal/DefaultBasePluginConventionCustomizer> (0x00000000e8e55080) thrown at [D:\src\AOSP-openjdk-cygwin\jdk8u\hotspot\src\share\vm\classfile\systemDictionary.cpp, line 210]
Event: 18.351 Thread 0x0000000018d76800 Exception <a 'java/lang/NoSuchMethodError': java.lang.Object.lambda$comparingInt$7b0bb60$1(Ljava/util/function/ToIntFunction;Ljava/lang/Object;Ljava/lang/Object;)I> (0x00000000e8edbec8) thrown at [D:\src\AOSP-openjdk-cygwin\jdk8u\hotspot\src\share\vm\inte
Event: 19.036 Thread 0x0000000018d76800 Exception <a 'java/lang/ClassNotFoundException': com/android/build/gradle/internal/api/ApkVariantOutputImpl_DecoratedBeanInfo> (0x00000000e00fe420) thrown at [D:\src\AOSP-openjdk-cygwin\jdk8u\hotspot\src\share\vm\classfile\systemDictionary.cpp, line 210]
Event: 19.045 Thread 0x0000000018d76800 Exception <a 'java/lang/ClassNotFoundException': com/android/build/gradle/internal/api/ApkVariantOutputImplBeanInfo> (0x00000000e011a290) thrown at [D:\src\AOSP-openjdk-cygwin\jdk8u\hotspot\src\share\vm\classfile\systemDictionary.cpp, line 210]
Event: 19.046 Thread 0x0000000018d76800 Exception <a 'java/lang/ClassNotFoundException': com/android/build/gradle/internal/api/BaseVariantOutputImplBeanInfo> (0x00000000e0137418) thrown at [D:\src\AOSP-openjdk-cygwin\jdk8u\hotspot\src\share\vm\classfile\systemDictionary.cpp, line 210]
Event: 19.046 Thread 0x0000000018d76800 Exception <a 'java/lang/ClassNotFoundException': com/android/build/gradle/internal/api/BaseVariantOutputImplCustomizer> (0x00000000e0154ab8) thrown at [D:\src\AOSP-openjdk-cygwin\jdk8u\hotspot\src\share\vm\classfile\systemDictionary.cpp, line 210]
Event: 19.048 Thread 0x0000000018d76800 Exception <a 'java/lang/ClassNotFoundException': com/android/build/gradle/internal/api/ApkVariantOutputImplCustomizer> (0x00000000e018bdc8) thrown at [D:\src\AOSP-openjdk-cygwin\jdk8u\hotspot\src\share\vm\classfile\systemDictionary.cpp, line 210]
Event: 19.050 Thread 0x0000000018d76800 Exception <a 'java/lang/ClassNotFoundException': com/android/build/gradle/internal/api/ApkVariantOutputImpl_DecoratedCustomizer> (0x00000000e01be4d8) thrown at [D:\src\AOSP-openjdk-cygwin\jdk8u\hotspot\src\share\vm\classfile\systemDictionary.cpp, line 210
Event: 19.788 Thread 0x0000000018d76800 Exception <a 'java/lang/ClassNotFoundException': com/sun/org/glassfish/hk2/osgiresourcelocator/ServiceLoader> (0x00000000e1b005f0) thrown at [D:\src\AOSP-openjdk-cygwin\jdk8u\hotspot\src\share\vm\classfile\systemDictionary.cpp, line 210]
Event: 19.879 Thread 0x0000000018d76800 Exception <a 'java/lang/NullPointerException'> (0x00000000e1fc9eb8) thrown at [D:\src\AOSP-openjdk-cygwin\jdk8u\hotspot\src\share\vm\interpreter\linkResolver.cpp, line 1287]

Events (10 events):
Event: 21.807 loading class com/android/build/gradle/internal/tasks/MergeJavaResourceTaskKt$sam$org_gradle_api_specs_Spec$0
Event: 21.807 loading class com/android/build/gradle/internal/tasks/MergeJavaResourceTaskKt$sam$org_gradle_api_specs_Spec$0 done
Event: 21.809 loading class kotlin/jvm/internal/CollectionToArray
Event: 21.809 loading class kotlin/jvm/internal/CollectionToArray done
Event: 21.822 loading class com/android/build/gradle/internal/tasks/DexMergingTask$CreationAction$getDexFiles$1
Event: 21.822 loading class com/android/build/gradle/internal/tasks/DexMergingTask$CreationAction$getDexFiles$1 done
Event: 21.823 loading class com/android/build/gradle/internal/tasks/DexMergingTask$CreationAction$getDexFiles$1$external$1
Event: 21.823 loading class com/android/build/gradle/internal/tasks/DexMergingTask$CreationAction$getDexFiles$1$external$1 done
Event: 21.829 loading class com/android/build/gradle/internal/tasks/MergeNativeLibsTask$Companion
Event: 21.829 loading class com/android/build/gradle/internal/tasks/MergeNativeLibsTask$Companion done


Dynamic libraries:
0x00007ff68dce0000 - 0x00007ff68dd11000 	C:\Program Files\Android\Android Studio1\jre\bin\java.exe
0x00007ffdbb680000 - 0x00007ffdbb86d000 	C:\Windows\SYSTEM32\ntdll.dll
0x00007ffdbb2e0000 - 0x00007ffdbb393000 	C:\Windows\System32\KERNEL32.DLL
0x00007ffdb7790000 - 0x00007ffdb7a23000 	C:\Windows\System32\KERNELBASE.dll
0x00007ffdba470000 - 0x00007ffdba513000 	C:\Windows\System32\ADVAPI32.dll
0x00007ffdbb210000 - 0x00007ffdbb2ae000 	C:\Windows\System32\msvcrt.dll
0x00007ffdbaf90000 - 0x00007ffdbb02e000 	C:\Windows\System32\sechost.dll
0x00007ffdbb550000 - 0x00007ffdbb672000 	C:\Windows\System32\RPCRT4.dll
0x00007ffdba110000 - 0x00007ffdba2a7000 	C:\Windows\System32\USER32.dll
0x00007ffdb86d0000 - 0x00007ffdb86f0000 	C:\Windows\System32\win32u.dll
0x00007ffdba2b0000 - 0x00007ffdba2d9000 	C:\Windows\System32\GDI32.dll
0x00007ffdb8290000 - 0x00007ffdb8429000 	C:\Windows\System32\gdi32full.dll
0x00007ffdb8430000 - 0x00007ffdb84d0000 	C:\Windows\System32\msvcp_win.dll
0x00007ffdb8580000 - 0x00007ffdb867a000 	C:\Windows\System32\ucrtbase.dll
0x00007ffdaba40000 - 0x00007ffdabcb9000 	C:\Windows\WinSxS\amd64_microsoft.windows.common-controls_6595b64144ccf1df_6.0.17763.1098_none_de762ed45346ee8a\COMCTL32.dll
0x00007ffdbaa80000 - 0x00007ffdbadac000 	C:\Windows\System32\combase.dll
0x00007ffdb84d0000 - 0x00007ffdb854e000 	C:\Windows\System32\bcryptPrimitives.dll
0x00007ffdbb2b0000 - 0x00007ffdbb2de000 	C:\Windows\System32\IMM32.DLL
0x0000000061490000 - 0x0000000061562000 	C:\Program Files\Android\Android Studio1\jre\jre\bin\msvcr100.dll
0x00000000607a0000 - 0x0000000060fe6000 	C:\Program Files\Android\Android Studio1\jre\jre\bin\server\jvm.dll
0x00007ffdb9e40000 - 0x00007ffdb9e48000 	C:\Windows\System32\PSAPI.DLL
0x00007ffd9daa0000 - 0x00007ffd9daa9000 	C:\Windows\SYSTEM32\WSOCK32.dll
0x00007ffdb88d0000 - 0x00007ffdb893d000 	C:\Windows\System32\WS2_32.dll
0x00007ffdb4440000 - 0x00007ffdb4464000 	C:\Windows\SYSTEM32\WINMM.dll
0x00007ffdaa4a0000 - 0x00007ffdaa4aa000 	C:\Windows\SYSTEM32\VERSION.dll
0x00007ffdb4410000 - 0x00007ffdb443d000 	C:\Windows\SYSTEM32\WINMMBASE.dll
0x00007ffdb8680000 - 0x00007ffdb86ca000 	C:\Windows\System32\cfgmgr32.dll
0x00007ffdb4050000 - 0x00007ffdb405f000 	C:\Program Files\Android\Android Studio1\jre\jre\bin\verify.dll
0x00007ffdb4020000 - 0x00007ffdb4049000 	C:\Program Files\Android\Android Studio1\jre\jre\bin\java.dll
0x00007ffdb3fc0000 - 0x00007ffdb3fd6000 	C:\Program Files\Android\Android Studio1\jre\jre\bin\zip.dll
0x00007ffdb8940000 - 0x00007ffdb9e34000 	C:\Windows\System32\SHELL32.dll
0x00007ffdba9a0000 - 0x00007ffdbaa48000 	C:\Windows\System32\shcore.dll
0x00007ffdb7a90000 - 0x00007ffdb81dd000 	C:\Windows\System32\windows.storage.dll
0x00007ffdb76a0000 - 0x00007ffdb76c4000 	C:\Windows\System32\profapi.dll
0x00007ffdb7710000 - 0x00007ffdb776d000 	C:\Windows\System32\powrprof.dll
0x00007ffdba0b0000 - 0x00007ffdba102000 	C:\Windows\System32\shlwapi.dll
0x00007ffdb76d0000 - 0x00007ffdb76e1000 	C:\Windows\System32\kernel.appcore.dll
0x00007ffdb7770000 - 0x00007ffdb7787000 	C:\Windows\System32\cryptsp.dll
0x00007ffdb3fa0000 - 0x00007ffdb3fba000 	C:\Program Files\Android\Android Studio1\jre\jre\bin\net.dll
0x00007ffdad1b0000 - 0x00007ffdad387000 	C:\Windows\SYSTEM32\urlmon.dll
0x00007ffdad580000 - 0x00007ffdad828000 	C:\Windows\SYSTEM32\iertutil.dll
0x00007ffdb7080000 - 0x00007ffdb708c000 	C:\Windows\SYSTEM32\CRYPTBASE.DLL
0x00007ffdb6eb0000 - 0x00007ffdb6f17000 	C:\Windows\system32\mswsock.dll
0x00007ffdb3f80000 - 0x00007ffdb3f93000 	C:\Program Files\Android\Android Studio1\jre\jre\bin\nio.dll
0x00007ffdab220000 - 0x00007ffdab246000 	C:\Users\deCrypt3d\.gradle\native\30\windows-amd64\native-platform.dll
0x00007ffdb3f70000 - 0x00007ffdb3f7d000 	C:\Program Files\Android\Android Studio1\jre\jre\bin\management.dll
0x00007ffdb6a30000 - 0x00007ffdb6a63000 	C:\Windows\system32\rsaenh.dll
0x00007ffdb8550000 - 0x00007ffdb8576000 	C:\Windows\System32\bcrypt.dll
0x00007ffdb75a0000 - 0x00007ffdb75c8000 	C:\Windows\SYSTEM32\USERENV.dll
0x00007ffdb6bd0000 - 0x00007ffdb6c0d000 	C:\Windows\SYSTEM32\IPHLPAPI.DLL
0x00007ffdbadb0000 - 0x00007ffdbadb8000 	C:\Windows\System32\NSI.dll
0x00007ffdaec50000 - 0x00007ffdaec66000 	C:\Windows\SYSTEM32\dhcpcsvc6.DLL
0x00007ffdad540000 - 0x00007ffdad55c000 	C:\Windows\SYSTEM32\dhcpcsvc.DLL
0x00007ffdb6c10000 - 0x00007ffdb6cd6000 	C:\Windows\SYSTEM32\DNSAPI.dll

VM Arguments:
jvm_args: -Xmx1536m -Dfile.encoding=windows-1252 -Duser.country=ID -Duser.language=en -Duser.variant 
java_command: org.gradle.launcher.daemon.bootstrap.GradleDaemon 5.6.4
java_class_path (initial): C:\Users\deCrypt3d\.gradle\wrapper\dists\gradle-5.6.4-all\ankdp27end7byghfw1q2sw75f\gradle-5.6.4\lib\gradle-launcher-5.6.4.jar
Launcher Type: SUN_STANDARD

Environment Variables:
PATH=C:\ProgramData\Oracle\Java\javapath;C:\Program Files (x86)\Common Files\Intel\Shared Files\cpp\bin\Intel64;C:\Windows\system32;C:\Windows;C:\Windows\System32\Wbem;C:\Windows\System32\WindowsPowerShell\v1.0\;C:\xampp\php;C:\ProgramData\ComposerSetup\bin;C:\Program Files\PuTTY\;C:\Program Files\nodejs\;%JAVA_HOME%\bin;C:\SDK\gradle-6.3\bin;C:\Users\deCrypt3d\AppData\Local\Microsoft\WindowsApps;C:\Users\deCrypt3d\AppData\Roaming\Composer\vendor\bin;C:\Users\deCrypt3d\AppData\Roaming\npm;
USERNAME=deCrypt3d
OS=Windows_NT
PROCESSOR_IDENTIFIER=Intel64 Family 6 Model 58 Stepping 9, GenuineIntel



---------------  S Y S T E M  ---------------

OS: Windows 10.0 , 64 bit Build 17763 (10.0.17763.475)

CPU:total 2 (initial active 2) (2 cores per cpu, 1 threads per core) family 6 model 58 stepping 9, cmov, cx8, fxsr, mmx, sse, sse2, sse3, ssse3, sse4.1, sse4.2, popcnt, clmul, erms, tsc, tscinvbit, tscinv

Memory: 4k page, physical 3880804k(369020k free), swap 3880804k(6600k free)

vm_info: OpenJDK 64-Bit Server VM (25.212-b04) for windows-amd64 JRE (1.8.0_212-release-1586-b04), built by "builder" with MS VC++ 10.0 (VS2010)

time: Tue Jun 23 21:56:36 2020
timezone: SE Asia Standard Time
elapsed time: 21 seconds (0d 0h 0m 21s)

