#
# There is insufficient memory for the Java Runtime Environment to continue.
# Native memory allocation (malloc) failed to allocate 1708656 bytes for Chunk::new
# Possible reasons:
#   The system is out of physical RAM or swap space
#   The process is running with CompressedOops enabled, and the Java Heap may be blocking the growth of the native heap
# Possible solutions:
#   Reduce memory load on the system
#   Increase physical memory or swap space
#   Check if swap backing store is full
#   Decrease Java heap size (-Xmx/-Xms)
#   Decrease number of Java threads
#   Decrease Java thread stack sizes (-Xss)
#   Set larger code cache with -XX:ReservedCodeCacheSize=
#   JVM is running with Unscaled Compressed Oops mode in which the Java heap is
#     placed in the first 4GB address space. The Java Heap base address is the
#     maximum limit for the native heap growth. Please use -XX:HeapBaseMinAddress
#     to set the Java Heap base and to place the Java Heap above 4GB virtual address.
# This output file may be truncated or incomplete.
#
#  Out of Memory Error (allocation.cpp:389), pid=4372, tid=0x0000000000001a68
#
# JRE version: OpenJDK Runtime Environment (8.0_212-b04) (build 1.8.0_212-release-1586-b04)
# Java VM: OpenJDK 64-Bit Server VM (25.212-b04 mixed mode windows-amd64 compressed oops)
# Failed to write core dump. Minidumps are not enabled by default on client versions of Windows
#

---------------  T H R E A D  ---------------

Current thread (0x00000000167fa000):  JavaThread "C2 CompilerThread0" daemon [_thread_in_native, id=6760, stack(0x0000000017830000,0x0000000017930000)]

Stack: [0x0000000017830000,0x0000000017930000]
[error occurred during error reporting (printing stack bounds), id 0xc0000005]

Native frames: (J=compiled Java code, j=interpreted, Vv=VM code, C=native code)


Current CompileTask:
C2:1652322 21066       4       com.android.tools.r8.dex.j::a (1022 bytes)


---------------  P R O C E S S  ---------------

Java Threads: ( => current thread )
  0x0000000026fbd800 JavaThread "ForkJoinPool-5-worker-0" daemon [_thread_blocked, id=3044, stack(0x000000002bf00000,0x000000002c000000)]
  0x0000000026fb3000 JavaThread "ForkJoinPool-5-worker-1" daemon [_thread_blocked, id=2324, stack(0x000000002bbe0000,0x000000002bce0000)]
  0x0000000026fb1000 JavaThread "WorkerExecutor Queue Thread 4" [_thread_blocked, id=3632, stack(0x000000002b8e0000,0x000000002b9e0000)]
  0x0000000026fb7800 JavaThread "Cache worker for Java compile cache (D:\Semangat Tugas Akhir\Main Project\PajakAir\.gradle\5.6.4\javaCompile)" [_thread_blocked, id=7152, stack(0x000000002b5e0000,0x000000002b6e0000)]
  0x0000000026fb7000 JavaThread "Cache worker for Java compile cache (C:\Users\deCrypt3d\.gradle\caches\5.6.4\javaCompile)" [_thread_blocked, id=3936, stack(0x000000002b4e0000,0x000000002b5e0000)]
  0x000000001db1b000 JavaThread "WorkerExecutor Queue Thread 3" [_thread_in_Java, id=2936, stack(0x0000000025500000,0x0000000025600000)]
  0x000000001db1c800 JavaThread "stdout" [_thread_in_native, id=828, stack(0x0000000025400000,0x0000000025500000)]
  0x000000001db1a000 JavaThread "stderr" [_thread_in_native, id=4452, stack(0x0000000025300000,0x0000000025400000)]
  0x000000001db19800 JavaThread "stdout" [_thread_in_native, id=7164, stack(0x0000000025200000,0x0000000025300000)]
  0x000000001db18800 JavaThread "stderr" [_thread_in_native, id=2852, stack(0x0000000025100000,0x0000000025200000)]
  0x000000001db17000 JavaThread "pool-7-thread-1" [_thread_blocked, id=2724, stack(0x0000000025000000,0x0000000025100000)]
  0x0000000019c17000 JavaThread "Cache worker for execution history cache (D:\Semangat Tugas Akhir\Main Project\PajakAir\.gradle\5.6.4\executionHistory)" [_thread_blocked, id=2424, stack(0x0000000024c00000,0x0000000024d00000)]
  0x0000000019c1d800 JavaThread "Execution worker for ':'" [_thread_blocked, id=6764, stack(0x0000000024b00000,0x0000000024c00000)]
  0x0000000019c1d000 JavaThread "Cache worker for file content cache (D:\Semangat Tugas Akhir\Main Project\PajakAir\.gradle\5.6.4\fileContent)" [_thread_blocked, id=6752, stack(0x0000000024a00000,0x0000000024b00000)]
  0x0000000019c1a800 JavaThread "Cache worker for file content cache (C:\Users\deCrypt3d\.gradle\caches\5.6.4\fileContent)" [_thread_blocked, id=6120, stack(0x0000000024900000,0x0000000024a00000)]
  0x000000001a139000 JavaThread "Cache worker for Build Output Cleanup Cache (D:\Semangat Tugas Akhir\Main Project\PajakAir\.gradle\buildOutputCleanup)" [_thread_blocked, id=6300, stack(0x0000000024800000,0x0000000024900000)]
  0x000000001a13d800 JavaThread "Build operations Thread 2" [_thread_blocked, id=6224, stack(0x0000000024700000,0x0000000024800000)]
  0x000000001a13b800 JavaThread "Build operations" [_thread_blocked, id=2208, stack(0x0000000024600000,0x0000000024700000)]
  0x000000001a13a800 JavaThread "Cache worker for cache directory md-rule (C:\Users\deCrypt3d\.gradle\caches\5.6.4\md-rule)" [_thread_blocked, id=4588, stack(0x0000000024500000,0x0000000024600000)]
  0x000000001a131000 JavaThread "Cache worker for cache directory md-supplier (C:\Users\deCrypt3d\.gradle\caches\5.6.4\md-supplier)" [_thread_blocked, id=6920, stack(0x0000000024400000,0x0000000024500000)]
  0x000000001a13a000 JavaThread "Cache worker for file hash cache (D:\Semangat Tugas Akhir\Main Project\PajakAir\.gradle\5.6.4\fileHashes)" [_thread_blocked, id=32, stack(0x0000000024300000,0x0000000024400000)]
  0x000000001a138800 JavaThread "Thread-37" [_thread_blocked, id=1676, stack(0x0000000024200000,0x0000000024300000)]
  0x000000001a130000 JavaThread "Stdin handler" [_thread_blocked, id=5600, stack(0x0000000024100000,0x0000000024200000)]
  0x000000001a131800 JavaThread "Asynchronous log dispatcher for DefaultDaemonConnection: socket connection from /127.0.0.1:50184 to /127.0.0.1:50236" [_thread_blocked, id=1196, stack(0x0000000024000000,0x0000000024100000)]
  0x000000001a136000 JavaThread "Daemon worker Thread 3" [_thread_blocked, id=1192, stack(0x0000000023f00000,0x0000000024000000)]
  0x000000001a137000 JavaThread "Cancel handler" [_thread_blocked, id=2168, stack(0x0000000023e00000,0x0000000023f00000)]
  0x000000001a135800 JavaThread "Handler for socket connection from /127.0.0.1:50184 to /127.0.0.1:50236" [_thread_in_native, id=4612, stack(0x0000000023d00000,0x0000000023e00000)]
  0x000000001a134000 JavaThread "Daemon Thread 2" [_thread_blocked, id=3092, stack(0x0000000023c00000,0x0000000023d00000)]
  0x000000001a137800 JavaThread "Memory manager" [_thread_blocked, id=2156, stack(0x0000000020a30000,0x0000000020b30000)]
  0x000000001a133000 JavaThread "Cache worker for execution history cache (C:\Users\deCrypt3d\.gradle\caches\5.6.4\executionHistory)" [_thread_blocked, id=3776, stack(0x000000001edd0000,0x000000001eed0000)]
  0x0000000019c18800 JavaThread "Cache worker for journal cache (C:\Users\deCrypt3d\.gradle\caches\journal-1)" [_thread_blocked, id=3596, stack(0x000000001be50000,0x000000001bf50000)]
  0x0000000019c1c000 JavaThread "File lock request listener" [_thread_in_native, id=2812, stack(0x000000001bd50000,0x000000001be50000)]
  0x0000000019c1a000 JavaThread "Cache worker for file hash cache (C:\Users\deCrypt3d\.gradle\caches\5.6.4\fileHashes)" [_thread_blocked, id=7116, stack(0x000000001ba50000,0x000000001bb50000)]
  0x0000000019907800 JavaThread "Daemon periodic checks" [_thread_blocked, id=764, stack(0x000000001b150000,0x000000001b250000)]
  0x00000000198a7000 JavaThread "Incoming local TCP Connector on port 50184" [_thread_in_native, id=1820, stack(0x000000001ae10000,0x000000001af10000)]
  0x0000000019783000 JavaThread "Daemon health stats" [_thread_blocked, id=6788, stack(0x000000001a7d0000,0x000000001a8d0000)]
  0x0000000016874800 JavaThread "Service Thread" daemon [_thread_blocked, id=1468, stack(0x0000000017a30000,0x0000000017b30000)]
  0x00000000167fd000 JavaThread "C1 CompilerThread1" daemon [_thread_blocked, id=4852, stack(0x0000000017930000,0x0000000017a30000)]
=>0x00000000167fa000 JavaThread "C2 CompilerThread0" daemon [_thread_in_native, id=6760, stack(0x0000000017830000,0x0000000017930000)]
  0x00000000167f9000 JavaThread "Attach Listener" daemon [_thread_blocked, id=5112, stack(0x0000000017730000,0x0000000017830000)]
  0x00000000167f4000 JavaThread "Signal Dispatcher" daemon [_thread_blocked, id=4652, stack(0x0000000017630000,0x0000000017730000)]
  0x00000000030c7800 JavaThread "Finalizer" daemon [_thread_blocked, id=6388, stack(0x0000000017430000,0x0000000017530000)]
  0x00000000167e7000 JavaThread "Reference Handler" daemon [_thread_blocked, id=3096, stack(0x0000000017330000,0x0000000017430000)]
  0x0000000002ece000 JavaThread "main" [_thread_blocked, id=5444, stack(0x0000000002ed0000,0x0000000002fd0000)]

Other Threads:
  0x00000000167c5800 VMThread [stack: 0x0000000017230000,0x0000000017330000] [id=3688]
  0x0000000016897000 WatcherThread [stack: 0x0000000017b30000,0x0000000017c30000] [id=5664]

VM state:not at safepoint (normal execution)

VM Mutex/Monitor currently owned by a thread: None

heap address: 0x00000000a0000000, size: 1536 MB, Compressed Oops mode: 32-bit
Narrow klass base: 0x0000000000000000, Narrow klass shift: 3
Compressed class space size: 1073741824 Address: 0x0000000100000000

Heap:
 PSYoungGen      total 415232K, used 100559K [0x00000000e0000000, 0x00000000ffe80000, 0x0000000100000000)
  eden space 316416K, 31% used [0x00000000e0000000,0x00000000e6233e98,0x00000000f3500000)
  from space 98816K, 0% used [0x00000000f9680000,0x00000000f9680000,0x00000000ff700000)
  to   space 99840K, 0% used [0x00000000f3500000,0x00000000f3500000,0x00000000f9680000)
 ParOldGen       total 221696K, used 98102K [0x00000000a0000000, 0x00000000ad880000, 0x00000000e0000000)
  object space 221696K, 44% used [0x00000000a0000000,0x00000000a5fcd830,0x00000000ad880000)
 Metaspace       used 102843K, capacity 106635K, committed 108800K, reserved 1144832K
  class space    used 13055K, capacity 13902K, committed 14336K, reserved 1048576K

Card table byte_map: [0x0000000012490000,0x00000000127a0000] byte_map_base: 0x0000000011f90000

Marking Bits: (ParMarkBitMap*) 0x0000000073139f30
 Begin Bits: [0x0000000012ba0000, 0x00000000143a0000)
 End Bits:   [0x00000000143a0000, 0x0000000015ba0000)

Polling page: 0x0000000001250000

CodeCache: size=245760Kb used=56434Kb max_used=56444Kb free=189325Kb
 bounds [0x00000000030d0000, 0x0000000006840000, 0x00000000120d0000]
 total_blobs=18110 nmethods=17180 adapters=843
 compilation: enabled

Compilation events (10 events):
Event: 1652.221 Thread 0x00000000167fd000 21193       3       com.android.tools.r8.utils.A::a (100 bytes)
Event: 1652.222 Thread 0x00000000167fd000 nmethod 21193 0x0000000006115210 code [0x0000000006115480, 0x00000000061164e8]
Event: 1652.263 Thread 0x00000000167fd000 21194 %     3       java.util.concurrent.ForkJoinPool::scan @ 45 (416 bytes)
Event: 1652.265 Thread 0x00000000167fd000 nmethod 21194% 0x0000000006825350 code [0x0000000006825540, 0x0000000006826338]
Event: 1652.268 Thread 0x00000000167fd000 21195       3       java.util.concurrent.ForkJoinPool::scan (416 bytes)
Event: 1652.270 Thread 0x00000000167fd000 nmethod 21195 0x0000000006824150 code [0x0000000006824320, 0x0000000006824ef8]
Event: 1652.297 Thread 0x00000000167fd000 21201 %     3       com.android.tools.r8.u.d.d::a @ 57 (270 bytes)
Event: 1652.301 Thread 0x00000000167fd000 nmethod 21201% 0x0000000004e35290 code [0x0000000004e35680, 0x0000000004e37708]
Event: 1652.303 Thread 0x00000000167fd000 21202       3       com.android.tools.r8.u.d.d::a (270 bytes)
Event: 1652.306 Thread 0x00000000167fd000 nmethod 21202 0x0000000006820a10 code [0x0000000006820de0, 0x0000000006822d18]

GC Heap History (10 events):
Event: 1633.956 GC heap before
{Heap before GC invocations=23 (full 4):
 PSYoungGen      total 284672K, used 275966K [0x00000000e0000000, 0x00000000f5580000, 0x0000000100000000)
  eden space 238080K, 100% used [0x00000000e0000000,0x00000000ee880000,0x00000000ee880000)
  from space 46592K, 81% used [0x00000000f1a80000,0x00000000f3f7f8b0,0x00000000f4800000)
  to   space 51200K, 0% used [0x00000000ee880000,0x00000000ee880000,0x00000000f1a80000)
 ParOldGen       total 160768K, used 69100K [0x00000000a0000000, 0x00000000a9d00000, 0x00000000e0000000)
  object space 160768K, 42% used [0x00000000a0000000,0x00000000a437b230,0x00000000a9d00000)
 Metaspace       used 95111K, capacity 98543K, committed 98944K, reserved 1134592K
  class space    used 12087K, capacity 12865K, committed 12928K, reserved 1048576K
Event: 1634.069 GC heap after
Heap after GC invocations=23 (full 4):
 PSYoungGen      total 289280K, used 51187K [0x00000000e0000000, 0x00000000f8c00000, 0x0000000100000000)
  eden space 238080K, 0% used [0x00000000e0000000,0x00000000e0000000,0x00000000ee880000)
  from space 51200K, 99% used [0x00000000ee880000,0x00000000f1a7cd50,0x00000000f1a80000)
  to   space 65536K, 0% used [0x00000000f4c00000,0x00000000f4c00000,0x00000000f8c00000)
 ParOldGen       total 160768K, used 84839K [0x00000000a0000000, 0x00000000a9d00000, 0x00000000e0000000)
  object space 160768K, 52% used [0x00000000a0000000,0x00000000a52d9e90,0x00000000a9d00000)
 Metaspace       used 95111K, capacity 98543K, committed 98944K, reserved 1134592K
  class space    used 12087K, capacity 12865K, committed 12928K, reserved 1048576K
}
Event: 1640.016 GC heap before
{Heap before GC invocations=24 (full 4):
 PSYoungGen      total 289280K, used 289267K [0x00000000e0000000, 0x00000000f8c00000, 0x0000000100000000)
  eden space 238080K, 100% used [0x00000000e0000000,0x00000000ee880000,0x00000000ee880000)
  from space 51200K, 99% used [0x00000000ee880000,0x00000000f1a7cd50,0x00000000f1a80000)
  to   space 65536K, 0% used [0x00000000f4c00000,0x00000000f4c00000,0x00000000f8c00000)
 ParOldGen       total 160768K, used 84839K [0x00000000a0000000, 0x00000000a9d00000, 0x00000000e0000000)
  object space 160768K, 52% used [0x00000000a0000000,0x00000000a52d9e90,0x00000000a9d00000)
 Metaspace       used 101805K, capacity 105897K, committed 106112K, reserved 1140736K
  class space    used 12899K, capacity 13822K, committed 13952K, reserved 1048576K
Event: 1640.211 GC heap after
Heap after GC invocations=24 (full 4):
 PSYoungGen      total 332800K, used 54738K [0x00000000e0000000, 0x00000000f9c00000, 0x0000000100000000)
  eden space 267264K, 0% used [0x00000000e0000000,0x00000000e0000000,0x00000000f0500000)
  from space 65536K, 83% used [0x00000000f4c00000,0x00000000f8174a78,0x00000000f8c00000)
  to   space 72704K, 0% used [0x00000000f0500000,0x00000000f0500000,0x00000000f4c00000)
 ParOldGen       total 160768K, used 84847K [0x00000000a0000000, 0x00000000a9d00000, 0x00000000e0000000)
  object space 160768K, 52% used [0x00000000a0000000,0x00000000a52dbe90,0x00000000a9d00000)
 Metaspace       used 101805K, capacity 105897K, committed 106112K, reserved 1140736K
  class space    used 12899K, capacity 13822K, committed 13952K, reserved 1048576K
}
Event: 1645.873 GC heap before
{Heap before GC invocations=25 (full 4):
 PSYoungGen      total 332800K, used 322002K [0x00000000e0000000, 0x00000000f9c00000, 0x0000000100000000)
  eden space 267264K, 100% used [0x00000000e0000000,0x00000000f0500000,0x00000000f0500000)
  from space 65536K, 83% used [0x00000000f4c00000,0x00000000f8174a78,0x00000000f8c00000)
  to   space 72704K, 0% used [0x00000000f0500000,0x00000000f0500000,0x00000000f4c00000)
 ParOldGen       total 160768K, used 84847K [0x00000000a0000000, 0x00000000a9d00000, 0x00000000e0000000)
  object space 160768K, 52% used [0x00000000a0000000,0x00000000a52dbe90,0x00000000a9d00000)
 Metaspace       used 103930K, capacity 108195K, committed 108544K, reserved 1142784K
  class space    used 13226K, capacity 14153K, committed 14336K, reserved 1048576K
Event: 1646.225 GC heap after
Heap after GC invocations=25 (full 4):
 PSYoungGen      total 339968K, used 72694K [0x00000000e0000000, 0x00000000ff700000, 0x0000000100000000)
  eden space 267264K, 0% used [0x00000000e0000000,0x00000000e0000000,0x00000000f0500000)
  from space 72704K, 99% used [0x00000000f0500000,0x00000000f4bfdb80,0x00000000f4c00000)
  to   space 98816K, 0% used [0x00000000f9680000,0x00000000f9680000,0x00000000ff700000)
 ParOldGen       total 160768K, used 121905K [0x00000000a0000000, 0x00000000a9d00000, 0x00000000e0000000)
  object space 160768K, 75% used [0x00000000a0000000,0x00000000a770c620,0x00000000a9d00000)
 Metaspace       used 103930K, capacity 108195K, committed 108544K, reserved 1142784K
  class space    used 13226K, capacity 14153K, committed 14336K, reserved 1048576K
}
Event: 1649.910 GC heap before
{Heap before GC invocations=26 (full 4):
 PSYoungGen      total 339968K, used 339370K [0x00000000e0000000, 0x00000000ff700000, 0x0000000100000000)
  eden space 267264K, 99% used [0x00000000e0000000,0x00000000f046ce88,0x00000000f0500000)
  from space 72704K, 99% used [0x00000000f0500000,0x00000000f4bfdb80,0x00000000f4c00000)
  to   space 98816K, 0% used [0x00000000f9680000,0x00000000f9680000,0x00000000ff700000)
 ParOldGen       total 160768K, used 121905K [0x00000000a0000000, 0x00000000a9d00000, 0x00000000e0000000)
  object space 160768K, 75% used [0x00000000a0000000,0x00000000a770c620,0x00000000a9d00000)
 Metaspace       used 104205K, capacity 108521K, committed 108800K, reserved 1144832K
  class space    used 13236K, capacity 14190K, committed 14336K, reserved 1048576K
Event: 1650.165 GC heap after
Heap after GC invocations=26 (full 4):
 PSYoungGen      total 415232K, used 55262K [0x00000000e0000000, 0x00000000ffe80000, 0x0000000100000000)
  eden space 316416K, 0% used [0x00000000e0000000,0x00000000e0000000,0x00000000f3500000)
  from space 98816K, 55% used [0x00000000f9680000,0x00000000fcc77900,0x00000000ff700000)
  to   space 99840K, 0% used [0x00000000f3500000,0x00000000f3500000,0x00000000f9680000)
 ParOldGen       total 160768K, used 151415K [0x00000000a0000000, 0x00000000a9d00000, 0x00000000e0000000)
  object space 160768K, 94% used [0x00000000a0000000,0x00000000a93ddf80,0x00000000a9d00000)
 Metaspace       used 104205K, capacity 108521K, committed 108800K, reserved 1144832K
  class space    used 13236K, capacity 14190K, committed 14336K, reserved 1048576K
}
Event: 1650.165 GC heap before
{Heap before GC invocations=27 (full 5):
 PSYoungGen      total 415232K, used 55262K [0x00000000e0000000, 0x00000000ffe80000, 0x0000000100000000)
  eden space 316416K, 0% used [0x00000000e0000000,0x00000000e0000000,0x00000000f3500000)
  from space 98816K, 55% used [0x00000000f9680000,0x00000000fcc77900,0x00000000ff700000)
  to   space 99840K, 0% used [0x00000000f3500000,0x00000000f3500000,0x00000000f9680000)
 ParOldGen       total 160768K, used 151415K [0x00000000a0000000, 0x00000000a9d00000, 0x00000000e0000000)
  object space 160768K, 94% used [0x00000000a0000000,0x00000000a93ddf80,0x00000000a9d00000)
 Metaspace       used 104205K, capacity 108521K, committed 108800K, reserved 1144832K
  class space    used 13236K, capacity 14190K, committed 14336K, reserved 1048576K
Event: 1650.746 GC heap after
Heap after GC invocations=27 (full 5):
 PSYoungGen      total 415232K, used 0K [0x00000000e0000000, 0x00000000ffe80000, 0x0000000100000000)
  eden space 316416K, 0% used [0x00000000e0000000,0x00000000e0000000,0x00000000f3500000)
  from space 98816K, 0% used [0x00000000f9680000,0x00000000f9680000,0x00000000ff700000)
  to   space 99840K, 0% used [0x00000000f3500000,0x00000000f3500000,0x00000000f9680000)
 ParOldGen       total 221696K, used 98102K [0x00000000a0000000, 0x00000000ad880000, 0x00000000e0000000)
  object space 221696K, 44% used [0x00000000a0000000,0x00000000a5fcd830,0x00000000ad880000)
 Metaspace       used 102842K, capacity 106635K, committed 108800K, reserved 1144832K
  class space    used 13054K, capacity 13902K, committed 14336K, reserved 1048576K
}

Deoptimization events (10 events):
Event: 1647.871 Thread 0x0000000026fb3000 Uncommon trap: reason=unstable_if action=reinterpret pc=0x00000000066408a8 method=java.util.TimSort.mergeHi(IIII)V @ 568
Event: 1647.906 Thread 0x0000000026fb3000 Uncommon trap: reason=unstable_if action=reinterpret pc=0x0000000005d5eb7c method=java.util.Collections.addAll(Ljava/util/Collection;[Ljava/lang/Object;)Z @ 15
Event: 1647.982 Thread 0x0000000026fb3000 Uncommon trap: reason=null_check action=make_not_entrant pc=0x000000000641e810 method=com.android.tools.r8.graph.d0.computeEquals(Ljava/lang/Object;)Z @ 1
Event: 1648.237 Thread 0x0000000026fb3000 Uncommon trap: reason=unstable_if action=reinterpret pc=0x00000000066892b4 method=com.android.tools.r8.v.a.a.a.h.M.a(Ljava/lang/Object;I)I @ 130
Event: 1648.595 Thread 0x0000000026fb3000 Uncommon trap: reason=unstable_if action=reinterpret pc=0x0000000006636fa0 method=java.util.TimSort.mergeLo(IIII)V @ 529
Event: 1648.605 Thread 0x0000000026fb3000 Uncommon trap: reason=unstable_if action=reinterpret pc=0x0000000005f5818c method=java.util.TimSort.mergeLo(IIII)V @ 513
Event: 1648.988 Thread 0x0000000026fb1000 Uncommon trap: reason=class_check action=maybe_recompile pc=0x000000000605ab80 method=com.android.builder.merge.DelegateIncrementalFileMergerInput.getName()Ljava/lang/String; @ 4
Event: 1649.506 Thread 0x0000000026fb3000 Uncommon trap: reason=class_check action=maybe_recompile pc=0x00000000067ba504 method=com.android.tools.r8.dex.m.a(Ljava/util/Collection;ILjava/util/function/Consumer;)V @ 29
Event: 1649.506 Thread 0x0000000026fb3000 Uncommon trap: reason=class_check action=maybe_recompile pc=0x00000000067ba504 method=com.android.tools.r8.dex.m.a(Ljava/util/Collection;ILjava/util/function/Consumer;)V @ 29
Event: 1651.234 Thread 0x0000000026fb3000 Uncommon trap: reason=null_check action=make_not_entrant pc=0x00000000065cb768 method=com.android.tools.r8.dex.j.e(I)Lcom/android/tools/r8/graph/J; @ 11

Classes redefined (0 events):
No events

Internal exceptions (10 events):
Event: 1641.407 Thread 0x0000000026fb1000 Exception <a 'sun/nio/fs/WindowsException'> (0x00000000e1c9d608) thrown at [D:\src\AOSP-openjdk-cygwin\jdk8u\hotspot\src\share\vm\prims\jni.cpp, line 710]
Event: 1642.203 Thread 0x000000001a136000 Exception <a 'sun/nio/fs/WindowsException'> (0x00000000e3d38548) thrown at [D:\src\AOSP-openjdk-cygwin\jdk8u\hotspot\src\share\vm\prims\jni.cpp, line 710]
Event: 1643.319 Thread 0x000000001a136000 Exception <a 'sun/nio/fs/WindowsException'> (0x00000000e5e6f2c0) thrown at [D:\src\AOSP-openjdk-cygwin\jdk8u\hotspot\src\share\vm\prims\jni.cpp, line 710]
Event: 1643.415 Thread 0x0000000019c1d800 Exception <a 'java/lang/NoSuchMethodError': <clinit>> (0x00000000e5fe2eb0) thrown at [D:\src\AOSP-openjdk-cygwin\jdk8u\hotspot\src\share\vm\prims\jni.cpp, line 1614]
Event: 1643.692 Thread 0x000000001db1b000 Exception <a 'sun/nio/fs/WindowsException'> (0x00000000e6f1a830) thrown at [D:\src\AOSP-openjdk-cygwin\jdk8u\hotspot\src\share\vm\prims\jni.cpp, line 710]
Event: 1644.397 Thread 0x0000000026fba000 Implicit null exception at 0x0000000003beab6f to 0x0000000003beac61
Event: 1647.982 Thread 0x0000000026fb3000 Implicit null exception at 0x000000000641e68f to 0x000000000641e801
Event: 1649.609 Thread 0x0000000026fb3000 Exception <a 'sun/nio/fs/WindowsException'> (0x00000000ed7fd520) thrown at [D:\src\AOSP-openjdk-cygwin\jdk8u\hotspot\src\share\vm\prims\jni.cpp, line 710]
Event: 1649.816 Thread 0x000000001db1b000 Exception <a 'sun/nio/fs/WindowsException'> (0x00000000edc1e040) thrown at [D:\src\AOSP-openjdk-cygwin\jdk8u\hotspot\src\share\vm\prims\jni.cpp, line 710]
Event: 1651.234 Thread 0x0000000026fb3000 Implicit null exception at 0x00000000065bf860 to 0x00000000065cb69d

Events (10 events):
Event: 1652.254 Executing VM operation: RevokeBias done
Event: 1652.267 Thread 0x00000000167fd000 flushing nmethod 0x0000000004b4b5d0
Event: 1652.268 Thread 0x00000000167fd000 flushing nmethod 0x0000000004bab090
Event: 1652.271 Thread 0x00000000167fd000 flushing nmethod 0x0000000004e33a10
Event: 1652.272 Thread 0x00000000167fd000 flushing nmethod 0x0000000004e68b10
Event: 1652.272 Thread 0x0000000026fbd800 DEOPT PACKING pc=0x00000000065abab3 sp=0x000000002bfff310
Event: 1652.272 Thread 0x0000000026fbd800 DEOPT UNPACKING pc=0x00000000031171d0 sp=0x000000002bfff008 mode 0
Event: 1652.306 Thread 0x00000000167fd000 flushing nmethod 0x000000000538ff90
Event: 1652.307 Thread 0x00000000167fd000 flushing nmethod 0x00000000054e6610
Event: 1652.308 Thread 0x00000000167fd000 flushing nmethod 0x00000000055c6790


Dynamic libraries:
0x00007ff75ae90000 - 0x00007ff75aec1000 	C:\Program Files\Android\Android Studio1\jre\bin\java.exe
0x00007ff85ee20000 - 0x00007ff85f00d000 	C:\Windows\SYSTEM32\ntdll.dll
0x00007ff85daa0000 - 0x00007ff85db53000 	C:\Windows\System32\KERNEL32.DLL
0x00007ff85b030000 - 0x00007ff85b2c3000 	C:\Windows\System32\KERNELBASE.dll
0x00007ff85e290000 - 0x00007ff85e333000 	C:\Windows\System32\ADVAPI32.dll
0x00007ff85ea20000 - 0x00007ff85eabe000 	C:\Windows\System32\msvcrt.dll
0x00007ff85dd70000 - 0x00007ff85de0e000 	C:\Windows\System32\sechost.dll
0x00007ff85e3c0000 - 0x00007ff85e4e2000 	C:\Windows\System32\RPCRT4.dll
0x00007ff85ec80000 - 0x00007ff85ee17000 	C:\Windows\System32\USER32.dll
0x00007ff85b5c0000 - 0x00007ff85b5e0000 	C:\Windows\System32\win32u.dll
0x00007ff85e370000 - 0x00007ff85e399000 	C:\Windows\System32\GDI32.dll
0x00007ff85b690000 - 0x00007ff85b829000 	C:\Windows\System32\gdi32full.dll
0x00007ff85b830000 - 0x00007ff85b8d0000 	C:\Windows\System32\msvcp_win.dll
0x00007ff85af10000 - 0x00007ff85b00a000 	C:\Windows\System32\ucrtbase.dll
0x00007ff84f1e0000 - 0x00007ff84f459000 	C:\Windows\WinSxS\amd64_microsoft.windows.common-controls_6595b64144ccf1df_6.0.17763.1098_none_de762ed45346ee8a\COMCTL32.dll
0x00007ff85d660000 - 0x00007ff85d98c000 	C:\Windows\System32\combase.dll
0x00007ff85b2d0000 - 0x00007ff85b34e000 	C:\Windows\System32\bcryptPrimitives.dll
0x00007ff85e340000 - 0x00007ff85e36e000 	C:\Windows\System32\IMM32.DLL
0x0000000073660000 - 0x0000000073732000 	C:\Program Files\Android\Android Studio1\jre\jre\bin\msvcr100.dll
0x0000000072970000 - 0x00000000731b6000 	C:\Program Files\Android\Android Studio1\jre\jre\bin\server\jvm.dll
0x00007ff85dd60000 - 0x00007ff85dd68000 	C:\Windows\System32\PSAPI.DLL
0x00007ff840070000 - 0x00007ff840079000 	C:\Windows\SYSTEM32\WSOCK32.dll
0x00007ff85c070000 - 0x00007ff85c0dd000 	C:\Windows\System32\WS2_32.dll
0x00007ff857bd0000 - 0x00007ff857bf4000 	C:\Windows\SYSTEM32\WINMM.dll
0x00007ff84da30000 - 0x00007ff84da3a000 	C:\Windows\SYSTEM32\VERSION.dll
0x00007ff857ba0000 - 0x00007ff857bcd000 	C:\Windows\SYSTEM32\WINMMBASE.dll
0x00007ff85c020000 - 0x00007ff85c06a000 	C:\Windows\System32\cfgmgr32.dll
0x00007ff857750000 - 0x00007ff85775f000 	C:\Program Files\Android\Android Studio1\jre\jre\bin\verify.dll
0x00007ff8576f0000 - 0x00007ff857719000 	C:\Program Files\Android\Android Studio1\jre\jre\bin\java.dll
0x00007ff8576d0000 - 0x00007ff8576e6000 	C:\Program Files\Android\Android Studio1\jre\jre\bin\zip.dll
0x00007ff85c0e0000 - 0x00007ff85d5d4000 	C:\Windows\System32\SHELL32.dll
0x00007ff85db60000 - 0x00007ff85dc08000 	C:\Windows\System32\shcore.dll
0x00007ff85b8d0000 - 0x00007ff85c01d000 	C:\Windows\System32\windows.storage.dll
0x00007ff85aee0000 - 0x00007ff85af04000 	C:\Windows\System32\profapi.dll
0x00007ff85ae80000 - 0x00007ff85aedd000 	C:\Windows\System32\powrprof.dll
0x00007ff85ec20000 - 0x00007ff85ec72000 	C:\Windows\System32\shlwapi.dll
0x00007ff85ae40000 - 0x00007ff85ae51000 	C:\Windows\System32\kernel.appcore.dll
0x00007ff85b010000 - 0x00007ff85b027000 	C:\Windows\System32\cryptsp.dll
0x00007ff854700000 - 0x00007ff85471a000 	C:\Program Files\Android\Android Studio1\jre\jre\bin\net.dll
0x00007ff850810000 - 0x00007ff8509e7000 	C:\Windows\SYSTEM32\urlmon.dll
0x00007ff850ba0000 - 0x00007ff850e48000 	C:\Windows\SYSTEM32\iertutil.dll
0x00007ff85a820000 - 0x00007ff85a82c000 	C:\Windows\SYSTEM32\CRYPTBASE.DLL
0x00007ff85a650000 - 0x00007ff85a6b7000 	C:\Windows\system32\mswsock.dll
0x00007ff854580000 - 0x00007ff854593000 	C:\Program Files\Android\Android Studio1\jre\jre\bin\nio.dll
0x00007ff854720000 - 0x00007ff854746000 	C:\Users\deCrypt3d\.gradle\native\30\windows-amd64\native-platform.dll
0x00007ff857740000 - 0x00007ff85774d000 	C:\Program Files\Android\Android Studio1\jre\jre\bin\management.dll
0x00007ff85a1d0000 - 0x00007ff85a203000 	C:\Windows\system32\rsaenh.dll
0x00007ff85b350000 - 0x00007ff85b376000 	C:\Windows\System32\bcrypt.dll
0x00007ff85ad40000 - 0x00007ff85ad68000 	C:\Windows\SYSTEM32\USERENV.dll
0x00007ff85a370000 - 0x00007ff85a3ad000 	C:\Windows\SYSTEM32\IPHLPAPI.DLL
0x00007ff85e820000 - 0x00007ff85e828000 	C:\Windows\System32\NSI.dll
0x00007ff852070000 - 0x00007ff852086000 	C:\Windows\SYSTEM32\dhcpcsvc6.DLL
0x00007ff852050000 - 0x00007ff85206c000 	C:\Windows\SYSTEM32\dhcpcsvc.DLL
0x00007ff85a3b0000 - 0x00007ff85a476000 	C:\Windows\SYSTEM32\DNSAPI.dll
0x00007ff852660000 - 0x00007ff852684000 	C:\Program Files\Android\Android Studio1\jre\jre\bin\sunec.dll
0x00007ff84d2c0000 - 0x00007ff84d2ca000 	C:\Windows\System32\rasadhlp.dll
0x00007ff84e3a0000 - 0x00007ff84e419000 	C:\Windows\System32\fwpuclnt.dll
0x00007ff8576c0000 - 0x00007ff8576cb000 	C:\Program Files\Android\Android Studio1\jre\jre\bin\sunmscapi.dll
0x00007ff85b3e0000 - 0x00007ff85b5bc000 	C:\Windows\System32\CRYPT32.dll
0x00007ff85ae60000 - 0x00007ff85ae72000 	C:\Windows\System32\MSASN1.dll

VM Arguments:
jvm_args: -Xmx1536m -Dfile.encoding=windows-1252 -Duser.country=ID -Duser.language=en -Duser.variant 
java_command: org.gradle.launcher.daemon.bootstrap.GradleDaemon 5.6.4
java_class_path (initial): C:\Users\deCrypt3d\.gradle\wrapper\dists\gradle-5.6.4-all\ankdp27end7byghfw1q2sw75f\gradle-5.6.4\lib\gradle-launcher-5.6.4.jar
Launcher Type: SUN_STANDARD

Environment Variables:
PATH=C:\ProgramData\Oracle\Java\javapath;C:\Program Files (x86)\Common Files\Intel\Shared Files\cpp\bin\Intel64;C:\Windows\system32;C:\Windows;C:\Windows\System32\Wbem;C:\Windows\System32\WindowsPowerShell\v1.0\;C:\xampp\php;C:\ProgramData\ComposerSetup\bin;C:\Program Files\PuTTY\;C:\Program Files\nodejs\;%JAVA_HOME%\bin;C:\SDK\gradle-6.3\bin;C:\Program Files (x86)\GtkSharp\2.12\bin;C:\Users\deCrypt3d\AppData\Local\Microsoft\WindowsApps;C:\Users\deCrypt3d\AppData\Roaming\Composer\vendor\bin;C:\Users\deCrypt3d\AppData\Roaming\npm;
USERNAME=deCrypt3d
OS=Windows_NT
PROCESSOR_IDENTIFIER=Intel64 Family 6 Model 58 Stepping 9, GenuineIntel



---------------  S Y S T E M  ---------------

OS: Windows 10.0 , 64 bit Build 17763 (10.0.17763.475)

CPU:total 2 (initial active 2) (2 cores per cpu, 1 threads per core) family 6 model 58 stepping 9, cmov, cx8, fxsr, mmx, sse, sse2, sse3, ssse3, sse4.1, sse4.2, popcnt, clmul, erms, tsc, tscinvbit, tscinv

Memory: 4k page, physical 3880804k(337412k free), swap 3880804k(6756k free)

vm_info: OpenJDK 64-Bit Server VM (25.212-b04) for windows-amd64 JRE (1.8.0_212-release-1586-b04), built by "builder" with MS VC++ 10.0 (VS2010)

time: Wed Jul 08 18:20:39 2020
timezone: SE Asia Standard Time
elapsed time: 1652 seconds (0d 0h 27m 32s)

