#
# There is insufficient memory for the Java Runtime Environment to continue.
# Native memory allocation (malloc) failed to allocate 32744 bytes for ChunkPool::allocate
# Possible reasons:
#   The system is out of physical RAM or swap space
#   The process is running with CompressedOops enabled, and the Java Heap may be blocking the growth of the native heap
# Possible solutions:
#   Reduce memory load on the system
#   Increase physical memory or swap space
#   Check if swap backing store is full
#   Decrease Java heap size (-Xmx/-Xms)
#   Decrease number of Java threads
#   Decrease Java thread stack sizes (-Xss)
#   Set larger code cache with -XX:ReservedCodeCacheSize=
#   JVM is running with Unscaled Compressed Oops mode in which the Java heap is
#     placed in the first 4GB address space. The Java Heap base address is the
#     maximum limit for the native heap growth. Please use -XX:HeapBaseMinAddress
#     to set the Java Heap base and to place the Java Heap above 4GB virtual address.
# This output file may be truncated or incomplete.
#
#  Out of Memory Error (allocation.cpp:272), pid=2364, tid=0x00000000000018a8
#
# JRE version: OpenJDK Runtime Environment (8.0_212-b04) (build 1.8.0_212-release-1586-b04)
# Java VM: OpenJDK 64-Bit Server VM (25.212-b04 mixed mode windows-amd64 compressed oops)
# Failed to write core dump. Minidumps are not enabled by default on client versions of Windows
#

---------------  T H R E A D  ---------------

Current thread (0x000000001619e800):  JavaThread "C1 CompilerThread1" daemon [_thread_in_native, id=6312, stack(0x00000000172e0000,0x00000000173e0000)]

Stack: [0x00000000172e0000,0x00000000173e0000]
[error occurred during error reporting (printing stack bounds), id 0xc0000005]

Native frames: (J=compiled Java code, j=interpreted, Vv=VM code, C=native code)


Current CompileTask:
C1:1246313 19785 %     3       com.sun.tools.javac.jvm.ClassWriter::writePool @ 18 (1051 bytes)


---------------  P R O C E S S  ---------------

Java Threads: ( => current thread )
  0x000000001beb1000 JavaThread "Cache worker for Java compile cache (D:\Semangat Tugas Akhir\Main Project\PajakAir\.gradle\5.6.4\javaCompile)" [_thread_blocked, id=2384, stack(0x0000000030210000,0x0000000030310000)]
  0x000000001beb0000 JavaThread "Cache worker for execution history cache (D:\Semangat Tugas Akhir\Main Project\PajakAir\.gradle\5.6.4\executionHistory)" [_thread_blocked, id=6768, stack(0x0000000030110000,0x0000000030210000)]
  0x000000001dab3800 JavaThread "Execution worker for ':'" [_thread_blocked, id=5948, stack(0x0000000030010000,0x0000000030110000)]
  0x000000001dab2800 JavaThread "Cache worker for file content cache (D:\Semangat Tugas Akhir\Main Project\PajakAir\.gradle\5.6.4\fileContent)" [_thread_blocked, id=3756, stack(0x000000002ff10000,0x0000000030010000)]
  0x000000001dab5800 JavaThread "Cache worker for Build Output Cleanup Cache (D:\Semangat Tugas Akhir\Main Project\PajakAir\.gradle\buildOutputCleanup)" [_thread_blocked, id=6160, stack(0x000000002fe10000,0x000000002ff10000)]
  0x000000001dab5000 JavaThread "Build operations Thread 2" [_thread_blocked, id=4476, stack(0x000000002fd10000,0x000000002fe10000)]
  0x000000001dab4000 JavaThread "Build operations" [_thread_blocked, id=7100, stack(0x000000002fc10000,0x000000002fd10000)]
  0x000000001daab000 JavaThread "Cache worker for cache directory md-rule (C:\Users\deCrypt3d\.gradle\caches\5.6.4\md-rule)" [_thread_blocked, id=4600, stack(0x000000002fb10000,0x000000002fc10000)]
  0x000000001dab2000 JavaThread "Cache worker for cache directory md-supplier (C:\Users\deCrypt3d\.gradle\caches\5.6.4\md-supplier)" [_thread_blocked, id=4248, stack(0x000000002fa10000,0x000000002fb10000)]
  0x000000001daaa800 JavaThread "Cache worker for file hash cache (D:\Semangat Tugas Akhir\Main Project\PajakAir\.gradle\5.6.4\fileHashes)" [_thread_blocked, id=6412, stack(0x000000002f910000,0x000000002fa10000)]
  0x000000001dab1000 JavaThread "Thread-57" [_thread_blocked, id=5932, stack(0x000000002f810000,0x000000002f910000)]
  0x000000001dab0800 JavaThread "Stdin handler" [_thread_blocked, id=6820, stack(0x000000002f710000,0x000000002f810000)]
  0x000000001daa8000 JavaThread "Asynchronous log dispatcher for DefaultDaemonConnection: socket connection from /127.0.0.1:49708 to /127.0.0.1:49738" [_thread_blocked, id=6292, stack(0x000000002f610000,0x000000002f710000)]
  0x000000001daa9800 JavaThread "Daemon worker Thread 3" [_thread_in_vm, id=2068, stack(0x000000002f510000,0x000000002f610000)]
  0x000000001daa9000 JavaThread "Cancel handler" [_thread_blocked, id=6608, stack(0x000000002f410000,0x000000002f510000)]
  0x000000001daaf000 JavaThread "Handler for socket connection from /127.0.0.1:49708 to /127.0.0.1:49738" [_thread_in_native, id=4792, stack(0x000000002f310000,0x000000002f410000)]
  0x000000001daad800 JavaThread "Daemon Thread 3" [_thread_blocked, id=2212, stack(0x000000002f210000,0x000000002f310000)]
  0x000000001daaf800 JavaThread "Cache worker for Java compile cache (C:\Users\deCrypt3d\.gradle\caches\5.6.4\javaCompile)" [_thread_blocked, id=4236, stack(0x0000000029bc0000,0x0000000029cc0000)]
  0x000000001daac800 JavaThread "Cache worker for file content cache (C:\Users\deCrypt3d\.gradle\caches\5.6.4\fileContent)" [_thread_blocked, id=6888, stack(0x0000000020740000,0x0000000020840000)]
  0x000000001daac000 JavaThread "Memory manager" [_thread_blocked, id=5640, stack(0x0000000020640000,0x0000000020740000)]
  0x000000001daa7800 JavaThread "Cache worker for execution history cache (C:\Users\deCrypt3d\.gradle\caches\5.6.4\executionHistory)" [_thread_blocked, id=1736, stack(0x000000001eb60000,0x000000001ec60000)]
  0x0000000019ff0000 JavaThread "Cache worker for journal cache (C:\Users\deCrypt3d\.gradle\caches\journal-1)" [_thread_blocked, id=7112, stack(0x000000001b800000,0x000000001b900000)]
  0x0000000019ff0800 JavaThread "File lock request listener" [_thread_in_native, id=4796, stack(0x000000001b700000,0x000000001b800000)]
  0x0000000019f84800 JavaThread "Cache worker for file hash cache (C:\Users\deCrypt3d\.gradle\caches\5.6.4\fileHashes)" [_thread_blocked, id=4192, stack(0x000000001b600000,0x000000001b700000)]
  0x00000000190c9000 JavaThread "Daemon periodic checks" [_thread_blocked, id=2848, stack(0x0000000019b30000,0x0000000019c30000)]
  0x000000001909a800 JavaThread "Incoming local TCP Connector on port 49708" [_thread_in_native, id=676, stack(0x00000000197f0000,0x00000000198f0000)]
  0x0000000018f94000 JavaThread "Daemon health stats" [_thread_blocked, id=2556, stack(0x00000000191b0000,0x00000000192b0000)]
  0x000000001620a800 JavaThread "Service Thread" daemon [_thread_blocked, id=4348, stack(0x00000000173e0000,0x00000000174e0000)]
=>0x000000001619e800 JavaThread "C1 CompilerThread1" daemon [_thread_in_native, id=6312, stack(0x00000000172e0000,0x00000000173e0000)]
  0x000000001619b000 JavaThread "C2 CompilerThread0" daemon [_thread_in_native, id=4068, stack(0x00000000171e0000,0x00000000172e0000)]
  0x000000001619a000 JavaThread "Attach Listener" daemon [_thread_blocked, id=6672, stack(0x00000000170e0000,0x00000000171e0000)]
  0x0000000016195000 JavaThread "Signal Dispatcher" daemon [_thread_blocked, id=6676, stack(0x0000000016fe0000,0x00000000170e0000)]
  0x0000000002a67800 JavaThread "Finalizer" daemon [_thread_blocked, id=1272, stack(0x0000000016de0000,0x0000000016ee0000)]
  0x0000000002a5d000 JavaThread "Reference Handler" daemon [_thread_blocked, id=1432, stack(0x0000000016ce0000,0x0000000016de0000)]
  0x0000000000b8e000 JavaThread "main" [_thread_blocked, id=3976, stack(0x0000000002870000,0x0000000002970000)]

Other Threads:
  0x0000000016164800 VMThread [stack: 0x0000000016be0000,0x0000000016ce0000] [id=2528]
  0x000000001620f000 WatcherThread [stack: 0x00000000174e0000,0x00000000175e0000] [id=4972]

VM state:not at safepoint (normal execution)

VM Mutex/Monitor currently owned by a thread: None

heap address: 0x00000000a0000000, size: 1536 MB, Compressed Oops mode: 32-bit
Narrow klass base: 0x0000000000000000, Narrow klass shift: 3
Compressed class space size: 1073741824 Address: 0x0000000100000000

Heap:
 PSYoungGen      total 428544K, used 324791K [0x00000000e0000000, 0x0000000100000000, 0x0000000100000000)
  eden space 332288K, 82% used [0x00000000e0000000,0x00000000f0b71070,0x00000000f4480000)
  from space 96256K, 52% used [0x00000000fa200000,0x00000000fd3bcc30,0x0000000100000000)
  to   space 95744K, 0% used [0x00000000f4480000,0x00000000f4480000,0x00000000fa200000)
 ParOldGen       total 228352K, used 111224K [0x00000000a0000000, 0x00000000adf00000, 0x00000000e0000000)
  object space 228352K, 48% used [0x00000000a0000000,0x00000000a6c9e0c0,0x00000000adf00000)
 Metaspace       used 91544K, capacity 95260K, committed 95488K, reserved 1132544K
  class space    used 11700K, capacity 12485K, committed 12544K, reserved 1048576K

Card table byte_map: [0x0000000011e30000,0x0000000012140000] byte_map_base: 0x0000000011930000

Marking Bits: (ParMarkBitMap*) 0x0000000050919f30
 Begin Bits: [0x0000000012540000, 0x0000000013d40000)
 End Bits:   [0x0000000013d40000, 0x0000000015540000)

Polling page: 0x0000000000bb0000

CodeCache: size=245760Kb used=51168Kb max_used=51234Kb free=194591Kb
 bounds [0x0000000002a70000, 0x0000000005cc0000, 0x0000000011a70000]
 total_blobs=16647 nmethods=15754 adapters=803
 compilation: enabled

Compilation events (10 events):
Event: 1246.261 Thread 0x000000001619e800 nmethod 19776 0x0000000002ea7510 code [0x0000000002ea76c0, 0x0000000002ea79a8]
Event: 1246.272 Thread 0x000000001619e800 19780       2       com.sun.tools.javac.code.Types$MethodFilter::<init> (20 bytes)
Event: 1246.273 Thread 0x000000001619e800 nmethod 19780 0x0000000002ea3110 code [0x0000000002ea3260, 0x0000000002ea33f0]
Event: 1246.278 Thread 0x000000001619e800 19782       2       com.sun.tools.javac.code.Types::prune (136 bytes)
Event: 1246.280 Thread 0x000000001619e800 nmethod 19782 0x0000000002ecce50 code [0x0000000002ecd040, 0x0000000002ecd6b8]
Event: 1246.282 Thread 0x000000001619e800 19783       2       com.sun.tools.javac.tree.TreeCopier::copy (16 bytes)
Event: 1246.283 Thread 0x000000001619e800 nmethod 19783 0x0000000002bef1d0 code [0x0000000002bef340, 0x0000000002bef528]
Event: 1246.284 Thread 0x000000001619e800 19784       2       com.sun.tools.javac.comp.DeferredAttr$DeferredChecker$1::process (6 bytes)
Event: 1246.285 Thread 0x000000001619e800 nmethod 19784 0x00000000039d96d0 code [0x00000000039d9840, 0x00000000039d99c8]
Event: 1246.299 Thread 0x000000001619e800 19785 %     3       com.sun.tools.javac.jvm.ClassWriter::writePool @ 18 (1051 bytes)

GC Heap History (10 events):
Event: 65.836 GC heap before
{Heap before GC invocations=23 (full 4):
 PSYoungGen      total 288768K, used 288739K [0x00000000e0000000, 0x00000000f8780000, 0x0000000100000000)
  eden space 251904K, 100% used [0x00000000e0000000,0x00000000ef600000,0x00000000ef600000)
  from space 36864K, 99% used [0x00000000f2f00000,0x00000000f52f8d40,0x00000000f5300000)
  to   space 58368K, 0% used [0x00000000ef600000,0x00000000ef600000,0x00000000f2f00000)
 ParOldGen       total 161792K, used 118207K [0x00000000a0000000, 0x00000000a9e00000, 0x00000000e0000000)
  object space 161792K, 73% used [0x00000000a0000000,0x00000000a736fc68,0x00000000a9e00000)
 Metaspace       used 86522K, capacity 90018K, committed 90112K, reserved 1126400K
  class space    used 11419K, capacity 12200K, committed 12288K, reserved 1048576K
Event: 66.090 GC heap after
Heap after GC invocations=23 (full 4):
 PSYoungGen      total 310272K, used 36585K [0x00000000e0000000, 0x00000000f9780000, 0x0000000100000000)
  eden space 251904K, 0% used [0x00000000e0000000,0x00000000e0000000,0x00000000ef600000)
  from space 58368K, 62% used [0x00000000ef600000,0x00000000f19ba780,0x00000000f2f00000)
  to   space 60416K, 0% used [0x00000000f5c80000,0x00000000f5c80000,0x00000000f9780000)
 ParOldGen       total 161792K, used 118215K [0x00000000a0000000, 0x00000000a9e00000, 0x00000000e0000000)
  object space 161792K, 73% used [0x00000000a0000000,0x00000000a7371c68,0x00000000a9e00000)
 Metaspace       used 86522K, capacity 90018K, committed 90112K, reserved 1126400K
  class space    used 11419K, capacity 12200K, committed 12288K, reserved 1048576K
}
Event: 523.366 GC heap before
{Heap before GC invocations=24 (full 4):
 PSYoungGen      total 310272K, used 288489K [0x00000000e0000000, 0x00000000f9780000, 0x0000000100000000)
  eden space 251904K, 100% used [0x00000000e0000000,0x00000000ef600000,0x00000000ef600000)
  from space 58368K, 62% used [0x00000000ef600000,0x00000000f19ba780,0x00000000f2f00000)
  to   space 60416K, 0% used [0x00000000f5c80000,0x00000000f5c80000,0x00000000f9780000)
 ParOldGen       total 161792K, used 118215K [0x00000000a0000000, 0x00000000a9e00000, 0x00000000e0000000)
  object space 161792K, 73% used [0x00000000a0000000,0x00000000a7371c68,0x00000000a9e00000)
 Metaspace       used 90657K, capacity 94224K, committed 94464K, reserved 1130496K
  class space    used 11676K, capacity 12453K, committed 12544K, reserved 1048576K
Event: 523.616 GC heap after
Heap after GC invocations=24 (full 4):
 PSYoungGen      total 345088K, used 60409K [0x00000000e0000000, 0x00000000fa800000, 0x0000000100000000)
  eden space 284672K, 0% used [0x00000000e0000000,0x00000000e0000000,0x00000000f1600000)
  from space 60416K, 99% used [0x00000000f5c80000,0x00000000f977e7b0,0x00000000f9780000)
  to   space 72192K, 0% used [0x00000000f1600000,0x00000000f1600000,0x00000000f5c80000)
 ParOldGen       total 161792K, used 122791K [0x00000000a0000000, 0x00000000a9e00000, 0x00000000e0000000)
  object space 161792K, 75% used [0x00000000a0000000,0x00000000a77e9cc8,0x00000000a9e00000)
 Metaspace       used 90657K, capacity 94224K, committed 94464K, reserved 1130496K
  class space    used 11676K, capacity 12453K, committed 12544K, reserved 1048576K
}
Event: 528.250 GC heap before
{Heap before GC invocations=25 (full 4):
 PSYoungGen      total 345088K, used 345081K [0x00000000e0000000, 0x00000000fa800000, 0x0000000100000000)
  eden space 284672K, 100% used [0x00000000e0000000,0x00000000f1600000,0x00000000f1600000)
  from space 60416K, 99% used [0x00000000f5c80000,0x00000000f977e7b0,0x00000000f9780000)
  to   space 72192K, 0% used [0x00000000f1600000,0x00000000f1600000,0x00000000f5c80000)
 ParOldGen       total 161792K, used 122791K [0x00000000a0000000, 0x00000000a9e00000, 0x00000000e0000000)
  object space 161792K, 75% used [0x00000000a0000000,0x00000000a77e9cc8,0x00000000a9e00000)
 Metaspace       used 91004K, capacity 94616K, committed 94720K, reserved 1132544K
  class space    used 11684K, capacity 12463K, committed 12544K, reserved 1048576K
Event: 528.564 GC heap after
Heap after GC invocations=25 (full 4):
 PSYoungGen      total 356864K, used 72170K [0x00000000e0000000, 0x0000000100000000, 0x0000000100000000)
  eden space 284672K, 0% used [0x00000000e0000000,0x00000000e0000000,0x00000000f1600000)
  from space 72192K, 99% used [0x00000000f1600000,0x00000000f5c7aa08,0x00000000f5c80000)
  to   space 96256K, 0% used [0x00000000fa200000,0x00000000fa200000,0x0000000100000000)
 ParOldGen       total 161792K, used 153933K [0x00000000a0000000, 0x00000000a9e00000, 0x00000000e0000000)
  object space 161792K, 95% used [0x00000000a0000000,0x00000000a96537a8,0x00000000a9e00000)
 Metaspace       used 91004K, capacity 94616K, committed 94720K, reserved 1132544K
  class space    used 11684K, capacity 12463K, committed 12544K, reserved 1048576K
}
Event: 528.564 GC heap before
{Heap before GC invocations=26 (full 5):
 PSYoungGen      total 356864K, used 72170K [0x00000000e0000000, 0x0000000100000000, 0x0000000100000000)
  eden space 284672K, 0% used [0x00000000e0000000,0x00000000e0000000,0x00000000f1600000)
  from space 72192K, 99% used [0x00000000f1600000,0x00000000f5c7aa08,0x00000000f5c80000)
  to   space 96256K, 0% used [0x00000000fa200000,0x00000000fa200000,0x0000000100000000)
 ParOldGen       total 161792K, used 153933K [0x00000000a0000000, 0x00000000a9e00000, 0x00000000e0000000)
  object space 161792K, 95% used [0x00000000a0000000,0x00000000a96537a8,0x00000000a9e00000)
 Metaspace       used 91004K, capacity 94616K, committed 94720K, reserved 1132544K
  class space    used 11684K, capacity 12463K, committed 12544K, reserved 1048576K
Event: 529.556 GC heap after
Heap after GC invocations=26 (full 5):
 PSYoungGen      total 356864K, used 0K [0x00000000e0000000, 0x0000000100000000, 0x0000000100000000)
  eden space 284672K, 0% used [0x00000000e0000000,0x00000000e0000000,0x00000000f1600000)
  from space 72192K, 0% used [0x00000000f1600000,0x00000000f1600000,0x00000000f5c80000)
  to   space 96256K, 0% used [0x00000000fa200000,0x00000000fa200000,0x0000000100000000)
 ParOldGen       total 228352K, used 111216K [0x00000000a0000000, 0x00000000adf00000, 0x00000000e0000000)
  object space 228352K, 48% used [0x00000000a0000000,0x00000000a6c9c0c0,0x00000000adf00000)
 Metaspace       used 90386K, capacity 93964K, committed 94720K, reserved 1132544K
  class space    used 11620K, capacity 12391K, committed 12544K, reserved 1048576K
}
Event: 532.806 GC heap before
{Heap before GC invocations=27 (full 5):
 PSYoungGen      total 356864K, used 284672K [0x00000000e0000000, 0x0000000100000000, 0x0000000100000000)
  eden space 284672K, 100% used [0x00000000e0000000,0x00000000f1600000,0x00000000f1600000)
  from space 72192K, 0% used [0x00000000f1600000,0x00000000f1600000,0x00000000f5c80000)
  to   space 96256K, 0% used [0x00000000fa200000,0x00000000fa200000,0x0000000100000000)
 ParOldGen       total 228352K, used 111216K [0x00000000a0000000, 0x00000000adf00000, 0x00000000e0000000)
  object space 228352K, 48% used [0x00000000a0000000,0x00000000a6c9c0c0,0x00000000adf00000)
 Metaspace       used 90433K, capacity 94034K, committed 94720K, reserved 1132544K
  class space    used 11620K, capacity 12392K, committed 12544K, reserved 1048576K
Event: 532.970 GC heap after
Heap after GC invocations=27 (full 5):
 PSYoungGen      total 428544K, used 50931K [0x00000000e0000000, 0x0000000100000000, 0x0000000100000000)
  eden space 332288K, 0% used [0x00000000e0000000,0x00000000e0000000,0x00000000f4480000)
  from space 96256K, 52% used [0x00000000fa200000,0x00000000fd3bcc30,0x0000000100000000)
  to   space 95744K, 0% used [0x00000000f4480000,0x00000000f4480000,0x00000000fa200000)
 ParOldGen       total 228352K, used 111224K [0x00000000a0000000, 0x00000000adf00000, 0x00000000e0000000)
  object space 228352K, 48% used [0x00000000a0000000,0x00000000a6c9e0c0,0x00000000adf00000)
 Metaspace       used 90433K, capacity 94034K, committed 94720K, reserved 1132544K
  class space    used 11620K, capacity 12392K, committed 12544K, reserved 1048576K
}

Deoptimization events (10 events):
Event: 1241.267 Thread 0x000000001daa9800 Uncommon trap: reason=array_check action=maybe_recompile pc=0x00000000057af3a4 method=com.google.common.collect.ImmutableSet.construct(I[Ljava/lang/Object;)Lcom/google/common/collect/ImmutableSet; @ 122
Event: 1241.268 Thread 0x000000001daa9800 Uncommon trap: reason=array_check action=maybe_recompile pc=0x00000000057af3a4 method=com.google.common.collect.ImmutableSet.construct(I[Ljava/lang/Object;)Lcom/google/common/collect/ImmutableSet; @ 122
Event: 1241.268 Thread 0x000000001daa9800 Uncommon trap: reason=array_check action=maybe_recompile pc=0x00000000057af3a4 method=com.google.common.collect.ImmutableSet.construct(I[Ljava/lang/Object;)Lcom/google/common/collect/ImmutableSet; @ 122
Event: 1241.269 Thread 0x000000001daa9800 Uncommon trap: reason=array_check action=maybe_recompile pc=0x00000000057af3a4 method=com.google.common.collect.ImmutableSet.construct(I[Ljava/lang/Object;)Lcom/google/common/collect/ImmutableSet; @ 122
Event: 1242.196 Thread 0x000000001daa9800 Uncommon trap: reason=class_check action=maybe_recompile pc=0x0000000002c910cc method=org.gradle.cache.internal.LockOnDemandCrossProcessCacheAccess.incrementLockCount()V @ 97
Event: 1243.536 Thread 0x000000001dab3800 Uncommon trap: reason=unstable_if action=reinterpret pc=0x0000000002f209d0 method=java.util.concurrent.ConcurrentLinkedQueue.updateHead(Ljava/util/concurrent/ConcurrentLinkedQueue$Node;Ljava/util/concurrent/ConcurrentLinkedQueue$Node;)V @ 11
Event: 1244.535 Thread 0x000000001daa9800 Uncommon trap: reason=unstable_if action=reinterpret pc=0x00000000050580a0 method=java.util.concurrent.ConcurrentHashMap.addCount(JI)V @ 34
Event: 1244.535 Thread 0x000000001dab5000 Uncommon trap: reason=unstable_if action=reinterpret pc=0x0000000002bb53ac method=java.util.concurrent.ConcurrentHashMap.addCount(JI)V @ 7
Event: 1244.535 Thread 0x000000001daa9800 Uncommon trap: reason=unstable_if action=reinterpret pc=0x0000000002bb53ac method=java.util.concurrent.ConcurrentHashMap.addCount(JI)V @ 7
Event: 1244.535 Thread 0x000000001dab5000 Uncommon trap: reason=unstable_if action=reinterpret pc=0x0000000002f5cff8 method=java.util.concurrent.ConcurrentHashMap.addCount(JI)V @ 7

Classes redefined (0 events):
No events

Internal exceptions (10 events):
Event: 526.918 Thread 0x000000001daa9800 Exception <a 'sun/nio/fs/WindowsException'> (0x00000000eb50d460) thrown at [D:\src\AOSP-openjdk-cygwin\jdk8u\hotspot\src\share\vm\prims\jni.cpp, line 710]
Event: 526.919 Thread 0x000000001daa9800 Exception <a 'sun/nio/fs/WindowsException'> (0x00000000eb556ad0) thrown at [D:\src\AOSP-openjdk-cygwin\jdk8u\hotspot\src\share\vm\prims\jni.cpp, line 710]
Event: 526.921 Thread 0x000000001daa9800 Exception <a 'sun/nio/fs/WindowsException'> (0x00000000eb59f978) thrown at [D:\src\AOSP-openjdk-cygwin\jdk8u\hotspot\src\share\vm\prims\jni.cpp, line 710]
Event: 526.924 Thread 0x000000001daa9800 Exception <a 'sun/nio/fs/WindowsException'> (0x00000000eb5e61a0) thrown at [D:\src\AOSP-openjdk-cygwin\jdk8u\hotspot\src\share\vm\prims\jni.cpp, line 710]
Event: 526.926 Thread 0x000000001daa9800 Exception <a 'sun/nio/fs/WindowsException'> (0x00000000eb62ca10) thrown at [D:\src\AOSP-openjdk-cygwin\jdk8u\hotspot\src\share\vm\prims\jni.cpp, line 710]
Event: 526.927 Thread 0x000000001daa9800 Exception <a 'sun/nio/fs/WindowsException'> (0x00000000eb674c48) thrown at [D:\src\AOSP-openjdk-cygwin\jdk8u\hotspot\src\share\vm\prims\jni.cpp, line 710]
Event: 526.929 Thread 0x000000001daa9800 Exception <a 'sun/nio/fs/WindowsException'> (0x00000000eb6bd280) thrown at [D:\src\AOSP-openjdk-cygwin\jdk8u\hotspot\src\share\vm\prims\jni.cpp, line 710]
Event: 527.937 Thread 0x000000001dab1000 Exception <a 'sun/nio/fs/WindowsException'> (0x00000000ed1a7fe0) thrown at [D:\src\AOSP-openjdk-cygwin\jdk8u\hotspot\src\share\vm\prims\jni.cpp, line 710]
Event: 532.660 Thread 0x000000001dab2000 Exception <a 'sun/nio/fs/WindowsException'> (0x00000000f126dd68) thrown at [D:\src\AOSP-openjdk-cygwin\jdk8u\hotspot\src\share\vm\prims\jni.cpp, line 710]
Event: 534.109 Thread 0x000000001beaa000 Exception <a 'sun/nio/fs/WindowsException'> (0x00000000e250e900) thrown at [D:\src\AOSP-openjdk-cygwin\jdk8u\hotspot\src\share\vm\prims\jni.cpp, line 710]

Events (10 events):
Event: 1246.216 Thread 0x000000001619e800 flushing nmethod 0x0000000002beef50
Event: 1246.223 Executing VM operation: ForceSafepoint
Event: 1246.223 Executing VM operation: ForceSafepoint done
Event: 1246.239 Executing VM operation: ForceSafepoint
Event: 1246.240 Executing VM operation: ForceSafepoint done
Event: 1246.259 Thread 0x000000001619e800 flushing nmethod 0x0000000002ea2f10
Event: 1246.260 Thread 0x000000001619e800 flushing nmethod 0x0000000002ea6850
Event: 1246.260 Thread 0x000000001619e800 flushing nmethod 0x0000000002eb2450
Event: 1246.260 Thread 0x000000001619e800 flushing nmethod 0x0000000002ebd710
Event: 1246.283 Thread 0x000000001619e800 flushing nmethod 0x00000000039d9550


Dynamic libraries:
0x00007ff684b60000 - 0x00007ff684b91000 	C:\Program Files\Android\Android Studio1\jre\bin\java.exe
0x00007ffded9a0000 - 0x00007ffdedb8d000 	C:\Windows\SYSTEM32\ntdll.dll
0x00007ffded480000 - 0x00007ffded533000 	C:\Windows\System32\KERNEL32.DLL
0x00007ffde9a90000 - 0x00007ffde9d23000 	C:\Windows\System32\KERNELBASE.dll
0x00007ffded8d0000 - 0x00007ffded973000 	C:\Windows\System32\ADVAPI32.dll
0x00007ffdec680000 - 0x00007ffdec71e000 	C:\Windows\System32\msvcrt.dll
0x00007ffded1f0000 - 0x00007ffded28e000 	C:\Windows\System32\sechost.dll
0x00007ffdec920000 - 0x00007ffdeca42000 	C:\Windows\System32\RPCRT4.dll
0x00007ffdec780000 - 0x00007ffdec917000 	C:\Windows\System32\USER32.dll
0x00007ffde9d80000 - 0x00007ffde9da0000 	C:\Windows\System32\win32u.dll
0x00007ffdec750000 - 0x00007ffdec779000 	C:\Windows\System32\GDI32.dll
0x00007ffde9f20000 - 0x00007ffdea0b9000 	C:\Windows\System32\gdi32full.dll
0x00007ffdeab50000 - 0x00007ffdeabf0000 	C:\Windows\System32\msvcp_win.dll
0x00007ffdea0c0000 - 0x00007ffdea1ba000 	C:\Windows\System32\ucrtbase.dll
0x00007ffdddee0000 - 0x00007ffdde159000 	C:\Windows\WinSxS\amd64_microsoft.windows.common-controls_6595b64144ccf1df_6.0.17763.1098_none_de762ed45346ee8a\COMCTL32.dll
0x00007ffded540000 - 0x00007ffded86c000 	C:\Windows\System32\combase.dll
0x00007ffde9ea0000 - 0x00007ffde9f1e000 	C:\Windows\System32\bcryptPrimitives.dll
0x00007ffdec720000 - 0x00007ffdec74e000 	C:\Windows\System32\IMM32.DLL
0x0000000050f20000 - 0x0000000050ff2000 	C:\Program Files\Android\Android Studio1\jre\jre\bin\msvcr100.dll
0x0000000050150000 - 0x0000000050996000 	C:\Program Files\Android\Android Studio1\jre\jre\bin\server\jvm.dll
0x00007ffded990000 - 0x00007ffded998000 	C:\Windows\System32\PSAPI.DLL
0x00007ffdcfde0000 - 0x00007ffdcfde9000 	C:\Windows\SYSTEM32\WSOCK32.dll
0x00007ffdec610000 - 0x00007ffdec67d000 	C:\Windows\System32\WS2_32.dll
0x00007ffde7ae0000 - 0x00007ffde7b04000 	C:\Windows\SYSTEM32\WINMM.dll
0x00007ffddbda0000 - 0x00007ffddbdaa000 	C:\Windows\SYSTEM32\VERSION.dll
0x00007ffde7ab0000 - 0x00007ffde7add000 	C:\Windows\SYSTEM32\WINMMBASE.dll
0x00007ffde9d30000 - 0x00007ffde9d7a000 	C:\Windows\System32\cfgmgr32.dll
0x00007ffde3a50000 - 0x00007ffde3a5f000 	C:\Program Files\Android\Android Studio1\jre\jre\bin\verify.dll
0x00007ffde3a20000 - 0x00007ffde3a49000 	C:\Program Files\Android\Android Studio1\jre\jre\bin\java.dll
0x00007ffde3920000 - 0x00007ffde3936000 	C:\Program Files\Android\Android Studio1\jre\jre\bin\zip.dll
0x00007ffdeb110000 - 0x00007ffdec604000 	C:\Windows\System32\SHELL32.dll
0x00007ffdeb000000 - 0x00007ffdeb0a8000 	C:\Windows\System32\shcore.dll
0x00007ffdea220000 - 0x00007ffdea96d000 	C:\Windows\System32\windows.storage.dll
0x00007ffde9a00000 - 0x00007ffde9a24000 	C:\Windows\System32\profapi.dll
0x00007ffde9a30000 - 0x00007ffde9a8d000 	C:\Windows\System32\powrprof.dll
0x00007ffdeced0000 - 0x00007ffdecf22000 	C:\Windows\System32\shlwapi.dll
0x00007ffde99e0000 - 0x00007ffde99f1000 	C:\Windows\System32\kernel.appcore.dll
0x00007ffde9dd0000 - 0x00007ffde9de7000 	C:\Windows\System32\cryptsp.dll
0x00007ffde3900000 - 0x00007ffde391a000 	C:\Program Files\Android\Android Studio1\jre\jre\bin\net.dll
0x00007ffddf5d0000 - 0x00007ffddf7a7000 	C:\Windows\SYSTEM32\urlmon.dll
0x00007ffddfa30000 - 0x00007ffddfcd8000 	C:\Windows\SYSTEM32\iertutil.dll
0x00007ffde93a0000 - 0x00007ffde93ac000 	C:\Windows\SYSTEM32\CRYPTBASE.DLL
0x00007ffde91d0000 - 0x00007ffde9237000 	C:\Windows\system32\mswsock.dll
0x00007ffde38e0000 - 0x00007ffde38f3000 	C:\Program Files\Android\Android Studio1\jre\jre\bin\nio.dll
0x00007ffde6280000 - 0x00007ffde62a6000 	C:\Users\deCrypt3d\.gradle\native\30\windows-amd64\native-platform.dll
0x00007ffde2a70000 - 0x00007ffde2a7d000 	C:\Program Files\Android\Android Studio1\jre\jre\bin\management.dll
0x00007ffde8d50000 - 0x00007ffde8d83000 	C:\Windows\system32\rsaenh.dll
0x00007ffde9da0000 - 0x00007ffde9dc6000 	C:\Windows\System32\bcrypt.dll
0x00007ffde98c0000 - 0x00007ffde98e8000 	C:\Windows\SYSTEM32\USERENV.dll
0x00007ffde8ef0000 - 0x00007ffde8f2d000 	C:\Windows\SYSTEM32\IPHLPAPI.DLL
0x00007ffded340000 - 0x00007ffded348000 	C:\Windows\System32\NSI.dll
0x00007ffddf9f0000 - 0x00007ffddfa06000 	C:\Windows\SYSTEM32\dhcpcsvc6.DLL
0x00007ffddf9d0000 - 0x00007ffddf9ec000 	C:\Windows\SYSTEM32\dhcpcsvc.DLL
0x00007ffde8f30000 - 0x00007ffde8ff6000 	C:\Windows\SYSTEM32\DNSAPI.dll

VM Arguments:
jvm_args: -Xmx1536m -Dfile.encoding=windows-1252 -Duser.country=ID -Duser.language=en -Duser.variant 
java_command: org.gradle.launcher.daemon.bootstrap.GradleDaemon 5.6.4
java_class_path (initial): C:\Users\deCrypt3d\.gradle\wrapper\dists\gradle-5.6.4-all\ankdp27end7byghfw1q2sw75f\gradle-5.6.4\lib\gradle-launcher-5.6.4.jar
Launcher Type: SUN_STANDARD

Environment Variables:
PATH=C:\ProgramData\Oracle\Java\javapath;C:\Program Files (x86)\Common Files\Intel\Shared Files\cpp\bin\Intel64;C:\Windows\system32;C:\Windows;C:\Windows\System32\Wbem;C:\Windows\System32\WindowsPowerShell\v1.0\;C:\xampp\php;C:\ProgramData\ComposerSetup\bin;C:\Program Files\PuTTY\;C:\Program Files\nodejs\;%JAVA_HOME%\bin;C:\SDK\gradle-6.3\bin;C:\Program Files (x86)\GtkSharp\2.12\bin;C:\Users\deCrypt3d\AppData\Local\Microsoft\WindowsApps;C:\Users\deCrypt3d\AppData\Roaming\Composer\vendor\bin;C:\Users\deCrypt3d\AppData\Roaming\npm;
USERNAME=deCrypt3d
OS=Windows_NT
PROCESSOR_IDENTIFIER=Intel64 Family 6 Model 58 Stepping 9, GenuineIntel



---------------  S Y S T E M  ---------------

OS: Windows 10.0 , 64 bit Build 17763 (10.0.17763.475)

CPU:total 2 (initial active 2) (2 cores per cpu, 1 threads per core) family 6 model 58 stepping 9, cmov, cx8, fxsr, mmx, sse, sse2, sse3, ssse3, sse4.1, sse4.2, popcnt, clmul, erms, tsc, tscinvbit, tscinv

Memory: 4k page, physical 3880804k(466196k free), swap 3880804k(5168k free)

vm_info: OpenJDK 64-Bit Server VM (25.212-b04) for windows-amd64 JRE (1.8.0_212-release-1586-b04), built by "builder" with MS VC++ 10.0 (VS2010)

time: Sun Jul 12 16:18:50 2020
timezone: SE Asia Standard Time
elapsed time: 1246 seconds (0d 0h 20m 46s)

