#
# There is insufficient memory for the Java Runtime Environment to continue.
# Native memory allocation (malloc) failed to allocate 638256 bytes for Chunk::new
# Possible reasons:
#   The system is out of physical RAM or swap space
#   The process is running with CompressedOops enabled, and the Java Heap may be blocking the growth of the native heap
# Possible solutions:
#   Reduce memory load on the system
#   Increase physical memory or swap space
#   Check if swap backing store is full
#   Decrease Java heap size (-Xmx/-Xms)
#   Decrease number of Java threads
#   Decrease Java thread stack sizes (-Xss)
#   Set larger code cache with -XX:ReservedCodeCacheSize=
#   JVM is running with Unscaled Compressed Oops mode in which the Java heap is
#     placed in the first 4GB address space. The Java Heap base address is the
#     maximum limit for the native heap growth. Please use -XX:HeapBaseMinAddress
#     to set the Java Heap base and to place the Java Heap above 4GB virtual address.
# This output file may be truncated or incomplete.
#
#  Out of Memory Error (allocation.cpp:389), pid=6092, tid=0x0000000000000a3c
#
# JRE version: OpenJDK Runtime Environment (8.0_212-b04) (build 1.8.0_212-release-1586-b04)
# Java VM: OpenJDK 64-Bit Server VM (25.212-b04 mixed mode windows-amd64 compressed oops)
# Failed to write core dump. Minidumps are not enabled by default on client versions of Windows
#

---------------  T H R E A D  ---------------

Current thread (0x0000000016468800):  JavaThread "C2 CompilerThread0" daemon [_thread_in_native, id=2620, stack(0x00000000174c0000,0x00000000175c0000)]

Stack: [0x00000000174c0000,0x00000000175c0000]
[error occurred during error reporting (printing stack bounds), id 0xc0000005]

Native frames: (J=compiled Java code, j=interpreted, Vv=VM code, C=native code)


Current CompileTask:
C2:2881601 10530       4       com.sun.org.apache.xerces.internal.dom.CoreDocumentImpl::undeferChildren (146 bytes)


---------------  P R O C E S S  ---------------

Java Threads: ( => current thread )
  0x0000000018124000 JavaThread "Cache worker for execution history cache (D:\Semangat Tugas Akhir\Main Project\PajakAir\.gradle\5.6.4\executionHistory)" [_thread_blocked, id=2676, stack(0x00000000235d0000,0x00000000236d0000)]
  0x0000000019ca6800 JavaThread "Execution worker for ':'" [_thread_blocked, id=576, stack(0x00000000234d0000,0x00000000235d0000)]
  0x0000000019ca5000 JavaThread "Cache worker for file content cache (D:\Semangat Tugas Akhir\Main Project\PajakAir\.gradle\5.6.4\fileContent)" [_thread_blocked, id=6344, stack(0x00000000233d0000,0x00000000234d0000)]
  0x0000000019ca4000 JavaThread "Cache worker for file content cache (C:\Users\deCrypt3d\.gradle\caches\5.6.4\fileContent)" [_thread_blocked, id=5972, stack(0x00000000232d0000,0x00000000233d0000)]
  0x0000000019ca3800 JavaThread "Cache worker for Build Output Cleanup Cache (D:\Semangat Tugas Akhir\Main Project\PajakAir\.gradle\buildOutputCleanup)" [_thread_blocked, id=3048, stack(0x00000000231d0000,0x00000000232d0000)]
  0x0000000019ca2800 JavaThread "Build operations Thread 2" [_thread_blocked, id=5292, stack(0x00000000230d0000,0x00000000231d0000)]
  0x0000000019ca2000 JavaThread "Build operations" [_thread_blocked, id=1476, stack(0x0000000022fd0000,0x00000000230d0000)]
  0x0000000019c9a800 JavaThread "Cache worker for cache directory md-rule (C:\Users\deCrypt3d\.gradle\caches\5.6.4\md-rule)" [_thread_blocked, id=6072, stack(0x0000000022ed0000,0x0000000022fd0000)]
  0x0000000019ca1000 JavaThread "Cache worker for cache directory md-supplier (C:\Users\deCrypt3d\.gradle\caches\5.6.4\md-supplier)" [_thread_blocked, id=6216, stack(0x0000000022dd0000,0x0000000022ed0000)]
  0x0000000019ca0800 JavaThread "Cache worker for file hash cache (D:\Semangat Tugas Akhir\Main Project\PajakAir\.gradle\5.6.4\fileHashes)" [_thread_blocked, id=6988, stack(0x0000000022cd0000,0x0000000022dd0000)]
  0x0000000019c9c000 JavaThread "Thread-26" [_thread_blocked, id=6716, stack(0x0000000022bd0000,0x0000000022cd0000)]
  0x0000000019c9f800 JavaThread "Stdin handler" [_thread_blocked, id=2352, stack(0x0000000022ad0000,0x0000000022bd0000)]
  0x0000000019c98000 JavaThread "Asynchronous log dispatcher for DefaultDaemonConnection: socket connection from /127.0.0.1:50207 to /127.0.0.1:50214" [_thread_blocked, id=2052, stack(0x00000000229d0000,0x0000000022ad0000)]
  0x0000000019c9d800 JavaThread "Daemon worker Thread 2" [_thread_in_Java, id=1672, stack(0x00000000228d0000,0x00000000229d0000)]
  0x0000000019c99800 JavaThread "Cancel handler" [_thread_blocked, id=5180, stack(0x00000000227d0000,0x00000000228d0000)]
  0x0000000019c9f000 JavaThread "Handler for socket connection from /127.0.0.1:50207 to /127.0.0.1:50214" [_thread_in_native, id=1528, stack(0x00000000226d0000,0x00000000227d0000)]
  0x0000000019c9e000 JavaThread "Daemon Thread 2" [_thread_blocked, id=6452, stack(0x00000000225d0000,0x00000000226d0000)]
  0x0000000019c9c800 JavaThread "Memory manager" [_thread_blocked, id=2744, stack(0x0000000020a00000,0x0000000020b00000)]
  0x0000000018128800 JavaThread "Cache worker for execution history cache (C:\Users\deCrypt3d\.gradle\caches\5.6.4\executionHistory)" [_thread_blocked, id=3920, stack(0x000000001dd60000,0x000000001de60000)]
  0x0000000018125800 JavaThread "Cache worker for journal cache (C:\Users\deCrypt3d\.gradle\caches\journal-1)" [_thread_blocked, id=4360, stack(0x000000001bae0000,0x000000001bbe0000)]
  0x000000001812a800 JavaThread "File lock request listener" [_thread_in_native, id=6228, stack(0x000000001b9e0000,0x000000001bae0000)]
  0x00000000181dc000 JavaThread "Cache worker for file hash cache (C:\Users\deCrypt3d\.gradle\caches\5.6.4\fileHashes)" [_thread_blocked, id=6652, stack(0x000000001b6e0000,0x000000001b7e0000)]
  0x0000000018b05000 JavaThread "Daemon periodic checks" [_thread_blocked, id=1852, stack(0x000000001ade0000,0x000000001aee0000)]
  0x0000000018b01800 JavaThread "Incoming local TCP Connector on port 50207" [_thread_in_native, id=5452, stack(0x000000001aaa0000,0x000000001aba0000)]
  0x00000000194e5000 JavaThread "Daemon health stats" [_thread_blocked, id=1356, stack(0x000000001a460000,0x000000001a560000)]
  0x00000000164ca000 JavaThread "Service Thread" daemon [_thread_blocked, id=5640, stack(0x00000000176c0000,0x00000000177c0000)]
  0x00000000164c4800 JavaThread "C1 CompilerThread1" daemon [_thread_in_vm, id=2184, stack(0x00000000175c0000,0x00000000176c0000)]
=>0x0000000016468800 JavaThread "C2 CompilerThread0" daemon [_thread_in_native, id=2620, stack(0x00000000174c0000,0x00000000175c0000)]
  0x0000000016467000 JavaThread "Attach Listener" daemon [_thread_blocked, id=3644, stack(0x00000000173c0000,0x00000000174c0000)]
  0x0000000016464000 JavaThread "Signal Dispatcher" daemon [_thread_blocked, id=1132, stack(0x00000000172c0000,0x00000000173c0000)]
  0x0000000002d31800 JavaThread "Finalizer" daemon [_thread_blocked, id=1908, stack(0x00000000170c0000,0x00000000171c0000)]
  0x0000000016457000 JavaThread "Reference Handler" daemon [_thread_blocked, id=5428, stack(0x0000000016fc0000,0x00000000170c0000)]
  0x0000000002c3e000 JavaThread "main" [_thread_blocked, id=6212, stack(0x0000000002a50000,0x0000000002b50000)]

Other Threads:
  0x0000000016435800 VMThread [stack: 0x0000000016ec0000,0x0000000016fc0000] [id=2648]
  0x00000000164cc800 WatcherThread [stack: 0x00000000177c0000,0x00000000178c0000] [id=2008]

VM state:not at safepoint (normal execution)

VM Mutex/Monitor currently owned by a thread: None

heap address: 0x00000000a0000000, size: 1536 MB, Compressed Oops mode: 32-bit
Narrow klass base: 0x0000000000000000, Narrow klass shift: 3
Compressed class space size: 1073741824 Address: 0x0000000100000000

Heap:
 PSYoungGen      total 270848K, used 85625K [0x00000000e0000000, 0x00000000f7c80000, 0x0000000100000000)
  eden space 251392K, 26% used [0x00000000e0000000,0x00000000e40a3010,0x00000000ef580000)
  from space 19456K, 99% used [0x00000000ef580000,0x00000000f087b608,0x00000000f0880000)
  to   space 26112K, 0% used [0x00000000f6300000,0x00000000f6300000,0x00000000f7c80000)
 ParOldGen       total 87552K, used 43336K [0x00000000a0000000, 0x00000000a5580000, 0x00000000e0000000)
  object space 87552K, 49% used [0x00000000a0000000,0x00000000a2a52070,0x00000000a5580000)
 Metaspace       used 72019K, capacity 75029K, committed 75288K, reserved 1114112K
  class space    used 9530K, capacity 10255K, committed 10264K, reserved 1048576K

Card table byte_map: [0x0000000012100000,0x0000000012410000] byte_map_base: 0x0000000011c00000

Marking Bits: (ParMarkBitMap*) 0x00000000565b9f30
 Begin Bits: [0x0000000012810000, 0x0000000014010000)
 End Bits:   [0x0000000014010000, 0x0000000015810000)

Polling page: 0x0000000000e10000

CodeCache: size=245760Kb used=29524Kb max_used=29524Kb free=216235Kb
 bounds [0x0000000002d40000, 0x0000000004a40000, 0x0000000011d40000]
 total_blobs=10181 nmethods=9362 adapters=731
 compilation: enabled

Compilation events (10 events):
Event: 2881.596 Thread 0x00000000164c4800 nmethod 10601 0x0000000004a2dd10 code [0x0000000004a2de60, 0x0000000004a2df50]
Event: 2881.596 Thread 0x00000000164c4800 10602       1       com.android.ide.common.blame.MergingLogPersistUtil$SourcePositionsSerializer::access$400 (5 bytes)
Event: 2881.596 Thread 0x00000000164c4800 nmethod 10602 0x0000000004a2dfd0 code [0x0000000004a2e120, 0x0000000004a2e210]
Event: 2881.596 Thread 0x00000000164c4800 10603       1       com.android.ide.common.blame.MergingLogPersistUtil$SourcePositionsSerializer::access$500 (5 bytes)
Event: 2881.596 Thread 0x00000000164c4800 nmethod 10603 0x0000000004a2e290 code [0x0000000004a2e3e0, 0x0000000004a2e4d0]
Event: 2881.597 Thread 0x00000000164c4800 10604       2       com.google.gson.stream.JsonWriter::push (58 bytes)
Event: 2881.598 Thread 0x00000000164c4800 nmethod 10604 0x0000000004a2e550 code [0x0000000004a2e6c0, 0x0000000004a2e9c8]
Event: 2881.598 Thread 0x00000000164c4800 10605       2       com.google.gson.stream.JsonWriter::open (19 bytes)
Event: 2881.598 Thread 0x00000000164c4800 nmethod 10605 0x0000000004a2eb10 code [0x0000000004a2ec80, 0x0000000004a2ee48]
Event: 2881.599 Thread 0x00000000164c4800 10606       2       com.google.gson.stream.JsonWriter::close (95 bytes)

GC Heap History (10 events):
Event: 40.660 GC heap before
{Heap before GC invocations=14 (full 2):
 PSYoungGen      total 163328K, used 163305K [0x00000000e0000000, 0x00000000ece00000, 0x0000000100000000)
  eden space 149504K, 100% used [0x00000000e0000000,0x00000000e9200000,0x00000000e9200000)
  from space 13824K, 99% used [0x00000000e9200000,0x00000000e9f7a588,0x00000000e9f80000)
  to   space 17408K, 0% used [0x00000000ebd00000,0x00000000ebd00000,0x00000000ece00000)
 ParOldGen       total 63488K, used 23373K [0x00000000a0000000, 0x00000000a3e00000, 0x00000000e0000000)
  object space 63488K, 36% used [0x00000000a0000000,0x00000000a16d3788,0x00000000a3e00000)
 Metaspace       used 56897K, capacity 58951K, committed 59048K, reserved 1099776K
  class space    used 7883K, capacity 8336K, committed 8360K, reserved 1048576K
Event: 40.767 GC heap after
Heap after GC invocations=14 (full 2):
 PSYoungGen      total 192000K, used 13771K [0x00000000e0000000, 0x00000000ed680000, 0x0000000100000000)
  eden space 174592K, 0% used [0x00000000e0000000,0x00000000e0000000,0x00000000eaa80000)
  from space 17408K, 79% used [0x00000000ebd00000,0x00000000eca72f60,0x00000000ece00000)
  to   space 18944K, 0% used [0x00000000eaa80000,0x00000000eaa80000,0x00000000ebd00000)
 ParOldGen       total 63488K, used 32559K [0x00000000a0000000, 0x00000000a3e00000, 0x00000000e0000000)
  object space 63488K, 51% used [0x00000000a0000000,0x00000000a1fcbcd8,0x00000000a3e00000)
 Metaspace       used 56897K, capacity 58951K, committed 59048K, reserved 1099776K
  class space    used 7883K, capacity 8336K, committed 8360K, reserved 1048576K
}
Event: 40.868 GC heap before
{Heap before GC invocations=15 (full 2):
 PSYoungGen      total 192000K, used 20332K [0x00000000e0000000, 0x00000000ed680000, 0x0000000100000000)
  eden space 174592K, 3% used [0x00000000e0000000,0x00000000e0668478,0x00000000eaa80000)
  from space 17408K, 79% used [0x00000000ebd00000,0x00000000eca72f60,0x00000000ece00000)
  to   space 18944K, 0% used [0x00000000eaa80000,0x00000000eaa80000,0x00000000ebd00000)
 ParOldGen       total 63488K, used 32559K [0x00000000a0000000, 0x00000000a3e00000, 0x00000000e0000000)
  object space 63488K, 51% used [0x00000000a0000000,0x00000000a1fcbcd8,0x00000000a3e00000)
 Metaspace       used 57053K, capacity 59047K, committed 59160K, reserved 1099776K
  class space    used 7900K, capacity 8368K, committed 8472K, reserved 1048576K
Event: 40.923 GC heap after
Heap after GC invocations=15 (full 2):
 PSYoungGen      total 193536K, used 8480K [0x00000000e0000000, 0x00000000f1e00000, 0x0000000100000000)
  eden space 174592K, 0% used [0x00000000e0000000,0x00000000e0000000,0x00000000eaa80000)
  from space 18944K, 44% used [0x00000000eaa80000,0x00000000eb2c8000,0x00000000ebd00000)
  to   space 17920K, 0% used [0x00000000f0c80000,0x00000000f0c80000,0x00000000f1e00000)
 ParOldGen       total 63488K, used 32567K [0x00000000a0000000, 0x00000000a3e00000, 0x00000000e0000000)
  object space 63488K, 51% used [0x00000000a0000000,0x00000000a1fcdcd8,0x00000000a3e00000)
 Metaspace       used 57053K, capacity 59047K, committed 59160K, reserved 1099776K
  class space    used 7900K, capacity 8368K, committed 8472K, reserved 1048576K
}
Event: 40.923 GC heap before
{Heap before GC invocations=16 (full 3):
 PSYoungGen      total 193536K, used 8480K [0x00000000e0000000, 0x00000000f1e00000, 0x0000000100000000)
  eden space 174592K, 0% used [0x00000000e0000000,0x00000000e0000000,0x00000000eaa80000)
  from space 18944K, 44% used [0x00000000eaa80000,0x00000000eb2c8000,0x00000000ebd00000)
  to   space 17920K, 0% used [0x00000000f0c80000,0x00000000f0c80000,0x00000000f1e00000)
 ParOldGen       total 63488K, used 32567K [0x00000000a0000000, 0x00000000a3e00000, 0x00000000e0000000)
  object space 63488K, 51% used [0x00000000a0000000,0x00000000a1fcdcd8,0x00000000a3e00000)
 Metaspace       used 57053K, capacity 59047K, committed 59160K, reserved 1099776K
  class space    used 7900K, capacity 8368K, committed 8472K, reserved 1048576K
Event: 41.426 GC heap after
Heap after GC invocations=16 (full 3):
 PSYoungGen      total 193536K, used 0K [0x00000000e0000000, 0x00000000f1e00000, 0x0000000100000000)
  eden space 174592K, 0% used [0x00000000e0000000,0x00000000e0000000,0x00000000eaa80000)
  from space 18944K, 0% used [0x00000000eaa80000,0x00000000eaa80000,0x00000000ebd00000)
  to   space 17920K, 0% used [0x00000000f0c80000,0x00000000f0c80000,0x00000000f1e00000)
 ParOldGen       total 87552K, used 32965K [0x00000000a0000000, 0x00000000a5580000, 0x00000000e0000000)
  object space 87552K, 37% used [0x00000000a0000000,0x00000000a2031558,0x00000000a5580000)
 Metaspace       used 57051K, capacity 59041K, committed 59160K, reserved 1099776K
  class space    used 7899K, capacity 8367K, committed 8472K, reserved 1048576K
}
Event: 47.312 GC heap before
{Heap before GC invocations=17 (full 3):
 PSYoungGen      total 193536K, used 174592K [0x00000000e0000000, 0x00000000f1e00000, 0x0000000100000000)
  eden space 174592K, 100% used [0x00000000e0000000,0x00000000eaa80000,0x00000000eaa80000)
  from space 18944K, 0% used [0x00000000eaa80000,0x00000000eaa80000,0x00000000ebd00000)
  to   space 17920K, 0% used [0x00000000f0c80000,0x00000000f0c80000,0x00000000f1e00000)
 ParOldGen       total 87552K, used 32965K [0x00000000a0000000, 0x00000000a5580000, 0x00000000e0000000)
  object space 87552K, 37% used [0x00000000a0000000,0x00000000a2031558,0x00000000a5580000)
 Metaspace       used 63172K, capacity 65477K, committed 65688K, reserved 1105920K
  class space    used 8697K, capacity 9244K, committed 9368K, reserved 1048576K
Event: 47.350 GC heap after
Heap after GC invocations=17 (full 3):
 PSYoungGen      total 261632K, used 15079K [0x00000000e0000000, 0x00000000f1b80000, 0x0000000100000000)
  eden space 246272K, 0% used [0x00000000e0000000,0x00000000e0000000,0x00000000ef080000)
  from space 15360K, 98% used [0x00000000f0c80000,0x00000000f1b39c20,0x00000000f1b80000)
  to   space 19456K, 0% used [0x00000000ef580000,0x00000000ef580000,0x00000000f0880000)
 ParOldGen       total 87552K, used 32973K [0x00000000a0000000, 0x00000000a5580000, 0x00000000e0000000)
  object space 87552K, 37% used [0x00000000a0000000,0x00000000a2033558,0x00000000a5580000)
 Metaspace       used 63172K, capacity 65477K, committed 65688K, reserved 1105920K
  class space    used 8697K, capacity 9244K, committed 9368K, reserved 1048576K
}
Event: 2879.687 GC heap before
{Heap before GC invocations=18 (full 3):
 PSYoungGen      total 261632K, used 261351K [0x00000000e0000000, 0x00000000f1b80000, 0x0000000100000000)
  eden space 246272K, 100% used [0x00000000e0000000,0x00000000ef080000,0x00000000ef080000)
  from space 15360K, 98% used [0x00000000f0c80000,0x00000000f1b39c20,0x00000000f1b80000)
  to   space 19456K, 0% used [0x00000000ef580000,0x00000000ef580000,0x00000000f0880000)
 ParOldGen       total 87552K, used 32973K [0x00000000a0000000, 0x00000000a5580000, 0x00000000e0000000)
  object space 87552K, 37% used [0x00000000a0000000,0x00000000a2033558,0x00000000a5580000)
 Metaspace       used 70573K, capacity 73457K, committed 73624K, reserved 1112064K
  class space    used 9356K, capacity 10039K, committed 10136K, reserved 1048576K
Event: 2879.801 GC heap after
Heap after GC invocations=18 (full 3):
 PSYoungGen      total 270848K, used 19437K [0x00000000e0000000, 0x00000000f7c80000, 0x0000000100000000)
  eden space 251392K, 0% used [0x00000000e0000000,0x00000000e0000000,0x00000000ef580000)
  from space 19456K, 99% used [0x00000000ef580000,0x00000000f087b608,0x00000000f0880000)
  to   space 26112K, 0% used [0x00000000f6300000,0x00000000f6300000,0x00000000f7c80000)
 ParOldGen       total 87552K, used 43336K [0x00000000a0000000, 0x00000000a5580000, 0x00000000e0000000)
  object space 87552K, 49% used [0x00000000a0000000,0x00000000a2a52070,0x00000000a5580000)
 Metaspace       used 70573K, capacity 73457K, committed 73624K, reserved 1112064K
  class space    used 9356K, capacity 10039K, committed 10136K, reserved 1048576K
}

Deoptimization events (10 events):
Event: 2881.014 Thread 0x0000000019c9d800 Uncommon trap: reason=unstable_if action=reinterpret pc=0x0000000004760874 method=sun.nio.fs.WindowsPathParser.isLetter(C)Z @ 3
Event: 2881.112 Thread 0x0000000019c9d800 Uncommon trap: reason=unstable_if action=reinterpret pc=0x0000000003a18ecc method=com.google.gson.stream.JsonReader.nextQuotedValue(C)Ljava/lang/String; @ 96
Event: 2881.355 Thread 0x0000000019c9d800 Uncommon trap: reason=class_check action=maybe_recompile pc=0x0000000004965484 method=com.sun.org.apache.xerces.internal.dom.NamedNodeMapImpl.findNamePoint(Ljava/lang/String;I)I @ 54
Event: 2881.355 Thread 0x0000000019c9d800 Uncommon trap: reason=class_check action=maybe_recompile pc=0x0000000004965484 method=com.sun.org.apache.xerces.internal.dom.NamedNodeMapImpl.findNamePoint(Ljava/lang/String;I)I @ 54
Event: 2881.355 Thread 0x0000000019c9d800 Uncommon trap: reason=class_check action=maybe_recompile pc=0x0000000004965484 method=com.sun.org.apache.xerces.internal.dom.NamedNodeMapImpl.findNamePoint(Ljava/lang/String;I)I @ 54
Event: 2881.356 Thread 0x0000000019c9d800 Uncommon trap: reason=class_check action=maybe_recompile pc=0x0000000004965484 method=com.sun.org.apache.xerces.internal.dom.NamedNodeMapImpl.findNamePoint(Ljava/lang/String;I)I @ 54
Event: 2881.443 Thread 0x0000000019c9d800 Uncommon trap: reason=unstable_if action=reinterpret pc=0x000000000302e9d0 method=java.io.File.equals(Ljava/lang/Object;)Z @ 1
Event: 2881.507 Thread 0x0000000019c9d800 Uncommon trap: reason=unstable_if action=reinterpret pc=0x000000000382c424 method=java.nio.charset.CharsetEncoder.encode(Ljava/nio/CharBuffer;Ljava/nio/ByteBuffer;Z)Ljava/nio/charset/CoderResult; @ 94
Event: 2881.569 Thread 0x0000000019c9d800 Uncommon trap: reason=unstable_if action=reinterpret pc=0x000000000401df5c method=java.io.BufferedWriter.min(II)I @ 2
Event: 2881.572 Thread 0x0000000019c9d800 Uncommon trap: reason=unstable_if action=reinterpret pc=0x00000000031d9f00 method=sun.nio.cs.StreamEncoder.implWrite([CII)V @ 51

Classes redefined (0 events):
No events

Internal exceptions (10 events):
Event: 2875.249 Thread 0x0000000019c9d800 Exception <a 'java/lang/NoSuchMethodError': <clinit>> (0x00000000e6fe17e0) thrown at [D:\src\AOSP-openjdk-cygwin\jdk8u\hotspot\src\share\vm\prims\jni.cpp, line 1614]
Event: 2875.249 Thread 0x0000000019c9d800 Exception <a 'java/lang/NoSuchMethodError': <clinit>> (0x00000000e6fe3168) thrown at [D:\src\AOSP-openjdk-cygwin\jdk8u\hotspot\src\share\vm\prims\jni.cpp, line 1614]
Event: 2875.249 Thread 0x0000000019c9d800 Exception <a 'java/lang/NoSuchMethodError': <clinit>> (0x00000000e6fe4668) thrown at [D:\src\AOSP-openjdk-cygwin\jdk8u\hotspot\src\share\vm\prims\jni.cpp, line 1614]
Event: 2875.249 Thread 0x0000000019c9d800 Exception <a 'java/lang/NoSuchMethodError': <clinit>> (0x00000000e6fe5db8) thrown at [D:\src\AOSP-openjdk-cygwin\jdk8u\hotspot\src\share\vm\prims\jni.cpp, line 1614]
Event: 2875.249 Thread 0x0000000019c9d800 Exception <a 'java/lang/NoSuchMethodError': <clinit>> (0x00000000e6fe73b8) thrown at [D:\src\AOSP-openjdk-cygwin\jdk8u\hotspot\src\share\vm\prims\jni.cpp, line 1614]
Event: 2875.250 Thread 0x0000000019c9d800 Exception <a 'java/lang/NoSuchMethodError': <clinit>> (0x00000000e6fe8858) thrown at [D:\src\AOSP-openjdk-cygwin\jdk8u\hotspot\src\share\vm\prims\jni.cpp, line 1614]
Event: 2880.114 Thread 0x0000000019c9d800 Implicit null exception at 0x0000000004135f18 to 0x00000000041362dd
Event: 2880.159 Thread 0x0000000019c9d800 Exception <a 'java/lang/NoSuchMethodError': java.lang.Object.lambda$comparingByKey$bbdbfea9$1(Ljava/util/Map$Entry;Ljava/util/Map$Entry;)I> (0x00000000e0e0abe8) thrown at [D:\src\AOSP-openjdk-cygwin\jdk8u\hotspot\src\share\vm\interpreter\linkResolver.cpp,
Event: 2880.474 Thread 0x0000000019c9d800 Implicit null exception at 0x0000000003b50cde to 0x0000000003b50e61
Event: 2881.443 Thread 0x0000000019c9d800 Implicit null exception at 0x000000000302e3af to 0x000000000302e9bd

Events (10 events):
Event: 2881.568 Thread 0x0000000019c9d800 Uncommon trap: trap_request=0xffffff65 fr.pc=0x000000000401df5c
Event: 2881.568 Executing VM operation: RevokeBias
Event: 2881.569 Executing VM operation: RevokeBias done
Event: 2881.569 Thread 0x0000000019c9d800 DEOPT PACKING pc=0x000000000401df5c sp=0x00000000229c8ad0
Event: 2881.569 Thread 0x0000000019c9d800 DEOPT UNPACKING pc=0x0000000002d8557b sp=0x00000000229c8a10 mode 2
Event: 2881.572 Thread 0x0000000019c9d800 Uncommon trap: trap_request=0xffffff65 fr.pc=0x00000000031d9f00
Event: 2881.572 Thread 0x0000000019c9d800 DEOPT PACKING pc=0x00000000031d9f00 sp=0x00000000229c8a10
Event: 2881.572 Thread 0x0000000019c9d800 DEOPT UNPACKING pc=0x0000000002d8557b sp=0x00000000229c8880 mode 2
Event: 2881.576 Thread 0x0000000019c9d800 DEOPT PACKING pc=0x0000000004a256da sp=0x00000000229c8b60
Event: 2881.576 Thread 0x0000000019c9d800 DEOPT UNPACKING pc=0x0000000002d871d0 sp=0x00000000229c88c0 mode 0


Dynamic libraries:
0x00007ff62d990000 - 0x00007ff62d9c1000 	C:\Program Files\Android\Android Studio1\jre\bin\java.exe
0x00007ff8b23b0000 - 0x00007ff8b259d000 	C:\Windows\SYSTEM32\ntdll.dll
0x00007ff8b18e0000 - 0x00007ff8b1993000 	C:\Windows\System32\KERNEL32.DLL
0x00007ff8ae5a0000 - 0x00007ff8ae833000 	C:\Windows\System32\KERNELBASE.dll
0x00007ff8b14e0000 - 0x00007ff8b1583000 	C:\Windows\System32\ADVAPI32.dll
0x00007ff8b21a0000 - 0x00007ff8b223e000 	C:\Windows\System32\msvcrt.dll
0x00007ff8af790000 - 0x00007ff8af82e000 	C:\Windows\System32\sechost.dll
0x00007ff8af600000 - 0x00007ff8af722000 	C:\Windows\System32\RPCRT4.dll
0x00007ff8b1ff0000 - 0x00007ff8b2187000 	C:\Windows\System32\USER32.dll
0x00007ff8af5e0000 - 0x00007ff8af600000 	C:\Windows\System32\win32u.dll
0x00007ff8b22f0000 - 0x00007ff8b2319000 	C:\Windows\System32\GDI32.dll
0x00007ff8af2a0000 - 0x00007ff8af439000 	C:\Windows\System32\gdi32full.dll
0x00007ff8af440000 - 0x00007ff8af4e0000 	C:\Windows\System32\msvcp_win.dll
0x00007ff8ae4a0000 - 0x00007ff8ae59a000 	C:\Windows\System32\ucrtbase.dll
0x00007ff8a2990000 - 0x00007ff8a2c09000 	C:\Windows\WinSxS\amd64_microsoft.windows.common-controls_6595b64144ccf1df_6.0.17763.1098_none_de762ed45346ee8a\COMCTL32.dll
0x00007ff8af910000 - 0x00007ff8afc3c000 	C:\Windows\System32\combase.dll
0x00007ff8af4e0000 - 0x00007ff8af55e000 	C:\Windows\System32\bcryptPrimitives.dll
0x00007ff8b18b0000 - 0x00007ff8b18de000 	C:\Windows\System32\IMM32.DLL
0x0000000056ab0000 - 0x0000000056b82000 	C:\Program Files\Android\Android Studio1\jre\jre\bin\msvcr100.dll
0x0000000055df0000 - 0x0000000056636000 	C:\Program Files\Android\Android Studio1\jre\jre\bin\server\jvm.dll
0x00007ff8b2190000 - 0x00007ff8b2198000 	C:\Windows\System32\PSAPI.DLL
0x00007ff8937e0000 - 0x00007ff8937e9000 	C:\Windows\SYSTEM32\WSOCK32.dll
0x00007ff8b1f80000 - 0x00007ff8b1fed000 	C:\Windows\System32\WS2_32.dll
0x00007ff8ac610000 - 0x00007ff8ac634000 	C:\Windows\SYSTEM32\WINMM.dll
0x00007ff8a1110000 - 0x00007ff8a111a000 	C:\Windows\SYSTEM32\VERSION.dll
0x00007ff8ac5b0000 - 0x00007ff8ac5dd000 	C:\Windows\SYSTEM32\WINMMBASE.dll
0x00007ff8aef90000 - 0x00007ff8aefda000 	C:\Windows\System32\cfgmgr32.dll
0x00007ff8aacf0000 - 0x00007ff8aacff000 	C:\Program Files\Android\Android Studio1\jre\jre\bin\verify.dll
0x00007ff8a5f60000 - 0x00007ff8a5f89000 	C:\Program Files\Android\Android Studio1\jre\jre\bin\java.dll
0x00007ff8a5f40000 - 0x00007ff8a5f56000 	C:\Program Files\Android\Android Studio1\jre\jre\bin\zip.dll
0x00007ff8afd70000 - 0x00007ff8b1264000 	C:\Windows\System32\SHELL32.dll
0x00007ff8b1420000 - 0x00007ff8b14c8000 	C:\Windows\System32\shcore.dll
0x00007ff8ae840000 - 0x00007ff8aef8d000 	C:\Windows\System32\windows.storage.dll
0x00007ff8ae470000 - 0x00007ff8ae494000 	C:\Windows\System32\profapi.dll
0x00007ff8ae410000 - 0x00007ff8ae46d000 	C:\Windows\System32\powrprof.dll
0x00007ff8b2330000 - 0x00007ff8b2382000 	C:\Windows\System32\shlwapi.dll
0x00007ff8ae3d0000 - 0x00007ff8ae3e1000 	C:\Windows\System32\kernel.appcore.dll
0x00007ff8af560000 - 0x00007ff8af577000 	C:\Windows\System32\cryptsp.dll
0x00007ff8a5f20000 - 0x00007ff8a5f3a000 	C:\Program Files\Android\Android Studio1\jre\jre\bin\net.dll
0x00007ff8a4010000 - 0x00007ff8a41e7000 	C:\Windows\SYSTEM32\urlmon.dll
0x00007ff8a43a0000 - 0x00007ff8a4648000 	C:\Windows\SYSTEM32\iertutil.dll
0x00007ff8addb0000 - 0x00007ff8addbc000 	C:\Windows\SYSTEM32\CRYPTBASE.DLL
0x00007ff8adbe0000 - 0x00007ff8adc47000 	C:\Windows\system32\mswsock.dll
0x00007ff8a5f00000 - 0x00007ff8a5f13000 	C:\Program Files\Android\Android Studio1\jre\jre\bin\nio.dll
0x00007ff8a1540000 - 0x00007ff8a1566000 	C:\Users\deCrypt3d\.gradle\native\30\windows-amd64\native-platform.dll
0x00007ff8aace0000 - 0x00007ff8aaced000 	C:\Program Files\Android\Android Studio1\jre\jre\bin\management.dll
0x00007ff8ad760000 - 0x00007ff8ad793000 	C:\Windows\system32\rsaenh.dll
0x00007ff8af270000 - 0x00007ff8af296000 	C:\Windows\System32\bcrypt.dll
0x00007ff8ae300000 - 0x00007ff8ae328000 	C:\Windows\SYSTEM32\USERENV.dll
0x00007ff8ad900000 - 0x00007ff8ad93d000 	C:\Windows\SYSTEM32\IPHLPAPI.DLL
0x00007ff8b2320000 - 0x00007ff8b2328000 	C:\Windows\System32\NSI.dll
0x00007ff8a58d0000 - 0x00007ff8a58e6000 	C:\Windows\SYSTEM32\dhcpcsvc6.DLL
0x00007ff8a58b0000 - 0x00007ff8a58cc000 	C:\Windows\SYSTEM32\dhcpcsvc.DLL
0x00007ff8ad950000 - 0x00007ff8ada16000 	C:\Windows\SYSTEM32\DNSAPI.dll

VM Arguments:
jvm_args: -Xmx1536m -Dfile.encoding=windows-1252 -Duser.country=ID -Duser.language=en -Duser.variant 
java_command: org.gradle.launcher.daemon.bootstrap.GradleDaemon 5.6.4
java_class_path (initial): C:\Users\deCrypt3d\.gradle\wrapper\dists\gradle-5.6.4-all\ankdp27end7byghfw1q2sw75f\gradle-5.6.4\lib\gradle-launcher-5.6.4.jar
Launcher Type: SUN_STANDARD

Environment Variables:
PATH=C:\ProgramData\Oracle\Java\javapath;C:\Program Files (x86)\Common Files\Intel\Shared Files\cpp\bin\Intel64;C:\Windows\system32;C:\Windows;C:\Windows\System32\Wbem;C:\Windows\System32\WindowsPowerShell\v1.0\;C:\xampp\php;C:\ProgramData\ComposerSetup\bin;C:\Program Files\PuTTY\;C:\Program Files\nodejs\;%JAVA_HOME%\bin;C:\SDK\gradle-6.3\bin;C:\Program Files (x86)\GtkSharp\2.12\bin;C:\Users\deCrypt3d\AppData\Local\Microsoft\WindowsApps;C:\Users\deCrypt3d\AppData\Roaming\Composer\vendor\bin;C:\Users\deCrypt3d\AppData\Roaming\npm;
USERNAME=deCrypt3d
OS=Windows_NT
PROCESSOR_IDENTIFIER=Intel64 Family 6 Model 58 Stepping 9, GenuineIntel



---------------  S Y S T E M  ---------------

OS: Windows 10.0 , 64 bit Build 17763 (10.0.17763.475)

CPU:total 2 (initial active 2) (2 cores per cpu, 1 threads per core) family 6 model 58 stepping 9, cmov, cx8, fxsr, mmx, sse, sse2, sse3, ssse3, sse4.1, sse4.2, popcnt, clmul, erms, tsc, tscinvbit, tscinv

Memory: 4k page, physical 3880804k(431584k free), swap 3880804k(5652k free)

vm_info: OpenJDK 64-Bit Server VM (25.212-b04) for windows-amd64 JRE (1.8.0_212-release-1586-b04), built by "builder" with MS VC++ 10.0 (VS2010)

time: Thu Jul 09 15:06:15 2020
timezone: SE Asia Standard Time
elapsed time: 2881 seconds (0d 0h 48m 1s)

