#
# There is insufficient memory for the Java Runtime Environment to continue.
# Native memory allocation (malloc) failed to allocate 32744 bytes for ChunkPool::allocate
# Possible reasons:
#   The system is out of physical RAM or swap space
#   The process is running with CompressedOops enabled, and the Java Heap may be blocking the growth of the native heap
# Possible solutions:
#   Reduce memory load on the system
#   Increase physical memory or swap space
#   Check if swap backing store is full
#   Decrease Java heap size (-Xmx/-Xms)
#   Decrease number of Java threads
#   Decrease Java thread stack sizes (-Xss)
#   Set larger code cache with -XX:ReservedCodeCacheSize=
#   JVM is running with Unscaled Compressed Oops mode in which the Java heap is
#     placed in the first 4GB address space. The Java Heap base address is the
#     maximum limit for the native heap growth. Please use -XX:HeapBaseMinAddress
#     to set the Java Heap base and to place the Java Heap above 4GB virtual address.
# This output file may be truncated or incomplete.
#
#  Out of Memory Error (allocation.cpp:272), pid=2020, tid=0x0000000000001480
#
# JRE version: OpenJDK Runtime Environment (8.0_212-b04) (build 1.8.0_212-release-1586-b04)
# Java VM: OpenJDK 64-Bit Server VM (25.212-b04 mixed mode windows-amd64 compressed oops)
# Failed to write core dump. Minidumps are not enabled by default on client versions of Windows
#

---------------  T H R E A D  ---------------

Current thread (0x0000000016304800):  JavaThread "C1 CompilerThread1" daemon [_thread_in_native, id=5248, stack(0x00000000173e0000,0x00000000174e0000)]

Stack: [0x00000000173e0000,0x00000000174e0000]
[error occurred during error reporting (printing stack bounds), id 0xc0000005]

Native frames: (J=compiled Java code, j=interpreted, Vv=VM code, C=native code)


Current CompileTask:
C1:  30655 8123       2       com.sun.tools.javac.comp.Attr::visitSelect (1210 bytes)


---------------  P R O C E S S  ---------------

Java Threads: ( => current thread )
  0x00000000177ab800 JavaThread "Cache worker for Java compile cache (D:\Semangat Tugas Akhir\Main Project\PajakAir\.gradle\5.6.4\javaCompile)" [_thread_blocked, id=3296, stack(0x0000000020fd0000,0x00000000210d0000)]
  0x00000000177ab000 JavaThread "Cache worker for Java compile cache (C:\Users\deCrypt3d\.gradle\caches\5.6.4\javaCompile)" [_thread_blocked, id=3104, stack(0x0000000020ed0000,0x0000000020fd0000)]
  0x00000000177a9800 JavaThread "Cache worker for execution history cache (D:\Semangat Tugas Akhir\Main Project\PajakAir\.gradle\5.6.4\executionHistory)" [_thread_blocked, id=4480, stack(0x0000000020dd0000,0x0000000020ed0000)]
  0x00000000177a8800 JavaThread "Execution worker for ':'" [_thread_in_Java, id=3460, stack(0x0000000020ad0000,0x0000000020bd0000)]
  0x00000000177a0000 JavaThread "Cache worker for file content cache (D:\Semangat Tugas Akhir\Main Project\PajakAir\.gradle\5.6.4\fileContent)" [_thread_blocked, id=2748, stack(0x00000000205d0000,0x00000000206d0000)]
  0x00000000177a2800 JavaThread "Cache worker for file content cache (C:\Users\deCrypt3d\.gradle\caches\5.6.4\fileContent)" [_thread_blocked, id=1376, stack(0x00000000204d0000,0x00000000205d0000)]
  0x00000000177a1800 JavaThread "Memory manager" [_thread_blocked, id=6780, stack(0x00000000203d0000,0x00000000204d0000)]
  0x00000000177a7000 JavaThread "Cache worker for Build Output Cleanup Cache (D:\Semangat Tugas Akhir\Main Project\PajakAir\.gradle\buildOutputCleanup)" [_thread_blocked, id=5736, stack(0x000000001f750000,0x000000001f850000)]
  0x00000000177a6000 JavaThread "Build operations Thread 2" [_thread_blocked, id=6020, stack(0x000000001f050000,0x000000001f150000)]
  0x00000000177a5800 JavaThread "Build operations" [_thread_blocked, id=3160, stack(0x000000001ef50000,0x000000001f050000)]
  0x00000000177a4000 JavaThread "Cache worker for execution history cache (C:\Users\deCrypt3d\.gradle\caches\5.6.4\executionHistory)" [_thread_blocked, id=1372, stack(0x000000001ec50000,0x000000001ed50000)]
  0x00000000177a3000 JavaThread "Cache worker for cache directory md-rule (C:\Users\deCrypt3d\.gradle\caches\5.6.4\md-rule)" [_thread_blocked, id=3132, stack(0x000000001ea50000,0x000000001eb50000)]
  0x00000000177a4800 JavaThread "Cache worker for cache directory md-supplier (C:\Users\deCrypt3d\.gradle\caches\5.6.4\md-supplier)" [_thread_blocked, id=5392, stack(0x000000001e950000,0x000000001ea50000)]
  0x0000000019220800 JavaThread "Cache worker for file hash cache (D:\Semangat Tugas Akhir\Main Project\PajakAir\.gradle\5.6.4\fileHashes)" [_thread_blocked, id=4300, stack(0x000000001bc00000,0x000000001bd00000)]
  0x0000000019223000 JavaThread "Cache worker for journal cache (C:\Users\deCrypt3d\.gradle\caches\journal-1)" [_thread_blocked, id=2564, stack(0x000000001b900000,0x000000001ba00000)]
  0x000000001921c000 JavaThread "File lock request listener" [_thread_in_native, id=5164, stack(0x000000001b800000,0x000000001b900000)]
  0x0000000019222000 JavaThread "Cache worker for file hash cache (C:\Users\deCrypt3d\.gradle\caches\5.6.4\fileHashes)" [_thread_blocked, id=2240, stack(0x000000001b500000,0x000000001b600000)]
  0x000000001a03e000 JavaThread "Thread-9" [_thread_blocked, id=6348, stack(0x000000001b400000,0x000000001b500000)]
  0x0000000019233800 JavaThread "Stdin handler" [_thread_blocked, id=5668, stack(0x000000001b300000,0x000000001b400000)]
  0x0000000019232800 JavaThread "Asynchronous log dispatcher for DefaultDaemonConnection: socket connection from /127.0.0.1:50504 to /127.0.0.1:50505" [_thread_blocked, id=3100, stack(0x000000001b200000,0x000000001b300000)]
  0x0000000019204800 JavaThread "Daemon worker" [_thread_blocked, id=4428, stack(0x000000001b100000,0x000000001b200000)]
  0x0000000017a9d800 JavaThread "Cancel handler" [_thread_blocked, id=4304, stack(0x000000001b000000,0x000000001b100000)]
  0x00000000191fb800 JavaThread "Handler for socket connection from /127.0.0.1:50504 to /127.0.0.1:50505" [_thread_in_native, id=5412, stack(0x0000000019d30000,0x0000000019e30000)]
  0x00000000191f0000 JavaThread "Daemon" [_thread_blocked, id=3112, stack(0x0000000019c30000,0x0000000019d30000)]
  0x00000000191ed000 JavaThread "Daemon periodic checks" [_thread_blocked, id=4332, stack(0x0000000019b30000,0x0000000019c30000)]
  0x0000000019178000 JavaThread "Incoming local TCP Connector on port 50504" [_thread_in_native, id=2280, stack(0x00000000198f0000,0x00000000199f0000)]
  0x00000000190e5800 JavaThread "Daemon health stats" [_thread_blocked, id=3016, stack(0x00000000192b0000,0x00000000193b0000)]
  0x000000001630a000 JavaThread "Service Thread" daemon [_thread_blocked, id=3228, stack(0x00000000174e0000,0x00000000175e0000)]
=>0x0000000016304800 JavaThread "C1 CompilerThread1" daemon [_thread_in_native, id=5248, stack(0x00000000173e0000,0x00000000174e0000)]
  0x00000000162a8800 JavaThread "C2 CompilerThread0" daemon [_thread_in_native, id=4976, stack(0x00000000172e0000,0x00000000173e0000)]
  0x00000000162a7000 JavaThread "Attach Listener" daemon [_thread_blocked, id=288, stack(0x00000000171e0000,0x00000000172e0000)]
  0x00000000162a4000 JavaThread "Signal Dispatcher" daemon [_thread_blocked, id=6364, stack(0x00000000170e0000,0x00000000171e0000)]
  0x0000000002b71800 JavaThread "Finalizer" daemon [_thread_blocked, id=4160, stack(0x0000000016ee0000,0x0000000016fe0000)]
  0x0000000016297000 JavaThread "Reference Handler" daemon [_thread_blocked, id=6752, stack(0x0000000016de0000,0x0000000016ee0000)]
  0x000000000297e000 JavaThread "main" [_thread_blocked, id=1736, stack(0x0000000002810000,0x0000000002910000)]

Other Threads:
  0x0000000016275800 VMThread [stack: 0x0000000016ce0000,0x0000000016de0000] [id=2556]
  0x000000001630c800 WatcherThread [stack: 0x00000000175e0000,0x00000000176e0000] [id=6860]

VM state:not at safepoint (normal execution)

VM Mutex/Monitor currently owned by a thread: None

heap address: 0x00000000a0000000, size: 1536 MB, Compressed Oops mode: 32-bit
Narrow klass base: 0x0000000000000000, Narrow klass shift: 3
Compressed class space size: 1073741824 Address: 0x0000000100000000

Heap:
 PSYoungGen      total 202752K, used 46234K [0x00000000e0000000, 0x00000000edc80000, 0x0000000100000000)
  eden space 183808K, 15% used [0x00000000e0000000,0x00000000e1bc0900,0x00000000eb380000)
  from space 18944K, 94% used [0x00000000eb380000,0x00000000ec4e6190,0x00000000ec600000)
  to   space 17408K, 0% used [0x00000000ec600000,0x00000000ec600000,0x00000000ed700000)
 ParOldGen       total 98816K, used 38006K [0x00000000a0000000, 0x00000000a6080000, 0x00000000e0000000)
  object space 98816K, 38% used [0x00000000a0000000,0x00000000a251d940,0x00000000a6080000)
 Metaspace       used 64416K, capacity 66586K, committed 66648K, reserved 1105920K
  class space    used 8726K, capacity 9298K, committed 9304K, reserved 1048576K

Card table byte_map: [0x0000000011f40000,0x0000000012250000] byte_map_base: 0x0000000011a40000

Marking Bits: (ParMarkBitMap*) 0x0000000073139f30
 Begin Bits: [0x0000000012650000, 0x0000000013e50000)
 End Bits:   [0x0000000013e50000, 0x0000000015650000)

Polling page: 0x00000000009d0000

CodeCache: size=245760Kb used=22230Kb max_used=22230Kb free=223529Kb
 bounds [0x0000000002b80000, 0x0000000004150000, 0x0000000011b80000]
 total_blobs=7945 nmethods=7127 adapters=732
 compilation: enabled

Compilation events (10 events):
Event: 30.615 Thread 0x0000000016304800 nmethod 8118 0x0000000004141810 code [0x0000000004141980, 0x0000000004141c28]
Event: 30.618 Thread 0x0000000016304800 8119       2       com.sun.tools.javac.comp.Check::checkType (188 bytes)
Event: 30.621 Thread 0x0000000016304800 nmethod 8119 0x0000000004141e10 code [0x0000000004142100, 0x0000000004142ed8]
Event: 30.621 Thread 0x0000000016304800 8120       2       com.sun.tools.javac.comp.Attr::checkIdInternal (680 bytes)
Event: 30.628 Thread 0x0000000016304800 nmethod 8120 0x0000000004143a90 code [0x0000000004143f60, 0x00000000041458c8]
Event: 30.636 Thread 0x0000000016304800 8121       2       com.sun.tools.javac.comp.Resolve::findIdentInPackage (111 bytes)
Event: 30.637 Thread 0x0000000016304800 nmethod 8121 0x0000000004147990 code [0x0000000004147b20, 0x0000000004147e58]
Event: 30.643 Thread 0x0000000016304800 8122       2       com.sun.tools.javac.tree.JCTree$JCFieldAccess::accept (6 bytes)
Event: 30.643 Thread 0x0000000016304800 nmethod 8122 0x0000000004148050 code [0x00000000041481c0, 0x0000000004148348]
Event: 30.643 Thread 0x0000000016304800 8123       2       com.sun.tools.javac.comp.Attr::visitSelect (1210 bytes)

GC Heap History (10 events):
Event: 13.321 GC heap before
{Heap before GC invocations=12 (full 2):
 PSYoungGen      total 165376K, used 11494K [0x00000000e0000000, 0x00000000eb280000, 0x0000000100000000)
  eden space 153600K, 0% used [0x00000000e0000000,0x00000000e0000000,0x00000000e9600000)
  from space 11776K, 97% used [0x00000000ea300000,0x00000000eae39900,0x00000000eae80000)
  to   space 13312K, 0% used [0x00000000e9600000,0x00000000e9600000,0x00000000ea300000)
 ParOldGen       total 34816K, used 10818K [0x00000000a0000000, 0x00000000a2200000, 0x00000000e0000000)
  object space 34816K, 31% used [0x00000000a0000000,0x00000000a0a908d8,0x00000000a2200000)
 Metaspace       used 34710K, capacity 35432K, committed 35456K, reserved 1079296K
  class space    used 4745K, capacity 4987K, committed 4992K, reserved 1048576K
Event: 13.596 GC heap after
Heap after GC invocations=12 (full 2):
 PSYoungGen      total 165376K, used 0K [0x00000000e0000000, 0x00000000eb280000, 0x0000000100000000)
  eden space 153600K, 0% used [0x00000000e0000000,0x00000000e0000000,0x00000000e9600000)
  from space 11776K, 0% used [0x00000000ea300000,0x00000000ea300000,0x00000000eae80000)
  to   space 13312K, 0% used [0x00000000e9600000,0x00000000e9600000,0x00000000ea300000)
 ParOldGen       total 59392K, used 18346K [0x00000000a0000000, 0x00000000a3a00000, 0x00000000e0000000)
  object space 59392K, 30% used [0x00000000a0000000,0x00000000a11ea9b0,0x00000000a3a00000)
 Metaspace       used 34710K, capacity 35432K, committed 35456K, reserved 1079296K
  class space    used 4745K, capacity 4987K, committed 4992K, reserved 1048576K
}
Event: 18.314 GC heap before
{Heap before GC invocations=13 (full 2):
 PSYoungGen      total 165376K, used 153600K [0x00000000e0000000, 0x00000000eb280000, 0x0000000100000000)
  eden space 153600K, 100% used [0x00000000e0000000,0x00000000e9600000,0x00000000e9600000)
  from space 11776K, 0% used [0x00000000ea300000,0x00000000ea300000,0x00000000eae80000)
  to   space 13312K, 0% used [0x00000000e9600000,0x00000000e9600000,0x00000000ea300000)
 ParOldGen       total 59392K, used 18346K [0x00000000a0000000, 0x00000000a3a00000, 0x00000000e0000000)
  object space 59392K, 30% used [0x00000000a0000000,0x00000000a11ea9b0,0x00000000a3a00000)
 Metaspace       used 49625K, capacity 51154K, committed 51456K, reserved 1093632K
  class space    used 6662K, capacity 7102K, committed 7168K, reserved 1048576K
Event: 18.359 GC heap after
Heap after GC invocations=13 (full 2):
 PSYoungGen      total 166912K, used 13290K [0x00000000e0000000, 0x00000000ed700000, 0x0000000100000000)
  eden space 153600K, 0% used [0x00000000e0000000,0x00000000e0000000,0x00000000e9600000)
  from space 13312K, 99% used [0x00000000e9600000,0x00000000ea2fab28,0x00000000ea300000)
  to   space 17408K, 0% used [0x00000000ec600000,0x00000000ec600000,0x00000000ed700000)
 ParOldGen       total 59392K, used 24554K [0x00000000a0000000, 0x00000000a3a00000, 0x00000000e0000000)
  object space 59392K, 41% used [0x00000000a0000000,0x00000000a17fabd0,0x00000000a3a00000)
 Metaspace       used 49625K, capacity 51154K, committed 51456K, reserved 1093632K
  class space    used 6662K, capacity 7102K, committed 7168K, reserved 1048576K
}
Event: 22.442 GC heap before
{Heap before GC invocations=14 (full 2):
 PSYoungGen      total 166912K, used 132899K [0x00000000e0000000, 0x00000000ed700000, 0x0000000100000000)
  eden space 153600K, 77% used [0x00000000e0000000,0x00000000e74ce258,0x00000000e9600000)
  from space 13312K, 99% used [0x00000000e9600000,0x00000000ea2fab28,0x00000000ea300000)
  to   space 17408K, 0% used [0x00000000ec600000,0x00000000ec600000,0x00000000ed700000)
 ParOldGen       total 59392K, used 24554K [0x00000000a0000000, 0x00000000a3a00000, 0x00000000e0000000)
  object space 59392K, 41% used [0x00000000a0000000,0x00000000a17fabd0,0x00000000a3a00000)
 Metaspace       used 57233K, capacity 58988K, committed 59096K, reserved 1099776K
  class space    used 7862K, capacity 8327K, committed 8408K, reserved 1048576K
Event: 22.556 GC heap after
Heap after GC invocations=14 (full 2):
 PSYoungGen      total 201216K, used 13642K [0x00000000e0000000, 0x00000000edc80000, 0x0000000100000000)
  eden space 183808K, 0% used [0x00000000e0000000,0x00000000e0000000,0x00000000eb380000)
  from space 17408K, 78% used [0x00000000ec600000,0x00000000ed352860,0x00000000ed700000)
  to   space 18944K, 0% used [0x00000000eb380000,0x00000000eb380000,0x00000000ec600000)
 ParOldGen       total 59392K, used 34276K [0x00000000a0000000, 0x00000000a3a00000, 0x00000000e0000000)
  object space 59392K, 57% used [0x00000000a0000000,0x00000000a21793f0,0x00000000a3a00000)
 Metaspace       used 57233K, capacity 58988K, committed 59096K, reserved 1099776K
  class space    used 7862K, capacity 8327K, committed 8408K, reserved 1048576K
}
Event: 22.556 GC heap before
{Heap before GC invocations=15 (full 3):
 PSYoungGen      total 201216K, used 13642K [0x00000000e0000000, 0x00000000edc80000, 0x0000000100000000)
  eden space 183808K, 0% used [0x00000000e0000000,0x00000000e0000000,0x00000000eb380000)
  from space 17408K, 78% used [0x00000000ec600000,0x00000000ed352860,0x00000000ed700000)
  to   space 18944K, 0% used [0x00000000eb380000,0x00000000eb380000,0x00000000ec600000)
 ParOldGen       total 59392K, used 34276K [0x00000000a0000000, 0x00000000a3a00000, 0x00000000e0000000)
  object space 59392K, 57% used [0x00000000a0000000,0x00000000a21793f0,0x00000000a3a00000)
 Metaspace       used 57233K, capacity 58988K, committed 59096K, reserved 1099776K
  class space    used 7862K, capacity 8327K, committed 8408K, reserved 1048576K
Event: 23.063 GC heap after
Heap after GC invocations=15 (full 3):
 PSYoungGen      total 201216K, used 0K [0x00000000e0000000, 0x00000000edc80000, 0x0000000100000000)
  eden space 183808K, 0% used [0x00000000e0000000,0x00000000e0000000,0x00000000eb380000)
  from space 17408K, 0% used [0x00000000ec600000,0x00000000ec600000,0x00000000ed700000)
  to   space 18944K, 0% used [0x00000000eb380000,0x00000000eb380000,0x00000000ec600000)
 ParOldGen       total 98816K, used 37998K [0x00000000a0000000, 0x00000000a6080000, 0x00000000e0000000)
  object space 98816K, 38% used [0x00000000a0000000,0x00000000a251b940,0x00000000a6080000)
 Metaspace       used 57233K, capacity 58988K, committed 59096K, reserved 1099776K
  class space    used 7862K, capacity 8327K, committed 8408K, reserved 1048576K
}
Event: 29.673 GC heap before
{Heap before GC invocations=16 (full 3):
 PSYoungGen      total 201216K, used 183808K [0x00000000e0000000, 0x00000000edc80000, 0x0000000100000000)
  eden space 183808K, 100% used [0x00000000e0000000,0x00000000eb380000,0x00000000eb380000)
  from space 17408K, 0% used [0x00000000ec600000,0x00000000ec600000,0x00000000ed700000)
  to   space 18944K, 0% used [0x00000000eb380000,0x00000000eb380000,0x00000000ec600000)
 ParOldGen       total 98816K, used 37998K [0x00000000a0000000, 0x00000000a6080000, 0x00000000e0000000)
  object space 98816K, 38% used [0x00000000a0000000,0x00000000a251b940,0x00000000a6080000)
 Metaspace       used 63759K, capacity 65850K, committed 66136K, reserved 1105920K
  class space    used 8695K, capacity 9266K, committed 9304K, reserved 1048576K
Event: 29.730 GC heap after
Heap after GC invocations=16 (full 3):
 PSYoungGen      total 202752K, used 17816K [0x00000000e0000000, 0x00000000edc80000, 0x0000000100000000)
  eden space 183808K, 0% used [0x00000000e0000000,0x00000000e0000000,0x00000000eb380000)
  from space 18944K, 94% used [0x00000000eb380000,0x00000000ec4e6190,0x00000000ec600000)
  to   space 17408K, 0% used [0x00000000ec600000,0x00000000ec600000,0x00000000ed700000)
 ParOldGen       total 98816K, used 38006K [0x00000000a0000000, 0x00000000a6080000, 0x00000000e0000000)
  object space 98816K, 38% used [0x00000000a0000000,0x00000000a251d940,0x00000000a6080000)
 Metaspace       used 63759K, capacity 65850K, committed 66136K, reserved 1105920K
  class space    used 8695K, capacity 9266K, committed 9304K, reserved 1048576K
}

Deoptimization events (10 events):
Event: 29.079 Thread 0x00000000177a8800 Uncommon trap: reason=class_check action=maybe_recompile pc=0x00000000038ebf18 method=java.util.regex.Matcher.search(I)Z @ 86
Event: 29.086 Thread 0x00000000177a8800 Uncommon trap: reason=class_check action=maybe_recompile pc=0x00000000038ebf18 method=java.util.regex.Matcher.search(I)Z @ 86
Event: 29.906 Thread 0x00000000177a8800 Uncommon trap: reason=unstable_if action=reinterpret pc=0x0000000002f958cc method=com.sun.tools.javac.util.ArrayUtils.ensureCapacity([CI)[C @ 3
Event: 29.911 Thread 0x00000000177a8800 Uncommon trap: reason=unstable_if action=reinterpret pc=0x000000000355ef00 method=com.sun.tools.javac.util.Name$Table.equals([BI[BII)Z @ 22
Event: 29.929 Thread 0x00000000177a8800 Uncommon trap: reason=unstable_if action=reinterpret pc=0x00000000035e1a88 method=com.sun.tools.javac.parser.UnicodeReader.scanChar()V @ 37
Event: 29.980 Thread 0x00000000177a8800 Uncommon trap: reason=unstable_if action=reinterpret pc=0x000000000377749c method=java.util.LinkedHashMap.afterNodeInsertion(Z)V @ 18
Event: 29.980 Thread 0x00000000177a8800 Uncommon trap: reason=bimorphic action=maybe_recompile pc=0x00000000038031f0 method=java.util.HashMap.removeNode(ILjava/lang/Object;Ljava/lang/Object;ZZ)Ljava/util/HashMap$Node; @ 283
Event: 29.981 Thread 0x00000000177a8800 Uncommon trap: reason=unstable_if action=reinterpret pc=0x000000000370d150 method=java.lang.StringCoding$StringDecoder.decode([BII)[C @ 20
Event: 29.981 Thread 0x00000000177a8800 Uncommon trap: reason=unstable_if action=reinterpret pc=0x00000000040420d0 method=java.io.File.equals(Ljava/lang/Object;)Z @ 1
Event: 30.156 Thread 0x00000000177a8800 Uncommon trap: reason=predicate action=maybe_recompile pc=0x0000000003e87c08 method=java.util.Collections.indexedBinarySearch(Ljava/util/List;Ljava/lang/Object;)I @ 16

Classes redefined (0 events):
No events

Internal exceptions (10 events):
Event: 18.840 Thread 0x0000000019204800 Exception <a 'java/lang/ClassNotFoundException': com/android/build/gradle/internal/api/BaseVariantOutputImplCustomizer> (0x00000000e0d0c158) thrown at [D:\src\AOSP-openjdk-cygwin\jdk8u\hotspot\src\share\vm\classfile\systemDictionary.cpp, line 210]
Event: 18.843 Thread 0x0000000019204800 Exception <a 'java/lang/ClassNotFoundException': com/android/build/gradle/internal/api/ApkVariantOutputImplCustomizer> (0x00000000e0d43488) thrown at [D:\src\AOSP-openjdk-cygwin\jdk8u\hotspot\src\share\vm\classfile\systemDictionary.cpp, line 210]
Event: 18.844 Thread 0x0000000019204800 Exception <a 'java/lang/ClassNotFoundException': com/android/build/gradle/internal/api/ApkVariantOutputImpl_DecoratedCustomizer> (0x00000000e0d75b98) thrown at [D:\src\AOSP-openjdk-cygwin\jdk8u\hotspot\src\share\vm\classfile\systemDictionary.cpp, line 210
Event: 19.554 Thread 0x0000000019204800 Exception <a 'java/lang/ClassNotFoundException': com/sun/org/glassfish/hk2/osgiresourcelocator/ServiceLoader> (0x00000000e26b4ae0) thrown at [D:\src\AOSP-openjdk-cygwin\jdk8u\hotspot\src\share\vm\classfile\systemDictionary.cpp, line 210]
Event: 19.659 Thread 0x0000000019204800 Exception <a 'java/lang/NullPointerException'> (0x00000000e2b7cde8) thrown at [D:\src\AOSP-openjdk-cygwin\jdk8u\hotspot\src\share\vm\interpreter\linkResolver.cpp, line 1287]
Event: 26.121 Thread 0x00000000177a8800 Implicit null exception at 0x0000000003034b8d to 0x00000000030350b9
Event: 28.281 Thread 0x0000000019204800 Exception <a 'java/lang/NoSuchMethodError': <clinit>> (0x00000000e86e8300) thrown at [D:\src\AOSP-openjdk-cygwin\jdk8u\hotspot\src\share\vm\prims\jni.cpp, line 1614]
Event: 28.281 Thread 0x0000000019204800 Exception <a 'java/lang/NoSuchMethodError': <clinit>> (0x00000000e86e9bd8) thrown at [D:\src\AOSP-openjdk-cygwin\jdk8u\hotspot\src\share\vm\prims\jni.cpp, line 1614]
Event: 28.455 Thread 0x00000000177a8800 Exception <a 'java/lang/NoSuchMethodError': java.lang.Object.lambda$comparingByKey$bbdbfea9$1(Ljava/util/Map$Entry;Ljava/util/Map$Entry;)I> (0x00000000e8d876d0) thrown at [D:\src\AOSP-openjdk-cygwin\jdk8u\hotspot\src\share\vm\interpreter\linkResolver.cpp,
Event: 29.981 Thread 0x00000000177a8800 Implicit null exception at 0x0000000004041aaf to 0x00000000040420bd

Events (10 events):
Event: 30.360 Thread 0x00000000177a8800 DEOPT PACKING pc=0x00000000040ebc89 sp=0x0000000020bc97c0
Event: 30.360 Thread 0x00000000177a8800 DEOPT UNPACKING pc=0x0000000002bc71d0 sp=0x0000000020bc9518 mode 0
Event: 30.395 loading class com/sun/tools/javac/comp/Check$7
Event: 30.395 loading class com/sun/tools/javac/comp/Check$7 done
Event: 30.396 loading class com/sun/tools/javac/util/MandatoryWarningHandler$DeferredDiagnosticKind
Event: 30.396 loading class com/sun/tools/javac/util/MandatoryWarningHandler$DeferredDiagnosticKind done
Event: 30.424 Thread 0x00000000177a8800 DEOPT PACKING pc=0x00000000040f7f1b sp=0x0000000020bc9dc0
Event: 30.424 Thread 0x00000000177a8800 DEOPT UNPACKING pc=0x0000000002bc71d0 sp=0x0000000020bc9af8 mode 0
Event: 30.508 Thread 0x00000000177a8800 DEOPT PACKING pc=0x0000000004106dbc sp=0x0000000020bc9530
Event: 30.508 Thread 0x00000000177a8800 DEOPT UNPACKING pc=0x0000000002bc71d0 sp=0x0000000020bc9218 mode 0


Dynamic libraries:
0x00007ff7d7610000 - 0x00007ff7d7641000 	C:\Program Files\Android\Android Studio1\jre\bin\java.exe
0x00007ff85ee20000 - 0x00007ff85f00d000 	C:\Windows\SYSTEM32\ntdll.dll
0x00007ff85daa0000 - 0x00007ff85db53000 	C:\Windows\System32\KERNEL32.DLL
0x00007ff85b030000 - 0x00007ff85b2c3000 	C:\Windows\System32\KERNELBASE.dll
0x00007ff85e290000 - 0x00007ff85e333000 	C:\Windows\System32\ADVAPI32.dll
0x00007ff85ea20000 - 0x00007ff85eabe000 	C:\Windows\System32\msvcrt.dll
0x00007ff85dd70000 - 0x00007ff85de0e000 	C:\Windows\System32\sechost.dll
0x00007ff85e3c0000 - 0x00007ff85e4e2000 	C:\Windows\System32\RPCRT4.dll
0x00007ff85ec80000 - 0x00007ff85ee17000 	C:\Windows\System32\USER32.dll
0x00007ff85b5c0000 - 0x00007ff85b5e0000 	C:\Windows\System32\win32u.dll
0x00007ff85e370000 - 0x00007ff85e399000 	C:\Windows\System32\GDI32.dll
0x00007ff85b690000 - 0x00007ff85b829000 	C:\Windows\System32\gdi32full.dll
0x00007ff85b830000 - 0x00007ff85b8d0000 	C:\Windows\System32\msvcp_win.dll
0x00007ff85af10000 - 0x00007ff85b00a000 	C:\Windows\System32\ucrtbase.dll
0x00007ff84f1e0000 - 0x00007ff84f459000 	C:\Windows\WinSxS\amd64_microsoft.windows.common-controls_6595b64144ccf1df_6.0.17763.1098_none_de762ed45346ee8a\COMCTL32.dll
0x00007ff85d660000 - 0x00007ff85d98c000 	C:\Windows\System32\combase.dll
0x00007ff85b2d0000 - 0x00007ff85b34e000 	C:\Windows\System32\bcryptPrimitives.dll
0x00007ff85e340000 - 0x00007ff85e36e000 	C:\Windows\System32\IMM32.DLL
0x0000000073630000 - 0x0000000073702000 	C:\Program Files\Android\Android Studio1\jre\jre\bin\msvcr100.dll
0x0000000072970000 - 0x00000000731b6000 	C:\Program Files\Android\Android Studio1\jre\jre\bin\server\jvm.dll
0x00007ff85dd60000 - 0x00007ff85dd68000 	C:\Windows\System32\PSAPI.DLL
0x00007ff840070000 - 0x00007ff840079000 	C:\Windows\SYSTEM32\WSOCK32.dll
0x00007ff85c070000 - 0x00007ff85c0dd000 	C:\Windows\System32\WS2_32.dll
0x00007ff857bd0000 - 0x00007ff857bf4000 	C:\Windows\SYSTEM32\WINMM.dll
0x00007ff84da30000 - 0x00007ff84da3a000 	C:\Windows\SYSTEM32\VERSION.dll
0x00007ff857ba0000 - 0x00007ff857bcd000 	C:\Windows\SYSTEM32\WINMMBASE.dll
0x00007ff85c020000 - 0x00007ff85c06a000 	C:\Windows\System32\cfgmgr32.dll
0x00007ff857750000 - 0x00007ff85775f000 	C:\Program Files\Android\Android Studio1\jre\jre\bin\verify.dll
0x00007ff84e570000 - 0x00007ff84e599000 	C:\Program Files\Android\Android Studio1\jre\jre\bin\java.dll
0x00007ff849d40000 - 0x00007ff849d56000 	C:\Program Files\Android\Android Studio1\jre\jre\bin\zip.dll
0x00007ff85c0e0000 - 0x00007ff85d5d4000 	C:\Windows\System32\SHELL32.dll
0x00007ff85db60000 - 0x00007ff85dc08000 	C:\Windows\System32\shcore.dll
0x00007ff85b8d0000 - 0x00007ff85c01d000 	C:\Windows\System32\windows.storage.dll
0x00007ff85aee0000 - 0x00007ff85af04000 	C:\Windows\System32\profapi.dll
0x00007ff85ae80000 - 0x00007ff85aedd000 	C:\Windows\System32\powrprof.dll
0x00007ff85ec20000 - 0x00007ff85ec72000 	C:\Windows\System32\shlwapi.dll
0x00007ff85ae40000 - 0x00007ff85ae51000 	C:\Windows\System32\kernel.appcore.dll
0x00007ff85b010000 - 0x00007ff85b027000 	C:\Windows\System32\cryptsp.dll
0x00007ff849d20000 - 0x00007ff849d3a000 	C:\Program Files\Android\Android Studio1\jre\jre\bin\net.dll
0x00007ff850810000 - 0x00007ff8509e7000 	C:\Windows\SYSTEM32\urlmon.dll
0x00007ff850ba0000 - 0x00007ff850e48000 	C:\Windows\SYSTEM32\iertutil.dll
0x00007ff85a820000 - 0x00007ff85a82c000 	C:\Windows\SYSTEM32\CRYPTBASE.DLL
0x00007ff85a650000 - 0x00007ff85a6b7000 	C:\Windows\system32\mswsock.dll
0x00007ff849d00000 - 0x00007ff849d13000 	C:\Program Files\Android\Android Studio1\jre\jre\bin\nio.dll
0x00007ff847910000 - 0x00007ff847936000 	C:\Users\deCrypt3d\.gradle\native\30\windows-amd64\native-platform.dll
0x00007ff857740000 - 0x00007ff85774d000 	C:\Program Files\Android\Android Studio1\jre\jre\bin\management.dll
0x00007ff85a1d0000 - 0x00007ff85a203000 	C:\Windows\system32\rsaenh.dll
0x00007ff85b350000 - 0x00007ff85b376000 	C:\Windows\System32\bcrypt.dll
0x00007ff85ad40000 - 0x00007ff85ad68000 	C:\Windows\SYSTEM32\USERENV.dll
0x00007ff85a370000 - 0x00007ff85a3ad000 	C:\Windows\SYSTEM32\IPHLPAPI.DLL
0x00007ff85e820000 - 0x00007ff85e828000 	C:\Windows\System32\NSI.dll
0x00007ff852070000 - 0x00007ff852086000 	C:\Windows\SYSTEM32\dhcpcsvc6.DLL
0x00007ff852050000 - 0x00007ff85206c000 	C:\Windows\SYSTEM32\dhcpcsvc.DLL
0x00007ff85a3b0000 - 0x00007ff85a476000 	C:\Windows\SYSTEM32\DNSAPI.dll

VM Arguments:
jvm_args: -Xmx1536m -Dfile.encoding=windows-1252 -Duser.country=ID -Duser.language=en -Duser.variant 
java_command: org.gradle.launcher.daemon.bootstrap.GradleDaemon 5.6.4
java_class_path (initial): C:\Users\deCrypt3d\.gradle\wrapper\dists\gradle-5.6.4-all\ankdp27end7byghfw1q2sw75f\gradle-5.6.4\lib\gradle-launcher-5.6.4.jar
Launcher Type: SUN_STANDARD

Environment Variables:
PATH=C:\ProgramData\Oracle\Java\javapath;C:\Program Files (x86)\Common Files\Intel\Shared Files\cpp\bin\Intel64;C:\Windows\system32;C:\Windows;C:\Windows\System32\Wbem;C:\Windows\System32\WindowsPowerShell\v1.0\;C:\xampp\php;C:\ProgramData\ComposerSetup\bin;C:\Program Files\PuTTY\;C:\Program Files\nodejs\;%JAVA_HOME%\bin;C:\SDK\gradle-6.3\bin;C:\Program Files (x86)\GtkSharp\2.12\bin;C:\Users\deCrypt3d\AppData\Local\Microsoft\WindowsApps;C:\Users\deCrypt3d\AppData\Roaming\Composer\vendor\bin;C:\Users\deCrypt3d\AppData\Roaming\npm;
USERNAME=deCrypt3d
OS=Windows_NT
PROCESSOR_IDENTIFIER=Intel64 Family 6 Model 58 Stepping 9, GenuineIntel



---------------  S Y S T E M  ---------------

OS: Windows 10.0 , 64 bit Build 17763 (10.0.17763.475)

CPU:total 2 (initial active 2) (2 cores per cpu, 1 threads per core) family 6 model 58 stepping 9, cmov, cx8, fxsr, mmx, sse, sse2, sse3, ssse3, sse4.1, sse4.2, popcnt, clmul, erms, tsc, tscinvbit, tscinv

Memory: 4k page, physical 3880804k(474464k free), swap 3880804k(4100k free)

vm_info: OpenJDK 64-Bit Server VM (25.212-b04) for windows-amd64 JRE (1.8.0_212-release-1586-b04), built by "builder" with MS VC++ 10.0 (VS2010)

time: Wed Jul 08 19:24:38 2020
timezone: SE Asia Standard Time
elapsed time: 30 seconds (0d 0h 0m 30s)

