#
# There is insufficient memory for the Java Runtime Environment to continue.
# Native memory allocation (malloc) failed to allocate 32744 bytes for ChunkPool::allocate
# Possible reasons:
#   The system is out of physical RAM or swap space
#   The process is running with CompressedOops enabled, and the Java Heap may be blocking the growth of the native heap
# Possible solutions:
#   Reduce memory load on the system
#   Increase physical memory or swap space
#   Check if swap backing store is full
#   Decrease Java heap size (-Xmx/-Xms)
#   Decrease number of Java threads
#   Decrease Java thread stack sizes (-Xss)
#   Set larger code cache with -XX:ReservedCodeCacheSize=
#   JVM is running with Unscaled Compressed Oops mode in which the Java heap is
#     placed in the first 4GB address space. The Java Heap base address is the
#     maximum limit for the native heap growth. Please use -XX:HeapBaseMinAddress
#     to set the Java Heap base and to place the Java Heap above 4GB virtual address.
# This output file may be truncated or incomplete.
#
#  Out of Memory Error (allocation.cpp:272), pid=7520, tid=0x0000000000001380
#
# JRE version: OpenJDK Runtime Environment (8.0_212-b04) (build 1.8.0_212-release-1586-b04)
# Java VM: OpenJDK 64-Bit Server VM (25.212-b04 mixed mode windows-amd64 compressed oops)
# Failed to write core dump. Minidumps are not enabled by default on client versions of Windows
#

---------------  T H R E A D  ---------------

Current thread (0x0000000016279800):  JavaThread "C2 CompilerThread0" daemon [_thread_in_native, id=4992, stack(0x00000000172c0000,0x00000000173c0000)]

Stack: [0x00000000172c0000,0x00000000173c0000]
[error occurred during error reporting (printing stack bounds), id 0xc0000005]

Native frames: (J=compiled Java code, j=interpreted, Vv=VM code, C=native code)


Current CompileTask:
C2:  10855 2472       4       org.objectweb.asm.Frame::execute (2318 bytes)


---------------  P R O C E S S  ---------------

Java Threads: ( => current thread )
  0x0000000017825000 JavaThread "Cache worker for execution history cache (C:\Users\deCrypt3d\.gradle\caches\5.6.4\executionHistory)" [_thread_blocked, id=2772, stack(0x000000001ec40000,0x000000001ed40000)]
  0x0000000017829800 JavaThread "Cache worker for cache directory md-rule (C:\Users\deCrypt3d\.gradle\caches\5.6.4\md-rule)" [_thread_blocked, id=8668, stack(0x000000001ea40000,0x000000001eb40000)]
  0x0000000017826800 JavaThread "Cache worker for cache directory md-supplier (C:\Users\deCrypt3d\.gradle\caches\5.6.4\md-supplier)" [_thread_blocked, id=7424, stack(0x000000001e940000,0x000000001ea40000)]
  0x0000000017826000 JavaThread "Cache worker for file hash cache (D:\Semangat Tugas Akhir\Main Project\PajakAir\.gradle\5.6.4\fileHashes)" [_thread_blocked, id=8224, stack(0x000000001cc70000,0x000000001cd70000)]
  0x0000000017828000 JavaThread "Cache worker for journal cache (C:\Users\deCrypt3d\.gradle\caches\journal-1)" [_thread_blocked, id=7764, stack(0x000000001b8e0000,0x000000001b9e0000)]
  0x0000000017824800 JavaThread "File lock request listener" [_thread_in_native, id=7444, stack(0x000000001b7e0000,0x000000001b8e0000)]
  0x0000000017ef8000 JavaThread "Cache worker for file hash cache (C:\Users\deCrypt3d\.gradle\caches\5.6.4\fileHashes)" [_thread_blocked, id=7476, stack(0x000000001b6e0000,0x000000001b7e0000)]
  0x000000001911e800 JavaThread "Thread-9" [_thread_blocked, id=5216, stack(0x000000001a410000,0x000000001a510000)]
  0x0000000019150800 JavaThread "Stdin handler" [_thread_blocked, id=7916, stack(0x000000001a310000,0x000000001a410000)]
  0x0000000019135000 JavaThread "Asynchronous log dispatcher for DefaultDaemonConnection: socket connection from /127.0.0.1:50047 to /127.0.0.1:50048" [_thread_blocked, id=4356, stack(0x000000001a210000,0x000000001a310000)]
  0x0000000019141800 JavaThread "Daemon worker" [_thread_in_vm, id=2584, stack(0x000000001a110000,0x000000001a210000)]
  0x00000000191ed000 JavaThread "Cancel handler" [_thread_blocked, id=6728, stack(0x000000001a010000,0x000000001a110000)]
  0x00000000190bb800 JavaThread "Handler for socket connection from /127.0.0.1:50047 to /127.0.0.1:50048" [_thread_in_native, id=2924, stack(0x0000000019d10000,0x0000000019e10000)]
  0x00000000190ba800 JavaThread "Daemon periodic checks" [_thread_blocked, id=8152, stack(0x0000000019c10000,0x0000000019d10000)]
  0x0000000019176800 JavaThread "Daemon" [_thread_blocked, id=7900, stack(0x0000000019b10000,0x0000000019c10000)]
  0x0000000019172000 JavaThread "Incoming local TCP Connector on port 50047" [_thread_in_native, id=9056, stack(0x00000000198d0000,0x00000000199d0000)]
  0x0000000019089800 JavaThread "Daemon health stats" [_thread_blocked, id=8056, stack(0x0000000019290000,0x0000000019390000)]
  0x00000000162db000 JavaThread "Service Thread" daemon [_thread_blocked, id=8124, stack(0x00000000174c0000,0x00000000175c0000)]
  0x00000000162d5800 JavaThread "C1 CompilerThread1" daemon [_thread_blocked, id=7988, stack(0x00000000173c0000,0x00000000174c0000)]
=>0x0000000016279800 JavaThread "C2 CompilerThread0" daemon [_thread_in_native, id=4992, stack(0x00000000172c0000,0x00000000173c0000)]
  0x0000000016278000 JavaThread "Attach Listener" daemon [_thread_blocked, id=3576, stack(0x00000000171c0000,0x00000000172c0000)]
  0x0000000016275000 JavaThread "Signal Dispatcher" daemon [_thread_blocked, id=2940, stack(0x00000000170c0000,0x00000000171c0000)]
  0x0000000002b41800 JavaThread "Finalizer" daemon [_thread_blocked, id=4268, stack(0x0000000016ec0000,0x0000000016fc0000)]
  0x0000000002b3d000 JavaThread "Reference Handler" daemon [_thread_blocked, id=6416, stack(0x0000000016dc0000,0x0000000016ec0000)]
  0x0000000002a4e000 JavaThread "main" [_thread_blocked, id=5272, stack(0x0000000002860000,0x0000000002960000)]

Other Threads:
  0x0000000016244800 VMThread [stack: 0x0000000016cc0000,0x0000000016dc0000] [id=4292]
  0x00000000162dd800 WatcherThread [stack: 0x00000000175c0000,0x00000000176c0000] [id=6904]

VM state:not at safepoint (normal execution)

VM Mutex/Monitor currently owned by a thread: None

heap address: 0x00000000a0000000, size: 1536 MB, Compressed Oops mode: 32-bit
Narrow klass base: 0x0000000000000000, Narrow klass shift: 3
Compressed class space size: 1073741824 Address: 0x0000000100000000

Heap:
 PSYoungGen      total 129024K, used 34573K [0x00000000e0000000, 0x00000000eb600000, 0x0000000100000000)
  eden space 119808K, 21% used [0x00000000e0000000,0x00000000e18c44b8,0x00000000e7500000)
  from space 9216K, 99% used [0x00000000e7500000,0x00000000e7dff258,0x00000000e7e00000)
  to   space 11776K, 0% used [0x00000000eaa80000,0x00000000eaa80000,0x00000000eb600000)
 ParOldGen       total 34816K, used 12714K [0x00000000a0000000, 0x00000000a2200000, 0x00000000e0000000)
  object space 34816K, 36% used [0x00000000a0000000,0x00000000a0c6a8d0,0x00000000a2200000)
 Metaspace       used 32433K, capacity 33036K, committed 33408K, reserved 1077248K
  class space    used 4444K, capacity 4651K, committed 4736K, reserved 1048576K

Card table byte_map: [0x0000000011f10000,0x0000000012220000] byte_map_base: 0x0000000011a10000

Marking Bits: (ParMarkBitMap*) 0x0000000050919f30
 Begin Bits: [0x0000000012620000, 0x0000000013e20000)
 End Bits:   [0x0000000013e20000, 0x0000000015620000)

Polling page: 0x0000000000fa0000

CodeCache: size=245760Kb used=9045Kb max_used=9383Kb free=236714Kb
 bounds [0x0000000002b50000, 0x0000000003480000, 0x0000000011b50000]
 total_blobs=3035 nmethods=2353 adapters=596
 compilation: enabled

Compilation events (10 events):
Event: 10.704 Thread 0x00000000162d5800 2495       3       org.objectweb.asm.FieldWriter::<init> (69 bytes)
Event: 10.705 Thread 0x00000000162d5800 nmethod 2495 0x0000000002c8de10 code [0x0000000002c8dfc0, 0x0000000002c8e588]
Event: 10.705 Thread 0x00000000162d5800 2496       3       org.objectweb.asm.FieldVisitor::<init> (66 bytes)
Event: 10.706 Thread 0x00000000162d5800 nmethod 2496 0x0000000002c7cd10 code [0x0000000002c7cf00, 0x0000000002c7d858]
Event: 10.716 Thread 0x00000000162d5800 2497       3       java.util.HashMap::putMapEntries (154 bytes)
Event: 10.717 Thread 0x00000000162d5800 nmethod 2497 0x0000000002d023d0 code [0x0000000002d02640, 0x0000000002d033a8]
Event: 10.721 Thread 0x00000000162d5800 2498       3       java.lang.StringBuilder::getChars (10 bytes)
Event: 10.721 Thread 0x00000000162d5800 nmethod 2498 0x0000000002c5bed0 code [0x0000000002c5c040, 0x0000000002c5c1c8]
Event: 10.847 Thread 0x00000000162d5800 2499       1       org.slf4j.impl.StaticLoggerBinder::getLoggerFactory (5 bytes)
Event: 10.847 Thread 0x00000000162d5800 nmethod 2499 0x0000000002fc51d0 code [0x0000000002fc5320, 0x0000000002fc5430]

GC Heap History (10 events):
Event: 5.470 GC heap before
{Heap before GC invocations=6 (full 0):
 PSYoungGen      total 33280K, used 33264K [0x00000000e0000000, 0x00000000e4700000, 0x0000000100000000)
  eden space 30720K, 100% used [0x00000000e0000000,0x00000000e1e00000,0x00000000e1e00000)
  from space 2560K, 99% used [0x00000000e1e00000,0x00000000e207c010,0x00000000e2080000)
  to   space 5632K, 0% used [0x00000000e4180000,0x00000000e4180000,0x00000000e4700000)
 ParOldGen       total 40960K, used 4601K [0x00000000a0000000, 0x00000000a2800000, 0x00000000e0000000)
  object space 40960K, 11% used [0x00000000a0000000,0x00000000a047e508,0x00000000a2800000)
 Metaspace       used 14419K, capacity 14810K, committed 14976K, reserved 1062912K
  class space    used 1990K, capacity 2127K, committed 2176K, reserved 1048576K
Event: 5.486 GC heap after
Heap after GC invocations=6 (full 0):
 PSYoungGen      total 65536K, used 5618K [0x00000000e0000000, 0x00000000e4a00000, 0x0000000100000000)
  eden space 59904K, 0% used [0x00000000e0000000,0x00000000e0000000,0x00000000e3a80000)
  from space 5632K, 99% used [0x00000000e4180000,0x00000000e46fcb10,0x00000000e4700000)
  to   space 7168K, 0% used [0x00000000e3a80000,0x00000000e3a80000,0x00000000e4180000)
 ParOldGen       total 40960K, used 4984K [0x00000000a0000000, 0x00000000a2800000, 0x00000000e0000000)
  object space 40960K, 12% used [0x00000000a0000000,0x00000000a04de0e8,0x00000000a2800000)
 Metaspace       used 14419K, capacity 14810K, committed 14976K, reserved 1062912K
  class space    used 1990K, capacity 2127K, committed 2176K, reserved 1048576K
}
Event: 7.046 GC heap before
{Heap before GC invocations=7 (full 0):
 PSYoungGen      total 65536K, used 65522K [0x00000000e0000000, 0x00000000e4a00000, 0x0000000100000000)
  eden space 59904K, 100% used [0x00000000e0000000,0x00000000e3a80000,0x00000000e3a80000)
  from space 5632K, 99% used [0x00000000e4180000,0x00000000e46fcb10,0x00000000e4700000)
  to   space 7168K, 0% used [0x00000000e3a80000,0x00000000e3a80000,0x00000000e4180000)
 ParOldGen       total 40960K, used 4984K [0x00000000a0000000, 0x00000000a2800000, 0x00000000e0000000)
  object space 40960K, 12% used [0x00000000a0000000,0x00000000a04de0e8,0x00000000a2800000)
 Metaspace       used 19364K, capacity 19836K, committed 20224K, reserved 1067008K
  class space    used 2785K, capacity 2966K, committed 3072K, reserved 1048576K
Event: 7.070 GC heap after
Heap after GC invocations=7 (full 0):
 PSYoungGen      total 67072K, used 7159K [0x00000000e0000000, 0x00000000e8800000, 0x0000000100000000)
  eden space 59904K, 0% used [0x00000000e0000000,0x00000000e0000000,0x00000000e3a80000)
  from space 7168K, 99% used [0x00000000e3a80000,0x00000000e417dcf8,0x00000000e4180000)
  to   space 9728K, 0% used [0x00000000e7e80000,0x00000000e7e80000,0x00000000e8800000)
 ParOldGen       total 40960K, used 7700K [0x00000000a0000000, 0x00000000a2800000, 0x00000000e0000000)
  object space 40960K, 18% used [0x00000000a0000000,0x00000000a0785140,0x00000000a2800000)
 Metaspace       used 19364K, capacity 19836K, committed 20224K, reserved 1067008K
  class space    used 2785K, capacity 2966K, committed 3072K, reserved 1048576K
}
Event: 7.386 GC heap before
{Heap before GC invocations=8 (full 0):
 PSYoungGen      total 67072K, used 18387K [0x00000000e0000000, 0x00000000e8800000, 0x0000000100000000)
  eden space 59904K, 18% used [0x00000000e0000000,0x00000000e0af71a8,0x00000000e3a80000)
  from space 7168K, 99% used [0x00000000e3a80000,0x00000000e417dcf8,0x00000000e4180000)
  to   space 9728K, 0% used [0x00000000e7e80000,0x00000000e7e80000,0x00000000e8800000)
 ParOldGen       total 40960K, used 7700K [0x00000000a0000000, 0x00000000a2800000, 0x00000000e0000000)
  object space 40960K, 18% used [0x00000000a0000000,0x00000000a0785140,0x00000000a2800000)
 Metaspace       used 20645K, capacity 21162K, committed 21296K, reserved 1067008K
  class space    used 2968K, capacity 3129K, committed 3200K, reserved 1048576K
Event: 7.405 GC heap after
Heap after GC invocations=8 (full 0):
 PSYoungGen      total 128512K, used 5387K [0x00000000e0000000, 0x00000000e8700000, 0x0000000100000000)
  eden space 119808K, 0% used [0x00000000e0000000,0x00000000e0000000,0x00000000e7500000)
  from space 8704K, 61% used [0x00000000e7e80000,0x00000000e83c2df0,0x00000000e8700000)
  to   space 9216K, 0% used [0x00000000e7500000,0x00000000e7500000,0x00000000e7e00000)
 ParOldGen       total 40960K, used 8340K [0x00000000a0000000, 0x00000000a2800000, 0x00000000e0000000)
  object space 40960K, 20% used [0x00000000a0000000,0x00000000a0825140,0x00000000a2800000)
 Metaspace       used 20645K, capacity 21162K, committed 21296K, reserved 1067008K
  class space    used 2968K, capacity 3129K, committed 3200K, reserved 1048576K
}
Event: 7.405 GC heap before
{Heap before GC invocations=9 (full 1):
 PSYoungGen      total 128512K, used 5387K [0x00000000e0000000, 0x00000000e8700000, 0x0000000100000000)
  eden space 119808K, 0% used [0x00000000e0000000,0x00000000e0000000,0x00000000e7500000)
  from space 8704K, 61% used [0x00000000e7e80000,0x00000000e83c2df0,0x00000000e8700000)
  to   space 9216K, 0% used [0x00000000e7500000,0x00000000e7500000,0x00000000e7e00000)
 ParOldGen       total 40960K, used 8340K [0x00000000a0000000, 0x00000000a2800000, 0x00000000e0000000)
  object space 40960K, 20% used [0x00000000a0000000,0x00000000a0825140,0x00000000a2800000)
 Metaspace       used 20645K, capacity 21162K, committed 21296K, reserved 1067008K
  class space    used 2968K, capacity 3129K, committed 3200K, reserved 1048576K
Event: 7.513 GC heap after
Heap after GC invocations=9 (full 1):
 PSYoungGen      total 128512K, used 0K [0x00000000e0000000, 0x00000000e8700000, 0x0000000100000000)
  eden space 119808K, 0% used [0x00000000e0000000,0x00000000e0000000,0x00000000e7500000)
  from space 8704K, 0% used [0x00000000e7e80000,0x00000000e7e80000,0x00000000e8700000)
  to   space 9216K, 0% used [0x00000000e7500000,0x00000000e7500000,0x00000000e7e00000)
 ParOldGen       total 34816K, used 10010K [0x00000000a0000000, 0x00000000a2200000, 0x00000000e0000000)
  object space 34816K, 28% used [0x00000000a0000000,0x00000000a09c6a08,0x00000000a2200000)
 Metaspace       used 20645K, capacity 21162K, committed 21296K, reserved 1067008K
  class space    used 2968K, capacity 3129K, committed 3200K, reserved 1048576K
}
Event: 10.423 GC heap before
{Heap before GC invocations=10 (full 1):
 PSYoungGen      total 128512K, used 119808K [0x00000000e0000000, 0x00000000e8700000, 0x0000000100000000)
  eden space 119808K, 100% used [0x00000000e0000000,0x00000000e7500000,0x00000000e7500000)
  from space 8704K, 0% used [0x00000000e7e80000,0x00000000e7e80000,0x00000000e8700000)
  to   space 9216K, 0% used [0x00000000e7500000,0x00000000e7500000,0x00000000e7e00000)
 ParOldGen       total 34816K, used 10010K [0x00000000a0000000, 0x00000000a2200000, 0x00000000e0000000)
  object space 34816K, 28% used [0x00000000a0000000,0x00000000a09c6a08,0x00000000a2200000)
 Metaspace       used 31388K, capacity 31916K, committed 32256K, reserved 1077248K
  class space    used 4283K, capacity 4491K, committed 4608K, reserved 1048576K
Event: 10.448 GC heap after
Heap after GC invocations=10 (full 1):
 PSYoungGen      total 129024K, used 9212K [0x00000000e0000000, 0x00000000eb600000, 0x0000000100000000)
  eden space 119808K, 0% used [0x00000000e0000000,0x00000000e0000000,0x00000000e7500000)
  from space 9216K, 99% used [0x00000000e7500000,0x00000000e7dff258,0x00000000e7e00000)
  to   space 11776K, 0% used [0x00000000eaa80000,0x00000000eaa80000,0x00000000eb600000)
 ParOldGen       total 34816K, used 12714K [0x00000000a0000000, 0x00000000a2200000, 0x00000000e0000000)
  object space 34816K, 36% used [0x00000000a0000000,0x00000000a0c6a8d0,0x00000000a2200000)
 Metaspace       used 31388K, capacity 31916K, committed 32256K, reserved 1077248K
  class space    used 4283K, capacity 4491K, committed 4608K, reserved 1048576K
}

Deoptimization events (10 events):
Event: 8.256 Thread 0x0000000019141800 Uncommon trap: reason=class_check action=maybe_recompile pc=0x0000000003196108 method=sun.misc.URLClassPath.getLoader(I)Lsun/misc/URLClassPath$Loader; @ 239
Event: 8.707 Thread 0x0000000019141800 Uncommon trap: reason=unstable_if action=reinterpret pc=0x00000000030477a0 method=java.util.HashMap.hash(Ljava/lang/Object;)I @ 1
Event: 8.850 Thread 0x0000000019141800 Uncommon trap: reason=unstable_if action=reinterpret pc=0x0000000002e13834 method=java.util.HashMap.getNode(ILjava/lang/Object;)Ljava/util/HashMap$Node; @ 53
Event: 8.850 Thread 0x0000000019141800 Uncommon trap: reason=unstable_if action=reinterpret pc=0x0000000002d76730 method=java.util.HashMap.hash(Ljava/lang/Object;)I @ 1
Event: 8.850 Thread 0x0000000019141800 Uncommon trap: reason=unstable_if action=reinterpret pc=0x00000000032417f8 method=java.util.HashMap.putVal(ILjava/lang/Object;Ljava/lang/Object;ZZ)Ljava/lang/Object; @ 85
Event: 8.934 Thread 0x0000000019141800 Uncommon trap: reason=unstable_if action=reinterpret pc=0x0000000002e1c070 method=java.util.LinkedHashMap.afterNodeInsertion(Z)V @ 1
Event: 9.353 Thread 0x0000000019141800 Uncommon trap: reason=class_check action=maybe_recompile pc=0x0000000003195f3c method=sun.misc.URLClassPath.getLoader(I)Lsun/misc/URLClassPath$Loader; @ 94
Event: 9.528 Thread 0x0000000019141800 Uncommon trap: reason=unstable_if action=reinterpret pc=0x0000000002e08fbc method=java.io.WinNTFileSystem.resolve(Ljava/lang/String;Ljava/lang/String;)Ljava/lang/String; @ 49
Event: 10.451 Thread 0x0000000002b3d000 Uncommon trap: reason=unstable_if action=reinterpret pc=0x000000000313be3c method=java.lang.ref.Reference.tryHandlePending(Z)Z @ 104
Event: 10.587 Thread 0x0000000019141800 Uncommon trap: reason=unstable_if action=reinterpret pc=0x000000000312a40c method=java.util.WeakHashMap.expungeStaleEntries()V @ 66

Classes redefined (0 events):
No events

Internal exceptions (10 events):
Event: 9.680 Thread 0x0000000019141800 Exception <a 'java/lang/ClassNotFoundException': org/gradle/api/internal/DefaultDomainObjectCollectionCustomizer> (0x00000000e51c76d0) thrown at [D:\src\AOSP-openjdk-cygwin\jdk8u\hotspot\src\share\vm\classfile\systemDictionary.cpp, line 210]
Event: 9.687 Thread 0x0000000019141800 Exception <a 'java/lang/ClassNotFoundException': org/gradle/api/internal/DefaultNamedDomainObjectCollectionCustomizer> (0x00000000e52256a0) thrown at [D:\src\AOSP-openjdk-cygwin\jdk8u\hotspot\src\share\vm\classfile\systemDictionary.cpp, line 210]
Event: 9.696 Thread 0x0000000019141800 Exception <a 'java/lang/ClassNotFoundException': org/gradle/api/internal/DefaultNamedDomainObjectListCustomizer> (0x00000000e5299ef8) thrown at [D:\src\AOSP-openjdk-cygwin\jdk8u\hotspot\src\share\vm\classfile\systemDictionary.cpp, line 210]
Event: 9.710 Thread 0x0000000019141800 Exception <a 'java/lang/ClassNotFoundException': org/gradle/api/internal/artifacts/DefaultArtifactRepositoryContainerCustomizer> (0x00000000e530f730) thrown at [D:\src\AOSP-openjdk-cygwin\jdk8u\hotspot\src\share\vm\classfile\systemDictionary.cpp, line 210
Event: 9.714 Thread 0x0000000019141800 Exception <a 'java/lang/ClassNotFoundException': org/gradle/api/internal/artifacts/dsl/DefaultRepositoryHandlerCustomizer> (0x00000000e5375448) thrown at [D:\src\AOSP-openjdk-cygwin\jdk8u\hotspot\src\share\vm\classfile\systemDictionary.cpp, line 210]
Event: 9.723 Thread 0x0000000019141800 Exception <a 'java/lang/ClassNotFoundException': org/gradle/api/internal/artifacts/dsl/DefaultRepositoryHandler_DecoratedCustomizer> (0x00000000e53f17e0) thrown at [D:\src\AOSP-openjdk-cygwin\jdk8u\hotspot\src\share\vm\classfile\systemDictionary.cpp, line
Event: 10.579 Thread 0x0000000019141800 Exception <a 'java/lang/ClassNotFoundException': org/gradle/api/internal/artifacts/dsl/dependencies/DefaultDependencyHandler_DecoratedBeanInfo> (0x00000000e071ad18) thrown at [D:\src\AOSP-openjdk-cygwin\jdk8u\hotspot\src\share\vm\classfile\systemDictionar
Event: 10.581 Thread 0x0000000019141800 Exception <a 'java/lang/ClassNotFoundException': org/gradle/api/internal/artifacts/dsl/dependencies/DefaultDependencyHandlerBeanInfo> (0x00000000e07739c8) thrown at [D:\src\AOSP-openjdk-cygwin\jdk8u\hotspot\src\share\vm\classfile\systemDictionary.cpp, lin
Event: 10.582 Thread 0x0000000019141800 Exception <a 'java/lang/ClassNotFoundException': org/gradle/api/internal/artifacts/dsl/dependencies/DefaultDependencyHandlerCustomizer> (0x00000000e07cd500) thrown at [D:\src\AOSP-openjdk-cygwin\jdk8u\hotspot\src\share\vm\classfile\systemDictionary.cpp, l
Event: 10.591 Thread 0x0000000019141800 Exception <a 'java/lang/ClassNotFoundException': org/gradle/api/internal/artifacts/dsl/dependencies/DefaultDependencyHandler_DecoratedCustomizer> (0x00000000e085cde0) thrown at [D:\src\AOSP-openjdk-cygwin\jdk8u\hotspot\src\share\vm\classfile\systemDiction

Events (10 events):
Event: 10.844 loading class org/gradle/api/internal/artifacts/ivyservice/ivyresolve/ErrorHandlingModuleComponentRepository$ErrorHandlingModuleComponentRepositoryAccess
Event: 10.844 loading class org/gradle/api/internal/artifacts/ivyservice/ivyresolve/ErrorHandlingModuleComponentRepository$ErrorHandlingModuleComponentRepositoryAccess done
Event: 10.847 loading class org/gradle/api/internal/artifacts/ivyservice/ivyresolve/RepositoryBlacklister$NoOpBlacklister
Event: 10.847 loading class org/gradle/api/internal/artifacts/ivyservice/ivyresolve/RepositoryBlacklister$NoOpBlacklister done
Event: 10.848 loading class org/gradle/api/internal/artifacts/ivyservice/ivyresolve/FilteredModuleComponentRepository
Event: 10.848 loading class org/gradle/api/internal/artifacts/ivyservice/ivyresolve/FilteredModuleComponentRepository done
Event: 10.850 loading class org/gradle/api/internal/artifacts/ivyservice/resolveengine/ComponentResolversChain
Event: 10.850 loading class org/gradle/api/internal/artifacts/ivyservice/resolveengine/ComponentResolversChain done
Event: 10.852 loading class org/gradle/api/internal/artifacts/ivyservice/resolveengine/VirtualComponentMetadataResolver
Event: 10.852 loading class org/gradle/api/internal/artifacts/ivyservice/resolveengine/VirtualComponentMetadataResolver done


Dynamic libraries:
0x00007ff6b78e0000 - 0x00007ff6b7911000 	C:\Program Files\Android\Android Studio1\jre\bin\java.exe
0x00007ffded9a0000 - 0x00007ffdedb8d000 	C:\Windows\SYSTEM32\ntdll.dll
0x00007ffded480000 - 0x00007ffded533000 	C:\Windows\System32\KERNEL32.DLL
0x00007ffde9a90000 - 0x00007ffde9d23000 	C:\Windows\System32\KERNELBASE.dll
0x00007ffded8d0000 - 0x00007ffded973000 	C:\Windows\System32\ADVAPI32.dll
0x00007ffdec680000 - 0x00007ffdec71e000 	C:\Windows\System32\msvcrt.dll
0x00007ffded1f0000 - 0x00007ffded28e000 	C:\Windows\System32\sechost.dll
0x00007ffdec920000 - 0x00007ffdeca42000 	C:\Windows\System32\RPCRT4.dll
0x00007ffdec780000 - 0x00007ffdec917000 	C:\Windows\System32\USER32.dll
0x00007ffde9d80000 - 0x00007ffde9da0000 	C:\Windows\System32\win32u.dll
0x00007ffdec750000 - 0x00007ffdec779000 	C:\Windows\System32\GDI32.dll
0x00007ffde9f20000 - 0x00007ffdea0b9000 	C:\Windows\System32\gdi32full.dll
0x00007ffdeab50000 - 0x00007ffdeabf0000 	C:\Windows\System32\msvcp_win.dll
0x00007ffdea0c0000 - 0x00007ffdea1ba000 	C:\Windows\System32\ucrtbase.dll
0x00007ffdddee0000 - 0x00007ffdde159000 	C:\Windows\WinSxS\amd64_microsoft.windows.common-controls_6595b64144ccf1df_6.0.17763.1098_none_de762ed45346ee8a\COMCTL32.dll
0x00007ffded540000 - 0x00007ffded86c000 	C:\Windows\System32\combase.dll
0x00007ffde9ea0000 - 0x00007ffde9f1e000 	C:\Windows\System32\bcryptPrimitives.dll
0x00007ffdec720000 - 0x00007ffdec74e000 	C:\Windows\System32\IMM32.DLL
0x0000000050da0000 - 0x0000000050e72000 	C:\Program Files\Android\Android Studio1\jre\jre\bin\msvcr100.dll
0x0000000050150000 - 0x0000000050996000 	C:\Program Files\Android\Android Studio1\jre\jre\bin\server\jvm.dll
0x00007ffded990000 - 0x00007ffded998000 	C:\Windows\System32\PSAPI.DLL
0x00007ffdcfde0000 - 0x00007ffdcfde9000 	C:\Windows\SYSTEM32\WSOCK32.dll
0x00007ffde7ae0000 - 0x00007ffde7b04000 	C:\Windows\SYSTEM32\WINMM.dll
0x00007ffdec610000 - 0x00007ffdec67d000 	C:\Windows\System32\WS2_32.dll
0x00007ffddbda0000 - 0x00007ffddbdaa000 	C:\Windows\SYSTEM32\VERSION.dll
0x00007ffde7ab0000 - 0x00007ffde7add000 	C:\Windows\SYSTEM32\WINMMBASE.dll
0x00007ffde9d30000 - 0x00007ffde9d7a000 	C:\Windows\System32\cfgmgr32.dll
0x00007ffde6360000 - 0x00007ffde636f000 	C:\Program Files\Android\Android Studio1\jre\jre\bin\verify.dll
0x00007ffde1920000 - 0x00007ffde1949000 	C:\Program Files\Android\Android Studio1\jre\jre\bin\java.dll
0x00007ffde6330000 - 0x00007ffde6346000 	C:\Program Files\Android\Android Studio1\jre\jre\bin\zip.dll
0x00007ffdeb110000 - 0x00007ffdec604000 	C:\Windows\System32\SHELL32.dll
0x00007ffdeb000000 - 0x00007ffdeb0a8000 	C:\Windows\System32\shcore.dll
0x00007ffdea220000 - 0x00007ffdea96d000 	C:\Windows\System32\windows.storage.dll
0x00007ffde9a00000 - 0x00007ffde9a24000 	C:\Windows\System32\profapi.dll
0x00007ffde9a30000 - 0x00007ffde9a8d000 	C:\Windows\System32\powrprof.dll
0x00007ffdeced0000 - 0x00007ffdecf22000 	C:\Windows\System32\shlwapi.dll
0x00007ffde99e0000 - 0x00007ffde99f1000 	C:\Windows\System32\kernel.appcore.dll
0x00007ffde9dd0000 - 0x00007ffde9de7000 	C:\Windows\System32\cryptsp.dll
0x00007ffde1900000 - 0x00007ffde191a000 	C:\Program Files\Android\Android Studio1\jre\jre\bin\net.dll
0x00007ffddf5d0000 - 0x00007ffddf7a7000 	C:\Windows\SYSTEM32\urlmon.dll
0x00007ffddfa30000 - 0x00007ffddfcd8000 	C:\Windows\SYSTEM32\iertutil.dll
0x00007ffde93a0000 - 0x00007ffde93ac000 	C:\Windows\SYSTEM32\CRYPTBASE.DLL
0x00007ffde91d0000 - 0x00007ffde9237000 	C:\Windows\system32\mswsock.dll
0x00007ffde1520000 - 0x00007ffde1533000 	C:\Program Files\Android\Android Studio1\jre\jre\bin\nio.dll
0x00007ffddd290000 - 0x00007ffddd2b6000 	C:\Users\deCrypt3d\.gradle\native\30\windows-amd64\native-platform.dll
0x00007ffde62b0000 - 0x00007ffde62bd000 	C:\Program Files\Android\Android Studio1\jre\jre\bin\management.dll
0x00007ffde8d50000 - 0x00007ffde8d83000 	C:\Windows\system32\rsaenh.dll
0x00007ffde9da0000 - 0x00007ffde9dc6000 	C:\Windows\System32\bcrypt.dll
0x00007ffde98c0000 - 0x00007ffde98e8000 	C:\Windows\SYSTEM32\USERENV.dll
0x00007ffde8ef0000 - 0x00007ffde8f2d000 	C:\Windows\SYSTEM32\IPHLPAPI.DLL
0x00007ffded340000 - 0x00007ffded348000 	C:\Windows\System32\NSI.dll
0x00007ffddf9f0000 - 0x00007ffddfa06000 	C:\Windows\SYSTEM32\dhcpcsvc6.DLL
0x00007ffddf9d0000 - 0x00007ffddf9ec000 	C:\Windows\SYSTEM32\dhcpcsvc.DLL
0x00007ffde8f30000 - 0x00007ffde8ff6000 	C:\Windows\SYSTEM32\DNSAPI.dll

VM Arguments:
jvm_args: -Xmx1536m -Dfile.encoding=windows-1252 -Duser.country=ID -Duser.language=en -Duser.variant 
java_command: org.gradle.launcher.daemon.bootstrap.GradleDaemon 5.6.4
java_class_path (initial): C:\Users\deCrypt3d\.gradle\wrapper\dists\gradle-5.6.4-all\ankdp27end7byghfw1q2sw75f\gradle-5.6.4\lib\gradle-launcher-5.6.4.jar
Launcher Type: SUN_STANDARD

Environment Variables:
PATH=C:\ProgramData\Oracle\Java\javapath;C:\Program Files (x86)\Common Files\Intel\Shared Files\cpp\bin\Intel64;C:\Windows\system32;C:\Windows;C:\Windows\System32\Wbem;C:\Windows\System32\WindowsPowerShell\v1.0\;C:\xampp\php;C:\ProgramData\ComposerSetup\bin;C:\Program Files\PuTTY\;C:\Program Files\nodejs\;%JAVA_HOME%\bin;C:\SDK\gradle-6.3\bin;C:\Program Files (x86)\GtkSharp\2.12\bin;C:\Users\deCrypt3d\AppData\Local\Microsoft\WindowsApps;C:\Users\deCrypt3d\AppData\Roaming\Composer\vendor\bin;C:\Users\deCrypt3d\AppData\Roaming\npm;
USERNAME=deCrypt3d
OS=Windows_NT
PROCESSOR_IDENTIFIER=Intel64 Family 6 Model 58 Stepping 9, GenuineIntel



---------------  S Y S T E M  ---------------

OS: Windows 10.0 , 64 bit Build 17763 (10.0.17763.475)

CPU:total 2 (initial active 2) (2 cores per cpu, 1 threads per core) family 6 model 58 stepping 9, cmov, cx8, fxsr, mmx, sse, sse2, sse3, ssse3, sse4.1, sse4.2, popcnt, clmul, erms, tsc, tscinvbit, tscinv

Memory: 4k page, physical 3880804k(497028k free), swap 3880804k(4124k free)

vm_info: OpenJDK 64-Bit Server VM (25.212-b04) for windows-amd64 JRE (1.8.0_212-release-1586-b04), built by "builder" with MS VC++ 10.0 (VS2010)

time: Sun Jul 12 17:26:54 2020
timezone: SE Asia Standard Time
elapsed time: 10 seconds (0d 0h 0m 10s)

