#
# There is insufficient memory for the Java Runtime Environment to continue.
# Native memory allocation (malloc) failed to allocate 65552 bytes for Chunk::new
# Possible reasons:
#   The system is out of physical RAM or swap space
#   The process is running with CompressedOops enabled, and the Java Heap may be blocking the growth of the native heap
# Possible solutions:
#   Reduce memory load on the system
#   Increase physical memory or swap space
#   Check if swap backing store is full
#   Decrease Java heap size (-Xmx/-Xms)
#   Decrease number of Java threads
#   Decrease Java thread stack sizes (-Xss)
#   Set larger code cache with -XX:ReservedCodeCacheSize=
#   JVM is running with Unscaled Compressed Oops mode in which the Java heap is
#     placed in the first 4GB address space. The Java Heap base address is the
#     maximum limit for the native heap growth. Please use -XX:HeapBaseMinAddress
#     to set the Java Heap base and to place the Java Heap above 4GB virtual address.
# This output file may be truncated or incomplete.
#
#  Out of Memory Error (allocation.cpp:389), pid=1564, tid=0x00000000000004ac
#
# JRE version: OpenJDK Runtime Environment (8.0_212-b04) (build 1.8.0_212-release-1586-b04)
# Java VM: OpenJDK 64-Bit Server VM (25.212-b04 mixed mode windows-amd64 compressed oops)
# Failed to write core dump. Minidumps are not enabled by default on client versions of Windows
#

---------------  T H R E A D  ---------------

Current thread (0x0000000016908800):  JavaThread "C2 CompilerThread0" daemon [_thread_in_native, id=1196, stack(0x0000000017940000,0x0000000017a40000)]

Stack: [0x0000000017940000,0x0000000017a40000]
[error occurred during error reporting (printing stack bounds), id 0xc0000005]

Native frames: (J=compiled Java code, j=interpreted, Vv=VM code, C=native code)


Current CompileTask:
C2:  62413 14001 %     4       org.gradle.internal.instantiation.AbstractClassGenerator::inspectType @ 107 (559 bytes)


---------------  P R O C E S S  ---------------

Java Threads: ( => current thread )
  0x0000000028d20000 JavaThread "ForkJoinPool.commonPool-worker-0" daemon [_thread_blocked, id=6432, stack(0x000000002de30000,0x000000002df30000)]
  0x0000000028d25800 JavaThread "ForkJoinPool.commonPool-worker-1" daemon [_thread_blocked, id=7312, stack(0x000000002d4d0000,0x000000002d5d0000)]
  0x0000000028d1c000 JavaThread "WorkerExecutor Queue Thread 3" [_thread_blocked, id=7884, stack(0x000000002d3d0000,0x000000002d4d0000)]
  0x000000001c3ad800 JavaThread "Cache worker for Java compile cache (D:\Semangat Tugas Akhir\Main Project\PajakAir\.gradle\5.6.4\javaCompile)" [_thread_blocked, id=7704, stack(0x0000000029020000,0x0000000029120000)]
  0x000000001c3ad000 JavaThread "Cache worker for Java compile cache (C:\Users\deCrypt3d\.gradle\caches\5.6.4\javaCompile)" [_thread_blocked, id=5648, stack(0x0000000028f20000,0x0000000029020000)]
  0x000000001c3aa000 JavaThread "WorkerExecutor Queue Thread 2" [_thread_blocked, id=6680, stack(0x0000000021d70000,0x0000000021e70000)]
  0x000000001c3a8800 JavaThread "stdout" [_thread_in_native, id=4172, stack(0x0000000021a70000,0x0000000021b70000)]
  0x000000001c3ac000 JavaThread "stderr" [_thread_in_native, id=2312, stack(0x0000000021970000,0x0000000021a70000)]
  0x000000001c3ab800 JavaThread "pool-2-thread-1" [_thread_blocked, id=3540, stack(0x0000000021870000,0x0000000021970000)]
  0x000000001c3a9000 JavaThread "WorkerExecutor Queue" [_thread_blocked, id=6660, stack(0x0000000021570000,0x0000000021670000)]
  0x000000001c3a7000 JavaThread "Cache worker for execution history cache (D:\Semangat Tugas Akhir\Main Project\PajakAir\.gradle\5.6.4\executionHistory)" [_thread_blocked, id=7040, stack(0x0000000021270000,0x0000000021370000)]
  0x000000001c39f000 JavaThread "Cache worker for file content cache (D:\Semangat Tugas Akhir\Main Project\PajakAir\.gradle\5.6.4\fileContent)" [_thread_blocked, id=2172, stack(0x0000000020a70000,0x0000000020b70000)]
  0x000000001c3a2800 JavaThread "Cache worker for file content cache (C:\Users\deCrypt3d\.gradle\caches\5.6.4\fileContent)" [_thread_blocked, id=200, stack(0x0000000020970000,0x0000000020a70000)]
  0x000000001c3a5800 JavaThread "Memory manager" [_thread_blocked, id=4896, stack(0x000000001fc00000,0x000000001fd00000)]
  0x000000001c3a1800 JavaThread "Cache worker for Build Output Cleanup Cache (D:\Semangat Tugas Akhir\Main Project\PajakAir\.gradle\buildOutputCleanup)" [_thread_blocked, id=4400, stack(0x000000001fb00000,0x000000001fc00000)]
  0x000000001c3a3000 JavaThread "Build operations Thread 2" [_thread_blocked, id=1860, stack(0x000000001f600000,0x000000001f700000)]
  0x000000001c3a4800 JavaThread "Build operations" [_thread_blocked, id=932, stack(0x000000001f500000,0x000000001f600000)]
  0x000000001c3a4000 JavaThread "Cache worker for execution history cache (C:\Users\deCrypt3d\.gradle\caches\5.6.4\executionHistory)" [_thread_blocked, id=680, stack(0x000000001f200000,0x000000001f300000)]
  0x0000000018859000 JavaThread "Cache worker for cache directory md-rule (C:\Users\deCrypt3d\.gradle\caches\5.6.4\md-rule)" [_thread_blocked, id=2176, stack(0x000000001f000000,0x000000001f100000)]
  0x000000001885e800 JavaThread "Cache worker for cache directory md-supplier (C:\Users\deCrypt3d\.gradle\caches\5.6.4\md-supplier)" [_thread_blocked, id=1888, stack(0x000000001ef00000,0x000000001f000000)]
  0x000000001885a800 JavaThread "Cache worker for file hash cache (D:\Semangat Tugas Akhir\Main Project\PajakAir\.gradle\5.6.4\fileHashes)" [_thread_blocked, id=7352, stack(0x000000001e200000,0x000000001e300000)]
  0x000000001885a000 JavaThread "Cache worker for journal cache (C:\Users\deCrypt3d\.gradle\caches\journal-1)" [_thread_blocked, id=8096, stack(0x000000001bf60000,0x000000001c060000)]
  0x000000001885b800 JavaThread "File lock request listener" [_thread_in_native, id=1536, stack(0x000000001be60000,0x000000001bf60000)]
  0x0000000017fb2000 JavaThread "Cache worker for file hash cache (C:\Users\deCrypt3d\.gradle\caches\5.6.4\fileHashes)" [_thread_blocked, id=3332, stack(0x000000001bd60000,0x000000001be60000)]
  0x0000000018b15800 JavaThread "Thread-9" [_thread_blocked, id=2144, stack(0x000000001ba60000,0x000000001bb60000)]
  0x0000000018952800 JavaThread "Stdin handler" [_thread_blocked, id=3536, stack(0x000000001b960000,0x000000001ba60000)]
  0x0000000019125000 JavaThread "Asynchronous log dispatcher for DefaultDaemonConnection: socket connection from /127.0.0.1:50702 to /127.0.0.1:50703" [_thread_blocked, id=1760, stack(0x000000001b860000,0x000000001b960000)]
  0x0000000019123000 JavaThread "Daemon worker" [_thread_in_vm, id=3112, stack(0x000000001b760000,0x000000001b860000)]
  0x00000000190dd800 JavaThread "Cancel handler" [_thread_blocked, id=8068, stack(0x000000001b660000,0x000000001b760000)]
  0x0000000019069800 JavaThread "Handler for socket connection from /127.0.0.1:50702 to /127.0.0.1:50703" [_thread_in_native, id=3792, stack(0x000000001b360000,0x000000001b460000)]
  0x0000000019069000 JavaThread "Daemon periodic checks" [_thread_blocked, id=6096, stack(0x000000001b260000,0x000000001b360000)]
  0x0000000019c3f800 JavaThread "Daemon" [_thread_blocked, id=188, stack(0x000000001b160000,0x000000001b260000)]
  0x0000000019c29800 JavaThread "Incoming local TCP Connector on port 50702" [_thread_in_native, id=6220, stack(0x000000001af20000,0x000000001b020000)]
  0x000000001985a800 JavaThread "Daemon health stats" [_thread_blocked, id=4040, stack(0x0000000019910000,0x0000000019a10000)]
  0x000000001697c000 JavaThread "Service Thread" daemon [_thread_blocked, id=7888, stack(0x0000000017b40000,0x0000000017c40000)]
  0x000000001690c000 JavaThread "C1 CompilerThread1" daemon [_thread_blocked, id=4332, stack(0x0000000017a40000,0x0000000017b40000)]
=>0x0000000016908800 JavaThread "C2 CompilerThread0" daemon [_thread_in_native, id=1196, stack(0x0000000017940000,0x0000000017a40000)]
  0x0000000016907000 JavaThread "Attach Listener" daemon [_thread_blocked, id=7208, stack(0x0000000017840000,0x0000000017940000)]
  0x0000000016904000 JavaThread "Signal Dispatcher" daemon [_thread_blocked, id=3728, stack(0x0000000017740000,0x0000000017840000)]
  0x00000000031c7800 JavaThread "Finalizer" daemon [_thread_blocked, id=8164, stack(0x0000000017540000,0x0000000017640000)]
  0x00000000031bd000 JavaThread "Reference Handler" daemon [_thread_blocked, id=7984, stack(0x0000000017440000,0x0000000017540000)]
  0x00000000031de000 JavaThread "main" [_thread_blocked, id=1252, stack(0x0000000002fc0000,0x00000000030c0000)]

Other Threads:
  0x00000000168d4800 VMThread [stack: 0x0000000017340000,0x0000000017440000] [id=6228]
  0x00000000169a7000 WatcherThread [stack: 0x0000000017c40000,0x0000000017d40000] [id=4132]

VM state:not at safepoint (normal execution)

VM Mutex/Monitor currently owned by a thread: None

heap address: 0x00000000a0000000, size: 1536 MB, Compressed Oops mode: 32-bit
Narrow klass base: 0x0000000000000000, Narrow klass shift: 3
Compressed class space size: 1073741824 Address: 0x0000000100000000

Heap:
 PSYoungGen      total 309248K, used 263900K [0x00000000e0000000, 0x00000000fbf00000, 0x0000000100000000)
  eden space 261632K, 82% used [0x00000000e0000000,0x00000000ed3392f8,0x00000000eff80000)
  from space 47616K, 99% used [0x00000000eff80000,0x00000000f2dfde00,0x00000000f2e00000)
  to   space 72192K, 0% used [0x00000000f7880000,0x00000000f7880000,0x00000000fbf00000)
 ParOldGen       total 165888K, used 122345K [0x00000000a0000000, 0x00000000aa200000, 0x00000000e0000000)
  object space 165888K, 73% used [0x00000000a0000000,0x00000000a777a4a0,0x00000000aa200000)
 Metaspace       used 83072K, capacity 86308K, committed 86400K, reserved 1124352K
  class space    used 11126K, capacity 11841K, committed 11904K, reserved 1048576K

Card table byte_map: [0x00000000125a0000,0x00000000128b0000] byte_map_base: 0x00000000120a0000

Marking Bits: (ParMarkBitMap*) 0x0000000052489f30
 Begin Bits: [0x0000000012cb0000, 0x00000000144b0000)
 End Bits:   [0x00000000144b0000, 0x0000000015cb0000)

Polling page: 0x0000000001490000

CodeCache: size=245760Kb used=37349Kb max_used=37349Kb free=208410Kb
 bounds [0x00000000031e0000, 0x0000000005690000, 0x00000000121e0000]
 total_blobs=12843 nmethods=11954 adapters=801
 compilation: enabled

Compilation events (10 events):
Event: 62.399 Thread 0x000000001690c000 nmethod 14063 0x0000000005137550 code [0x00000000051376a0, 0x0000000005137790]
Event: 62.399 Thread 0x000000001690c000 14064       1       com.android.build.gradle.internal.core.VariantConfiguration::getBuildType (5 bytes)
Event: 62.399 Thread 0x000000001690c000 nmethod 14064 0x0000000005137290 code [0x00000000051373e0, 0x00000000051374f0]
Event: 62.400 Thread 0x000000001690c000 14065       3       com.google.common.base.Strings::isNullOrEmpty (5 bytes)
Event: 62.401 Thread 0x000000001690c000 nmethod 14065 0x0000000005136c50 code [0x0000000005136dc0, 0x0000000005137130]
Event: 62.401 Thread 0x000000001690c000 14066       3       org.gradle.api.internal.tasks.TaskPropertyUtils::visitProperties (168 bytes)
Event: 62.402 Thread 0x000000001690c000 nmethod 14066 0x0000000005134e50 code [0x0000000005135140, 0x0000000005136478]
Event: 62.403 Thread 0x000000001690c000 14067       3       org.gradle.api.internal.tasks.TaskStateInternal::isConfigurable (20 bytes)
Event: 62.404 Thread 0x000000001690c000 nmethod 14067 0x0000000005134990 code [0x0000000005134b00, 0x0000000005134db0]
Event: 62.410 Thread 0x000000001690c000 14068       3       org.gradle.util.NameValidator::validate (172 bytes)

GC Heap History (10 events):
Event: 41.513 GC heap before
{Heap before GC invocations=17 (full 3):
 PSYoungGen      total 217600K, used 211711K [0x00000000e0000000, 0x00000000f0900000, 0x0000000100000000)
  eden space 198656K, 100% used [0x00000000e0000000,0x00000000ec200000,0x00000000ec200000)
  from space 18944K, 68% used [0x00000000ec200000,0x00000000ecebffd8,0x00000000ed480000)
  to   space 19456K, 0% used [0x00000000ef600000,0x00000000ef600000,0x00000000f0900000)
 ParOldGen       total 94208K, used 36991K [0x00000000a0000000, 0x00000000a5c00000, 0x00000000e0000000)
  object space 94208K, 39% used [0x00000000a0000000,0x00000000a241ffb8,0x00000000a5c00000)
 Metaspace       used 69698K, capacity 71868K, committed 72192K, reserved 1112064K
  class space    used 9337K, capacity 9869K, committed 9984K, reserved 1048576K
Event: 41.604 GC heap after
Heap after GC invocations=17 (full 3):
 PSYoungGen      total 241664K, used 19433K [0x00000000e0000000, 0x00000000f1a80000, 0x0000000100000000)
  eden space 222208K, 0% used [0x00000000e0000000,0x00000000e0000000,0x00000000ed900000)
  from space 19456K, 99% used [0x00000000ef600000,0x00000000f08fa518,0x00000000f0900000)
  to   space 29696K, 0% used [0x00000000ed900000,0x00000000ed900000,0x00000000ef600000)
 ParOldGen       total 94208K, used 56528K [0x00000000a0000000, 0x00000000a5c00000, 0x00000000e0000000)
  object space 94208K, 60% used [0x00000000a0000000,0x00000000a37340f0,0x00000000a5c00000)
 Metaspace       used 69698K, capacity 71868K, committed 72192K, reserved 1112064K
  class space    used 9337K, capacity 9869K, committed 9984K, reserved 1048576K
}
Event: 48.030 GC heap before
{Heap before GC invocations=18 (full 3):
 PSYoungGen      total 241664K, used 241641K [0x00000000e0000000, 0x00000000f1a80000, 0x0000000100000000)
  eden space 222208K, 100% used [0x00000000e0000000,0x00000000ed900000,0x00000000ed900000)
  from space 19456K, 99% used [0x00000000ef600000,0x00000000f08fa518,0x00000000f0900000)
  to   space 29696K, 0% used [0x00000000ed900000,0x00000000ed900000,0x00000000ef600000)
 ParOldGen       total 94208K, used 56528K [0x00000000a0000000, 0x00000000a5c00000, 0x00000000e0000000)
  object space 94208K, 60% used [0x00000000a0000000,0x00000000a37340f0,0x00000000a5c00000)
 Metaspace       used 73003K, capacity 75372K, committed 75520K, reserved 1114112K
  class space    used 9618K, capacity 10209K, committed 10240K, reserved 1048576K
Event: 48.295 GC heap after
Heap after GC invocations=18 (full 3):
 PSYoungGen      total 251904K, used 29682K [0x00000000e0000000, 0x00000000f5900000, 0x0000000100000000)
  eden space 222208K, 0% used [0x00000000e0000000,0x00000000e0000000,0x00000000ed900000)
  from space 29696K, 99% used [0x00000000ed900000,0x00000000ef5fcbe0,0x00000000ef600000)
  to   space 44032K, 0% used [0x00000000f2e00000,0x00000000f2e00000,0x00000000f5900000)
 ParOldGen       total 94208K, used 81350K [0x00000000a0000000, 0x00000000a5c00000, 0x00000000e0000000)
  object space 94208K, 86% used [0x00000000a0000000,0x00000000a4f71b68,0x00000000a5c00000)
 Metaspace       used 73003K, capacity 75372K, committed 75520K, reserved 1114112K
  class space    used 9618K, capacity 10209K, committed 10240K, reserved 1048576K
}
Event: 48.295 GC heap before
{Heap before GC invocations=19 (full 4):
 PSYoungGen      total 251904K, used 29682K [0x00000000e0000000, 0x00000000f5900000, 0x0000000100000000)
  eden space 222208K, 0% used [0x00000000e0000000,0x00000000e0000000,0x00000000ed900000)
  from space 29696K, 99% used [0x00000000ed900000,0x00000000ef5fcbe0,0x00000000ef600000)
  to   space 44032K, 0% used [0x00000000f2e00000,0x00000000f2e00000,0x00000000f5900000)
 ParOldGen       total 94208K, used 81350K [0x00000000a0000000, 0x00000000a5c00000, 0x00000000e0000000)
  object space 94208K, 86% used [0x00000000a0000000,0x00000000a4f71b68,0x00000000a5c00000)
 Metaspace       used 73003K, capacity 75372K, committed 75520K, reserved 1114112K
  class space    used 9618K, capacity 10209K, committed 10240K, reserved 1048576K
Event: 48.777 GC heap after
Heap after GC invocations=19 (full 4):
 PSYoungGen      total 251904K, used 0K [0x00000000e0000000, 0x00000000f5900000, 0x0000000100000000)
  eden space 222208K, 0% used [0x00000000e0000000,0x00000000e0000000,0x00000000ed900000)
  from space 29696K, 0% used [0x00000000ed900000,0x00000000ed900000,0x00000000ef600000)
  to   space 44032K, 0% used [0x00000000f2e00000,0x00000000f2e00000,0x00000000f5900000)
 ParOldGen       total 165888K, used 77780K [0x00000000a0000000, 0x00000000aa200000, 0x00000000e0000000)
  object space 165888K, 46% used [0x00000000a0000000,0x00000000a4bf5308,0x00000000aa200000)
 Metaspace       used 72385K, capacity 74720K, committed 75520K, reserved 1114112K
  class space    used 9554K, capacity 10137K, committed 10240K, reserved 1048576K
}
Event: 51.554 GC heap before
{Heap before GC invocations=20 (full 4):
 PSYoungGen      total 251904K, used 222208K [0x00000000e0000000, 0x00000000f5900000, 0x0000000100000000)
  eden space 222208K, 100% used [0x00000000e0000000,0x00000000ed900000,0x00000000ed900000)
  from space 29696K, 0% used [0x00000000ed900000,0x00000000ed900000,0x00000000ef600000)
  to   space 44032K, 0% used [0x00000000f2e00000,0x00000000f2e00000,0x00000000f5900000)
 ParOldGen       total 165888K, used 77780K [0x00000000a0000000, 0x00000000aa200000, 0x00000000e0000000)
  object space 165888K, 46% used [0x00000000a0000000,0x00000000a4bf5308,0x00000000aa200000)
 Metaspace       used 78123K, capacity 80762K, committed 81024K, reserved 1120256K
  class space    used 10426K, capacity 11106K, committed 11136K, reserved 1048576K
Event: 51.622 GC heap after
Heap after GC invocations=20 (full 4):
 PSYoungGen      total 305664K, used 33604K [0x00000000e0000000, 0x00000000f6380000, 0x0000000100000000)
  eden space 261632K, 0% used [0x00000000e0000000,0x00000000e0000000,0x00000000eff80000)
  from space 44032K, 76% used [0x00000000f2e00000,0x00000000f4ed1258,0x00000000f5900000)
  to   space 47616K, 0% used [0x00000000eff80000,0x00000000eff80000,0x00000000f2e00000)
 ParOldGen       total 165888K, used 77788K [0x00000000a0000000, 0x00000000aa200000, 0x00000000e0000000)
  object space 165888K, 46% used [0x00000000a0000000,0x00000000a4bf7308,0x00000000aa200000)
 Metaspace       used 78123K, capacity 80762K, committed 81024K, reserved 1120256K
  class space    used 10426K, capacity 11106K, committed 11136K, reserved 1048576K
}
Event: 56.940 GC heap before
{Heap before GC invocations=21 (full 4):
 PSYoungGen      total 305664K, used 294989K [0x00000000e0000000, 0x00000000f6380000, 0x0000000100000000)
  eden space 261632K, 99% used [0x00000000e0000000,0x00000000eff424e8,0x00000000eff80000)
  from space 44032K, 76% used [0x00000000f2e00000,0x00000000f4ed1258,0x00000000f5900000)
  to   space 47616K, 0% used [0x00000000eff80000,0x00000000eff80000,0x00000000f2e00000)
 ParOldGen       total 165888K, used 77788K [0x00000000a0000000, 0x00000000aa200000, 0x00000000e0000000)
  object space 165888K, 46% used [0x00000000a0000000,0x00000000a4bf7308,0x00000000aa200000)
 Metaspace       used 80845K, capacity 83866K, committed 84096K, reserved 1122304K
  class space    used 10809K, capacity 11514K, committed 11648K, reserved 1048576K
Event: 57.487 GC heap after
Heap after GC invocations=21 (full 4):
 PSYoungGen      total 309248K, used 47607K [0x00000000e0000000, 0x00000000fbf00000, 0x0000000100000000)
  eden space 261632K, 0% used [0x00000000e0000000,0x00000000e0000000,0x00000000eff80000)
  from space 47616K, 99% used [0x00000000eff80000,0x00000000f2dfde00,0x00000000f2e00000)
  to   space 72192K, 0% used [0x00000000f7880000,0x00000000f7880000,0x00000000fbf00000)
 ParOldGen       total 165888K, used 122345K [0x00000000a0000000, 0x00000000aa200000, 0x00000000e0000000)
  object space 165888K, 73% used [0x00000000a0000000,0x00000000a777a4a0,0x00000000aa200000)
 Metaspace       used 80845K, capacity 83866K, committed 84096K, reserved 1122304K
  class space    used 10809K, capacity 11514K, committed 11648K, reserved 1048576K
}

Deoptimization events (10 events):
Event: 61.032 Thread 0x000000001c3aa000 Uncommon trap: reason=class_check action=maybe_recompile pc=0x000000000463ccd4 method=java.lang.StringCoding.encode(Ljava/nio/charset/Charset;[CII)[B @ 1
Event: 61.033 Thread 0x000000001c3aa000 Uncommon trap: reason=class_check action=maybe_recompile pc=0x000000000463ccd4 method=java.lang.StringCoding.encode(Ljava/nio/charset/Charset;[CII)[B @ 1
Event: 61.033 Thread 0x000000001c3aa000 Uncommon trap: reason=class_check action=maybe_recompile pc=0x000000000463ccd4 method=java.lang.StringCoding.encode(Ljava/nio/charset/Charset;[CII)[B @ 1
Event: 61.689 Thread 0x000000001c3aa000 Uncommon trap: reason=unstable_if action=reinterpret pc=0x00000000052030fc method=java.nio.Bits.getInt(Ljava/nio/ByteBuffer;IZ)I @ 1
Event: 61.964 Thread 0x000000001c3a6000 Uncommon trap: reason=bimorphic action=maybe_recompile pc=0x00000000056314d4 method=java.util.stream.MatchOps$1MatchSink.accept(Ljava/lang/Object;)V @ 12
Event: 62.130 Thread 0x0000000019123000 Uncommon trap: reason=bimorphic action=maybe_recompile pc=0x00000000056314d4 method=java.util.stream.MatchOps$1MatchSink.accept(Ljava/lang/Object;)V @ 12
Event: 62.240 Thread 0x0000000019123000 Uncommon trap: reason=array_check action=maybe_recompile pc=0x000000000554f79c method=java.util.TimSort.mergeHi(IIII)V @ 101
Event: 62.326 Thread 0x0000000019123000 Uncommon trap: reason=array_check action=maybe_recompile pc=0x0000000004b3c8c4 method=java.util.TimSort.binarySort([Ljava/lang/Object;IIILjava/util/Comparator;)V @ 215
Event: 62.326 Thread 0x0000000019123000 Uncommon trap: reason=array_check action=maybe_recompile pc=0x0000000005514d44 method=java.util.TimSort.mergeLo(IIII)V @ 81
Event: 62.326 Thread 0x0000000019123000 Uncommon trap: reason=array_check action=maybe_recompile pc=0x0000000004840ef8 method=java.util.TimSort.mergeLo(IIII)V @ 212

Classes redefined (0 events):
No events

Internal exceptions (10 events):
Event: 53.738 Thread 0x000000001c3a9000 Exception <a 'sun/nio/fs/WindowsException'> (0x00000000e3382358) thrown at [D:\src\AOSP-openjdk-cygwin\jdk8u\hotspot\src\share\vm\prims\jni.cpp, line 710]
Event: 54.464 Thread 0x0000000028d1f000 Implicit null exception at 0x0000000003338f6f to 0x0000000003339061
Event: 60.518 Thread 0x0000000028d23000 Exception <a 'sun/nio/fs/WindowsException'> (0x00000000e96bb908) thrown at [D:\src\AOSP-openjdk-cygwin\jdk8u\hotspot\src\share\vm\prims\jni.cpp, line 710]
Event: 60.691 Thread 0x000000001c3a6000 Exception <a 'java/lang/NoSuchMethodError': <clinit>> (0x00000000e97f5a90) thrown at [D:\src\AOSP-openjdk-cygwin\jdk8u\hotspot\src\share\vm\prims\jni.cpp, line 1614]
Event: 60.692 Thread 0x000000001c3a6000 Exception <a 'java/lang/NoSuchMethodError': <clinit>> (0x00000000e97fa2f0) thrown at [D:\src\AOSP-openjdk-cygwin\jdk8u\hotspot\src\share\vm\prims\jni.cpp, line 1614]
Event: 60.695 Thread 0x000000001c3a6000 Exception <a 'java/lang/NoSuchMethodError': <clinit>> (0x00000000e9808eb0) thrown at [D:\src\AOSP-openjdk-cygwin\jdk8u\hotspot\src\share\vm\prims\jni.cpp, line 1614]
Event: 60.699 Thread 0x000000001c3a6000 Exception <a 'java/lang/NoSuchMethodError': <clinit>> (0x00000000e99a06a8) thrown at [D:\src\AOSP-openjdk-cygwin\jdk8u\hotspot\src\share\vm\prims\jni.cpp, line 1614]
Event: 60.784 Thread 0x000000001c3aa000 Exception <a 'java/lang/NoSuchMethodError': java.lang.Object.lambda$asRunnable$0(Lcom/android/tools/build/apkzlib/utils/IOExceptionRunnable;)V> (0x00000000e9c58da8) thrown at [D:\src\AOSP-openjdk-cygwin\jdk8u\hotspot\src\share\vm\interpreter\linkResolver.
Event: 60.854 Thread 0x000000001c3aa000 Exception <a 'java/lang/NoSuchMethodError': java.lang.Object.newSystemTemporaryDirectory()Lcom/android/tools/build/apkzlib/bytestorage/TemporaryDirectory;> (0x00000000e9d62540) thrown at [D:\src\AOSP-openjdk-cygwin\jdk8u\hotspot\src\share\vm\interpreter\l
Event: 60.993 Thread 0x000000001c3aa000 Exception <a 'java/lang/NoSuchMethodError': java.lang.Object.lambda$static$0(Lcom/android/apksig/util/RunnablesProvider;)V> (0x00000000e9ff9fa0) thrown at [D:\src\AOSP-openjdk-cygwin\jdk8u\hotspot\src\share\vm\interpreter\linkResolver.cpp, line 620]

Events (10 events):
Event: 62.350 loading class org/gradle/api/tasks/diagnostics/DependencyInsightReportTask$AttributeMatchDetails
Event: 62.350 loading class org/gradle/api/tasks/diagnostics/DependencyInsightReportTask$AttributeMatchDetails done
Event: 62.351 loading class org/gradle/api/tasks/diagnostics/ResolutionErrorRenderer
Event: 62.351 loading class org/gradle/api/tasks/diagnostics/ResolutionErrorRenderer done
Event: 62.358 loading class org/gradle/api/plugins/HelpTasksPlugin$DependencyInsightReportTaskAction$1
Event: 62.358 loading class org/gradle/api/plugins/HelpTasksPlugin$DependencyInsightReportTaskAction$1 done
Event: 62.361 Thread 0x0000000019123000 DEOPT PACKING pc=0x0000000003f58646 sp=0x000000001b85a240
Event: 62.361 Thread 0x0000000019123000 DEOPT UNPACKING pc=0x00000000032271d0 sp=0x000000001b85a078 mode 0
Event: 62.391 loading class org/gradle/api/tasks/OutputFiles
Event: 62.391 loading class org/gradle/api/tasks/OutputFiles done


Dynamic libraries:
0x00007ff7100a0000 - 0x00007ff7100d1000 	C:\Program Files\Android\Android Studio1\jre\bin\java.exe
0x00007ffc6e780000 - 0x00007ffc6e96d000 	C:\Windows\SYSTEM32\ntdll.dll
0x00007ffc6cfc0000 - 0x00007ffc6d073000 	C:\Windows\System32\KERNEL32.DLL
0x00007ffc6ae50000 - 0x00007ffc6b0e3000 	C:\Windows\System32\KERNELBASE.dll
0x00007ffc6c470000 - 0x00007ffc6c513000 	C:\Windows\System32\ADVAPI32.dll
0x00007ffc6bf10000 - 0x00007ffc6bfae000 	C:\Windows\System32\msvcrt.dll
0x00007ffc6e6e0000 - 0x00007ffc6e77e000 	C:\Windows\System32\sechost.dll
0x00007ffc6cca0000 - 0x00007ffc6cdc2000 	C:\Windows\System32\RPCRT4.dll
0x00007ffc6c220000 - 0x00007ffc6c3b7000 	C:\Windows\System32\USER32.dll
0x00007ffc6b1c0000 - 0x00007ffc6b1e0000 	C:\Windows\System32\win32u.dll
0x00007ffc6bdb0000 - 0x00007ffc6bdd9000 	C:\Windows\System32\GDI32.dll
0x00007ffc6ab00000 - 0x00007ffc6ac99000 	C:\Windows\System32\gdi32full.dll
0x00007ffc6b930000 - 0x00007ffc6b9d0000 	C:\Windows\System32\msvcp_win.dll
0x00007ffc6ad50000 - 0x00007ffc6ae4a000 	C:\Windows\System32\ucrtbase.dll
0x00007ffc5ea30000 - 0x00007ffc5eca9000 	C:\Windows\WinSxS\amd64_microsoft.windows.common-controls_6595b64144ccf1df_6.0.17763.1098_none_de762ed45346ee8a\COMCTL32.dll
0x00007ffc6ba80000 - 0x00007ffc6bdac000 	C:\Windows\System32\combase.dll
0x00007ffc6a870000 - 0x00007ffc6a8ee000 	C:\Windows\System32\bcryptPrimitives.dll
0x00007ffc6cb90000 - 0x00007ffc6cbbe000 	C:\Windows\System32\IMM32.DLL
0x0000000052910000 - 0x00000000529e2000 	C:\Program Files\Android\Android Studio1\jre\jre\bin\msvcr100.dll
0x0000000051cc0000 - 0x0000000052506000 	C:\Program Files\Android\Android Studio1\jre\jre\bin\server\jvm.dll
0x00007ffc6cb00000 - 0x00007ffc6cb08000 	C:\Windows\System32\PSAPI.DLL
0x00007ffc671b0000 - 0x00007ffc671d4000 	C:\Windows\SYSTEM32\WINMM.dll
0x00007ffc4f310000 - 0x00007ffc4f319000 	C:\Windows\SYSTEM32\WSOCK32.dll
0x00007ffc6cc20000 - 0x00007ffc6cc8d000 	C:\Windows\System32\WS2_32.dll
0x00007ffc69330000 - 0x00007ffc6933a000 	C:\Windows\SYSTEM32\VERSION.dll
0x00007ffc67180000 - 0x00007ffc671ad000 	C:\Windows\SYSTEM32\winmmbase.dll
0x00007ffc6b0f0000 - 0x00007ffc6b13a000 	C:\Windows\System32\cfgmgr32.dll
0x00007ffc63b50000 - 0x00007ffc63b5f000 	C:\Program Files\Android\Android Studio1\jre\jre\bin\verify.dll
0x00007ffc639f0000 - 0x00007ffc63a19000 	C:\Program Files\Android\Android Studio1\jre\jre\bin\java.dll
0x00007ffc639d0000 - 0x00007ffc639e6000 	C:\Program Files\Android\Android Studio1\jre\jre\bin\zip.dll
0x00007ffc6d080000 - 0x00007ffc6e574000 	C:\Windows\System32\SHELL32.dll
0x00007ffc6b9d0000 - 0x00007ffc6ba78000 	C:\Windows\System32\shcore.dll
0x00007ffc6b1e0000 - 0x00007ffc6b92d000 	C:\Windows\System32\windows.storage.dll
0x00007ffc6a7e0000 - 0x00007ffc6a804000 	C:\Windows\System32\profapi.dll
0x00007ffc6a810000 - 0x00007ffc6a86d000 	C:\Windows\System32\powrprof.dll
0x00007ffc6c010000 - 0x00007ffc6c062000 	C:\Windows\System32\shlwapi.dll
0x00007ffc6a7a0000 - 0x00007ffc6a7b1000 	C:\Windows\System32\kernel.appcore.dll
0x00007ffc6b1a0000 - 0x00007ffc6b1b7000 	C:\Windows\System32\cryptsp.dll
0x00007ffc639b0000 - 0x00007ffc639ca000 	C:\Program Files\Android\Android Studio1\jre\jre\bin\net.dll
0x00007ffc60060000 - 0x00007ffc60237000 	C:\Windows\SYSTEM32\urlmon.dll
0x00007ffc603f0000 - 0x00007ffc60698000 	C:\Windows\SYSTEM32\iertutil.dll
0x00007ffc6a180000 - 0x00007ffc6a18c000 	C:\Windows\SYSTEM32\CRYPTBASE.DLL
0x00007ffc69fb0000 - 0x00007ffc6a017000 	C:\Windows\system32\mswsock.dll
0x00007ffc63990000 - 0x00007ffc639a3000 	C:\Program Files\Android\Android Studio1\jre\jre\bin\nio.dll
0x00007ffc634e0000 - 0x00007ffc63506000 	C:\Users\deCrypt3d\.gradle\native\30\windows-amd64\native-platform.dll
0x00007ffc63980000 - 0x00007ffc6398d000 	C:\Program Files\Android\Android Studio1\jre\jre\bin\management.dll
0x00007ffc69b30000 - 0x00007ffc69b63000 	C:\Windows\system32\rsaenh.dll
0x00007ffc6aad0000 - 0x00007ffc6aaf6000 	C:\Windows\System32\bcrypt.dll
0x00007ffc6a6a0000 - 0x00007ffc6a6c8000 	C:\Windows\SYSTEM32\USERENV.dll
0x00007ffc69cd0000 - 0x00007ffc69d0d000 	C:\Windows\SYSTEM32\IPHLPAPI.DLL
0x00007ffc6c520000 - 0x00007ffc6c528000 	C:\Windows\System32\NSI.dll
0x00007ffc62820000 - 0x00007ffc62836000 	C:\Windows\SYSTEM32\dhcpcsvc6.DLL
0x00007ffc62320000 - 0x00007ffc6233c000 	C:\Windows\SYSTEM32\dhcpcsvc.DLL
0x00007ffc69d20000 - 0x00007ffc69de6000 	C:\Windows\SYSTEM32\DNSAPI.dll

VM Arguments:
jvm_args: -Xmx1536m -Dfile.encoding=windows-1252 -Duser.country=ID -Duser.language=en -Duser.variant 
java_command: org.gradle.launcher.daemon.bootstrap.GradleDaemon 5.6.4
java_class_path (initial): C:\Users\deCrypt3d\.gradle\wrapper\dists\gradle-5.6.4-all\ankdp27end7byghfw1q2sw75f\gradle-5.6.4\lib\gradle-launcher-5.6.4.jar
Launcher Type: SUN_STANDARD

Environment Variables:
PATH=C:\ProgramData\Oracle\Java\javapath;C:\Program Files (x86)\Common Files\Intel\Shared Files\cpp\bin\Intel64;C:\Windows\system32;C:\Windows;C:\Windows\System32\Wbem;C:\Windows\System32\WindowsPowerShell\v1.0\;C:\xampp\php;C:\ProgramData\ComposerSetup\bin;C:\Program Files\PuTTY\;C:\Program Files\nodejs\;%JAVA_HOME%\bin;C:\SDK\gradle-6.3\bin;C:\Program Files (x86)\GtkSharp\2.12\bin;C:\Users\deCrypt3d\AppData\Local\Microsoft\WindowsApps;C:\Users\deCrypt3d\AppData\Roaming\Composer\vendor\bin;C:\Users\deCrypt3d\AppData\Roaming\npm;
USERNAME=deCrypt3d
OS=Windows_NT
PROCESSOR_IDENTIFIER=Intel64 Family 6 Model 58 Stepping 9, GenuineIntel



---------------  S Y S T E M  ---------------

OS: Windows 10.0 , 64 bit Build 17763 (10.0.17763.475)

CPU:total 2 (initial active 2) (2 cores per cpu, 1 threads per core) family 6 model 58 stepping 9, cmov, cx8, fxsr, mmx, sse, sse2, sse3, ssse3, sse4.1, sse4.2, popcnt, clmul, erms, tsc, tscinvbit, tscinv

Memory: 4k page, physical 3880804k(550412k free), swap 3880804k(5132k free)

vm_info: OpenJDK 64-Bit Server VM (25.212-b04) for windows-amd64 JRE (1.8.0_212-release-1586-b04), built by "builder" with MS VC++ 10.0 (VS2010)

time: Sat Jul 11 03:42:15 2020
timezone: SE Asia Standard Time
elapsed time: 62 seconds (0d 0h 1m 2s)

