#
# There is insufficient memory for the Java Runtime Environment to continue.
# Native memory allocation (malloc) failed to allocate 262160 bytes for Chunk::new
# Possible reasons:
#   The system is out of physical RAM or swap space
#   The process is running with CompressedOops enabled, and the Java Heap may be blocking the growth of the native heap
# Possible solutions:
#   Reduce memory load on the system
#   Increase physical memory or swap space
#   Check if swap backing store is full
#   Decrease Java heap size (-Xmx/-Xms)
#   Decrease number of Java threads
#   Decrease Java thread stack sizes (-Xss)
#   Set larger code cache with -XX:ReservedCodeCacheSize=
#   JVM is running with Unscaled Compressed Oops mode in which the Java heap is
#     placed in the first 4GB address space. The Java Heap base address is the
#     maximum limit for the native heap growth. Please use -XX:HeapBaseMinAddress
#     to set the Java Heap base and to place the Java Heap above 4GB virtual address.
# This output file may be truncated or incomplete.
#
#  Out of Memory Error (allocation.cpp:389), pid=2188, tid=0x00000000000004e8
#
# JRE version: OpenJDK Runtime Environment (8.0_212-b04) (build 1.8.0_212-release-1586-b04)
# Java VM: OpenJDK 64-Bit Server VM (25.212-b04 mixed mode windows-amd64 compressed oops)
# Failed to write core dump. Minidumps are not enabled by default on client versions of Windows
#

---------------  T H R E A D  ---------------

Current thread (0x0000000016818800):  JavaThread "C2 CompilerThread0" daemon [_thread_in_native, id=1256, stack(0x0000000017870000,0x0000000017970000)]

Stack: [0x0000000017870000,0x0000000017970000]
[error occurred during error reporting (printing stack bounds), id 0xc0000005]

Native frames: (J=compiled Java code, j=interpreted, Vv=VM code, C=native code)


Current CompileTask:
C2:  35422 9069       4       com.android.builder.symbols.BytecodeRClassWriterKt::generateResourceTypeClass (595 bytes)


---------------  P R O C E S S  ---------------

Java Threads: ( => current thread )
  0x000000001ae94800 JavaThread "WorkerExecutor Queue Thread 3" [_thread_blocked, id=920, stack(0x0000000022ff0000,0x00000000230f0000)]
  0x000000001ae99800 JavaThread "stdout" [_thread_in_native, id=4076, stack(0x0000000021b80000,0x0000000021c80000)]
  0x000000001ae9c000 JavaThread "stderr" [_thread_in_native, id=8524, stack(0x0000000021a80000,0x0000000021b80000)]
  0x000000001ae9b000 JavaThread "pool-2-thread-1" [_thread_blocked, id=8360, stack(0x0000000021980000,0x0000000021a80000)]
  0x000000001ae99000 JavaThread "WorkerExecutor Queue" [_thread_in_Java, id=9288, stack(0x0000000021880000,0x0000000021980000)]
  0x000000001ae98000 JavaThread "Cache worker for execution history cache (D:\Semangat Tugas Akhir\Main Project\PajakAir\.gradle\5.6.4\executionHistory)" [_thread_blocked, id=2144, stack(0x0000000021580000,0x0000000021680000)]
  0x000000001ae90000 JavaThread "Execution worker for ':'" [_thread_blocked, id=7276, stack(0x0000000021280000,0x0000000021380000)]
  0x000000001ae96800 JavaThread "Cache worker for file content cache (D:\Semangat Tugas Akhir\Main Project\PajakAir\.gradle\5.6.4\fileContent)" [_thread_blocked, id=7280, stack(0x0000000020f80000,0x0000000021080000)]
  0x000000001ae96000 JavaThread "Cache worker for file content cache (C:\Users\deCrypt3d\.gradle\caches\5.6.4\fileContent)" [_thread_blocked, id=8664, stack(0x0000000020ca0000,0x0000000020da0000)]
  0x000000001ae8e800 JavaThread "Memory manager" [_thread_blocked, id=10232, stack(0x0000000020800000,0x0000000020900000)]
  0x000000001ae8f000 JavaThread "Cache worker for Build Output Cleanup Cache (D:\Semangat Tugas Akhir\Main Project\PajakAir\.gradle\buildOutputCleanup)" [_thread_blocked, id=7424, stack(0x000000001fd00000,0x000000001fe00000)]
  0x000000001ae95000 JavaThread "Build operations Thread 2" [_thread_blocked, id=7860, stack(0x000000001f600000,0x000000001f700000)]
  0x000000001ae93800 JavaThread "Build operations" [_thread_blocked, id=7672, stack(0x000000001f500000,0x000000001f600000)]
  0x000000001ae90800 JavaThread "Cache worker for execution history cache (C:\Users\deCrypt3d\.gradle\caches\5.6.4\executionHistory)" [_thread_blocked, id=5764, stack(0x000000001f200000,0x000000001f300000)]
  0x000000001a840000 JavaThread "Cache worker for cache directory md-rule (C:\Users\deCrypt3d\.gradle\caches\5.6.4\md-rule)" [_thread_blocked, id=4148, stack(0x000000001f100000,0x000000001f200000)]
  0x000000001a83f800 JavaThread "Cache worker for cache directory md-supplier (C:\Users\deCrypt3d\.gradle\caches\5.6.4\md-supplier)" [_thread_blocked, id=7676, stack(0x000000001f000000,0x000000001f100000)]
  0x000000001a83b000 JavaThread "Cache worker for file hash cache (D:\Semangat Tugas Akhir\Main Project\PajakAir\.gradle\5.6.4\fileHashes)" [_thread_blocked, id=4032, stack(0x000000001d530000,0x000000001d630000)]
  0x000000001a841000 JavaThread "Cache worker for journal cache (C:\Users\deCrypt3d\.gradle\caches\journal-1)" [_thread_blocked, id=3928, stack(0x000000001be90000,0x000000001bf90000)]
  0x000000001a83b800 JavaThread "File lock request listener" [_thread_in_native, id=520, stack(0x000000001bd90000,0x000000001be90000)]
  0x000000001a841800 JavaThread "Cache worker for file hash cache (C:\Users\deCrypt3d\.gradle\caches\5.6.4\fileHashes)" [_thread_blocked, id=7220, stack(0x000000001ba90000,0x000000001bb90000)]
  0x00000000197f9800 JavaThread "Thread-9" [_thread_blocked, id=9476, stack(0x000000001b990000,0x000000001ba90000)]
  0x00000000197f4800 JavaThread "Stdin handler" [_thread_blocked, id=7660, stack(0x000000001b890000,0x000000001b990000)]
  0x00000000197f3800 JavaThread "Asynchronous log dispatcher for DefaultDaemonConnection: socket connection from /127.0.0.1:50351 to /127.0.0.1:50352" [_thread_blocked, id=8548, stack(0x000000001b790000,0x000000001b890000)]
  0x00000000197e9000 JavaThread "Daemon worker" [_thread_blocked, id=3620, stack(0x000000001b690000,0x000000001b790000)]
  0x00000000197fb800 JavaThread "Cancel handler" [_thread_blocked, id=4264, stack(0x000000001b590000,0x000000001b690000)]
  0x00000000197bc800 JavaThread "Handler for socket connection from /127.0.0.1:50351 to /127.0.0.1:50352" [_thread_in_native, id=560, stack(0x000000001a2c0000,0x000000001a3c0000)]
  0x00000000197b1000 JavaThread "Daemon periodic checks" [_thread_blocked, id=9740, stack(0x000000001a1c0000,0x000000001a2c0000)]
  0x000000001974d800 JavaThread "Daemon" [_thread_blocked, id=10188, stack(0x000000001a0c0000,0x000000001a1c0000)]
  0x000000001973e800 JavaThread "Incoming local TCP Connector on port 50351" [_thread_in_native, id=8224, stack(0x0000000019e80000,0x0000000019f80000)]
  0x0000000019677800 JavaThread "Daemon health stats" [_thread_blocked, id=8592, stack(0x0000000019840000,0x0000000019940000)]
  0x0000000016883000 JavaThread "Service Thread" daemon [_thread_blocked, id=9172, stack(0x0000000017a70000,0x0000000017b70000)]
  0x000000001681c000 JavaThread "C1 CompilerThread1" daemon [_thread_blocked, id=6968, stack(0x0000000017970000,0x0000000017a70000)]
=>0x0000000016818800 JavaThread "C2 CompilerThread0" daemon [_thread_in_native, id=1256, stack(0x0000000017870000,0x0000000017970000)]
  0x0000000016817000 JavaThread "Attach Listener" daemon [_thread_blocked, id=3624, stack(0x0000000017770000,0x0000000017870000)]
  0x0000000016814000 JavaThread "Signal Dispatcher" daemon [_thread_blocked, id=3640, stack(0x0000000017670000,0x0000000017770000)]
  0x00000000030e7800 JavaThread "Finalizer" daemon [_thread_blocked, id=2484, stack(0x0000000017470000,0x0000000017570000)]
  0x00000000030dd000 JavaThread "Reference Handler" daemon [_thread_blocked, id=3612, stack(0x0000000017370000,0x0000000017470000)]
  0x0000000002fee000 JavaThread "main" [_thread_blocked, id=592, stack(0x0000000002e00000,0x0000000002f00000)]

Other Threads:
  0x00000000167e4800 VMThread [stack: 0x0000000017270000,0x0000000017370000] [id=4280]
  0x00000000168b8000 WatcherThread [stack: 0x0000000017b70000,0x0000000017c70000] [id=6720]

VM state:not at safepoint (normal execution)

VM Mutex/Monitor currently owned by a thread: None

heap address: 0x00000000a0000000, size: 1536 MB, Compressed Oops mode: 32-bit
Narrow klass base: 0x0000000000000000, Narrow klass shift: 3
Compressed class space size: 1073741824 Address: 0x0000000100000000

Heap:
 PSYoungGen      total 245760K, used 128663K [0x00000000e0000000, 0x00000000f3080000, 0x0000000100000000)
  eden space 221696K, 51% used [0x00000000e0000000,0x00000000e6f7aed0,0x00000000ed880000)
  from space 24064K, 60% used [0x00000000ed880000,0x00000000ee6aaeb0,0x00000000ef000000)
  to   space 24064K, 0% used [0x00000000f1900000,0x00000000f1900000,0x00000000f3080000)
 ParOldGen       total 94720K, used 36658K [0x00000000a0000000, 0x00000000a5c80000, 0x00000000e0000000)
  object space 94720K, 38% used [0x00000000a0000000,0x00000000a23cc9d8,0x00000000a5c80000)
 Metaspace       used 64580K, capacity 66712K, committed 66904K, reserved 1107968K
  class space    used 8709K, capacity 9211K, committed 9304K, reserved 1048576K

Card table byte_map: [0x00000000124b0000,0x00000000127c0000] byte_map_base: 0x0000000011fb0000

Marking Bits: (ParMarkBitMap*) 0x0000000070579f30
 Begin Bits: [0x0000000012bc0000, 0x00000000143c0000)
 End Bits:   [0x00000000143c0000, 0x0000000015bc0000)

Polling page: 0x0000000000fe0000

CodeCache: size=245760Kb used=25130Kb max_used=25130Kb free=220629Kb
 bounds [0x00000000030f0000, 0x0000000004990000, 0x00000000120f0000]
 total_blobs=8728 nmethods=7901 adapters=740
 compilation: enabled

Compilation events (10 events):
Event: 35.410 Thread 0x000000001681c000 nmethod 9082 0x0000000004986590 code [0x0000000004986720, 0x0000000004986b48]
Event: 35.410 Thread 0x000000001681c000 9083   !   3       com.sun.org.apache.xerces.internal.utils.SecuritySupport::readJAXPProperty (171 bytes)
Event: 35.413 Thread 0x000000001681c000 nmethod 9083 0x0000000004986cd0 code [0x00000000049870a0, 0x0000000004989248]
Event: 35.413 Thread 0x000000001681c000 9084   !   3       com.sun.org.apache.xerces.internal.utils.XMLSecurityManager::getSystemProperty (126 bytes)
Event: 35.415 Thread 0x000000001681c000 nmethod 9084 0x000000000498a610 code [0x000000000498a8c0, 0x000000000498bdf8]
Event: 35.415 Thread 0x000000001681c000 9085       3       com.sun.org.apache.xerces.internal.util.XMLStringBuffer::<init> (12 bytes)
Event: 35.416 Thread 0x000000001681c000 nmethod 9085 0x000000000498ca50 code [0x000000000498cbc0, 0x000000000498ce70]
Event: 35.416 Thread 0x000000001681c000 9086       3       com.sun.org.apache.xerces.internal.util.XMLStringBuffer::<init> (7 bytes)
Event: 35.417 Thread 0x000000001681c000 nmethod 9086 0x000000000498cf90 code [0x000000000498d100, 0x000000000498d410]
Event: 35.421 Thread 0x000000001681c000 9087       3       com.sun.org.apache.xerces.internal.parsers.XML11Configuration::getPropertyState (23 bytes)

GC Heap History (10 events):
Event: 12.622 GC heap before
{Heap before GC invocations=10 (full 2):
 PSYoungGen      total 197120K, used 11256K [0x00000000e0000000, 0x00000000ed300000, 0x0000000100000000)
  eden space 184320K, 0% used [0x00000000e0000000,0x00000000e0000000,0x00000000eb400000)
  from space 12800K, 87% used [0x00000000ec200000,0x00000000eccfe228,0x00000000ece80000)
  to   space 14336K, 0% used [0x00000000eb400000,0x00000000eb400000,0x00000000ec200000)
 ParOldGen       total 45568K, used 18445K [0x00000000a0000000, 0x00000000a2c80000, 0x00000000e0000000)
  object space 45568K, 40% used [0x00000000a0000000,0x00000000a12034f0,0x00000000a2c80000)
 Metaspace       used 34562K, capacity 35388K, committed 35456K, reserved 1079296K
  class space    used 4718K, capacity 4953K, committed 4992K, reserved 1048576K
Event: 12.856 GC heap after
Heap after GC invocations=10 (full 2):
 PSYoungGen      total 197120K, used 0K [0x00000000e0000000, 0x00000000ed300000, 0x0000000100000000)
  eden space 184320K, 0% used [0x00000000e0000000,0x00000000e0000000,0x00000000eb400000)
  from space 12800K, 0% used [0x00000000ec200000,0x00000000ec200000,0x00000000ece80000)
  to   space 14336K, 0% used [0x00000000eb400000,0x00000000eb400000,0x00000000ec200000)
 ParOldGen       total 60416K, used 18144K [0x00000000a0000000, 0x00000000a3b00000, 0x00000000e0000000)
  object space 60416K, 30% used [0x00000000a0000000,0x00000000a11b81b0,0x00000000a3b00000)
 Metaspace       used 34562K, capacity 35388K, committed 35456K, reserved 1079296K
  class space    used 4718K, capacity 4953K, committed 4992K, reserved 1048576K
}
Event: 18.969 GC heap before
{Heap before GC invocations=11 (full 2):
 PSYoungGen      total 197120K, used 184320K [0x00000000e0000000, 0x00000000ed300000, 0x0000000100000000)
  eden space 184320K, 100% used [0x00000000e0000000,0x00000000eb400000,0x00000000eb400000)
  from space 12800K, 0% used [0x00000000ec200000,0x00000000ec200000,0x00000000ece80000)
  to   space 14336K, 0% used [0x00000000eb400000,0x00000000eb400000,0x00000000ec200000)
 ParOldGen       total 60416K, used 18144K [0x00000000a0000000, 0x00000000a3b00000, 0x00000000e0000000)
  object space 60416K, 30% used [0x00000000a0000000,0x00000000a11b81b0,0x00000000a3b00000)
 Metaspace       used 51835K, capacity 53404K, committed 53632K, reserved 1095680K
  class space    used 7058K, capacity 7501K, committed 7552K, reserved 1048576K
Event: 19.042 GC heap after
Heap after GC invocations=11 (full 2):
 PSYoungGen      total 198656K, used 14321K [0x00000000e0000000, 0x00000000f0380000, 0x0000000100000000)
  eden space 184320K, 0% used [0x00000000e0000000,0x00000000e0000000,0x00000000eb400000)
  from space 14336K, 99% used [0x00000000eb400000,0x00000000ec1fc5a8,0x00000000ec200000)
  to   space 19968K, 0% used [0x00000000ef000000,0x00000000ef000000,0x00000000f0380000)
 ParOldGen       total 60416K, used 26521K [0x00000000a0000000, 0x00000000a3b00000, 0x00000000e0000000)
  object space 60416K, 43% used [0x00000000a0000000,0x00000000a19e6510,0x00000000a3b00000)
 Metaspace       used 51835K, capacity 53404K, committed 53632K, reserved 1095680K
  class space    used 7058K, capacity 7501K, committed 7552K, reserved 1048576K
}
Event: 22.187 GC heap before
{Heap before GC invocations=12 (full 2):
 PSYoungGen      total 198656K, used 109979K [0x00000000e0000000, 0x00000000f0380000, 0x0000000100000000)
  eden space 184320K, 51% used [0x00000000e0000000,0x00000000e5d6a9d8,0x00000000eb400000)
  from space 14336K, 99% used [0x00000000eb400000,0x00000000ec1fc5a8,0x00000000ec200000)
  to   space 19968K, 0% used [0x00000000ef000000,0x00000000ef000000,0x00000000f0380000)
 ParOldGen       total 60416K, used 26521K [0x00000000a0000000, 0x00000000a3b00000, 0x00000000e0000000)
  object space 60416K, 43% used [0x00000000a0000000,0x00000000a19e6510,0x00000000a3b00000)
 Metaspace       used 57262K, capacity 59022K, committed 59096K, reserved 1099776K
  class space    used 7866K, capacity 8360K, committed 8408K, reserved 1048576K
Event: 22.299 GC heap after
Heap after GC invocations=12 (full 2):
 PSYoungGen      total 241664K, used 19951K [0x00000000e0000000, 0x00000000f1180000, 0x0000000100000000)
  eden space 221696K, 0% used [0x00000000e0000000,0x00000000e0000000,0x00000000ed880000)
  from space 19968K, 99% used [0x00000000ef000000,0x00000000f037bdb0,0x00000000f0380000)
  to   space 24064K, 0% used [0x00000000ed880000,0x00000000ed880000,0x00000000ef000000)
 ParOldGen       total 60416K, used 28444K [0x00000000a0000000, 0x00000000a3b00000, 0x00000000e0000000)
  object space 60416K, 47% used [0x00000000a0000000,0x00000000a1bc72c8,0x00000000a3b00000)
 Metaspace       used 57262K, capacity 59022K, committed 59096K, reserved 1099776K
  class space    used 7866K, capacity 8360K, committed 8408K, reserved 1048576K
}
Event: 22.299 GC heap before
{Heap before GC invocations=13 (full 3):
 PSYoungGen      total 241664K, used 19951K [0x00000000e0000000, 0x00000000f1180000, 0x0000000100000000)
  eden space 221696K, 0% used [0x00000000e0000000,0x00000000e0000000,0x00000000ed880000)
  from space 19968K, 99% used [0x00000000ef000000,0x00000000f037bdb0,0x00000000f0380000)
  to   space 24064K, 0% used [0x00000000ed880000,0x00000000ed880000,0x00000000ef000000)
 ParOldGen       total 60416K, used 28444K [0x00000000a0000000, 0x00000000a3b00000, 0x00000000e0000000)
  object space 60416K, 47% used [0x00000000a0000000,0x00000000a1bc72c8,0x00000000a3b00000)
 Metaspace       used 57262K, capacity 59022K, committed 59096K, reserved 1099776K
  class space    used 7866K, capacity 8360K, committed 8408K, reserved 1048576K
Event: 22.875 GC heap after
Heap after GC invocations=13 (full 3):
 PSYoungGen      total 241664K, used 0K [0x00000000e0000000, 0x00000000f1180000, 0x0000000100000000)
  eden space 221696K, 0% used [0x00000000e0000000,0x00000000e0000000,0x00000000ed880000)
  from space 19968K, 0% used [0x00000000ef000000,0x00000000ef000000,0x00000000f0380000)
  to   space 24064K, 0% used [0x00000000ed880000,0x00000000ed880000,0x00000000ef000000)
 ParOldGen       total 94720K, used 36650K [0x00000000a0000000, 0x00000000a5c80000, 0x00000000e0000000)
  object space 94720K, 38% used [0x00000000a0000000,0x00000000a23ca9d8,0x00000000a5c80000)
 Metaspace       used 57262K, capacity 59022K, committed 59096K, reserved 1099776K
  class space    used 7866K, capacity 8360K, committed 8408K, reserved 1048576K
}
Event: 31.018 GC heap before
{Heap before GC invocations=14 (full 3):
 PSYoungGen      total 241664K, used 221696K [0x00000000e0000000, 0x00000000f1180000, 0x0000000100000000)
  eden space 221696K, 100% used [0x00000000e0000000,0x00000000ed880000,0x00000000ed880000)
  from space 19968K, 0% used [0x00000000ef000000,0x00000000ef000000,0x00000000f0380000)
  to   space 24064K, 0% used [0x00000000ed880000,0x00000000ed880000,0x00000000ef000000)
 ParOldGen       total 94720K, used 36650K [0x00000000a0000000, 0x00000000a5c80000, 0x00000000e0000000)
  object space 94720K, 38% used [0x00000000a0000000,0x00000000a23ca9d8,0x00000000a5c80000)
 Metaspace       used 61316K, capacity 63358K, committed 63448K, reserved 1103872K
  class space    used 8364K, capacity 8864K, committed 8920K, reserved 1048576K
Event: 31.063 GC heap after
Heap after GC invocations=14 (full 3):
 PSYoungGen      total 245760K, used 14507K [0x00000000e0000000, 0x00000000f3080000, 0x0000000100000000)
  eden space 221696K, 0% used [0x00000000e0000000,0x00000000e0000000,0x00000000ed880000)
  from space 24064K, 60% used [0x00000000ed880000,0x00000000ee6aaeb0,0x00000000ef000000)
  to   space 24064K, 0% used [0x00000000f1900000,0x00000000f1900000,0x00000000f3080000)
 ParOldGen       total 94720K, used 36658K [0x00000000a0000000, 0x00000000a5c80000, 0x00000000e0000000)
  object space 94720K, 38% used [0x00000000a0000000,0x00000000a23cc9d8,0x00000000a5c80000)
 Metaspace       used 61316K, capacity 63358K, committed 63448K, reserved 1103872K
  class space    used 8364K, capacity 8864K, committed 8920K, reserved 1048576K
}

Deoptimization events (10 events):
Event: 34.673 Thread 0x000000001ae99000 Uncommon trap: reason=class_check action=maybe_recompile pc=0x00000000048bbf6c method=com.google.common.collect.ImmutableList$1.get(I)Ljava/lang/Object; @ 5
Event: 34.673 Thread 0x000000001ae99000 Uncommon trap: reason=class_check action=maybe_recompile pc=0x00000000048bbf6c method=com.google.common.collect.ImmutableList$1.get(I)Ljava/lang/Object; @ 5
Event: 34.673 Thread 0x000000001ae99000 Uncommon trap: reason=class_check action=maybe_recompile pc=0x00000000048bbf6c method=com.google.common.collect.ImmutableList$1.get(I)Ljava/lang/Object; @ 5
Event: 34.922 Thread 0x000000001ae99000 Uncommon trap: reason=bimorphic action=maybe_recompile pc=0x00000000048fdac4 method=com.android.ide.common.symbols.SymbolTable$getSymbolByResourceType$$inlined$compareBy$1.compare(Ljava/lang/Object;Ljava/lang/Object;)I @ 13
Event: 34.922 Thread 0x000000001ae99000 Uncommon trap: reason=bimorphic action=maybe_recompile pc=0x00000000048fdac4 method=com.android.ide.common.symbols.SymbolTable$getSymbolByResourceType$$inlined$compareBy$1.compare(Ljava/lang/Object;Ljava/lang/Object;)I @ 13
Event: 34.922 Thread 0x000000001ae99000 Uncommon trap: reason=bimorphic action=maybe_recompile pc=0x00000000048fdac4 method=com.android.ide.common.symbols.SymbolTable$getSymbolByResourceType$$inlined$compareBy$1.compare(Ljava/lang/Object;Ljava/lang/Object;)I @ 13
Event: 34.922 Thread 0x000000001ae99000 Uncommon trap: reason=bimorphic action=maybe_recompile pc=0x00000000048fdac4 method=com.android.ide.common.symbols.SymbolTable$getSymbolByResourceType$$inlined$compareBy$1.compare(Ljava/lang/Object;Ljava/lang/Object;)I @ 13
Event: 34.959 Thread 0x000000001ae99000 Uncommon trap: reason=unstable_if action=reinterpret pc=0x000000000490f0d0 method=org.objectweb.asm.ByteVector.putByte(I)Lorg/objectweb/asm/ByteVector; @ 13
Event: 34.960 Thread 0x000000001ae99000 Uncommon trap: reason=unstable_if action=reinterpret pc=0x00000000048fac88 method=org.objectweb.asm.ByteVector.putShort(I)Lorg/objectweb/asm/ByteVector; @ 13
Event: 35.207 Thread 0x000000001ae99000 Uncommon trap: reason=unstable_if action=reinterpret pc=0x000000000494ce00 method=org.objectweb.asm.MethodWriter.visitLdcInsn(Ljava/lang/Object;)V @ 104

Classes redefined (0 events):
No events

Internal exceptions (10 events):
Event: 30.761 Thread 0x000000001ae90000 Exception <a 'java/lang/NoSuchMethodError': <clinit>> (0x00000000ed012f78) thrown at [D:\src\AOSP-openjdk-cygwin\jdk8u\hotspot\src\share\vm\prims\jni.cpp, line 1614]
Event: 30.761 Thread 0x000000001ae90000 Exception <a 'java/lang/NoSuchMethodError': <clinit>> (0x00000000ed014298) thrown at [D:\src\AOSP-openjdk-cygwin\jdk8u\hotspot\src\share\vm\prims\jni.cpp, line 1614]
Event: 31.885 Thread 0x000000001ae90000 Exception <a 'java/lang/NoSuchMethodError': <clinit>> (0x00000000e218b4e0) thrown at [D:\src\AOSP-openjdk-cygwin\jdk8u\hotspot\src\share\vm\prims\jni.cpp, line 1614]
Event: 31.890 Thread 0x000000001ae90000 Exception <a 'java/lang/NoSuchMethodError': <clinit>> (0x00000000e21a8f68) thrown at [D:\src\AOSP-openjdk-cygwin\jdk8u\hotspot\src\share\vm\prims\jni.cpp, line 1614]
Event: 31.896 Thread 0x000000001ae90000 Exception <a 'java/lang/NoSuchMethodError': <clinit>> (0x00000000e21cc3c8) thrown at [D:\src\AOSP-openjdk-cygwin\jdk8u\hotspot\src\share\vm\prims\jni.cpp, line 1614]
Event: 31.934 Thread 0x000000001ae90000 Exception <a 'java/lang/NoSuchMethodError': <clinit>> (0x00000000e22a87d8) thrown at [D:\src\AOSP-openjdk-cygwin\jdk8u\hotspot\src\share\vm\prims\jni.cpp, line 1614]
Event: 31.943 Thread 0x000000001ae90000 Exception <a 'java/lang/NoSuchMethodError': <clinit>> (0x00000000e230a5e8) thrown at [D:\src\AOSP-openjdk-cygwin\jdk8u\hotspot\src\share\vm\prims\jni.cpp, line 1614]
Event: 32.222 Thread 0x000000001ae99000 Exception <a 'java/lang/NoSuchMethodError': java.lang.Object.lambda$negate$1(Ljava/lang/Object;)Z> (0x00000000e2639cf0) thrown at [D:\src\AOSP-openjdk-cygwin\jdk8u\hotspot\src\share\vm\interpreter\linkResolver.cpp, line 620]
Event: 34.799 Thread 0x000000001ae99000 Exception <a 'sun/nio/fs/WindowsException'> (0x00000000e4e23100) thrown at [D:\src\AOSP-openjdk-cygwin\jdk8u\hotspot\src\share\vm\prims\jni.cpp, line 710]
Event: 34.799 Thread 0x000000001ae99000 Exception <a 'sun/nio/fs/WindowsException'> (0x00000000e4e235a8) thrown at [D:\src\AOSP-openjdk-cygwin\jdk8u\hotspot\src\share\vm\prims\jni.cpp, line 710]

Events (10 events):
Event: 35.404 loading class com/android/zipflinger/ZipInfo
Event: 35.404 loading class com/android/zipflinger/ZipInfo done
Event: 35.406 loading class com/android/ide/common/xml/AndroidManifestParser
Event: 35.406 loading class com/android/ide/common/xml/AndroidManifestParser done
Event: 35.407 loading class com/android/ide/common/xml/AndroidManifestParser$ManifestHandler
Event: 35.407 loading class com/android/ide/common/xml/AndroidManifestParser$ManifestHandler done
Event: 35.408 loading class com/android/io/StreamException
Event: 35.408 loading class com/android/io/StreamException done
Event: 35.417 loading class com/android/ide/common/xml/ManifestData
Event: 35.417 loading class com/android/ide/common/xml/ManifestData done


Dynamic libraries:
0x00007ff7f07f0000 - 0x00007ff7f0821000 	C:\Program Files\Android\Android Studio1\jre\bin\java.exe
0x00007ff929b10000 - 0x00007ff929cfd000 	C:\Windows\SYSTEM32\ntdll.dll
0x00007ff929230000 - 0x00007ff9292e3000 	C:\Windows\System32\KERNEL32.DLL
0x00007ff926a90000 - 0x00007ff926d23000 	C:\Windows\System32\KERNELBASE.dll
0x00007ff929810000 - 0x00007ff9298b3000 	C:\Windows\System32\ADVAPI32.dll
0x00007ff9292f0000 - 0x00007ff92938e000 	C:\Windows\System32\msvcrt.dll
0x00007ff9298c0000 - 0x00007ff92995e000 	C:\Windows\System32\sechost.dll
0x00007ff928a30000 - 0x00007ff928b52000 	C:\Windows\System32\RPCRT4.dll
0x00007ff926d60000 - 0x00007ff926ef7000 	C:\Windows\System32\USER32.dll
0x00007ff926600000 - 0x00007ff926620000 	C:\Windows\System32\win32u.dll
0x00007ff9288a0000 - 0x00007ff9288c9000 	C:\Windows\System32\GDI32.dll
0x00007ff926850000 - 0x00007ff9269e9000 	C:\Windows\System32\gdi32full.dll
0x00007ff9269f0000 - 0x00007ff926a90000 	C:\Windows\System32\msvcp_win.dll
0x00007ff9266d0000 - 0x00007ff9267ca000 	C:\Windows\System32\ucrtbase.dll
0x00007ff919e10000 - 0x00007ff91a089000 	C:\Windows\WinSxS\amd64_microsoft.windows.common-controls_6595b64144ccf1df_6.0.17763.1098_none_de762ed45346ee8a\COMCTL32.dll
0x00007ff928bf0000 - 0x00007ff928f1c000 	C:\Windows\System32\combase.dll
0x00007ff9267d0000 - 0x00007ff92684e000 	C:\Windows\System32\bcryptPrimitives.dll
0x00007ff929200000 - 0x00007ff92922e000 	C:\Windows\System32\IMM32.DLL
0x0000000070b10000 - 0x0000000070be2000 	C:\Program Files\Android\Android Studio1\jre\jre\bin\msvcr100.dll
0x000000006fdb0000 - 0x00000000705f6000 	C:\Program Files\Android\Android Studio1\jre\jre\bin\server\jvm.dll
0x00007ff928f20000 - 0x00007ff928f28000 	C:\Windows\System32\PSAPI.DLL
0x00007ff90d070000 - 0x00007ff90d079000 	C:\Windows\SYSTEM32\WSOCK32.dll
0x00007ff928630000 - 0x00007ff92869d000 	C:\Windows\System32\WS2_32.dll
0x00007ff923d70000 - 0x00007ff923d94000 	C:\Windows\SYSTEM32\WINMM.dll
0x00007ff9188b0000 - 0x00007ff9188ba000 	C:\Windows\SYSTEM32\VERSION.dll
0x00007ff923d10000 - 0x00007ff923d3d000 	C:\Windows\SYSTEM32\winmmbase.dll
0x00007ff926590000 - 0x00007ff9265da000 	C:\Windows\System32\cfgmgr32.dll
0x00007ff923e60000 - 0x00007ff923e6f000 	C:\Program Files\Android\Android Studio1\jre\jre\bin\verify.dll
0x00007ff923e30000 - 0x00007ff923e59000 	C:\Program Files\Android\Android Studio1\jre\jre\bin\java.dll
0x00007ff923e10000 - 0x00007ff923e26000 	C:\Program Files\Android\Android Studio1\jre\jre\bin\zip.dll
0x00007ff926f00000 - 0x00007ff9283f4000 	C:\Windows\System32\SHELL32.dll
0x00007ff929150000 - 0x00007ff9291f8000 	C:\Windows\System32\shcore.dll
0x00007ff925c60000 - 0x00007ff9263ad000 	C:\Windows\System32\windows.storage.dll
0x00007ff925b30000 - 0x00007ff925b54000 	C:\Windows\System32\profapi.dll
0x00007ff925b60000 - 0x00007ff925bbd000 	C:\Windows\System32\powrprof.dll
0x00007ff928400000 - 0x00007ff928452000 	C:\Windows\System32\shlwapi.dll
0x00007ff925be0000 - 0x00007ff925bf1000 	C:\Windows\System32\kernel.appcore.dll
0x00007ff9265e0000 - 0x00007ff9265f7000 	C:\Windows\System32\cryptsp.dll
0x00007ff91fc40000 - 0x00007ff91fc5a000 	C:\Program Files\Android\Android Studio1\jre\jre\bin\net.dll
0x00007ff91b7f0000 - 0x00007ff91b9c7000 	C:\Windows\SYSTEM32\urlmon.dll
0x00007ff91bbc0000 - 0x00007ff91be68000 	C:\Windows\SYSTEM32\iertutil.dll
0x00007ff925510000 - 0x00007ff92551c000 	C:\Windows\SYSTEM32\CRYPTBASE.DLL
0x00007ff925340000 - 0x00007ff9253a7000 	C:\Windows\system32\mswsock.dll
0x00007ff91f510000 - 0x00007ff91f523000 	C:\Program Files\Android\Android Studio1\jre\jre\bin\nio.dll
0x00007ff91d410000 - 0x00007ff91d436000 	C:\Users\deCrypt3d\.gradle\native\30\windows-amd64\native-platform.dll
0x00007ff923e00000 - 0x00007ff923e0d000 	C:\Program Files\Android\Android Studio1\jre\jre\bin\management.dll
0x00007ff924ec0000 - 0x00007ff924ef3000 	C:\Windows\system32\rsaenh.dll
0x00007ff926d30000 - 0x00007ff926d56000 	C:\Windows\System32\bcrypt.dll
0x00007ff925a60000 - 0x00007ff925a88000 	C:\Windows\SYSTEM32\USERENV.dll
0x00007ff925060000 - 0x00007ff92509d000 	C:\Windows\SYSTEM32\IPHLPAPI.DLL
0x00007ff928f30000 - 0x00007ff928f38000 	C:\Windows\System32\NSI.dll
0x00007ff91b7c0000 - 0x00007ff91b7d6000 	C:\Windows\SYSTEM32\dhcpcsvc6.DLL
0x00007ff91b7a0000 - 0x00007ff91b7bc000 	C:\Windows\SYSTEM32\dhcpcsvc.DLL
0x00007ff9250b0000 - 0x00007ff925176000 	C:\Windows\SYSTEM32\DNSAPI.dll

VM Arguments:
jvm_args: -Xmx1536m -Dfile.encoding=windows-1252 -Duser.country=ID -Duser.language=en -Duser.variant 
java_command: org.gradle.launcher.daemon.bootstrap.GradleDaemon 5.6.4
java_class_path (initial): C:\Users\deCrypt3d\.gradle\wrapper\dists\gradle-5.6.4-all\ankdp27end7byghfw1q2sw75f\gradle-5.6.4\lib\gradle-launcher-5.6.4.jar
Launcher Type: SUN_STANDARD

Environment Variables:
PATH=C:\ProgramData\Oracle\Java\javapath;C:\Program Files (x86)\Common Files\Intel\Shared Files\cpp\bin\Intel64;C:\Windows\system32;C:\Windows;C:\Windows\System32\Wbem;C:\Windows\System32\WindowsPowerShell\v1.0\;C:\xampp\php;C:\ProgramData\ComposerSetup\bin;C:\Program Files\PuTTY\;C:\Program Files\nodejs\;%JAVA_HOME%\bin;C:\SDK\gradle-6.3\bin;C:\Program Files (x86)\GtkSharp\2.12\bin;C:\Users\deCrypt3d\AppData\Local\Microsoft\WindowsApps;C:\Users\deCrypt3d\AppData\Roaming\Composer\vendor\bin;C:\Users\deCrypt3d\AppData\Roaming\npm;
USERNAME=deCrypt3d
OS=Windows_NT
PROCESSOR_IDENTIFIER=Intel64 Family 6 Model 58 Stepping 9, GenuineIntel



---------------  S Y S T E M  ---------------

OS: Windows 10.0 , 64 bit Build 17763 (10.0.17763.475)

CPU:total 2 (initial active 2) (2 cores per cpu, 1 threads per core) family 6 model 58 stepping 9, cmov, cx8, fxsr, mmx, sse, sse2, sse3, ssse3, sse4.1, sse4.2, popcnt, clmul, erms, tsc, tscinvbit, tscinv

Memory: 4k page, physical 3880804k(595384k free), swap 3880804k(4112k free)

vm_info: OpenJDK 64-Bit Server VM (25.212-b04) for windows-amd64 JRE (1.8.0_212-release-1586-b04), built by "builder" with MS VC++ 10.0 (VS2010)

time: Sun Jul 12 13:51:44 2020
timezone: SE Asia Standard Time
elapsed time: 35 seconds (0d 0h 0m 35s)

