#
# There is insufficient memory for the Java Runtime Environment to continue.
# Native memory allocation (malloc) failed to allocate 873696 bytes for Chunk::new
# Possible reasons:
#   The system is out of physical RAM or swap space
#   The process is running with CompressedOops enabled, and the Java Heap may be blocking the growth of the native heap
# Possible solutions:
#   Reduce memory load on the system
#   Increase physical memory or swap space
#   Check if swap backing store is full
#   Decrease Java heap size (-Xmx/-Xms)
#   Decrease number of Java threads
#   Decrease Java thread stack sizes (-Xss)
#   Set larger code cache with -XX:ReservedCodeCacheSize=
#   JVM is running with Unscaled Compressed Oops mode in which the Java heap is
#     placed in the first 4GB address space. The Java Heap base address is the
#     maximum limit for the native heap growth. Please use -XX:HeapBaseMinAddress
#     to set the Java Heap base and to place the Java Heap above 4GB virtual address.
# This output file may be truncated or incomplete.
#
#  Out of Memory Error (allocation.cpp:389), pid=7432, tid=0x0000000000001360
#
# JRE version: OpenJDK Runtime Environment (8.0_212-b04) (build 1.8.0_212-release-1586-b04)
# Java VM: OpenJDK 64-Bit Server VM (25.212-b04 mixed mode windows-amd64 compressed oops)
# Failed to write core dump. Minidumps are not enabled by default on client versions of Windows
#

---------------  T H R E A D  ---------------

Current thread (0x0000000015b68800):  JavaThread "C2 CompilerThread0" daemon [_thread_in_native, id=4960, stack(0x0000000016bb0000,0x0000000016cb0000)]

Stack: [0x0000000016bb0000,0x0000000016cb0000]
[error occurred during error reporting (printing stack bounds), id 0xc0000005]

Native frames: (J=compiled Java code, j=interpreted, Vv=VM code, C=native code)


Current CompileTask:
C2:   5842 1481   !   4       java.net.URLClassLoader$1::run (63 bytes)


---------------  P R O C E S S  ---------------

Java Threads: ( => current thread )
  0x00000000182ab800 JavaThread "Cache worker for journal cache (C:\Users\deCrypt3d\.gradle\caches\journal-1)" [_thread_blocked, id=8628, stack(0x000000001b1d0000,0x000000001b2d0000)]
  0x00000000182ab000 JavaThread "File lock request listener" [_thread_in_native, id=5568, stack(0x000000001b0d0000,0x000000001b1d0000)]
  0x0000000017b40800 JavaThread "Cache worker for file hash cache (C:\Users\deCrypt3d\.gradle\caches\5.6.4\fileHashes)" [_thread_blocked, id=8604, stack(0x000000001add0000,0x000000001aed0000)]
  0x0000000018b57000 JavaThread "Thread-9" [_thread_blocked, id=8764, stack(0x000000001acd0000,0x000000001add0000)]
  0x0000000018b4f000 JavaThread "Stdin handler" [_thread_blocked, id=8976, stack(0x000000001abd0000,0x000000001acd0000)]
  0x0000000018b46000 JavaThread "Asynchronous log dispatcher for DefaultDaemonConnection: socket connection from /127.0.0.1:51887 to /127.0.0.1:51888" [_thread_blocked, id=1468, stack(0x000000001aad0000,0x000000001abd0000)]
  0x0000000018b43000 JavaThread "Daemon worker" [_thread_in_vm, id=8048, stack(0x000000001a9d0000,0x000000001aad0000)]
  0x0000000018b30000 JavaThread "Cancel handler" [_thread_blocked, id=2444, stack(0x000000001a8d0000,0x000000001a9d0000)]
  0x0000000018b14800 JavaThread "Handler for socket connection from /127.0.0.1:51887 to /127.0.0.1:51888" [_thread_in_native, id=8652, stack(0x0000000019600000,0x0000000019700000)]
  0x0000000018b0e000 JavaThread "Daemon periodic checks" [_thread_blocked, id=9072, stack(0x0000000019500000,0x0000000019600000)]
  0x0000000018b09000 JavaThread "Daemon" [_thread_blocked, id=4680, stack(0x0000000019400000,0x0000000019500000)]
  0x0000000018a9a000 JavaThread "Incoming local TCP Connector on port 51887" [_thread_in_native, id=8956, stack(0x00000000191c0000,0x00000000192c0000)]
  0x00000000189a3800 JavaThread "Daemon health stats" [_thread_blocked, id=8468, stack(0x0000000018b80000,0x0000000018c80000)]
  0x0000000015bdd000 JavaThread "Service Thread" daemon [_thread_blocked, id=5944, stack(0x0000000016db0000,0x0000000016eb0000)]
  0x0000000015b6c000 JavaThread "C1 CompilerThread1" daemon [_thread_in_native, id=2452, stack(0x0000000016cb0000,0x0000000016db0000)]
=>0x0000000015b68800 JavaThread "C2 CompilerThread0" daemon [_thread_in_native, id=4960, stack(0x0000000016bb0000,0x0000000016cb0000)]
  0x0000000015b67000 JavaThread "Attach Listener" daemon [_thread_blocked, id=6436, stack(0x0000000016ab0000,0x0000000016bb0000)]
  0x0000000015b64000 JavaThread "Signal Dispatcher" daemon [_thread_blocked, id=6720, stack(0x00000000169b0000,0x0000000016ab0000)]
  0x0000000002437800 JavaThread "Finalizer" daemon [_thread_blocked, id=9152, stack(0x00000000167b0000,0x00000000168b0000)]
  0x0000000015b57000 JavaThread "Reference Handler" daemon [_thread_blocked, id=8436, stack(0x00000000166b0000,0x00000000167b0000)]
  0x000000000233e000 JavaThread "main" [_thread_blocked, id=7952, stack(0x0000000002170000,0x0000000002270000)]

Other Threads:
  0x0000000015b35800 VMThread [stack: 0x00000000165b0000,0x00000000166b0000] [id=8592]
  0x0000000015be0000 WatcherThread [stack: 0x0000000016eb0000,0x0000000016fb0000] [id=1844]

VM state:not at safepoint (normal execution)

VM Mutex/Monitor currently owned by a thread: None

heap address: 0x00000000a0000000, size: 1536 MB, Compressed Oops mode: 32-bit
Narrow klass base: 0x0000000000000000, Narrow klass shift: 3
Compressed class space size: 1073741824 Address: 0x0000000100000000

Heap:
 PSYoungGen      total 33280K, used 9154K [0x00000000e0000000, 0x00000000e2300000, 0x0000000100000000)
  eden space 30720K, 21% used [0x00000000e0000000,0x00000000e06749a0,0x00000000e1e00000)
  from space 2560K, 99% used [0x00000000e2080000,0x00000000e22fc030,0x00000000e2300000)
  to   space 2560K, 0% used [0x00000000e1e00000,0x00000000e1e00000,0x00000000e2080000)
 ParOldGen       total 40960K, used 8018K [0x00000000a0000000, 0x00000000a2800000, 0x00000000e0000000)
  object space 40960K, 19% used [0x00000000a0000000,0x00000000a07d49a0,0x00000000a2800000)
 Metaspace       used 14605K, capacity 14970K, committed 15232K, reserved 1062912K
  class space    used 2024K, capacity 2159K, committed 2176K, reserved 1048576K

Card table byte_map: [0x0000000011800000,0x0000000011b10000] byte_map_base: 0x0000000011300000

Marking Bits: (ParMarkBitMap*) 0x0000000059c49f30
 Begin Bits: [0x0000000011f10000, 0x0000000013710000)
 End Bits:   [0x0000000013710000, 0x0000000014f10000)

Polling page: 0x0000000000510000

CodeCache: size=245760Kb used=5309Kb max_used=5309Kb free=240450Kb
 bounds [0x0000000002440000, 0x0000000002980000, 0x0000000011440000]
 total_blobs=1881 nmethods=1499 adapters=296
 compilation: enabled

Compilation events (10 events):
Event: 5.766 Thread 0x0000000015b6c000 nmethod 1497 0x0000000002968450 code [0x00000000029685a0, 0x00000000029686b0]
Event: 5.809 Thread 0x0000000015b6c000 1498   !   3       org.gradle.internal.classloader.TransformingClassLoader::findClass (203 bytes)
Event: 5.814 Thread 0x0000000015b6c000 nmethod 1498 0x0000000002968710 code [0x0000000002968bc0, 0x000000000296b978]
Event: 5.814 Thread 0x0000000015b6c000 1499       3       org.gradle.initialization.MixInLegacyTypesClassLoader::shouldTransform (42 bytes)
Event: 5.814 Thread 0x0000000015b6c000 nmethod 1499 0x000000000296d5d0 code [0x000000000296d760, 0x000000000296dbb8]
Event: 5.828 Thread 0x0000000015b6c000 1500       1       sun.reflect.generics.repository.AbstractRepository::getFactory (5 bytes)
Event: 5.828 Thread 0x0000000015b6c000 nmethod 1500 0x000000000296dd50 code [0x000000000296dea0, 0x000000000296dfb0]
Event: 5.840 Thread 0x0000000015b6c000 1501       3       org.gradle.internal.service.DefaultServiceMethodFactory::toServiceMethod (11 bytes)
Event: 5.840 Thread 0x0000000015b6c000 nmethod 1501 0x000000000296e010 code [0x000000000296e180, 0x000000000296e3a8]
Event: 5.840 Thread 0x0000000015b6c000 1502   !   3       org.gradle.internal.service.MethodHandleBasedServiceMethodFactory::toServiceMethod (51 bytes)

GC Heap History (10 events):
Event: 2.021 GC heap before
{Heap before GC invocations=2 (full 0):
 PSYoungGen      total 17920K, used 17733K [0x00000000e0000000, 0x00000000e1400000, 0x0000000100000000)
  eden space 15360K, 100% used [0x00000000e0000000,0x00000000e0f00000,0x00000000e0f00000)
  from space 2560K, 92% used [0x00000000e0f00000,0x00000000e1151570,0x00000000e1180000)
  to   space 2560K, 0% used [0x00000000e1180000,0x00000000e1180000,0x00000000e1400000)
 ParOldGen       total 40960K, used 8K [0x00000000a0000000, 0x00000000a2800000, 0x00000000e0000000)
  object space 40960K, 0% used [0x00000000a0000000,0x00000000a0002000,0x00000000a2800000)
 Metaspace       used 7040K, capacity 7272K, committed 7424K, reserved 1056768K
  class space    used 855K, capacity 940K, committed 1024K, reserved 1048576K
Event: 2.032 GC heap after
Heap after GC invocations=2 (full 0):
 PSYoungGen      total 17920K, used 2559K [0x00000000e0000000, 0x00000000e1400000, 0x0000000100000000)
  eden space 15360K, 0% used [0x00000000e0000000,0x00000000e0000000,0x00000000e0f00000)
  from space 2560K, 99% used [0x00000000e1180000,0x00000000e13ffd68,0x00000000e1400000)
  to   space 2560K, 0% used [0x00000000e0f00000,0x00000000e0f00000,0x00000000e1180000)
 ParOldGen       total 40960K, used 717K [0x00000000a0000000, 0x00000000a2800000, 0x00000000e0000000)
  object space 40960K, 1% used [0x00000000a0000000,0x00000000a00b34b8,0x00000000a2800000)
 Metaspace       used 7040K, capacity 7272K, committed 7424K, reserved 1056768K
  class space    used 855K, capacity 940K, committed 1024K, reserved 1048576K
}
Event: 2.317 GC heap before
{Heap before GC invocations=3 (full 0):
 PSYoungGen      total 17920K, used 17919K [0x00000000e0000000, 0x00000000e1400000, 0x0000000100000000)
  eden space 15360K, 100% used [0x00000000e0000000,0x00000000e0f00000,0x00000000e0f00000)
  from space 2560K, 99% used [0x00000000e1180000,0x00000000e13ffd68,0x00000000e1400000)
  to   space 2560K, 0% used [0x00000000e0f00000,0x00000000e0f00000,0x00000000e1180000)
 ParOldGen       total 40960K, used 717K [0x00000000a0000000, 0x00000000a2800000, 0x00000000e0000000)
  object space 40960K, 1% used [0x00000000a0000000,0x00000000a00b34b8,0x00000000a2800000)
 Metaspace       used 7057K, capacity 7272K, committed 7424K, reserved 1056768K
  class space    used 855K, capacity 940K, committed 1024K, reserved 1048576K
Event: 2.322 GC heap after
Heap after GC invocations=3 (full 0):
 PSYoungGen      total 17920K, used 2144K [0x00000000e0000000, 0x00000000e2300000, 0x0000000100000000)
  eden space 15360K, 0% used [0x00000000e0000000,0x00000000e0000000,0x00000000e0f00000)
  from space 2560K, 83% used [0x00000000e0f00000,0x00000000e1118000,0x00000000e1180000)
  to   space 2560K, 0% used [0x00000000e2080000,0x00000000e2080000,0x00000000e2300000)
 ParOldGen       total 40960K, used 725K [0x00000000a0000000, 0x00000000a2800000, 0x00000000e0000000)
  object space 40960K, 1% used [0x00000000a0000000,0x00000000a00b54b8,0x00000000a2800000)
 Metaspace       used 7057K, capacity 7272K, committed 7424K, reserved 1056768K
  class space    used 855K, capacity 940K, committed 1024K, reserved 1048576K
}
Event: 2.618 GC heap before
{Heap before GC invocations=4 (full 0):
 PSYoungGen      total 17920K, used 17504K [0x00000000e0000000, 0x00000000e2300000, 0x0000000100000000)
  eden space 15360K, 100% used [0x00000000e0000000,0x00000000e0f00000,0x00000000e0f00000)
  from space 2560K, 83% used [0x00000000e0f00000,0x00000000e1118000,0x00000000e1180000)
  to   space 2560K, 0% used [0x00000000e2080000,0x00000000e2080000,0x00000000e2300000)
 ParOldGen       total 40960K, used 725K [0x00000000a0000000, 0x00000000a2800000, 0x00000000e0000000)
  object space 40960K, 1% used [0x00000000a0000000,0x00000000a00b54b8,0x00000000a2800000)
 Metaspace       used 7245K, capacity 7584K, committed 7680K, reserved 1056768K
  class space    used 880K, capacity 980K, committed 1024K, reserved 1048576K
Event: 2.628 GC heap after
Heap after GC invocations=4 (full 0):
 PSYoungGen      total 33280K, used 2544K [0x00000000e0000000, 0x00000000e2300000, 0x0000000100000000)
  eden space 30720K, 0% used [0x00000000e0000000,0x00000000e0000000,0x00000000e1e00000)
  from space 2560K, 99% used [0x00000000e2080000,0x00000000e22fc010,0x00000000e2300000)
  to   space 2560K, 0% used [0x00000000e1e00000,0x00000000e1e00000,0x00000000e2080000)
 ParOldGen       total 40960K, used 1234K [0x00000000a0000000, 0x00000000a2800000, 0x00000000e0000000)
  object space 40960K, 3% used [0x00000000a0000000,0x00000000a01349d0,0x00000000a2800000)
 Metaspace       used 7245K, capacity 7584K, committed 7680K, reserved 1056768K
  class space    used 880K, capacity 980K, committed 1024K, reserved 1048576K
}
Event: 4.835 GC heap before
{Heap before GC invocations=5 (full 0):
 PSYoungGen      total 33280K, used 33264K [0x00000000e0000000, 0x00000000e2300000, 0x0000000100000000)
  eden space 30720K, 100% used [0x00000000e0000000,0x00000000e1e00000,0x00000000e1e00000)
  from space 2560K, 99% used [0x00000000e2080000,0x00000000e22fc010,0x00000000e2300000)
  to   space 2560K, 0% used [0x00000000e1e00000,0x00000000e1e00000,0x00000000e2080000)
 ParOldGen       total 40960K, used 1234K [0x00000000a0000000, 0x00000000a2800000, 0x00000000e0000000)
  object space 40960K, 3% used [0x00000000a0000000,0x00000000a01349d0,0x00000000a2800000)
 Metaspace       used 11818K, capacity 12176K, committed 12544K, reserved 1060864K
  class space    used 1551K, capacity 1680K, committed 1792K, reserved 1048576K
Event: 4.852 GC heap after
Heap after GC invocations=5 (full 0):
 PSYoungGen      total 33280K, used 2544K [0x00000000e0000000, 0x00000000e2300000, 0x0000000100000000)
  eden space 30720K, 0% used [0x00000000e0000000,0x00000000e0000000,0x00000000e1e00000)
  from space 2560K, 99% used [0x00000000e1e00000,0x00000000e207c010,0x00000000e2080000)
  to   space 2560K, 0% used [0x00000000e2080000,0x00000000e2080000,0x00000000e2300000)
 ParOldGen       total 40960K, used 4539K [0x00000000a0000000, 0x00000000a2800000, 0x00000000e0000000)
  object space 40960K, 11% used [0x00000000a0000000,0x00000000a046ee00,0x00000000a2800000)
 Metaspace       used 11818K, capacity 12176K, committed 12544K, reserved 1060864K
  class space    used 1551K, capacity 1680K, committed 1792K, reserved 1048576K
}
Event: 5.748 GC heap before
{Heap before GC invocations=6 (full 0):
 PSYoungGen      total 33280K, used 33264K [0x00000000e0000000, 0x00000000e2300000, 0x0000000100000000)
  eden space 30720K, 100% used [0x00000000e0000000,0x00000000e1e00000,0x00000000e1e00000)
  from space 2560K, 99% used [0x00000000e1e00000,0x00000000e207c010,0x00000000e2080000)
  to   space 2560K, 0% used [0x00000000e2080000,0x00000000e2080000,0x00000000e2300000)
 ParOldGen       total 40960K, used 4539K [0x00000000a0000000, 0x00000000a2800000, 0x00000000e0000000)
  object space 40960K, 11% used [0x00000000a0000000,0x00000000a046ee00,0x00000000a2800000)
 Metaspace       used 14414K, capacity 14746K, committed 14976K, reserved 1062912K
  class space    used 1989K, capacity 2127K, committed 2176K, reserved 1048576K
Event: 5.761 GC heap after
Heap after GC invocations=6 (full 0):
 PSYoungGen      total 33280K, used 2544K [0x00000000e0000000, 0x00000000e2300000, 0x0000000100000000)
  eden space 30720K, 0% used [0x00000000e0000000,0x00000000e0000000,0x00000000e1e00000)
  from space 2560K, 99% used [0x00000000e2080000,0x00000000e22fc030,0x00000000e2300000)
  to   space 2560K, 0% used [0x00000000e1e00000,0x00000000e1e00000,0x00000000e2080000)
 ParOldGen       total 40960K, used 8018K [0x00000000a0000000, 0x00000000a2800000, 0x00000000e0000000)
  object space 40960K, 19% used [0x00000000a0000000,0x00000000a07d49a0,0x00000000a2800000)
 Metaspace       used 14414K, capacity 14746K, committed 14976K, reserved 1062912K
  class space    used 1989K, capacity 2127K, committed 2176K, reserved 1048576K
}

Deoptimization events (10 events):
Event: 3.110 Thread 0x000000000233e000 Uncommon trap: reason=bimorphic action=maybe_recompile pc=0x0000000002672de8 method=java.util.HashMap.putVal(ILjava/lang/Object;Ljava/lang/Object;ZZ)Ljava/lang/Object; @ 203
Event: 3.639 Thread 0x000000000233e000 Uncommon trap: reason=unstable_if action=reinterpret pc=0x00000000026da064 method=java.io.WinNTFileSystem.normalize(Ljava/lang/String;)Ljava/lang/String; @ 128
Event: 4.726 Thread 0x0000000018b14800 Uncommon trap: reason=unstable_if action=reinterpret pc=0x000000000282d770 method=java.util.concurrent.ConcurrentHashMap.putVal(Ljava/lang/Object;Ljava/lang/Object;Z)Ljava/lang/Object; @ 206
Event: 4.929 Thread 0x0000000018b43000 Uncommon trap: reason=bimorphic action=maybe_recompile pc=0x0000000002672da8 method=java.util.HashMap.putVal(ILjava/lang/Object;Ljava/lang/Object;ZZ)Ljava/lang/Object; @ 253
Event: 4.929 Thread 0x0000000018b43000 Uncommon trap: reason=bimorphic action=maybe_recompile pc=0x0000000002672da8 method=java.util.HashMap.putVal(ILjava/lang/Object;Ljava/lang/Object;ZZ)Ljava/lang/Object; @ 253
Event: 4.930 Thread 0x0000000018b43000 Uncommon trap: reason=bimorphic action=maybe_recompile pc=0x0000000002672da8 method=java.util.HashMap.putVal(ILjava/lang/Object;Ljava/lang/Object;ZZ)Ljava/lang/Object; @ 253
Event: 5.494 Thread 0x0000000018b43000 Uncommon trap: reason=class_check action=maybe_recompile pc=0x0000000002718d58 method=java.util.regex.Matcher.match(II)Z @ 86
Event: 5.521 Thread 0x0000000018b43000 Uncommon trap: reason=class_check action=maybe_recompile pc=0x0000000002718d58 method=java.util.regex.Matcher.match(II)Z @ 86
Event: 5.522 Thread 0x0000000018b43000 Uncommon trap: reason=class_check action=maybe_recompile pc=0x0000000002718d58 method=java.util.regex.Matcher.match(II)Z @ 86
Event: 5.522 Thread 0x0000000018b43000 Uncommon trap: reason=class_check action=maybe_recompile pc=0x00000000025ab1cc method=java.util.regex.Matcher.match(II)Z @ 86

Classes redefined (0 events):
No events

Internal exceptions (10 events):
Event: 4.775 Thread 0x0000000018b14800 Exception <a 'java/lang/NoSuchMethodError': <clinit>> (0x00000000e1d13ca0) thrown at [D:\src\AOSP-openjdk-cygwin\jdk8u\hotspot\src\share\vm\prims\jni.cpp, line 1614]
Event: 4.787 Thread 0x0000000018b14800 Exception <a 'java/lang/NoSuchMethodError': <clinit>> (0x00000000e1d26df8) thrown at [D:\src\AOSP-openjdk-cygwin\jdk8u\hotspot\src\share\vm\prims\jni.cpp, line 1614]
Event: 4.795 Thread 0x0000000018b14800 Exception <a 'java/lang/NoSuchMethodError': <clinit>> (0x00000000e1d4e220) thrown at [D:\src\AOSP-openjdk-cygwin\jdk8u\hotspot\src\share\vm\prims\jni.cpp, line 1614]
Event: 4.799 Thread 0x0000000018b14800 Exception <a 'java/lang/NoSuchMethodError': <clinit>> (0x00000000e1d66248) thrown at [D:\src\AOSP-openjdk-cygwin\jdk8u\hotspot\src\share\vm\prims\jni.cpp, line 1614]
Event: 4.801 Thread 0x0000000018b14800 Exception <a 'java/lang/NoSuchMethodError': <clinit>> (0x00000000e1d6efa0) thrown at [D:\src\AOSP-openjdk-cygwin\jdk8u\hotspot\src\share\vm\prims\jni.cpp, line 1614]
Event: 4.805 Thread 0x0000000018b14800 Exception <a 'java/lang/NoSuchMethodError': <clinit>> (0x00000000e1d85608) thrown at [D:\src\AOSP-openjdk-cygwin\jdk8u\hotspot\src\share\vm\prims\jni.cpp, line 1614]
Event: 4.826 Thread 0x0000000018b14800 Exception <a 'java/lang/NoSuchMethodError': <clinit>> (0x00000000e1de3870) thrown at [D:\src\AOSP-openjdk-cygwin\jdk8u\hotspot\src\share\vm\prims\jni.cpp, line 1614]
Event: 4.856 Thread 0x0000000018b14800 Exception <a 'java/lang/NoSuchMethodError': <clinit>> (0x00000000e00105a8) thrown at [D:\src\AOSP-openjdk-cygwin\jdk8u\hotspot\src\share\vm\prims\jni.cpp, line 1614]
Event: 4.875 Thread 0x0000000018b14800 Exception <a 'java/lang/NoSuchMethodError': <clinit>> (0x00000000e003e4c0) thrown at [D:\src\AOSP-openjdk-cygwin\jdk8u\hotspot\src\share\vm\prims\jni.cpp, line 1614]
Event: 4.877 Thread 0x0000000018b14800 Exception <a 'java/lang/NoSuchMethodError': <clinit>> (0x00000000e00498c8) thrown at [D:\src\AOSP-openjdk-cygwin\jdk8u\hotspot\src\share\vm\prims\jni.cpp, line 1614]

Events (10 events):
Event: 5.835 loading class org/gradle/platform/base/internal/registry/ComponentModelBaseServiceRegistry$BuildScopeServices
Event: 5.835 loading class org/gradle/platform/base/internal/registry/ComponentModelBaseServiceRegistry$BuildScopeServices done
Event: 5.836 loading class org/gradle/api/internal/resolve/ProjectModelResolver
Event: 5.836 loading class org/gradle/api/internal/resolve/ProjectModelResolver done
Event: 5.837 loading class org/gradle/jvm/internal/services/PlatformJvmServices$BuildScopeServices
Event: 5.837 loading class org/gradle/jvm/internal/services/PlatformJvmServices$BuildScopeServices done
Event: 5.838 loading class org/gradle/jvm/internal/services/PlatformJvmServices$LocalLibraryDependencyResolverFactory
Event: 5.838 loading class org/gradle/jvm/internal/services/PlatformJvmServices$LocalLibraryDependencyResolverFactory done
Event: 5.838 loading class org/gradle/jvm/toolchain/internal/JavaInstallationProbe
Event: 5.838 loading class org/gradle/jvm/toolchain/internal/JavaInstallationProbe done


Dynamic libraries:
0x00007ff61ae70000 - 0x00007ff61aea1000 	C:\Program Files\Android\Android Studio1\jre\bin\java.exe
0x00007ffe27110000 - 0x00007ffe272fd000 	C:\Windows\SYSTEM32\ntdll.dll
0x00007ffe26c10000 - 0x00007ffe26cc3000 	C:\Windows\System32\KERNEL32.DLL
0x00007ffe23610000 - 0x00007ffe238a3000 	C:\Windows\System32\KERNELBASE.dll
0x00007ffe27060000 - 0x00007ffe27103000 	C:\Windows\System32\ADVAPI32.dll
0x00007ffe26b70000 - 0x00007ffe26c0e000 	C:\Windows\System32\msvcrt.dll
0x00007ffe267b0000 - 0x00007ffe2684e000 	C:\Windows\System32\sechost.dll
0x00007ffe26f30000 - 0x00007ffe27052000 	C:\Windows\System32\RPCRT4.dll
0x00007ffe262e0000 - 0x00007ffe26477000 	C:\Windows\System32\USER32.dll
0x00007ffe23b10000 - 0x00007ffe23b30000 	C:\Windows\System32\win32u.dll
0x00007ffe26610000 - 0x00007ffe26639000 	C:\Windows\System32\GDI32.dll
0x00007ffe232f0000 - 0x00007ffe23489000 	C:\Windows\System32\gdi32full.dll
0x00007ffe23250000 - 0x00007ffe232f0000 	C:\Windows\System32\msvcp_win.dll
0x00007ffe23490000 - 0x00007ffe2358a000 	C:\Windows\System32\ucrtbase.dll
0x00007ffe17640000 - 0x00007ffe178b9000 	C:\Windows\WinSxS\amd64_microsoft.windows.common-controls_6595b64144ccf1df_6.0.17763.1098_none_de762ed45346ee8a\COMCTL32.dll
0x00007ffe24360000 - 0x00007ffe2468c000 	C:\Windows\System32\combase.dll
0x00007ffe23590000 - 0x00007ffe2360e000 	C:\Windows\System32\bcryptPrimitives.dll
0x00007ffe26b40000 - 0x00007ffe26b6e000 	C:\Windows\System32\IMM32.DLL
0x000000005a0d0000 - 0x000000005a1a2000 	C:\Program Files\Android\Android Studio1\jre\jre\bin\msvcr100.dll
0x0000000059480000 - 0x0000000059cc6000 	C:\Program Files\Android\Android Studio1\jre\jre\bin\server\jvm.dll
0x00007ffe26b30000 - 0x00007ffe26b38000 	C:\Windows\System32\PSAPI.DLL
0x00007ffe0afd0000 - 0x00007ffe0afd9000 	C:\Windows\SYSTEM32\WSOCK32.dll
0x00007ffe26270000 - 0x00007ffe262dd000 	C:\Windows\System32\WS2_32.dll
0x00007ffe15930000 - 0x00007ffe1593a000 	C:\Windows\SYSTEM32\VERSION.dll
0x00007ffe212e0000 - 0x00007ffe21304000 	C:\Windows\SYSTEM32\WINMM.dll
0x00007ffe211c0000 - 0x00007ffe211ed000 	C:\Windows\SYSTEM32\WINMMBASE.dll
0x00007ffe23200000 - 0x00007ffe2324a000 	C:\Windows\System32\cfgmgr32.dll
0x00007ffe1cea0000 - 0x00007ffe1ceaf000 	C:\Program Files\Android\Android Studio1\jre\jre\bin\verify.dll
0x00007ffe15bf0000 - 0x00007ffe15c19000 	C:\Program Files\Android\Android Studio1\jre\jre\bin\java.dll
0x00007ffe1ce80000 - 0x00007ffe1ce96000 	C:\Program Files\Android\Android Studio1\jre\jre\bin\zip.dll
0x00007ffe24d10000 - 0x00007ffe26204000 	C:\Windows\System32\SHELL32.dll
0x00007ffe247c0000 - 0x00007ffe24868000 	C:\Windows\System32\shcore.dll
0x00007ffe23b30000 - 0x00007ffe2427d000 	C:\Windows\System32\windows.storage.dll
0x00007ffe23190000 - 0x00007ffe231b4000 	C:\Windows\System32\profapi.dll
0x00007ffe23130000 - 0x00007ffe2318d000 	C:\Windows\System32\powrprof.dll
0x00007ffe26850000 - 0x00007ffe268a2000 	C:\Windows\System32\shlwapi.dll
0x00007ffe231e0000 - 0x00007ffe231f1000 	C:\Windows\System32\kernel.appcore.dll
0x00007ffe23a90000 - 0x00007ffe23aa7000 	C:\Windows\System32\cryptsp.dll
0x00007ffe15bd0000 - 0x00007ffe15bea000 	C:\Program Files\Android\Android Studio1\jre\jre\bin\net.dll
0x00007ffe18c80000 - 0x00007ffe18e57000 	C:\Windows\SYSTEM32\urlmon.dll
0x00007ffe19040000 - 0x00007ffe192e8000 	C:\Windows\SYSTEM32\iertutil.dll
0x00007ffe22b10000 - 0x00007ffe22b1c000 	C:\Windows\SYSTEM32\CRYPTBASE.DLL
0x00007ffe22940000 - 0x00007ffe229a7000 	C:\Windows\system32\mswsock.dll
0x00007ffe15bb0000 - 0x00007ffe15bc3000 	C:\Program Files\Android\Android Studio1\jre\jre\bin\nio.dll
0x00007ffe156e0000 - 0x00007ffe15706000 	C:\Users\deCrypt3d\.gradle\native\30\windows-amd64\native-platform.dll
0x00007ffe17000000 - 0x00007ffe1700d000 	C:\Program Files\Android\Android Studio1\jre\jre\bin\management.dll
0x00007ffe224c0000 - 0x00007ffe224f3000 	C:\Windows\system32\rsaenh.dll
0x00007ffe24330000 - 0x00007ffe24356000 	C:\Windows\System32\bcrypt.dll
0x00007ffe23030000 - 0x00007ffe23058000 	C:\Windows\SYSTEM32\USERENV.dll
0x00007ffe22660000 - 0x00007ffe2269d000 	C:\Windows\SYSTEM32\IPHLPAPI.DLL
0x00007ffe26640000 - 0x00007ffe26648000 	C:\Windows\System32\NSI.dll
0x00007ffe1ad80000 - 0x00007ffe1ad96000 	C:\Windows\SYSTEM32\dhcpcsvc6.DLL
0x00007ffe1ad60000 - 0x00007ffe1ad7c000 	C:\Windows\SYSTEM32\dhcpcsvc.DLL
0x00007ffe226a0000 - 0x00007ffe22766000 	C:\Windows\SYSTEM32\DNSAPI.dll

VM Arguments:
jvm_args: -Xmx1536m -Dfile.encoding=windows-1252 -Duser.country=ID -Duser.language=en -Duser.variant 
java_command: org.gradle.launcher.daemon.bootstrap.GradleDaemon 5.6.4
java_class_path (initial): C:\Users\deCrypt3d\.gradle\wrapper\dists\gradle-5.6.4-all\ankdp27end7byghfw1q2sw75f\gradle-5.6.4\lib\gradle-launcher-5.6.4.jar
Launcher Type: SUN_STANDARD

Environment Variables:
PATH=C:\ProgramData\Oracle\Java\javapath;C:\Program Files (x86)\Common Files\Intel\Shared Files\cpp\bin\Intel64;C:\Windows\system32;C:\Windows;C:\Windows\System32\Wbem;C:\Windows\System32\WindowsPowerShell\v1.0\;C:\xampp\php;C:\ProgramData\ComposerSetup\bin;C:\Program Files\PuTTY\;C:\Program Files\nodejs\;%JAVA_HOME%\bin;C:\SDK\gradle-6.3\bin;C:\Program Files (x86)\GtkSharp\2.12\bin;C:\Users\deCrypt3d\AppData\Local\Microsoft\WindowsApps;C:\Users\deCrypt3d\AppData\Roaming\Composer\vendor\bin;C:\Users\deCrypt3d\AppData\Roaming\npm;
USERNAME=deCrypt3d
OS=Windows_NT
PROCESSOR_IDENTIFIER=Intel64 Family 6 Model 58 Stepping 9, GenuineIntel



---------------  S Y S T E M  ---------------

OS: Windows 10.0 , 64 bit Build 17763 (10.0.17763.475)

CPU:total 2 (initial active 2) (2 cores per cpu, 1 threads per core) family 6 model 58 stepping 9, cmov, cx8, fxsr, mmx, sse, sse2, sse3, ssse3, sse4.1, sse4.2, popcnt, clmul, erms, tsc, tscinvbit, tscinv

Memory: 4k page, physical 3880804k(390140k free), swap 3880804k(5448k free)

vm_info: OpenJDK 64-Bit Server VM (25.212-b04) for windows-amd64 JRE (1.8.0_212-release-1586-b04), built by "builder" with MS VC++ 10.0 (VS2010)

time: Tue Jul 07 13:27:38 2020
timezone: SE Asia Standard Time
elapsed time: 5 seconds (0d 0h 0m 5s)

