#
# There is insufficient memory for the Java Runtime Environment to continue.
# Native memory allocation (malloc) failed to allocate 957776 bytes for Chunk::new
# Possible reasons:
#   The system is out of physical RAM or swap space
#   The process is running with CompressedOops enabled, and the Java Heap may be blocking the growth of the native heap
# Possible solutions:
#   Reduce memory load on the system
#   Increase physical memory or swap space
#   Check if swap backing store is full
#   Decrease Java heap size (-Xmx/-Xms)
#   Decrease number of Java threads
#   Decrease Java thread stack sizes (-Xss)
#   Set larger code cache with -XX:ReservedCodeCacheSize=
#   JVM is running with Unscaled Compressed Oops mode in which the Java heap is
#     placed in the first 4GB address space. The Java Heap base address is the
#     maximum limit for the native heap growth. Please use -XX:HeapBaseMinAddress
#     to set the Java Heap base and to place the Java Heap above 4GB virtual address.
# This output file may be truncated or incomplete.
#
#  Out of Memory Error (allocation.cpp:389), pid=2968, tid=0x0000000000001284
#
# JRE version: OpenJDK Runtime Environment (8.0_212-b04) (build 1.8.0_212-release-1586-b04)
# Java VM: OpenJDK 64-Bit Server VM (25.212-b04 mixed mode windows-amd64 compressed oops)
# Failed to write core dump. Minidumps are not enabled by default on client versions of Windows
#

---------------  T H R E A D  ---------------

Current thread (0x0000000016548800):  JavaThread "C2 CompilerThread0" daemon [_thread_in_native, id=4740, stack(0x0000000017580000,0x0000000017680000)]

Stack: [0x0000000017580000,0x0000000017680000]
[error occurred during error reporting (printing stack bounds), id 0xc0000005]

Native frames: (J=compiled Java code, j=interpreted, Vv=VM code, C=native code)


Current CompileTask:
C2: 231727 12666 %     4       com.android.tools.r8.dex.j::a @ 65 (2047 bytes)


---------------  P R O C E S S  ---------------

Java Threads: ( => current thread )
  0x0000000018262800 JavaThread "WorkerExecutor Queue Thread 2" [_thread_in_Java, id=1748, stack(0x0000000025640000,0x0000000025740000)]
  0x0000000018261000 JavaThread "WorkerExecutor Queue" [_thread_blocked, id=2052, stack(0x0000000025540000,0x0000000025640000)]
  0x000000001825f000 JavaThread "ForkJoinPool.commonPool-worker-1" daemon [_thread_blocked, id=6916, stack(0x0000000025340000,0x0000000025440000)]
  0x000000001c3b7000 JavaThread "Cache worker for Java compile cache (D:\Semangat Tugas Akhir\Main Project\PajakAir\.gradle\5.6.4\javaCompile)" [_thread_blocked, id=1548, stack(0x0000000025240000,0x0000000025340000)]
  0x000000001c3b6800 JavaThread "Cache worker for Java compile cache (C:\Users\deCrypt3d\.gradle\caches\5.6.4\javaCompile)" [_thread_blocked, id=4592, stack(0x0000000025140000,0x0000000025240000)]
  0x000000001c3b4000 JavaThread "Cache worker for execution history cache (D:\Semangat Tugas Akhir\Main Project\PajakAir\.gradle\5.6.4\executionHistory)" [_thread_blocked, id=6692, stack(0x0000000025040000,0x0000000025140000)]
  0x000000001c3b2800 JavaThread "Execution worker for ':'" [_thread_blocked, id=5884, stack(0x0000000024f40000,0x0000000025040000)]
  0x000000001c3b3800 JavaThread "Cache worker for file content cache (D:\Semangat Tugas Akhir\Main Project\PajakAir\.gradle\5.6.4\fileContent)" [_thread_blocked, id=6220, stack(0x0000000024e40000,0x0000000024f40000)]
  0x000000001c3b5800 JavaThread "Cache worker for Build Output Cleanup Cache (D:\Semangat Tugas Akhir\Main Project\PajakAir\.gradle\buildOutputCleanup)" [_thread_blocked, id=7072, stack(0x0000000024d40000,0x0000000024e40000)]
  0x000000001c3b8000 JavaThread "Build operations Thread 2" [_thread_blocked, id=1312, stack(0x0000000024c40000,0x0000000024d40000)]
  0x000000001c3b2000 JavaThread "Build operations" [_thread_blocked, id=5064, stack(0x0000000024b40000,0x0000000024c40000)]
  0x000000001c3b0000 JavaThread "Cache worker for cache directory md-rule (C:\Users\deCrypt3d\.gradle\caches\5.6.4\md-rule)" [_thread_blocked, id=6328, stack(0x0000000024a40000,0x0000000024b40000)]
  0x000000001c3ae800 JavaThread "Cache worker for cache directory md-supplier (C:\Users\deCrypt3d\.gradle\caches\5.6.4\md-supplier)" [_thread_blocked, id=1900, stack(0x0000000024940000,0x0000000024a40000)]
  0x000000001c3ae000 JavaThread "Cache worker for file hash cache (D:\Semangat Tugas Akhir\Main Project\PajakAir\.gradle\5.6.4\fileHashes)" [_thread_blocked, id=5932, stack(0x0000000024840000,0x0000000024940000)]
  0x000000001c3b1000 JavaThread "Thread-32" [_thread_blocked, id=7160, stack(0x0000000024740000,0x0000000024840000)]
  0x000000001c3a8800 JavaThread "Stdin handler" [_thread_blocked, id=2128, stack(0x0000000024640000,0x0000000024740000)]
  0x000000001c3ad000 JavaThread "Asynchronous log dispatcher for DefaultDaemonConnection: socket connection from /127.0.0.1:49728 to /127.0.0.1:49745" [_thread_blocked, id=3352, stack(0x0000000024540000,0x0000000024640000)]
  0x000000001c3af800 JavaThread "Daemon worker Thread 2" [_thread_blocked, id=2780, stack(0x0000000024440000,0x0000000024540000)]
  0x000000001c3ac800 JavaThread "Cancel handler" [_thread_blocked, id=4444, stack(0x0000000024340000,0x0000000024440000)]
  0x000000001c3a9800 JavaThread "Handler for socket connection from /127.0.0.1:49728 to /127.0.0.1:49745" [_thread_in_native, id=1936, stack(0x0000000024240000,0x0000000024340000)]
  0x000000001c3ab000 JavaThread "Daemon Thread 2" [_thread_blocked, id=1684, stack(0x0000000024140000,0x0000000024240000)]
  0x0000000018263800 JavaThread "Cache worker for file content cache (C:\Users\deCrypt3d\.gradle\caches\5.6.4\fileContent)" [_thread_blocked, id=5084, stack(0x0000000020730000,0x0000000020830000)]
  0x000000001825f800 JavaThread "Memory manager" [_thread_blocked, id=2676, stack(0x0000000020400000,0x0000000020500000)]
  0x000000001a302800 JavaThread "Cache worker for execution history cache (C:\Users\deCrypt3d\.gradle\caches\5.6.4\executionHistory)" [_thread_blocked, id=3096, stack(0x000000001f000000,0x000000001f100000)]
  0x000000001a304800 JavaThread "Cache worker for journal cache (C:\Users\deCrypt3d\.gradle\caches\journal-1)" [_thread_blocked, id=4644, stack(0x000000001bba0000,0x000000001bca0000)]
  0x000000001a303000 JavaThread "File lock request listener" [_thread_in_native, id=888, stack(0x000000001baa0000,0x000000001bba0000)]
  0x000000001a304000 JavaThread "Cache worker for file hash cache (C:\Users\deCrypt3d\.gradle\caches\5.6.4\fileHashes)" [_thread_blocked, id=5388, stack(0x000000001b7a0000,0x000000001b8a0000)]
  0x0000000019485800 JavaThread "Daemon periodic checks" [_thread_blocked, id=664, stack(0x0000000019fd0000,0x000000001a0d0000)]
  0x0000000019418800 JavaThread "Incoming local TCP Connector on port 49728" [_thread_in_native, id=2252, stack(0x0000000019b90000,0x0000000019c90000)]
  0x0000000019347000 JavaThread "Daemon health stats" [_thread_blocked, id=592, stack(0x0000000019550000,0x0000000019650000)]
  0x00000000165b8800 JavaThread "Service Thread" daemon [_thread_blocked, id=3996, stack(0x0000000017780000,0x0000000017880000)]
  0x000000001654c000 JavaThread "C1 CompilerThread1" daemon [_thread_in_native, id=2016, stack(0x0000000017680000,0x0000000017780000)]
=>0x0000000016548800 JavaThread "C2 CompilerThread0" daemon [_thread_in_native, id=4740, stack(0x0000000017580000,0x0000000017680000)]
  0x0000000016547000 JavaThread "Attach Listener" daemon [_thread_blocked, id=5892, stack(0x0000000017480000,0x0000000017580000)]
  0x0000000016544000 JavaThread "Signal Dispatcher" daemon [_thread_blocked, id=5204, stack(0x0000000017380000,0x0000000017480000)]
  0x0000000002e17800 JavaThread "Finalizer" daemon [_thread_blocked, id=5000, stack(0x0000000017180000,0x0000000017280000)]
  0x0000000002e0d000 JavaThread "Reference Handler" daemon [_thread_blocked, id=2364, stack(0x0000000017080000,0x0000000017180000)]
  0x0000000002c1e000 JavaThread "main" [_thread_blocked, id=1388, stack(0x0000000002c20000,0x0000000002d20000)]

Other Threads:
  0x0000000016514800 VMThread [stack: 0x0000000016f80000,0x0000000017080000] [id=5376]
  0x00000000165c5000 WatcherThread [stack: 0x0000000017880000,0x0000000017980000] [id=6644]

VM state:not at safepoint (normal execution)

VM Mutex/Monitor currently owned by a thread: None

heap address: 0x00000000a0000000, size: 1536 MB, Compressed Oops mode: 32-bit
Narrow klass base: 0x0000000000000000, Narrow klass shift: 3
Compressed class space size: 1073741824 Address: 0x0000000100000000

Heap:
 PSYoungGen      total 266752K, used 154956K [0x00000000e0000000, 0x00000000f6780000, 0x0000000100000000)
  eden space 237568K, 65% used [0x00000000e0000000,0x00000000e9753208,0x00000000ee800000)
  from space 29184K, 0% used [0x00000000ee800000,0x00000000ee800000,0x00000000f0480000)
  to   space 41984K, 0% used [0x00000000f3e80000,0x00000000f3e80000,0x00000000f6780000)
 ParOldGen       total 91648K, used 88787K [0x00000000a0000000, 0x00000000a5980000, 0x00000000e0000000)
  object space 91648K, 96% used [0x00000000a0000000,0x00000000a56b4e00,0x00000000a5980000)
 Metaspace       used 83795K, capacity 87066K, committed 87256K, reserved 1124352K
  class space    used 11155K, capacity 11900K, committed 11992K, reserved 1048576K

Card table byte_map: [0x00000000121e0000,0x00000000124f0000] byte_map_base: 0x0000000011ce0000

Marking Bits: (ParMarkBitMap*) 0x000000005fc49f30
 Begin Bits: [0x00000000128f0000, 0x00000000140f0000)
 End Bits:   [0x00000000140f0000, 0x00000000158f0000)

Polling page: 0x0000000001210000

CodeCache: size=245760Kb used=33602Kb max_used=33602Kb free=212157Kb
 bounds [0x0000000002e20000, 0x0000000004f20000, 0x0000000011e20000]
 total_blobs=11609 nmethods=10738 adapters=784
 compilation: enabled

Compilation events (10 events):
Event: 231.720 Thread 0x000000001654c000 nmethod 12672 0x0000000004eec0d0 code [0x0000000004eec220, 0x0000000004eec370]
Event: 231.721 Thread 0x000000001654c000 12673       2       com.android.tools.r8.s.a.b.l.g.o::a (195 bytes)
Event: 231.723 Thread 0x000000001654c000 nmethod 12673 0x0000000004eea990 code [0x0000000004eeac80, 0x0000000004eeb7f8]
Event: 231.724 Thread 0x000000001654c000 12674       2       com.android.tools.r8.s.a.b.l.f::<init> (40 bytes)
Event: 231.725 Thread 0x000000001654c000 nmethod 12674 0x0000000004eea590 code [0x0000000004eea6e0, 0x0000000004eea8b0]
Event: 231.725 Thread 0x000000001654c000 12676       2       com.android.tools.r8.s.a.b.h::a (120 bytes)
Event: 231.726 Thread 0x000000001654c000 nmethod 12676 0x0000000004ee9b10 code [0x0000000004ee9cc0, 0x0000000004eea278]
Event: 231.726 Thread 0x000000001654c000 12679       2       com.android.tools.r8.s.a.b.m.a::f (30 bytes)
Event: 231.726 Thread 0x000000001654c000 nmethod 12679 0x0000000004ee9750 code [0x0000000004ee98c0, 0x0000000004ee9a68]
Event: 231.726 Thread 0x000000001654c000 12680       2       com.android.tools.r8.s.a.b.l.d::a (286 bytes)

GC Heap History (10 events):
Event: 27.339 GC heap before
{Heap before GC invocations=16 (full 3):
 PSYoungGen      total 220160K, used 202240K [0x00000000e0000000, 0x00000000ef380000, 0x0000000100000000)
  eden space 202240K, 100% used [0x00000000e0000000,0x00000000ec580000,0x00000000ec580000)
  from space 17920K, 0% used [0x00000000ed800000,0x00000000ed800000,0x00000000ee980000)
  to   space 18944K, 0% used [0x00000000ec580000,0x00000000ec580000,0x00000000ed800000)
 ParOldGen       total 91648K, used 37655K [0x00000000a0000000, 0x00000000a5980000, 0x00000000e0000000)
  object space 91648K, 41% used [0x00000000a0000000,0x00000000a24c5f30,0x00000000a5980000)
 Metaspace       used 59275K, capacity 61308K, committed 61400K, reserved 1101824K
  class space    used 8094K, capacity 8577K, committed 8664K, reserved 1048576K
Event: 27.387 GC heap after
Heap after GC invocations=16 (full 3):
 PSYoungGen      total 221184K, used 14899K [0x00000000e0000000, 0x00000000f1880000, 0x0000000100000000)
  eden space 202240K, 0% used [0x00000000e0000000,0x00000000e0000000,0x00000000ec580000)
  from space 18944K, 78% used [0x00000000ec580000,0x00000000ed40cc30,0x00000000ed800000)
  to   space 20480K, 0% used [0x00000000f0480000,0x00000000f0480000,0x00000000f1880000)
 ParOldGen       total 91648K, used 37663K [0x00000000a0000000, 0x00000000a5980000, 0x00000000e0000000)
  object space 91648K, 41% used [0x00000000a0000000,0x00000000a24c7f30,0x00000000a5980000)
 Metaspace       used 59275K, capacity 61308K, committed 61400K, reserved 1101824K
  class space    used 8094K, capacity 8577K, committed 8664K, reserved 1048576K
}
Event: 216.023 GC heap before
{Heap before GC invocations=17 (full 3):
 PSYoungGen      total 221184K, used 217139K [0x00000000e0000000, 0x00000000f1880000, 0x0000000100000000)
  eden space 202240K, 100% used [0x00000000e0000000,0x00000000ec580000,0x00000000ec580000)
  from space 18944K, 78% used [0x00000000ec580000,0x00000000ed40cc30,0x00000000ed800000)
  to   space 20480K, 0% used [0x00000000f0480000,0x00000000f0480000,0x00000000f1880000)
 ParOldGen       total 91648K, used 37663K [0x00000000a0000000, 0x00000000a5980000, 0x00000000e0000000)
  object space 91648K, 41% used [0x00000000a0000000,0x00000000a24c7f30,0x00000000a5980000)
 Metaspace       used 69198K, capacity 71636K, committed 71896K, reserved 1112064K
  class space    used 9286K, capacity 9887K, committed 9944K, reserved 1048576K
Event: 216.108 GC heap after
Heap after GC invocations=17 (full 3):
 PSYoungGen      total 258048K, used 20456K [0x00000000e0000000, 0x00000000f2200000, 0x0000000100000000)
  eden space 237568K, 0% used [0x00000000e0000000,0x00000000e0000000,0x00000000ee800000)
  from space 20480K, 99% used [0x00000000f0480000,0x00000000f187a090,0x00000000f1880000)
  to   space 29184K, 0% used [0x00000000ee800000,0x00000000ee800000,0x00000000f0480000)
 ParOldGen       total 91648K, used 52938K [0x00000000a0000000, 0x00000000a5980000, 0x00000000e0000000)
  object space 91648K, 57% used [0x00000000a0000000,0x00000000a33b2960,0x00000000a5980000)
 Metaspace       used 69198K, capacity 71636K, committed 71896K, reserved 1112064K
  class space    used 9286K, capacity 9887K, committed 9944K, reserved 1048576K
}
Event: 223.671 GC heap before
{Heap before GC invocations=18 (full 3):
 PSYoungGen      total 258048K, used 258024K [0x00000000e0000000, 0x00000000f2200000, 0x0000000100000000)
  eden space 237568K, 100% used [0x00000000e0000000,0x00000000ee800000,0x00000000ee800000)
  from space 20480K, 99% used [0x00000000f0480000,0x00000000f187a090,0x00000000f1880000)
  to   space 29184K, 0% used [0x00000000ee800000,0x00000000ee800000,0x00000000f0480000)
 ParOldGen       total 91648K, used 52938K [0x00000000a0000000, 0x00000000a5980000, 0x00000000e0000000)
  object space 91648K, 57% used [0x00000000a0000000,0x00000000a33b2960,0x00000000a5980000)
 Metaspace       used 76439K, capacity 79110K, committed 79320K, reserved 1118208K
  class space    used 10077K, capacity 10682K, committed 10712K, reserved 1048576K
Event: 223.842 GC heap after
Heap after GC invocations=18 (full 3):
 PSYoungGen      total 266752K, used 29175K [0x00000000e0000000, 0x00000000f6780000, 0x0000000100000000)
  eden space 237568K, 0% used [0x00000000e0000000,0x00000000e0000000,0x00000000ee800000)
  from space 29184K, 99% used [0x00000000ee800000,0x00000000f047dda0,0x00000000f0480000)
  to   space 41984K, 0% used [0x00000000f3e80000,0x00000000f3e80000,0x00000000f6780000)
 ParOldGen       total 91648K, used 73852K [0x00000000a0000000, 0x00000000a5980000, 0x00000000e0000000)
  object space 91648K, 80% used [0x00000000a0000000,0x00000000a481f1d8,0x00000000a5980000)
 Metaspace       used 76439K, capacity 79110K, committed 79320K, reserved 1118208K
  class space    used 10077K, capacity 10682K, committed 10712K, reserved 1048576K
}
Event: 223.842 GC heap before
{Heap before GC invocations=19 (full 4):
 PSYoungGen      total 266752K, used 29175K [0x00000000e0000000, 0x00000000f6780000, 0x0000000100000000)
  eden space 237568K, 0% used [0x00000000e0000000,0x00000000e0000000,0x00000000ee800000)
  from space 29184K, 99% used [0x00000000ee800000,0x00000000f047dda0,0x00000000f0480000)
  to   space 41984K, 0% used [0x00000000f3e80000,0x00000000f3e80000,0x00000000f6780000)
 ParOldGen       total 91648K, used 73852K [0x00000000a0000000, 0x00000000a5980000, 0x00000000e0000000)
  object space 91648K, 80% used [0x00000000a0000000,0x00000000a481f1d8,0x00000000a5980000)
 Metaspace       used 76439K, capacity 79110K, committed 79320K, reserved 1118208K
  class space    used 10077K, capacity 10682K, committed 10712K, reserved 1048576K
Event: 224.614 GC heap after
Heap after GC invocations=19 (full 4):
 PSYoungGen      total 266752K, used 0K [0x00000000e0000000, 0x00000000f6780000, 0x0000000100000000)
  eden space 237568K, 0% used [0x00000000e0000000,0x00000000e0000000,0x00000000ee800000)
  from space 29184K, 0% used [0x00000000ee800000,0x00000000ee800000,0x00000000f0480000)
  to   space 41984K, 0% used [0x00000000f3e80000,0x00000000f3e80000,0x00000000f6780000)
 ParOldGen       total 91648K, used 76520K [0x00000000a0000000, 0x00000000a5980000, 0x00000000e0000000)
  object space 91648K, 83% used [0x00000000a0000000,0x00000000a4aba1d0,0x00000000a5980000)
 Metaspace       used 76436K, capacity 79098K, committed 79320K, reserved 1118208K
  class space    used 10076K, capacity 10680K, committed 10712K, reserved 1048576K
}
Event: 227.271 GC heap before
{Heap before GC invocations=20 (full 5):
 PSYoungGen      total 266752K, used 237568K [0x00000000e0000000, 0x00000000f6780000, 0x0000000100000000)
  eden space 237568K, 100% used [0x00000000e0000000,0x00000000ee800000,0x00000000ee800000)
  from space 29184K, 0% used [0x00000000ee800000,0x00000000ee800000,0x00000000f0480000)
  to   space 41984K, 0% used [0x00000000f3e80000,0x00000000f3e80000,0x00000000f6780000)
 ParOldGen       total 91648K, used 76520K [0x00000000a0000000, 0x00000000a5980000, 0x00000000e0000000)
  object space 91648K, 83% used [0x00000000a0000000,0x00000000a4aba1d0,0x00000000a5980000)
 Metaspace       used 76942K, capacity 79564K, committed 79960K, reserved 1118208K
  class space    used 10119K, capacity 10721K, committed 10840K, reserved 1048576K
Event: 227.744 GC heap after
Heap after GC invocations=20 (full 5):
 PSYoungGen      total 266752K, used 0K [0x00000000e0000000, 0x00000000f6780000, 0x0000000100000000)
  eden space 237568K, 0% used [0x00000000e0000000,0x00000000e0000000,0x00000000ee800000)
  from space 29184K, 0% used [0x00000000ee800000,0x00000000ee800000,0x00000000f0480000)
  to   space 41984K, 0% used [0x00000000f3e80000,0x00000000f3e80000,0x00000000f6780000)
 ParOldGen       total 91648K, used 88787K [0x00000000a0000000, 0x00000000a5980000, 0x00000000e0000000)
  object space 91648K, 96% used [0x00000000a0000000,0x00000000a56b4e00,0x00000000a5980000)
 Metaspace       used 76642K, capacity 79200K, committed 79960K, reserved 1118208K
  class space    used 10083K, capacity 10681K, committed 10840K, reserved 1048576K
}

Deoptimization events (10 events):
Event: 229.744 Thread 0x0000000018261000 Uncommon trap: reason=unstable_if action=reinterpret pc=0x0000000004581fb4 method=java.util.HashMap.computeIfAbsent(Ljava/lang/Object;Ljava/util/function/Function;)Ljava/lang/Object; @ 145
Event: 229.898 Thread 0x0000000018261000 Uncommon trap: reason=array_check action=maybe_recompile pc=0x0000000004e27bb0 method=java.util.TimSort.binarySort([Ljava/lang/Object;IIILjava/util/Comparator;)V @ 193
Event: 229.898 Thread 0x0000000018261000 Uncommon trap: reason=array_check action=maybe_recompile pc=0x0000000004e27ad4 method=java.util.TimSort.binarySort([Ljava/lang/Object;IIILjava/util/Comparator;)V @ 215
Event: 229.898 Thread 0x0000000018261000 Uncommon trap: reason=array_check action=maybe_recompile pc=0x0000000004e27ad4 method=java.util.TimSort.binarySort([Ljava/lang/Object;IIILjava/util/Comparator;)V @ 215
Event: 230.007 Thread 0x0000000018261000 Uncommon trap: reason=unstable_if action=reinterpret pc=0x00000000039b7c68 method=java.util.Arrays.equals([Ljava/lang/Object;[Ljava/lang/Object;)Z @ 47
Event: 230.046 Thread 0x000000001c3b4000 Uncommon trap: reason=class_check action=maybe_recompile pc=0x00000000048867a4 method=java.io.BufferedOutputStream.write([BII)V @ 20
Event: 230.893 Thread 0x000000001c3b2800 Uncommon trap: reason=array_check action=maybe_recompile pc=0x0000000004e4eacc method=java.util.TimSort.reverseRange([Ljava/lang/Object;II)V @ 20
Event: 230.899 Thread 0x000000001c3b2800 Uncommon trap: reason=array_check action=maybe_recompile pc=0x0000000004e4e914 method=java.util.TimSort.binarySort([Ljava/lang/Object;IIILjava/util/Comparator;)V @ 183
Event: 230.899 Thread 0x000000001c3b2800 Uncommon trap: reason=array_check action=maybe_recompile pc=0x0000000004e4e914 method=java.util.TimSort.binarySort([Ljava/lang/Object;IIILjava/util/Comparator;)V @ 183
Event: 231.332 Thread 0x0000000018262800 Uncommon trap: reason=unstable_if action=reinterpret pc=0x0000000004dde644 method=com.android.tools.r8.graph.d0.a([C)I @ 29

Classes redefined (0 events):
No events

Internal exceptions (10 events):
Event: 228.098 Thread 0x000000001c3af800 Exception <a 'java/lang/NoSuchMethodError': <clinit>> (0x00000000e25b0998) thrown at [D:\src\AOSP-openjdk-cygwin\jdk8u\hotspot\src\share\vm\prims\jni.cpp, line 1614]
Event: 228.101 Thread 0x000000001c3af800 Exception <a 'java/lang/NoSuchMethodError': <clinit>> (0x00000000e25c9238) thrown at [D:\src\AOSP-openjdk-cygwin\jdk8u\hotspot\src\share\vm\prims\jni.cpp, line 1614]
Event: 228.231 Thread 0x0000000018261000 Exception <a 'sun/nio/fs/WindowsException'> (0x00000000e294d670) thrown at [D:\src\AOSP-openjdk-cygwin\jdk8u\hotspot\src\share\vm\prims\jni.cpp, line 710]
Event: 229.256 Thread 0x0000000018261000 Exception <a 'java/lang/NoSuchMethodError': java.lang.Object.lambda$maxBy$1(Ljava/util/Comparator;Ljava/lang/Object;Ljava/lang/Object;)Ljava/lang/Object;> (0x00000000e3956668) thrown at [D:\src\AOSP-openjdk-cygwin\jdk8u\hotspot\src\share\vm\interpreter\li
Event: 229.975 Thread 0x0000000018261000 Exception <a 'sun/nio/fs/WindowsException'> (0x00000000e45f1a90) thrown at [D:\src\AOSP-openjdk-cygwin\jdk8u\hotspot\src\share\vm\prims\jni.cpp, line 710]
Event: 230.001 Thread 0x0000000018261000 Exception <a 'sun/nio/fs/WindowsException'> (0x00000000e464b6d0) thrown at [D:\src\AOSP-openjdk-cygwin\jdk8u\hotspot\src\share\vm\prims\jni.cpp, line 710]
Event: 230.014 Thread 0x0000000018261000 Exception <a 'sun/nio/fs/WindowsException'> (0x00000000e4658e38) thrown at [D:\src\AOSP-openjdk-cygwin\jdk8u\hotspot\src\share\vm\prims\jni.cpp, line 710]
Event: 230.028 Thread 0x0000000018261000 Exception <a 'sun/nio/fs/WindowsException'> (0x00000000e4662238) thrown at [D:\src\AOSP-openjdk-cygwin\jdk8u\hotspot\src\share\vm\prims\jni.cpp, line 710]
Event: 230.899 Thread 0x000000001c3b2800 Exception <a 'java/lang/NoSuchMethodError': <clinit>> (0x00000000e5f86998) thrown at [D:\src\AOSP-openjdk-cygwin\jdk8u\hotspot\src\share\vm\prims\jni.cpp, line 1614]
Event: 231.249 Thread 0x0000000018262800 Exception <a 'sun/nio/fs/WindowsException'> (0x00000000e661a410) thrown at [D:\src\AOSP-openjdk-cygwin\jdk8u\hotspot\src\share\vm\prims\jni.cpp, line 710]

Events (10 events):
Event: 231.316 loading class com/android/tools/r8/dex/c done
Event: 231.317 loading class com/android/tools/r8/graph/f0
Event: 231.317 loading class com/android/tools/r8/graph/f0 done
Event: 231.317 loading class com/android/tools/r8/graph/f0
Event: 231.317 loading class com/android/tools/r8/graph/f0 done
Event: 231.317 loading class com/android/tools/r8/dex/j
Event: 231.317 loading class com/android/tools/r8/dex/j done
Event: 231.332 Thread 0x0000000018262800 Uncommon trap: trap_request=0xffffff65 fr.pc=0x0000000004dde644
Event: 231.332 Thread 0x0000000018262800 DEOPT PACKING pc=0x0000000004dde644 sp=0x000000002573d920
Event: 231.332 Thread 0x0000000018262800 DEOPT UNPACKING pc=0x0000000002e6557b sp=0x000000002573d8c8 mode 2


Dynamic libraries:
0x00007ff7b67f0000 - 0x00007ff7b6821000 	C:\Program Files\Android\Android Studio1\jre\bin\java.exe
0x00007ff82eee0000 - 0x00007ff82f0cd000 	C:\Windows\SYSTEM32\ntdll.dll
0x00007ff82e640000 - 0x00007ff82e6f3000 	C:\Windows\System32\KERNEL32.DLL
0x00007ff82ba60000 - 0x00007ff82bcf3000 	C:\Windows\System32\KERNELBASE.dll
0x00007ff82eb20000 - 0x00007ff82ebc3000 	C:\Windows\System32\ADVAPI32.dll
0x00007ff82e8b0000 - 0x00007ff82e94e000 	C:\Windows\System32\msvcrt.dll
0x00007ff82e5a0000 - 0x00007ff82e63e000 	C:\Windows\System32\sechost.dll
0x00007ff82c6c0000 - 0x00007ff82c7e2000 	C:\Windows\System32\RPCRT4.dll
0x00007ff82e710000 - 0x00007ff82e8a7000 	C:\Windows\System32\USER32.dll
0x00007ff82b940000 - 0x00007ff82b960000 	C:\Windows\System32\win32u.dll
0x00007ff82de20000 - 0x00007ff82de49000 	C:\Windows\System32\GDI32.dll
0x00007ff82bf90000 - 0x00007ff82c129000 	C:\Windows\System32\gdi32full.dll
0x00007ff82b8a0000 - 0x00007ff82b940000 	C:\Windows\System32\msvcp_win.dll
0x00007ff82b960000 - 0x00007ff82ba5a000 	C:\Windows\System32\ucrtbase.dll
0x00007ff81f410000 - 0x00007ff81f689000 	C:\Windows\WinSxS\amd64_microsoft.windows.common-controls_6595b64144ccf1df_6.0.17763.1098_none_de762ed45346ee8a\COMCTL32.dll
0x00007ff82c1e0000 - 0x00007ff82c50c000 	C:\Windows\System32\combase.dll
0x00007ff82afd0000 - 0x00007ff82b04e000 	C:\Windows\System32\bcryptPrimitives.dll
0x00007ff82ea20000 - 0x00007ff82ea4e000 	C:\Windows\System32\IMM32.DLL
0x0000000060140000 - 0x0000000060212000 	C:\Program Files\Android\Android Studio1\jre\jre\bin\msvcr100.dll
0x000000005f480000 - 0x000000005fcc6000 	C:\Program Files\Android\Android Studio1\jre\jre\bin\server\jvm.dll
0x00007ff82de50000 - 0x00007ff82de58000 	C:\Windows\System32\PSAPI.DLL
0x00007ff811ec0000 - 0x00007ff811ec9000 	C:\Windows\SYSTEM32\WSOCK32.dll
0x00007ff82e9b0000 - 0x00007ff82ea1d000 	C:\Windows\System32\WS2_32.dll
0x00007ff829020000 - 0x00007ff829044000 	C:\Windows\SYSTEM32\WINMM.dll
0x00007ff81dbf0000 - 0x00007ff81dbfa000 	C:\Windows\SYSTEM32\VERSION.dll
0x00007ff828ff0000 - 0x00007ff82901d000 	C:\Windows\SYSTEM32\WINMMBASE.dll
0x00007ff82bd00000 - 0x00007ff82bd4a000 	C:\Windows\System32\cfgmgr32.dll
0x00007ff8278b0000 - 0x00007ff8278bf000 	C:\Program Files\Android\Android Studio1\jre\jre\bin\verify.dll
0x00007ff827860000 - 0x00007ff827889000 	C:\Program Files\Android\Android Studio1\jre\jre\bin\java.dll
0x00007ff827840000 - 0x00007ff827856000 	C:\Program Files\Android\Android Studio1\jre\jre\bin\zip.dll
0x00007ff82c920000 - 0x00007ff82de14000 	C:\Windows\System32\SHELL32.dll
0x00007ff82c130000 - 0x00007ff82c1d8000 	C:\Windows\System32\shcore.dll
0x00007ff82b150000 - 0x00007ff82b89d000 	C:\Windows\System32\windows.storage.dll
0x00007ff82af20000 - 0x00007ff82af44000 	C:\Windows\System32\profapi.dll
0x00007ff82af50000 - 0x00007ff82afad000 	C:\Windows\System32\powrprof.dll
0x00007ff82e950000 - 0x00007ff82e9a2000 	C:\Windows\System32\shlwapi.dll
0x00007ff82af00000 - 0x00007ff82af11000 	C:\Windows\System32\kernel.appcore.dll
0x00007ff82b100000 - 0x00007ff82b117000 	C:\Windows\System32\cryptsp.dll
0x00007ff827820000 - 0x00007ff82783a000 	C:\Program Files\Android\Android Studio1\jre\jre\bin\net.dll
0x00007ff820ba0000 - 0x00007ff820d77000 	C:\Windows\SYSTEM32\urlmon.dll
0x00007ff820f30000 - 0x00007ff8211d8000 	C:\Windows\SYSTEM32\iertutil.dll
0x00007ff82a8e0000 - 0x00007ff82a8ec000 	C:\Windows\SYSTEM32\CRYPTBASE.DLL
0x00007ff82a710000 - 0x00007ff82a777000 	C:\Windows\system32\mswsock.dll
0x00007ff827800000 - 0x00007ff827813000 	C:\Program Files\Android\Android Studio1\jre\jre\bin\nio.dll
0x00007ff81eb90000 - 0x00007ff81ebb6000 	C:\Users\deCrypt3d\.gradle\native\30\windows-amd64\native-platform.dll
0x00007ff8277f0000 - 0x00007ff8277fd000 	C:\Program Files\Android\Android Studio1\jre\jre\bin\management.dll
0x00007ff82a290000 - 0x00007ff82a2c3000 	C:\Windows\system32\rsaenh.dll
0x00007ff82b120000 - 0x00007ff82b146000 	C:\Windows\System32\bcrypt.dll
0x00007ff82ae00000 - 0x00007ff82ae28000 	C:\Windows\SYSTEM32\USERENV.dll
0x00007ff82a430000 - 0x00007ff82a46d000 	C:\Windows\SYSTEM32\IPHLPAPI.DLL
0x00007ff82ed00000 - 0x00007ff82ed08000 	C:\Windows\System32\NSI.dll
0x00007ff820b80000 - 0x00007ff820b96000 	C:\Windows\SYSTEM32\dhcpcsvc6.DLL
0x00007ff820b60000 - 0x00007ff820b7c000 	C:\Windows\SYSTEM32\dhcpcsvc.DLL
0x00007ff82a470000 - 0x00007ff82a536000 	C:\Windows\SYSTEM32\DNSAPI.dll

VM Arguments:
jvm_args: -Xmx1536m -Dfile.encoding=windows-1252 -Duser.country=ID -Duser.language=en -Duser.variant 
java_command: org.gradle.launcher.daemon.bootstrap.GradleDaemon 5.6.4
java_class_path (initial): C:\Users\deCrypt3d\.gradle\wrapper\dists\gradle-5.6.4-all\ankdp27end7byghfw1q2sw75f\gradle-5.6.4\lib\gradle-launcher-5.6.4.jar
Launcher Type: SUN_STANDARD

Environment Variables:
PATH=C:\ProgramData\Oracle\Java\javapath;C:\Program Files (x86)\Common Files\Intel\Shared Files\cpp\bin\Intel64;C:\Windows\system32;C:\Windows;C:\Windows\System32\Wbem;C:\Windows\System32\WindowsPowerShell\v1.0\;C:\xampp\php;C:\ProgramData\ComposerSetup\bin;C:\Program Files\PuTTY\;C:\Program Files\nodejs\;%JAVA_HOME%\bin;C:\SDK\gradle-6.3\bin;C:\Program Files (x86)\GtkSharp\2.12\bin;C:\Users\deCrypt3d\AppData\Local\Microsoft\WindowsApps;C:\Users\deCrypt3d\AppData\Roaming\Composer\vendor\bin;C:\Users\deCrypt3d\AppData\Roaming\npm;
USERNAME=deCrypt3d
OS=Windows_NT
PROCESSOR_IDENTIFIER=Intel64 Family 6 Model 58 Stepping 9, GenuineIntel



---------------  S Y S T E M  ---------------

OS: Windows 10.0 , 64 bit Build 17763 (10.0.17763.475)

CPU:total 2 (initial active 2) (2 cores per cpu, 1 threads per core) family 6 model 58 stepping 9, cmov, cx8, fxsr, mmx, sse, sse2, sse3, ssse3, sse4.1, sse4.2, popcnt, clmul, erms, tsc, tscinvbit, tscinv

Memory: 4k page, physical 3880804k(341448k free), swap 3880804k(5728k free)

vm_info: OpenJDK 64-Bit Server VM (25.212-b04) for windows-amd64 JRE (1.8.0_212-release-1586-b04), built by "builder" with MS VC++ 10.0 (VS2010)

time: Mon Jul 13 13:18:37 2020
timezone: SE Asia Standard Time
elapsed time: 231 seconds (0d 0h 3m 51s)

