#
# There is insufficient memory for the Java Runtime Environment to continue.
# Native memory allocation (malloc) failed to allocate 1051536 bytes for Chunk::new
# Possible reasons:
#   The system is out of physical RAM or swap space
#   The process is running with CompressedOops enabled, and the Java Heap may be blocking the growth of the native heap
# Possible solutions:
#   Reduce memory load on the system
#   Increase physical memory or swap space
#   Check if swap backing store is full
#   Decrease Java heap size (-Xmx/-Xms)
#   Decrease number of Java threads
#   Decrease Java thread stack sizes (-Xss)
#   Set larger code cache with -XX:ReservedCodeCacheSize=
#   JVM is running with Unscaled Compressed Oops mode in which the Java heap is
#     placed in the first 4GB address space. The Java Heap base address is the
#     maximum limit for the native heap growth. Please use -XX:HeapBaseMinAddress
#     to set the Java Heap base and to place the Java Heap above 4GB virtual address.
# This output file may be truncated or incomplete.
#
#  Out of Memory Error (allocation.cpp:389), pid=7408, tid=0x0000000000001c44
#
# JRE version: OpenJDK Runtime Environment (8.0_212-b04) (build 1.8.0_212-release-1586-b04)
# Java VM: OpenJDK 64-Bit Server VM (25.212-b04 mixed mode windows-amd64 compressed oops)
# Failed to write core dump. Minidumps are not enabled by default on client versions of Windows
#

---------------  T H R E A D  ---------------

Current thread (0x0000000016048800):  JavaThread "C2 CompilerThread0" daemon [_thread_in_native, id=7236, stack(0x0000000017080000,0x0000000017180000)]

Stack: [0x0000000017080000,0x0000000017180000]
[error occurred during error reporting (printing stack bounds), id 0xc0000005]

Native frames: (J=compiled Java code, j=interpreted, Vv=VM code, C=native code)


Current CompileTask:
C2:  40686 11231       4       com.android.tools.r8.graph.r0::c (515 bytes)


---------------  P R O C E S S  ---------------

Java Threads: ( => current thread )
  0x000000001d924000 JavaThread "WorkerExecutor Queue Thread 2" [_thread_in_native, id=5656, stack(0x0000000023020000,0x0000000023120000)]
  0x000000001d925800 JavaThread "WorkerExecutor Queue" [_thread_blocked, id=3960, stack(0x0000000022f20000,0x0000000023020000)]
  0x000000001d923800 JavaThread "ForkJoinPool.commonPool-worker-0" daemon [_thread_blocked, id=2008, stack(0x0000000022a10000,0x0000000022b10000)]
  0x000000001d921000 JavaThread "Cache worker for Java compile cache (D:\Semangat Tugas Akhir\Main Project\PajakAir\.gradle\5.6.4\javaCompile)" [_thread_blocked, id=2032, stack(0x0000000020e40000,0x0000000020f40000)]
  0x000000001d920800 JavaThread "Cache worker for Java compile cache (C:\Users\deCrypt3d\.gradle\caches\5.6.4\javaCompile)" [_thread_blocked, id=8092, stack(0x0000000020d40000,0x0000000020e40000)]
  0x000000001d919800 JavaThread "Cache worker for execution history cache (D:\Semangat Tugas Akhir\Main Project\PajakAir\.gradle\5.6.4\executionHistory)" [_thread_blocked, id=6384, stack(0x0000000020c40000,0x0000000020d40000)]
  0x000000001d91e000 JavaThread "Execution worker for ':'" [_thread_blocked, id=1420, stack(0x0000000020940000,0x0000000020a40000)]
  0x000000001d91d800 JavaThread "Cache worker for file content cache (D:\Semangat Tugas Akhir\Main Project\PajakAir\.gradle\5.6.4\fileContent)" [_thread_blocked, id=6436, stack(0x0000000020440000,0x0000000020540000)]
  0x000000001d91c000 JavaThread "Cache worker for file content cache (C:\Users\deCrypt3d\.gradle\caches\5.6.4\fileContent)" [_thread_blocked, id=7760, stack(0x0000000020340000,0x0000000020440000)]
  0x000000001d91b000 JavaThread "Memory manager" [_thread_blocked, id=6224, stack(0x0000000020240000,0x0000000020340000)]
  0x000000001d91c800 JavaThread "Cache worker for Build Output Cleanup Cache (D:\Semangat Tugas Akhir\Main Project\PajakAir\.gradle\buildOutputCleanup)" [_thread_blocked, id=2676, stack(0x000000001f740000,0x000000001f840000)]
  0x000000001d919000 JavaThread "Build operations Thread 2" [_thread_blocked, id=3848, stack(0x000000001f240000,0x000000001f340000)]
  0x000000001d918000 JavaThread "Build operations" [_thread_blocked, id=7800, stack(0x000000001f140000,0x000000001f240000)]
  0x000000001d91f000 JavaThread "Cache worker for execution history cache (C:\Users\deCrypt3d\.gradle\caches\5.6.4\executionHistory)" [_thread_blocked, id=6244, stack(0x000000001ebc0000,0x000000001ecc0000)]
  0x000000001d917800 JavaThread "Cache worker for cache directory md-rule (C:\Users\deCrypt3d\.gradle\caches\5.6.4\md-rule)" [_thread_blocked, id=596, stack(0x000000001eac0000,0x000000001ebc0000)]
  0x0000000019822800 JavaThread "Cache worker for cache directory md-supplier (C:\Users\deCrypt3d\.gradle\caches\5.6.4\md-supplier)" [_thread_blocked, id=3224, stack(0x000000001e9c0000,0x000000001eac0000)]
  0x000000001981c800 JavaThread "Cache worker for file hash cache (D:\Semangat Tugas Akhir\Main Project\PajakAir\.gradle\5.6.4\fileHashes)" [_thread_blocked, id=7764, stack(0x000000001cef0000,0x000000001cff0000)]
  0x000000001981e800 JavaThread "Cache worker for journal cache (C:\Users\deCrypt3d\.gradle\caches\journal-1)" [_thread_blocked, id=1428, stack(0x000000001b6a0000,0x000000001b7a0000)]
  0x0000000019823000 JavaThread "File lock request listener" [_thread_in_native, id=3720, stack(0x000000001b5a0000,0x000000001b6a0000)]
  0x000000001981f800 JavaThread "Cache worker for file hash cache (C:\Users\deCrypt3d\.gradle\caches\5.6.4\fileHashes)" [_thread_blocked, id=6964, stack(0x000000001b2a0000,0x000000001b3a0000)]
  0x000000001783f000 JavaThread "Thread-9" [_thread_blocked, id=6900, stack(0x000000001b1a0000,0x000000001b2a0000)]
  0x0000000018ffc800 JavaThread "Stdin handler" [_thread_blocked, id=60, stack(0x000000001b0a0000,0x000000001b1a0000)]
  0x0000000018fdc800 JavaThread "Asynchronous log dispatcher for DefaultDaemonConnection: socket connection from /127.0.0.1:50452 to /127.0.0.1:50453" [_thread_blocked, id=8176, stack(0x000000001afa0000,0x000000001b0a0000)]
  0x0000000018ffa800 JavaThread "Daemon worker" [_thread_blocked, id=8136, stack(0x000000001aea0000,0x000000001afa0000)]
  0x0000000018ff8000 JavaThread "Cancel handler" [_thread_blocked, id=7772, stack(0x000000001ada0000,0x000000001aea0000)]
  0x00000000197db000 JavaThread "Handler for socket connection from /127.0.0.1:50452 to /127.0.0.1:50453" [_thread_in_native, id=2728, stack(0x000000001aaa0000,0x000000001aba0000)]
  0x00000000197d4800 JavaThread "Daemon" [_thread_blocked, id=8172, stack(0x000000001a9a0000,0x000000001aaa0000)]
  0x00000000197e6000 JavaThread "Daemon periodic checks" [_thread_blocked, id=456, stack(0x000000001a8a0000,0x000000001a9a0000)]
  0x0000000018f83000 JavaThread "Incoming local TCP Connector on port 50452" [_thread_in_native, id=7572, stack(0x0000000019690000,0x0000000019790000)]
  0x0000000018e4c800 JavaThread "Daemon health stats" [_thread_blocked, id=7320, stack(0x0000000019050000,0x0000000019150000)]
  0x00000000160ac800 JavaThread "Service Thread" daemon [_thread_blocked, id=5016, stack(0x0000000017280000,0x0000000017380000)]
  0x000000001604b800 JavaThread "C1 CompilerThread1" daemon [_thread_in_native, id=1208, stack(0x0000000017180000,0x0000000017280000)]
=>0x0000000016048800 JavaThread "C2 CompilerThread0" daemon [_thread_in_native, id=7236, stack(0x0000000017080000,0x0000000017180000)]
  0x0000000016047000 JavaThread "Attach Listener" daemon [_thread_blocked, id=6264, stack(0x0000000016f80000,0x0000000017080000)]
  0x0000000016044000 JavaThread "Signal Dispatcher" daemon [_thread_blocked, id=2108, stack(0x0000000016e80000,0x0000000016f80000)]
  0x0000000002917800 JavaThread "Finalizer" daemon [_thread_blocked, id=7828, stack(0x0000000016c80000,0x0000000016d80000)]
  0x0000000016037000 JavaThread "Reference Handler" daemon [_thread_blocked, id=5844, stack(0x0000000016b80000,0x0000000016c80000)]
  0x00000000025ce000 JavaThread "main" [_thread_blocked, id=7020, stack(0x0000000002620000,0x0000000002720000)]

Other Threads:
  0x0000000016015800 VMThread [stack: 0x0000000016a80000,0x0000000016b80000] [id=7804]
  0x00000000160b9800 WatcherThread [stack: 0x0000000017380000,0x0000000017480000] [id=7488]

VM state:not at safepoint (normal execution)

VM Mutex/Monitor currently owned by a thread: None

OutOfMemory and StackOverflow Exception counts:
OutOfMemoryError java_heap_errors=1

heap address: 0x00000000a0000000, size: 1536 MB, Compressed Oops mode: 32-bit
Narrow klass base: 0x0000000000000000, Narrow klass shift: 3
Compressed class space size: 1073741824 Address: 0x0000000100000000

Heap:
 PSYoungGen      total 294400K, used 17386K [0x00000000e0000000, 0x00000000f8780000, 0x0000000100000000)
  eden space 253952K, 6% used [0x00000000e0000000,0x00000000e10faaf8,0x00000000ef800000)
  from space 40448K, 0% used [0x00000000f6000000,0x00000000f6000000,0x00000000f8780000)
  to   space 26112K, 0% used [0x00000000ef800000,0x00000000ef800000,0x00000000f1180000)
 ParOldGen       total 88064K, used 64569K [0x00000000a0000000, 0x00000000a5600000, 0x00000000e0000000)
  object space 88064K, 73% used [0x00000000a0000000,0x00000000a3f0e6e0,0x00000000a5600000)
 Metaspace       used 74564K, capacity 77214K, committed 77440K, reserved 1116160K
  class space    used 9977K, capacity 10586K, committed 10624K, reserved 1048576K

Card table byte_map: [0x0000000011ce0000,0x0000000011ff0000] byte_map_base: 0x00000000117e0000

Marking Bits: (ParMarkBitMap*) 0x0000000052489f30
 Begin Bits: [0x00000000123f0000, 0x0000000013bf0000)
 End Bits:   [0x0000000013bf0000, 0x00000000153f0000)

Polling page: 0x00000000007c0000

CodeCache: size=245760Kb used=31106Kb max_used=31106Kb free=214653Kb
 bounds [0x0000000002920000, 0x00000000047a0000, 0x0000000011920000]
 total_blobs=10577 nmethods=9728 adapters=761
 compilation: enabled

Compilation events (10 events):
Event: 40.641 Thread 0x000000001604b800 nmethod 11355 0x000000000478dd90 code [0x000000000478df20, 0x000000000478e308]
Event: 40.642 Thread 0x000000001604b800 11356       3       com.android.tools.r8.B.a.a.f::a (148 bytes)
Event: 40.642 Thread 0x000000001604b800 nmethod 11356 0x000000000478e510 code [0x000000000478e6c0, 0x000000000478ebe8]
Event: 40.643 Thread 0x000000001604b800 11357       3       com.android.tools.r8.B.a.a.f::f (45 bytes)
Event: 40.644 Thread 0x000000001604b800 nmethod 11357 0x000000000478f010 code [0x000000000478f1a0, 0x000000000478f5e8]
Event: 40.646 Thread 0x000000001604b800 11358       3       com.android.tools.r8.graph.s0$a::a (54 bytes)
Event: 40.647 Thread 0x000000001604b800 nmethod 11358 0x000000000478f910 code [0x000000000478fb40, 0x0000000004790778]
Event: 40.647 Thread 0x000000001604b800 11359       3       com.android.tools.r8.graph.s0$a::a (731 bytes)
Event: 40.656 Thread 0x000000001604b800 nmethod 11359 0x0000000004790f90 code [0x0000000004791800, 0x0000000004798b78]
Event: 40.657 Thread 0x000000001604b800 11360       3       com.android.tools.r8.B.a.a.f::a (3659 bytes)

GC Heap History (10 events):
Event: 28.112 GC heap before
{Heap before GC invocations=16 (full 3):
 PSYoungGen      total 230400K, used 212480K [0x00000000e0000000, 0x00000000ef580000, 0x0000000100000000)
  eden space 212480K, 100% used [0x00000000e0000000,0x00000000ecf80000,0x00000000ecf80000)
  from space 17920K, 0% used [0x00000000ee200000,0x00000000ee200000,0x00000000ef380000)
  to   space 18944K, 0% used [0x00000000ecf80000,0x00000000ecf80000,0x00000000ee200000)
 ParOldGen       total 88064K, used 37743K [0x00000000a0000000, 0x00000000a5600000, 0x00000000e0000000)
  object space 88064K, 42% used [0x00000000a0000000,0x00000000a24dbea0,0x00000000a5600000)
 Metaspace       used 60533K, capacity 62616K, committed 62720K, reserved 1103872K
  class space    used 8219K, capacity 8671K, committed 8704K, reserved 1048576K
Event: 28.163 GC heap after
Heap after GC invocations=16 (full 3):
 PSYoungGen      total 231424K, used 18341K [0x00000000e0000000, 0x00000000f2680000, 0x0000000100000000)
  eden space 212480K, 0% used [0x00000000e0000000,0x00000000e0000000,0x00000000ecf80000)
  from space 18944K, 96% used [0x00000000ecf80000,0x00000000ee1694f0,0x00000000ee200000)
  to   space 21504K, 0% used [0x00000000f1180000,0x00000000f1180000,0x00000000f2680000)
 ParOldGen       total 88064K, used 37751K [0x00000000a0000000, 0x00000000a5600000, 0x00000000e0000000)
  object space 88064K, 42% used [0x00000000a0000000,0x00000000a24ddea0,0x00000000a5600000)
 Metaspace       used 60533K, capacity 62616K, committed 62720K, reserved 1103872K
  class space    used 8219K, capacity 8671K, committed 8704K, reserved 1048576K
}
Event: 35.412 GC heap before
{Heap before GC invocations=17 (full 3):
 PSYoungGen      total 231424K, used 230821K [0x00000000e0000000, 0x00000000f2680000, 0x0000000100000000)
  eden space 212480K, 100% used [0x00000000e0000000,0x00000000ecf80000,0x00000000ecf80000)
  from space 18944K, 96% used [0x00000000ecf80000,0x00000000ee1694f0,0x00000000ee200000)
  to   space 21504K, 0% used [0x00000000f1180000,0x00000000f1180000,0x00000000f2680000)
 ParOldGen       total 88064K, used 37751K [0x00000000a0000000, 0x00000000a5600000, 0x00000000e0000000)
  object space 88064K, 42% used [0x00000000a0000000,0x00000000a24ddea0,0x00000000a5600000)
 Metaspace       used 68253K, capacity 70502K, committed 70528K, reserved 1110016K
  class space    used 9049K, capacity 9580K, committed 9600K, reserved 1048576K
Event: 35.483 GC heap after
Heap after GC invocations=17 (full 3):
 PSYoungGen      total 275456K, used 21478K [0x00000000e0000000, 0x00000000f2c00000, 0x0000000100000000)
  eden space 253952K, 0% used [0x00000000e0000000,0x00000000e0000000,0x00000000ef800000)
  from space 21504K, 99% used [0x00000000f1180000,0x00000000f26798c8,0x00000000f2680000)
  to   space 26112K, 0% used [0x00000000ef800000,0x00000000ef800000,0x00000000f1180000)
 ParOldGen       total 88064K, used 41208K [0x00000000a0000000, 0x00000000a5600000, 0x00000000e0000000)
  object space 88064K, 46% used [0x00000000a0000000,0x00000000a283e328,0x00000000a5600000)
 Metaspace       used 68253K, capacity 70502K, committed 70528K, reserved 1110016K
  class space    used 9049K, capacity 9580K, committed 9600K, reserved 1048576K
}
Event: 38.018 GC heap before
{Heap before GC invocations=18 (full 3):
 PSYoungGen      total 275456K, used 275430K [0x00000000e0000000, 0x00000000f2c00000, 0x0000000100000000)
  eden space 253952K, 100% used [0x00000000e0000000,0x00000000ef800000,0x00000000ef800000)
  from space 21504K, 99% used [0x00000000f1180000,0x00000000f26798c8,0x00000000f2680000)
  to   space 26112K, 0% used [0x00000000ef800000,0x00000000ef800000,0x00000000f1180000)
 ParOldGen       total 88064K, used 41208K [0x00000000a0000000, 0x00000000a5600000, 0x00000000e0000000)
  object space 88064K, 46% used [0x00000000a0000000,0x00000000a283e328,0x00000000a5600000)
 Metaspace       used 69462K, capacity 71818K, committed 71936K, reserved 1112064K
  class space    used 9203K, capacity 9726K, committed 9728K, reserved 1048576K
Event: 38.147 GC heap after
Heap after GC invocations=18 (full 3):
 PSYoungGen      total 280064K, used 26105K [0x00000000e0000000, 0x00000000f8780000, 0x0000000100000000)
  eden space 253952K, 0% used [0x00000000e0000000,0x00000000e0000000,0x00000000ef800000)
  from space 26112K, 99% used [0x00000000ef800000,0x00000000f117e7f8,0x00000000f1180000)
  to   space 40448K, 0% used [0x00000000f6000000,0x00000000f6000000,0x00000000f8780000)
 ParOldGen       total 88064K, used 68662K [0x00000000a0000000, 0x00000000a5600000, 0x00000000e0000000)
  object space 88064K, 77% used [0x00000000a0000000,0x00000000a430db08,0x00000000a5600000)
 Metaspace       used 69462K, capacity 71818K, committed 71936K, reserved 1112064K
  class space    used 9203K, capacity 9726K, committed 9728K, reserved 1048576K
}
Event: 39.027 GC heap before
{Heap before GC invocations=19 (full 3):
 PSYoungGen      total 280064K, used 51260K [0x00000000e0000000, 0x00000000f8780000, 0x0000000100000000)
  eden space 253952K, 9% used [0x00000000e0000000,0x00000000e1890820,0x00000000ef800000)
  from space 26112K, 99% used [0x00000000ef800000,0x00000000f117e7f8,0x00000000f1180000)
  to   space 40448K, 0% used [0x00000000f6000000,0x00000000f6000000,0x00000000f8780000)
 ParOldGen       total 88064K, used 68662K [0x00000000a0000000, 0x00000000a5600000, 0x00000000e0000000)
  object space 88064K, 77% used [0x00000000a0000000,0x00000000a430db08,0x00000000a5600000)
 Metaspace       used 72771K, capacity 75266K, committed 75392K, reserved 1118208K
  class space    used 9687K, capacity 10298K, committed 10368K, reserved 1048576K
Event: 39.060 GC heap after
Heap after GC invocations=19 (full 3):
 PSYoungGen      total 294400K, used 4190K [0x00000000e0000000, 0x00000000f8780000, 0x0000000100000000)
  eden space 253952K, 0% used [0x00000000e0000000,0x00000000e0000000,0x00000000ef800000)
  from space 40448K, 10% used [0x00000000f6000000,0x00000000f6417b10,0x00000000f8780000)
  to   space 26112K, 0% used [0x00000000ef800000,0x00000000ef800000,0x00000000f1180000)
 ParOldGen       total 88064K, used 77946K [0x00000000a0000000, 0x00000000a5600000, 0x00000000e0000000)
  object space 88064K, 88% used [0x00000000a0000000,0x00000000a4c1ea70,0x00000000a5600000)
 Metaspace       used 72771K, capacity 75266K, committed 75392K, reserved 1118208K
  class space    used 9687K, capacity 10298K, committed 10368K, reserved 1048576K
}
Event: 39.060 GC heap before
{Heap before GC invocations=20 (full 4):
 PSYoungGen      total 294400K, used 4190K [0x00000000e0000000, 0x00000000f8780000, 0x0000000100000000)
  eden space 253952K, 0% used [0x00000000e0000000,0x00000000e0000000,0x00000000ef800000)
  from space 40448K, 10% used [0x00000000f6000000,0x00000000f6417b10,0x00000000f8780000)
  to   space 26112K, 0% used [0x00000000ef800000,0x00000000ef800000,0x00000000f1180000)
 ParOldGen       total 88064K, used 77946K [0x00000000a0000000, 0x00000000a5600000, 0x00000000e0000000)
  object space 88064K, 88% used [0x00000000a0000000,0x00000000a4c1ea70,0x00000000a5600000)
 Metaspace       used 72771K, capacity 75266K, committed 75392K, reserved 1118208K
  class space    used 9687K, capacity 10298K, committed 10368K, reserved 1048576K
Event: 39.552 GC heap after
Heap after GC invocations=20 (full 4):
 PSYoungGen      total 294400K, used 0K [0x00000000e0000000, 0x00000000f8780000, 0x0000000100000000)
  eden space 253952K, 0% used [0x00000000e0000000,0x00000000e0000000,0x00000000ef800000)
  from space 40448K, 0% used [0x00000000f6000000,0x00000000f6000000,0x00000000f8780000)
  to   space 26112K, 0% used [0x00000000ef800000,0x00000000ef800000,0x00000000f1180000)
 ParOldGen       total 88064K, used 64569K [0x00000000a0000000, 0x00000000a5600000, 0x00000000e0000000)
  object space 88064K, 73% used [0x00000000a0000000,0x00000000a3f0e6e0,0x00000000a5600000)
 Metaspace       used 72151K, capacity 74608K, committed 75392K, reserved 1116160K
  class space    used 9622K, capacity 10225K, committed 10368K, reserved 1048576K
}

Deoptimization events (10 events):
Event: 38.996 Thread 0x000000001d924000 Uncommon trap: reason=unstable_if action=reinterpret pc=0x0000000004378680 method=com.android.tools.r8.utils.O.d(I)Z @ 45
Event: 40.227 Thread 0x000000001d924000 Uncommon trap: reason=unstable_if action=reinterpret pc=0x00000000040836b4 method=java.util.HashMap.computeIfAbsent(Ljava/lang/Object;Ljava/util/function/Function;)Ljava/lang/Object; @ 145
Event: 40.439 Thread 0x000000001d924000 Uncommon trap: reason=unstable_if action=reinterpret pc=0x0000000004382644 method=com.android.tools.r8.graph.d0.a([C)I @ 29
Event: 40.497 Thread 0x000000001d924000 Uncommon trap: reason=unstable_if action=reinterpret pc=0x00000000042042a0 method=java.util.Arrays.equals([B[B)Z @ 41
Event: 40.632 Thread 0x000000001d924000 Uncommon trap: reason=unstable_if action=reinterpret pc=0x00000000045bc0c8 method=com.android.tools.r8.B.a.a.f.a(II[C)Ljava/lang/String; @ 32
Event: 40.632 Thread 0x000000001d924000 Uncommon trap: reason=unstable_if action=reinterpret pc=0x0000000004003abc method=com.android.tools.r8.graph.d0.a(C)I @ 1
Event: 40.632 Thread 0x000000001d924000 Uncommon trap: reason=unstable_if action=reinterpret pc=0x00000000042a74ac method=com.android.tools.r8.graph.d0.a(C[BI)I @ 1
Event: 40.639 Thread 0x000000001d924000 Uncommon trap: reason=unstable_if action=reinterpret pc=0x000000000408a35c method=com.android.tools.r8.B.a.a.f.a(II[C)Ljava/lang/String; @ 32
Event: 40.641 Thread 0x000000001d924000 Uncommon trap: reason=unstable_if action=reinterpret pc=0x000000000426d6a0 method=com.android.tools.r8.B.a.a.f.a(II[C)Ljava/lang/String; @ 32
Event: 40.642 Thread 0x000000001d924000 Uncommon trap: reason=unstable_if action=reinterpret pc=0x00000000041111fc method=com.android.tools.r8.B.a.a.f.a(II[C)Ljava/lang/String; @ 32

Classes redefined (0 events):
No events

Internal exceptions (10 events):
Event: 27.046 Thread 0x000000001d91e000 Exception <a 'java/lang/NoSuchMethodError': java.lang.Object.lambda$comparingByKey$bbdbfea9$1(Ljava/util/Map$Entry;Ljava/util/Map$Entry;)I> (0x00000000eaecce08) thrown at [D:\src\AOSP-openjdk-cygwin\jdk8u\hotspot\src\share\vm\interpreter\linkResolver.cpp,
Event: 29.839 Thread 0x000000001d91e000 Implicit null exception at 0x00000000040e9ad8 to 0x00000000040e9b0e
Event: 35.487 Thread 0x000000001d923800 Exception <a 'sun/nio/fs/WindowsException'> (0x00000000e0088c60) thrown at [D:\src\AOSP-openjdk-cygwin\jdk8u\hotspot\src\share\vm\prims\jni.cpp, line 710]
Event: 35.499 Thread 0x000000001d926800 Exception <a 'java/lang/NoSuchMethodError': java.lang.Object.lambda$static$0(Ljava/lang/String;)Z> (0x00000000e006b688) thrown at [D:\src\AOSP-openjdk-cygwin\jdk8u\hotspot\src\share\vm\interpreter\linkResolver.cpp, line 620]
Event: 37.695 Thread 0x000000001d91e000 Exception <a 'java/lang/NoSuchMethodError': <clinit>> (0x00000000ef195908) thrown at [D:\src\AOSP-openjdk-cygwin\jdk8u\hotspot\src\share\vm\prims\jni.cpp, line 1614]
Event: 37.698 Thread 0x000000001d91e000 Exception <a 'java/lang/NoSuchMethodError': <clinit>> (0x00000000ef1b1fb8) thrown at [D:\src\AOSP-openjdk-cygwin\jdk8u\hotspot\src\share\vm\prims\jni.cpp, line 1614]
Event: 38.249 Thread 0x000000001d925800 Exception <a 'java/lang/OutOfMemoryError'> (0x00000000e054e450) thrown at [D:\src\AOSP-openjdk-cygwin\jdk8u\hotspot\src\share\vm\prims\jni.cpp, line 736]
Event: 38.272 Thread 0x000000001d924000 Exception <a 'sun/nio/fs/WindowsException'> (0x00000000e093f7a0) thrown at [D:\src\AOSP-openjdk-cygwin\jdk8u\hotspot\src\share\vm\prims\jni.cpp, line 710]
Event: 38.402 Thread 0x000000001d924000 Exception <a 'java/lang/NoSuchMethodError': java.lang.Object.lambda$identity$2(Ljava/lang/Object;)Ljava/lang/Object;> (0x00000000e0b6c038) thrown at [D:\src\AOSP-openjdk-cygwin\jdk8u\hotspot\src\share\vm\interpreter\linkResolver.cpp, line 620]
Event: 39.697 Thread 0x000000001d924000 Exception <a 'java/lang/NoSuchMethodError': java.lang.Object.lambda$maxBy$1(Ljava/util/Comparator;Ljava/lang/Object;Ljava/lang/Object;)Ljava/lang/Object;> (0x00000000e030cff0) thrown at [D:\src\AOSP-openjdk-cygwin\jdk8u\hotspot\src\share\vm\interpreter\li

Events (10 events):
Event: 40.641 Thread 0x000000001d924000 Uncommon trap: trap_request=0xffffff65 fr.pc=0x000000000426d6a0
Event: 40.641 Thread 0x000000001d924000 DEOPT PACKING pc=0x000000000426d6a0 sp=0x000000002311ced0
Event: 40.641 Thread 0x000000001d924000 DEOPT UNPACKING pc=0x000000000296557b sp=0x000000002311cea8 mode 2
Event: 40.642 Thread 0x000000001d924000 Uncommon trap: trap_request=0xffffff65 fr.pc=0x00000000041111fc
Event: 40.642 Thread 0x000000001d924000 DEOPT PACKING pc=0x00000000041111fc sp=0x000000002311cec0
Event: 40.642 Thread 0x000000001d924000 DEOPT UNPACKING pc=0x000000000296557b sp=0x000000002311cea8 mode 2
Event: 40.643 Thread 0x000000001d924000 DEOPT PACKING pc=0x000000000478d0c6 sp=0x000000002311ccb0
Event: 40.643 Thread 0x000000001d924000 DEOPT UNPACKING pc=0x00000000029671d0 sp=0x000000002311ca10 mode 0
Event: 40.657 Thread 0x000000001d924000 DEOPT PACKING pc=0x000000000478d0c6 sp=0x000000002311ce20
Event: 40.657 Thread 0x000000001d924000 DEOPT UNPACKING pc=0x00000000029671d0 sp=0x000000002311cb80 mode 0


Dynamic libraries:
0x00007ff7100a0000 - 0x00007ff7100d1000 	C:\Program Files\Android\Android Studio1\jre\bin\java.exe
0x00007ffc6e780000 - 0x00007ffc6e96d000 	C:\Windows\SYSTEM32\ntdll.dll
0x00007ffc6cfc0000 - 0x00007ffc6d073000 	C:\Windows\System32\KERNEL32.DLL
0x00007ffc6ae50000 - 0x00007ffc6b0e3000 	C:\Windows\System32\KERNELBASE.dll
0x00007ffc6c470000 - 0x00007ffc6c513000 	C:\Windows\System32\ADVAPI32.dll
0x00007ffc6bf10000 - 0x00007ffc6bfae000 	C:\Windows\System32\msvcrt.dll
0x00007ffc6e6e0000 - 0x00007ffc6e77e000 	C:\Windows\System32\sechost.dll
0x00007ffc6cca0000 - 0x00007ffc6cdc2000 	C:\Windows\System32\RPCRT4.dll
0x00007ffc6c220000 - 0x00007ffc6c3b7000 	C:\Windows\System32\USER32.dll
0x00007ffc6b1c0000 - 0x00007ffc6b1e0000 	C:\Windows\System32\win32u.dll
0x00007ffc6bdb0000 - 0x00007ffc6bdd9000 	C:\Windows\System32\GDI32.dll
0x00007ffc6ab00000 - 0x00007ffc6ac99000 	C:\Windows\System32\gdi32full.dll
0x00007ffc6b930000 - 0x00007ffc6b9d0000 	C:\Windows\System32\msvcp_win.dll
0x00007ffc6ad50000 - 0x00007ffc6ae4a000 	C:\Windows\System32\ucrtbase.dll
0x00007ffc5ea30000 - 0x00007ffc5eca9000 	C:\Windows\WinSxS\amd64_microsoft.windows.common-controls_6595b64144ccf1df_6.0.17763.1098_none_de762ed45346ee8a\COMCTL32.dll
0x00007ffc6ba80000 - 0x00007ffc6bdac000 	C:\Windows\System32\combase.dll
0x00007ffc6a870000 - 0x00007ffc6a8ee000 	C:\Windows\System32\bcryptPrimitives.dll
0x00007ffc6cb90000 - 0x00007ffc6cbbe000 	C:\Windows\System32\IMM32.DLL
0x00000000528e0000 - 0x00000000529b2000 	C:\Program Files\Android\Android Studio1\jre\jre\bin\msvcr100.dll
0x0000000051cc0000 - 0x0000000052506000 	C:\Program Files\Android\Android Studio1\jre\jre\bin\server\jvm.dll
0x00007ffc6cb00000 - 0x00007ffc6cb08000 	C:\Windows\System32\PSAPI.DLL
0x00007ffc4f310000 - 0x00007ffc4f319000 	C:\Windows\SYSTEM32\WSOCK32.dll
0x00007ffc6cc20000 - 0x00007ffc6cc8d000 	C:\Windows\System32\WS2_32.dll
0x00007ffc671b0000 - 0x00007ffc671d4000 	C:\Windows\SYSTEM32\WINMM.dll
0x00007ffc69330000 - 0x00007ffc6933a000 	C:\Windows\SYSTEM32\VERSION.dll
0x00007ffc67180000 - 0x00007ffc671ad000 	C:\Windows\SYSTEM32\WINMMBASE.dll
0x00007ffc6b0f0000 - 0x00007ffc6b13a000 	C:\Windows\System32\cfgmgr32.dll
0x00007ffc635f0000 - 0x00007ffc635ff000 	C:\Program Files\Android\Android Studio1\jre\jre\bin\verify.dll
0x00007ffc63350000 - 0x00007ffc63379000 	C:\Program Files\Android\Android Studio1\jre\jre\bin\java.dll
0x00007ffc635d0000 - 0x00007ffc635e6000 	C:\Program Files\Android\Android Studio1\jre\jre\bin\zip.dll
0x00007ffc6d080000 - 0x00007ffc6e574000 	C:\Windows\System32\SHELL32.dll
0x00007ffc6b9d0000 - 0x00007ffc6ba78000 	C:\Windows\System32\shcore.dll
0x00007ffc6b1e0000 - 0x00007ffc6b92d000 	C:\Windows\System32\windows.storage.dll
0x00007ffc6a7e0000 - 0x00007ffc6a804000 	C:\Windows\System32\profapi.dll
0x00007ffc6a810000 - 0x00007ffc6a86d000 	C:\Windows\System32\powrprof.dll
0x00007ffc6c010000 - 0x00007ffc6c062000 	C:\Windows\System32\shlwapi.dll
0x00007ffc6a7a0000 - 0x00007ffc6a7b1000 	C:\Windows\System32\kernel.appcore.dll
0x00007ffc6b1a0000 - 0x00007ffc6b1b7000 	C:\Windows\System32\cryptsp.dll
0x00007ffc62f80000 - 0x00007ffc62f9a000 	C:\Program Files\Android\Android Studio1\jre\jre\bin\net.dll
0x00007ffc60060000 - 0x00007ffc60237000 	C:\Windows\SYSTEM32\urlmon.dll
0x00007ffc603f0000 - 0x00007ffc60698000 	C:\Windows\SYSTEM32\iertutil.dll
0x00007ffc6a180000 - 0x00007ffc6a18c000 	C:\Windows\SYSTEM32\CRYPTBASE.DLL
0x00007ffc69fb0000 - 0x00007ffc6a017000 	C:\Windows\system32\mswsock.dll
0x00007ffc62e60000 - 0x00007ffc62e73000 	C:\Program Files\Android\Android Studio1\jre\jre\bin\nio.dll
0x00007ffc5caf0000 - 0x00007ffc5cb16000 	C:\Users\deCrypt3d\.gradle\native\30\windows-amd64\native-platform.dll
0x00007ffc63460000 - 0x00007ffc6346d000 	C:\Program Files\Android\Android Studio1\jre\jre\bin\management.dll
0x00007ffc69b30000 - 0x00007ffc69b63000 	C:\Windows\system32\rsaenh.dll
0x00007ffc6aad0000 - 0x00007ffc6aaf6000 	C:\Windows\System32\bcrypt.dll
0x00007ffc6a6a0000 - 0x00007ffc6a6c8000 	C:\Windows\SYSTEM32\USERENV.dll
0x00007ffc69cd0000 - 0x00007ffc69d0d000 	C:\Windows\SYSTEM32\IPHLPAPI.DLL
0x00007ffc6c520000 - 0x00007ffc6c528000 	C:\Windows\System32\NSI.dll
0x00007ffc62820000 - 0x00007ffc62836000 	C:\Windows\SYSTEM32\dhcpcsvc6.DLL
0x00007ffc62320000 - 0x00007ffc6233c000 	C:\Windows\SYSTEM32\dhcpcsvc.DLL
0x00007ffc69d20000 - 0x00007ffc69de6000 	C:\Windows\SYSTEM32\DNSAPI.dll

VM Arguments:
jvm_args: -Xmx1536m -Dfile.encoding=windows-1252 -Duser.country=ID -Duser.language=en -Duser.variant 
java_command: org.gradle.launcher.daemon.bootstrap.GradleDaemon 5.6.4
java_class_path (initial): C:\Users\deCrypt3d\.gradle\wrapper\dists\gradle-5.6.4-all\ankdp27end7byghfw1q2sw75f\gradle-5.6.4\lib\gradle-launcher-5.6.4.jar
Launcher Type: SUN_STANDARD

Environment Variables:
PATH=C:\ProgramData\Oracle\Java\javapath;C:\Program Files (x86)\Common Files\Intel\Shared Files\cpp\bin\Intel64;C:\Windows\system32;C:\Windows;C:\Windows\System32\Wbem;C:\Windows\System32\WindowsPowerShell\v1.0\;C:\xampp\php;C:\ProgramData\ComposerSetup\bin;C:\Program Files\PuTTY\;C:\Program Files\nodejs\;%JAVA_HOME%\bin;C:\SDK\gradle-6.3\bin;C:\Program Files (x86)\GtkSharp\2.12\bin;C:\Users\deCrypt3d\AppData\Local\Microsoft\WindowsApps;C:\Users\deCrypt3d\AppData\Roaming\Composer\vendor\bin;C:\Users\deCrypt3d\AppData\Roaming\npm;
USERNAME=deCrypt3d
OS=Windows_NT
PROCESSOR_IDENTIFIER=Intel64 Family 6 Model 58 Stepping 9, GenuineIntel



---------------  S Y S T E M  ---------------

OS: Windows 10.0 , 64 bit Build 17763 (10.0.17763.475)

CPU:total 2 (initial active 2) (2 cores per cpu, 1 threads per core) family 6 model 58 stepping 9, cmov, cx8, fxsr, mmx, sse, sse2, sse3, ssse3, sse4.1, sse4.2, popcnt, clmul, erms, tsc, tscinvbit, tscinv

Memory: 4k page, physical 3880804k(432804k free), swap 3880804k(4196k free)

vm_info: OpenJDK 64-Bit Server VM (25.212-b04) for windows-amd64 JRE (1.8.0_212-release-1586-b04), built by "builder" with MS VC++ 10.0 (VS2010)

time: Sat Jul 11 03:11:02 2020
timezone: SE Asia Standard Time
elapsed time: 40 seconds (0d 0h 0m 40s)

