#
# There is insufficient memory for the Java Runtime Environment to continue.
# Native memory allocation (malloc) failed to allocate 1846096 bytes for Chunk::new
# Possible reasons:
#   The system is out of physical RAM or swap space
#   The process is running with CompressedOops enabled, and the Java Heap may be blocking the growth of the native heap
# Possible solutions:
#   Reduce memory load on the system
#   Increase physical memory or swap space
#   Check if swap backing store is full
#   Decrease Java heap size (-Xmx/-Xms)
#   Decrease number of Java threads
#   Decrease Java thread stack sizes (-Xss)
#   Set larger code cache with -XX:ReservedCodeCacheSize=
#   JVM is running with Unscaled Compressed Oops mode in which the Java heap is
#     placed in the first 4GB address space. The Java Heap base address is the
#     maximum limit for the native heap growth. Please use -XX:HeapBaseMinAddress
#     to set the Java Heap base and to place the Java Heap above 4GB virtual address.
# This output file may be truncated or incomplete.
#
#  Out of Memory Error (allocation.cpp:389), pid=6824, tid=0x0000000000001cd8
#
# JRE version: OpenJDK Runtime Environment (8.0_212-b04) (build 1.8.0_212-release-1586-b04)
# Java VM: OpenJDK 64-Bit Server VM (25.212-b04 mixed mode windows-amd64 compressed oops)
# Failed to write core dump. Minidumps are not enabled by default on client versions of Windows
#

---------------  T H R E A D  ---------------

Current thread (0x0000000016668800):  JavaThread "C2 CompilerThread0" daemon [_thread_in_native, id=7384, stack(0x00000000176a0000,0x00000000177a0000)]

Stack: [0x00000000176a0000,0x00000000177a0000]
[error occurred during error reporting (printing stack bounds), id 0xc0000005]

Native frames: (J=compiled Java code, j=interpreted, Vv=VM code, C=native code)


Current CompileTask:
C2:2124290 18796 %     4       org.objectweb.asm.ClassReader::readCode @ 71 (5089 bytes)


---------------  P R O C E S S  ---------------

Java Threads: ( => current thread )
  0x000000001e7ab000 JavaThread "Cache worker for Java compile cache (D:\Semangat Tugas Akhir\Main Project\PajakAir\.gradle\5.6.4\javaCompile)" [_thread_in_native, id=184, stack(0x000000002c160000,0x000000002c260000)]
  0x000000001e7b2000 JavaThread "Cache worker for Java compile cache (C:\Users\deCrypt3d\.gradle\caches\5.6.4\javaCompile)" [_thread_blocked, id=8088, stack(0x000000002c060000,0x000000002c160000)]
  0x000000001e7aa000 JavaThread "WorkerExecutor Queue Thread 3" [_thread_blocked, id=980, stack(0x000000002bf60000,0x000000002c060000)]
  0x000000001e7a9800 JavaThread "stdout" [_thread_in_native, id=7872, stack(0x000000002be60000,0x000000002bf60000)]
  0x000000001e7b0800 JavaThread "stderr" [_thread_in_native, id=2760, stack(0x000000002bd60000,0x000000002be60000)]
  0x000000001e7af800 JavaThread "stdout" [_thread_in_native, id=5256, stack(0x000000002bc60000,0x000000002bd60000)]
  0x000000001e7af000 JavaThread "stderr" [_thread_in_native, id=7412, stack(0x000000002bb60000,0x000000002bc60000)]
  0x000000001e7ae000 JavaThread "pool-19-thread-1" [_thread_blocked, id=8052, stack(0x000000002ba60000,0x000000002bb60000)]
  0x000000001e7ad800 JavaThread "WorkerExecutor Queue Thread 2" [_thread_blocked, id=6220, stack(0x000000002b960000,0x000000002ba60000)]
  0x000000001c492000 JavaThread "Cache worker for execution history cache (D:\Semangat Tugas Akhir\Main Project\PajakAir\.gradle\5.6.4\executionHistory)" [_thread_blocked, id=4560, stack(0x000000002b760000,0x000000002b860000)]
  0x000000001c495000 JavaThread "Execution worker for ':'" [_thread_blocked, id=6160, stack(0x000000002b660000,0x000000002b760000)]
  0x000000001c491800 JavaThread "Cache worker for file content cache (D:\Semangat Tugas Akhir\Main Project\PajakAir\.gradle\5.6.4\fileContent)" [_thread_blocked, id=4808, stack(0x000000002b560000,0x000000002b660000)]
  0x000000001c494800 JavaThread "Cache worker for Build Output Cleanup Cache (D:\Semangat Tugas Akhir\Main Project\PajakAir\.gradle\buildOutputCleanup)" [_thread_blocked, id=2928, stack(0x000000002b460000,0x000000002b560000)]
  0x000000001c48a000 JavaThread "Build operations Thread 2" [_thread_blocked, id=2452, stack(0x000000002b360000,0x000000002b460000)]
  0x000000001c490000 JavaThread "Build operations" [_thread_blocked, id=7628, stack(0x000000002b260000,0x000000002b360000)]
  0x000000001c48f000 JavaThread "Cache worker for cache directory md-rule (C:\Users\deCrypt3d\.gradle\caches\5.6.4\md-rule)" [_thread_blocked, id=108, stack(0x000000002b160000,0x000000002b260000)]
  0x000000001c487800 JavaThread "Cache worker for cache directory md-supplier (C:\Users\deCrypt3d\.gradle\caches\5.6.4\md-supplier)" [_thread_blocked, id=5872, stack(0x000000002b060000,0x000000002b160000)]
  0x000000001c489000 JavaThread "Cache worker for file hash cache (D:\Semangat Tugas Akhir\Main Project\PajakAir\.gradle\5.6.4\fileHashes)" [_thread_blocked, id=6380, stack(0x000000002af60000,0x000000002b060000)]
  0x000000001c48a800 JavaThread "Thread-124" [_thread_blocked, id=1176, stack(0x000000002ae60000,0x000000002af60000)]
  0x000000001c48e800 JavaThread "Stdin handler" [_thread_blocked, id=7176, stack(0x000000002ad60000,0x000000002ae60000)]
  0x000000001c488800 JavaThread "Asynchronous log dispatcher for DefaultDaemonConnection: socket connection from /127.0.0.1:49938 to /127.0.0.1:50109" [_thread_blocked, id=5320, stack(0x000000002ac60000,0x000000002ad60000)]
  0x000000001c487000 JavaThread "Cancel handler" [_thread_blocked, id=5424, stack(0x000000002ab60000,0x000000002ac60000)]
  0x000000001c48c000 JavaThread "Handler for socket connection from /127.0.0.1:49938 to /127.0.0.1:50109" [_thread_in_native, id=1336, stack(0x000000002aa60000,0x000000002ab60000)]
  0x000000001c48d800 JavaThread "Daemon worker Thread 6" [_thread_blocked, id=7652, stack(0x0000000029060000,0x0000000029160000)]
  0x000000001c48b800 JavaThread "Daemon Thread 6" [_thread_blocked, id=696, stack(0x0000000028d60000,0x0000000028e60000)]
  0x000000001c486000 JavaThread "MarlinRenderer Disposer" daemon [_thread_blocked, id=7336, stack(0x0000000027960000,0x0000000027a60000)]
  0x000000001836c800 JavaThread "Java2D Disposer" daemon [_thread_blocked, id=1984, stack(0x0000000027860000,0x0000000027960000)]
  0x000000001e7b4000 JavaThread "Cache worker for file content cache (C:\Users\deCrypt3d\.gradle\caches\5.6.4\fileContent)" [_thread_blocked, id=8036, stack(0x0000000026d60000,0x0000000026e60000)]
  0x000000001cd10800 JavaThread "Memory manager" [_thread_blocked, id=7984, stack(0x0000000020900000,0x0000000020a00000)]
  0x000000001cd16800 JavaThread "Cache worker for execution history cache (C:\Users\deCrypt3d\.gradle\caches\5.6.4\executionHistory)" [_thread_blocked, id=1520, stack(0x000000001ec40000,0x000000001ed40000)]
  0x000000001836e000 JavaThread "Cache worker for journal cache (C:\Users\deCrypt3d\.gradle\caches\journal-1)" [_thread_blocked, id=6748, stack(0x000000001acf0000,0x000000001adf0000)]
  0x0000000018367000 JavaThread "File lock request listener" [_thread_in_native, id=1192, stack(0x000000001abf0000,0x000000001acf0000)]
  0x00000000195c1000 JavaThread "Cache worker for file hash cache (C:\Users\deCrypt3d\.gradle\caches\5.6.4\fileHashes)" [_thread_blocked, id=7360, stack(0x000000001a8f0000,0x000000001a9f0000)]
  0x00000000195e0800 JavaThread "Daemon periodic checks" [_thread_blocked, id=7164, stack(0x0000000019ef0000,0x0000000019ff0000)]
  0x00000000195e5000 JavaThread "Incoming local TCP Connector on port 49938" [_thread_in_native, id=8032, stack(0x0000000019cb0000,0x0000000019db0000)]
  0x00000000194c2800 JavaThread "Daemon health stats" [_thread_blocked, id=8024, stack(0x0000000019670000,0x0000000019770000)]
  0x00000000166ca000 JavaThread "Service Thread" daemon [_thread_blocked, id=4100, stack(0x00000000178a0000,0x00000000179a0000)]
  0x00000000166c4800 JavaThread "C1 CompilerThread1" daemon [_thread_blocked, id=2600, stack(0x00000000177a0000,0x00000000178a0000)]
=>0x0000000016668800 JavaThread "C2 CompilerThread0" daemon [_thread_in_native, id=7384, stack(0x00000000176a0000,0x00000000177a0000)]
  0x0000000016667000 JavaThread "Attach Listener" daemon [_thread_blocked, id=7316, stack(0x00000000175a0000,0x00000000176a0000)]
  0x0000000016664000 JavaThread "Signal Dispatcher" daemon [_thread_blocked, id=6408, stack(0x00000000174a0000,0x00000000175a0000)]
  0x0000000002f30800 JavaThread "Finalizer" daemon [_thread_blocked, id=8004, stack(0x00000000172a0000,0x00000000173a0000)]
  0x0000000016657000 JavaThread "Reference Handler" daemon [_thread_blocked, id=4036, stack(0x00000000171a0000,0x00000000172a0000)]
  0x0000000002d3e000 JavaThread "main" [_thread_blocked, id=180, stack(0x0000000002d40000,0x0000000002e40000)]

Other Threads:
  0x0000000016635800 VMThread [stack: 0x00000000170a0000,0x00000000171a0000] [id=5180]
  0x00000000166cc800 WatcherThread [stack: 0x00000000179a0000,0x0000000017aa0000] [id=6744]

VM state:not at safepoint (normal execution)

VM Mutex/Monitor currently owned by a thread: None

heap address: 0x00000000a0000000, size: 1536 MB, Compressed Oops mode: 32-bit
Narrow klass base: 0x0000000000000000, Narrow klass shift: 3
Compressed class space size: 1073741824 Address: 0x0000000100000000

Heap:
 PSYoungGen      total 254464K, used 189251K [0x00000000e0000000, 0x00000000f1e80000, 0x0000000100000000)
  eden space 218624K, 80% used [0x00000000e0000000,0x00000000eab7bb38,0x00000000ed580000)
  from space 35840K, 38% used [0x00000000ef700000,0x00000000f04552e8,0x00000000f1a00000)
  to   space 34304K, 0% used [0x00000000ed580000,0x00000000ed580000,0x00000000ef700000)
 ParOldGen       total 133120K, used 46907K [0x00000000a0000000, 0x00000000a8200000, 0x00000000e0000000)
  object space 133120K, 35% used [0x00000000a0000000,0x00000000a2dcee00,0x00000000a8200000)
 Metaspace       used 98834K, capacity 103465K, committed 104192K, reserved 1140736K
  class space    used 12575K, capacity 13625K, committed 13824K, reserved 1048576K

Card table byte_map: [0x0000000012300000,0x0000000012610000] byte_map_base: 0x0000000011e00000

Marking Bits: (ParMarkBitMap*) 0x0000000060f69f30
 Begin Bits: [0x0000000012a10000, 0x0000000014210000)
 End Bits:   [0x0000000014210000, 0x0000000015a10000)

Polling page: 0x0000000001380000

CodeCache: size=245760Kb used=51196Kb max_used=51196Kb free=194563Kb
 bounds [0x0000000002f40000, 0x0000000006190000, 0x0000000011f40000]
 total_blobs=16181 nmethods=15171 adapters=923
 compilation: enabled

Compilation events (10 events):
Event: 2124.240 Thread 0x00000000166c4800 18839       3       org.gradle.api.file.RelativePath::<init> (8 bytes)
Event: 2124.241 Thread 0x00000000166c4800 nmethod 18839 0x0000000006181c50 code [0x0000000006181dc0, 0x0000000006181f68]
Event: 2124.241 Thread 0x00000000166c4800 18840       1       org.gradle.api.internal.tasks.compile.incremental.analyzer.CachingClassDependenciesAnalyzer::access$000 (5 bytes)
Event: 2124.241 Thread 0x00000000166c4800 nmethod 18840 0x0000000006182010 code [0x0000000006182160, 0x0000000006182250]
Event: 2124.242 Thread 0x00000000166c4800 18841       1       org.gradle.api.internal.tasks.compile.incremental.asm.ClassDependenciesVisitor::getClassDependencies (5 bytes)
Event: 2124.242 Thread 0x00000000166c4800 nmethod 18841 0x00000000061822d0 code [0x0000000006182420, 0x0000000006182530]
Event: 2124.242 Thread 0x00000000166c4800 18842       1       org.gradle.api.internal.tasks.compile.incremental.asm.ClassDependenciesVisitor::isDependencyToAll (5 bytes)
Event: 2124.242 Thread 0x00000000166c4800 nmethod 18842 0x0000000006182590 code [0x00000000061826e0, 0x00000000061827f0]
Event: 2124.242 Thread 0x00000000166c4800 18843       1       org.gradle.api.internal.tasks.compile.incremental.asm.ClassDependenciesVisitor::getConstants (5 bytes)
Event: 2124.242 Thread 0x00000000166c4800 nmethod 18843 0x0000000006182850 code [0x00000000061829a0, 0x0000000006182ab0]

GC Heap History (10 events):
Event: 1859.153 GC heap before
{Heap before GC invocations=20 (full 3):
 PSYoungGen      total 247296K, used 247291K [0x00000000e0000000, 0x00000000f3000000, 0x0000000100000000)
  eden space 222208K, 100% used [0x00000000e0000000,0x00000000ed900000,0x00000000ed900000)
  from space 25088K, 99% used [0x00000000f1780000,0x00000000f2ffef88,0x00000000f3000000)
  to   space 31232K, 0% used [0x00000000ef300000,0x00000000ef300000,0x00000000f1180000)
 ParOldGen       total 92160K, used 57354K [0x00000000a0000000, 0x00000000a5a00000, 0x00000000e0000000)
  object space 92160K, 62% used [0x00000000a0000000,0x00000000a3802a00,0x00000000a5a00000)
 Metaspace       used 86341K, capacity 90861K, committed 91008K, reserved 1128448K
  class space    used 11068K, capacity 12063K, committed 12160K, reserved 1048576K
Event: 1859.286 GC heap after
Heap after GC invocations=20 (full 3):
 PSYoungGen      total 237568K, used 23735K [0x00000000e0000000, 0x00000000f1800000, 0x0000000100000000)
  eden space 213504K, 0% used [0x00000000e0000000,0x00000000e0000000,0x00000000ed080000)
  from space 24064K, 98% used [0x00000000ef300000,0x00000000f0a2dd68,0x00000000f0a80000)
  to   space 13824K, 0% used [0x00000000f0a80000,0x00000000f0a80000,0x00000000f1800000)
 ParOldGen       total 92160K, used 63058K [0x00000000a0000000, 0x00000000a5a00000, 0x00000000e0000000)
  object space 92160K, 68% used [0x00000000a0000000,0x00000000a3d94bf0,0x00000000a5a00000)
 Metaspace       used 86341K, capacity 90861K, committed 91008K, reserved 1128448K
  class space    used 11068K, capacity 12063K, committed 12160K, reserved 1048576K
}
Event: 2086.161 GC heap before
{Heap before GC invocations=21 (full 3):
 PSYoungGen      total 237568K, used 237239K [0x00000000e0000000, 0x00000000f1800000, 0x0000000100000000)
  eden space 213504K, 100% used [0x00000000e0000000,0x00000000ed080000,0x00000000ed080000)
  from space 24064K, 98% used [0x00000000ef300000,0x00000000f0a2dd68,0x00000000f0a80000)
  to   space 13824K, 0% used [0x00000000f0a80000,0x00000000f0a80000,0x00000000f1800000)
 ParOldGen       total 92160K, used 63058K [0x00000000a0000000, 0x00000000a5a00000, 0x00000000e0000000)
  object space 92160K, 68% used [0x00000000a0000000,0x00000000a3d94bf0,0x00000000a5a00000)
 Metaspace       used 89556K, capacity 94901K, committed 94976K, reserved 1132544K
  class space    used 11528K, capacity 12740K, committed 12800K, reserved 1048576K
Event: 2086.272 GC heap after
Heap after GC invocations=21 (full 3):
 PSYoungGen      total 218624K, used 13792K [0x00000000e0000000, 0x00000000f1800000, 0x0000000100000000)
  eden space 204800K, 0% used [0x00000000e0000000,0x00000000e0000000,0x00000000ec800000)
  from space 13824K, 99% used [0x00000000f0a80000,0x00000000f17f8060,0x00000000f1800000)
  to   space 37888K, 0% used [0x00000000ece00000,0x00000000ece00000,0x00000000ef300000)
 ParOldGen       total 92160K, used 80320K [0x00000000a0000000, 0x00000000a5a00000, 0x00000000e0000000)
  object space 92160K, 87% used [0x00000000a0000000,0x00000000a4e700c8,0x00000000a5a00000)
 Metaspace       used 89556K, capacity 94901K, committed 94976K, reserved 1132544K
  class space    used 11528K, capacity 12740K, committed 12800K, reserved 1048576K
}
Event: 2086.272 GC heap before
{Heap before GC invocations=22 (full 4):
 PSYoungGen      total 218624K, used 13792K [0x00000000e0000000, 0x00000000f1800000, 0x0000000100000000)
  eden space 204800K, 0% used [0x00000000e0000000,0x00000000e0000000,0x00000000ec800000)
  from space 13824K, 99% used [0x00000000f0a80000,0x00000000f17f8060,0x00000000f1800000)
  to   space 37888K, 0% used [0x00000000ece00000,0x00000000ece00000,0x00000000ef300000)
 ParOldGen       total 92160K, used 80320K [0x00000000a0000000, 0x00000000a5a00000, 0x00000000e0000000)
  object space 92160K, 87% used [0x00000000a0000000,0x00000000a4e700c8,0x00000000a5a00000)
 Metaspace       used 89556K, capacity 94901K, committed 94976K, reserved 1132544K
  class space    used 11528K, capacity 12740K, committed 12800K, reserved 1048576K
Event: 2086.838 GC heap after
Heap after GC invocations=22 (full 4):
 PSYoungGen      total 218624K, used 0K [0x00000000e0000000, 0x00000000f1800000, 0x0000000100000000)
  eden space 204800K, 0% used [0x00000000e0000000,0x00000000e0000000,0x00000000ec800000)
  from space 13824K, 0% used [0x00000000f0a80000,0x00000000f0a80000,0x00000000f1800000)
  to   space 37888K, 0% used [0x00000000ece00000,0x00000000ece00000,0x00000000ef300000)
 ParOldGen       total 133120K, used 46891K [0x00000000a0000000, 0x00000000a8200000, 0x00000000e0000000)
  object space 133120K, 35% used [0x00000000a0000000,0x00000000a2dcae00,0x00000000a8200000)
 Metaspace       used 87407K, capacity 91731K, committed 94976K, reserved 1132544K
  class space    used 11184K, capacity 12141K, committed 12800K, reserved 1048576K
}
Event: 2108.542 GC heap before
{Heap before GC invocations=23 (full 4):
 PSYoungGen      total 218624K, used 204800K [0x00000000e0000000, 0x00000000f1800000, 0x0000000100000000)
  eden space 204800K, 100% used [0x00000000e0000000,0x00000000ec800000,0x00000000ec800000)
  from space 13824K, 0% used [0x00000000f0a80000,0x00000000f0a80000,0x00000000f1800000)
  to   space 37888K, 0% used [0x00000000ece00000,0x00000000ece00000,0x00000000ef300000)
 ParOldGen       total 133120K, used 46891K [0x00000000a0000000, 0x00000000a8200000, 0x00000000e0000000)
  object space 133120K, 35% used [0x00000000a0000000,0x00000000a2dcae00,0x00000000a8200000)
 Metaspace       used 89787K, capacity 94445K, committed 95232K, reserved 1132544K
  class space    used 11505K, capacity 12579K, committed 12800K, reserved 1048576K
Event: 2108.638 GC heap after
Heap after GC invocations=23 (full 4):
 PSYoungGen      total 248832K, used 16187K [0x00000000e0000000, 0x00000000f1a00000, 0x0000000100000000)
  eden space 210944K, 0% used [0x00000000e0000000,0x00000000e0000000,0x00000000ece00000)
  from space 37888K, 42% used [0x00000000ece00000,0x00000000eddced28,0x00000000ef300000)
  to   space 35840K, 0% used [0x00000000ef700000,0x00000000ef700000,0x00000000f1a00000)
 ParOldGen       total 133120K, used 46899K [0x00000000a0000000, 0x00000000a8200000, 0x00000000e0000000)
  object space 133120K, 35% used [0x00000000a0000000,0x00000000a2dcce00,0x00000000a8200000)
 Metaspace       used 89787K, capacity 94445K, committed 95232K, reserved 1132544K
  class space    used 11505K, capacity 12579K, committed 12800K, reserved 1048576K
}
Event: 2116.167 GC heap before
{Heap before GC invocations=24 (full 4):
 PSYoungGen      total 248832K, used 227131K [0x00000000e0000000, 0x00000000f1a00000, 0x0000000100000000)
  eden space 210944K, 100% used [0x00000000e0000000,0x00000000ece00000,0x00000000ece00000)
  from space 37888K, 42% used [0x00000000ece00000,0x00000000eddced28,0x00000000ef300000)
  to   space 35840K, 0% used [0x00000000ef700000,0x00000000ef700000,0x00000000f1a00000)
 ParOldGen       total 133120K, used 46899K [0x00000000a0000000, 0x00000000a8200000, 0x00000000e0000000)
  object space 133120K, 35% used [0x00000000a0000000,0x00000000a2dcce00,0x00000000a8200000)
 Metaspace       used 90321K, capacity 94979K, committed 95744K, reserved 1132544K
  class space    used 11537K, capacity 12582K, committed 12800K, reserved 1048576K
Event: 2116.209 GC heap after
Heap after GC invocations=24 (full 4):
 PSYoungGen      total 254464K, used 13652K [0x00000000e0000000, 0x00000000f1e80000, 0x0000000100000000)
  eden space 218624K, 0% used [0x00000000e0000000,0x00000000e0000000,0x00000000ed580000)
  from space 35840K, 38% used [0x00000000ef700000,0x00000000f04552e8,0x00000000f1a00000)
  to   space 34304K, 0% used [0x00000000ed580000,0x00000000ed580000,0x00000000ef700000)
 ParOldGen       total 133120K, used 46907K [0x00000000a0000000, 0x00000000a8200000, 0x00000000e0000000)
  object space 133120K, 35% used [0x00000000a0000000,0x00000000a2dcee00,0x00000000a8200000)
 Metaspace       used 90321K, capacity 94979K, committed 95744K, reserved 1132544K
  class space    used 11537K, capacity 12582K, committed 12800K, reserved 1048576K
}

Deoptimization events (10 events):
Event: 2121.165 Thread 0x000000001c495000 Uncommon trap: reason=predicate action=maybe_recompile pc=0x0000000005107c88 method=com.google.common.collect.ImmutableCollection$Builder.addAll(Ljava/lang/Iterable;)Lcom/google/common/collect/ImmutableCollection$Builder; @ 16
Event: 2121.282 Thread 0x000000001c495000 Uncommon trap: reason=class_check action=maybe_recompile pc=0x000000000531ea8c method=java.nio.file.Files.walkFileTree(Ljava/nio/file/Path;Ljava/util/Set;ILjava/nio/file/FileVisitor;)Ljava/nio/file/Path; @ 105
Event: 2121.286 Thread 0x000000001c495000 Uncommon trap: reason=class_check action=maybe_recompile pc=0x000000000531ea8c method=java.nio.file.Files.walkFileTree(Ljava/nio/file/Path;Ljava/util/Set;ILjava/nio/file/FileVisitor;)Ljava/nio/file/Path; @ 105
Event: 2122.062 Thread 0x000000001c495000 Uncommon trap: reason=unstable_if action=reinterpret pc=0x0000000005c9bdb0 method=sun.misc.FloatingDecimal.readJavaFormatString(Ljava/lang/String;)Lsun/misc/FloatingDecimal$ASCIIToBinaryConverter; @ 195
Event: 2122.247 Thread 0x000000001c495000 Uncommon trap: reason=unstable_if action=reinterpret pc=0x0000000005dab4b4 method=java.util.EnumMap.isValidKey(Ljava/lang/Object;)Z @ 16
Event: 2122.264 Thread 0x000000001c495000 Uncommon trap: reason=unstable_if action=reinterpret pc=0x0000000005cc1f50 method=java.lang.StringCoding$StringDecoder.decode([BII)[C @ 20
Event: 2123.502 Thread 0x000000001c495000 Uncommon trap: reason=class_check action=maybe_recompile pc=0x0000000005744830 method=org.gradle.internal.logging.sink.OutputEventTransformer.onOutput(Lorg/gradle/internal/logging/events/OutputEvent;)V @ 371
Event: 2123.503 Thread 0x000000001c495000 Uncommon trap: reason=class_check action=maybe_recompile pc=0x0000000005744830 method=org.gradle.internal.logging.sink.OutputEventTransformer.onOutput(Lorg/gradle/internal/logging/events/OutputEvent;)V @ 371
Event: 2123.503 Thread 0x000000001c495000 Uncommon trap: reason=bimorphic action=maybe_recompile pc=0x00000000033a129c method=java.util.AbstractQueue.clear()V @ 1
Event: 2123.699 Thread 0x000000001e7b2000 Uncommon trap: reason=unstable_if action=reinterpret pc=0x000000000534d6ac method=org.gradle.internal.io.StreamByteBuffer$StreamByteBufferInputStream.readImpl([BII)I @ 49

Classes redefined (0 events):
No events

Internal exceptions (10 events):
Event: 2116.470 Thread 0x000000001c495000 Exception <a 'java/lang/NoSuchMethodError': <clinit>> (0x00000000e06bb250) thrown at [D:\src\AOSP-openjdk-cygwin\jdk8u\hotspot\src\share\vm\prims\jni.cpp, line 1614]
Event: 2116.474 Thread 0x000000001c495000 Implicit null exception at 0x0000000003ca26ff to 0x0000000003ca3da9
Event: 2117.533 Thread 0x000000001c495000 Exception <a 'java/lang/NoSuchMethodError': <clinit>> (0x00000000e34173e0) thrown at [D:\src\AOSP-openjdk-cygwin\jdk8u\hotspot\src\share\vm\prims\jni.cpp, line 1614]
Event: 2117.535 Thread 0x000000001c495000 Exception <a 'java/lang/NoSuchMethodError': <clinit>> (0x00000000e3434dd0) thrown at [D:\src\AOSP-openjdk-cygwin\jdk8u\hotspot\src\share\vm\prims\jni.cpp, line 1614]
Event: 2117.537 Thread 0x000000001c495000 Exception <a 'java/lang/NoSuchMethodError': <clinit>> (0x00000000e3459590) thrown at [D:\src\AOSP-openjdk-cygwin\jdk8u\hotspot\src\share\vm\prims\jni.cpp, line 1614]
Event: 2117.540 Thread 0x000000001c495000 Exception <a 'java/lang/NoSuchMethodError': <clinit>> (0x00000000e34a5580) thrown at [D:\src\AOSP-openjdk-cygwin\jdk8u\hotspot\src\share\vm\prims\jni.cpp, line 1614]
Event: 2117.543 Thread 0x000000001c495000 Exception <a 'java/lang/NoSuchMethodError': <clinit>> (0x00000000e34d2f70) thrown at [D:\src\AOSP-openjdk-cygwin\jdk8u\hotspot\src\share\vm\prims\jni.cpp, line 1614]
Event: 2120.317 Thread 0x000000001e7ad800 Exception <a 'sun/nio/fs/WindowsException'> (0x00000000e4c209d8) thrown at [D:\src\AOSP-openjdk-cygwin\jdk8u\hotspot\src\share\vm\prims\jni.cpp, line 710]
Event: 2120.322 Thread 0x000000001e7ad800 Exception <a 'sun/nio/fs/WindowsException'> (0x00000000e4c3c2c0) thrown at [D:\src\AOSP-openjdk-cygwin\jdk8u\hotspot\src\share\vm\prims\jni.cpp, line 710]
Event: 2120.322 Thread 0x000000001e7ad800 Exception <a 'sun/nio/fs/WindowsException'> (0x00000000e4c3c768) thrown at [D:\src\AOSP-openjdk-cygwin\jdk8u\hotspot\src\share\vm\prims\jni.cpp, line 710]

Events (10 events):
Event: 2123.751 loading class it/unimi/dsi/fastutil/ints/IntListIterator
Event: 2123.751 loading class it/unimi/dsi/fastutil/ints/IntListIterator done
Event: 2123.752 loading class it/unimi/dsi/fastutil/ints/IntList
Event: 2123.752 loading class it/unimi/dsi/fastutil/ints/IntList done
Event: 2123.753 loading class it/unimi/dsi/fastutil/ints/IntIterators$EmptyIterator
Event: 2123.753 loading class it/unimi/dsi/fastutil/ints/IntIterators$EmptyIterator done
Event: 2123.789 Thread 0x000000001c48a000 DEOPT PACKING pc=0x000000000600587d sp=0x000000002b45de80
Event: 2123.789 Thread 0x000000001c48a000 DEOPT UNPACKING pc=0x0000000002f871d0 sp=0x000000002b45db78 mode 0
Event: 2124.151 Thread 0x000000001c48a000 DEOPT PACKING pc=0x00000000038b8b5c sp=0x000000002b45e2b0
Event: 2124.151 Thread 0x000000001c48a000 DEOPT UNPACKING pc=0x0000000002f871d0 sp=0x000000002b45e008 mode 0


Dynamic libraries:
0x00007ff68dce0000 - 0x00007ff68dd11000 	C:\Program Files\Android\Android Studio1\jre\bin\java.exe
0x00007ffdbb680000 - 0x00007ffdbb86d000 	C:\Windows\SYSTEM32\ntdll.dll
0x00007ffdbb2e0000 - 0x00007ffdbb393000 	C:\Windows\System32\KERNEL32.DLL
0x00007ffdb7790000 - 0x00007ffdb7a23000 	C:\Windows\System32\KERNELBASE.dll
0x00007ffdba470000 - 0x00007ffdba513000 	C:\Windows\System32\ADVAPI32.dll
0x00007ffdbb210000 - 0x00007ffdbb2ae000 	C:\Windows\System32\msvcrt.dll
0x00007ffdbaf90000 - 0x00007ffdbb02e000 	C:\Windows\System32\sechost.dll
0x00007ffdbb550000 - 0x00007ffdbb672000 	C:\Windows\System32\RPCRT4.dll
0x00007ffdba110000 - 0x00007ffdba2a7000 	C:\Windows\System32\USER32.dll
0x00007ffdb86d0000 - 0x00007ffdb86f0000 	C:\Windows\System32\win32u.dll
0x00007ffdba2b0000 - 0x00007ffdba2d9000 	C:\Windows\System32\GDI32.dll
0x00007ffdb8290000 - 0x00007ffdb8429000 	C:\Windows\System32\gdi32full.dll
0x00007ffdb8430000 - 0x00007ffdb84d0000 	C:\Windows\System32\msvcp_win.dll
0x00007ffdb8580000 - 0x00007ffdb867a000 	C:\Windows\System32\ucrtbase.dll
0x00007ffdaba40000 - 0x00007ffdabcb9000 	C:\Windows\WinSxS\amd64_microsoft.windows.common-controls_6595b64144ccf1df_6.0.17763.1098_none_de762ed45346ee8a\COMCTL32.dll
0x00007ffdbaa80000 - 0x00007ffdbadac000 	C:\Windows\System32\combase.dll
0x00007ffdb84d0000 - 0x00007ffdb854e000 	C:\Windows\System32\bcryptPrimitives.dll
0x00007ffdbb2b0000 - 0x00007ffdbb2de000 	C:\Windows\System32\IMM32.DLL
0x0000000061490000 - 0x0000000061562000 	C:\Program Files\Android\Android Studio1\jre\jre\bin\msvcr100.dll
0x00000000607a0000 - 0x0000000060fe6000 	C:\Program Files\Android\Android Studio1\jre\jre\bin\server\jvm.dll
0x00007ffdb9e40000 - 0x00007ffdb9e48000 	C:\Windows\System32\PSAPI.DLL
0x00007ffd9daa0000 - 0x00007ffd9daa9000 	C:\Windows\SYSTEM32\WSOCK32.dll
0x00007ffdb88d0000 - 0x00007ffdb893d000 	C:\Windows\System32\WS2_32.dll
0x00007ffdb4440000 - 0x00007ffdb4464000 	C:\Windows\SYSTEM32\WINMM.dll
0x00007ffdaa4a0000 - 0x00007ffdaa4aa000 	C:\Windows\SYSTEM32\VERSION.dll
0x00007ffdb4410000 - 0x00007ffdb443d000 	C:\Windows\SYSTEM32\WINMMBASE.dll
0x00007ffdb8680000 - 0x00007ffdb86ca000 	C:\Windows\System32\cfgmgr32.dll
0x00007ffdb4050000 - 0x00007ffdb405f000 	C:\Program Files\Android\Android Studio1\jre\jre\bin\verify.dll
0x00007ffdb4020000 - 0x00007ffdb4049000 	C:\Program Files\Android\Android Studio1\jre\jre\bin\java.dll
0x00007ffdb3fc0000 - 0x00007ffdb3fd6000 	C:\Program Files\Android\Android Studio1\jre\jre\bin\zip.dll
0x00007ffdb8940000 - 0x00007ffdb9e34000 	C:\Windows\System32\SHELL32.dll
0x00007ffdba9a0000 - 0x00007ffdbaa48000 	C:\Windows\System32\shcore.dll
0x00007ffdb7a90000 - 0x00007ffdb81dd000 	C:\Windows\System32\windows.storage.dll
0x00007ffdb76a0000 - 0x00007ffdb76c4000 	C:\Windows\System32\profapi.dll
0x00007ffdb7710000 - 0x00007ffdb776d000 	C:\Windows\System32\powrprof.dll
0x00007ffdba0b0000 - 0x00007ffdba102000 	C:\Windows\System32\shlwapi.dll
0x00007ffdb76d0000 - 0x00007ffdb76e1000 	C:\Windows\System32\kernel.appcore.dll
0x00007ffdb7770000 - 0x00007ffdb7787000 	C:\Windows\System32\cryptsp.dll
0x00007ffdb3fa0000 - 0x00007ffdb3fba000 	C:\Program Files\Android\Android Studio1\jre\jre\bin\net.dll
0x00007ffdad1b0000 - 0x00007ffdad387000 	C:\Windows\SYSTEM32\urlmon.dll
0x00007ffdad580000 - 0x00007ffdad828000 	C:\Windows\SYSTEM32\iertutil.dll
0x00007ffdb7080000 - 0x00007ffdb708c000 	C:\Windows\SYSTEM32\CRYPTBASE.DLL
0x00007ffdb6eb0000 - 0x00007ffdb6f17000 	C:\Windows\system32\mswsock.dll
0x00007ffdb3f80000 - 0x00007ffdb3f93000 	C:\Program Files\Android\Android Studio1\jre\jre\bin\nio.dll
0x00007ffdab220000 - 0x00007ffdab246000 	C:\Users\deCrypt3d\.gradle\native\30\windows-amd64\native-platform.dll
0x00007ffdb3f70000 - 0x00007ffdb3f7d000 	C:\Program Files\Android\Android Studio1\jre\jre\bin\management.dll
0x00007ffdb6a30000 - 0x00007ffdb6a63000 	C:\Windows\system32\rsaenh.dll
0x00007ffdb8550000 - 0x00007ffdb8576000 	C:\Windows\System32\bcrypt.dll
0x00007ffdb75a0000 - 0x00007ffdb75c8000 	C:\Windows\SYSTEM32\USERENV.dll
0x00007ffdb6bd0000 - 0x00007ffdb6c0d000 	C:\Windows\SYSTEM32\IPHLPAPI.DLL
0x00007ffdbadb0000 - 0x00007ffdbadb8000 	C:\Windows\System32\NSI.dll
0x00007ffdaec50000 - 0x00007ffdaec66000 	C:\Windows\SYSTEM32\dhcpcsvc6.DLL
0x00007ffdad540000 - 0x00007ffdad55c000 	C:\Windows\SYSTEM32\dhcpcsvc.DLL
0x00007ffdb6c10000 - 0x00007ffdb6cd6000 	C:\Windows\SYSTEM32\DNSAPI.dll
0x00007ffdb1620000 - 0x00007ffdb1644000 	C:\Program Files\Android\Android Studio1\jre\jre\bin\sunec.dll
0x00007ffda9d00000 - 0x00007ffda9d0a000 	C:\Windows\System32\rasadhlp.dll
0x00007ffdaac40000 - 0x00007ffdaacb9000 	C:\Windows\System32\fwpuclnt.dll
0x00007ffdb3f40000 - 0x00007ffdb3f4b000 	C:\Program Files\Android\Android Studio1\jre\jre\bin\sunmscapi.dll
0x00007ffdb86f0000 - 0x00007ffdb88cc000 	C:\Windows\System32\CRYPT32.dll
0x00007ffdb76f0000 - 0x00007ffdb7702000 	C:\Windows\System32\MSASN1.dll
0x00007ffda95b0000 - 0x00007ffda974c000 	C:\Program Files\Android\Android Studio1\jre\jre\bin\awt.dll
0x00007ffdb9fe0000 - 0x00007ffdba0a4000 	C:\Windows\System32\OLEAUT32.dll
0x00007ffdb5f80000 - 0x00007ffdb5fae000 	C:\Windows\SYSTEM32\dwmapi.dll
0x00007ffdb4c20000 - 0x00007ffdb51de000 	C:\Windows\SYSTEM32\d2d1.dll
0x00007ffdb59e0000 - 0x00007ffdb5a6c000 	C:\Windows\SYSTEM32\apphelp.dll
0x00007ffdb5c70000 - 0x00007ffdb5d0c000 	C:\Windows\system32\uxtheme.dll

VM Arguments:
jvm_args: -Xmx1536m -Dfile.encoding=windows-1252 -Duser.country=ID -Duser.language=en -Duser.variant 
java_command: org.gradle.launcher.daemon.bootstrap.GradleDaemon 5.6.4
java_class_path (initial): C:\Users\deCrypt3d\.gradle\wrapper\dists\gradle-5.6.4-all\ankdp27end7byghfw1q2sw75f\gradle-5.6.4\lib\gradle-launcher-5.6.4.jar
Launcher Type: SUN_STANDARD

Environment Variables:
PATH=C:\ProgramData\Oracle\Java\javapath;C:\Program Files (x86)\Common Files\Intel\Shared Files\cpp\bin\Intel64;C:\Windows\system32;C:\Windows;C:\Windows\System32\Wbem;C:\Windows\System32\WindowsPowerShell\v1.0\;C:\xampp\php;C:\ProgramData\ComposerSetup\bin;C:\Program Files\PuTTY\;C:\Program Files\nodejs\;%JAVA_HOME%\bin;C:\SDK\gradle-6.3\bin;C:\Users\deCrypt3d\AppData\Local\Microsoft\WindowsApps;C:\Users\deCrypt3d\AppData\Roaming\Composer\vendor\bin;C:\Users\deCrypt3d\AppData\Roaming\npm;
USERNAME=deCrypt3d
OS=Windows_NT
PROCESSOR_IDENTIFIER=Intel64 Family 6 Model 58 Stepping 9, GenuineIntel



---------------  S Y S T E M  ---------------

OS: Windows 10.0 , 64 bit Build 17763 (10.0.17763.475)

CPU:total 2 (initial active 2) (2 cores per cpu, 1 threads per core) family 6 model 58 stepping 9, cmov, cx8, fxsr, mmx, sse, sse2, sse3, ssse3, sse4.1, sse4.2, popcnt, clmul, erms, tsc, tscinvbit, tscinv

Memory: 4k page, physical 3880804k(399036k free), swap 3880804k(5776k free)

vm_info: OpenJDK 64-Bit Server VM (25.212-b04) for windows-amd64 JRE (1.8.0_212-release-1586-b04), built by "builder" with MS VC++ 10.0 (VS2010)

time: Tue Jun 23 21:42:05 2020
timezone: SE Asia Standard Time
elapsed time: 2124 seconds (0d 0h 35m 24s)

