#
# There is insufficient memory for the Java Runtime Environment to continue.
# Native memory allocation (malloc) failed to allocate 32744 bytes for ChunkPool::allocate
# Possible reasons:
#   The system is out of physical RAM or swap space
#   The process is running with CompressedOops enabled, and the Java Heap may be blocking the growth of the native heap
# Possible solutions:
#   Reduce memory load on the system
#   Increase physical memory or swap space
#   Check if swap backing store is full
#   Decrease Java heap size (-Xmx/-Xms)
#   Decrease number of Java threads
#   Decrease Java thread stack sizes (-Xss)
#   Set larger code cache with -XX:ReservedCodeCacheSize=
#   JVM is running with Unscaled Compressed Oops mode in which the Java heap is
#     placed in the first 4GB address space. The Java Heap base address is the
#     maximum limit for the native heap growth. Please use -XX:HeapBaseMinAddress
#     to set the Java Heap base and to place the Java Heap above 4GB virtual address.
# This output file may be truncated or incomplete.
#
#  Out of Memory Error (allocation.cpp:272), pid=7308, tid=0x0000000000001568
#
# JRE version: OpenJDK Runtime Environment (8.0_212-b04) (build 1.8.0_212-release-1586-b04)
# Java VM: OpenJDK 64-Bit Server VM (25.212-b04 mixed mode windows-amd64 compressed oops)
# Failed to write core dump. Minidumps are not enabled by default on client versions of Windows
#

---------------  T H R E A D  ---------------

Current thread (0x0000000016659800):  JavaThread "C2 CompilerThread0" daemon [_thread_in_native, id=5480, stack(0x0000000017690000,0x0000000017790000)]

Stack: [0x0000000017690000,0x0000000017790000]
[error occurred during error reporting (printing stack bounds), id 0xc0000005]

Native frames: (J=compiled Java code, j=interpreted, Vv=VM code, C=native code)


Current CompileTask:
C2: 299655 11820   !   4       com.google.common.reflect.TypeVisitor::visit (225 bytes)


---------------  P R O C E S S  ---------------

Java Threads: ( => current thread )
  0x000000001c34f800 JavaThread "Cache worker for file content cache (D:\Semangat Tugas Akhir\Main Project\PajakAir\.gradle\5.6.4\fileContent)" [_thread_blocked, id=5720, stack(0x0000000026110000,0x0000000026210000)]
  0x000000001c34e800 JavaThread "Cache worker for Build Output Cleanup Cache (D:\Semangat Tugas Akhir\Main Project\PajakAir\.gradle\buildOutputCleanup)" [_thread_blocked, id=9604, stack(0x0000000026010000,0x0000000026110000)]
  0x000000001c354000 JavaThread "Build operations Thread 2" [_thread_blocked, id=9236, stack(0x0000000025f10000,0x0000000026010000)]
  0x000000001c352800 JavaThread "Build operations" [_thread_blocked, id=6308, stack(0x0000000025e10000,0x0000000025f10000)]
  0x000000001c351800 JavaThread "Cache worker for cache directory md-rule (C:\Users\deCrypt3d\.gradle\caches\5.6.4\md-rule)" [_thread_blocked, id=2096, stack(0x0000000025d10000,0x0000000025e10000)]
  0x000000001c34e000 JavaThread "Cache worker for cache directory md-supplier (C:\Users\deCrypt3d\.gradle\caches\5.6.4\md-supplier)" [_thread_blocked, id=8748, stack(0x0000000025c10000,0x0000000025d10000)]
  0x000000001c353000 JavaThread "Cache worker for file hash cache (D:\Semangat Tugas Akhir\Main Project\PajakAir\.gradle\5.6.4\fileHashes)" [_thread_blocked, id=5764, stack(0x0000000025860000,0x0000000025960000)]
  0x000000001c349800 JavaThread "Thread-32" [_thread_blocked, id=2488, stack(0x0000000025760000,0x0000000025860000)]
  0x000000001c350000 JavaThread "Stdin handler" [_thread_blocked, id=6636, stack(0x0000000025660000,0x0000000025760000)]
  0x000000001c34d000 JavaThread "Asynchronous log dispatcher for DefaultDaemonConnection: socket connection from /127.0.0.1:50953 to /127.0.0.1:51012" [_thread_blocked, id=716, stack(0x0000000025560000,0x0000000025660000)]
  0x000000001c346000 JavaThread "Daemon worker Thread 2" [_thread_in_vm, id=3032, stack(0x0000000025460000,0x0000000025560000)]
  0x000000001c345800 JavaThread "Cancel handler" [_thread_blocked, id=7172, stack(0x0000000025360000,0x0000000025460000)]
  0x000000001c34c800 JavaThread "Handler for socket connection from /127.0.0.1:50953 to /127.0.0.1:51012" [_thread_in_native, id=6412, stack(0x0000000025260000,0x0000000025360000)]
  0x000000001c347000 JavaThread "Daemon Thread 2" [_thread_blocked, id=9384, stack(0x0000000025160000,0x0000000025260000)]
  0x000000001cc7c800 JavaThread "Cache worker for file content cache (C:\Users\deCrypt3d\.gradle\caches\5.6.4\fileContent)" [_thread_blocked, id=1484, stack(0x00000000207d0000,0x00000000208d0000)]
  0x000000001cc77800 JavaThread "Memory manager" [_thread_blocked, id=8928, stack(0x00000000206d0000,0x00000000207d0000)]
  0x000000001cc78000 JavaThread "Cache worker for execution history cache (C:\Users\deCrypt3d\.gradle\caches\5.6.4\executionHistory)" [_thread_blocked, id=3884, stack(0x000000001f030000,0x000000001f130000)]
  0x0000000018810800 JavaThread "Cache worker for journal cache (C:\Users\deCrypt3d\.gradle\caches\journal-1)" [_thread_blocked, id=6936, stack(0x000000001bcb0000,0x000000001bdb0000)]
  0x0000000018815800 JavaThread "File lock request listener" [_thread_in_native, id=7240, stack(0x000000001bbb0000,0x000000001bcb0000)]
  0x0000000018816800 JavaThread "Cache worker for file hash cache (C:\Users\deCrypt3d\.gradle\caches\5.6.4\fileHashes)" [_thread_blocked, id=2316, stack(0x000000001bab0000,0x000000001bbb0000)]
  0x0000000019599800 JavaThread "Daemon periodic checks" [_thread_blocked, id=2792, stack(0x0000000019ee0000,0x0000000019fe0000)]
  0x0000000019519000 JavaThread "Incoming local TCP Connector on port 50953" [_thread_in_native, id=2560, stack(0x0000000019ca0000,0x0000000019da0000)]
  0x000000001948e800 JavaThread "Daemon health stats" [_thread_blocked, id=7428, stack(0x0000000019660000,0x0000000019760000)]
  0x00000000166c9000 JavaThread "Service Thread" daemon [_thread_blocked, id=9608, stack(0x0000000017890000,0x0000000017990000)]
  0x000000001665d000 JavaThread "C1 CompilerThread1" daemon [_thread_in_native, id=9296, stack(0x0000000017790000,0x0000000017890000)]
=>0x0000000016659800 JavaThread "C2 CompilerThread0" daemon [_thread_in_native, id=5480, stack(0x0000000017690000,0x0000000017790000)]
  0x0000000016658800 JavaThread "Attach Listener" daemon [_thread_blocked, id=9464, stack(0x0000000017590000,0x0000000017690000)]
  0x0000000016655800 JavaThread "Signal Dispatcher" daemon [_thread_blocked, id=1628, stack(0x0000000017490000,0x0000000017590000)]
  0x0000000002f29000 JavaThread "Finalizer" daemon [_thread_blocked, id=3924, stack(0x0000000017290000,0x0000000017390000)]
  0x0000000002f20800 JavaThread "Reference Handler" daemon [_thread_blocked, id=1644, stack(0x0000000017190000,0x0000000017290000)]
  0x0000000002d2e000 JavaThread "main" [_thread_blocked, id=5168, stack(0x0000000002d30000,0x0000000002e30000)]

Other Threads:
  0x0000000016624800 VMThread [stack: 0x0000000017090000,0x0000000017190000] [id=2064]
  0x00000000166cd800 WatcherThread [stack: 0x0000000017990000,0x0000000017a90000] [id=6824]

VM state:not at safepoint (normal execution)

VM Mutex/Monitor currently owned by a thread: None

heap address: 0x00000000a0000000, size: 1536 MB, Compressed Oops mode: 32-bit
Narrow klass base: 0x0000000000000000, Narrow klass shift: 3
Compressed class space size: 1073741824 Address: 0x0000000100000000

Heap:
 PSYoungGen      total 254976K, used 63584K [0x00000000e0000000, 0x00000000f3180000, 0x0000000100000000)
  eden space 224256K, 28% used [0x00000000e0000000,0x00000000e3e18350,0x00000000edb00000)
  from space 30720K, 0% used [0x00000000edb00000,0x00000000edb00000,0x00000000ef900000)
  to   space 20480K, 0% used [0x00000000ef900000,0x00000000ef900000,0x00000000f0d00000)
 ParOldGen       total 100352K, used 72778K [0x00000000a0000000, 0x00000000a6200000, 0x00000000e0000000)
  object space 100352K, 72% used [0x00000000a0000000,0x00000000a4712af8,0x00000000a6200000)
 Metaspace       used 78470K, capacity 81750K, committed 82008K, reserved 1120256K
  class space    used 10553K, capacity 11272K, committed 11352K, reserved 1048576K

Card table byte_map: [0x00000000122f0000,0x0000000012600000] byte_map_base: 0x0000000011df0000

Marking Bits: (ParMarkBitMap*) 0x0000000070579f30
 Begin Bits: [0x0000000012a00000, 0x0000000014200000)
 End Bits:   [0x0000000014200000, 0x0000000015a00000)

Polling page: 0x0000000002b10000

CodeCache: size=245760Kb used=31270Kb max_used=31270Kb free=214489Kb
 bounds [0x0000000002f30000, 0x0000000004de0000, 0x0000000011f30000]
 total_blobs=10998 nmethods=10148 adapters=763
 compilation: enabled

Compilation events (10 events):
Event: 299.645 Thread 0x000000001665d000 nmethod 12123 0x0000000004dd6a90 code [0x0000000004dd6be0, 0x0000000004dd6d30]
Event: 299.646 Thread 0x000000001665d000 12124       3       com.google.common.collect.Maps::capacity (34 bytes)
Event: 299.646 Thread 0x000000001665d000 nmethod 12124 0x0000000004dd6dd0 code [0x0000000004dd6f80, 0x0000000004dd71c8]
Event: 299.648 Thread 0x000000001665d000 12125       3       org.gradle.api.internal.artifacts.ivyservice.resolveengine.graph.builder.NodeState::shouldIncludedInGraphResult (26 bytes)
Event: 299.649 Thread 0x000000001665d000 nmethod 12125 0x0000000004dd7250 code [0x0000000004dd7400, 0x0000000004dd7968]
Event: 299.650 Thread 0x000000001665d000 12126       3       org.gradle.api.internal.artifacts.ivyservice.resolveengine.result.StreamingResolutionResultBuilder::visitNode (44 bytes)
Event: 299.651 Thread 0x000000001665d000 nmethod 12126 0x0000000004dd7b10 code [0x0000000004dd7cc0, 0x0000000004dd82b8]
Event: 299.651 Thread 0x000000001665d000 12127       3       org.gradle.api.internal.artifacts.ivyservice.resolveengine.result.StreamingResolutionResultBuilder$2::write (23 bytes)
Event: 299.651 Thread 0x000000001665d000 nmethod 12127 0x0000000004dd8550 code [0x0000000004dd86c0, 0x0000000004dd8978]
Event: 299.651 Thread 0x000000001665d000 12128       3       org.gradle.api.internal.artifacts.ivyservice.resolveengine.graph.builder.ComponentState::getSelectionReason (124 bytes)

GC Heap History (10 events):
Event: 31.296 GC heap before
{Heap before GC invocations=17 (full 3):
 PSYoungGen      total 217088K, used 213112K [0x00000000e0000000, 0x00000000f0d00000, 0x0000000100000000)
  eden space 198144K, 100% used [0x00000000e0000000,0x00000000ec180000,0x00000000ec180000)
  from space 18944K, 79% used [0x00000000ec180000,0x00000000ed01e3a8,0x00000000ed400000)
  to   space 20480K, 0% used [0x00000000ef900000,0x00000000ef900000,0x00000000f0d00000)
 ParOldGen       total 92672K, used 37257K [0x00000000a0000000, 0x00000000a5a80000, 0x00000000e0000000)
  object space 92672K, 40% used [0x00000000a0000000,0x00000000a2462728,0x00000000a5a80000)
 Metaspace       used 59888K, capacity 61890K, committed 61912K, reserved 1101824K
  class space    used 8148K, capacity 8652K, committed 8664K, reserved 1048576K
Event: 31.418 GC heap after
Heap after GC invocations=17 (full 3):
 PSYoungGen      total 244736K, used 20464K [0x00000000e0000000, 0x00000000f3180000, 0x0000000100000000)
  eden space 224256K, 0% used [0x00000000e0000000,0x00000000e0000000,0x00000000edb00000)
  from space 20480K, 99% used [0x00000000ef900000,0x00000000f0cfc078,0x00000000f0d00000)
  to   space 30720K, 0% used [0x00000000edb00000,0x00000000edb00000,0x00000000ef900000)
 ParOldGen       total 92672K, used 55974K [0x00000000a0000000, 0x00000000a5a80000, 0x00000000e0000000)
  object space 92672K, 60% used [0x00000000a0000000,0x00000000a36a9840,0x00000000a5a80000)
 Metaspace       used 59888K, capacity 61890K, committed 61912K, reserved 1101824K
  class space    used 8148K, capacity 8652K, committed 8664K, reserved 1048576K
}
Event: 36.554 GC heap before
{Heap before GC invocations=18 (full 3):
 PSYoungGen      total 244736K, used 244720K [0x00000000e0000000, 0x00000000f3180000, 0x0000000100000000)
  eden space 224256K, 100% used [0x00000000e0000000,0x00000000edb00000,0x00000000edb00000)
  from space 20480K, 99% used [0x00000000ef900000,0x00000000f0cfc078,0x00000000f0d00000)
  to   space 30720K, 0% used [0x00000000edb00000,0x00000000edb00000,0x00000000ef900000)
 ParOldGen       total 92672K, used 55974K [0x00000000a0000000, 0x00000000a5a80000, 0x00000000e0000000)
  object space 92672K, 60% used [0x00000000a0000000,0x00000000a36a9840,0x00000000a5a80000)
 Metaspace       used 68780K, capacity 71702K, committed 71896K, reserved 1112064K
  class space    used 9490K, capacity 10142K, committed 10200K, reserved 1048576K
Event: 36.722 GC heap after
Heap after GC invocations=18 (full 3):
 PSYoungGen      total 254976K, used 30705K [0x00000000e0000000, 0x00000000f3180000, 0x0000000100000000)
  eden space 224256K, 0% used [0x00000000e0000000,0x00000000e0000000,0x00000000edb00000)
  from space 30720K, 99% used [0x00000000edb00000,0x00000000ef8fc6b0,0x00000000ef900000)
  to   space 20480K, 0% used [0x00000000ef900000,0x00000000ef900000,0x00000000f0d00000)
 ParOldGen       total 100352K, used 100282K [0x00000000a0000000, 0x00000000a6200000, 0x00000000e0000000)
  object space 100352K, 99% used [0x00000000a0000000,0x00000000a61ee810,0x00000000a6200000)
 Metaspace       used 68780K, capacity 71702K, committed 71896K, reserved 1112064K
  class space    used 9490K, capacity 10142K, committed 10200K, reserved 1048576K
}
Event: 36.722 GC heap before
{Heap before GC invocations=19 (full 4):
 PSYoungGen      total 254976K, used 30705K [0x00000000e0000000, 0x00000000f3180000, 0x0000000100000000)
  eden space 224256K, 0% used [0x00000000e0000000,0x00000000e0000000,0x00000000edb00000)
  from space 30720K, 99% used [0x00000000edb00000,0x00000000ef8fc6b0,0x00000000ef900000)
  to   space 20480K, 0% used [0x00000000ef900000,0x00000000ef900000,0x00000000f0d00000)
 ParOldGen       total 100352K, used 100282K [0x00000000a0000000, 0x00000000a6200000, 0x00000000e0000000)
  object space 100352K, 99% used [0x00000000a0000000,0x00000000a61ee810,0x00000000a6200000)
 Metaspace       used 68780K, capacity 71702K, committed 71896K, reserved 1112064K
  class space    used 9490K, capacity 10142K, committed 10200K, reserved 1048576K
Event: 37.867 GC heap after
Heap after GC invocations=19 (full 4):
 PSYoungGen      total 254976K, used 6114K [0x00000000e0000000, 0x00000000f3180000, 0x0000000100000000)
  eden space 224256K, 0% used [0x00000000e0000000,0x00000000e0000000,0x00000000edb00000)
  from space 30720K, 19% used [0x00000000edb00000,0x00000000ee0f8950,0x00000000ef900000)
  to   space 20480K, 0% used [0x00000000ef900000,0x00000000ef900000,0x00000000f0d00000)
 ParOldGen       total 100352K, used 100251K [0x00000000a0000000, 0x00000000a6200000, 0x00000000e0000000)
  object space 100352K, 99% used [0x00000000a0000000,0x00000000a61e6ea0,0x00000000a6200000)
 Metaspace       used 68780K, capacity 71702K, committed 71896K, reserved 1112064K
  class space    used 9490K, capacity 10142K, committed 10200K, reserved 1048576K
}
Event: 41.619 GC heap before
{Heap before GC invocations=20 (full 5):
 PSYoungGen      total 254976K, used 230370K [0x00000000e0000000, 0x00000000f3180000, 0x0000000100000000)
  eden space 224256K, 100% used [0x00000000e0000000,0x00000000edb00000,0x00000000edb00000)
  from space 30720K, 19% used [0x00000000edb00000,0x00000000ee0f8950,0x00000000ef900000)
  to   space 20480K, 0% used [0x00000000ef900000,0x00000000ef900000,0x00000000f0d00000)
 ParOldGen       total 100352K, used 100251K [0x00000000a0000000, 0x00000000a6200000, 0x00000000e0000000)
  object space 100352K, 99% used [0x00000000a0000000,0x00000000a61e6ea0,0x00000000a6200000)
 Metaspace       used 69018K, capacity 72010K, committed 72152K, reserved 1112064K
  class space    used 9492K, capacity 10144K, committed 10200K, reserved 1048576K
Event: 43.217 GC heap after
Heap after GC invocations=20 (full 5):
 PSYoungGen      total 254976K, used 52263K [0x00000000e0000000, 0x00000000f3180000, 0x0000000100000000)
  eden space 224256K, 23% used [0x00000000e0000000,0x00000000e3309dd0,0x00000000edb00000)
  from space 30720K, 0% used [0x00000000edb00000,0x00000000edb00000,0x00000000ef900000)
  to   space 20480K, 0% used [0x00000000ef900000,0x00000000ef900000,0x00000000f0d00000)
 ParOldGen       total 100352K, used 100263K [0x00000000a0000000, 0x00000000a6200000, 0x00000000e0000000)
  object space 100352K, 99% used [0x00000000a0000000,0x00000000a61e9f58,0x00000000a6200000)
 Metaspace       used 69018K, capacity 72010K, committed 72152K, reserved 1112064K
  class space    used 9492K, capacity 10144K, committed 10200K, reserved 1048576K
}
Event: 47.926 GC heap before
{Heap before GC invocations=21 (full 6):
 PSYoungGen      total 254976K, used 224256K [0x00000000e0000000, 0x00000000f3180000, 0x0000000100000000)
  eden space 224256K, 100% used [0x00000000e0000000,0x00000000edb00000,0x00000000edb00000)
  from space 30720K, 0% used [0x00000000edb00000,0x00000000edb00000,0x00000000ef900000)
  to   space 20480K, 0% used [0x00000000ef900000,0x00000000ef900000,0x00000000f0d00000)
 ParOldGen       total 100352K, used 100263K [0x00000000a0000000, 0x00000000a6200000, 0x00000000e0000000)
  object space 100352K, 99% used [0x00000000a0000000,0x00000000a61e9f58,0x00000000a6200000)
 Metaspace       used 74498K, capacity 77642K, committed 77784K, reserved 1116160K
  class space    used 10281K, capacity 10960K, committed 10968K, reserved 1048576K
Event: 48.258 GC heap after
Heap after GC invocations=21 (full 6):
 PSYoungGen      total 254976K, used 0K [0x00000000e0000000, 0x00000000f3180000, 0x0000000100000000)
  eden space 224256K, 0% used [0x00000000e0000000,0x00000000e0000000,0x00000000edb00000)
  from space 30720K, 0% used [0x00000000edb00000,0x00000000edb00000,0x00000000ef900000)
  to   space 20480K, 0% used [0x00000000ef900000,0x00000000ef900000,0x00000000f0d00000)
 ParOldGen       total 100352K, used 72778K [0x00000000a0000000, 0x00000000a6200000, 0x00000000e0000000)
  object space 100352K, 72% used [0x00000000a0000000,0x00000000a4712af8,0x00000000a6200000)
 Metaspace       used 74498K, capacity 77642K, committed 77784K, reserved 1116160K
  class space    used 10281K, capacity 10960K, committed 10968K, reserved 1048576K
}

Deoptimization events (10 events):
Event: 298.399 Thread 0x000000001c346000 Uncommon trap: reason=speculate_class_check action=maybe_recompile pc=0x000000000419cf50 method=java.util.RegularEnumSet.contains(Ljava/lang/Object;)Z @ 38
Event: 298.399 Thread 0x000000001c346000 Uncommon trap: reason=speculate_class_check action=maybe_recompile pc=0x000000000419cf50 method=java.util.RegularEnumSet.contains(Ljava/lang/Object;)Z @ 38
Event: 298.399 Thread 0x000000001c346000 Uncommon trap: reason=speculate_class_check action=maybe_recompile pc=0x000000000419cf50 method=java.util.RegularEnumSet.contains(Ljava/lang/Object;)Z @ 38
Event: 298.399 Thread 0x000000001c346000 Uncommon trap: reason=speculate_class_check action=maybe_recompile pc=0x000000000419cf50 method=java.util.RegularEnumSet.contains(Ljava/lang/Object;)Z @ 38
Event: 298.402 Thread 0x000000001c346000 Uncommon trap: reason=predicate action=maybe_recompile pc=0x00000000041c552c method=java.util.AbstractCollection.toArray([Ljava/lang/Object;)[Ljava/lang/Object; @ 49
Event: 298.416 Thread 0x000000001c346000 Uncommon trap: reason=unstable_if action=reinterpret pc=0x00000000047e0218 method=org.gradle.internal.io.StreamByteBuffer.prepareRead()I @ 30
Event: 298.461 Thread 0x000000001c346000 Uncommon trap: reason=class_check action=maybe_recompile pc=0x000000000373a2b8 method=com.google.common.collect.CompactHashMap$Itr.<init>(Lcom/google/common/collect/CompactHashMap;)V @ 25
Event: 298.469 Thread 0x000000001c346000 Uncommon trap: reason=unstable_if action=reinterpret pc=0x000000000421a5a4 method=com.google.common.collect.MapMakerInternalMap$Segment.getEntry(Ljava/lang/Object;I)Lcom/google/common/collect/MapMakerInternalMap$InternalEntry; @ 4
Event: 298.469 Thread 0x000000001c346000 Uncommon trap: reason=bimorphic action=maybe_recompile pc=0x0000000004495290 method=com.google.common.cache.LocalCache$Segment.getEntry(Ljava/lang/Object;I)Lcom/google/common/cache/ReferenceEntry; @ 24
Event: 298.479 Thread 0x000000001c346000 Uncommon trap: reason=bimorphic action=maybe_recompile pc=0x0000000004331458 method=com.google.common.cache.LocalCache$Segment.getEntry(Ljava/lang/Object;I)Lcom/google/common/cache/ReferenceEntry; @ 24

Classes redefined (0 events):
No events

Internal exceptions (10 events):
Event: 45.477 Thread 0x00000000195b0800 Exception <a 'java/lang/NoSuchMethodError': <clinit>> (0x00000000e8d15528) thrown at [D:\src\AOSP-openjdk-cygwin\jdk8u\hotspot\src\share\vm\prims\jni.cpp, line 1614]
Event: 45.485 Thread 0x00000000195b0800 Exception <a 'java/lang/NoSuchMethodError': <clinit>> (0x00000000e8d46b48) thrown at [D:\src\AOSP-openjdk-cygwin\jdk8u\hotspot\src\share\vm\prims\jni.cpp, line 1614]
Event: 45.632 Thread 0x000000001cc83800 Exception <a 'java/lang/NoSuchMethodError': java.lang.Object.newSystemTemporaryDirectory()Lcom/android/tools/build/apkzlib/bytestorage/TemporaryDirectory;> (0x00000000e8f89f80) thrown at [D:\src\AOSP-openjdk-cygwin\jdk8u\hotspot\src\share\vm\interpreter\l
Event: 45.783 Thread 0x000000001cc83800 Exception <a 'java/lang/NoSuchMethodError': java.lang.Object.lambda$static$0(Lcom/android/apksig/util/RunnablesProvider;)V> (0x00000000e9288fe0) thrown at [D:\src\AOSP-openjdk-cygwin\jdk8u\hotspot\src\share\vm\interpreter\linkResolver.cpp, line 620]
Event: 48.347 Thread 0x00000000195b0800 Exception <a 'sun/nio/fs/WindowsException'> (0x00000000e070a978) thrown at [D:\src\AOSP-openjdk-cygwin\jdk8u\hotspot\src\share\vm\prims\jni.cpp, line 710]
Event: 48.980 Thread 0x00000000195a9000 Exception <a 'java/lang/NoSuchMethodError': <clinit>> (0x00000000e1d20ba8) thrown at [D:\src\AOSP-openjdk-cygwin\jdk8u\hotspot\src\share\vm\prims\jni.cpp, line 1614]
Event: 48.982 Thread 0x00000000195a9000 Exception <a 'java/lang/NoSuchMethodError': <clinit>> (0x00000000e1d2c340) thrown at [D:\src\AOSP-openjdk-cygwin\jdk8u\hotspot\src\share\vm\prims\jni.cpp, line 1614]
Event: 48.987 Thread 0x00000000195a9000 Exception <a 'java/lang/NoSuchMethodError': <clinit>> (0x00000000e1d36b88) thrown at [D:\src\AOSP-openjdk-cygwin\jdk8u\hotspot\src\share\vm\prims\jni.cpp, line 1614]
Event: 49.002 Thread 0x00000000195a9000 Exception <a 'java/lang/NoSuchMethodError': <clinit>> (0x00000000e1d50b98) thrown at [D:\src\AOSP-openjdk-cygwin\jdk8u\hotspot\src\share\vm\prims\jni.cpp, line 1614]
Event: 49.003 Thread 0x00000000195a9000 Exception <a 'java/lang/NoSuchMethodError': <clinit>> (0x00000000e1d617b8) thrown at [D:\src\AOSP-openjdk-cygwin\jdk8u\hotspot\src\share\vm\prims\jni.cpp, line 1614]

Events (10 events):
Event: 299.285 Executing VM operation: RevokeBias
Event: 299.285 Executing VM operation: RevokeBias done
Event: 299.286 Executing VM operation: RevokeBias
Event: 299.286 Executing VM operation: RevokeBias done
Event: 299.324 Executing VM operation: RevokeBias
Event: 299.324 Executing VM operation: RevokeBias done
Event: 299.324 Executing VM operation: RevokeBias
Event: 299.324 Executing VM operation: RevokeBias done
Event: 299.324 Executing VM operation: RevokeBias
Event: 299.324 Executing VM operation: RevokeBias done


Dynamic libraries:
0x00007ff633950000 - 0x00007ff633981000 	C:\Program Files\Android\Android Studio1\jre\bin\java.exe
0x00007ff929b10000 - 0x00007ff929cfd000 	C:\Windows\SYSTEM32\ntdll.dll
0x00007ff929230000 - 0x00007ff9292e3000 	C:\Windows\System32\KERNEL32.DLL
0x00007ff926a90000 - 0x00007ff926d23000 	C:\Windows\System32\KERNELBASE.dll
0x00007ff929810000 - 0x00007ff9298b3000 	C:\Windows\System32\ADVAPI32.dll
0x00007ff9292f0000 - 0x00007ff92938e000 	C:\Windows\System32\msvcrt.dll
0x00007ff9298c0000 - 0x00007ff92995e000 	C:\Windows\System32\sechost.dll
0x00007ff928a30000 - 0x00007ff928b52000 	C:\Windows\System32\RPCRT4.dll
0x00007ff926d60000 - 0x00007ff926ef7000 	C:\Windows\System32\USER32.dll
0x00007ff926600000 - 0x00007ff926620000 	C:\Windows\System32\win32u.dll
0x00007ff9288a0000 - 0x00007ff9288c9000 	C:\Windows\System32\GDI32.dll
0x00007ff926850000 - 0x00007ff9269e9000 	C:\Windows\System32\gdi32full.dll
0x00007ff9269f0000 - 0x00007ff926a90000 	C:\Windows\System32\msvcp_win.dll
0x00007ff9266d0000 - 0x00007ff9267ca000 	C:\Windows\System32\ucrtbase.dll
0x00007ff919e10000 - 0x00007ff91a089000 	C:\Windows\WinSxS\amd64_microsoft.windows.common-controls_6595b64144ccf1df_6.0.17763.1098_none_de762ed45346ee8a\COMCTL32.dll
0x00007ff928bf0000 - 0x00007ff928f1c000 	C:\Windows\System32\combase.dll
0x00007ff9267d0000 - 0x00007ff92684e000 	C:\Windows\System32\bcryptPrimitives.dll
0x00007ff929200000 - 0x00007ff92922e000 	C:\Windows\System32\IMM32.DLL
0x0000000070b40000 - 0x0000000070c12000 	C:\Program Files\Android\Android Studio1\jre\jre\bin\msvcr100.dll
0x000000006fdb0000 - 0x00000000705f6000 	C:\Program Files\Android\Android Studio1\jre\jre\bin\server\jvm.dll
0x00007ff928f20000 - 0x00007ff928f28000 	C:\Windows\System32\PSAPI.DLL
0x00007ff90d070000 - 0x00007ff90d079000 	C:\Windows\SYSTEM32\WSOCK32.dll
0x00007ff928630000 - 0x00007ff92869d000 	C:\Windows\System32\WS2_32.dll
0x00007ff923d70000 - 0x00007ff923d94000 	C:\Windows\SYSTEM32\WINMM.dll
0x00007ff9188b0000 - 0x00007ff9188ba000 	C:\Windows\SYSTEM32\VERSION.dll
0x00007ff923d10000 - 0x00007ff923d3d000 	C:\Windows\SYSTEM32\WINMMBASE.dll
0x00007ff926590000 - 0x00007ff9265da000 	C:\Windows\System32\cfgmgr32.dll
0x00007ff91fb90000 - 0x00007ff91fb9f000 	C:\Program Files\Android\Android Studio1\jre\jre\bin\verify.dll
0x00007ff91f730000 - 0x00007ff91f759000 	C:\Program Files\Android\Android Studio1\jre\jre\bin\java.dll
0x00007ff91f710000 - 0x00007ff91f726000 	C:\Program Files\Android\Android Studio1\jre\jre\bin\zip.dll
0x00007ff926f00000 - 0x00007ff9283f4000 	C:\Windows\System32\SHELL32.dll
0x00007ff929150000 - 0x00007ff9291f8000 	C:\Windows\System32\shcore.dll
0x00007ff925c60000 - 0x00007ff9263ad000 	C:\Windows\System32\windows.storage.dll
0x00007ff925b30000 - 0x00007ff925b54000 	C:\Windows\System32\profapi.dll
0x00007ff925b60000 - 0x00007ff925bbd000 	C:\Windows\System32\powrprof.dll
0x00007ff928400000 - 0x00007ff928452000 	C:\Windows\System32\shlwapi.dll
0x00007ff925be0000 - 0x00007ff925bf1000 	C:\Windows\System32\kernel.appcore.dll
0x00007ff9265e0000 - 0x00007ff9265f7000 	C:\Windows\System32\cryptsp.dll
0x00007ff91f690000 - 0x00007ff91f6aa000 	C:\Program Files\Android\Android Studio1\jre\jre\bin\net.dll
0x00007ff91b7f0000 - 0x00007ff91b9c7000 	C:\Windows\SYSTEM32\urlmon.dll
0x00007ff91bbc0000 - 0x00007ff91be68000 	C:\Windows\SYSTEM32\iertutil.dll
0x00007ff925510000 - 0x00007ff92551c000 	C:\Windows\SYSTEM32\CRYPTBASE.DLL
0x00007ff925340000 - 0x00007ff9253a7000 	C:\Windows\system32\mswsock.dll
0x00007ff91f670000 - 0x00007ff91f683000 	C:\Program Files\Android\Android Studio1\jre\jre\bin\nio.dll
0x00007ff91e780000 - 0x00007ff91e7a6000 	C:\Users\deCrypt3d\.gradle\native\30\windows-amd64\native-platform.dll
0x00007ff91f700000 - 0x00007ff91f70d000 	C:\Program Files\Android\Android Studio1\jre\jre\bin\management.dll
0x00007ff924ec0000 - 0x00007ff924ef3000 	C:\Windows\system32\rsaenh.dll
0x00007ff926d30000 - 0x00007ff926d56000 	C:\Windows\System32\bcrypt.dll
0x00007ff925a60000 - 0x00007ff925a88000 	C:\Windows\SYSTEM32\USERENV.dll
0x00007ff925060000 - 0x00007ff92509d000 	C:\Windows\SYSTEM32\IPHLPAPI.DLL
0x00007ff928f30000 - 0x00007ff928f38000 	C:\Windows\System32\NSI.dll
0x00007ff91b7c0000 - 0x00007ff91b7d6000 	C:\Windows\SYSTEM32\dhcpcsvc6.DLL
0x00007ff91b7a0000 - 0x00007ff91b7bc000 	C:\Windows\SYSTEM32\dhcpcsvc.DLL
0x00007ff9250b0000 - 0x00007ff925176000 	C:\Windows\SYSTEM32\DNSAPI.dll

VM Arguments:
jvm_args: -Xmx1536m -Dfile.encoding=windows-1252 -Duser.country=ID -Duser.language=en -Duser.variant 
java_command: org.gradle.launcher.daemon.bootstrap.GradleDaemon 5.6.4
java_class_path (initial): C:\Users\deCrypt3d\.gradle\wrapper\dists\gradle-5.6.4-all\ankdp27end7byghfw1q2sw75f\gradle-5.6.4\lib\gradle-launcher-5.6.4.jar
Launcher Type: SUN_STANDARD

Environment Variables:
PATH=C:\ProgramData\Oracle\Java\javapath;C:\Program Files (x86)\Common Files\Intel\Shared Files\cpp\bin\Intel64;C:\Windows\system32;C:\Windows;C:\Windows\System32\Wbem;C:\Windows\System32\WindowsPowerShell\v1.0\;C:\xampp\php;C:\ProgramData\ComposerSetup\bin;C:\Program Files\PuTTY\;C:\Program Files\nodejs\;%JAVA_HOME%\bin;C:\SDK\gradle-6.3\bin;C:\Program Files (x86)\GtkSharp\2.12\bin;C:\Users\deCrypt3d\AppData\Local\Microsoft\WindowsApps;C:\Users\deCrypt3d\AppData\Roaming\Composer\vendor\bin;C:\Users\deCrypt3d\AppData\Roaming\npm;
USERNAME=deCrypt3d
OS=Windows_NT
PROCESSOR_IDENTIFIER=Intel64 Family 6 Model 58 Stepping 9, GenuineIntel



---------------  S Y S T E M  ---------------

OS: Windows 10.0 , 64 bit Build 17763 (10.0.17763.475)

CPU:total 2 (initial active 2) (2 cores per cpu, 1 threads per core) family 6 model 58 stepping 9, cmov, cx8, fxsr, mmx, sse, sse2, sse3, ssse3, sse4.1, sse4.2, popcnt, clmul, erms, tsc, tscinvbit, tscinv

Memory: 4k page, physical 3880804k(470996k free), swap 3880804k(5196k free)

vm_info: OpenJDK 64-Bit Server VM (25.212-b04) for windows-amd64 JRE (1.8.0_212-release-1586-b04), built by "builder" with MS VC++ 10.0 (VS2010)

time: Sun Jul 12 14:44:21 2020
timezone: SE Asia Standard Time
elapsed time: 299 seconds (0d 0h 4m 59s)

