#
# There is insufficient memory for the Java Runtime Environment to continue.
# Native memory allocation (malloc) failed to allocate 177456 bytes for Chunk::new
# Possible reasons:
#   The system is out of physical RAM or swap space
#   The process is running with CompressedOops enabled, and the Java Heap may be blocking the growth of the native heap
# Possible solutions:
#   Reduce memory load on the system
#   Increase physical memory or swap space
#   Check if swap backing store is full
#   Decrease Java heap size (-Xmx/-Xms)
#   Decrease number of Java threads
#   Decrease Java thread stack sizes (-Xss)
#   Set larger code cache with -XX:ReservedCodeCacheSize=
#   JVM is running with Unscaled Compressed Oops mode in which the Java heap is
#     placed in the first 4GB address space. The Java Heap base address is the
#     maximum limit for the native heap growth. Please use -XX:HeapBaseMinAddress
#     to set the Java Heap base and to place the Java Heap above 4GB virtual address.
# This output file may be truncated or incomplete.
#
#  Out of Memory Error (allocation.cpp:389), pid=5428, tid=0x0000000000000768
#
# JRE version: OpenJDK Runtime Environment (8.0_212-b04) (build 1.8.0_212-release-1586-b04)
# Java VM: OpenJDK 64-Bit Server VM (25.212-b04 mixed mode windows-amd64 compressed oops)
# Failed to write core dump. Minidumps are not enabled by default on client versions of Windows
#

---------------  T H R E A D  ---------------

Current thread (0x0000000015ae8800):  JavaThread "C2 CompilerThread0" daemon [_thread_in_native, id=1896, stack(0x0000000016b40000,0x0000000016c40000)]

Stack: [0x0000000016b40000,0x0000000016c40000]
[error occurred during error reporting (printing stack bounds), id 0xc0000005]

Native frames: (J=compiled Java code, j=interpreted, Vv=VM code, C=native code)


Current CompileTask:
C2: 727700 16200       4       com.google.common.collect.SparseImmutableTable::<init> (468 bytes)


---------------  P R O C E S S  ---------------

Java Threads: ( => current thread )
  0x000000001cbfb000 JavaThread "stdout" [_thread_in_native, id=2000, stack(0x000000002c340000,0x000000002c440000)]
  0x000000001cbf1000 JavaThread "stderr" [_thread_in_native, id=2160, stack(0x000000002c240000,0x000000002c340000)]
  0x000000001cbf5000 JavaThread "pool-6-thread-1" [_thread_blocked, id=1260, stack(0x000000002c140000,0x000000002c240000)]
  0x000000001cbf2800 JavaThread "WorkerExecutor Queue Thread 2" [_thread_blocked, id=2180, stack(0x000000002c040000,0x000000002c140000)]
  0x000000001cbf3800 JavaThread "WorkerExecutor Queue" [_thread_blocked, id=6536, stack(0x000000002bf40000,0x000000002c040000)]
  0x000000001cbf6800 JavaThread "Cache worker for execution history cache (D:\Semangat Tugas Akhir\Main Project\PajakAir\.gradle\5.6.4\executionHistory)" [_thread_blocked, id=1028, stack(0x000000002be40000,0x000000002bf40000)]
  0x000000001cbf2000 JavaThread "Execution worker for ':'" [_thread_blocked, id=3468, stack(0x000000002bd40000,0x000000002be40000)]
  0x000000001cbf4000 JavaThread "Cache worker for file content cache (D:\Semangat Tugas Akhir\Main Project\PajakAir\.gradle\5.6.4\fileContent)" [_thread_blocked, id=844, stack(0x000000002bc40000,0x000000002bd40000)]
  0x0000000019eec800 JavaThread "Cache worker for Build Output Cleanup Cache (D:\Semangat Tugas Akhir\Main Project\PajakAir\.gradle\buildOutputCleanup)" [_thread_blocked, id=3572, stack(0x000000002bb40000,0x000000002bc40000)]
  0x0000000019eef800 JavaThread "Build operations Thread 2" [_thread_blocked, id=2952, stack(0x000000002ba40000,0x000000002bb40000)]
  0x0000000019ee6800 JavaThread "Build operations" [_thread_blocked, id=4256, stack(0x000000002b940000,0x000000002ba40000)]
  0x0000000019eed800 JavaThread "Cache worker for cache directory md-rule (C:\Users\deCrypt3d\.gradle\caches\5.6.4\md-rule)" [_thread_blocked, id=2664, stack(0x000000002b840000,0x000000002b940000)]
  0x0000000019eec000 JavaThread "Cache worker for cache directory md-supplier (C:\Users\deCrypt3d\.gradle\caches\5.6.4\md-supplier)" [_thread_blocked, id=2336, stack(0x000000002b740000,0x000000002b840000)]
  0x0000000019ee5000 JavaThread "Cache worker for file hash cache (D:\Semangat Tugas Akhir\Main Project\PajakAir\.gradle\5.6.4\fileHashes)" [_thread_blocked, id=2888, stack(0x000000002b640000,0x000000002b740000)]
  0x0000000019ee4800 JavaThread "Thread-51" [_thread_blocked, id=2596, stack(0x000000002b540000,0x000000002b640000)]
  0x0000000019ee9800 JavaThread "Stdin handler" [_thread_blocked, id=5380, stack(0x000000002b440000,0x000000002b540000)]
  0x0000000019ee2000 JavaThread "Asynchronous log dispatcher for DefaultDaemonConnection: socket connection from /127.0.0.1:49743 to /127.0.0.1:49765" [_thread_blocked, id=4216, stack(0x000000002b340000,0x000000002b440000)]
  0x0000000019ee9000 JavaThread "Cancel handler" [_thread_blocked, id=1380, stack(0x000000002b240000,0x000000002b340000)]
  0x0000000019ee7800 JavaThread "Handler for socket connection from /127.0.0.1:49743 to /127.0.0.1:49765" [_thread_in_native, id=5768, stack(0x000000002b140000,0x000000002b240000)]
  0x000000001cbf7000 JavaThread "Daemon worker Thread 2" [_thread_in_Java, id=5788, stack(0x0000000025e00000,0x0000000025f00000)]
  0x000000001cbf8000 JavaThread "Daemon Thread 2" [_thread_blocked, id=4028, stack(0x0000000025b00000,0x0000000025c00000)]
  0x0000000019eeb000 JavaThread "Cache worker for Java compile cache (C:\Users\deCrypt3d\.gradle\caches\5.6.4\javaCompile)" [_thread_blocked, id=3580, stack(0x00000000207b0000,0x00000000208b0000)]
  0x0000000019ee3800 JavaThread "Cache worker for file content cache (C:\Users\deCrypt3d\.gradle\caches\5.6.4\fileContent)" [_thread_blocked, id=4032, stack(0x000000001fdb0000,0x000000001feb0000)]
  0x0000000019ee6000 JavaThread "Memory manager" [_thread_blocked, id=6524, stack(0x000000001edd0000,0x000000001eed0000)]
  0x0000000019ee3000 JavaThread "Cache worker for execution history cache (C:\Users\deCrypt3d\.gradle\caches\5.6.4\executionHistory)" [_thread_blocked, id=3872, stack(0x000000001e5d0000,0x000000001e6d0000)]
  0x00000000198e0000 JavaThread "Cache worker for journal cache (C:\Users\deCrypt3d\.gradle\caches\journal-1)" [_thread_blocked, id=6084, stack(0x000000001b160000,0x000000001b260000)]
  0x00000000198e1000 JavaThread "File lock request listener" [_thread_in_native, id=3860, stack(0x000000001b060000,0x000000001b160000)]
  0x00000000198de000 JavaThread "Cache worker for file hash cache (C:\Users\deCrypt3d\.gradle\caches\5.6.4\fileHashes)" [_thread_blocked, id=6436, stack(0x000000001ad60000,0x000000001ae60000)]
  0x00000000189ea000 JavaThread "Daemon periodic checks" [_thread_blocked, id=3220, stack(0x0000000019390000,0x0000000019490000)]
  0x0000000018a28000 JavaThread "Incoming local TCP Connector on port 49743" [_thread_in_native, id=6616, stack(0x0000000019150000,0x0000000019250000)]
  0x0000000018958800 JavaThread "Daemon health stats" [_thread_blocked, id=2996, stack(0x0000000018b10000,0x0000000018c10000)]
  0x0000000015b4a000 JavaThread "Service Thread" daemon [_thread_blocked, id=2956, stack(0x0000000016d40000,0x0000000016e40000)]
  0x0000000015b44800 JavaThread "C1 CompilerThread1" daemon [_thread_blocked, id=2536, stack(0x0000000016c40000,0x0000000016d40000)]
=>0x0000000015ae8800 JavaThread "C2 CompilerThread0" daemon [_thread_in_native, id=1896, stack(0x0000000016b40000,0x0000000016c40000)]
  0x0000000015ae7000 JavaThread "Attach Listener" daemon [_thread_blocked, id=1012, stack(0x0000000016a40000,0x0000000016b40000)]
  0x0000000015ae4000 JavaThread "Signal Dispatcher" daemon [_thread_blocked, id=4200, stack(0x0000000016940000,0x0000000016a40000)]
  0x00000000023b1800 JavaThread "Finalizer" daemon [_thread_blocked, id=1972, stack(0x0000000016740000,0x0000000016840000)]
  0x0000000015ad7000 JavaThread "Reference Handler" daemon [_thread_blocked, id=4460, stack(0x0000000016640000,0x0000000016740000)]
  0x000000000090e000 JavaThread "main" [_thread_blocked, id=5252, stack(0x00000000020c0000,0x00000000021c0000)]

Other Threads:
  0x0000000015ab5800 VMThread [stack: 0x0000000016540000,0x0000000016640000] [id=4456]
  0x0000000015b4c800 WatcherThread [stack: 0x0000000016e40000,0x0000000016f40000] [id=1628]

VM state:not at safepoint (normal execution)

VM Mutex/Monitor currently owned by a thread: None

OutOfMemory and StackOverflow Exception counts:
OutOfMemoryError java_heap_errors=2

heap address: 0x00000000a0000000, size: 1536 MB, Compressed Oops mode: 32-bit
Narrow klass base: 0x0000000000000000, Narrow klass shift: 3
Compressed class space size: 1073741824 Address: 0x0000000100000000

Heap:
 PSYoungGen      total 361984K, used 99892K [0x00000000e0000000, 0x00000000fa680000, 0x0000000100000000)
  eden space 291328K, 28% used [0x00000000e0000000,0x00000000e51195e0,0x00000000f1c80000)
  from space 70656K, 23% used [0x00000000f1c80000,0x00000000f2cf3dd0,0x00000000f6180000)
  to   space 59904K, 0% used [0x00000000f6c00000,0x00000000f6c00000,0x00000000fa680000)
 ParOldGen       total 217088K, used 86598K [0x00000000a0000000, 0x00000000ad400000, 0x00000000e0000000)
  object space 217088K, 39% used [0x00000000a0000000,0x00000000a5491808,0x00000000ad400000)
 Metaspace       used 88222K, capacity 91680K, committed 92032K, reserved 1128448K
  class space    used 11546K, capacity 12317K, committed 12416K, reserved 1048576K

Card table byte_map: [0x0000000011780000,0x0000000011a90000] byte_map_base: 0x0000000011280000

Marking Bits: (ParMarkBitMap*) 0x0000000050919f30
 Begin Bits: [0x0000000011e90000, 0x0000000013690000)
 End Bits:   [0x0000000013690000, 0x0000000014e90000)

Polling page: 0x0000000000800000

CodeCache: size=245760Kb used=43119Kb max_used=43119Kb free=202640Kb
 bounds [0x00000000023c0000, 0x0000000004e10000, 0x00000000113c0000]
 total_blobs=14392 nmethods=13503 adapters=801
 compilation: enabled

Compilation events (10 events):
Event: 727.443 Thread 0x0000000015b44800 16225       3       com.android.zipflinger.FreeStore$Zone::shrinkBy (97 bytes)
Event: 727.444 Thread 0x0000000015b44800 nmethod 16225 0x0000000003084150 code [0x00000000030842e0, 0x0000000003084750]
Event: 727.447 Thread 0x0000000015b44800 16226   !   3       com.android.zipflinger.BytesSource::<init> (160 bytes)
Event: 727.449 Thread 0x0000000015b44800 nmethod 16226 0x0000000003082c10 code [0x0000000003082e40, 0x0000000003083ab8]
Event: 727.457 Thread 0x0000000015b44800 16227       3       com.google.common.collect.SingletonImmutableList::iterator (5 bytes)
Event: 727.458 Thread 0x0000000015b44800 nmethod 16227 0x0000000003082490 code [0x0000000003082620, 0x0000000003082a30]
Event: 727.616 Thread 0x0000000015b44800 16229       3       com.google.common.collect.ImmutableList::copyIntoArray (36 bytes)
Event: 727.617 Thread 0x0000000015b44800 nmethod 16229 0x0000000003081c10 code [0x0000000003081da0, 0x00000000030822b8]
Event: 727.632 Thread 0x0000000015b44800 16230       1       java.io.ByteArrayOutputStream::close (1 bytes)
Event: 727.632 Thread 0x0000000015b44800 nmethod 16230 0x0000000004adce90 code [0x0000000004adcfe0, 0x0000000004add0f0]

GC Heap History (10 events):
Event: 40.821 GC heap before
{Heap before GC invocations=20 (full 4):
 PSYoungGen      total 291840K, used 36333K [0x00000000e0000000, 0x00000000f7200000, 0x0000000100000000)
  eden space 255488K, 0% used [0x00000000e0000000,0x00000000e0000000,0x00000000ef980000)
  from space 36352K, 99% used [0x00000000f2d00000,0x00000000f507b5d8,0x00000000f5080000)
  to   space 52736K, 0% used [0x00000000ef980000,0x00000000ef980000,0x00000000f2d00000)
 ParOldGen       total 98304K, used 86165K [0x00000000a0000000, 0x00000000a6000000, 0x00000000e0000000)
  object space 98304K, 87% used [0x00000000a0000000,0x00000000a5425508,0x00000000a6000000)
 Metaspace       used 75875K, capacity 78856K, committed 79104K, reserved 1118208K
  class space    used 10211K, capacity 10923K, committed 11008K, reserved 1048576K
Event: 41.912 GC heap after
Heap after GC invocations=20 (full 4):
 PSYoungGen      total 291840K, used 13104K [0x00000000e0000000, 0x00000000f7200000, 0x0000000100000000)
  eden space 255488K, 0% used [0x00000000e0000000,0x00000000e0000000,0x00000000ef980000)
  from space 36352K, 36% used [0x00000000f2d00000,0x00000000f39cc148,0x00000000f5080000)
  to   space 52736K, 0% used [0x00000000ef980000,0x00000000ef980000,0x00000000f2d00000)
 ParOldGen       total 185344K, used 93029K [0x00000000a0000000, 0x00000000ab500000, 0x00000000e0000000)
  object space 185344K, 50% used [0x00000000a0000000,0x00000000a5ad95b0,0x00000000ab500000)
 Metaspace       used 75257K, capacity 78204K, committed 79104K, reserved 1118208K
  class space    used 10147K, capacity 10851K, committed 11008K, reserved 1048576K
}
Event: 48.241 GC heap before
{Heap before GC invocations=21 (full 4):
 PSYoungGen      total 291840K, used 268592K [0x00000000e0000000, 0x00000000f7200000, 0x0000000100000000)
  eden space 255488K, 100% used [0x00000000e0000000,0x00000000ef980000,0x00000000ef980000)
  from space 36352K, 36% used [0x00000000f2d00000,0x00000000f39cc148,0x00000000f5080000)
  to   space 52736K, 0% used [0x00000000ef980000,0x00000000ef980000,0x00000000f2d00000)
 ParOldGen       total 185344K, used 93029K [0x00000000a0000000, 0x00000000ab500000, 0x00000000e0000000)
  object space 185344K, 50% used [0x00000000a0000000,0x00000000a5ad95b0,0x00000000ab500000)
 Metaspace       used 76151K, capacity 79168K, committed 79360K, reserved 1118208K
  class space    used 10249K, capacity 10953K, committed 11008K, reserved 1048576K
Event: 48.485 GC heap after
Heap after GC invocations=21 (full 4):
 PSYoungGen      total 308224K, used 52735K [0x00000000e0000000, 0x00000000fb500000, 0x0000000100000000)
  eden space 255488K, 0% used [0x00000000e0000000,0x00000000e0000000,0x00000000ef980000)
  from space 52736K, 99% used [0x00000000ef980000,0x00000000f2cffc40,0x00000000f2d00000)
  to   space 74752K, 0% used [0x00000000f6c00000,0x00000000f6c00000,0x00000000fb500000)
 ParOldGen       total 185344K, used 128073K [0x00000000a0000000, 0x00000000ab500000, 0x00000000e0000000)
  object space 185344K, 69% used [0x00000000a0000000,0x00000000a7d12560,0x00000000ab500000)
 Metaspace       used 76151K, capacity 79168K, committed 79360K, reserved 1118208K
  class space    used 10249K, capacity 10953K, committed 11008K, reserved 1048576K
}
Event: 696.484 GC heap before
{Heap before GC invocations=22 (full 4):
 PSYoungGen      total 308224K, used 308223K [0x00000000e0000000, 0x00000000fb500000, 0x0000000100000000)
  eden space 255488K, 100% used [0x00000000e0000000,0x00000000ef980000,0x00000000ef980000)
  from space 52736K, 99% used [0x00000000ef980000,0x00000000f2cffc40,0x00000000f2d00000)
  to   space 74752K, 0% used [0x00000000f6c00000,0x00000000f6c00000,0x00000000fb500000)
 ParOldGen       total 185344K, used 128073K [0x00000000a0000000, 0x00000000ab500000, 0x00000000e0000000)
  object space 185344K, 69% used [0x00000000a0000000,0x00000000a7d12560,0x00000000ab500000)
 Metaspace       used 85587K, capacity 88926K, committed 89216K, reserved 1126400K
  class space    used 11304K, capacity 12082K, committed 12160K, reserved 1048576K
Event: 696.723 GC heap after
Heap after GC invocations=22 (full 4):
 PSYoungGen      total 351232K, used 27619K [0x00000000e0000000, 0x00000000fa680000, 0x0000000100000000)
  eden space 291328K, 0% used [0x00000000e0000000,0x00000000e0000000,0x00000000f1c80000)
  from space 59904K, 46% used [0x00000000f6c00000,0x00000000f86f8c98,0x00000000fa680000)
  to   space 70656K, 0% used [0x00000000f1c80000,0x00000000f1c80000,0x00000000f6180000)
 ParOldGen       total 185344K, used 175341K [0x00000000a0000000, 0x00000000ab500000, 0x00000000e0000000)
  object space 185344K, 94% used [0x00000000a0000000,0x00000000aab3b4e8,0x00000000ab500000)
 Metaspace       used 85587K, capacity 88926K, committed 89216K, reserved 1126400K
  class space    used 11304K, capacity 12082K, committed 12160K, reserved 1048576K
}
Event: 696.723 GC heap before
{Heap before GC invocations=23 (full 5):
 PSYoungGen      total 351232K, used 27619K [0x00000000e0000000, 0x00000000fa680000, 0x0000000100000000)
  eden space 291328K, 0% used [0x00000000e0000000,0x00000000e0000000,0x00000000f1c80000)
  from space 59904K, 46% used [0x00000000f6c00000,0x00000000f86f8c98,0x00000000fa680000)
  to   space 70656K, 0% used [0x00000000f1c80000,0x00000000f1c80000,0x00000000f6180000)
 ParOldGen       total 185344K, used 175341K [0x00000000a0000000, 0x00000000ab500000, 0x00000000e0000000)
  object space 185344K, 94% used [0x00000000a0000000,0x00000000aab3b4e8,0x00000000ab500000)
 Metaspace       used 85587K, capacity 88926K, committed 89216K, reserved 1126400K
  class space    used 11304K, capacity 12082K, committed 12160K, reserved 1048576K
Event: 697.154 GC heap after
Heap after GC invocations=23 (full 5):
 PSYoungGen      total 351232K, used 0K [0x00000000e0000000, 0x00000000fa680000, 0x0000000100000000)
  eden space 291328K, 0% used [0x00000000e0000000,0x00000000e0000000,0x00000000f1c80000)
  from space 59904K, 0% used [0x00000000f6c00000,0x00000000f6c00000,0x00000000fa680000)
  to   space 70656K, 0% used [0x00000000f1c80000,0x00000000f1c80000,0x00000000f6180000)
 ParOldGen       total 217088K, used 86590K [0x00000000a0000000, 0x00000000ad400000, 0x00000000e0000000)
  object space 217088K, 39% used [0x00000000a0000000,0x00000000a548f808,0x00000000ad400000)
 Metaspace       used 85587K, capacity 88926K, committed 89216K, reserved 1126400K
  class space    used 11304K, capacity 12082K, committed 12160K, reserved 1048576K
}
Event: 725.100 GC heap before
{Heap before GC invocations=24 (full 5):
 PSYoungGen      total 351232K, used 291328K [0x00000000e0000000, 0x00000000fa680000, 0x0000000100000000)
  eden space 291328K, 100% used [0x00000000e0000000,0x00000000f1c80000,0x00000000f1c80000)
  from space 59904K, 0% used [0x00000000f6c00000,0x00000000f6c00000,0x00000000fa680000)
  to   space 70656K, 0% used [0x00000000f1c80000,0x00000000f1c80000,0x00000000f6180000)
 ParOldGen       total 217088K, used 86590K [0x00000000a0000000, 0x00000000ad400000, 0x00000000e0000000)
  object space 217088K, 39% used [0x00000000a0000000,0x00000000a548f808,0x00000000ad400000)
 Metaspace       used 88175K, capacity 91604K, committed 91776K, reserved 1128448K
  class space    used 11545K, capacity 12315K, committed 12416K, reserved 1048576K
Event: 725.135 GC heap after
Heap after GC invocations=24 (full 5):
 PSYoungGen      total 361984K, used 16847K [0x00000000e0000000, 0x00000000fa680000, 0x0000000100000000)
  eden space 291328K, 0% used [0x00000000e0000000,0x00000000e0000000,0x00000000f1c80000)
  from space 70656K, 23% used [0x00000000f1c80000,0x00000000f2cf3dd0,0x00000000f6180000)
  to   space 59904K, 0% used [0x00000000f6c00000,0x00000000f6c00000,0x00000000fa680000)
 ParOldGen       total 217088K, used 86598K [0x00000000a0000000, 0x00000000ad400000, 0x00000000e0000000)
  object space 217088K, 39% used [0x00000000a0000000,0x00000000a5491808,0x00000000ad400000)
 Metaspace       used 88175K, capacity 91604K, committed 91776K, reserved 1128448K
  class space    used 11545K, capacity 12315K, committed 12416K, reserved 1048576K
}

Deoptimization events (10 events):
Event: 721.828 Thread 0x000000001cbf7000 Uncommon trap: reason=speculate_class_check action=maybe_recompile pc=0x0000000004b8fe38 method=java.util.EnumMap.get(Ljava/lang/Object;)Ljava/lang/Object; @ 14
Event: 721.828 Thread 0x000000001cbf7000 Uncommon trap: reason=speculate_class_check action=maybe_recompile pc=0x0000000004b8fe38 method=java.util.EnumMap.get(Ljava/lang/Object;)Ljava/lang/Object; @ 14
Event: 722.808 Thread 0x000000001cbf7000 Uncommon trap: reason=class_check action=maybe_recompile pc=0x0000000004bb0668 method=com.google.common.collect.Iterables.castOrCopyToCollection(Ljava/lang/Iterable;)Ljava/util/Collection; @ 1
Event: 722.888 Thread 0x000000001cbf2000 Uncommon trap: reason=unstable_if action=reinterpret pc=0x0000000003886070 method=java.util.concurrent.ConcurrentLinkedQueue.offer(Ljava/lang/Object;)Z @ 40
Event: 724.320 Thread 0x000000001cbf2000 Uncommon trap: reason=unstable_if action=reinterpret pc=0x0000000002593410 method=java.util.concurrent.ConcurrentLinkedQueue.updateHead(Ljava/util/concurrent/ConcurrentLinkedQueue$Node;Ljava/util/concurrent/ConcurrentLinkedQueue$Node;)V @ 11
Event: 724.939 Thread 0x0000000019eef800 Uncommon trap: reason=unstable_if action=reinterpret pc=0x000000000380d000 method=java.util.concurrent.locks.ReentrantLock$Sync.nonfairTryAcquire(I)Z @ 19
Event: 725.361 Thread 0x000000001cbf7000 Uncommon trap: reason=unstable_if action=reinterpret pc=0x0000000004cafd28 method=java.io.ObjectOutputStream.writeObject0(Ljava/lang/Object;Z)V @ 477
Event: 727.289 Thread 0x000000001cbf3800 Uncommon trap: reason=array_check action=maybe_recompile pc=0x00000000038a5980 method=com.google.common.collect.RegularImmutableMap.fromEntryArray(I[Ljava/util/Map$Entry;)Lcom/google/common/collect/ImmutableMap; @ 157
Event: 727.361 Thread 0x000000001cbf3800 Uncommon trap: reason=bimorphic action=maybe_recompile pc=0x0000000004be76ac method=com.google.common.collect.AbstractIndexedListIterator.next()Ljava/lang/Object; @ 27
Event: 727.361 Thread 0x000000001cbf3800 Uncommon trap: reason=bimorphic action=maybe_recompile pc=0x0000000004be76ac method=com.google.common.collect.AbstractIndexedListIterator.next()Ljava/lang/Object; @ 27

Classes redefined (0 events):
No events

Internal exceptions (10 events):
Event: 700.476 Thread 0x000000001cbf7000 Exception <a 'java/lang/NoSuchMethodError': <clinit>> (0x00000000e6a0f170) thrown at [D:\src\AOSP-openjdk-cygwin\jdk8u\hotspot\src\share\vm\prims\jni.cpp, line 1614]
Event: 700.618 Thread 0x000000001cbff800 Exception <a 'java/lang/NoSuchMethodError': java.lang.Object.lambda$negate$1(Ljava/lang/Object;)Z> (0x00000000e6c9c598) thrown at [D:\src\AOSP-openjdk-cygwin\jdk8u\hotspot\src\share\vm\interpreter\linkResolver.cpp, line 620]
Event: 703.399 Thread 0x000000001cbff800 Exception <a 'sun/nio/fs/WindowsException'> (0x00000000e9369e10) thrown at [D:\src\AOSP-openjdk-cygwin\jdk8u\hotspot\src\share\vm\prims\jni.cpp, line 710]
Event: 703.399 Thread 0x000000001cbff800 Exception <a 'sun/nio/fs/WindowsException'> (0x00000000e936a2b8) thrown at [D:\src\AOSP-openjdk-cygwin\jdk8u\hotspot\src\share\vm\prims\jni.cpp, line 710]
Event: 703.972 Thread 0x000000001cbff800 Exception <a 'java/lang/OutOfMemoryError'> (0x00000000eae8ccf8) thrown at [D:\src\AOSP-openjdk-cygwin\jdk8u\hotspot\src\share\vm\prims\jni.cpp, line 736]
Event: 703.978 Thread 0x000000001cbf7000 Exception <a 'java/lang/reflect/InvocationTargetException'> (0x00000000e6a3c1f0) thrown at [D:\src\AOSP-openjdk-cygwin\jdk8u\hotspot\src\share\vm\runtime\reflection.cpp, line 1092]
Event: 704.041 Thread 0x000000001cbf7000 Exception <a 'sun/nio/fs/WindowsException'> (0x00000000eaf225c0) thrown at [D:\src\AOSP-openjdk-cygwin\jdk8u\hotspot\src\share\vm\prims\jni.cpp, line 710]
Event: 727.360 Thread 0x000000001cbf3800 Exception <a 'sun/nio/fs/WindowsException'> (0x00000000e34653d8) thrown at [D:\src\AOSP-openjdk-cygwin\jdk8u\hotspot\src\share\vm\prims\jni.cpp, line 710]
Event: 727.361 Thread 0x000000001cbf3800 Exception <a 'sun/nio/fs/WindowsException'> (0x00000000e3465880) thrown at [D:\src\AOSP-openjdk-cygwin\jdk8u\hotspot\src\share\vm\prims\jni.cpp, line 710]
Event: 727.695 Thread 0x000000001cbf3800 Exception <a 'java/lang/OutOfMemoryError'> (0x00000000e50e6bb8) thrown at [D:\src\AOSP-openjdk-cygwin\jdk8u\hotspot\src\share\vm\prims\jni.cpp, line 736]

Events (10 events):
Event: 727.361 Thread 0x000000001cbf3800 Uncommon trap: trap_request=0xffffffc6 fr.pc=0x0000000004be76ac
Event: 727.361 Thread 0x000000001cbf3800 DEOPT PACKING pc=0x0000000004be76ac sp=0x000000002c03e340
Event: 727.361 Thread 0x000000001cbf3800 DEOPT UNPACKING pc=0x000000000240557b sp=0x000000002c03e308 mode 2
Event: 727.361 Thread 0x000000001cbf3800 Uncommon trap: trap_request=0xffffffc6 fr.pc=0x0000000004be76ac
Event: 727.361 Thread 0x000000001cbf3800 DEOPT PACKING pc=0x0000000004be76ac sp=0x000000002c03e340
Event: 727.361 Thread 0x000000001cbf3800 DEOPT UNPACKING pc=0x000000000240557b sp=0x000000002c03e308 mode 2
Event: 727.404 Thread 0x000000001cbf3800 DEOPT PACKING pc=0x0000000004c18f11 sp=0x000000002c03e120
Event: 727.404 Thread 0x000000001cbf3800 DEOPT UNPACKING pc=0x00000000024071d0 sp=0x000000002c03dfe0 mode 0
Event: 727.617 Thread 0x000000001cbf3800 DEOPT PACKING pc=0x0000000004c15507 sp=0x000000002c03dd90
Event: 727.617 Thread 0x000000001cbf3800 DEOPT UNPACKING pc=0x00000000024071d0 sp=0x000000002c03dab8 mode 0


Dynamic libraries:
0x00007ff684b60000 - 0x00007ff684b91000 	C:\Program Files\Android\Android Studio1\jre\bin\java.exe
0x00007ffded9a0000 - 0x00007ffdedb8d000 	C:\Windows\SYSTEM32\ntdll.dll
0x00007ffded480000 - 0x00007ffded533000 	C:\Windows\System32\KERNEL32.DLL
0x00007ffde9a90000 - 0x00007ffde9d23000 	C:\Windows\System32\KERNELBASE.dll
0x00007ffded8d0000 - 0x00007ffded973000 	C:\Windows\System32\ADVAPI32.dll
0x00007ffdec680000 - 0x00007ffdec71e000 	C:\Windows\System32\msvcrt.dll
0x00007ffded1f0000 - 0x00007ffded28e000 	C:\Windows\System32\sechost.dll
0x00007ffdec920000 - 0x00007ffdeca42000 	C:\Windows\System32\RPCRT4.dll
0x00007ffdec780000 - 0x00007ffdec917000 	C:\Windows\System32\USER32.dll
0x00007ffde9d80000 - 0x00007ffde9da0000 	C:\Windows\System32\win32u.dll
0x00007ffdec750000 - 0x00007ffdec779000 	C:\Windows\System32\GDI32.dll
0x00007ffde9f20000 - 0x00007ffdea0b9000 	C:\Windows\System32\gdi32full.dll
0x00007ffdeab50000 - 0x00007ffdeabf0000 	C:\Windows\System32\msvcp_win.dll
0x00007ffdea0c0000 - 0x00007ffdea1ba000 	C:\Windows\System32\ucrtbase.dll
0x00007ffdddee0000 - 0x00007ffdde159000 	C:\Windows\WinSxS\amd64_microsoft.windows.common-controls_6595b64144ccf1df_6.0.17763.1098_none_de762ed45346ee8a\COMCTL32.dll
0x00007ffded540000 - 0x00007ffded86c000 	C:\Windows\System32\combase.dll
0x00007ffde9ea0000 - 0x00007ffde9f1e000 	C:\Windows\System32\bcryptPrimitives.dll
0x00007ffdec720000 - 0x00007ffdec74e000 	C:\Windows\System32\IMM32.DLL
0x0000000050f20000 - 0x0000000050ff2000 	C:\Program Files\Android\Android Studio1\jre\jre\bin\msvcr100.dll
0x0000000050150000 - 0x0000000050996000 	C:\Program Files\Android\Android Studio1\jre\jre\bin\server\jvm.dll
0x00007ffded990000 - 0x00007ffded998000 	C:\Windows\System32\PSAPI.DLL
0x00007ffdcfde0000 - 0x00007ffdcfde9000 	C:\Windows\SYSTEM32\WSOCK32.dll
0x00007ffdec610000 - 0x00007ffdec67d000 	C:\Windows\System32\WS2_32.dll
0x00007ffde7ae0000 - 0x00007ffde7b04000 	C:\Windows\SYSTEM32\WINMM.dll
0x00007ffddbda0000 - 0x00007ffddbdaa000 	C:\Windows\SYSTEM32\VERSION.dll
0x00007ffde7ab0000 - 0x00007ffde7add000 	C:\Windows\SYSTEM32\WINMMBASE.dll
0x00007ffde9d30000 - 0x00007ffde9d7a000 	C:\Windows\System32\cfgmgr32.dll
0x00007ffde3a50000 - 0x00007ffde3a5f000 	C:\Program Files\Android\Android Studio1\jre\jre\bin\verify.dll
0x00007ffde3a20000 - 0x00007ffde3a49000 	C:\Program Files\Android\Android Studio1\jre\jre\bin\java.dll
0x00007ffde3920000 - 0x00007ffde3936000 	C:\Program Files\Android\Android Studio1\jre\jre\bin\zip.dll
0x00007ffdeb110000 - 0x00007ffdec604000 	C:\Windows\System32\SHELL32.dll
0x00007ffdeb000000 - 0x00007ffdeb0a8000 	C:\Windows\System32\shcore.dll
0x00007ffdea220000 - 0x00007ffdea96d000 	C:\Windows\System32\windows.storage.dll
0x00007ffde9a00000 - 0x00007ffde9a24000 	C:\Windows\System32\profapi.dll
0x00007ffde9a30000 - 0x00007ffde9a8d000 	C:\Windows\System32\powrprof.dll
0x00007ffdeced0000 - 0x00007ffdecf22000 	C:\Windows\System32\shlwapi.dll
0x00007ffde99e0000 - 0x00007ffde99f1000 	C:\Windows\System32\kernel.appcore.dll
0x00007ffde9dd0000 - 0x00007ffde9de7000 	C:\Windows\System32\cryptsp.dll
0x00007ffde3900000 - 0x00007ffde391a000 	C:\Program Files\Android\Android Studio1\jre\jre\bin\net.dll
0x00007ffddf5d0000 - 0x00007ffddf7a7000 	C:\Windows\SYSTEM32\urlmon.dll
0x00007ffddfa30000 - 0x00007ffddfcd8000 	C:\Windows\SYSTEM32\iertutil.dll
0x00007ffde93a0000 - 0x00007ffde93ac000 	C:\Windows\SYSTEM32\CRYPTBASE.DLL
0x00007ffde91d0000 - 0x00007ffde9237000 	C:\Windows\system32\mswsock.dll
0x00007ffde38e0000 - 0x00007ffde38f3000 	C:\Program Files\Android\Android Studio1\jre\jre\bin\nio.dll
0x00007ffde6280000 - 0x00007ffde62a6000 	C:\Users\deCrypt3d\.gradle\native\30\windows-amd64\native-platform.dll
0x00007ffde2a70000 - 0x00007ffde2a7d000 	C:\Program Files\Android\Android Studio1\jre\jre\bin\management.dll
0x00007ffde8d50000 - 0x00007ffde8d83000 	C:\Windows\system32\rsaenh.dll
0x00007ffde9da0000 - 0x00007ffde9dc6000 	C:\Windows\System32\bcrypt.dll
0x00007ffde98c0000 - 0x00007ffde98e8000 	C:\Windows\SYSTEM32\USERENV.dll
0x00007ffde8ef0000 - 0x00007ffde8f2d000 	C:\Windows\SYSTEM32\IPHLPAPI.DLL
0x00007ffded340000 - 0x00007ffded348000 	C:\Windows\System32\NSI.dll
0x00007ffddf9f0000 - 0x00007ffddfa06000 	C:\Windows\SYSTEM32\dhcpcsvc6.DLL
0x00007ffddf9d0000 - 0x00007ffddf9ec000 	C:\Windows\SYSTEM32\dhcpcsvc.DLL
0x00007ffde8f30000 - 0x00007ffde8ff6000 	C:\Windows\SYSTEM32\DNSAPI.dll

VM Arguments:
jvm_args: -Xmx1536m -Dfile.encoding=windows-1252 -Duser.country=ID -Duser.language=en -Duser.variant 
java_command: org.gradle.launcher.daemon.bootstrap.GradleDaemon 5.6.4
java_class_path (initial): C:\Users\deCrypt3d\.gradle\wrapper\dists\gradle-5.6.4-all\ankdp27end7byghfw1q2sw75f\gradle-5.6.4\lib\gradle-launcher-5.6.4.jar
Launcher Type: SUN_STANDARD

Environment Variables:
PATH=C:\ProgramData\Oracle\Java\javapath;C:\Program Files (x86)\Common Files\Intel\Shared Files\cpp\bin\Intel64;C:\Windows\system32;C:\Windows;C:\Windows\System32\Wbem;C:\Windows\System32\WindowsPowerShell\v1.0\;C:\xampp\php;C:\ProgramData\ComposerSetup\bin;C:\Program Files\PuTTY\;C:\Program Files\nodejs\;%JAVA_HOME%\bin;C:\SDK\gradle-6.3\bin;C:\Program Files (x86)\GtkSharp\2.12\bin;C:\Users\deCrypt3d\AppData\Local\Microsoft\WindowsApps;C:\Users\deCrypt3d\AppData\Roaming\Composer\vendor\bin;C:\Users\deCrypt3d\AppData\Roaming\npm;
USERNAME=deCrypt3d
OS=Windows_NT
PROCESSOR_IDENTIFIER=Intel64 Family 6 Model 58 Stepping 9, GenuineIntel



---------------  S Y S T E M  ---------------

OS: Windows 10.0 , 64 bit Build 17763 (10.0.17763.475)

CPU:total 2 (initial active 2) (2 cores per cpu, 1 threads per core) family 6 model 58 stepping 9, cmov, cx8, fxsr, mmx, sse, sse2, sse3, ssse3, sse4.1, sse4.2, popcnt, clmul, erms, tsc, tscinvbit, tscinv

Memory: 4k page, physical 3880804k(442524k free), swap 3880804k(4108k free)

vm_info: OpenJDK 64-Bit Server VM (25.212-b04) for windows-amd64 JRE (1.8.0_212-release-1586-b04), built by "builder" with MS VC++ 10.0 (VS2010)

time: Sun Jul 12 16:31:10 2020
timezone: SE Asia Standard Time
elapsed time: 727 seconds (0d 0h 12m 7s)

