#
# There is insufficient memory for the Java Runtime Environment to continue.
# Native memory allocation (malloc) failed to allocate 565392 bytes for Chunk::new
# Possible reasons:
#   The system is out of physical RAM or swap space
#   The process is running with CompressedOops enabled, and the Java Heap may be blocking the growth of the native heap
# Possible solutions:
#   Reduce memory load on the system
#   Increase physical memory or swap space
#   Check if swap backing store is full
#   Decrease Java heap size (-Xmx/-Xms)
#   Decrease number of Java threads
#   Decrease Java thread stack sizes (-Xss)
#   Set larger code cache with -XX:ReservedCodeCacheSize=
#   JVM is running with Unscaled Compressed Oops mode in which the Java heap is
#     placed in the first 4GB address space. The Java Heap base address is the
#     maximum limit for the native heap growth. Please use -XX:HeapBaseMinAddress
#     to set the Java Heap base and to place the Java Heap above 4GB virtual address.
# This output file may be truncated or incomplete.
#
#  Out of Memory Error (allocation.cpp:389), pid=4824, tid=0x00000000000008d0
#
# JRE version: OpenJDK Runtime Environment (8.0_212-b04) (build 1.8.0_212-release-1586-b04)
# Java VM: OpenJDK 64-Bit Server VM (25.212-b04 mixed mode windows-amd64 compressed oops)
# Failed to write core dump. Minidumps are not enabled by default on client versions of Windows
#

---------------  T H R E A D  ---------------

Current thread (0x0000000016789800):  JavaThread "C2 CompilerThread0" daemon [_thread_in_native, id=2256, stack(0x00000000177c0000,0x00000000178c0000)]

Stack: [0x00000000177c0000,0x00000000178c0000]
[error occurred during error reporting (printing stack bounds), id 0xc0000005]

Native frames: (J=compiled Java code, j=interpreted, Vv=VM code, C=native code)


Current CompileTask:
C2:  11374 2403       4       org.objectweb.asm.Frame::execute (2318 bytes)


---------------  P R O C E S S  ---------------

Java Threads: ( => current thread )
  0x0000000018520800 JavaThread "Cache worker for execution history cache (C:\Users\deCrypt3d\.gradle\caches\5.6.4\executionHistory)" [_thread_blocked, id=5048, stack(0x000000001dd40000,0x000000001de40000)]
  0x0000000017da2800 JavaThread "Cache worker for cache directory md-rule (C:\Users\deCrypt3d\.gradle\caches\5.6.4\md-rule)" [_thread_blocked, id=5092, stack(0x000000001db40000,0x000000001dc40000)]
  0x0000000017da2000 JavaThread "Cache worker for cache directory md-supplier (C:\Users\deCrypt3d\.gradle\caches\5.6.4\md-supplier)" [_thread_blocked, id=932, stack(0x000000001d1b0000,0x000000001d2b0000)]
  0x0000000017d9c800 JavaThread "Cache worker for file hash cache (D:\Semangat Tugas Akhir\Main Project\PajakAir\.gradle\5.6.4\fileHashes)" [_thread_blocked, id=3920, stack(0x000000001ceb0000,0x000000001cfb0000)]
  0x0000000017d9d800 JavaThread "Cache worker for journal cache (C:\Users\deCrypt3d\.gradle\caches\journal-1)" [_thread_blocked, id=4924, stack(0x000000001bde0000,0x000000001bee0000)]
  0x0000000017d9e000 JavaThread "File lock request listener" [_thread_in_native, id=6580, stack(0x000000001bce0000,0x000000001bde0000)]
  0x0000000017da3800 JavaThread "Cache worker for file hash cache (C:\Users\deCrypt3d\.gradle\caches\5.6.4\fileHashes)" [_thread_blocked, id=6568, stack(0x000000001b9e0000,0x000000001bae0000)]
  0x0000000019711800 JavaThread "Thread-9" [_thread_blocked, id=3452, stack(0x000000001b8e0000,0x000000001b9e0000)]
  0x000000001a518800 JavaThread "Stdin handler" [_thread_blocked, id=4128, stack(0x000000001b7e0000,0x000000001b8e0000)]
  0x000000001a518000 JavaThread "Asynchronous log dispatcher for DefaultDaemonConnection: socket connection from /127.0.0.1:50618 to /127.0.0.1:50619" [_thread_blocked, id=1232, stack(0x000000001b6e0000,0x000000001b7e0000)]
  0x00000000196fd000 JavaThread "Daemon worker" [_thread_in_Java, id=5916, stack(0x000000001b5e0000,0x000000001b6e0000)]
  0x00000000196fb800 JavaThread "Cancel handler" [_thread_blocked, id=6640, stack(0x000000001b4e0000,0x000000001b5e0000)]
  0x0000000019668000 JavaThread "Handler for socket connection from /127.0.0.1:50618 to /127.0.0.1:50619" [_thread_in_native, id=3676, stack(0x000000001a210000,0x000000001a310000)]
  0x0000000019686800 JavaThread "Daemon" [_thread_blocked, id=5720, stack(0x000000001a110000,0x000000001a210000)]
  0x0000000019661800 JavaThread "Daemon periodic checks" [_thread_blocked, id=3220, stack(0x000000001a010000,0x000000001a110000)]
  0x00000000196af000 JavaThread "Incoming local TCP Connector on port 50618" [_thread_in_native, id=3708, stack(0x0000000019dd0000,0x0000000019ed0000)]
  0x00000000195d0000 JavaThread "Daemon health stats" [_thread_blocked, id=1096, stack(0x0000000019790000,0x0000000019890000)]
  0x00000000167eb000 JavaThread "Service Thread" daemon [_thread_blocked, id=3196, stack(0x00000000179c0000,0x0000000017ac0000)]
  0x00000000167e5800 JavaThread "C1 CompilerThread1" daemon [_thread_blocked, id=6020, stack(0x00000000178c0000,0x00000000179c0000)]
=>0x0000000016789800 JavaThread "C2 CompilerThread0" daemon [_thread_in_native, id=2256, stack(0x00000000177c0000,0x00000000178c0000)]
  0x0000000016788000 JavaThread "Attach Listener" daemon [_thread_blocked, id=4400, stack(0x00000000176c0000,0x00000000177c0000)]
  0x0000000016785000 JavaThread "Signal Dispatcher" daemon [_thread_blocked, id=2020, stack(0x00000000175c0000,0x00000000176c0000)]
  0x0000000003051800 JavaThread "Finalizer" daemon [_thread_blocked, id=5268, stack(0x00000000173c0000,0x00000000174c0000)]
  0x0000000016777000 JavaThread "Reference Handler" daemon [_thread_blocked, id=2280, stack(0x00000000172c0000,0x00000000173c0000)]
  0x0000000002f5e000 JavaThread "main" [_thread_blocked, id=1124, stack(0x0000000002dc0000,0x0000000002ec0000)]

Other Threads:
  0x0000000016755800 VMThread [stack: 0x00000000171c0000,0x00000000172c0000] [id=1248]
  0x00000000167ed800 WatcherThread [stack: 0x0000000017ac0000,0x0000000017bc0000] [id=3536]

VM state:not at safepoint (normal execution)

VM Mutex/Monitor currently owned by a thread: None

heap address: 0x00000000a0000000, size: 1536 MB, Compressed Oops mode: 32-bit
Narrow klass base: 0x0000000000000000, Narrow klass shift: 3
Compressed class space size: 1073741824 Address: 0x0000000100000000

Heap:
 PSYoungGen      total 67584K, used 50942K [0x00000000e0000000, 0x00000000e6300000, 0x0000000100000000)
  eden space 60416K, 72% used [0x00000000e0000000,0x00000000e2af61b0,0x00000000e3b00000)
  from space 7168K, 96% used [0x00000000e3b00000,0x00000000e41c9768,0x00000000e4200000)
  to   space 10240K, 0% used [0x00000000e5900000,0x00000000e5900000,0x00000000e6300000)
 ParOldGen       total 35840K, used 10597K [0x00000000a0000000, 0x00000000a2300000, 0x00000000e0000000)
  object space 35840K, 29% used [0x00000000a0000000,0x00000000a0a59460,0x00000000a2300000)
 Metaspace       used 30221K, capacity 30788K, committed 31104K, reserved 1075200K
  class space    used 4166K, capacity 4385K, committed 4480K, reserved 1048576K

Card table byte_map: [0x0000000012420000,0x0000000012730000] byte_map_base: 0x0000000011f20000

Marking Bits: (ParMarkBitMap*) 0x0000000062319f30
 Begin Bits: [0x0000000012b30000, 0x0000000014330000)
 End Bits:   [0x0000000014330000, 0x0000000015b30000)

Polling page: 0x00000000015c0000

CodeCache: size=245760Kb used=8699Kb max_used=8699Kb free=237061Kb
 bounds [0x0000000003060000, 0x00000000038f0000, 0x0000000012060000]
 total_blobs=2978 nmethods=2302 adapters=590
 compilation: enabled

Compilation events (10 events):
Event: 11.345 Thread 0x00000000167e5800 nmethod 2448 0x00000000038df010 code [0x00000000038df180, 0x00000000038df3b0]
Event: 11.345 Thread 0x00000000167e5800 2449       1       com.google.common.cache.LocalCache$StrongEntry::getNext (5 bytes)
Event: 11.345 Thread 0x00000000167e5800 nmethod 2449 0x00000000038df450 code [0x00000000038df5a0, 0x00000000038df6b0]
Event: 11.346 Thread 0x00000000167e5800 2450       1       com.google.common.cache.LocalCache$AccessQueue$1::getPreviousInAccessQueue (5 bytes)
Event: 11.346 Thread 0x00000000167e5800 nmethod 2450 0x00000000038df710 code [0x00000000038df860, 0x00000000038df970]
Event: 11.352 Thread 0x00000000167e5800 2451       3       java.lang.Integer::numberOfLeadingZeros (76 bytes)
Event: 11.352 Thread 0x00000000167e5800 nmethod 2451 0x00000000038df9d0 code [0x00000000038dfb40, 0x00000000038dfdf0]
Event: 11.366 Thread 0x00000000167e5800 2452       3       java.util.ArrayDeque::isEmpty (17 bytes)
Event: 11.366 Thread 0x00000000167e5800 nmethod 2452 0x00000000038dfe50 code [0x00000000038dffa0, 0x00000000038e0150]
Event: 11.366 Thread 0x00000000167e5800 2453       3       sun.security.provider.MD5::implCompress (1508 bytes)

GC Heap History (10 events):
Event: 5.492 GC heap before
{Heap before GC invocations=6 (full 0):
 PSYoungGen      total 33280K, used 33248K [0x00000000e0000000, 0x00000000e4800000, 0x0000000100000000)
  eden space 30720K, 100% used [0x00000000e0000000,0x00000000e1e00000,0x00000000e1e00000)
  from space 2560K, 98% used [0x00000000e1e00000,0x00000000e2078020,0x00000000e2080000)
  to   space 6144K, 0% used [0x00000000e4200000,0x00000000e4200000,0x00000000e4800000)
 ParOldGen       total 40960K, used 4610K [0x00000000a0000000, 0x00000000a2800000, 0x00000000e0000000)
  object space 40960K, 11% used [0x00000000a0000000,0x00000000a0480a90,0x00000000a2800000)
 Metaspace       used 14409K, capacity 14746K, committed 14976K, reserved 1062912K
  class space    used 1990K, capacity 2127K, committed 2176K, reserved 1048576K
Event: 5.533 GC heap after
Heap after GC invocations=6 (full 0):
 PSYoungGen      total 66560K, used 5969K [0x00000000e0000000, 0x00000000e4a00000, 0x0000000100000000)
  eden space 60416K, 0% used [0x00000000e0000000,0x00000000e0000000,0x00000000e3b00000)
  from space 6144K, 97% used [0x00000000e4200000,0x00000000e47d4658,0x00000000e4800000)
  to   space 7168K, 0% used [0x00000000e3b00000,0x00000000e3b00000,0x00000000e4200000)
 ParOldGen       total 40960K, used 4618K [0x00000000a0000000, 0x00000000a2800000, 0x00000000e0000000)
  object space 40960K, 11% used [0x00000000a0000000,0x00000000a0482a90,0x00000000a2800000)
 Metaspace       used 14409K, capacity 14746K, committed 14976K, reserved 1062912K
  class space    used 1990K, capacity 2127K, committed 2176K, reserved 1048576K
}
Event: 7.481 GC heap before
{Heap before GC invocations=7 (full 0):
 PSYoungGen      total 66560K, used 66385K [0x00000000e0000000, 0x00000000e4a00000, 0x0000000100000000)
  eden space 60416K, 100% used [0x00000000e0000000,0x00000000e3b00000,0x00000000e3b00000)
  from space 6144K, 97% used [0x00000000e4200000,0x00000000e47d4658,0x00000000e4800000)
  to   space 7168K, 0% used [0x00000000e3b00000,0x00000000e3b00000,0x00000000e4200000)
 ParOldGen       total 40960K, used 4618K [0x00000000a0000000, 0x00000000a2800000, 0x00000000e0000000)
  object space 40960K, 11% used [0x00000000a0000000,0x00000000a0482a90,0x00000000a2800000)
 Metaspace       used 19206K, capacity 19706K, committed 19840K, reserved 1067008K
  class space    used 2761K, capacity 2939K, committed 2944K, reserved 1048576K
Event: 7.513 GC heap after
Heap after GC invocations=7 (full 0):
 PSYoungGen      total 67584K, used 7140K [0x00000000e0000000, 0x00000000e4a00000, 0x0000000100000000)
  eden space 60416K, 0% used [0x00000000e0000000,0x00000000e0000000,0x00000000e3b00000)
  from space 7168K, 99% used [0x00000000e3b00000,0x00000000e41f9190,0x00000000e4200000)
  to   space 6144K, 0% used [0x00000000e4200000,0x00000000e4200000,0x00000000e4800000)
 ParOldGen       total 40960K, used 7450K [0x00000000a0000000, 0x00000000a2800000, 0x00000000e0000000)
  object space 40960K, 18% used [0x00000000a0000000,0x00000000a07469f8,0x00000000a2800000)
 Metaspace       used 19206K, capacity 19706K, committed 19840K, reserved 1067008K
  class space    used 2761K, capacity 2939K, committed 2944K, reserved 1048576K
}
Event: 8.306 GC heap before
{Heap before GC invocations=8 (full 0):
 PSYoungGen      total 67584K, used 20934K [0x00000000e0000000, 0x00000000e4a00000, 0x0000000100000000)
  eden space 60416K, 22% used [0x00000000e0000000,0x00000000e0d787a8,0x00000000e3b00000)
  from space 7168K, 99% used [0x00000000e3b00000,0x00000000e41f9190,0x00000000e4200000)
  to   space 6144K, 0% used [0x00000000e4200000,0x00000000e4200000,0x00000000e4800000)
 ParOldGen       total 40960K, used 7450K [0x00000000a0000000, 0x00000000a2800000, 0x00000000e0000000)
  object space 40960K, 18% used [0x00000000a0000000,0x00000000a07469f8,0x00000000a2800000)
 Metaspace       used 20709K, capacity 21192K, committed 21296K, reserved 1067008K
  class space    used 2986K, capacity 3135K, committed 3200K, reserved 1048576K
Event: 8.320 GC heap after
Heap after GC invocations=8 (full 0):
 PSYoungGen      total 66560K, used 5961K [0x00000000e0000000, 0x00000000e4a00000, 0x0000000100000000)
  eden space 60416K, 0% used [0x00000000e0000000,0x00000000e0000000,0x00000000e3b00000)
  from space 6144K, 97% used [0x00000000e4200000,0x00000000e47d2510,0x00000000e4800000)
  to   space 7168K, 0% used [0x00000000e3b00000,0x00000000e3b00000,0x00000000e4200000)
 ParOldGen       total 40960K, used 8066K [0x00000000a0000000, 0x00000000a2800000, 0x00000000e0000000)
  object space 40960K, 19% used [0x00000000a0000000,0x00000000a07e09f8,0x00000000a2800000)
 Metaspace       used 20709K, capacity 21192K, committed 21296K, reserved 1067008K
  class space    used 2986K, capacity 3135K, committed 3200K, reserved 1048576K
}
Event: 8.320 GC heap before
{Heap before GC invocations=9 (full 1):
 PSYoungGen      total 66560K, used 5961K [0x00000000e0000000, 0x00000000e4a00000, 0x0000000100000000)
  eden space 60416K, 0% used [0x00000000e0000000,0x00000000e0000000,0x00000000e3b00000)
  from space 6144K, 97% used [0x00000000e4200000,0x00000000e47d2510,0x00000000e4800000)
  to   space 7168K, 0% used [0x00000000e3b00000,0x00000000e3b00000,0x00000000e4200000)
 ParOldGen       total 40960K, used 8066K [0x00000000a0000000, 0x00000000a2800000, 0x00000000e0000000)
  object space 40960K, 19% used [0x00000000a0000000,0x00000000a07e09f8,0x00000000a2800000)
 Metaspace       used 20709K, capacity 21192K, committed 21296K, reserved 1067008K
  class space    used 2986K, capacity 3135K, committed 3200K, reserved 1048576K
Event: 8.429 GC heap after
Heap after GC invocations=9 (full 1):
 PSYoungGen      total 66560K, used 0K [0x00000000e0000000, 0x00000000e4a00000, 0x0000000100000000)
  eden space 60416K, 0% used [0x00000000e0000000,0x00000000e0000000,0x00000000e3b00000)
  from space 6144K, 0% used [0x00000000e4200000,0x00000000e4200000,0x00000000e4800000)
  to   space 7168K, 0% used [0x00000000e3b00000,0x00000000e3b00000,0x00000000e4200000)
 ParOldGen       total 35840K, used 10589K [0x00000000a0000000, 0x00000000a2300000, 0x00000000e0000000)
  object space 35840K, 29% used [0x00000000a0000000,0x00000000a0a57460,0x00000000a2300000)
 Metaspace       used 20709K, capacity 21192K, committed 21296K, reserved 1067008K
  class space    used 2986K, capacity 3135K, committed 3200K, reserved 1048576K
}
Event: 10.530 GC heap before
{Heap before GC invocations=10 (full 1):
 PSYoungGen      total 66560K, used 60416K [0x00000000e0000000, 0x00000000e4a00000, 0x0000000100000000)
  eden space 60416K, 100% used [0x00000000e0000000,0x00000000e3b00000,0x00000000e3b00000)
  from space 6144K, 0% used [0x00000000e4200000,0x00000000e4200000,0x00000000e4800000)
  to   space 7168K, 0% used [0x00000000e3b00000,0x00000000e3b00000,0x00000000e4200000)
 ParOldGen       total 35840K, used 10589K [0x00000000a0000000, 0x00000000a2300000, 0x00000000e0000000)
  object space 35840K, 29% used [0x00000000a0000000,0x00000000a0a57460,0x00000000a2300000)
 Metaspace       used 27906K, capacity 28394K, committed 28672K, reserved 1073152K
  class space    used 3785K, capacity 3976K, committed 4096K, reserved 1048576K
Event: 10.543 GC heap after
Heap after GC invocations=10 (full 1):
 PSYoungGen      total 67584K, used 6949K [0x00000000e0000000, 0x00000000e6300000, 0x0000000100000000)
  eden space 60416K, 0% used [0x00000000e0000000,0x00000000e0000000,0x00000000e3b00000)
  from space 7168K, 96% used [0x00000000e3b00000,0x00000000e41c9768,0x00000000e4200000)
  to   space 10240K, 0% used [0x00000000e5900000,0x00000000e5900000,0x00000000e6300000)
 ParOldGen       total 35840K, used 10597K [0x00000000a0000000, 0x00000000a2300000, 0x00000000e0000000)
  object space 35840K, 29% used [0x00000000a0000000,0x00000000a0a59460,0x00000000a2300000)
 Metaspace       used 27906K, capacity 28394K, committed 28672K, reserved 1073152K
  class space    used 3785K, capacity 3976K, committed 4096K, reserved 1048576K
}

Deoptimization events (10 events):
Event: 8.201 Thread 0x00000000196fd000 Uncommon trap: reason=unstable_if action=reinterpret pc=0x0000000003241bc8 method=java.lang.ClassLoader.getClassLoadingLock(Ljava/lang/String;)Ljava/lang/Object; @ 6
Event: 8.269 Thread 0x00000000196fd000 Uncommon trap: reason=bimorphic action=maybe_recompile pc=0x0000000003638754 method=java.io.BufferedInputStream.read([BII)I @ 101
Event: 8.270 Thread 0x00000000196fd000 Uncommon trap: reason=bimorphic action=maybe_recompile pc=0x0000000003638754 method=java.io.BufferedInputStream.read([BII)I @ 101
Event: 8.271 Thread 0x00000000196fd000 Uncommon trap: reason=bimorphic action=maybe_recompile pc=0x0000000003638754 method=java.io.BufferedInputStream.read([BII)I @ 101
Event: 8.271 Thread 0x00000000196fd000 Uncommon trap: reason=bimorphic action=maybe_recompile pc=0x0000000003638754 method=java.io.BufferedInputStream.read([BII)I @ 101
Event: 8.430 Thread 0x0000000016777000 Uncommon trap: reason=unstable_if action=reinterpret pc=0x00000000036581bc method=java.lang.ref.Reference.tryHandlePending(Z)Z @ 104
Event: 10.013 Thread 0x00000000196fd000 Uncommon trap: reason=unstable_if action=reinterpret pc=0x00000000035563e0 method=java.util.HashMap.hash(Ljava/lang/Object;)I @ 1
Event: 10.184 Thread 0x00000000196fd000 Uncommon trap: reason=unstable_if action=reinterpret pc=0x00000000036415fc method=java.io.WinNTFileSystem.resolve(Ljava/lang/String;Ljava/lang/String;)Ljava/lang/String; @ 49
Event: 10.239 Thread 0x00000000196fd000 Uncommon trap: reason=unstable_if action=reinterpret pc=0x0000000003330d30 method=java.util.LinkedHashMap.afterNodeInsertion(Z)V @ 1
Event: 10.741 Thread 0x00000000196fd000 Uncommon trap: reason=unstable_if action=reinterpret pc=0x000000000332eeb8 method=java.util.HashMap.getNode(ILjava/lang/Object;)Ljava/util/HashMap$Node; @ 129

Classes redefined (0 events):
No events

Internal exceptions (10 events):
Event: 9.939 Thread 0x00000000196fd000 Exception <a 'java/lang/ClassNotFoundException': org/gradle/api/internal/initialization/DefaultScriptHandlerCustomizer> (0x00000000e1ac50c0) thrown at [D:\src\AOSP-openjdk-cygwin\jdk8u\hotspot\src\share\vm\classfile\systemDictionary.cpp, line 210]
Event: 10.013 Thread 0x00000000196fd000 Implicit null exception at 0x00000000035561d5 to 0x00000000035563d1
Event: 10.848 Thread 0x00000000196fd000 Exception <a 'java/lang/ClassNotFoundException': org/gradle/api/internal/artifacts/dsl/dependencies/DefaultDependencyHandler_DecoratedBeanInfo> (0x00000000e0d1d488) thrown at [D:\src\AOSP-openjdk-cygwin\jdk8u\hotspot\src\share\vm\classfile\systemDictionar
Event: 10.850 Thread 0x00000000196fd000 Exception <a 'java/lang/ClassNotFoundException': org/gradle/api/internal/artifacts/dsl/dependencies/DefaultDependencyHandlerBeanInfo> (0x00000000e0d75e20) thrown at [D:\src\AOSP-openjdk-cygwin\jdk8u\hotspot\src\share\vm\classfile\systemDictionary.cpp, lin
Event: 10.851 Thread 0x00000000196fd000 Exception <a 'java/lang/ClassNotFoundException': org/gradle/api/internal/artifacts/dsl/dependencies/DefaultDependencyHandlerCustomizer> (0x00000000e0dcf980) thrown at [D:\src\AOSP-openjdk-cygwin\jdk8u\hotspot\src\share\vm\classfile\systemDictionary.cpp, l
Event: 10.864 Thread 0x00000000196fd000 Exception <a 'java/lang/ClassNotFoundException': org/gradle/api/internal/artifacts/dsl/dependencies/DefaultDependencyHandler_DecoratedCustomizer> (0x00000000e0e73960) thrown at [D:\src\AOSP-openjdk-cygwin\jdk8u\hotspot\src\share\vm\classfile\systemDiction
Event: 11.166 Thread 0x00000000196fd000 Exception <a 'java/lang/IncompatibleClassChangeError': Found class java.lang.Object, but interface was expected> (0x00000000e1fc02e8) thrown at [D:\src\AOSP-openjdk-cygwin\jdk8u\hotspot\src\share\vm\interpreter\linkResolver.cpp, line 653]
Event: 11.170 Thread 0x00000000196fd000 Exception <a 'java/lang/NoSuchMethodError': java.lang.Object.lambda$comparing$77a9974f$1(Ljava/util/function/Function;Ljava/lang/Object;Ljava/lang/Object;)I> (0x00000000e1fcbab0) thrown at [D:\src\AOSP-openjdk-cygwin\jdk8u\hotspot\src\share\vm\interpreter
Event: 11.174 Thread 0x00000000196fd000 Exception <a 'java/lang/NoSuchMethodError': java.lang.Object.lambda$thenComparing$36697e65$1(Ljava/util/Comparator;Ljava/lang/Object;Ljava/lang/Object;)I> (0x00000000e1fdfcd8) thrown at [D:\src\AOSP-openjdk-cygwin\jdk8u\hotspot\src\share\vm\interpreter\li
Event: 11.184 Thread 0x00000000196fd000 Exception <a 'java/lang/NoSuchMethodError': java.lang.Object.lambda$comparing$ea9a8b3a$1(Ljava/util/Comparator;Ljava/util/function/Function;Ljava/lang/Object;Ljava/lang/Object;)I> (0x00000000e1ff99e8) thrown at [D:\src\AOSP-openjdk-cygwin\jdk8u\hotspot\sr

Events (10 events):
Event: 11.347 loading class org/gradle/internal/fingerprint/FingerprintHashingStrategy$1
Event: 11.347 loading class org/gradle/internal/fingerprint/FingerprintHashingStrategy$1 done
Event: 11.348 loading class org/gradle/internal/fingerprint/FingerprintHashingStrategy$2
Event: 11.348 loading class org/gradle/internal/fingerprint/FingerprintHashingStrategy$2 done
Event: 11.348 loading class org/gradle/internal/fingerprint/impl/DefaultCurrentFileCollectionFingerprint$1
Event: 11.348 loading class org/gradle/internal/fingerprint/impl/DefaultCurrentFileCollectionFingerprint$1 done
Event: 11.350 loading class org/gradle/model/dsl/internal/transform/ClosureCreationInterceptingVerifier
Event: 11.350 loading class org/gradle/model/dsl/internal/transform/ClosureCreationInterceptingVerifier done
Event: 11.352 loading class org/gradle/internal/classloader/DeprecatedClassloader
Event: 11.352 loading class org/gradle/internal/classloader/DeprecatedClassloader done


Dynamic libraries:
0x00007ff71ab60000 - 0x00007ff71ab91000 	C:\Program Files\Android\Android Studio1\jre\bin\java.exe
0x00007ff91d3a0000 - 0x00007ff91d58d000 	C:\Windows\SYSTEM32\ntdll.dll
0x00007ff91a8d0000 - 0x00007ff91a983000 	C:\Windows\System32\KERNEL32.DLL
0x00007ff919490000 - 0x00007ff919723000 	C:\Windows\System32\KERNELBASE.dll
0x00007ff91c2d0000 - 0x00007ff91c373000 	C:\Windows\System32\ADVAPI32.dll
0x00007ff91ceb0000 - 0x00007ff91cf4e000 	C:\Windows\System32\msvcrt.dll
0x00007ff91c380000 - 0x00007ff91c41e000 	C:\Windows\System32\sechost.dll
0x00007ff91a5f0000 - 0x00007ff91a712000 	C:\Windows\System32\RPCRT4.dll
0x00007ff91a720000 - 0x00007ff91a8b7000 	C:\Windows\System32\USER32.dll
0x00007ff91a400000 - 0x00007ff91a420000 	C:\Windows\System32\win32u.dll
0x00007ff91a990000 - 0x00007ff91a9b9000 	C:\Windows\System32\GDI32.dll
0x00007ff919730000 - 0x00007ff9198c9000 	C:\Windows\System32\gdi32full.dll
0x00007ff91a230000 - 0x00007ff91a2d0000 	C:\Windows\System32\msvcp_win.dll
0x00007ff91a4f0000 - 0x00007ff91a5ea000 	C:\Windows\System32\ucrtbase.dll
0x00007ff90d8d0000 - 0x00007ff90db49000 	C:\Windows\WinSxS\amd64_microsoft.windows.common-controls_6595b64144ccf1df_6.0.17763.1098_none_de762ed45346ee8a\COMCTL32.dll
0x00007ff91c4f0000 - 0x00007ff91c81c000 	C:\Windows\System32\combase.dll
0x00007ff91a2d0000 - 0x00007ff91a34e000 	C:\Windows\System32\bcryptPrimitives.dll
0x00007ff91bec0000 - 0x00007ff91beee000 	C:\Windows\System32\IMM32.DLL
0x0000000062810000 - 0x00000000628e2000 	C:\Program Files\Android\Android Studio1\jre\jre\bin\msvcr100.dll
0x0000000061b50000 - 0x0000000062396000 	C:\Program Files\Android\Android Studio1\jre\jre\bin\server\jvm.dll
0x00007ff91d240000 - 0x00007ff91d248000 	C:\Windows\System32\PSAPI.DLL
0x00007ff8ffc40000 - 0x00007ff8ffc49000 	C:\Windows\SYSTEM32\WSOCK32.dll
0x00007ff91d250000 - 0x00007ff91d2bd000 	C:\Windows\System32\WS2_32.dll
0x00007ff9174e0000 - 0x00007ff917504000 	C:\Windows\SYSTEM32\WINMM.dll
0x00007ff90bb30000 - 0x00007ff90bb3a000 	C:\Windows\SYSTEM32\VERSION.dll
0x00007ff9174b0000 - 0x00007ff9174dd000 	C:\Windows\SYSTEM32\WINMMBASE.dll
0x00007ff91a420000 - 0x00007ff91a46a000 	C:\Windows\System32\cfgmgr32.dll
0x00007ff915c20000 - 0x00007ff915c2f000 	C:\Program Files\Android\Android Studio1\jre\jre\bin\verify.dll
0x00007ff913010000 - 0x00007ff913039000 	C:\Program Files\Android\Android Studio1\jre\jre\bin\java.dll
0x00007ff90afd0000 - 0x00007ff90afe6000 	C:\Program Files\Android\Android Studio1\jre\jre\bin\zip.dll
0x00007ff91a9c0000 - 0x00007ff91beb4000 	C:\Windows\System32\SHELL32.dll
0x00007ff91c440000 - 0x00007ff91c4e8000 	C:\Windows\System32\shcore.dll
0x00007ff919ab0000 - 0x00007ff91a1fd000 	C:\Windows\System32\windows.storage.dll
0x00007ff919460000 - 0x00007ff919484000 	C:\Windows\System32\profapi.dll
0x00007ff9193e0000 - 0x00007ff91943d000 	C:\Windows\System32\powrprof.dll
0x00007ff91bf50000 - 0x00007ff91bfa2000 	C:\Windows\System32\shlwapi.dll
0x00007ff919440000 - 0x00007ff919451000 	C:\Windows\System32\kernel.appcore.dll
0x00007ff91a470000 - 0x00007ff91a487000 	C:\Windows\System32\cryptsp.dll
0x00007ff90afb0000 - 0x00007ff90afca000 	C:\Program Files\Android\Android Studio1\jre\jre\bin\net.dll
0x00007ff90eeb0000 - 0x00007ff90f087000 	C:\Windows\SYSTEM32\urlmon.dll
0x00007ff90f2d0000 - 0x00007ff90f578000 	C:\Windows\SYSTEM32\iertutil.dll
0x00007ff918da0000 - 0x00007ff918dac000 	C:\Windows\SYSTEM32\CRYPTBASE.DLL
0x00007ff918bd0000 - 0x00007ff918c37000 	C:\Windows\system32\mswsock.dll
0x00007ff90a270000 - 0x00007ff90a283000 	C:\Program Files\Android\Android Studio1\jre\jre\bin\nio.dll
0x00007ff910cf0000 - 0x00007ff910d16000 	C:\Users\deCrypt3d\.gradle\native\30\windows-amd64\native-platform.dll
0x00007ff90c470000 - 0x00007ff90c47d000 	C:\Program Files\Android\Android Studio1\jre\jre\bin\management.dll
0x00007ff918750000 - 0x00007ff918783000 	C:\Windows\system32\rsaenh.dll
0x00007ff91a200000 - 0x00007ff91a226000 	C:\Windows\System32\bcrypt.dll
0x00007ff9192c0000 - 0x00007ff9192e8000 	C:\Windows\SYSTEM32\USERENV.dll
0x00007ff9188f0000 - 0x00007ff91892d000 	C:\Windows\SYSTEM32\IPHLPAPI.DLL
0x00007ff91a8c0000 - 0x00007ff91a8c8000 	C:\Windows\System32\NSI.dll
0x00007ff910a00000 - 0x00007ff910a16000 	C:\Windows\SYSTEM32\dhcpcsvc6.DLL
0x00007ff910a20000 - 0x00007ff910a3c000 	C:\Windows\SYSTEM32\dhcpcsvc.DLL
0x00007ff918930000 - 0x00007ff9189f6000 	C:\Windows\SYSTEM32\DNSAPI.dll

VM Arguments:
jvm_args: -Xmx1536m -Dfile.encoding=windows-1252 -Duser.country=ID -Duser.language=en -Duser.variant 
java_command: org.gradle.launcher.daemon.bootstrap.GradleDaemon 5.6.4
java_class_path (initial): C:\Users\deCrypt3d\.gradle\wrapper\dists\gradle-5.6.4-all\ankdp27end7byghfw1q2sw75f\gradle-5.6.4\lib\gradle-launcher-5.6.4.jar
Launcher Type: SUN_STANDARD

Environment Variables:
PATH=C:\ProgramData\Oracle\Java\javapath;C:\Program Files (x86)\Common Files\Intel\Shared Files\cpp\bin\Intel64;C:\Windows\system32;C:\Windows;C:\Windows\System32\Wbem;C:\Windows\System32\WindowsPowerShell\v1.0\;C:\xampp\php;C:\ProgramData\ComposerSetup\bin;C:\Program Files\PuTTY\;C:\Program Files\nodejs\;%JAVA_HOME%\bin;C:\SDK\gradle-6.3\bin;C:\Program Files (x86)\GtkSharp\2.12\bin;C:\Users\deCrypt3d\AppData\Local\Microsoft\WindowsApps;C:\Users\deCrypt3d\AppData\Roaming\Composer\vendor\bin;C:\Users\deCrypt3d\AppData\Roaming\npm;
USERNAME=deCrypt3d
OS=Windows_NT
PROCESSOR_IDENTIFIER=Intel64 Family 6 Model 58 Stepping 9, GenuineIntel



---------------  S Y S T E M  ---------------

OS: Windows 10.0 , 64 bit Build 17763 (10.0.17763.475)

CPU:total 2 (initial active 2) (2 cores per cpu, 1 threads per core) family 6 model 58 stepping 9, cmov, cx8, fxsr, mmx, sse, sse2, sse3, ssse3, sse4.1, sse4.2, popcnt, clmul, erms, tsc, tscinvbit, tscinv

Memory: 4k page, physical 3880804k(356560k free), swap 3880804k(5676k free)

vm_info: OpenJDK 64-Bit Server VM (25.212-b04) for windows-amd64 JRE (1.8.0_212-release-1586-b04), built by "builder" with MS VC++ 10.0 (VS2010)

time: Fri Jul 10 17:26:49 2020
timezone: SE Asia Standard Time
elapsed time: 11 seconds (0d 0h 0m 11s)

