#
# There is insufficient memory for the Java Runtime Environment to continue.
# Native memory allocation (malloc) failed to allocate 897216 bytes for Chunk::new
# Possible reasons:
#   The system is out of physical RAM or swap space
#   The process is running with CompressedOops enabled, and the Java Heap may be blocking the growth of the native heap
# Possible solutions:
#   Reduce memory load on the system
#   Increase physical memory or swap space
#   Check if swap backing store is full
#   Decrease Java heap size (-Xmx/-Xms)
#   Decrease number of Java threads
#   Decrease Java thread stack sizes (-Xss)
#   Set larger code cache with -XX:ReservedCodeCacheSize=
#   JVM is running with Unscaled Compressed Oops mode in which the Java heap is
#     placed in the first 4GB address space. The Java Heap base address is the
#     maximum limit for the native heap growth. Please use -XX:HeapBaseMinAddress
#     to set the Java Heap base and to place the Java Heap above 4GB virtual address.
# This output file may be truncated or incomplete.
#
#  Out of Memory Error (allocation.cpp:389), pid=7752, tid=0x0000000000002430
#
# JRE version: OpenJDK Runtime Environment (8.0_212-b04) (build 1.8.0_212-release-1586-b04)
# Java VM: OpenJDK 64-Bit Server VM (25.212-b04 mixed mode windows-amd64 compressed oops)
# Failed to write core dump. Minidumps are not enabled by default on client versions of Windows
#

---------------  T H R E A D  ---------------

Current thread (0x00000000160ba000):  JavaThread "C2 CompilerThread0" daemon [_thread_in_native, id=9264, stack(0x00000000170f0000,0x00000000171f0000)]

Stack: [0x00000000170f0000,0x00000000171f0000]
[error occurred during error reporting (printing stack bounds), id 0xc0000005]

Native frames: (J=compiled Java code, j=interpreted, Vv=VM code, C=native code)


Current CompileTask:
C2:  45597 11711       4       com.android.tools.r8.dex.j::f (704 bytes)


---------------  P R O C E S S  ---------------

Java Threads: ( => current thread )
  0x000000001c7c8800 JavaThread "ForkJoinPool-2-worker-0" daemon [_thread_blocked, id=1120, stack(0x0000000023ee0000,0x0000000023fe0000)]
  0x000000001c7c5000 JavaThread "ForkJoinPool-2-worker-1" daemon [_thread_in_Java, id=1308, stack(0x0000000022df0000,0x0000000022ef0000)]
  0x000000001c7c8000 JavaThread "WorkerExecutor Queue Thread 2" [_thread_blocked, id=9844, stack(0x0000000022cf0000,0x0000000022df0000)]
  0x000000001c7ca000 JavaThread "WorkerExecutor Queue" [_thread_blocked, id=8948, stack(0x0000000022bf0000,0x0000000022cf0000)]
  0x000000001c7cb000 JavaThread "ForkJoinPool.commonPool-worker-0" daemon [_thread_blocked, id=5052, stack(0x0000000022af0000,0x0000000022bf0000)]
  0x000000001c7bd800 JavaThread "Cache worker for Java compile cache (D:\Semangat Tugas Akhir\Main Project\PajakAir\.gradle\5.6.4\javaCompile)" [_thread_blocked, id=6672, stack(0x0000000020ea0000,0x0000000020fa0000)]
  0x000000001c7c4000 JavaThread "Cache worker for Java compile cache (C:\Users\deCrypt3d\.gradle\caches\5.6.4\javaCompile)" [_thread_blocked, id=9992, stack(0x0000000020da0000,0x0000000020ea0000)]
  0x000000001c7c3800 JavaThread "Cache worker for execution history cache (D:\Semangat Tugas Akhir\Main Project\PajakAir\.gradle\5.6.4\executionHistory)" [_thread_blocked, id=3660, stack(0x0000000020830000,0x0000000020930000)]
  0x000000001c7c1000 JavaThread "Execution worker for ':'" [_thread_blocked, id=1620, stack(0x0000000020730000,0x0000000020830000)]
  0x000000001c7c0800 JavaThread "Cache worker for file content cache (D:\Semangat Tugas Akhir\Main Project\PajakAir\.gradle\5.6.4\fileContent)" [_thread_blocked, id=8160, stack(0x0000000020430000,0x0000000020530000)]
  0x000000001c7c2000 JavaThread "Cache worker for file content cache (C:\Users\deCrypt3d\.gradle\caches\5.6.4\fileContent)" [_thread_blocked, id=1932, stack(0x0000000020330000,0x0000000020430000)]
  0x000000001c7bf800 JavaThread "Memory manager" [_thread_blocked, id=10104, stack(0x0000000020230000,0x0000000020330000)]
  0x000000001c7be000 JavaThread "Cache worker for Build Output Cleanup Cache (D:\Semangat Tugas Akhir\Main Project\PajakAir\.gradle\buildOutputCleanup)" [_thread_blocked, id=3528, stack(0x000000001f730000,0x000000001f830000)]
  0x000000001c7c2800 JavaThread "Build operations Thread 2" [_thread_blocked, id=10084, stack(0x000000001f030000,0x000000001f130000)]
  0x000000001c7bb800 JavaThread "Build operations" [_thread_blocked, id=9568, stack(0x000000001ef30000,0x000000001f030000)]
  0x000000001c7bf000 JavaThread "Cache worker for execution history cache (C:\Users\deCrypt3d\.gradle\caches\5.6.4\executionHistory)" [_thread_blocked, id=8380, stack(0x000000001ee30000,0x000000001ef30000)]
  0x00000000194d6800 JavaThread "Cache worker for cache directory md-rule (C:\Users\deCrypt3d\.gradle\caches\5.6.4\md-rule)" [_thread_blocked, id=8548, stack(0x000000001e890000,0x000000001e990000)]
  0x00000000194d5800 JavaThread "Cache worker for cache directory md-supplier (C:\Users\deCrypt3d\.gradle\caches\5.6.4\md-supplier)" [_thread_blocked, id=7580, stack(0x000000001e790000,0x000000001e890000)]
  0x00000000194d2800 JavaThread "Cache worker for file hash cache (D:\Semangat Tugas Akhir\Main Project\PajakAir\.gradle\5.6.4\fileHashes)" [_thread_blocked, id=8080, stack(0x000000001caa0000,0x000000001cba0000)]
  0x00000000194d5000 JavaThread "Cache worker for journal cache (C:\Users\deCrypt3d\.gradle\caches\journal-1)" [_thread_blocked, id=2968, stack(0x000000001b710000,0x000000001b810000)]
  0x00000000194d7000 JavaThread "File lock request listener" [_thread_in_native, id=3604, stack(0x000000001b610000,0x000000001b710000)]
  0x00000000193cc000 JavaThread "Cache worker for file hash cache (C:\Users\deCrypt3d\.gradle\caches\5.6.4\fileHashes)" [_thread_blocked, id=8012, stack(0x000000001b510000,0x000000001b610000)]
  0x00000000192c9800 JavaThread "Thread-9" [_thread_blocked, id=7596, stack(0x000000001b210000,0x000000001b310000)]
  0x00000000192b2000 JavaThread "Stdin handler" [_thread_blocked, id=4028, stack(0x000000001b110000,0x000000001b210000)]
  0x00000000192a8800 JavaThread "Asynchronous log dispatcher for DefaultDaemonConnection: socket connection from /127.0.0.1:51018 to /127.0.0.1:51019" [_thread_blocked, id=9160, stack(0x000000001b010000,0x000000001b110000)]
  0x00000000192d7000 JavaThread "Daemon worker" [_thread_blocked, id=4164, stack(0x000000001af10000,0x000000001b010000)]
  0x00000000192d3800 JavaThread "Cancel handler" [_thread_blocked, id=4148, stack(0x000000001ae10000,0x000000001af10000)]
  0x000000001922b000 JavaThread "Handler for socket connection from /127.0.0.1:51018 to /127.0.0.1:51019" [_thread_in_native, id=6748, stack(0x000000001ab10000,0x000000001ac10000)]
  0x000000001921f000 JavaThread "Daemon" [_thread_blocked, id=7680, stack(0x000000001aa10000,0x000000001ab10000)]
  0x000000001921a000 JavaThread "Daemon periodic checks" [_thread_blocked, id=416, stack(0x000000001a910000,0x000000001aa10000)]
  0x00000000191e1800 JavaThread "Incoming local TCP Connector on port 51018" [_thread_in_native, id=8760, stack(0x000000001a6d0000,0x000000001a7d0000)]
  0x000000001905a800 JavaThread "Daemon health stats" [_thread_blocked, id=9036, stack(0x00000000190c0000,0x00000000191c0000)]
  0x000000001612d800 JavaThread "Service Thread" daemon [_thread_blocked, id=9532, stack(0x00000000172f0000,0x00000000173f0000)]
  0x000000001610e000 JavaThread "C1 CompilerThread1" daemon [_thread_blocked, id=1064, stack(0x00000000171f0000,0x00000000172f0000)]
=>0x00000000160ba000 JavaThread "C2 CompilerThread0" daemon [_thread_in_native, id=9264, stack(0x00000000170f0000,0x00000000171f0000)]
  0x00000000160b9000 JavaThread "Attach Listener" daemon [_thread_blocked, id=9784, stack(0x0000000016ff0000,0x00000000170f0000)]
  0x00000000160b4000 JavaThread "Signal Dispatcher" daemon [_thread_blocked, id=3620, stack(0x0000000016ef0000,0x0000000016ff0000)]
  0x0000000002987800 JavaThread "Finalizer" daemon [_thread_blocked, id=7052, stack(0x0000000016cf0000,0x0000000016df0000)]
  0x00000000160a7000 JavaThread "Reference Handler" daemon [_thread_blocked, id=8660, stack(0x0000000016bf0000,0x0000000016cf0000)]
  0x000000000288e000 JavaThread "main" [_thread_blocked, id=6216, stack(0x0000000002740000,0x0000000002840000)]

Other Threads:
  0x0000000016085800 VMThread [stack: 0x0000000016af0000,0x0000000016bf0000] [id=8668]
  0x0000000016130000 WatcherThread [stack: 0x00000000173f0000,0x00000000174f0000] [id=10140]

VM state:not at safepoint (normal execution)

VM Mutex/Monitor currently owned by a thread: None

heap address: 0x00000000a0000000, size: 1536 MB, Compressed Oops mode: 32-bit
Narrow klass base: 0x0000000000000000, Narrow klass shift: 3
Compressed class space size: 1073741824 Address: 0x0000000100000000

Heap:
 PSYoungGen      total 260096K, used 3023K [0x00000000e0000000, 0x00000000f1380000, 0x0000000100000000)
  eden space 238080K, 1% used [0x00000000e0000000,0x00000000e02f3f48,0x00000000ee880000)
  from space 22016K, 0% used [0x00000000ee880000,0x00000000ee880000,0x00000000efe00000)
  to   space 18944K, 67% used [0x00000000f0100000,0x00000000f0d73f88,0x00000000f1380000)
 ParOldGen       total 136704K, used 136605K [0x00000000a0000000, 0x00000000a8580000, 0x00000000e0000000)
  object space 136704K, 99% used [0x00000000a0000000,0x00000000a8567568,0x00000000a8580000)
 Metaspace       used 76091K, capacity 79134K, committed 79960K, reserved 1118208K
  class space    used 10277K, capacity 10992K, committed 11096K, reserved 1048576K

Card table byte_map: [0x0000000011d50000,0x0000000012060000] byte_map_base: 0x0000000011850000

Marking Bits: (ParMarkBitMap*) 0x0000000070579f30
 Begin Bits: [0x0000000012460000, 0x0000000013c60000)
 End Bits:   [0x0000000013c60000, 0x0000000015460000)

Polling page: 0x0000000000b60000

CodeCache: size=245760Kb used=32311Kb max_used=32320Kb free=213448Kb
 bounds [0x0000000002990000, 0x0000000004940000, 0x0000000011990000]
 total_blobs=10869 nmethods=10017 adapters=764
 compilation: enabled

Compilation events (10 events):
Event: 45.570 Thread 0x000000001610e000 11826       1       java.util.concurrent.ForkJoinTask$AdaptedRunnableAction::getRawResult (2 bytes)
Event: 45.571 Thread 0x000000001610e000 nmethod 11826 0x000000000493bad0 code [0x000000000493bc20, 0x000000000493bd30]
Event: 45.572 Thread 0x000000001610e000 11827       2       java.util.concurrent.ForkJoinTask::get (69 bytes)
Event: 45.572 Thread 0x000000001610e000 nmethod 11827 0x0000000002b41410 code [0x0000000002b415c0, 0x0000000002b41978]
Event: 45.573 Thread 0x000000001610e000 11828       2       java.util.concurrent.ForkJoinTask$AdaptedRunnableAction::getRawResult (5 bytes)
Event: 45.574 Thread 0x000000001610e000 nmethod 11828 0x0000000002b3ac90 code [0x0000000002b3ade0, 0x0000000002b3af30]
Event: 45.575 Thread 0x000000001610e000 11829   !   2       java.util.concurrent.ForkJoinTask::externalInterruptibleAwaitDone (132 bytes)
Event: 45.576 Thread 0x000000001610e000 nmethod 11829 0x0000000002b40910 code [0x0000000002b40ae0, 0x0000000002b410e8]
Event: 45.585 Thread 0x000000001610e000 11830   !   2       java.lang.ref.Reference::tryHandlePending (115 bytes)
Event: 45.586 Thread 0x000000001610e000 nmethod 11830 0x0000000002f06050 code [0x0000000002f06240, 0x0000000002f06888]

GC Heap History (10 events):
Event: 29.029 GC heap before
{Heap before GC invocations=16 (full 3):
 PSYoungGen      total 219136K, used 201216K [0x00000000e0000000, 0x00000000eec80000, 0x0000000100000000)
  eden space 201216K, 100% used [0x00000000e0000000,0x00000000ec480000,0x00000000ec480000)
  from space 17920K, 0% used [0x00000000ed700000,0x00000000ed700000,0x00000000ee880000)
  to   space 18944K, 0% used [0x00000000ec480000,0x00000000ec480000,0x00000000ed700000)
 ParOldGen       total 92160K, used 37412K [0x00000000a0000000, 0x00000000a5a00000, 0x00000000e0000000)
  object space 92160K, 40% used [0x00000000a0000000,0x00000000a24892a8,0x00000000a5a00000)
 Metaspace       used 64043K, capacity 66210K, committed 66392K, reserved 1105920K
  class space    used 8705K, capacity 9298K, committed 9304K, reserved 1048576K
Event: 29.092 GC heap after
Heap after GC invocations=16 (full 3):
 PSYoungGen      total 220160K, used 18936K [0x00000000e0000000, 0x00000000f1780000, 0x0000000100000000)
  eden space 201216K, 0% used [0x00000000e0000000,0x00000000e0000000,0x00000000ec480000)
  from space 18944K, 99% used [0x00000000ec480000,0x00000000ed6fe290,0x00000000ed700000)
  to   space 23040K, 0% used [0x00000000f0100000,0x00000000f0100000,0x00000000f1780000)
 ParOldGen       total 92160K, used 40570K [0x00000000a0000000, 0x00000000a5a00000, 0x00000000e0000000)
  object space 92160K, 44% used [0x00000000a0000000,0x00000000a279e910,0x00000000a5a00000)
 Metaspace       used 64043K, capacity 66210K, committed 66392K, reserved 1105920K
  class space    used 8705K, capacity 9298K, committed 9304K, reserved 1048576K
}
Event: 35.525 GC heap before
{Heap before GC invocations=17 (full 3):
 PSYoungGen      total 220160K, used 220140K [0x00000000e0000000, 0x00000000f1780000, 0x0000000100000000)
  eden space 201216K, 99% used [0x00000000e0000000,0x00000000ec47d130,0x00000000ec480000)
  from space 18944K, 99% used [0x00000000ec480000,0x00000000ed6fe290,0x00000000ed700000)
  to   space 23040K, 0% used [0x00000000f0100000,0x00000000f0100000,0x00000000f1780000)
 ParOldGen       total 92160K, used 40570K [0x00000000a0000000, 0x00000000a5a00000, 0x00000000e0000000)
  object space 92160K, 44% used [0x00000000a0000000,0x00000000a279e910,0x00000000a5a00000)
 Metaspace       used 67873K, capacity 70106K, committed 70232K, reserved 1110016K
  class space    used 9024K, capacity 9552K, committed 9560K, reserved 1048576K
Event: 35.608 GC heap after
Heap after GC invocations=17 (full 3):
 PSYoungGen      total 257024K, used 8533K [0x00000000e0000000, 0x00000000f1380000, 0x0000000100000000)
  eden space 238080K, 0% used [0x00000000e0000000,0x00000000e0000000,0x00000000ee880000)
  from space 18944K, 45% used [0x00000000f0100000,0x00000000f0955508,0x00000000f1380000)
  to   space 22016K, 0% used [0x00000000ee880000,0x00000000ee880000,0x00000000efe00000)
 ParOldGen       total 92160K, used 56581K [0x00000000a0000000, 0x00000000a5a00000, 0x00000000e0000000)
  object space 92160K, 61% used [0x00000000a0000000,0x00000000a3741520,0x00000000a5a00000)
 Metaspace       used 67873K, capacity 70106K, committed 70232K, reserved 1110016K
  class space    used 9024K, capacity 9552K, committed 9560K, reserved 1048576K
}
Event: 37.495 GC heap before
{Heap before GC invocations=18 (full 3):
 PSYoungGen      total 257024K, used 246613K [0x00000000e0000000, 0x00000000f1380000, 0x0000000100000000)
  eden space 238080K, 100% used [0x00000000e0000000,0x00000000ee880000,0x00000000ee880000)
  from space 18944K, 45% used [0x00000000f0100000,0x00000000f0955508,0x00000000f1380000)
  to   space 22016K, 0% used [0x00000000ee880000,0x00000000ee880000,0x00000000efe00000)
 ParOldGen       total 92160K, used 56581K [0x00000000a0000000, 0x00000000a5a00000, 0x00000000e0000000)
  object space 92160K, 61% used [0x00000000a0000000,0x00000000a3741520,0x00000000a5a00000)
 Metaspace       used 68586K, capacity 70878K, committed 71256K, reserved 1110016K
  class space    used 9138K, capacity 9692K, committed 9816K, reserved 1048576K
Event: 37.609 GC heap after
Heap after GC invocations=18 (full 3):
 PSYoungGen      total 260096K, used 22003K [0x00000000e0000000, 0x00000000f1380000, 0x0000000100000000)
  eden space 238080K, 0% used [0x00000000e0000000,0x00000000e0000000,0x00000000ee880000)
  from space 22016K, 99% used [0x00000000ee880000,0x00000000efdfcd00,0x00000000efe00000)
  to   space 18944K, 0% used [0x00000000f0100000,0x00000000f0100000,0x00000000f1380000)
 ParOldGen       total 92160K, used 70872K [0x00000000a0000000, 0x00000000a5a00000, 0x00000000e0000000)
  object space 92160K, 76% used [0x00000000a0000000,0x00000000a4536318,0x00000000a5a00000)
 Metaspace       used 68586K, capacity 70878K, committed 71256K, reserved 1110016K
  class space    used 9138K, capacity 9692K, committed 9816K, reserved 1048576K
}
Event: 43.200 GC heap before
{Heap before GC invocations=19 (full 3):
 PSYoungGen      total 260096K, used 260083K [0x00000000e0000000, 0x00000000f1380000, 0x0000000100000000)
  eden space 238080K, 100% used [0x00000000e0000000,0x00000000ee880000,0x00000000ee880000)
  from space 22016K, 99% used [0x00000000ee880000,0x00000000efdfcd00,0x00000000efe00000)
  to   space 18944K, 0% used [0x00000000f0100000,0x00000000f0100000,0x00000000f1380000)
 ParOldGen       total 92160K, used 70872K [0x00000000a0000000, 0x00000000a5a00000, 0x00000000e0000000)
  object space 92160K, 76% used [0x00000000a0000000,0x00000000a4536318,0x00000000a5a00000)
 Metaspace       used 76710K, capacity 79786K, committed 79960K, reserved 1118208K
  class space    used 10342K, capacity 11064K, committed 11096K, reserved 1048576K
Event: 43.591 GC heap after
Heap after GC invocations=19 (full 3):
 PSYoungGen      total 260096K, used 260083K [0x00000000e0000000, 0x00000000f1380000, 0x0000000100000000)
  eden space 238080K, 100% used [0x00000000e0000000,0x00000000ee880000,0x00000000ee880000)
  from space 22016K, 99% used [0x00000000ee880000,0x00000000efdfcd00,0x00000000efe00000)
  to   space 18944K, 99% used [0x00000000f0100000,0x00000000f137cad0,0x00000000f1380000)
 ParOldGen       total 136704K, used 136697K [0x00000000a0000000, 0x00000000a8580000, 0x00000000e0000000)
  object space 136704K, 99% used [0x00000000a0000000,0x00000000a857e4c8,0x00000000a8580000)
 Metaspace       used 76710K, capacity 79786K, committed 79960K, reserved 1118208K
  class space    used 10342K, capacity 11064K, committed 11096K, reserved 1048576K
}
Event: 43.591 GC heap before
{Heap before GC invocations=20 (full 4):
 PSYoungGen      total 260096K, used 260083K [0x00000000e0000000, 0x00000000f1380000, 0x0000000100000000)
  eden space 238080K, 100% used [0x00000000e0000000,0x00000000ee880000,0x00000000ee880000)
  from space 22016K, 99% used [0x00000000ee880000,0x00000000efdfcd00,0x00000000efe00000)
  to   space 18944K, 99% used [0x00000000f0100000,0x00000000f137cad0,0x00000000f1380000)
 ParOldGen       total 136704K, used 136697K [0x00000000a0000000, 0x00000000a8580000, 0x00000000e0000000)
  object space 136704K, 99% used [0x00000000a0000000,0x00000000a857e4c8,0x00000000a8580000)
 Metaspace       used 76710K, capacity 79786K, committed 79960K, reserved 1118208K
  class space    used 10342K, capacity 11064K, committed 11096K, reserved 1048576K
Event: 45.564 GC heap after
Heap after GC invocations=20 (full 4):
 PSYoungGen      total 260096K, used 0K [0x00000000e0000000, 0x00000000f1380000, 0x0000000100000000)
  eden space 238080K, 0% used [0x00000000e0000000,0x00000000e0000000,0x00000000ee880000)
  from space 22016K, 0% used [0x00000000ee880000,0x00000000ee880000,0x00000000efe00000)
  to   space 18944K, 67% used [0x00000000f0100000,0x00000000f0d73f88,0x00000000f1380000)
 ParOldGen       total 136704K, used 136605K [0x00000000a0000000, 0x00000000a8580000, 0x00000000e0000000)
  object space 136704K, 99% used [0x00000000a0000000,0x00000000a8567568,0x00000000a8580000)
 Metaspace       used 76091K, capacity 79134K, committed 79960K, reserved 1118208K
  class space    used 10277K, capacity 10992K, committed 11096K, reserved 1048576K
}

Deoptimization events (10 events):
Event: 40.498 Thread 0x000000001c7c1000 Uncommon trap: reason=unstable_if action=reinterpret pc=0x0000000003833a54 method=java.lang.AbstractStringBuilder.append(I)Ljava/lang/AbstractStringBuilder; @ 16
Event: 40.498 Thread 0x000000001c7c1000 Uncommon trap: reason=unstable_if action=reinterpret pc=0x00000000034ded08 method=java.lang.Integer.getChars(II[C)V @ 7
Event: 40.506 Thread 0x000000001c7c1000 Uncommon trap: reason=predicate action=maybe_recompile pc=0x0000000004633d80 method=java.util.TimSort.binarySort([Ljava/lang/Object;IIILjava/util/Comparator;)V @ 37
Event: 40.989 Thread 0x000000001c7c8000 Uncommon trap: reason=unstable_if action=reinterpret pc=0x0000000003913e54 method=java.nio.Bits.getShort(Ljava/nio/ByteBuffer;IZ)S @ 1
Event: 41.041 Thread 0x000000001c7c8000 Uncommon trap: reason=unstable_if action=reinterpret pc=0x0000000003bd3b04 method=com.android.tools.r8.graph.d0.a([C)I @ 29
Event: 41.665 Thread 0x000000001c7c8800 Uncommon trap: reason=unstable_if action=reinterpret pc=0x000000000334b730 method=java.util.Arrays.hashCode([Ljava/lang/Object;)I @ 1
Event: 41.665 Thread 0x000000001c7c8800 Uncommon trap: reason=unstable_if action=reinterpret pc=0x0000000003d913dc method=com.android.tools.r8.graph.d0.b(Lcom/android/tools/r8/graph/d0;)I @ 141
Event: 42.940 Thread 0x000000001c7c8800 Uncommon trap: reason=unloaded action=reinterpret pc=0x00000000048df098 method=com.android.tools.r8.code.o1.a(Ljava/nio/ShortBuffer;IILcom/android/tools/r8/graph/F0;)[Lcom/android/tools/r8/code/n1; @ 2450
Event: 45.565 Thread 0x000000001921a000 Uncommon trap: reason=bimorphic action=maybe_recompile pc=0x0000000003ca7e10 method=java.util.HashMap.removeNode(ILjava/lang/Object;Ljava/lang/Object;ZZ)Ljava/util/HashMap$Node; @ 283
Event: 45.578 Thread 0x00000000160a7000 Uncommon trap: reason=unstable_if action=reinterpret pc=0x00000000038726b8 method=java.lang.ref.Reference.tryHandlePending(Z)Z @ 20

Classes redefined (0 events):
No events

Internal exceptions (10 events):
Event: 39.501 Thread 0x000000001c7ca000 Exception <a 'sun/nio/fs/WindowsException'> (0x00000000e234db08) thrown at [D:\src\AOSP-openjdk-cygwin\jdk8u\hotspot\src\share\vm\prims\jni.cpp, line 710]
Event: 39.517 Thread 0x000000001c7ca000 Exception <a 'sun/nio/fs/WindowsException'> (0x00000000e2467f78) thrown at [D:\src\AOSP-openjdk-cygwin\jdk8u\hotspot\src\share\vm\prims\jni.cpp, line 710]
Event: 39.525 Thread 0x000000001c7ca000 Exception <a 'sun/nio/fs/WindowsException'> (0x00000000e2471e50) thrown at [D:\src\AOSP-openjdk-cygwin\jdk8u\hotspot\src\share\vm\prims\jni.cpp, line 710]
Event: 39.531 Thread 0x000000001c7ca000 Exception <a 'sun/nio/fs/WindowsException'> (0x00000000e2479d60) thrown at [D:\src\AOSP-openjdk-cygwin\jdk8u\hotspot\src\share\vm\prims\jni.cpp, line 710]
Event: 39.538 Thread 0x000000001c7ca000 Exception <a 'sun/nio/fs/WindowsException'> (0x00000000e24836b8) thrown at [D:\src\AOSP-openjdk-cygwin\jdk8u\hotspot\src\share\vm\prims\jni.cpp, line 710]
Event: 39.545 Thread 0x000000001c7ca000 Exception <a 'sun/nio/fs/WindowsException'> (0x00000000e248b970) thrown at [D:\src\AOSP-openjdk-cygwin\jdk8u\hotspot\src\share\vm\prims\jni.cpp, line 710]
Event: 40.506 Thread 0x000000001c7c1000 Exception <a 'java/lang/NoSuchMethodError': <clinit>> (0x00000000e46830f0) thrown at [D:\src\AOSP-openjdk-cygwin\jdk8u\hotspot\src\share\vm\prims\jni.cpp, line 1614]
Event: 40.513 Thread 0x000000001c7c1000 Exception <a 'java/lang/NoSuchMethodError': <clinit>> (0x00000000e4697508) thrown at [D:\src\AOSP-openjdk-cygwin\jdk8u\hotspot\src\share\vm\prims\jni.cpp, line 1614]
Event: 40.922 Thread 0x000000001c7c8000 Exception <a 'sun/nio/fs/WindowsException'> (0x00000000e5c63b60) thrown at [D:\src\AOSP-openjdk-cygwin\jdk8u\hotspot\src\share\vm\prims\jni.cpp, line 710]
Event: 41.665 Thread 0x000000001c7c8800 Implicit null exception at 0x000000000334b62f to 0x000000000334b721

Events (10 events):
Event: 45.571 Thread 0x000000001610e000 flushing nmethod 0x0000000002b7b650
Event: 45.571 Thread 0x000000001610e000 flushing nmethod 0x0000000002ba5650
Event: 45.574 Thread 0x000000001610e000 flushing nmethod 0x0000000002da56d0
Event: 45.576 Thread 0x000000001610e000 flushing nmethod 0x0000000002f05450
Event: 45.576 Thread 0x000000001610e000 flushing nmethod 0x0000000002f223d0
Event: 45.578 Executing VM operation: RevokeBias
Event: 45.578 Executing VM operation: RevokeBias done
Event: 45.578 Thread 0x00000000160a7000 Uncommon trap: trap_request=0xffffff65 fr.pc=0x00000000038726b8
Event: 45.578 Thread 0x00000000160a7000 DEOPT PACKING pc=0x00000000038726b8 sp=0x0000000016cef060
Event: 45.578 Thread 0x00000000160a7000 DEOPT UNPACKING pc=0x00000000029d557b sp=0x0000000016cef018 mode 2


Dynamic libraries:
0x00007ff633950000 - 0x00007ff633981000 	C:\Program Files\Android\Android Studio1\jre\bin\java.exe
0x00007ff929b10000 - 0x00007ff929cfd000 	C:\Windows\SYSTEM32\ntdll.dll
0x00007ff929230000 - 0x00007ff9292e3000 	C:\Windows\System32\KERNEL32.DLL
0x00007ff926a90000 - 0x00007ff926d23000 	C:\Windows\System32\KERNELBASE.dll
0x00007ff929810000 - 0x00007ff9298b3000 	C:\Windows\System32\ADVAPI32.dll
0x00007ff9292f0000 - 0x00007ff92938e000 	C:\Windows\System32\msvcrt.dll
0x00007ff9298c0000 - 0x00007ff92995e000 	C:\Windows\System32\sechost.dll
0x00007ff928a30000 - 0x00007ff928b52000 	C:\Windows\System32\RPCRT4.dll
0x00007ff926d60000 - 0x00007ff926ef7000 	C:\Windows\System32\USER32.dll
0x00007ff926600000 - 0x00007ff926620000 	C:\Windows\System32\win32u.dll
0x00007ff9288a0000 - 0x00007ff9288c9000 	C:\Windows\System32\GDI32.dll
0x00007ff926850000 - 0x00007ff9269e9000 	C:\Windows\System32\gdi32full.dll
0x00007ff9269f0000 - 0x00007ff926a90000 	C:\Windows\System32\msvcp_win.dll
0x00007ff9266d0000 - 0x00007ff9267ca000 	C:\Windows\System32\ucrtbase.dll
0x00007ff919e10000 - 0x00007ff91a089000 	C:\Windows\WinSxS\amd64_microsoft.windows.common-controls_6595b64144ccf1df_6.0.17763.1098_none_de762ed45346ee8a\COMCTL32.dll
0x00007ff928bf0000 - 0x00007ff928f1c000 	C:\Windows\System32\combase.dll
0x00007ff9267d0000 - 0x00007ff92684e000 	C:\Windows\System32\bcryptPrimitives.dll
0x00007ff929200000 - 0x00007ff92922e000 	C:\Windows\System32\IMM32.DLL
0x0000000070b40000 - 0x0000000070c12000 	C:\Program Files\Android\Android Studio1\jre\jre\bin\msvcr100.dll
0x000000006fdb0000 - 0x00000000705f6000 	C:\Program Files\Android\Android Studio1\jre\jre\bin\server\jvm.dll
0x00007ff928f20000 - 0x00007ff928f28000 	C:\Windows\System32\PSAPI.DLL
0x00007ff90d070000 - 0x00007ff90d079000 	C:\Windows\SYSTEM32\WSOCK32.dll
0x00007ff928630000 - 0x00007ff92869d000 	C:\Windows\System32\WS2_32.dll
0x00007ff923d70000 - 0x00007ff923d94000 	C:\Windows\SYSTEM32\WINMM.dll
0x00007ff9188b0000 - 0x00007ff9188ba000 	C:\Windows\SYSTEM32\VERSION.dll
0x00007ff923d10000 - 0x00007ff923d3d000 	C:\Windows\SYSTEM32\WINMMBASE.dll
0x00007ff926590000 - 0x00007ff9265da000 	C:\Windows\System32\cfgmgr32.dll
0x00007ff91fb90000 - 0x00007ff91fb9f000 	C:\Program Files\Android\Android Studio1\jre\jre\bin\verify.dll
0x00007ff91f730000 - 0x00007ff91f759000 	C:\Program Files\Android\Android Studio1\jre\jre\bin\java.dll
0x00007ff91f710000 - 0x00007ff91f726000 	C:\Program Files\Android\Android Studio1\jre\jre\bin\zip.dll
0x00007ff926f00000 - 0x00007ff9283f4000 	C:\Windows\System32\SHELL32.dll
0x00007ff929150000 - 0x00007ff9291f8000 	C:\Windows\System32\shcore.dll
0x00007ff925c60000 - 0x00007ff9263ad000 	C:\Windows\System32\windows.storage.dll
0x00007ff925b30000 - 0x00007ff925b54000 	C:\Windows\System32\profapi.dll
0x00007ff925b60000 - 0x00007ff925bbd000 	C:\Windows\System32\powrprof.dll
0x00007ff928400000 - 0x00007ff928452000 	C:\Windows\System32\shlwapi.dll
0x00007ff925be0000 - 0x00007ff925bf1000 	C:\Windows\System32\kernel.appcore.dll
0x00007ff9265e0000 - 0x00007ff9265f7000 	C:\Windows\System32\cryptsp.dll
0x00007ff91f690000 - 0x00007ff91f6aa000 	C:\Program Files\Android\Android Studio1\jre\jre\bin\net.dll
0x00007ff91b7f0000 - 0x00007ff91b9c7000 	C:\Windows\SYSTEM32\urlmon.dll
0x00007ff91bbc0000 - 0x00007ff91be68000 	C:\Windows\SYSTEM32\iertutil.dll
0x00007ff925510000 - 0x00007ff92551c000 	C:\Windows\SYSTEM32\CRYPTBASE.DLL
0x00007ff925340000 - 0x00007ff9253a7000 	C:\Windows\system32\mswsock.dll
0x00007ff91f670000 - 0x00007ff91f683000 	C:\Program Files\Android\Android Studio1\jre\jre\bin\nio.dll
0x00007ff91e780000 - 0x00007ff91e7a6000 	C:\Users\deCrypt3d\.gradle\native\30\windows-amd64\native-platform.dll
0x00007ff91f700000 - 0x00007ff91f70d000 	C:\Program Files\Android\Android Studio1\jre\jre\bin\management.dll
0x00007ff924ec0000 - 0x00007ff924ef3000 	C:\Windows\system32\rsaenh.dll
0x00007ff926d30000 - 0x00007ff926d56000 	C:\Windows\System32\bcrypt.dll
0x00007ff925a60000 - 0x00007ff925a88000 	C:\Windows\SYSTEM32\USERENV.dll
0x00007ff925060000 - 0x00007ff92509d000 	C:\Windows\SYSTEM32\IPHLPAPI.DLL
0x00007ff928f30000 - 0x00007ff928f38000 	C:\Windows\System32\NSI.dll
0x00007ff91b7c0000 - 0x00007ff91b7d6000 	C:\Windows\SYSTEM32\dhcpcsvc6.DLL
0x00007ff91b7a0000 - 0x00007ff91b7bc000 	C:\Windows\SYSTEM32\dhcpcsvc.DLL
0x00007ff9250b0000 - 0x00007ff925176000 	C:\Windows\SYSTEM32\DNSAPI.dll

VM Arguments:
jvm_args: -Xmx1536m -Dfile.encoding=windows-1252 -Duser.country=ID -Duser.language=en -Duser.variant 
java_command: org.gradle.launcher.daemon.bootstrap.GradleDaemon 5.6.4
java_class_path (initial): C:\Users\deCrypt3d\.gradle\wrapper\dists\gradle-5.6.4-all\ankdp27end7byghfw1q2sw75f\gradle-5.6.4\lib\gradle-launcher-5.6.4.jar
Launcher Type: SUN_STANDARD

Environment Variables:
PATH=C:\ProgramData\Oracle\Java\javapath;C:\Program Files (x86)\Common Files\Intel\Shared Files\cpp\bin\Intel64;C:\Windows\system32;C:\Windows;C:\Windows\System32\Wbem;C:\Windows\System32\WindowsPowerShell\v1.0\;C:\xampp\php;C:\ProgramData\ComposerSetup\bin;C:\Program Files\PuTTY\;C:\Program Files\nodejs\;%JAVA_HOME%\bin;C:\SDK\gradle-6.3\bin;C:\Program Files (x86)\GtkSharp\2.12\bin;C:\Users\deCrypt3d\AppData\Local\Microsoft\WindowsApps;C:\Users\deCrypt3d\AppData\Roaming\Composer\vendor\bin;C:\Users\deCrypt3d\AppData\Roaming\npm;
USERNAME=deCrypt3d
OS=Windows_NT
PROCESSOR_IDENTIFIER=Intel64 Family 6 Model 58 Stepping 9, GenuineIntel



---------------  S Y S T E M  ---------------

OS: Windows 10.0 , 64 bit Build 17763 (10.0.17763.475)

CPU:total 2 (initial active 2) (2 cores per cpu, 1 threads per core) family 6 model 58 stepping 9, cmov, cx8, fxsr, mmx, sse, sse2, sse3, ssse3, sse4.1, sse4.2, popcnt, clmul, erms, tsc, tscinvbit, tscinv

Memory: 4k page, physical 3880804k(430104k free), swap 3880804k(5496k free)

vm_info: OpenJDK 64-Bit Server VM (25.212-b04) for windows-amd64 JRE (1.8.0_212-release-1586-b04), built by "builder" with MS VC++ 10.0 (VS2010)

time: Sun Jul 12 14:45:15 2020
timezone: SE Asia Standard Time
elapsed time: 45 seconds (0d 0h 0m 45s)

