#
# There is insufficient memory for the Java Runtime Environment to continue.
# Native memory allocation (malloc) failed to allocate 453776 bytes for Chunk::new
# Possible reasons:
#   The system is out of physical RAM or swap space
#   The process is running with CompressedOops enabled, and the Java Heap may be blocking the growth of the native heap
# Possible solutions:
#   Reduce memory load on the system
#   Increase physical memory or swap space
#   Check if swap backing store is full
#   Decrease Java heap size (-Xmx/-Xms)
#   Decrease number of Java threads
#   Decrease Java thread stack sizes (-Xss)
#   Set larger code cache with -XX:ReservedCodeCacheSize=
#   JVM is running with Unscaled Compressed Oops mode in which the Java heap is
#     placed in the first 4GB address space. The Java Heap base address is the
#     maximum limit for the native heap growth. Please use -XX:HeapBaseMinAddress
#     to set the Java Heap base and to place the Java Heap above 4GB virtual address.
# This output file may be truncated or incomplete.
#
#  Out of Memory Error (allocation.cpp:389), pid=2012, tid=0x0000000000000558
#
# JRE version: OpenJDK Runtime Environment (8.0_212-b04) (build 1.8.0_212-release-1586-b04)
# Java VM: OpenJDK 64-Bit Server VM (25.212-b04 mixed mode windows-amd64 compressed oops)
# Failed to write core dump. Minidumps are not enabled by default on client versions of Windows
#

---------------  T H R E A D  ---------------

Current thread (0x0000000016679800):  JavaThread "C2 CompilerThread0" daemon [_thread_in_native, id=1368, stack(0x00000000176b0000,0x00000000177b0000)]

Stack: [0x00000000176b0000,0x00000000177b0000]
[error occurred during error reporting (printing stack bounds), id 0xc0000005]

Native frames: (J=compiled Java code, j=interpreted, Vv=VM code, C=native code)


Current CompileTask:
C2:  11801 3254       4       org.codehaus.groovy.runtime.metaclass.MetaMethodIndex::addMethodToList (298 bytes)


---------------  P R O C E S S  ---------------

Java Threads: ( => current thread )
  0x000000001b25f800 JavaThread "Build operations Thread 2" [_thread_blocked, id=7156, stack(0x000000001f4f0000,0x000000001f5f0000)]
  0x000000001b25e800 JavaThread "Build operations" [_thread_blocked, id=6252, stack(0x000000001f3f0000,0x000000001f4f0000)]
  0x000000001b25e000 JavaThread "Cache worker for execution history cache (C:\Users\deCrypt3d\.gradle\caches\5.6.4\executionHistory)" [_thread_blocked, id=6932, stack(0x000000001f0f0000,0x000000001f1f0000)]
  0x000000001aaff800 JavaThread "Cache worker for cache directory md-rule (C:\Users\deCrypt3d\.gradle\caches\5.6.4\md-rule)" [_thread_blocked, id=5304, stack(0x000000001ecf0000,0x000000001edf0000)]
  0x000000001aafd800 JavaThread "Cache worker for cache directory md-supplier (C:\Users\deCrypt3d\.gradle\caches\5.6.4\md-supplier)" [_thread_blocked, id=5520, stack(0x000000001ebf0000,0x000000001ecf0000)]
  0x000000001ab02000 JavaThread "Cache worker for file hash cache (D:\Semangat Tugas Akhir\Main Project\PajakAir\.gradle\5.6.4\fileHashes)" [_thread_blocked, id=4932, stack(0x000000001d060000,0x000000001d160000)]
  0x000000001ab02800 JavaThread "Cache worker for journal cache (C:\Users\deCrypt3d\.gradle\caches\journal-1)" [_thread_blocked, id=6692, stack(0x000000001bcd0000,0x000000001bdd0000)]
  0x000000001aaff000 JavaThread "File lock request listener" [_thread_in_native, id=1056, stack(0x000000001b9d0000,0x000000001bad0000)]
  0x000000001aad3800 JavaThread "Cache worker for file hash cache (C:\Users\deCrypt3d\.gradle\caches\5.6.4\fileHashes)" [_thread_blocked, id=2144, stack(0x000000001b8d0000,0x000000001b9d0000)]
  0x00000000195ef000 JavaThread "Thread-9" [_thread_blocked, id=6676, stack(0x000000001a800000,0x000000001a900000)]
  0x00000000195e5000 JavaThread "Stdin handler" [_thread_blocked, id=1404, stack(0x000000001a700000,0x000000001a800000)]
  0x00000000195fb000 JavaThread "Asynchronous log dispatcher for DefaultDaemonConnection: socket connection from /127.0.0.1:50630 to /127.0.0.1:50631" [_thread_blocked, id=1848, stack(0x000000001a600000,0x000000001a700000)]
  0x00000000195a8000 JavaThread "Daemon worker" [_thread_in_Java, id=5556, stack(0x000000001a500000,0x000000001a600000)]
  0x00000000195a5000 JavaThread "Cancel handler" [_thread_blocked, id=1972, stack(0x000000001a400000,0x000000001a500000)]
  0x00000000195b8800 JavaThread "Handler for socket connection from /127.0.0.1:50630 to /127.0.0.1:50631" [_thread_in_native, id=2384, stack(0x000000001a100000,0x000000001a200000)]
  0x00000000195b3800 JavaThread "Daemon periodic checks" [_thread_blocked, id=916, stack(0x000000001a000000,0x000000001a100000)]
  0x00000000195b3000 JavaThread "Daemon" [_thread_blocked, id=2440, stack(0x0000000019dc0000,0x0000000019ec0000)]
  0x0000000019556800 JavaThread "Incoming local TCP Connector on port 50630" [_thread_in_native, id=5604, stack(0x0000000019cc0000,0x0000000019dc0000)]
  0x000000001943e800 JavaThread "Daemon health stats" [_thread_blocked, id=6668, stack(0x0000000019680000,0x0000000019780000)]
  0x00000000166db800 JavaThread "Service Thread" daemon [_thread_blocked, id=2376, stack(0x00000000178b0000,0x00000000179b0000)]
  0x000000001667d000 JavaThread "C1 CompilerThread1" daemon [_thread_in_vm, id=2128, stack(0x00000000177b0000,0x00000000178b0000)]
=>0x0000000016679800 JavaThread "C2 CompilerThread0" daemon [_thread_in_native, id=1368, stack(0x00000000176b0000,0x00000000177b0000)]
  0x0000000016678000 JavaThread "Attach Listener" daemon [_thread_blocked, id=1444, stack(0x00000000175b0000,0x00000000176b0000)]
  0x0000000016675000 JavaThread "Signal Dispatcher" daemon [_thread_blocked, id=936, stack(0x00000000174b0000,0x00000000175b0000)]
  0x0000000002f47800 JavaThread "Finalizer" daemon [_thread_blocked, id=1748, stack(0x00000000172b0000,0x00000000173b0000)]
  0x0000000002f3d000 JavaThread "Reference Handler" daemon [_thread_blocked, id=2820, stack(0x00000000171b0000,0x00000000172b0000)]
  0x0000000002d4e000 JavaThread "main" [_thread_blocked, id=2880, stack(0x0000000002d50000,0x0000000002e50000)]

Other Threads:
  0x0000000016644800 VMThread [stack: 0x00000000170b0000,0x00000000171b0000] [id=800]
  0x00000000166de000 WatcherThread [stack: 0x00000000179b0000,0x0000000017ab0000] [id=5616]

VM state:not at safepoint (normal execution)

VM Mutex/Monitor currently owned by a thread: None

OutOfMemory and StackOverflow Exception counts:
OutOfMemoryError java_heap_errors=5

heap address: 0x00000000a0000000, size: 1536 MB, Compressed Oops mode: 32-bit
Narrow klass base: 0x0000000000000000, Narrow klass shift: 3
Compressed class space size: 1073741824 Address: 0x0000000100000000

Heap:
 PSYoungGen      total 65536K, used 18461K [0x00000000e0000000, 0x00000000e5e00000, 0x0000000100000000)
  eden space 58880K, 24% used [0x00000000e0000000,0x00000000e0e31930,0x00000000e3980000)
  from space 6656K, 59% used [0x00000000e4180000,0x00000000e4555eb0,0x00000000e4800000)
  to   space 8192K, 0% used [0x00000000e3980000,0x00000000e3980000,0x00000000e4180000)
 ParOldGen       total 33792K, used 15639K [0x00000000a0000000, 0x00000000a2100000, 0x00000000e0000000)
  object space 33792K, 46% used [0x00000000a0000000,0x00000000a0f45d90,0x00000000a2100000)
 Metaspace       used 34470K, capacity 35122K, committed 35416K, reserved 1079296K
  class space    used 4709K, capacity 4908K, committed 4992K, reserved 1048576K

Card table byte_map: [0x0000000012310000,0x0000000012620000] byte_map_base: 0x0000000011e10000

Marking Bits: (ParMarkBitMap*) 0x0000000062319f30
 Begin Bits: [0x0000000012a20000, 0x0000000014220000)
 End Bits:   [0x0000000014220000, 0x0000000015a20000)

Polling page: 0x0000000001050000

CodeCache: size=245760Kb used=10630Kb max_used=10630Kb free=235129Kb
 bounds [0x0000000002f50000, 0x00000000039c0000, 0x0000000011f50000]
 total_blobs=3802 nmethods=3106 adapters=610
 compilation: enabled

Compilation events (10 events):
Event: 11.792 Thread 0x000000001667d000 3311       3       java.io.ObjectStreamClass::forClass (52 bytes)
Event: 11.795 Thread 0x000000001667d000 nmethod 3311 0x00000000039b3390 code [0x00000000039b36c0, 0x00000000039b5328]
Event: 11.795 Thread 0x000000001667d000 3312       3       java.util.AbstractList$Itr::<init> (31 bytes)
Event: 11.796 Thread 0x000000001667d000 nmethod 3312 0x00000000039b60d0 code [0x00000000039b6240, 0x00000000039b6430]
Event: 11.796 Thread 0x000000001667d000 3313       3       java.io.ObjectOutputStream::writeClassDesc (60 bytes)
Event: 11.797 Thread 0x000000001667d000 nmethod 3313 0x00000000039b6510 code [0x00000000039b6720, 0x00000000039b6e08]
Event: 11.797 Thread 0x000000001667d000 3314       3       java.io.ObjectOutputStream$BlockDataOutputStream::writeShort (47 bytes)
Event: 11.798 Thread 0x000000001667d000 nmethod 3314 0x00000000039b7250 code [0x00000000039b7400, 0x00000000039b7998]
Event: 11.798 Thread 0x000000001667d000 3315       3       java.io.ObjectOutputStream::writeString (74 bytes)
Event: 11.799 Thread 0x000000001667d000 nmethod 3315 0x00000000039b7c50 code [0x00000000039b7e80, 0x00000000039b8698]

GC Heap History (10 events):
Event: 7.059 GC heap before
{Heap before GC invocations=9 (full 0):
 PSYoungGen      total 66560K, used 42760K [0x00000000e0000000, 0x00000000e4900000, 0x0000000100000000)
  eden space 59904K, 62% used [0x00000000e0000000,0x00000000e24a2930,0x00000000e3a80000)
  from space 6656K, 78% used [0x00000000e4180000,0x00000000e469f740,0x00000000e4800000)
  to   space 7168K, 0% used [0x00000000e3a80000,0x00000000e3a80000,0x00000000e4180000)
 ParOldGen       total 40960K, used 4849K [0x00000000a0000000, 0x00000000a2800000, 0x00000000e0000000)
  object space 40960K, 11% used [0x00000000a0000000,0x00000000a04bc4d8,0x00000000a2800000)
 Metaspace       used 20717K, capacity 21120K, committed 21248K, reserved 1067008K
  class space    used 2932K, capacity 3070K, committed 3072K, reserved 1048576K
Event: 7.089 GC heap after
Heap after GC invocations=9 (full 0):
 PSYoungGen      total 67072K, used 6535K [0x00000000e0000000, 0x00000000e4900000, 0x0000000100000000)
  eden space 59904K, 0% used [0x00000000e0000000,0x00000000e0000000,0x00000000e3a80000)
  from space 7168K, 91% used [0x00000000e3a80000,0x00000000e40e1e18,0x00000000e4180000)
  to   space 6656K, 0% used [0x00000000e4180000,0x00000000e4180000,0x00000000e4800000)
 ParOldGen       total 40960K, used 6090K [0x00000000a0000000, 0x00000000a2800000, 0x00000000e0000000)
  object space 40960K, 14% used [0x00000000a0000000,0x00000000a05f2898,0x00000000a2800000)
 Metaspace       used 20717K, capacity 21120K, committed 21248K, reserved 1067008K
  class space    used 2932K, capacity 3070K, committed 3072K, reserved 1048576K
}
Event: 7.089 GC heap before
{Heap before GC invocations=10 (full 1):
 PSYoungGen      total 67072K, used 6535K [0x00000000e0000000, 0x00000000e4900000, 0x0000000100000000)
  eden space 59904K, 0% used [0x00000000e0000000,0x00000000e0000000,0x00000000e3a80000)
  from space 7168K, 91% used [0x00000000e3a80000,0x00000000e40e1e18,0x00000000e4180000)
  to   space 6656K, 0% used [0x00000000e4180000,0x00000000e4180000,0x00000000e4800000)
 ParOldGen       total 40960K, used 6090K [0x00000000a0000000, 0x00000000a2800000, 0x00000000e0000000)
  object space 40960K, 14% used [0x00000000a0000000,0x00000000a05f2898,0x00000000a2800000)
 Metaspace       used 20717K, capacity 21120K, committed 21248K, reserved 1067008K
  class space    used 2932K, capacity 3070K, committed 3072K, reserved 1048576K
Event: 7.191 GC heap after
Heap after GC invocations=10 (full 1):
 PSYoungGen      total 67072K, used 0K [0x00000000e0000000, 0x00000000e4900000, 0x0000000100000000)
  eden space 59904K, 0% used [0x00000000e0000000,0x00000000e0000000,0x00000000e3a80000)
  from space 7168K, 0% used [0x00000000e3a80000,0x00000000e3a80000,0x00000000e4180000)
  to   space 6656K, 0% used [0x00000000e4180000,0x00000000e4180000,0x00000000e4800000)
 ParOldGen       total 33792K, used 10106K [0x00000000a0000000, 0x00000000a2100000, 0x00000000e0000000)
  object space 33792K, 29% used [0x00000000a0000000,0x00000000a09de910,0x00000000a2100000)
 Metaspace       used 20717K, capacity 21120K, committed 21248K, reserved 1067008K
  class space    used 2932K, capacity 3070K, committed 3072K, reserved 1048576K
}
Event: 8.814 GC heap before
{Heap before GC invocations=11 (full 1):
 PSYoungGen      total 67072K, used 59761K [0x00000000e0000000, 0x00000000e4900000, 0x0000000100000000)
  eden space 59904K, 99% used [0x00000000e0000000,0x00000000e3a5c580,0x00000000e3a80000)
  from space 7168K, 0% used [0x00000000e3a80000,0x00000000e3a80000,0x00000000e4180000)
  to   space 6656K, 0% used [0x00000000e4180000,0x00000000e4180000,0x00000000e4800000)
 ParOldGen       total 33792K, used 10106K [0x00000000a0000000, 0x00000000a2100000, 0x00000000e0000000)
  object space 33792K, 29% used [0x00000000a0000000,0x00000000a09de910,0x00000000a2100000)
 Metaspace       used 28001K, capacity 28446K, committed 28928K, reserved 1075200K
  class space    used 3819K, capacity 3972K, committed 4096K, reserved 1048576K
Event: 8.828 GC heap after
Heap after GC invocations=11 (full 1):
 PSYoungGen      total 66560K, used 6639K [0x00000000e0000000, 0x00000000e4900000, 0x0000000100000000)
  eden space 59904K, 0% used [0x00000000e0000000,0x00000000e0000000,0x00000000e3a80000)
  from space 6656K, 99% used [0x00000000e4180000,0x00000000e47fbe50,0x00000000e4800000)
  to   space 7168K, 0% used [0x00000000e3a80000,0x00000000e3a80000,0x00000000e4180000)
 ParOldGen       total 33792K, used 10937K [0x00000000a0000000, 0x00000000a2100000, 0x00000000e0000000)
  object space 33792K, 32% used [0x00000000a0000000,0x00000000a0aae600,0x00000000a2100000)
 Metaspace       used 28001K, capacity 28446K, committed 28928K, reserved 1075200K
  class space    used 3819K, capacity 3972K, committed 4096K, reserved 1048576K
}
Event: 9.900 GC heap before
{Heap before GC invocations=12 (full 1):
 PSYoungGen      total 66560K, used 66543K [0x00000000e0000000, 0x00000000e4900000, 0x0000000100000000)
  eden space 59904K, 100% used [0x00000000e0000000,0x00000000e3a80000,0x00000000e3a80000)
  from space 6656K, 99% used [0x00000000e4180000,0x00000000e47fbe50,0x00000000e4800000)
  to   space 7168K, 0% used [0x00000000e3a80000,0x00000000e3a80000,0x00000000e4180000)
 ParOldGen       total 33792K, used 10937K [0x00000000a0000000, 0x00000000a2100000, 0x00000000e0000000)
  object space 33792K, 32% used [0x00000000a0000000,0x00000000a0aae600,0x00000000a2100000)
 Metaspace       used 31093K, capacity 31586K, committed 31872K, reserved 1077248K
  class space    used 4245K, capacity 4400K, committed 4480K, reserved 1048576K
Event: 9.917 GC heap after
Heap after GC invocations=12 (full 1):
 PSYoungGen      total 67072K, used 4344K [0x00000000e0000000, 0x00000000e4900000, 0x0000000100000000)
  eden space 59904K, 0% used [0x00000000e0000000,0x00000000e0000000,0x00000000e3a80000)
  from space 7168K, 60% used [0x00000000e3a80000,0x00000000e3ebe038,0x00000000e4180000)
  to   space 6656K, 0% used [0x00000000e4180000,0x00000000e4180000,0x00000000e4800000)
 ParOldGen       total 33792K, used 13941K [0x00000000a0000000, 0x00000000a2100000, 0x00000000e0000000)
  object space 33792K, 41% used [0x00000000a0000000,0x00000000a0d9d630,0x00000000a2100000)
 Metaspace       used 31093K, capacity 31586K, committed 31872K, reserved 1077248K
  class space    used 4245K, capacity 4400K, committed 4480K, reserved 1048576K
}
Event: 11.214 GC heap before
{Heap before GC invocations=13 (full 1):
 PSYoungGen      total 67072K, used 64248K [0x00000000e0000000, 0x00000000e4900000, 0x0000000100000000)
  eden space 59904K, 100% used [0x00000000e0000000,0x00000000e3a80000,0x00000000e3a80000)
  from space 7168K, 60% used [0x00000000e3a80000,0x00000000e3ebe038,0x00000000e4180000)
  to   space 6656K, 0% used [0x00000000e4180000,0x00000000e4180000,0x00000000e4800000)
 ParOldGen       total 33792K, used 13941K [0x00000000a0000000, 0x00000000a2100000, 0x00000000e0000000)
  object space 33792K, 41% used [0x00000000a0000000,0x00000000a0d9d630,0x00000000a2100000)
 Metaspace       used 33972K, capacity 34656K, committed 34816K, reserved 1079296K
  class space    used 4647K, capacity 4855K, committed 4864K, reserved 1048576K
Event: 11.225 GC heap after
Heap after GC invocations=13 (full 1):
 PSYoungGen      total 65536K, used 3927K [0x00000000e0000000, 0x00000000e5e00000, 0x0000000100000000)
  eden space 58880K, 0% used [0x00000000e0000000,0x00000000e0000000,0x00000000e3980000)
  from space 6656K, 59% used [0x00000000e4180000,0x00000000e4555eb0,0x00000000e4800000)
  to   space 8192K, 0% used [0x00000000e3980000,0x00000000e3980000,0x00000000e4180000)
 ParOldGen       total 33792K, used 15639K [0x00000000a0000000, 0x00000000a2100000, 0x00000000e0000000)
  object space 33792K, 46% used [0x00000000a0000000,0x00000000a0f45d90,0x00000000a2100000)
 Metaspace       used 33972K, capacity 34656K, committed 34816K, reserved 1079296K
  class space    used 4647K, capacity 4855K, committed 4864K, reserved 1048576K
}

Deoptimization events (10 events):
Event: 9.082 Thread 0x00000000195a8000 Uncommon trap: reason=unstable_if action=reinterpret pc=0x00000000032034fc method=java.io.WinNTFileSystem.resolve(Ljava/lang/String;Ljava/lang/String;)Ljava/lang/String; @ 49
Event: 9.971 Thread 0x00000000195a8000 Uncommon trap: reason=unstable_if action=reinterpret pc=0x00000000033f6c60 method=java.util.WeakHashMap.expungeStaleEntries()V @ 66
Event: 11.689 Thread 0x00000000195a8000 Uncommon trap: reason=class_check action=maybe_recompile pc=0x00000000033b54dc method=org.gradle.internal.logging.text.AbstractLineChoppingStyledTextOutput$StateContext.flushLineText()V @ 110
Event: 11.693 Thread 0x00000000195a8000 Uncommon trap: reason=class_check action=maybe_recompile pc=0x00000000033b54dc method=org.gradle.internal.logging.text.AbstractLineChoppingStyledTextOutput$StateContext.flushLineText()V @ 110
Event: 11.693 Thread 0x00000000195a8000 Uncommon trap: reason=class_check action=maybe_recompile pc=0x00000000033b54dc method=org.gradle.internal.logging.text.AbstractLineChoppingStyledTextOutput$StateContext.flushLineText()V @ 110
Event: 11.700 Thread 0x00000000195a8000 Uncommon trap: reason=class_check action=maybe_recompile pc=0x00000000033b54dc method=org.gradle.internal.logging.text.AbstractLineChoppingStyledTextOutput$StateContext.flushLineText()V @ 110
Event: 11.731 Thread 0x00000000195a8000 Uncommon trap: reason=class_check action=maybe_recompile pc=0x000000000312dce0 method=java.lang.String.equals(Ljava/lang/Object;)Z @ 8
Event: 11.731 Thread 0x00000000195a8000 Uncommon trap: reason=class_check action=maybe_recompile pc=0x000000000312dce0 method=java.lang.String.equals(Ljava/lang/Object;)Z @ 8
Event: 11.732 Thread 0x00000000195a8000 Uncommon trap: reason=class_check action=maybe_recompile pc=0x000000000312dce0 method=java.lang.String.equals(Ljava/lang/Object;)Z @ 8
Event: 11.732 Thread 0x00000000195a8000 Uncommon trap: reason=class_check action=maybe_recompile pc=0x000000000312dce0 method=java.lang.String.equals(Ljava/lang/Object;)Z @ 8

Classes redefined (0 events):
No events

Internal exceptions (10 events):
Event: 11.640 Thread 0x00000000195a8000 Exception <a 'java/security/PrivilegedActionException'> (0x00000000e0a4c1f0) thrown at [D:\src\AOSP-openjdk-cygwin\jdk8u\hotspot\src\share\vm\prims\jvm.cpp, line 1502]
Event: 11.640 Thread 0x00000000195a8000 Exception <a 'java/security/PrivilegedActionException'> (0x00000000e0a4f148) thrown at [D:\src\AOSP-openjdk-cygwin\jdk8u\hotspot\src\share\vm\prims\jvm.cpp, line 1502]
Event: 11.640 Thread 0x00000000195a8000 Exception <a 'java/security/PrivilegedActionException'> (0x00000000e0a4fce0) thrown at [D:\src\AOSP-openjdk-cygwin\jdk8u\hotspot\src\share\vm\prims\jvm.cpp, line 1502]
Event: 11.641 Thread 0x00000000195a8000 Exception <a 'java/security/PrivilegedActionException'> (0x00000000e0a529a0) thrown at [D:\src\AOSP-openjdk-cygwin\jdk8u\hotspot\src\share\vm\prims\jvm.cpp, line 1502]
Event: 11.641 Thread 0x00000000195a8000 Exception <a 'java/security/PrivilegedActionException'> (0x00000000e0a53538) thrown at [D:\src\AOSP-openjdk-cygwin\jdk8u\hotspot\src\share\vm\prims\jvm.cpp, line 1502]
Event: 11.660 Thread 0x00000000195a8000 Exception <a 'java/lang/OutOfMemoryError'> (0x00000000e0b87bd0) thrown at [D:\src\AOSP-openjdk-cygwin\jdk8u\hotspot\src\share\vm\prims\jni.cpp, line 736]
Event: 11.660 Thread 0x00000000195a8000 Exception <a 'java/lang/OutOfMemoryError'> (0x00000000e0b87bd0) thrown at [D:\src\AOSP-openjdk-cygwin\jdk8u\hotspot\src\share\vm\prims\jvm.cpp, line 1506]
Event: 11.660 Thread 0x00000000195a8000 Exception <a 'java/lang/OutOfMemoryError'> (0x00000000e0b87bd0) thrown at [D:\src\AOSP-openjdk-cygwin\jdk8u\hotspot\src\share\vm\prims\jvm.cpp, line 1506]
Event: 11.660 Thread 0x00000000195a8000 Exception <a 'java/lang/OutOfMemoryError'> (0x00000000e0b87bd0) thrown at [D:\src\AOSP-openjdk-cygwin\jdk8u\hotspot\src\share\vm\prims\jvm.cpp, line 1506]
Event: 11.660 Thread 0x00000000195a8000 Exception <a 'java/lang/OutOfMemoryError'> (0x00000000e0b87bd0) thrown at [D:\src\AOSP-openjdk-cygwin\jdk8u\hotspot\src\share\vm\prims\jvm.cpp, line 1506]

Events (10 events):
Event: 11.731 Thread 0x00000000195a8000 DEOPT UNPACKING pc=0x0000000002f9557b sp=0x000000001a5fc3a0 mode 2
Event: 11.731 Thread 0x00000000195a8000 Uncommon trap: trap_request=0xffffffde fr.pc=0x000000000312dce0
Event: 11.731 Thread 0x00000000195a8000 DEOPT PACKING pc=0x000000000312dce0 sp=0x000000001a5fc410
Event: 11.731 Thread 0x00000000195a8000 DEOPT UNPACKING pc=0x0000000002f9557b sp=0x000000001a5fc3a0 mode 2
Event: 11.732 Thread 0x00000000195a8000 Uncommon trap: trap_request=0xffffffde fr.pc=0x000000000312dce0
Event: 11.732 Thread 0x00000000195a8000 DEOPT PACKING pc=0x000000000312dce0 sp=0x000000001a5fc410
Event: 11.732 Thread 0x00000000195a8000 DEOPT UNPACKING pc=0x0000000002f9557b sp=0x000000001a5fc3a0 mode 2
Event: 11.732 Thread 0x00000000195a8000 Uncommon trap: trap_request=0xffffffde fr.pc=0x000000000312dce0
Event: 11.732 Thread 0x00000000195a8000 DEOPT PACKING pc=0x000000000312dce0 sp=0x000000001a5fc410
Event: 11.732 Thread 0x00000000195a8000 DEOPT UNPACKING pc=0x0000000002f9557b sp=0x000000001a5fc3a0 mode 2


Dynamic libraries:
0x00007ff71ab60000 - 0x00007ff71ab91000 	C:\Program Files\Android\Android Studio1\jre\bin\java.exe
0x00007ff91d3a0000 - 0x00007ff91d58d000 	C:\Windows\SYSTEM32\ntdll.dll
0x00007ff91a8d0000 - 0x00007ff91a983000 	C:\Windows\System32\KERNEL32.DLL
0x00007ff919490000 - 0x00007ff919723000 	C:\Windows\System32\KERNELBASE.dll
0x00007ff91c2d0000 - 0x00007ff91c373000 	C:\Windows\System32\ADVAPI32.dll
0x00007ff91ceb0000 - 0x00007ff91cf4e000 	C:\Windows\System32\msvcrt.dll
0x00007ff91c380000 - 0x00007ff91c41e000 	C:\Windows\System32\sechost.dll
0x00007ff91a5f0000 - 0x00007ff91a712000 	C:\Windows\System32\RPCRT4.dll
0x00007ff91a720000 - 0x00007ff91a8b7000 	C:\Windows\System32\USER32.dll
0x00007ff91a400000 - 0x00007ff91a420000 	C:\Windows\System32\win32u.dll
0x00007ff91a990000 - 0x00007ff91a9b9000 	C:\Windows\System32\GDI32.dll
0x00007ff919730000 - 0x00007ff9198c9000 	C:\Windows\System32\gdi32full.dll
0x00007ff91a230000 - 0x00007ff91a2d0000 	C:\Windows\System32\msvcp_win.dll
0x00007ff91a4f0000 - 0x00007ff91a5ea000 	C:\Windows\System32\ucrtbase.dll
0x00007ff90d8d0000 - 0x00007ff90db49000 	C:\Windows\WinSxS\amd64_microsoft.windows.common-controls_6595b64144ccf1df_6.0.17763.1098_none_de762ed45346ee8a\COMCTL32.dll
0x00007ff91c4f0000 - 0x00007ff91c81c000 	C:\Windows\System32\combase.dll
0x00007ff91a2d0000 - 0x00007ff91a34e000 	C:\Windows\System32\bcryptPrimitives.dll
0x00007ff91bec0000 - 0x00007ff91beee000 	C:\Windows\System32\IMM32.DLL
0x0000000062810000 - 0x00000000628e2000 	C:\Program Files\Android\Android Studio1\jre\jre\bin\msvcr100.dll
0x0000000061b50000 - 0x0000000062396000 	C:\Program Files\Android\Android Studio1\jre\jre\bin\server\jvm.dll
0x00007ff91d240000 - 0x00007ff91d248000 	C:\Windows\System32\PSAPI.DLL
0x00007ff8ffc40000 - 0x00007ff8ffc49000 	C:\Windows\SYSTEM32\WSOCK32.dll
0x00007ff9174e0000 - 0x00007ff917504000 	C:\Windows\SYSTEM32\WINMM.dll
0x00007ff91d250000 - 0x00007ff91d2bd000 	C:\Windows\System32\WS2_32.dll
0x00007ff90bb30000 - 0x00007ff90bb3a000 	C:\Windows\SYSTEM32\VERSION.dll
0x00007ff9174b0000 - 0x00007ff9174dd000 	C:\Windows\SYSTEM32\WINMMBASE.dll
0x00007ff91a420000 - 0x00007ff91a46a000 	C:\Windows\System32\cfgmgr32.dll
0x00007ff915c20000 - 0x00007ff915c2f000 	C:\Program Files\Android\Android Studio1\jre\jre\bin\verify.dll
0x00007ff913010000 - 0x00007ff913039000 	C:\Program Files\Android\Android Studio1\jre\jre\bin\java.dll
0x00007ff90afd0000 - 0x00007ff90afe6000 	C:\Program Files\Android\Android Studio1\jre\jre\bin\zip.dll
0x00007ff91a9c0000 - 0x00007ff91beb4000 	C:\Windows\System32\SHELL32.dll
0x00007ff91c440000 - 0x00007ff91c4e8000 	C:\Windows\System32\shcore.dll
0x00007ff919ab0000 - 0x00007ff91a1fd000 	C:\Windows\System32\windows.storage.dll
0x00007ff919460000 - 0x00007ff919484000 	C:\Windows\System32\profapi.dll
0x00007ff9193e0000 - 0x00007ff91943d000 	C:\Windows\System32\powrprof.dll
0x00007ff91bf50000 - 0x00007ff91bfa2000 	C:\Windows\System32\shlwapi.dll
0x00007ff919440000 - 0x00007ff919451000 	C:\Windows\System32\kernel.appcore.dll
0x00007ff91a470000 - 0x00007ff91a487000 	C:\Windows\System32\cryptsp.dll
0x00007ff90afb0000 - 0x00007ff90afca000 	C:\Program Files\Android\Android Studio1\jre\jre\bin\net.dll
0x00007ff90eeb0000 - 0x00007ff90f087000 	C:\Windows\SYSTEM32\urlmon.dll
0x00007ff90f2d0000 - 0x00007ff90f578000 	C:\Windows\SYSTEM32\iertutil.dll
0x00007ff918da0000 - 0x00007ff918dac000 	C:\Windows\SYSTEM32\CRYPTBASE.DLL
0x00007ff918bd0000 - 0x00007ff918c37000 	C:\Windows\system32\mswsock.dll
0x00007ff90a270000 - 0x00007ff90a283000 	C:\Program Files\Android\Android Studio1\jre\jre\bin\nio.dll
0x00007ff910cf0000 - 0x00007ff910d16000 	C:\Users\deCrypt3d\.gradle\native\30\windows-amd64\native-platform.dll
0x00007ff90c470000 - 0x00007ff90c47d000 	C:\Program Files\Android\Android Studio1\jre\jre\bin\management.dll
0x00007ff918750000 - 0x00007ff918783000 	C:\Windows\system32\rsaenh.dll
0x00007ff91a200000 - 0x00007ff91a226000 	C:\Windows\System32\bcrypt.dll
0x00007ff9192c0000 - 0x00007ff9192e8000 	C:\Windows\SYSTEM32\USERENV.dll
0x00007ff9188f0000 - 0x00007ff91892d000 	C:\Windows\SYSTEM32\IPHLPAPI.DLL
0x00007ff91a8c0000 - 0x00007ff91a8c8000 	C:\Windows\System32\NSI.dll
0x00007ff910a00000 - 0x00007ff910a16000 	C:\Windows\SYSTEM32\dhcpcsvc6.DLL
0x00007ff910a20000 - 0x00007ff910a3c000 	C:\Windows\SYSTEM32\dhcpcsvc.DLL
0x00007ff918930000 - 0x00007ff9189f6000 	C:\Windows\SYSTEM32\DNSAPI.dll

VM Arguments:
jvm_args: -Xmx1536m -Dfile.encoding=windows-1252 -Duser.country=ID -Duser.language=en -Duser.variant 
java_command: org.gradle.launcher.daemon.bootstrap.GradleDaemon 5.6.4
java_class_path (initial): C:\Users\deCrypt3d\.gradle\wrapper\dists\gradle-5.6.4-all\ankdp27end7byghfw1q2sw75f\gradle-5.6.4\lib\gradle-launcher-5.6.4.jar
Launcher Type: SUN_STANDARD

Environment Variables:
PATH=C:\ProgramData\Oracle\Java\javapath;C:\Program Files (x86)\Common Files\Intel\Shared Files\cpp\bin\Intel64;C:\Windows\system32;C:\Windows;C:\Windows\System32\Wbem;C:\Windows\System32\WindowsPowerShell\v1.0\;C:\xampp\php;C:\ProgramData\ComposerSetup\bin;C:\Program Files\PuTTY\;C:\Program Files\nodejs\;%JAVA_HOME%\bin;C:\SDK\gradle-6.3\bin;C:\Program Files (x86)\GtkSharp\2.12\bin;C:\Users\deCrypt3d\AppData\Local\Microsoft\WindowsApps;C:\Users\deCrypt3d\AppData\Roaming\Composer\vendor\bin;C:\Users\deCrypt3d\AppData\Roaming\npm;
USERNAME=deCrypt3d
OS=Windows_NT
PROCESSOR_IDENTIFIER=Intel64 Family 6 Model 58 Stepping 9, GenuineIntel



---------------  S Y S T E M  ---------------

OS: Windows 10.0 , 64 bit Build 17763 (10.0.17763.475)

CPU:total 2 (initial active 2) (2 cores per cpu, 1 threads per core) family 6 model 58 stepping 9, cmov, cx8, fxsr, mmx, sse, sse2, sse3, ssse3, sse4.1, sse4.2, popcnt, clmul, erms, tsc, tscinvbit, tscinv

Memory: 4k page, physical 3880804k(339124k free), swap 3880804k(5544k free)

vm_info: OpenJDK 64-Bit Server VM (25.212-b04) for windows-amd64 JRE (1.8.0_212-release-1586-b04), built by "builder" with MS VC++ 10.0 (VS2010)

time: Fri Jul 10 17:27:50 2020
timezone: SE Asia Standard Time
elapsed time: 11 seconds (0d 0h 0m 11s)

