#
# There is insufficient memory for the Java Runtime Environment to continue.
# Native memory allocation (malloc) failed to allocate 1091536 bytes for Chunk::new
# Possible reasons:
#   The system is out of physical RAM or swap space
#   The process is running with CompressedOops enabled, and the Java Heap may be blocking the growth of the native heap
# Possible solutions:
#   Reduce memory load on the system
#   Increase physical memory or swap space
#   Check if swap backing store is full
#   Decrease Java heap size (-Xmx/-Xms)
#   Decrease number of Java threads
#   Decrease Java thread stack sizes (-Xss)
#   Set larger code cache with -XX:ReservedCodeCacheSize=
#   JVM is running with Unscaled Compressed Oops mode in which the Java heap is
#     placed in the first 4GB address space. The Java Heap base address is the
#     maximum limit for the native heap growth. Please use -XX:HeapBaseMinAddress
#     to set the Java Heap base and to place the Java Heap above 4GB virtual address.
# This output file may be truncated or incomplete.
#
#  Out of Memory Error (allocation.cpp:389), pid=6528, tid=0x00000000000001dc
#
# JRE version: OpenJDK Runtime Environment (8.0_212-b04) (build 1.8.0_212-release-1586-b04)
# Java VM: OpenJDK 64-Bit Server VM (25.212-b04 mixed mode windows-amd64 compressed oops)
# Failed to write core dump. Minidumps are not enabled by default on client versions of Windows
#

---------------  T H R E A D  ---------------

Current thread (0x0000000015ee9800):  JavaThread "C2 CompilerThread0" daemon [_thread_in_native, id=476, stack(0x0000000016f20000,0x0000000017020000)]

Stack: [0x0000000016f20000,0x0000000017020000]
[error occurred during error reporting (printing stack bounds), id 0xc0000005]

Native frames: (J=compiled Java code, j=interpreted, Vv=VM code, C=native code)


Current CompileTask:
C2: 705785 14324       4       com.sun.tools.javac.code.Types$13::visitClassType (10 bytes)


---------------  P R O C E S S  ---------------

Java Threads: ( => current thread )
  0x0000000021421800 JavaThread "Cache worker for Java compile cache (D:\Semangat Tugas Akhir\Main Project\PajakAir\.gradle\5.6.4\javaCompile)" [_thread_blocked, id=7576, stack(0x0000000028a50000,0x0000000028b50000)]
  0x000000002141d000 JavaThread "Cache worker for Java compile cache (C:\Users\deCrypt3d\.gradle\caches\5.6.4\javaCompile)" [_thread_blocked, id=1620, stack(0x0000000028950000,0x0000000028a50000)]
  0x000000001d550000 JavaThread "stdout" [_thread_in_native, id=172, stack(0x0000000024910000,0x0000000024a10000)]
  0x000000001d54f800 JavaThread "stderr" [_thread_in_native, id=588, stack(0x0000000024810000,0x0000000024910000)]
  0x000000001d54e000 JavaThread "stdout" [_thread_in_native, id=7308, stack(0x0000000024710000,0x0000000024810000)]
  0x000000001d54d000 JavaThread "stderr" [_thread_in_native, id=3240, stack(0x0000000024610000,0x0000000024710000)]
  0x000000001d553000 JavaThread "pool-6-thread-1" [_thread_blocked, id=6572, stack(0x0000000024510000,0x0000000024610000)]
  0x000000001d554000 JavaThread "WorkerExecutor Queue Thread 2" [_thread_blocked, id=7188, stack(0x0000000024410000,0x0000000024510000)]
  0x000000001d551000 JavaThread "WorkerExecutor Queue" [_thread_blocked, id=556, stack(0x0000000024310000,0x0000000024410000)]
  0x000000001d54e800 JavaThread "Cache worker for execution history cache (D:\Semangat Tugas Akhir\Main Project\PajakAir\.gradle\5.6.4\executionHistory)" [_thread_blocked, id=6540, stack(0x0000000024210000,0x0000000024310000)]
  0x0000000019cc1000 JavaThread "Execution worker for ':'" [_thread_in_Java, id=5948, stack(0x0000000024110000,0x0000000024210000)]
  0x0000000019cc7000 JavaThread "Cache worker for file content cache (D:\Semangat Tugas Akhir\Main Project\PajakAir\.gradle\5.6.4\fileContent)" [_thread_blocked, id=7632, stack(0x0000000024010000,0x0000000024110000)]
  0x0000000019cc2000 JavaThread "Cache worker for file content cache (C:\Users\deCrypt3d\.gradle\caches\5.6.4\fileContent)" [_thread_blocked, id=3196, stack(0x0000000023f10000,0x0000000024010000)]
  0x000000001d646000 JavaThread "Cache worker for Build Output Cleanup Cache (D:\Semangat Tugas Akhir\Main Project\PajakAir\.gradle\buildOutputCleanup)" [_thread_blocked, id=7572, stack(0x0000000023e10000,0x0000000023f10000)]
  0x000000001d645800 JavaThread "Build operations Thread 2" [_thread_blocked, id=6308, stack(0x0000000023d10000,0x0000000023e10000)]
  0x000000001d644800 JavaThread "Build operations" [_thread_blocked, id=1176, stack(0x0000000023c10000,0x0000000023d10000)]
  0x000000001d642000 JavaThread "Cache worker for cache directory md-rule (C:\Users\deCrypt3d\.gradle\caches\5.6.4\md-rule)" [_thread_blocked, id=7756, stack(0x0000000023b10000,0x0000000023c10000)]
  0x000000001d643800 JavaThread "Cache worker for cache directory md-supplier (C:\Users\deCrypt3d\.gradle\caches\5.6.4\md-supplier)" [_thread_blocked, id=2356, stack(0x0000000023a10000,0x0000000023b10000)]
  0x000000001d647800 JavaThread "Cache worker for file hash cache (D:\Semangat Tugas Akhir\Main Project\PajakAir\.gradle\5.6.4\fileHashes)" [_thread_blocked, id=5852, stack(0x0000000023910000,0x0000000023a10000)]
  0x000000001d647000 JavaThread "Thread-38" [_thread_blocked, id=6360, stack(0x0000000023810000,0x0000000023910000)]
  0x000000001d63a800 JavaThread "Stdin handler" [_thread_blocked, id=2652, stack(0x0000000023710000,0x0000000023810000)]
  0x000000001d641800 JavaThread "Asynchronous log dispatcher for DefaultDaemonConnection: socket connection from /127.0.0.1:50724 to /127.0.0.1:50834" [_thread_blocked, id=400, stack(0x0000000023610000,0x0000000023710000)]
  0x000000001d63a000 JavaThread "Daemon worker Thread 3" [_thread_blocked, id=292, stack(0x0000000023510000,0x0000000023610000)]
  0x000000001d640800 JavaThread "Cancel handler" [_thread_blocked, id=2352, stack(0x0000000023410000,0x0000000023510000)]
  0x000000001d63f000 JavaThread "Handler for socket connection from /127.0.0.1:50724 to /127.0.0.1:50834" [_thread_in_native, id=5656, stack(0x0000000023310000,0x0000000023410000)]
  0x000000001d63e800 JavaThread "Daemon Thread 3" [_thread_blocked, id=3408, stack(0x0000000023210000,0x0000000023310000)]
  0x000000001d63d000 JavaThread "Memory manager" [_thread_blocked, id=1664, stack(0x00000000201b0000,0x00000000202b0000)]
  0x0000000019cc0800 JavaThread "Cache worker for execution history cache (C:\Users\deCrypt3d\.gradle\caches\5.6.4\executionHistory)" [_thread_blocked, id=2480, stack(0x000000001e4d0000,0x000000001e5d0000)]
  0x0000000019cc5800 JavaThread "Cache worker for journal cache (C:\Users\deCrypt3d\.gradle\caches\journal-1)" [_thread_blocked, id=1264, stack(0x000000001b540000,0x000000001b640000)]
  0x0000000019cc2800 JavaThread "File lock request listener" [_thread_in_native, id=3460, stack(0x000000001b440000,0x000000001b540000)]
  0x0000000018eee000 JavaThread "Cache worker for file hash cache (C:\Users\deCrypt3d\.gradle\caches\5.6.4\fileHashes)" [_thread_blocked, id=6424, stack(0x000000001b140000,0x000000001b240000)]
  0x0000000018dd1800 JavaThread "Daemon periodic checks" [_thread_blocked, id=4460, stack(0x0000000019870000,0x0000000019970000)]
  0x0000000018da9000 JavaThread "Incoming local TCP Connector on port 50724" [_thread_in_native, id=6368, stack(0x0000000019530000,0x0000000019630000)]
  0x0000000018cdd000 JavaThread "Daemon health stats" [_thread_blocked, id=7668, stack(0x0000000018ef0000,0x0000000018ff0000)]
  0x0000000015f4b000 JavaThread "Service Thread" daemon [_thread_blocked, id=5844, stack(0x0000000017120000,0x0000000017220000)]
  0x0000000015f45800 JavaThread "C1 CompilerThread1" daemon [_thread_in_native, id=7772, stack(0x0000000017020000,0x0000000017120000)]
=>0x0000000015ee9800 JavaThread "C2 CompilerThread0" daemon [_thread_in_native, id=476, stack(0x0000000016f20000,0x0000000017020000)]
  0x0000000015ee8000 JavaThread "Attach Listener" daemon [_thread_blocked, id=3276, stack(0x0000000016e20000,0x0000000016f20000)]
  0x0000000015ee5000 JavaThread "Signal Dispatcher" daemon [_thread_blocked, id=6900, stack(0x0000000016d20000,0x0000000016e20000)]
  0x00000000027b1800 JavaThread "Finalizer" daemon [_thread_blocked, id=1780, stack(0x0000000016b20000,0x0000000016c20000)]
  0x0000000015ed7000 JavaThread "Reference Handler" daemon [_thread_blocked, id=2100, stack(0x0000000016a20000,0x0000000016b20000)]
  0x00000000024be000 JavaThread "main" [_thread_blocked, id=3076, stack(0x00000000024c0000,0x00000000025c0000)]

Other Threads:
  0x0000000015eb5800 VMThread [stack: 0x0000000016920000,0x0000000016a20000] [id=8112]
  0x0000000015f4d800 WatcherThread [stack: 0x0000000017220000,0x0000000017320000] [id=1300]

VM state:not at safepoint (normal execution)

VM Mutex/Monitor currently owned by a thread:  ([mutex/lock_event])
[0x00000000024bc3d0] CodeCache_lock - owner thread: 0x0000000000000000

heap address: 0x00000000a0000000, size: 1536 MB, Compressed Oops mode: 32-bit
Narrow klass base: 0x0000000000000000, Narrow klass shift: 3
Compressed class space size: 1073741824 Address: 0x0000000100000000

Heap:
 PSYoungGen      total 243712K, used 124574K [0x00000000e0000000, 0x00000000f0e00000, 0x0000000100000000)
  eden space 215040K, 53% used [0x00000000e0000000,0x00000000e6fd4d88,0x00000000ed200000)
  from space 28672K, 35% used [0x00000000ef200000,0x00000000efbd2bf8,0x00000000f0e00000)
  to   space 30720K, 0% used [0x00000000ed200000,0x00000000ed200000,0x00000000ef000000)
 ParOldGen       total 99328K, used 65315K [0x00000000a0000000, 0x00000000a6100000, 0x00000000e0000000)
  object space 99328K, 65% used [0x00000000a0000000,0x00000000a3fc8e60,0x00000000a6100000)
 Metaspace       used 86662K, capacity 90033K, committed 90240K, reserved 1128448K
  class space    used 11114K, capacity 11904K, committed 11904K, reserved 1048576K

Card table byte_map: [0x0000000011b80000,0x0000000011e90000] byte_map_base: 0x0000000011680000

Marking Bits: (ParMarkBitMap*) 0x00000000672c9f30
 Begin Bits: [0x0000000012290000, 0x0000000013a90000)
 End Bits:   [0x0000000013a90000, 0x0000000015290000)

Polling page: 0x0000000000910000

CodeCache: size=245760Kb used=39142Kb max_used=39142Kb free=206617Kb
 bounds [0x00000000027c0000, 0x0000000004e30000, 0x00000000117c0000]
 total_blobs=13248 nmethods=12381 adapters=779
 compilation: enabled

Compilation events (10 events):
Event: 705.781 Thread 0x0000000015f45800 14474       1       com.sun.tools.javac.tree.JCTree$JCMethodInvocation::getTag (4 bytes)
Event: 705.781 Thread 0x0000000015f45800 nmethod 14474 0x0000000004e1e150 code [0x0000000004e1e2a0, 0x0000000004e1e3b0]
Event: 705.781 Thread 0x0000000015f45800 14473       2       com.sun.tools.javac.tree.JCTree$JCClassDecl::accept (6 bytes)
Event: 705.781 Thread 0x0000000015f45800 nmethod 14473 0x0000000004e1e410 code [0x0000000004e1e580, 0x0000000004e1e708]
Event: 705.781 Thread 0x0000000015f45800 14472       2       com.sun.tools.javac.util.ListBuffer::isEmpty (13 bytes)
Event: 705.781 Thread 0x0000000015f45800 nmethod 14472 0x0000000004e1e790 code [0x0000000004e1e8e0, 0x0000000004e1ea50]
Event: 705.781 Thread 0x0000000015f45800 14475       2       com.sun.tools.javac.code.Type::baseType (2 bytes)
Event: 705.782 Thread 0x0000000015f45800 nmethod 14475 0x0000000004e1ead0 code [0x0000000004e1ec20, 0x0000000004e1ed70]
Event: 705.782 Thread 0x0000000015f45800 14476       2       com.sun.tools.javac.comp.TransTypes::retype (45 bytes)
Event: 705.783 Thread 0x0000000015f45800 nmethod 14476 0x0000000004e1ee10 code [0x0000000004e1efc0, 0x0000000004e1f378]

GC Heap History (10 events):
Event: 23.653 GC heap before
{Heap before GC invocations=15 (full 3):
 PSYoungGen      total 198656K, used 10677K [0x00000000e0000000, 0x00000000ed400000, 0x0000000100000000)
  eden space 180224K, 0% used [0x00000000e0000000,0x00000000e0000000,0x00000000eb000000)
  from space 18432K, 57% used [0x00000000ec200000,0x00000000ecc6d720,0x00000000ed400000)
  to   space 18432K, 0% used [0x00000000eb000000,0x00000000eb000000,0x00000000ec200000)
 ParOldGen       total 60928K, used 35511K [0x00000000a0000000, 0x00000000a3b80000, 0x00000000e0000000)
  object space 60928K, 58% used [0x00000000a0000000,0x00000000a22adf90,0x00000000a3b80000)
 Metaspace       used 56892K, capacity 58869K, committed 59136K, reserved 1099776K
  class space    used 7672K, capacity 8162K, committed 8192K, reserved 1048576K
Event: 24.103 GC heap after
Heap after GC invocations=15 (full 3):
 PSYoungGen      total 198656K, used 0K [0x00000000e0000000, 0x00000000ed400000, 0x0000000100000000)
  eden space 180224K, 0% used [0x00000000e0000000,0x00000000e0000000,0x00000000eb000000)
  from space 18432K, 0% used [0x00000000ec200000,0x00000000ec200000,0x00000000ed400000)
  to   space 18432K, 0% used [0x00000000eb000000,0x00000000eb000000,0x00000000ec200000)
 ParOldGen       total 99328K, used 34733K [0x00000000a0000000, 0x00000000a6100000, 0x00000000e0000000)
  object space 99328K, 34% used [0x00000000a0000000,0x00000000a21eb5c8,0x00000000a6100000)
 Metaspace       used 56860K, capacity 58763K, committed 59136K, reserved 1099776K
  class space    used 7663K, capacity 8151K, committed 8192K, reserved 1048576K
}
Event: 28.885 GC heap before
{Heap before GC invocations=16 (full 3):
 PSYoungGen      total 198656K, used 180224K [0x00000000e0000000, 0x00000000ed400000, 0x0000000100000000)
  eden space 180224K, 100% used [0x00000000e0000000,0x00000000eb000000,0x00000000eb000000)
  from space 18432K, 0% used [0x00000000ec200000,0x00000000ec200000,0x00000000ed400000)
  to   space 18432K, 0% used [0x00000000eb000000,0x00000000eb000000,0x00000000ec200000)
 ParOldGen       total 99328K, used 34733K [0x00000000a0000000, 0x00000000a6100000, 0x00000000e0000000)
  object space 99328K, 34% used [0x00000000a0000000,0x00000000a21eb5c8,0x00000000a6100000)
 Metaspace       used 65337K, capacity 67533K, committed 67584K, reserved 1107968K
  class space    used 8951K, capacity 9460K, committed 9472K, reserved 1048576K
Event: 28.969 GC heap after
Heap after GC invocations=16 (full 3):
 PSYoungGen      total 198656K, used 15256K [0x00000000e0000000, 0x00000000eee00000, 0x0000000100000000)
  eden space 180224K, 0% used [0x00000000e0000000,0x00000000e0000000,0x00000000eb000000)
  from space 18432K, 82% used [0x00000000eb000000,0x00000000ebee6108,0x00000000ec200000)
  to   space 19968K, 0% used [0x00000000eda80000,0x00000000eda80000,0x00000000eee00000)
 ParOldGen       total 99328K, used 34741K [0x00000000a0000000, 0x00000000a6100000, 0x00000000e0000000)
  object space 99328K, 34% used [0x00000000a0000000,0x00000000a21ed5c8,0x00000000a6100000)
 Metaspace       used 65337K, capacity 67533K, committed 67584K, reserved 1107968K
  class space    used 8951K, capacity 9460K, committed 9472K, reserved 1048576K
}
Event: 129.441 GC heap before
{Heap before GC invocations=17 (full 3):
 PSYoungGen      total 198656K, used 195478K [0x00000000e0000000, 0x00000000eee00000, 0x0000000100000000)
  eden space 180224K, 99% used [0x00000000e0000000,0x00000000eafff9d0,0x00000000eb000000)
  from space 18432K, 82% used [0x00000000eb000000,0x00000000ebee6108,0x00000000ec200000)
  to   space 19968K, 0% used [0x00000000eda80000,0x00000000eda80000,0x00000000eee00000)
 ParOldGen       total 99328K, used 34741K [0x00000000a0000000, 0x00000000a6100000, 0x00000000e0000000)
  object space 99328K, 34% used [0x00000000a0000000,0x00000000a21ed5c8,0x00000000a6100000)
 Metaspace       used 72371K, capacity 75387K, committed 75520K, reserved 1114112K
  class space    used 9508K, capacity 10227K, committed 10240K, reserved 1048576K
Event: 129.530 GC heap after
Heap after GC invocations=17 (full 3):
 PSYoungGen      total 219136K, used 19965K [0x00000000e0000000, 0x00000000ef280000, 0x0000000100000000)
  eden space 199168K, 0% used [0x00000000e0000000,0x00000000e0000000,0x00000000ec280000)
  from space 19968K, 99% used [0x00000000eda80000,0x00000000eedff4e0,0x00000000eee00000)
  to   space 24576K, 0% used [0x00000000ec280000,0x00000000ec280000,0x00000000eda80000)
 ParOldGen       total 99328K, used 38656K [0x00000000a0000000, 0x00000000a6100000, 0x00000000e0000000)
  object space 99328K, 38% used [0x00000000a0000000,0x00000000a25c0080,0x00000000a6100000)
 Metaspace       used 72371K, capacity 75387K, committed 75520K, reserved 1114112K
  class space    used 9508K, capacity 10227K, committed 10240K, reserved 1048576K
}
Event: 691.843 GC heap before
{Heap before GC invocations=18 (full 3):
 PSYoungGen      total 219136K, used 219133K [0x00000000e0000000, 0x00000000ef280000, 0x0000000100000000)
  eden space 199168K, 100% used [0x00000000e0000000,0x00000000ec280000,0x00000000ec280000)
  from space 19968K, 99% used [0x00000000eda80000,0x00000000eedff4e0,0x00000000eee00000)
  to   space 24576K, 0% used [0x00000000ec280000,0x00000000ec280000,0x00000000eda80000)
 ParOldGen       total 99328K, used 38656K [0x00000000a0000000, 0x00000000a6100000, 0x00000000e0000000)
  object space 99328K, 38% used [0x00000000a0000000,0x00000000a25c0080,0x00000000a6100000)
 Metaspace       used 75567K, capacity 78833K, committed 78976K, reserved 1118208K
  class space    used 9875K, capacity 10610K, committed 10624K, reserved 1048576K
Event: 692.012 GC heap after
Heap after GC invocations=18 (full 3):
 PSYoungGen      total 223744K, used 24555K [0x00000000e0000000, 0x00000000f1180000, 0x0000000100000000)
  eden space 199168K, 0% used [0x00000000e0000000,0x00000000e0000000,0x00000000ec280000)
  from space 24576K, 99% used [0x00000000ec280000,0x00000000eda7aee8,0x00000000eda80000)
  to   space 32256K, 0% used [0x00000000ef200000,0x00000000ef200000,0x00000000f1180000)
 ParOldGen       total 99328K, used 48903K [0x00000000a0000000, 0x00000000a6100000, 0x00000000e0000000)
  object space 99328K, 49% used [0x00000000a0000000,0x00000000a2fc1f28,0x00000000a6100000)
 Metaspace       used 75567K, capacity 78833K, committed 78976K, reserved 1118208K
  class space    used 9875K, capacity 10610K, committed 10624K, reserved 1048576K
}
Event: 701.125 GC heap before
{Heap before GC invocations=19 (full 3):
 PSYoungGen      total 223744K, used 223723K [0x00000000e0000000, 0x00000000f1180000, 0x0000000100000000)
  eden space 199168K, 100% used [0x00000000e0000000,0x00000000ec280000,0x00000000ec280000)
  from space 24576K, 99% used [0x00000000ec280000,0x00000000eda7aee8,0x00000000eda80000)
  to   space 32256K, 0% used [0x00000000ef200000,0x00000000ef200000,0x00000000f1180000)
 ParOldGen       total 99328K, used 48903K [0x00000000a0000000, 0x00000000a6100000, 0x00000000e0000000)
  object space 99328K, 49% used [0x00000000a0000000,0x00000000a2fc1f28,0x00000000a6100000)
 Metaspace       used 80093K, capacity 83541K, committed 83712K, reserved 1122304K
  class space    used 10380K, capacity 11190K, committed 11264K, reserved 1048576K
Event: 701.191 GC heap after
Heap after GC invocations=19 (full 3):
 PSYoungGen      total 243712K, used 10058K [0x00000000e0000000, 0x00000000f0e00000, 0x0000000100000000)
  eden space 215040K, 0% used [0x00000000e0000000,0x00000000e0000000,0x00000000ed200000)
  from space 28672K, 35% used [0x00000000ef200000,0x00000000efbd2bf8,0x00000000f0e00000)
  to   space 30720K, 0% used [0x00000000ed200000,0x00000000ed200000,0x00000000ef000000)
 ParOldGen       total 99328K, used 65315K [0x00000000a0000000, 0x00000000a6100000, 0x00000000e0000000)
  object space 99328K, 65% used [0x00000000a0000000,0x00000000a3fc8e60,0x00000000a6100000)
 Metaspace       used 80093K, capacity 83541K, committed 83712K, reserved 1122304K
  class space    used 10380K, capacity 11190K, committed 11264K, reserved 1048576K
}

Deoptimization events (10 events):
Event: 705.380 Thread 0x0000000019cc1000 Uncommon trap: reason=class_check action=maybe_recompile pc=0x0000000004ae0d8c method=com.sun.tools.javac.code.Types$UnaryVisitor.visit(Lcom/sun/tools/javac/code/Type;)Ljava/lang/Object; @ 3
Event: 705.380 Thread 0x0000000019cc1000 Uncommon trap: reason=class_check action=maybe_recompile pc=0x0000000004ae0d8c method=com.sun.tools.javac.code.Types$UnaryVisitor.visit(Lcom/sun/tools/javac/code/Type;)Ljava/lang/Object; @ 3
Event: 705.380 Thread 0x0000000019cc1000 Uncommon trap: reason=class_check action=maybe_recompile pc=0x0000000004ae0d8c method=com.sun.tools.javac.code.Types$UnaryVisitor.visit(Lcom/sun/tools/javac/code/Type;)Ljava/lang/Object; @ 3
Event: 705.414 Thread 0x0000000019cc1000 Uncommon trap: reason=class_check action=maybe_recompile pc=0x0000000004d6ed18 method=com.sun.tools.javac.code.Types$UnaryVisitor.visit(Lcom/sun/tools/javac/code/Type;)Ljava/lang/Object; @ 3
Event: 705.414 Thread 0x0000000019cc1000 Uncommon trap: reason=unstable_if action=reinterpret pc=0x00000000030e2bdc method=com.sun.tools.javac.code.Types$18.visitClassType(Lcom/sun/tools/javac/code/Type$ClassType;Ljava/lang/Void;)Lcom/sun/tools/javac/code/Type; @ 4
Event: 705.414 Thread 0x0000000019cc1000 Uncommon trap: reason=unstable_if action=reinterpret pc=0x0000000002cc62dc method=com.sun.tools.javac.code.Types$19.visitClassType(Lcom/sun/tools/javac/code/Type$ClassType;Ljava/lang/Void;)Lcom/sun/tools/javac/util/List; @ 4
Event: 705.427 Thread 0x0000000019cc1000 Uncommon trap: reason=unstable_if action=reinterpret pc=0x000000000451a45c method=com.sun.tools.javac.code.Types$19.visitClassType(Lcom/sun/tools/javac/code/Type$ClassType;Ljava/lang/Void;)Lcom/sun/tools/javac/util/List; @ 4
Event: 705.476 Thread 0x0000000019cc1000 Uncommon trap: reason=unstable_if action=reinterpret pc=0x0000000002cc6848 method=com.sun.tools.javac.code.Scope.lookup(Lcom/sun/tools/javac/util/Name;Lcom/sun/tools/javac/util/Filter;)Lcom/sun/tools/javac/code/Scope$Entry; @ 19
Event: 705.578 Thread 0x0000000019cc1000 Uncommon trap: reason=unstable_if action=reinterpret pc=0x000000000341b51c method=com.sun.tools.javac.code.Symbol$ClassSymbol.members()Lcom/sun/tools/javac/code/Scope; @ 4
Event: 705.588 Thread 0x0000000019cc1000 Uncommon trap: reason=unstable_if action=reinterpret pc=0x0000000004dbec98 method=com.sun.tools.javac.util.ListBuffer.append(Ljava/lang/Object;)Lcom/sun/tools/javac/util/ListBuffer; @ 9

Classes redefined (0 events):
No events

Internal exceptions (10 events):
Event: 694.578 Thread 0x000000001d63a000 Exception <a 'java/lang/NoSuchMethodError': <clinit>> (0x00000000e5050d58) thrown at [D:\src\AOSP-openjdk-cygwin\jdk8u\hotspot\src\share\vm\prims\jni.cpp, line 1614]
Event: 697.037 Thread 0x000000001d63a000 Exception <a 'java/lang/NoSuchMethodError': <clinit>> (0x00000000e7d57348) thrown at [D:\src\AOSP-openjdk-cygwin\jdk8u\hotspot\src\share\vm\prims\jni.cpp, line 1614]
Event: 697.037 Thread 0x000000001d63a000 Exception <a 'java/lang/NoSuchMethodError': <clinit>> (0x00000000e7d58c20) thrown at [D:\src\AOSP-openjdk-cygwin\jdk8u\hotspot\src\share\vm\prims\jni.cpp, line 1614]
Event: 697.967 Thread 0x000000001d63a000 Exception <a 'java/lang/NoSuchMethodError': <clinit>> (0x00000000ea9b0fc8) thrown at [D:\src\AOSP-openjdk-cygwin\jdk8u\hotspot\src\share\vm\prims\jni.cpp, line 1614]
Event: 697.970 Thread 0x000000001d63a000 Exception <a 'java/lang/NoSuchMethodError': <clinit>> (0x00000000ea9d2380) thrown at [D:\src\AOSP-openjdk-cygwin\jdk8u\hotspot\src\share\vm\prims\jni.cpp, line 1614]
Event: 697.973 Thread 0x000000001d63a000 Exception <a 'java/lang/NoSuchMethodError': <clinit>> (0x00000000ea9fbe70) thrown at [D:\src\AOSP-openjdk-cygwin\jdk8u\hotspot\src\share\vm\prims\jni.cpp, line 1614]
Event: 697.983 Thread 0x000000001d63a000 Exception <a 'java/lang/NoSuchMethodError': <clinit>> (0x00000000eaa50a00) thrown at [D:\src\AOSP-openjdk-cygwin\jdk8u\hotspot\src\share\vm\prims\jni.cpp, line 1614]
Event: 697.988 Thread 0x000000001d63a000 Exception <a 'java/lang/NoSuchMethodError': <clinit>> (0x00000000eaa85f98) thrown at [D:\src\AOSP-openjdk-cygwin\jdk8u\hotspot\src\share\vm\prims\jni.cpp, line 1614]
Event: 701.124 Thread 0x000000001d554000 Exception <a 'sun/nio/fs/WindowsException'> (0x00000000ec27da50) thrown at [D:\src\AOSP-openjdk-cygwin\jdk8u\hotspot\src\share\vm\prims\jni.cpp, line 710]
Event: 701.124 Thread 0x000000001d554000 Exception <a 'sun/nio/fs/WindowsException'> (0x00000000ec27def8) thrown at [D:\src\AOSP-openjdk-cygwin\jdk8u\hotspot\src\share\vm\prims\jni.cpp, line 710]

Events (10 events):
Event: 705.578 Thread 0x0000000019cc1000 Uncommon trap: trap_request=0xffffff65 fr.pc=0x000000000341b51c
Event: 705.578 Thread 0x0000000019cc1000 DEOPT PACKING pc=0x000000000341b51c sp=0x00000000242088d0
Event: 705.578 Thread 0x0000000019cc1000 DEOPT UNPACKING pc=0x000000000280557b sp=0x0000000024208878 mode 2
Event: 705.588 Thread 0x0000000019cc1000 Uncommon trap: trap_request=0xffffff65 fr.pc=0x0000000004dbec98
Event: 705.588 Thread 0x0000000019cc1000 DEOPT PACKING pc=0x0000000004dbec98 sp=0x0000000024209f90
Event: 705.588 Thread 0x0000000019cc1000 DEOPT UNPACKING pc=0x000000000280557b sp=0x0000000024209f30 mode 2
Event: 705.651 Thread 0x0000000019cc1000 DEOPT PACKING pc=0x0000000004339550 sp=0x0000000024209be0
Event: 705.651 Thread 0x0000000019cc1000 DEOPT UNPACKING pc=0x00000000028071d0 sp=0x00000000242099f0 mode 0
Event: 705.716 Executing VM operation: ForceSafepoint
Event: 705.717 Executing VM operation: ForceSafepoint done


Dynamic libraries:
0x00007ff7c2340000 - 0x00007ff7c2371000 	C:\Program Files\Android\Android Studio1\jre\bin\java.exe
0x00007ffbaa980000 - 0x00007ffbaab6d000 	C:\Windows\SYSTEM32\ntdll.dll
0x00007ffba8640000 - 0x00007ffba86f3000 	C:\Windows\System32\KERNEL32.DLL
0x00007ffba6ad0000 - 0x00007ffba6d63000 	C:\Windows\System32\KERNELBASE.dll
0x00007ffba7cb0000 - 0x00007ffba7d53000 	C:\Windows\System32\ADVAPI32.dll
0x00007ffba83e0000 - 0x00007ffba847e000 	C:\Windows\System32\msvcrt.dll
0x00007ffbaa780000 - 0x00007ffbaa81e000 	C:\Windows\System32\sechost.dll
0x00007ffbaa650000 - 0x00007ffbaa772000 	C:\Windows\System32\RPCRT4.dll
0x00007ffba8da0000 - 0x00007ffba8f37000 	C:\Windows\System32\USER32.dll
0x00007ffba78a0000 - 0x00007ffba78c0000 	C:\Windows\System32\win32u.dll
0x00007ffba8480000 - 0x00007ffba84a9000 	C:\Windows\System32\GDI32.dll
0x00007ffba7a30000 - 0x00007ffba7bc9000 	C:\Windows\System32\gdi32full.dll
0x00007ffba7990000 - 0x00007ffba7a30000 	C:\Windows\System32\msvcp_win.dll
0x00007ffba7780000 - 0x00007ffba787a000 	C:\Windows\System32\ucrtbase.dll
0x00007ffb9af60000 - 0x00007ffb9b1d9000 	C:\Windows\WinSxS\amd64_microsoft.windows.common-controls_6595b64144ccf1df_6.0.17763.1098_none_de762ed45346ee8a\COMCTL32.dll
0x00007ffba7f10000 - 0x00007ffba823c000 	C:\Windows\System32\combase.dll
0x00007ffba78c0000 - 0x00007ffba793e000 	C:\Windows\System32\bcryptPrimitives.dll
0x00007ffba84b0000 - 0x00007ffba84de000 	C:\Windows\System32\IMM32.DLL
0x0000000067890000 - 0x0000000067962000 	C:\Program Files\Android\Android Studio1\jre\jre\bin\msvcr100.dll
0x0000000066b00000 - 0x0000000067346000 	C:\Program Files\Android\Android Studio1\jre\jre\bin\server\jvm.dll
0x00007ffbaa840000 - 0x00007ffbaa848000 	C:\Windows\System32\PSAPI.DLL
0x00007ffb8ce90000 - 0x00007ffb8ce99000 	C:\Windows\SYSTEM32\WSOCK32.dll
0x00007ffbaa850000 - 0x00007ffbaa8bd000 	C:\Windows\System32\WS2_32.dll
0x00007ffba4b20000 - 0x00007ffba4b44000 	C:\Windows\SYSTEM32\WINMM.dll
0x00007ffb995d0000 - 0x00007ffb995da000 	C:\Windows\SYSTEM32\VERSION.dll
0x00007ffba4af0000 - 0x00007ffba4b1d000 	C:\Windows\SYSTEM32\WINMMBASE.dll
0x00007ffba7940000 - 0x00007ffba798a000 	C:\Windows\System32\cfgmgr32.dll
0x00007ffba4c00000 - 0x00007ffba4c0f000 	C:\Program Files\Android\Android Studio1\jre\jre\bin\verify.dll
0x00007ffba4bd0000 - 0x00007ffba4bf9000 	C:\Program Files\Android\Android Studio1\jre\jre\bin\java.dll
0x00007ffba4bb0000 - 0x00007ffba4bc6000 	C:\Program Files\Android\Android Studio1\jre\jre\bin\zip.dll
0x00007ffba9150000 - 0x00007ffbaa644000 	C:\Windows\System32\SHELL32.dll
0x00007ffbaa8c0000 - 0x00007ffbaa968000 	C:\Windows\System32\shcore.dll
0x00007ffba6d70000 - 0x00007ffba74bd000 	C:\Windows\System32\windows.storage.dll
0x00007ffba6a00000 - 0x00007ffba6a24000 	C:\Windows\System32\profapi.dll
0x00007ffba69a0000 - 0x00007ffba69fd000 	C:\Windows\System32\powrprof.dll
0x00007ffba8fc0000 - 0x00007ffba9012000 	C:\Windows\System32\shlwapi.dll
0x00007ffba6a50000 - 0x00007ffba6a61000 	C:\Windows\System32\kernel.appcore.dll
0x00007ffba7880000 - 0x00007ffba7897000 	C:\Windows\System32\cryptsp.dll
0x00007ffba32c0000 - 0x00007ffba32da000 	C:\Program Files\Android\Android Studio1\jre\jre\bin\net.dll
0x00007ffb9c610000 - 0x00007ffb9c7e7000 	C:\Windows\SYSTEM32\urlmon.dll
0x00007ffb9c9e0000 - 0x00007ffb9cc88000 	C:\Windows\SYSTEM32\iertutil.dll
0x00007ffba6380000 - 0x00007ffba638c000 	C:\Windows\SYSTEM32\CRYPTBASE.DLL
0x00007ffba61b0000 - 0x00007ffba6217000 	C:\Windows\system32\mswsock.dll
0x00007ffba0c90000 - 0x00007ffba0ca3000 	C:\Program Files\Android\Android Studio1\jre\jre\bin\nio.dll
0x00007ffb9a6a0000 - 0x00007ffb9a6c6000 	C:\Users\deCrypt3d\.gradle\native\30\windows-amd64\native-platform.dll
0x00007ffba4ba0000 - 0x00007ffba4bad000 	C:\Program Files\Android\Android Studio1\jre\jre\bin\management.dll
0x00007ffba5d30000 - 0x00007ffba5d63000 	C:\Windows\system32\rsaenh.dll
0x00007ffba76a0000 - 0x00007ffba76c6000 	C:\Windows\System32\bcrypt.dll
0x00007ffba68a0000 - 0x00007ffba68c8000 	C:\Windows\SYSTEM32\USERENV.dll
0x00007ffba5ed0000 - 0x00007ffba5f0d000 	C:\Windows\SYSTEM32\IPHLPAPI.DLL
0x00007ffbaa970000 - 0x00007ffbaa978000 	C:\Windows\System32\NSI.dll
0x00007ffb9c810000 - 0x00007ffb9c826000 	C:\Windows\SYSTEM32\dhcpcsvc6.DLL
0x00007ffb9c7f0000 - 0x00007ffb9c80c000 	C:\Windows\SYSTEM32\dhcpcsvc.DLL
0x00007ffba5f10000 - 0x00007ffba5fd6000 	C:\Windows\SYSTEM32\DNSAPI.dll

VM Arguments:
jvm_args: -Xmx1536m -Dfile.encoding=windows-1252 -Duser.country=ID -Duser.language=en -Duser.variant 
java_command: org.gradle.launcher.daemon.bootstrap.GradleDaemon 5.6.4
java_class_path (initial): C:\Users\deCrypt3d\.gradle\wrapper\dists\gradle-5.6.4-all\ankdp27end7byghfw1q2sw75f\gradle-5.6.4\lib\gradle-launcher-5.6.4.jar
Launcher Type: SUN_STANDARD

Environment Variables:
PATH=C:\ProgramData\Oracle\Java\javapath;C:\Program Files (x86)\Common Files\Intel\Shared Files\cpp\bin\Intel64;C:\Windows\system32;C:\Windows;C:\Windows\System32\Wbem;C:\Windows\System32\WindowsPowerShell\v1.0\;C:\xampp\php;C:\ProgramData\ComposerSetup\bin;C:\Program Files\PuTTY\;C:\Program Files\nodejs\;%JAVA_HOME%\bin;C:\SDK\gradle-6.3\bin;C:\Program Files (x86)\GtkSharp\2.12\bin;C:\Users\deCrypt3d\AppData\Local\Microsoft\WindowsApps;C:\Users\deCrypt3d\AppData\Roaming\Composer\vendor\bin;C:\Users\deCrypt3d\AppData\Roaming\npm;
USERNAME=deCrypt3d
OS=Windows_NT
PROCESSOR_IDENTIFIER=Intel64 Family 6 Model 58 Stepping 9, GenuineIntel



---------------  S Y S T E M  ---------------

OS: Windows 10.0 , 64 bit Build 17763 (10.0.17763.475)

CPU:total 2 (initial active 2) (2 cores per cpu, 1 threads per core) family 6 model 58 stepping 9, cmov, cx8, fxsr, mmx, sse, sse2, sse3, ssse3, sse4.1, sse4.2, popcnt, clmul, erms, tsc, tscinvbit, tscinv

Memory: 4k page, physical 3880804k(339032k free), swap 3880804k(4124k free)

vm_info: OpenJDK 64-Bit Server VM (25.212-b04) for windows-amd64 JRE (1.8.0_212-release-1586-b04), built by "builder" with MS VC++ 10.0 (VS2010)

time: Tue Jul 07 07:55:33 2020
timezone: SE Asia Standard Time
elapsed time: 705 seconds (0d 0h 11m 45s)

