#
# There is insufficient memory for the Java Runtime Environment to continue.
# Native memory allocation (malloc) failed to allocate 1007536 bytes for Chunk::new
# Possible reasons:
#   The system is out of physical RAM or swap space
#   The process is running with CompressedOops enabled, and the Java Heap may be blocking the growth of the native heap
# Possible solutions:
#   Reduce memory load on the system
#   Increase physical memory or swap space
#   Check if swap backing store is full
#   Decrease Java heap size (-Xmx/-Xms)
#   Decrease number of Java threads
#   Decrease Java thread stack sizes (-Xss)
#   Set larger code cache with -XX:ReservedCodeCacheSize=
#   JVM is running with Unscaled Compressed Oops mode in which the Java heap is
#     placed in the first 4GB address space. The Java Heap base address is the
#     maximum limit for the native heap growth. Please use -XX:HeapBaseMinAddress
#     to set the Java Heap base and to place the Java Heap above 4GB virtual address.
# This output file may be truncated or incomplete.
#
#  Out of Memory Error (allocation.cpp:389), pid=7904, tid=0x0000000000001568
#
# JRE version: OpenJDK Runtime Environment (8.0_212-b04) (build 1.8.0_212-release-1586-b04)
# Java VM: OpenJDK 64-Bit Server VM (25.212-b04 mixed mode windows-amd64 compressed oops)
# Failed to write core dump. Minidumps are not enabled by default on client versions of Windows
#

---------------  T H R E A D  ---------------

Current thread (0x000000001648a000):  JavaThread "C2 CompilerThread0" daemon [_thread_in_native, id=5480, stack(0x00000000174c0000,0x00000000175c0000)]

Stack: [0x00000000174c0000,0x00000000175c0000]
[error occurred during error reporting (printing stack bounds), id 0xc0000005]

Native frames: (J=compiled Java code, j=interpreted, Vv=VM code, C=native code)


Current CompileTask:
C2:  78420 14360 %     4       com.android.tools.r8.B.a.a.f::a @ 1772 (3659 bytes)


---------------  P R O C E S S  ---------------

Java Threads: ( => current thread )
  0x000000001db7e000 JavaThread "WorkerExecutor Queue Thread 3" [_thread_in_vm, id=3932, stack(0x0000000029e10000,0x0000000029f10000)]
  0x000000001db7d800 JavaThread "WorkerExecutor Queue Thread 2" [_thread_blocked, id=8120, stack(0x0000000029d10000,0x0000000029e10000)]
  0x000000001db7c800 JavaThread "WorkerExecutor Queue" [_thread_in_vm, id=4364, stack(0x0000000029c10000,0x0000000029d10000)]
  0x000000001db7a800 JavaThread "ForkJoinPool.commonPool-worker-1" daemon [_thread_blocked, id=5700, stack(0x0000000029b10000,0x0000000029c10000)]
  0x000000002545e800 JavaThread "Cache worker for Java compile cache (D:\Semangat Tugas Akhir\Main Project\PajakAir\.gradle\5.6.4\javaCompile)" [_thread_blocked, id=208, stack(0x0000000029910000,0x0000000029a10000)]
  0x000000002545e000 JavaThread "Cache worker for execution history cache (D:\Semangat Tugas Akhir\Main Project\PajakAir\.gradle\5.6.4\executionHistory)" [_thread_blocked, id=2772, stack(0x0000000029810000,0x0000000029910000)]
  0x000000002545b000 JavaThread "Execution worker for ':'" [_thread_blocked, id=1864, stack(0x0000000029710000,0x0000000029810000)]
  0x0000000025454000 JavaThread "Cache worker for file content cache (D:\Semangat Tugas Akhir\Main Project\PajakAir\.gradle\5.6.4\fileContent)" [_thread_blocked, id=5456, stack(0x0000000029610000,0x0000000029710000)]
  0x000000002545a000 JavaThread "Cache worker for Build Output Cleanup Cache (D:\Semangat Tugas Akhir\Main Project\PajakAir\.gradle\buildOutputCleanup)" [_thread_blocked, id=2824, stack(0x0000000029510000,0x0000000029610000)]
  0x0000000025459800 JavaThread "Build operations Thread 2" [_thread_blocked, id=2100, stack(0x0000000029410000,0x0000000029510000)]
  0x000000002545d000 JavaThread "Build operations" [_thread_blocked, id=5188, stack(0x0000000029310000,0x0000000029410000)]
  0x0000000025452000 JavaThread "Cache worker for cache directory md-rule (C:\Users\deCrypt3d\.gradle\caches\5.6.4\md-rule)" [_thread_blocked, id=2656, stack(0x0000000029210000,0x0000000029310000)]
  0x0000000025453800 JavaThread "Cache worker for cache directory md-supplier (C:\Users\deCrypt3d\.gradle\caches\5.6.4\md-supplier)" [_thread_blocked, id=2536, stack(0x0000000029110000,0x0000000029210000)]
  0x0000000025458800 JavaThread "Cache worker for file hash cache (D:\Semangat Tugas Akhir\Main Project\PajakAir\.gradle\5.6.4\fileHashes)" [_thread_blocked, id=5484, stack(0x0000000029010000,0x0000000029110000)]
  0x0000000025457000 JavaThread "Thread-33" [_thread_blocked, id=1056, stack(0x0000000028f10000,0x0000000029010000)]
  0x0000000025458000 JavaThread "Stdin handler" [_thread_blocked, id=1568, stack(0x0000000028e10000,0x0000000028f10000)]
  0x0000000025451000 JavaThread "Asynchronous log dispatcher for DefaultDaemonConnection: socket connection from /127.0.0.1:49827 to /127.0.0.1:49839" [_thread_blocked, id=7108, stack(0x0000000028d10000,0x0000000028e10000)]
  0x0000000025456800 JavaThread "Cancel handler" [_thread_blocked, id=5724, stack(0x0000000028c10000,0x0000000028d10000)]
  0x0000000025455000 JavaThread "Handler for socket connection from /127.0.0.1:49827 to /127.0.0.1:49839" [_thread_in_native, id=4092, stack(0x0000000028b10000,0x0000000028c10000)]
  0x0000000025452800 JavaThread "Cache worker for Java compile cache (C:\Users\deCrypt3d\.gradle\caches\5.6.4\javaCompile)" [_thread_blocked, id=1596, stack(0x0000000022000000,0x0000000022100000)]
  0x000000001db7f000 JavaThread "Cache worker for file content cache (C:\Users\deCrypt3d\.gradle\caches\5.6.4\fileContent)" [_thread_blocked, id=6512, stack(0x0000000020700000,0x0000000020800000)]
  0x000000001db78000 JavaThread "Memory manager" [_thread_in_Java, id=3224, stack(0x00000000201e0000,0x00000000202e0000)]
  0x000000001db79000 JavaThread "Cache worker for execution history cache (C:\Users\deCrypt3d\.gradle\caches\5.6.4\executionHistory)" [_thread_blocked, id=3096, stack(0x000000001ef10000,0x000000001f010000)]
  0x00000000197e2000 JavaThread "Cache worker for journal cache (C:\Users\deCrypt3d\.gradle\caches\journal-1)" [_thread_blocked, id=5344, stack(0x000000001bae0000,0x000000001bbe0000)]
  0x00000000197e5000 JavaThread "File lock request listener" [_thread_in_native, id=6048, stack(0x000000001b9e0000,0x000000001bae0000)]
  0x00000000197e1000 JavaThread "Cache worker for file hash cache (C:\Users\deCrypt3d\.gradle\caches\5.6.4\fileHashes)" [_thread_blocked, id=3396, stack(0x000000001b6e0000,0x000000001b7e0000)]
  0x000000001961a000 JavaThread "Daemon worker" [_thread_blocked, id=1140, stack(0x000000001b2e0000,0x000000001b3e0000)]
  0x00000000195e7000 JavaThread "Daemon periodic checks" [_thread_blocked, id=2612, stack(0x000000001ade0000,0x000000001aee0000)]
  0x00000000195e6800 JavaThread "Daemon" [_thread_blocked, id=396, stack(0x000000001ace0000,0x000000001ade0000)]
  0x0000000019588000 JavaThread "Incoming local TCP Connector on port 49827" [_thread_in_native, id=3568, stack(0x000000001aaa0000,0x000000001aba0000)]
  0x00000000194dd800 JavaThread "Daemon health stats" [_thread_blocked, id=4420, stack(0x000000001a460000,0x000000001a560000)]
  0x00000000164fb800 JavaThread "Service Thread" daemon [_thread_blocked, id=6380, stack(0x00000000176c0000,0x00000000177c0000)]
  0x000000001648d000 JavaThread "C1 CompilerThread1" daemon [_thread_blocked, id=7812, stack(0x00000000175c0000,0x00000000176c0000)]
=>0x000000001648a000 JavaThread "C2 CompilerThread0" daemon [_thread_in_native, id=5480, stack(0x00000000174c0000,0x00000000175c0000)]
  0x0000000016488000 JavaThread "Attach Listener" daemon [_thread_blocked, id=2800, stack(0x00000000173c0000,0x00000000174c0000)]
  0x0000000016485000 JavaThread "Signal Dispatcher" daemon [_thread_blocked, id=3148, stack(0x00000000172c0000,0x00000000173c0000)]
  0x0000000002d57800 JavaThread "Finalizer" daemon [_thread_blocked, id=4392, stack(0x00000000170c0000,0x00000000171c0000)]
  0x0000000016477000 JavaThread "Reference Handler" daemon [_thread_blocked, id=2964, stack(0x0000000016fc0000,0x00000000170c0000)]
  0x0000000002c0e000 JavaThread "main" [_thread_blocked, id=6916, stack(0x0000000002a90000,0x0000000002b90000)]

Other Threads:
  0x0000000016455800 VMThread [stack: 0x0000000016ec0000,0x0000000016fc0000] [id=2848]
  0x00000000164ff800 WatcherThread [stack: 0x00000000177c0000,0x00000000178c0000] [id=8128]

VM state:not at safepoint (normal execution)

VM Mutex/Monitor currently owned by a thread:  ([mutex/lock_event])
[0x0000000002c60350] CompiledIC_lock - owner thread: 0x000000001db7c800

heap address: 0x00000000a0000000, size: 1536 MB, Compressed Oops mode: 32-bit
Narrow klass base: 0x0000000000000000, Narrow klass shift: 3
Compressed class space size: 1073741824 Address: 0x0000000100000000

Heap:
 PSYoungGen      total 276992K, used 141534K [0x00000000e0000000, 0x00000000f3b00000, 0x0000000100000000)
  eden space 239104K, 47% used [0x00000000e0000000,0x00000000e6eb6ac8,0x00000000ee980000)
  from space 37888K, 74% used [0x00000000ee980000,0x00000000f0500d80,0x00000000f0e80000)
  to   space 26624K, 0% used [0x00000000f0e80000,0x00000000f0e80000,0x00000000f2880000)
 ParOldGen       total 175616K, used 80616K [0x00000000a0000000, 0x00000000aab80000, 0x00000000e0000000)
  object space 175616K, 45% used [0x00000000a0000000,0x00000000a4eba290,0x00000000aab80000)
 Metaspace       used 84485K, capacity 87520K, committed 87768K, reserved 1126400K
  class space    used 10918K, capacity 11649K, committed 11736K, reserved 1048576K

Card table byte_map: [0x0000000012120000,0x0000000012430000] byte_map_base: 0x0000000011c20000

Marking Bits: (ParMarkBitMap*) 0x0000000076c79f30
 Begin Bits: [0x0000000012830000, 0x0000000014030000)
 End Bits:   [0x0000000014030000, 0x0000000015830000)

Polling page: 0x0000000000bf0000

CodeCache: size=245760Kb used=38102Kb max_used=38102Kb free=207657Kb
 bounds [0x0000000002d60000, 0x00000000052c0000, 0x0000000011d60000]
 total_blobs=12768 nmethods=11889 adapters=791
 compilation: enabled

Compilation events (10 events):
Event: 78.322 Thread 0x000000001648d000 14442       1       com.android.tools.r8.u.c.u::b (2 bytes)
Event: 78.322 Thread 0x000000001648d000 nmethod 14442 0x00000000052ae450 code [0x00000000052ae5a0, 0x00000000052ae6b0]
Event: 78.322 Thread 0x000000001648d000 14443       1       com.android.tools.r8.u.c.r::d (5 bytes)
Event: 78.322 Thread 0x000000001648d000 nmethod 14443 0x00000000052ae710 code [0x00000000052ae860, 0x00000000052ae970]
Event: 78.322 Thread 0x000000001648d000 14444       3       com.android.tools.r8.u.c.o::i (82 bytes)
Event: 78.323 Thread 0x000000001648d000 nmethod 14444 0x00000000052ae9d0 code [0x00000000052aec00, 0x00000000052af758]
Event: 78.324 Thread 0x000000001648d000 14445       3       com.android.tools.r8.u.c.o::h (14 bytes)
Event: 78.325 Thread 0x000000001648d000 nmethod 14445 0x00000000052afd50 code [0x00000000052afec0, 0x00000000052b00e8]
Event: 78.325 Thread 0x000000001648d000 14446       3       com.android.tools.r8.u.c.o::a (1157 bytes)
Event: 78.336 Thread 0x000000001648d000 nmethod 14446 0x00000000052b0190 code [0x00000000052b0d00, 0x00000000052b89b8]

GC Heap History (10 events):
Event: 38.074 GC heap before
{Heap before GC invocations=17 (full 3):
 PSYoungGen      total 209408K, used 209402K [0x00000000e0000000, 0x00000000f0900000, 0x0000000100000000)
  eden space 190464K, 100% used [0x00000000e0000000,0x00000000eba00000,0x00000000eba00000)
  from space 18944K, 99% used [0x00000000eba00000,0x00000000ecc7eb58,0x00000000ecc80000)
  to   space 24064K, 0% used [0x00000000ef180000,0x00000000ef180000,0x00000000f0900000)
 ParOldGen       total 97280K, used 43823K [0x00000000a0000000, 0x00000000a5f00000, 0x00000000e0000000)
  object space 97280K, 45% used [0x00000000a0000000,0x00000000a2acbf28,0x00000000a5f00000)
 Metaspace       used 66209K, capacity 68308K, committed 68568K, reserved 1107968K
  class space    used 8884K, capacity 9415K, committed 9432K, reserved 1048576K
Event: 38.152 GC heap after
Heap after GC invocations=17 (full 3):
 PSYoungGen      total 243200K, used 16094K [0x00000000e0000000, 0x00000000f0800000, 0x0000000100000000)
  eden space 220160K, 0% used [0x00000000e0000000,0x00000000e0000000,0x00000000ed700000)
  from space 23040K, 69% used [0x00000000ef180000,0x00000000f01378d8,0x00000000f0800000)
  to   space 25088K, 0% used [0x00000000ed700000,0x00000000ed700000,0x00000000eef80000)
 ParOldGen       total 97280K, used 60660K [0x00000000a0000000, 0x00000000a5f00000, 0x00000000e0000000)
  object space 97280K, 62% used [0x00000000a0000000,0x00000000a3b3d230,0x00000000a5f00000)
 Metaspace       used 66209K, capacity 68308K, committed 68568K, reserved 1107968K
  class space    used 8884K, capacity 9415K, committed 9432K, reserved 1048576K
}
Event: 46.893 GC heap before
{Heap before GC invocations=18 (full 3):
 PSYoungGen      total 243200K, used 236254K [0x00000000e0000000, 0x00000000f0800000, 0x0000000100000000)
  eden space 220160K, 100% used [0x00000000e0000000,0x00000000ed700000,0x00000000ed700000)
  from space 23040K, 69% used [0x00000000ef180000,0x00000000f01378d8,0x00000000f0800000)
  to   space 25088K, 0% used [0x00000000ed700000,0x00000000ed700000,0x00000000eef80000)
 ParOldGen       total 97280K, used 60660K [0x00000000a0000000, 0x00000000a5f00000, 0x00000000e0000000)
  object space 97280K, 62% used [0x00000000a0000000,0x00000000a3b3d230,0x00000000a5f00000)
 Metaspace       used 76800K, capacity 79196K, committed 79448K, reserved 1118208K
  class space    used 9914K, capacity 10483K, committed 10584K, reserved 1048576K
Event: 46.962 GC heap after
Heap after GC invocations=18 (full 3):
 PSYoungGen      total 245248K, used 17605K [0x00000000e0000000, 0x00000000f2880000, 0x0000000100000000)
  eden space 220160K, 0% used [0x00000000e0000000,0x00000000e0000000,0x00000000ed700000)
  from space 25088K, 70% used [0x00000000ed700000,0x00000000ee8315b0,0x00000000eef80000)
  to   space 26624K, 0% used [0x00000000f0e80000,0x00000000f0e80000,0x00000000f2880000)
 ParOldGen       total 97280K, used 60668K [0x00000000a0000000, 0x00000000a5f00000, 0x00000000e0000000)
  object space 97280K, 62% used [0x00000000a0000000,0x00000000a3b3f230,0x00000000a5f00000)
 Metaspace       used 76800K, capacity 79196K, committed 79448K, reserved 1118208K
  class space    used 9914K, capacity 10483K, committed 10584K, reserved 1048576K
}
Event: 71.136 GC heap before
{Heap before GC invocations=19 (full 3):
 PSYoungGen      total 245248K, used 237765K [0x00000000e0000000, 0x00000000f2880000, 0x0000000100000000)
  eden space 220160K, 100% used [0x00000000e0000000,0x00000000ed700000,0x00000000ed700000)
  from space 25088K, 70% used [0x00000000ed700000,0x00000000ee8315b0,0x00000000eef80000)
  to   space 26624K, 0% used [0x00000000f0e80000,0x00000000f0e80000,0x00000000f2880000)
 ParOldGen       total 97280K, used 60668K [0x00000000a0000000, 0x00000000a5f00000, 0x00000000e0000000)
  object space 97280K, 62% used [0x00000000a0000000,0x00000000a3b3f230,0x00000000a5f00000)
 Metaspace       used 78658K, capacity 81182K, committed 81368K, reserved 1120256K
  class space    used 10019K, capacity 10634K, committed 10712K, reserved 1048576K
Event: 71.272 GC heap after
Heap after GC invocations=19 (full 3):
 PSYoungGen      total 265728K, used 26611K [0x00000000e0000000, 0x00000000f3b00000, 0x0000000100000000)
  eden space 239104K, 0% used [0x00000000e0000000,0x00000000e0000000,0x00000000ee980000)
  from space 26624K, 99% used [0x00000000f0e80000,0x00000000f287cdf8,0x00000000f2880000)
  to   space 37888K, 0% used [0x00000000ee980000,0x00000000ee980000,0x00000000f0e80000)
 ParOldGen       total 97280K, used 80360K [0x00000000a0000000, 0x00000000a5f00000, 0x00000000e0000000)
  object space 97280K, 82% used [0x00000000a0000000,0x00000000a4e7a350,0x00000000a5f00000)
 Metaspace       used 78658K, capacity 81182K, committed 81368K, reserved 1120256K
  class space    used 10019K, capacity 10634K, committed 10712K, reserved 1048576K
}
Event: 71.272 GC heap before
{Heap before GC invocations=20 (full 4):
 PSYoungGen      total 265728K, used 26611K [0x00000000e0000000, 0x00000000f3b00000, 0x0000000100000000)
  eden space 239104K, 0% used [0x00000000e0000000,0x00000000e0000000,0x00000000ee980000)
  from space 26624K, 99% used [0x00000000f0e80000,0x00000000f287cdf8,0x00000000f2880000)
  to   space 37888K, 0% used [0x00000000ee980000,0x00000000ee980000,0x00000000f0e80000)
 ParOldGen       total 97280K, used 80360K [0x00000000a0000000, 0x00000000a5f00000, 0x00000000e0000000)
  object space 97280K, 82% used [0x00000000a0000000,0x00000000a4e7a350,0x00000000a5f00000)
 Metaspace       used 78658K, capacity 81182K, committed 81368K, reserved 1120256K
  class space    used 10019K, capacity 10634K, committed 10712K, reserved 1048576K
Event: 72.178 GC heap after
Heap after GC invocations=20 (full 4):
 PSYoungGen      total 265728K, used 0K [0x00000000e0000000, 0x00000000f3b00000, 0x0000000100000000)
  eden space 239104K, 0% used [0x00000000e0000000,0x00000000e0000000,0x00000000ee980000)
  from space 26624K, 0% used [0x00000000f0e80000,0x00000000f0e80000,0x00000000f2880000)
  to   space 37888K, 0% used [0x00000000ee980000,0x00000000ee980000,0x00000000f0e80000)
 ParOldGen       total 175616K, used 80608K [0x00000000a0000000, 0x00000000aab80000, 0x00000000e0000000)
  object space 175616K, 45% used [0x00000000a0000000,0x00000000a4eb8290,0x00000000aab80000)
 Metaspace       used 78040K, capacity 80530K, committed 81368K, reserved 1120256K
  class space    used 9955K, capacity 10562K, committed 10712K, reserved 1048576K
}
Event: 75.662 GC heap before
{Heap before GC invocations=21 (full 4):
 PSYoungGen      total 265728K, used 239104K [0x00000000e0000000, 0x00000000f3b00000, 0x0000000100000000)
  eden space 239104K, 100% used [0x00000000e0000000,0x00000000ee980000,0x00000000ee980000)
  from space 26624K, 0% used [0x00000000f0e80000,0x00000000f0e80000,0x00000000f2880000)
  to   space 37888K, 0% used [0x00000000ee980000,0x00000000ee980000,0x00000000f0e80000)
 ParOldGen       total 175616K, used 80608K [0x00000000a0000000, 0x00000000aab80000, 0x00000000e0000000)
  object space 175616K, 45% used [0x00000000a0000000,0x00000000a4eb8290,0x00000000aab80000)
 Metaspace       used 78651K, capacity 81194K, committed 81368K, reserved 1120256K
  class space    used 10019K, capacity 10578K, committed 10712K, reserved 1048576K
Event: 75.744 GC heap after
Heap after GC invocations=21 (full 4):
 PSYoungGen      total 276992K, used 28163K [0x00000000e0000000, 0x00000000f3b00000, 0x0000000100000000)
  eden space 239104K, 0% used [0x00000000e0000000,0x00000000e0000000,0x00000000ee980000)
  from space 37888K, 74% used [0x00000000ee980000,0x00000000f0500d80,0x00000000f0e80000)
  to   space 26624K, 0% used [0x00000000f0e80000,0x00000000f0e80000,0x00000000f2880000)
 ParOldGen       total 175616K, used 80616K [0x00000000a0000000, 0x00000000aab80000, 0x00000000e0000000)
  object space 175616K, 45% used [0x00000000a0000000,0x00000000a4eba290,0x00000000aab80000)
 Metaspace       used 78651K, capacity 81194K, committed 81368K, reserved 1120256K
  class space    used 10019K, capacity 10578K, committed 10712K, reserved 1048576K
}

Deoptimization events (10 events):
Event: 76.454 Thread 0x000000001db7e000 Uncommon trap: reason=unstable_if action=reinterpret pc=0x0000000004fa644c method=sun.nio.fs.WindowsPathParser.nextNonSlash(Ljava/lang/String;II)I @ 2
Event: 76.760 Thread 0x000000001db7c800 Uncommon trap: reason=unstable_if action=reinterpret pc=0x00000000046011c8 method=java.util.stream.StreamOpFlag.fromCharacteristics(Ljava/util/Spliterator;)I @ 10
Event: 76.760 Thread 0x000000001db7e000 Uncommon trap: reason=unstable_if action=reinterpret pc=0x00000000046011c8 method=java.util.stream.StreamOpFlag.fromCharacteristics(Ljava/util/Spliterator;)I @ 10
Event: 76.761 Thread 0x000000001db7e000 Uncommon trap: reason=unstable_if action=reinterpret pc=0x00000000044e88cc method=java.util.concurrent.ConcurrentHashMap.putVal(Ljava/lang/Object;Ljava/lang/Object;Z)Ljava/lang/Object; @ 98
Event: 76.862 Thread 0x000000001db7e000 Uncommon trap: reason=unstable_if action=reinterpret pc=0x0000000003f75aa0 method=java.nio.Bits.putInt(Ljava/nio/ByteBuffer;IIZ)V @ 1
Event: 77.783 Thread 0x000000001db7c800 Uncommon trap: reason=class_check action=maybe_recompile pc=0x0000000003246144 method=java.util.stream.Sink$ChainedReference.<init>(Ljava/util/stream/Sink;)V @ 9
Event: 77.789 Thread 0x000000001db7e000 Uncommon trap: reason=class_check action=maybe_recompile pc=0x0000000003246144 method=java.util.stream.Sink$ChainedReference.<init>(Ljava/util/stream/Sink;)V @ 9
Event: 77.885 Thread 0x000000001db7e000 Uncommon trap: reason=unstable_if action=reinterpret pc=0x0000000003922e00 method=com.android.tools.r8.utils.O.d(I)Z @ 45
Event: 78.051 Thread 0x000000001db7e000 Uncommon trap: reason=unstable_if action=reinterpret pc=0x000000000333956c method=java.util.WeakHashMap.remove(Ljava/lang/Object;)Ljava/lang/Object; @ 94
Event: 78.275 Thread 0x000000001db7e000 Uncommon trap: reason=unstable_if action=reinterpret pc=0x0000000003f904e0 method=com.android.tools.r8.graph.s0$b.a(ILjava/lang/String;Ljava/lang/String;Ljava/lang/String;Ljava/lang/Object;)Lcom/android/tools/r8/B/a/a/n; @ 7

Classes redefined (0 events):
No events

Internal exceptions (10 events):
Event: 69.776 Thread 0x000000002545b000 Implicit null exception at 0x0000000004b40147 to 0x0000000004b40a51
Event: 72.193 Thread 0x000000002545b000 Implicit null exception at 0x000000000492bb73 to 0x000000000492c1e9
Event: 74.179 Thread 0x000000001db7a800 Exception <a 'sun/nio/fs/WindowsException'> (0x00000000e39db1d0) thrown at [D:\src\AOSP-openjdk-cygwin\jdk8u\hotspot\src\share\vm\prims\jni.cpp, line 710]
Event: 74.185 Thread 0x000000002545c800 Exception <a 'java/lang/NoSuchMethodError': java.lang.Object.lambda$static$0(Ljava/lang/String;)Z> (0x00000000e399c938) thrown at [D:\src\AOSP-openjdk-cygwin\jdk8u\hotspot\src\share\vm\interpreter\linkResolver.cpp, line 620]
Event: 76.305 Thread 0x000000002545b000 Exception <a 'java/lang/NoSuchMethodError': <clinit>> (0x00000000e36bca08) thrown at [D:\src\AOSP-openjdk-cygwin\jdk8u\hotspot\src\share\vm\prims\jni.cpp, line 1614]
Event: 76.307 Thread 0x000000002545b000 Exception <a 'java/lang/NoSuchMethodError': <clinit>> (0x00000000e36d1560) thrown at [D:\src\AOSP-openjdk-cygwin\jdk8u\hotspot\src\share\vm\prims\jni.cpp, line 1614]
Event: 76.556 Thread 0x000000001db7e000 Exception <a 'sun/nio/fs/WindowsException'> (0x00000000e3a78238) thrown at [D:\src\AOSP-openjdk-cygwin\jdk8u\hotspot\src\share\vm\prims\jni.cpp, line 710]
Event: 76.769 Thread 0x000000001db7c800 Exception <a 'java/lang/NoSuchMethodError': java.lang.Object.lambda$identity$2(Ljava/lang/Object;)Ljava/lang/Object;> (0x00000000e467df20) thrown at [D:\src\AOSP-openjdk-cygwin\jdk8u\hotspot\src\share\vm\interpreter\linkResolver.cpp, line 620]
Event: 78.075 Thread 0x000000001db7e000 Exception <a 'java/lang/NoSuchMethodError': java.lang.Object.lambda$maxBy$1(Ljava/util/Comparator;Ljava/lang/Object;Ljava/lang/Object;)Ljava/lang/Object;> (0x00000000e68cce18) thrown at [D:\src\AOSP-openjdk-cygwin\jdk8u\hotspot\src\share\vm\interpreter\li
Event: 78.075 Thread 0x000000001db7c800 Exception <a 'java/lang/NoSuchMethodError': java.lang.Object.lambda$maxBy$1(Ljava/util/Comparator;Ljava/lang/Object;Ljava/lang/Object;)Ljava/lang/Object;> (0x00000000e68fd4e8) thrown at [D:\src\AOSP-openjdk-cygwin\jdk8u\hotspot\src\share\vm\interpreter\li

Events (10 events):
Event: 78.312 loading class com/android/tools/r8/code/u3
Event: 78.312 loading class com/android/tools/r8/code/u3 done
Event: 78.314 loading class com/android/tools/r8/code/t3
Event: 78.314 loading class com/android/tools/r8/code/t3 done
Event: 78.315 loading class com/android/tools/r8/code/w3
Event: 78.315 loading class com/android/tools/r8/code/w3 done
Event: 78.315 loading class com/android/tools/r8/code/y3
Event: 78.315 loading class com/android/tools/r8/code/y3 done
Event: 78.315 loading class com/android/tools/r8/code/s3
Event: 78.315 loading class com/android/tools/r8/code/s3 done


Dynamic libraries:
0x00007ff747390000 - 0x00007ff7473c1000 	C:\Program Files\Android\Android Studio1\jre\bin\java.exe
0x00007ffece5a0000 - 0x00007ffece78d000 	C:\Windows\SYSTEM32\ntdll.dll
0x00007ffece470000 - 0x00007ffece523000 	C:\Windows\System32\KERNEL32.DLL
0x00007ffecacf0000 - 0x00007ffecaf83000 	C:\Windows\System32\KERNELBASE.dll
0x00007ffecd4b0000 - 0x00007ffecd553000 	C:\Windows\System32\ADVAPI32.dll
0x00007ffecccf0000 - 0x00007ffeccd8e000 	C:\Windows\System32\msvcrt.dll
0x00007ffecd260000 - 0x00007ffecd2fe000 	C:\Windows\System32\sechost.dll
0x00007ffeccd90000 - 0x00007ffecceb2000 	C:\Windows\System32\RPCRT4.dll
0x00007ffecd890000 - 0x00007ffecda27000 	C:\Windows\System32\USER32.dll
0x00007ffecb060000 - 0x00007ffecb080000 	C:\Windows\System32\win32u.dll
0x00007ffecd230000 - 0x00007ffecd259000 	C:\Windows\System32\GDI32.dll
0x00007ffecab20000 - 0x00007ffecacb9000 	C:\Windows\System32\gdi32full.dll
0x00007ffeca870000 - 0x00007ffeca910000 	C:\Windows\System32\msvcp_win.dll
0x00007ffecaa20000 - 0x00007ffecab1a000 	C:\Windows\System32\ucrtbase.dll
0x00007ffebea10000 - 0x00007ffebec89000 	C:\Windows\WinSxS\amd64_microsoft.windows.common-controls_6595b64144ccf1df_6.0.17763.1098_none_de762ed45346ee8a\COMCTL32.dll
0x00007ffecdbd0000 - 0x00007ffecdefc000 	C:\Windows\System32\combase.dll
0x00007ffecafe0000 - 0x00007ffecb05e000 	C:\Windows\System32\bcryptPrimitives.dll
0x00007ffecdae0000 - 0x00007ffecdb0e000 	C:\Windows\System32\IMM32.DLL
0x00000000771a0000 - 0x0000000077272000 	C:\Program Files\Android\Android Studio1\jre\jre\bin\msvcr100.dll
0x00000000764b0000 - 0x0000000076cf6000 	C:\Program Files\Android\Android Studio1\jre\jre\bin\server\jvm.dll
0x00007ffecd6d0000 - 0x00007ffecd6d8000 	C:\Windows\System32\PSAPI.DLL
0x00007ffeafad0000 - 0x00007ffeafad9000 	C:\Windows\SYSTEM32\WSOCK32.dll
0x00007ffec8800000 - 0x00007ffec8824000 	C:\Windows\SYSTEM32\WINMM.dll
0x00007ffece530000 - 0x00007ffece59d000 	C:\Windows\System32\WS2_32.dll
0x00007ffebd4a0000 - 0x00007ffebd4aa000 	C:\Windows\SYSTEM32\VERSION.dll
0x00007ffec86e0000 - 0x00007ffec870d000 	C:\Windows\SYSTEM32\WINMMBASE.dll
0x00007ffecaf90000 - 0x00007ffecafda000 	C:\Windows\System32\cfgmgr32.dll
0x00007ffec8130000 - 0x00007ffec813f000 	C:\Program Files\Android\Android Studio1\jre\jre\bin\verify.dll
0x00007ffec7730000 - 0x00007ffec7759000 	C:\Program Files\Android\Android Studio1\jre\jre\bin\java.dll
0x00007ffec71c0000 - 0x00007ffec71d6000 	C:\Program Files\Android\Android Studio1\jre\jre\bin\zip.dll
0x00007ffecb7f0000 - 0x00007ffeccce4000 	C:\Windows\System32\SHELL32.dll
0x00007ffecda30000 - 0x00007ffecdad8000 	C:\Windows\System32\shcore.dll
0x00007ffecb0a0000 - 0x00007ffecb7ed000 	C:\Windows\System32\windows.storage.dll
0x00007ffeca620000 - 0x00007ffeca644000 	C:\Windows\System32\profapi.dll
0x00007ffeca5c0000 - 0x00007ffeca61d000 	C:\Windows\System32\powrprof.dll
0x00007ffecdb70000 - 0x00007ffecdbc2000 	C:\Windows\System32\shlwapi.dll
0x00007ffeca650000 - 0x00007ffeca661000 	C:\Windows\System32\kernel.appcore.dll
0x00007ffecb080000 - 0x00007ffecb097000 	C:\Windows\System32\cryptsp.dll
0x00007ffec71a0000 - 0x00007ffec71ba000 	C:\Program Files\Android\Android Studio1\jre\jre\bin\net.dll
0x00007ffec00c0000 - 0x00007ffec0297000 	C:\Windows\SYSTEM32\urlmon.dll
0x00007ffec04a0000 - 0x00007ffec0748000 	C:\Windows\SYSTEM32\iertutil.dll
0x00007ffec9fa0000 - 0x00007ffec9fac000 	C:\Windows\SYSTEM32\CRYPTBASE.DLL
0x00007ffec9dd0000 - 0x00007ffec9e37000 	C:\Windows\system32\mswsock.dll
0x00007ffec4140000 - 0x00007ffec4153000 	C:\Program Files\Android\Android Studio1\jre\jre\bin\nio.dll
0x00007ffec6f70000 - 0x00007ffec6f96000 	C:\Users\deCrypt3d\.gradle\native\30\windows-amd64\native-platform.dll
0x00007ffec6e50000 - 0x00007ffec6e5d000 	C:\Program Files\Android\Android Studio1\jre\jre\bin\management.dll
0x00007ffec9950000 - 0x00007ffec9983000 	C:\Windows\system32\rsaenh.dll
0x00007ffecacc0000 - 0x00007ffecace6000 	C:\Windows\System32\bcrypt.dll
0x00007ffeca4c0000 - 0x00007ffeca4e8000 	C:\Windows\SYSTEM32\USERENV.dll
0x00007ffec9af0000 - 0x00007ffec9b2d000 	C:\Windows\SYSTEM32\IPHLPAPI.DLL
0x00007ffece380000 - 0x00007ffece388000 	C:\Windows\System32\NSI.dll
0x00007ffec02c0000 - 0x00007ffec02d6000 	C:\Windows\SYSTEM32\dhcpcsvc6.DLL
0x00007ffec02a0000 - 0x00007ffec02bc000 	C:\Windows\SYSTEM32\dhcpcsvc.DLL
0x00007ffec9b30000 - 0x00007ffec9bf6000 	C:\Windows\SYSTEM32\DNSAPI.dll

VM Arguments:
jvm_args: -Xmx1536m -Dfile.encoding=windows-1252 -Duser.country=ID -Duser.language=en -Duser.variant 
java_command: org.gradle.launcher.daemon.bootstrap.GradleDaemon 5.6.4
java_class_path (initial): C:\Users\deCrypt3d\.gradle\wrapper\dists\gradle-5.6.4-all\ankdp27end7byghfw1q2sw75f\gradle-5.6.4\lib\gradle-launcher-5.6.4.jar
Launcher Type: SUN_STANDARD

Environment Variables:
PATH=C:\ProgramData\Oracle\Java\javapath;C:\Program Files (x86)\Common Files\Intel\Shared Files\cpp\bin\Intel64;C:\Windows\system32;C:\Windows;C:\Windows\System32\Wbem;C:\Windows\System32\WindowsPowerShell\v1.0\;C:\xampp\php;C:\ProgramData\ComposerSetup\bin;C:\Program Files\PuTTY\;C:\Program Files\nodejs\;%JAVA_HOME%\bin;C:\SDK\gradle-6.3\bin;C:\Program Files (x86)\GtkSharp\2.12\bin;C:\Users\deCrypt3d\AppData\Local\Microsoft\WindowsApps;C:\Users\deCrypt3d\AppData\Roaming\Composer\vendor\bin;C:\Users\deCrypt3d\AppData\Roaming\npm;
USERNAME=deCrypt3d
OS=Windows_NT
PROCESSOR_IDENTIFIER=Intel64 Family 6 Model 58 Stepping 9, GenuineIntel



---------------  S Y S T E M  ---------------

OS: Windows 10.0 , 64 bit Build 17763 (10.0.17763.475)

CPU:total 2 (initial active 2) (2 cores per cpu, 1 threads per core) family 6 model 58 stepping 9, cmov, cx8, fxsr, mmx, sse, sse2, sse3, ssse3, sse4.1, sse4.2, popcnt, clmul, erms, tsc, tscinvbit, tscinv

Memory: 4k page, physical 3880804k(342680k free), swap 3880804k(5680k free)

vm_info: OpenJDK 64-Bit Server VM (25.212-b04) for windows-amd64 JRE (1.8.0_212-release-1586-b04), built by "builder" with MS VC++ 10.0 (VS2010)

time: Thu Jul 09 16:25:40 2020
timezone: SE Asia Standard Time
elapsed time: 78 seconds (0d 0h 1m 18s)

