#
# There is insufficient memory for the Java Runtime Environment to continue.
# Native memory allocation (malloc) failed to allocate 32744 bytes for ChunkPool::allocate
# Possible reasons:
#   The system is out of physical RAM or swap space
#   The process is running with CompressedOops enabled, and the Java Heap may be blocking the growth of the native heap
# Possible solutions:
#   Reduce memory load on the system
#   Increase physical memory or swap space
#   Check if swap backing store is full
#   Decrease Java heap size (-Xmx/-Xms)
#   Decrease number of Java threads
#   Decrease Java thread stack sizes (-Xss)
#   Set larger code cache with -XX:ReservedCodeCacheSize=
#   JVM is running with Unscaled Compressed Oops mode in which the Java heap is
#     placed in the first 4GB address space. The Java Heap base address is the
#     maximum limit for the native heap growth. Please use -XX:HeapBaseMinAddress
#     to set the Java Heap base and to place the Java Heap above 4GB virtual address.
# This output file may be truncated or incomplete.
#
#  Out of Memory Error (allocation.cpp:272), pid=5864, tid=0x0000000000001ab8
#
# JRE version: OpenJDK Runtime Environment (8.0_212-b04) (build 1.8.0_212-release-1586-b04)
# Java VM: OpenJDK 64-Bit Server VM (25.212-b04 mixed mode windows-amd64 compressed oops)
# Failed to write core dump. Minidumps are not enabled by default on client versions of Windows
#

---------------  T H R E A D  ---------------

Current thread (0x0000000016259000):  JavaThread "C2 CompilerThread0" daemon [_thread_in_native, id=6840, stack(0x00000000172a0000,0x00000000173a0000)]

Stack: [0x00000000172a0000,0x00000000173a0000]
[error occurred during error reporting (printing stack bounds), id 0xc0000005]

Native frames: (J=compiled Java code, j=interpreted, Vv=VM code, C=native code)


Current CompileTask:
C2:1466864 20952 % !   4       com.android.tools.r8.dex.m::b @ 460 (2743 bytes)


---------------  P R O C E S S  ---------------

Java Threads: ( => current thread )
  0x00000000189f6800 JavaThread "WorkerExecutor Queue Thread 3" [_thread_in_native, id=1892, stack(0x0000000030b40000,0x0000000030c40000)]
  0x00000000189f4000 JavaThread "ForkJoinPool.commonPool-worker-1" daemon [_thread_blocked, id=1952, stack(0x0000000030940000,0x0000000030a40000)]
  0x00000000189f2800 JavaThread "Cache worker for Java compile cache (D:\Semangat Tugas Akhir\Main Project\PajakAir\.gradle\5.6.4\javaCompile)" [_thread_blocked, id=6592, stack(0x0000000030840000,0x0000000030940000)]
  0x00000000189f2000 JavaThread "WorkerExecutor Queue Thread 2" [_thread_blocked, id=4964, stack(0x0000000030740000,0x0000000030840000)]
  0x00000000189ea800 JavaThread "stdout" [_thread_in_native, id=6728, stack(0x0000000030640000,0x0000000030740000)]
  0x00000000189e9800 JavaThread "stderr" [_thread_in_native, id=4148, stack(0x0000000030540000,0x0000000030640000)]
  0x00000000189ed800 JavaThread "pool-10-thread-1" [_thread_blocked, id=1640, stack(0x0000000030440000,0x0000000030540000)]
  0x00000000189e8000 JavaThread "Cache worker for execution history cache (D:\Semangat Tugas Akhir\Main Project\PajakAir\.gradle\5.6.4\executionHistory)" [_thread_blocked, id=3688, stack(0x0000000030240000,0x0000000030340000)]
  0x000000001a47f000 JavaThread "Execution worker for ':'" [_thread_blocked, id=5324, stack(0x0000000030140000,0x0000000030240000)]
  0x000000001a477800 JavaThread "Cache worker for file content cache (D:\Semangat Tugas Akhir\Main Project\PajakAir\.gradle\5.6.4\fileContent)" [_thread_blocked, id=2060, stack(0x0000000030040000,0x0000000030140000)]
  0x000000001a47e800 JavaThread "Cache worker for Build Output Cleanup Cache (D:\Semangat Tugas Akhir\Main Project\PajakAir\.gradle\buildOutputCleanup)" [_thread_blocked, id=5336, stack(0x000000002ff40000,0x0000000030040000)]
  0x000000001a47d800 JavaThread "Build operations Thread 2" [_thread_blocked, id=6232, stack(0x000000002fe40000,0x000000002ff40000)]
  0x000000001a47d000 JavaThread "Build operations" [_thread_blocked, id=6068, stack(0x000000002fd40000,0x000000002fe40000)]
  0x000000001a47c000 JavaThread "Cache worker for cache directory md-rule (C:\Users\deCrypt3d\.gradle\caches\5.6.4\md-rule)" [_thread_blocked, id=1184, stack(0x000000002fc40000,0x000000002fd40000)]
  0x000000001a47b800 JavaThread "Cache worker for cache directory md-supplier (C:\Users\deCrypt3d\.gradle\caches\5.6.4\md-supplier)" [_thread_blocked, id=5060, stack(0x000000002fb40000,0x000000002fc40000)]
  0x000000001a47a800 JavaThread "Cache worker for file hash cache (D:\Semangat Tugas Akhir\Main Project\PajakAir\.gradle\5.6.4\fileHashes)" [_thread_blocked, id=3836, stack(0x000000002fa40000,0x000000002fb40000)]
  0x000000001a470000 JavaThread "Thread-84" [_thread_blocked, id=4152, stack(0x000000002f940000,0x000000002fa40000)]
  0x000000001a476000 JavaThread "Stdin handler" [_thread_blocked, id=1948, stack(0x000000002f840000,0x000000002f940000)]
  0x000000001a475800 JavaThread "Asynchronous log dispatcher for DefaultDaemonConnection: socket connection from /127.0.0.1:49873 to /127.0.0.1:50082" [_thread_blocked, id=5344, stack(0x000000002f740000,0x000000002f840000)]
  0x000000001a474000 JavaThread "Daemon worker Thread 4" [_thread_blocked, id=6800, stack(0x000000002f640000,0x000000002f740000)]
  0x000000001a473000 JavaThread "Cancel handler" [_thread_blocked, id=2236, stack(0x000000002f540000,0x000000002f640000)]
  0x000000001a471800 JavaThread "Handler for socket connection from /127.0.0.1:49873 to /127.0.0.1:50082" [_thread_in_native, id=2948, stack(0x000000002f440000,0x000000002f540000)]
  0x000000001a474800 JavaThread "Daemon Thread 4" [_thread_blocked, id=1800, stack(0x000000002f340000,0x000000002f440000)]
  0x00000000189ec800 JavaThread "Cache worker for Java compile cache (C:\Users\deCrypt3d\.gradle\caches\5.6.4\javaCompile)" [_thread_blocked, id=1364, stack(0x000000002a030000,0x000000002a130000)]
  0x000000001a472800 JavaThread "Cache worker for file content cache (C:\Users\deCrypt3d\.gradle\caches\5.6.4\fileContent)" [_thread_blocked, id=3176, stack(0x00000000203e0000,0x00000000204e0000)]
  0x000000001a471000 JavaThread "Memory manager" [_thread_blocked, id=4716, stack(0x00000000202e0000,0x00000000203e0000)]
  0x000000001a477000 JavaThread "Cache worker for execution history cache (C:\Users\deCrypt3d\.gradle\caches\5.6.4\executionHistory)" [_thread_blocked, id=2836, stack(0x000000001ec30000,0x000000001ed30000)]
  0x000000001a011800 JavaThread "Cache worker for journal cache (C:\Users\deCrypt3d\.gradle\caches\journal-1)" [_thread_blocked, id=492, stack(0x000000001b8c0000,0x000000001b9c0000)]
  0x000000001a011000 JavaThread "File lock request listener" [_thread_in_native, id=3024, stack(0x000000001b7c0000,0x000000001b8c0000)]
  0x000000001a04e800 JavaThread "Cache worker for file hash cache (C:\Users\deCrypt3d\.gradle\caches\5.6.4\fileHashes)" [_thread_blocked, id=5428, stack(0x000000001b6c0000,0x000000001b7c0000)]
  0x0000000019156800 JavaThread "Daemon periodic checks" [_thread_blocked, id=6552, stack(0x0000000019bf0000,0x0000000019cf0000)]
  0x000000001917c000 JavaThread "Incoming local TCP Connector on port 49873" [_thread_in_native, id=1912, stack(0x00000000198b0000,0x00000000199b0000)]
  0x00000000190b9800 JavaThread "Daemon health stats" [_thread_blocked, id=4540, stack(0x0000000019270000,0x0000000019370000)]
  0x0000000016265000 JavaThread "Service Thread" daemon [_thread_blocked, id=6872, stack(0x00000000174a0000,0x00000000175a0000)]
  0x000000001625c000 JavaThread "C1 CompilerThread1" daemon [_thread_blocked, id=4460, stack(0x00000000173a0000,0x00000000174a0000)]
=>0x0000000016259000 JavaThread "C2 CompilerThread0" daemon [_thread_in_native, id=6840, stack(0x00000000172a0000,0x00000000173a0000)]
  0x0000000016257000 JavaThread "Attach Listener" daemon [_thread_blocked, id=3604, stack(0x00000000171a0000,0x00000000172a0000)]
  0x0000000016254000 JavaThread "Signal Dispatcher" daemon [_thread_blocked, id=1020, stack(0x00000000170a0000,0x00000000171a0000)]
  0x0000000002b21800 JavaThread "Finalizer" daemon [_thread_blocked, id=5576, stack(0x0000000016ea0000,0x0000000016fa0000)]
  0x0000000016247000 JavaThread "Reference Handler" daemon [_thread_blocked, id=1676, stack(0x0000000016da0000,0x0000000016ea0000)]
  0x0000000000e8e000 JavaThread "main" [_thread_blocked, id=6160, stack(0x0000000002930000,0x0000000002a30000)]

Other Threads:
  0x0000000016225800 VMThread [stack: 0x0000000016ca0000,0x0000000016da0000] [id=6696]
  0x0000000016269800 WatcherThread [stack: 0x00000000175a0000,0x00000000176a0000] [id=6896]

VM state:not at safepoint (normal execution)

VM Mutex/Monitor currently owned by a thread: None

OutOfMemory and StackOverflow Exception counts:
OutOfMemoryError java_heap_errors=1

heap address: 0x00000000a0000000, size: 1536 MB, Compressed Oops mode: 32-bit
Narrow klass base: 0x0000000000000000, Narrow klass shift: 3
Compressed class space size: 1073741824 Address: 0x0000000100000000

Heap:
 PSYoungGen      total 412672K, used 361785K [0x00000000e0000000, 0x00000000fd580000, 0x0000000100000000)
  eden space 350208K, 92% used [0x00000000e0000000,0x00000000f3bac9a0,0x00000000f5600000)
  from space 62464K, 61% used [0x00000000f9480000,0x00000000fba21ab8,0x00000000fd180000)
  to   space 64000K, 0% used [0x00000000f5600000,0x00000000f5600000,0x00000000f9480000)
 ParOldGen       total 132096K, used 77228K [0x00000000a0000000, 0x00000000a8100000, 0x00000000e0000000)
  object space 132096K, 58% used [0x00000000a0000000,0x00000000a4b6b288,0x00000000a8100000)
 Metaspace       used 94679K, capacity 98820K, committed 99072K, reserved 1134592K
  class space    used 12037K, capacity 12933K, committed 13056K, reserved 1048576K

Card table byte_map: [0x0000000011ef0000,0x0000000012200000] byte_map_base: 0x00000000119f0000

Marking Bits: (ParMarkBitMap*) 0x00000000778f9f30
 Begin Bits: [0x0000000012600000, 0x0000000013e00000)
 End Bits:   [0x0000000013e00000, 0x0000000015600000)

Polling page: 0x0000000000dd0000

CodeCache: size=245760Kb used=57886Kb max_used=58319Kb free=187873Kb
 bounds [0x0000000002b30000, 0x0000000006490000, 0x0000000011b30000]
 total_blobs=18145 nmethods=17250 adapters=805
 compilation: enabled

Compilation events (10 events):
Event: 1466.706 Thread 0x000000001625c000 21435       2       java.util.TreeMap$AscendingSubMap::keyIterator (17 bytes)
Event: 1466.707 Thread 0x000000001625c000 nmethod 21435 0x00000000060cac50 code [0x00000000060cadc0, 0x00000000060cb008]
Event: 1466.707 Thread 0x000000001625c000 21436       2       java.util.TreeMap::getCeilingEntry (107 bytes)
Event: 1466.708 Thread 0x000000001625c000 nmethod 21436 0x000000000471a110 code [0x000000000471a2a0, 0x000000000471a618]
Event: 1466.712 Thread 0x000000001625c000 21437       2       sun.nio.cs.ThreadLocalCoders$2::hasName (43 bytes)
Event: 1466.712 Thread 0x000000001625c000 nmethod 21437 0x00000000047199d0 code [0x0000000004719b60, 0x0000000004719ed8]
Event: 1466.712 Thread 0x000000001625c000 21438       2       java.nio.charset.Charset::equals (31 bytes)
Event: 1466.713 Thread 0x000000001625c000 nmethod 21438 0x00000000060ca7d0 code [0x00000000060ca940, 0x00000000060cab68]
Event: 1466.720 Thread 0x000000001625c000 21439       2       com.android.builder.merge.IncrementalFileMergerState::inputsFor (22 bytes)
Event: 1466.721 Thread 0x000000001625c000 nmethod 21439 0x00000000047195d0 code [0x0000000004719740, 0x0000000004719908]

GC Heap History (10 events):
Event: 220.293 GC heap before
{Heap before GC invocations=24 (full 5):
 PSYoungGen      total 308736K, used 42483K [0x00000000e0000000, 0x00000000fc880000, 0x0000000100000000)
  eden space 266240K, 0% used [0x00000000e0000000,0x00000000e0000000,0x00000000f0400000)
  from space 42496K, 99% used [0x00000000f0400000,0x00000000f2d7ce90,0x00000000f2d80000)
  to   space 69120K, 0% used [0x00000000f8500000,0x00000000f8500000,0x00000000fc880000)
 ParOldGen       total 132096K, used 121925K [0x00000000a0000000, 0x00000000a8100000, 0x00000000e0000000)
  object space 132096K, 92% used [0x00000000a0000000,0x00000000a77114b0,0x00000000a8100000)
 Metaspace       used 88517K, capacity 91934K, committed 92288K, reserved 1130496K
  class space    used 11304K, capacity 12060K, committed 12160K, reserved 1048576K
Event: 222.273 GC heap after
Heap after GC invocations=24 (full 5):
 PSYoungGen      total 308736K, used 11746K [0x00000000e0000000, 0x00000000fc880000, 0x0000000100000000)
  eden space 266240K, 0% used [0x00000000e0000000,0x00000000e0000000,0x00000000f0400000)
  from space 42496K, 27% used [0x00000000f0400000,0x00000000f0f78ad0,0x00000000f2d80000)
  to   space 69120K, 0% used [0x00000000f8500000,0x00000000f8500000,0x00000000fc880000)
 ParOldGen       total 132096K, used 131796K [0x00000000a0000000, 0x00000000a8100000, 0x00000000e0000000)
  object space 132096K, 99% used [0x00000000a0000000,0x00000000a80b5208,0x00000000a8100000)
 Metaspace       used 88201K, capacity 91530K, committed 92288K, reserved 1130496K
  class space    used 11263K, capacity 12010K, committed 12160K, reserved 1048576K
}
Event: 228.178 GC heap before
{Heap before GC invocations=25 (full 6):
 PSYoungGen      total 308736K, used 277986K [0x00000000e0000000, 0x00000000fc880000, 0x0000000100000000)
  eden space 266240K, 100% used [0x00000000e0000000,0x00000000f0400000,0x00000000f0400000)
  from space 42496K, 27% used [0x00000000f0400000,0x00000000f0f78ad0,0x00000000f2d80000)
  to   space 69120K, 0% used [0x00000000f8500000,0x00000000f8500000,0x00000000fc880000)
 ParOldGen       total 132096K, used 131796K [0x00000000a0000000, 0x00000000a8100000, 0x00000000e0000000)
  object space 132096K, 99% used [0x00000000a0000000,0x00000000a80b5208,0x00000000a8100000)
 Metaspace       used 91269K, capacity 94940K, committed 95104K, reserved 1132544K
  class space    used 11769K, capacity 12555K, committed 12672K, reserved 1048576K
Event: 228.582 GC heap after
Heap after GC invocations=25 (full 6):
 PSYoungGen      total 308736K, used 0K [0x00000000e0000000, 0x00000000fc880000, 0x0000000100000000)
  eden space 266240K, 0% used [0x00000000e0000000,0x00000000e0000000,0x00000000f0400000)
  from space 42496K, 0% used [0x00000000f0400000,0x00000000f0400000,0x00000000f2d80000)
  to   space 69120K, 0% used [0x00000000f8500000,0x00000000f8500000,0x00000000fc880000)
 ParOldGen       total 132096K, used 77212K [0x00000000a0000000, 0x00000000a8100000, 0x00000000e0000000)
  object space 132096K, 58% used [0x00000000a0000000,0x00000000a4b67288,0x00000000a8100000)
 Metaspace       used 91269K, capacity 94940K, committed 95104K, reserved 1132544K
  class space    used 11769K, capacity 12555K, committed 12672K, reserved 1048576K
}
Event: 553.152 GC heap before
{Heap before GC invocations=26 (full 6):
 PSYoungGen      total 308736K, used 266240K [0x00000000e0000000, 0x00000000fc880000, 0x0000000100000000)
  eden space 266240K, 100% used [0x00000000e0000000,0x00000000f0400000,0x00000000f0400000)
  from space 42496K, 0% used [0x00000000f0400000,0x00000000f0400000,0x00000000f2d80000)
  to   space 69120K, 0% used [0x00000000f8500000,0x00000000f8500000,0x00000000fc880000)
 ParOldGen       total 132096K, used 77212K [0x00000000a0000000, 0x00000000a8100000, 0x00000000e0000000)
  object space 132096K, 58% used [0x00000000a0000000,0x00000000a4b67288,0x00000000a8100000)
 Metaspace       used 92137K, capacity 95856K, committed 96128K, reserved 1132544K
  class space    used 11807K, capacity 12591K, committed 12672K, reserved 1048576K
Event: 553.223 GC heap after
Heap after GC invocations=26 (full 6):
 PSYoungGen      total 350208K, used 24061K [0x00000000e0000000, 0x00000000fac80000, 0x0000000100000000)
  eden space 309760K, 0% used [0x00000000e0000000,0x00000000e0000000,0x00000000f2e80000)
  from space 40448K, 59% used [0x00000000f8500000,0x00000000f9c7f628,0x00000000fac80000)
  to   space 64512K, 0% used [0x00000000f2e80000,0x00000000f2e80000,0x00000000f6d80000)
 ParOldGen       total 132096K, used 77220K [0x00000000a0000000, 0x00000000a8100000, 0x00000000e0000000)
  object space 132096K, 58% used [0x00000000a0000000,0x00000000a4b69288,0x00000000a8100000)
 Metaspace       used 92137K, capacity 95856K, committed 96128K, reserved 1132544K
  class space    used 11807K, capacity 12591K, committed 12672K, reserved 1048576K
}
Event: 1457.029 GC heap before
{Heap before GC invocations=27 (full 6):
 PSYoungGen      total 350208K, used 333821K [0x00000000e0000000, 0x00000000fac80000, 0x0000000100000000)
  eden space 309760K, 100% used [0x00000000e0000000,0x00000000f2e80000,0x00000000f2e80000)
  from space 40448K, 59% used [0x00000000f8500000,0x00000000f9c7f628,0x00000000fac80000)
  to   space 64512K, 0% used [0x00000000f2e80000,0x00000000f2e80000,0x00000000f6d80000)
 ParOldGen       total 132096K, used 77220K [0x00000000a0000000, 0x00000000a8100000, 0x00000000e0000000)
  object space 132096K, 58% used [0x00000000a0000000,0x00000000a4b69288,0x00000000a8100000)
 Metaspace       used 92935K, capacity 96846K, committed 97024K, reserved 1134592K
  class space    used 11868K, capacity 12690K, committed 12800K, reserved 1048576K
Event: 1457.072 GC heap after
Heap after GC invocations=27 (full 6):
 PSYoungGen      total 374272K, used 14340K [0x00000000e0000000, 0x00000000fd180000, 0x0000000100000000)
  eden space 309760K, 0% used [0x00000000e0000000,0x00000000e0000000,0x00000000f2e80000)
  from space 64512K, 22% used [0x00000000f2e80000,0x00000000f3c81350,0x00000000f6d80000)
  to   space 62464K, 0% used [0x00000000f9480000,0x00000000f9480000,0x00000000fd180000)
 ParOldGen       total 132096K, used 77228K [0x00000000a0000000, 0x00000000a8100000, 0x00000000e0000000)
  object space 132096K, 58% used [0x00000000a0000000,0x00000000a4b6b288,0x00000000a8100000)
 Metaspace       used 92935K, capacity 96846K, committed 97024K, reserved 1134592K
  class space    used 11868K, capacity 12690K, committed 12800K, reserved 1048576K
}
Event: 1463.171 GC heap before
{Heap before GC invocations=28 (full 6):
 PSYoungGen      total 374272K, used 324100K [0x00000000e0000000, 0x00000000fd180000, 0x0000000100000000)
  eden space 309760K, 100% used [0x00000000e0000000,0x00000000f2e80000,0x00000000f2e80000)
  from space 64512K, 22% used [0x00000000f2e80000,0x00000000f3c81350,0x00000000f6d80000)
  to   space 62464K, 0% used [0x00000000f9480000,0x00000000f9480000,0x00000000fd180000)
 ParOldGen       total 132096K, used 77228K [0x00000000a0000000, 0x00000000a8100000, 0x00000000e0000000)
  object space 132096K, 58% used [0x00000000a0000000,0x00000000a4b6b288,0x00000000a8100000)
 Metaspace       used 94244K, capacity 98346K, committed 98432K, reserved 1134592K
  class space    used 11995K, capacity 12880K, committed 12928K, reserved 1048576K
Event: 1463.328 GC heap after
Heap after GC invocations=28 (full 6):
 PSYoungGen      total 412672K, used 38534K [0x00000000e0000000, 0x00000000fd580000, 0x0000000100000000)
  eden space 350208K, 0% used [0x00000000e0000000,0x00000000e0000000,0x00000000f5600000)
  from space 62464K, 61% used [0x00000000f9480000,0x00000000fba21ab8,0x00000000fd180000)
  to   space 64000K, 0% used [0x00000000f5600000,0x00000000f5600000,0x00000000f9480000)
 ParOldGen       total 132096K, used 77228K [0x00000000a0000000, 0x00000000a8100000, 0x00000000e0000000)
  object space 132096K, 58% used [0x00000000a0000000,0x00000000a4b6b288,0x00000000a8100000)
 Metaspace       used 94244K, capacity 98346K, committed 98432K, reserved 1134592K
  class space    used 11995K, capacity 12880K, committed 12928K, reserved 1048576K
}

Deoptimization events (10 events):
Event: 1463.149 Thread 0x00000000189f2000 Uncommon trap: reason=bimorphic action=maybe_recompile pc=0x0000000006106d20 method=com.google.common.collect.ImmutableMap.copyOf(Ljava/lang/Iterable;)Lcom/google/common/collect/ImmutableMap; @ 53
Event: 1463.943 Thread 0x00000000189f0800 Uncommon trap: reason=unstable_if action=reinterpret pc=0x0000000003c6d514 method=com.android.tools.r8.v.a.a.a.h.M$f.hasNext()Z @ 5
Event: 1465.486 Thread 0x00000000189f2000 Uncommon trap: reason=bimorphic action=maybe_recompile pc=0x0000000006106d20 method=com.google.common.collect.ImmutableMap.copyOf(Ljava/lang/Iterable;)Lcom/google/common/collect/ImmutableMap; @ 53
Event: 1465.488 Thread 0x00000000189f2000 Uncommon trap: reason=bimorphic action=maybe_recompile pc=0x0000000006106d20 method=com.google.common.collect.ImmutableMap.copyOf(Ljava/lang/Iterable;)Lcom/google/common/collect/ImmutableMap; @ 53
Event: 1465.499 Thread 0x00000000189f2000 Uncommon trap: reason=bimorphic action=maybe_recompile pc=0x00000000060ffec4 method=com.google.common.collect.ImmutableMap.copyOf(Ljava/lang/Iterable;)Lcom/google/common/collect/ImmutableMap; @ 53
Event: 1465.562 Thread 0x00000000189f2000 Uncommon trap: reason=unstable_if action=reinterpret pc=0x000000000599254c method=sun.nio.fs.WindowsPathParser.parse(Ljava/lang/String;Z)Lsun/nio/fs/WindowsPathParser$Result; @ 45
Event: 1465.578 Thread 0x00000000189f2000 Uncommon trap: reason=unstable_if action=reinterpret pc=0x0000000003376438 method=sun.nio.fs.WindowsPath.getFileName()Ljava/nio/file/Path; @ 45
Event: 1465.578 Thread 0x00000000189f2000 Uncommon trap: reason=unstable_if action=reinterpret pc=0x0000000002e6bf74 method=java.lang.String.indexOf([CII[CIII)I @ 27
Event: 1465.831 Thread 0x00000000189f2000 Uncommon trap: reason=bimorphic action=maybe_recompile pc=0x00000000046f4408 method=java.util.function.Predicate.lambda$and$0(Ljava/util/function/Predicate;Ljava/lang/Object;)Z @ 12
Event: 1465.831 Thread 0x00000000189f2000 Uncommon trap: reason=bimorphic action=maybe_recompile pc=0x00000000046f4408 method=java.util.function.Predicate.lambda$and$0(Ljava/util/function/Predicate;Ljava/lang/Object;)Z @ 12

Classes redefined (0 events):
No events

Internal exceptions (10 events):
Event: 1465.238 Thread 0x00000000189f6800 Exception <a 'sun/nio/fs/WindowsException'> (0x00000000e6f9e7a0) thrown at [D:\src\AOSP-openjdk-cygwin\jdk8u\hotspot\src\share\vm\prims\jni.cpp, line 710]
Event: 1465.238 Thread 0x00000000189f6800 Exception <a 'sun/nio/fs/WindowsException'> (0x00000000e6f9f5a8) thrown at [D:\src\AOSP-openjdk-cygwin\jdk8u\hotspot\src\share\vm\prims\jni.cpp, line 710]
Event: 1465.493 Thread 0x00000000189f6800 Exception <a 'sun/nio/fs/WindowsException'> (0x00000000e774a220) thrown at [D:\src\AOSP-openjdk-cygwin\jdk8u\hotspot\src\share\vm\prims\jni.cpp, line 710]
Event: 1465.573 Thread 0x00000000189f6800 Exception <a 'sun/nio/fs/WindowsException'> (0x00000000e7da2e80) thrown at [D:\src\AOSP-openjdk-cygwin\jdk8u\hotspot\src\share\vm\prims\jni.cpp, line 710]
Event: 1465.761 Thread 0x00000000189f6800 Exception <a 'sun/nio/fs/WindowsException'> (0x00000000e7daf6f8) thrown at [D:\src\AOSP-openjdk-cygwin\jdk8u\hotspot\src\share\vm\prims\jni.cpp, line 710]
Event: 1465.960 Thread 0x00000000189f6800 Exception <a 'sun/nio/fs/WindowsException'> (0x00000000e7db5630) thrown at [D:\src\AOSP-openjdk-cygwin\jdk8u\hotspot\src\share\vm\prims\jni.cpp, line 710]
Event: 1466.088 Thread 0x00000000189f6800 Exception <a 'sun/nio/fs/WindowsException'> (0x00000000e7dbe208) thrown at [D:\src\AOSP-openjdk-cygwin\jdk8u\hotspot\src\share\vm\prims\jni.cpp, line 710]
Event: 1466.612 Thread 0x00000000189f6800 Exception <a 'sun/nio/fs/WindowsException'> (0x00000000ebeb8070) thrown at [D:\src\AOSP-openjdk-cygwin\jdk8u\hotspot\src\share\vm\prims\jni.cpp, line 710]
Event: 1466.859 Thread 0x00000000189f2000 Exception <a 'java/lang/OutOfMemoryError'> (0x00000000f38ee850) thrown at [D:\src\AOSP-openjdk-cygwin\jdk8u\hotspot\src\share\vm\prims\jni.cpp, line 736]
Event: 1466.861 Thread 0x00000000189f6800 Exception <a 'sun/nio/fs/WindowsException'> (0x00000000ebebfc10) thrown at [D:\src\AOSP-openjdk-cygwin\jdk8u\hotspot\src\share\vm\prims\jni.cpp, line 710]

Events (10 events):
Event: 1466.263 Thread 0x000000001625c000 flushing nmethod 0x0000000005ebc450
Event: 1466.265 Thread 0x000000001625c000 flushing nmethod 0x00000000060ca890
Event: 1466.265 Thread 0x000000001625c000 flushing nmethod 0x000000000612d290
Event: 1466.265 Thread 0x000000001625c000 flushing nmethod 0x0000000006172650
Event: 1466.265 Thread 0x000000001625c000 flushing nmethod 0x000000000619ea10
Event: 1466.266 Thread 0x000000001625c000 flushing nmethod 0x00000000061cb9d0
Event: 1466.409 Thread 0x00000000189f2000 DEOPT PACKING pc=0x0000000005eb2ef1 sp=0x000000003083d7a0
Event: 1466.409 Thread 0x00000000189f2000 DEOPT UNPACKING pc=0x0000000002b771d0 sp=0x000000003083d4e8 mode 0
Event: 1466.859 loading class com/google/common/util/concurrent/AbstractFuture$Failure$1
Event: 1466.859 loading class com/google/common/util/concurrent/AbstractFuture$Failure$1 done


Dynamic libraries:
0x00007ff6651d0000 - 0x00007ff665201000 	C:\Program Files\Android\Android Studio1\jre\bin\java.exe
0x00007ffdf5240000 - 0x00007ffdf542d000 	C:\Windows\SYSTEM32\ntdll.dll
0x00007ffdf4300000 - 0x00007ffdf43b3000 	C:\Windows\System32\KERNEL32.DLL
0x00007ffdf21f0000 - 0x00007ffdf2483000 	C:\Windows\System32\KERNELBASE.dll
0x00007ffdf4d60000 - 0x00007ffdf4e03000 	C:\Windows\System32\ADVAPI32.dll
0x00007ffdf4e80000 - 0x00007ffdf4f1e000 	C:\Windows\System32\msvcrt.dll
0x00007ffdf4480000 - 0x00007ffdf451e000 	C:\Windows\System32\sechost.dll
0x00007ffdf4f40000 - 0x00007ffdf5062000 	C:\Windows\System32\RPCRT4.dll
0x00007ffdf4970000 - 0x00007ffdf4b07000 	C:\Windows\System32\USER32.dll
0x00007ffdf16f0000 - 0x00007ffdf1710000 	C:\Windows\System32\win32u.dll
0x00007ffdf4c40000 - 0x00007ffdf4c69000 	C:\Windows\System32\GDI32.dll
0x00007ffdf13d0000 - 0x00007ffdf1569000 	C:\Windows\System32\gdi32full.dll
0x00007ffdf1330000 - 0x00007ffdf13d0000 	C:\Windows\System32\msvcp_win.dll
0x00007ffdf15f0000 - 0x00007ffdf16ea000 	C:\Windows\System32\ucrtbase.dll
0x00007ffde56a0000 - 0x00007ffde5919000 	C:\Windows\WinSxS\amd64_microsoft.windows.common-controls_6595b64144ccf1df_6.0.17763.1098_none_de762ed45346ee8a\COMCTL32.dll
0x00007ffdf45b0000 - 0x00007ffdf48dc000 	C:\Windows\System32\combase.dll
0x00007ffdf1710000 - 0x00007ffdf178e000 	C:\Windows\System32\bcryptPrimitives.dll
0x00007ffdf4580000 - 0x00007ffdf45ae000 	C:\Windows\System32\IMM32.DLL
0x0000000077db0000 - 0x0000000077e82000 	C:\Program Files\Android\Android Studio1\jre\jre\bin\msvcr100.dll
0x0000000077130000 - 0x0000000077976000 	C:\Program Files\Android\Android Studio1\jre\jre\bin\server\jvm.dll
0x00007ffdf4960000 - 0x00007ffdf4968000 	C:\Windows\System32\PSAPI.DLL
0x00007ffdd5b80000 - 0x00007ffdd5b89000 	C:\Windows\SYSTEM32\WSOCK32.dll
0x00007ffdf4cf0000 - 0x00007ffdf4d5d000 	C:\Windows\System32\WS2_32.dll
0x00007ffdef380000 - 0x00007ffdef3a4000 	C:\Windows\SYSTEM32\WINMM.dll
0x00007ffde4630000 - 0x00007ffde463a000 	C:\Windows\SYSTEM32\VERSION.dll
0x00007ffdef350000 - 0x00007ffdef37d000 	C:\Windows\SYSTEM32\WINMMBASE.dll
0x00007ffdf15a0000 - 0x00007ffdf15ea000 	C:\Windows\System32\cfgmgr32.dll
0x00007ffdef4e0000 - 0x00007ffdef4ef000 	C:\Program Files\Android\Android Studio1\jre\jre\bin\verify.dll
0x00007ffdedad0000 - 0x00007ffdedaf9000 	C:\Program Files\Android\Android Studio1\jre\jre\bin\java.dll
0x00007ffdef4c0000 - 0x00007ffdef4d6000 	C:\Program Files\Android\Android Studio1\jre\jre\bin\zip.dll
0x00007ffdf2e00000 - 0x00007ffdf42f4000 	C:\Windows\System32\SHELL32.dll
0x00007ffdf2bf0000 - 0x00007ffdf2c98000 	C:\Windows\System32\shcore.dll
0x00007ffdf1a80000 - 0x00007ffdf21cd000 	C:\Windows\System32\windows.storage.dll
0x00007ffdf12a0000 - 0x00007ffdf12c4000 	C:\Windows\System32\profapi.dll
0x00007ffdf12d0000 - 0x00007ffdf132d000 	C:\Windows\System32\powrprof.dll
0x00007ffdf51e0000 - 0x00007ffdf5232000 	C:\Windows\System32\shlwapi.dll
0x00007ffdf1260000 - 0x00007ffdf1271000 	C:\Windows\System32\kernel.appcore.dll
0x00007ffdf21d0000 - 0x00007ffdf21e7000 	C:\Windows\System32\cryptsp.dll
0x00007ffdeb330000 - 0x00007ffdeb34a000 	C:\Program Files\Android\Android Studio1\jre\jre\bin\net.dll
0x00007ffde6c40000 - 0x00007ffde6e17000 	C:\Windows\SYSTEM32\urlmon.dll
0x00007ffde6fd0000 - 0x00007ffde7278000 	C:\Windows\SYSTEM32\iertutil.dll
0x00007ffdf0c40000 - 0x00007ffdf0c4c000 	C:\Windows\SYSTEM32\CRYPTBASE.DLL
0x00007ffdf0a70000 - 0x00007ffdf0ad7000 	C:\Windows\system32\mswsock.dll
0x00007ffdeb310000 - 0x00007ffdeb323000 	C:\Program Files\Android\Android Studio1\jre\jre\bin\nio.dll
0x00007ffde3970000 - 0x00007ffde3996000 	C:\Users\deCrypt3d\.gradle\native\30\windows-amd64\native-platform.dll
0x00007ffdedac0000 - 0x00007ffdedacd000 	C:\Program Files\Android\Android Studio1\jre\jre\bin\management.dll
0x00007ffdf05f0000 - 0x00007ffdf0623000 	C:\Windows\system32\rsaenh.dll
0x00007ffdf1570000 - 0x00007ffdf1596000 	C:\Windows\System32\bcrypt.dll
0x00007ffdf1160000 - 0x00007ffdf1188000 	C:\Windows\SYSTEM32\USERENV.dll
0x00007ffdf0790000 - 0x00007ffdf07cd000 	C:\Windows\SYSTEM32\IPHLPAPI.DLL
0x00007ffdf43c0000 - 0x00007ffdf43c8000 	C:\Windows\System32\NSI.dll
0x00007ffde84b0000 - 0x00007ffde84c6000 	C:\Windows\SYSTEM32\dhcpcsvc6.DLL
0x00007ffde83b0000 - 0x00007ffde83cc000 	C:\Windows\SYSTEM32\dhcpcsvc.DLL
0x00007ffdf07e0000 - 0x00007ffdf08a6000 	C:\Windows\SYSTEM32\DNSAPI.dll

VM Arguments:
jvm_args: -Xmx1536m -Dfile.encoding=windows-1252 -Duser.country=ID -Duser.language=en -Duser.variant 
java_command: org.gradle.launcher.daemon.bootstrap.GradleDaemon 5.6.4
java_class_path (initial): C:\Users\deCrypt3d\.gradle\wrapper\dists\gradle-5.6.4-all\ankdp27end7byghfw1q2sw75f\gradle-5.6.4\lib\gradle-launcher-5.6.4.jar
Launcher Type: SUN_STANDARD

Environment Variables:
PATH=C:\ProgramData\Oracle\Java\javapath;C:\Program Files (x86)\Common Files\Intel\Shared Files\cpp\bin\Intel64;C:\Windows\system32;C:\Windows;C:\Windows\System32\Wbem;C:\Windows\System32\WindowsPowerShell\v1.0\;C:\xampp\php;C:\ProgramData\ComposerSetup\bin;C:\Program Files\PuTTY\;C:\Program Files\nodejs\;%JAVA_HOME%\bin;C:\SDK\gradle-6.3\bin;C:\Program Files (x86)\GtkSharp\2.12\bin;C:\Users\deCrypt3d\AppData\Local\Microsoft\WindowsApps;C:\Users\deCrypt3d\AppData\Roaming\Composer\vendor\bin;C:\Users\deCrypt3d\AppData\Roaming\npm;
USERNAME=deCrypt3d
OS=Windows_NT
PROCESSOR_IDENTIFIER=Intel64 Family 6 Model 58 Stepping 9, GenuineIntel



---------------  S Y S T E M  ---------------

OS: Windows 10.0 , 64 bit Build 17763 (10.0.17763.475)

CPU:total 2 (initial active 2) (2 cores per cpu, 1 threads per core) family 6 model 58 stepping 9, cmov, cx8, fxsr, mmx, sse, sse2, sse3, ssse3, sse4.1, sse4.2, popcnt, clmul, erms, tsc, tscinvbit, tscinv

Memory: 4k page, physical 3880804k(575788k free), swap 3880804k(4132k free)

vm_info: OpenJDK 64-Bit Server VM (25.212-b04) for windows-amd64 JRE (1.8.0_212-release-1586-b04), built by "builder" with MS VC++ 10.0 (VS2010)

time: Mon Jul 13 07:23:31 2020
timezone: SE Asia Standard Time
elapsed time: 1466 seconds (0d 0h 24m 26s)

