JvmtiExport can_access_local_variables 0
JvmtiExport can_hotswap_or_post_breakpoint 0
JvmtiExport can_post_on_exceptions 0
# 797 ciObject found
ciMethod java/lang/Object <init> ()V 4097 1 3472983 0 0
ciMethod java/lang/Object hashCode ()I 2049 1 256 0 -1
ciMethod java/lang/invoke/DirectMethodHandle internalMemberName (Ljava/lang/Object;)Ljava/lang/Object; 16513 1 71112 0 -1
ciMethod java/lang/StringBuilder <init> ()V 953 1 165533 0 -1
ciMethod java/lang/StringBuilder append (Ljava/lang/Object;)Ljava/lang/StringBuilder; 913 1 2399 0 -1
ciMethod java/lang/StringBuilder append (Ljava/lang/String;)Ljava/lang/StringBuilder; 2089 1 347098 0 -1
ciMethod java/lang/StringBuilder append (I)Ljava/lang/StringBuilder; 1 1 14417 0 -1
ciMethod java/lang/StringBuilder toString ()Ljava/lang/String; 1033 1 164907 0 -1
ciMethod java/nio/Buffer <init> (IIII)V 313 1 5163 0 384
ciMethod java/nio/Buffer position ()I 1409 1 176 0 0
ciMethod java/nio/Buffer position (I)Ljava/nio/Buffer; 1361 1 5505 0 128
ciMethod java/nio/Buffer limit (I)Ljava/nio/Buffer; 2065 1 6646 0 160
ciMethod java/nio/Buffer nextGetIndex ()I 1 1 44790 0 0
ciMethod java/nio/Buffer nextGetIndex (I)I 2089 1 83574 0 96
ciMethod java/util/ArrayList <init> (I)V 2073 1 10524 0 -1
ciMethod java/util/ArrayList toArray ([Ljava/lang/Object;)[Ljava/lang/Object; 177 1 9240 0 -1
ciMethod java/util/ArrayList add (Ljava/lang/Object;)Z 465 1 179134 0 -1
ciMethod java/lang/Math ceil (D)D 2049 1 3280 0 -1
ciMethod java/lang/Math abs (I)I 769 1 493 0 0
ciMethod java/lang/Math max (JJ)J 2049 1 16184 0 -1
ciMethod java/util/Arrays hashCode ([Ljava/lang/Object;)I 48201 131449 30107 0 288
ciMethod java/nio/ByteBuffer get ()B 0 0 1 0 -1
ciMethod java/nio/ByteBuffer _get (I)B 0 0 1 0 -1
ciMethod java/nio/ByteBuffer getShort ()S 0 0 1 0 -1
ciMethod java/nio/ByteBuffer getInt ()I 0 0 1 0 -1
ciMethod java/nio/HeapByteBuffer ix (I)I 449 1 316604 0 0
ciMethod java/nio/HeapByteBuffer get ()B 2049 1 44561 0 160
ciMethod java/nio/HeapByteBuffer _get (I)B 2049 1 675008 0 0
ciMethod java/nio/HeapByteBuffer getShort ()S 2073 1 173939 0 320
ciMethod java/nio/HeapByteBuffer getInt ()I 2049 1 73002 0 288
ciMethod java/nio/Bits makeShort (BB)S 2137 1 173940 0 0
ciMethod java/nio/Bits getShortL (Ljava/nio/ByteBuffer;I)S 0 0 167962 0 0
ciMethod java/nio/Bits getShortB (Ljava/nio/ByteBuffer;I)S 2105 1 5978 0 0
ciMethod java/nio/Bits getShort (Ljava/nio/ByteBuffer;IZ)S 2097 1 173939 0 0
ciMethod java/nio/Bits makeInt (BBBB)I 2041 1 73723 0 64
ciMethod java/nio/Bits getIntL (Ljava/nio/ByteBuffer;I)I 1001 1 82038 0 0
ciMethod java/nio/Bits getIntB (Ljava/nio/ByteBuffer;I)I 1041 1 130 0 -1
ciMethod java/nio/Bits getInt (Ljava/nio/ByteBuffer;IZ)I 2049 1 82168 0 0
ciMethodData java/lang/Object <init> ()V 2 3473003 orig 264 8 206 53 112 0 0 0 0 128 4 176 21 0 0 0 0 32 1 0 0 0 0 0 0 0 0 0 0 0 0 0 0 0 0 0 0 0 0 0 0 0 0 0 0 0 0 0 0 0 0 0 0 0 0 0 0 0 0 0 0 0 0 0 0 0 0 0 0 0 0 0 0 0 0 0 0 0 0 0 0 77 68 79 32 101 120 116 114 97 32 100 97 116 97 32 108 111 99 107 0 0 0 0 0 0 0 0 0 0 0 0 0 0 0 0 0 0 0 0 0 0 0 0 0 0 0 0 0 0 0 0 0 0 0 0 0 0 0 0 0 0 0 0 0 0 0 0 0 0 0 0 0 0 0 0 0 0 0 0 0 0 0 0 0 0 0 0 0 0 0 0 0 0 0 0 0 0 0 0 0 0 0 0 0 1 0 0 0 0 0 0 0 1 0 0 0 0 0 0 0 1 0 0 0 0 0 0 0 0 0 0 0 0 0 0 0 0 2 0 0 89 227 167 1 1 0 0 0 0 0 0 0 0 0 0 0 2 0 0 0 0 0 3 0 1 0 0 0 0 0 0 0 255 255 255 255 0 0 0 0 0 0 0 0 data 0 oops 0
ciMethod java/lang/AssertionError <init> (Ljava/lang/Object;)V 0 0 1 0 -1
ciMethodData java/nio/Buffer <init> (IIII)V 2 5163 orig 264 8 206 53 112 0 0 0 0 64 97 185 21 0 0 0 0 40 4 0 0 208 0 0 0 0 0 0 0 0 0 0 0 0 0 0 0 0 0 0 0 0 0 0 0 0 0 0 0 0 0 0 0 0 0 0 0 0 0 0 0 0 0 0 0 0 0 0 0 0 0 0 0 0 0 0 0 0 0 0 0 77 68 79 32 101 120 116 114 97 32 100 97 116 97 32 108 111 99 107 0 0 0 0 0 0 0 0 0 0 0 0 0 0 0 0 0 0 0 0 0 0 0 0 0 0 0 0 0 0 0 0 0 0 0 0 0 0 0 0 0 0 0 0 0 0 0 0 0 0 0 0 0 0 0 0 0 0 0 0 0 0 0 0 0 0 0 0 0 0 0 0 0 0 0 0 0 0 0 0 0 0 0 0 0 25 0 0 0 0 0 0 0 0 0 0 0 0 0 0 0 0 0 0 0 0 0 0 0 0 0 0 0 0 0 0 0 39 0 0 0 33 160 0 0 1 0 0 0 0 0 0 0 0 0 0 0 2 0 0 0 0 0 10 0 2 0 0 0 192 2 0 0 255 255 255 255 2 0 1 0 0 0 0 0 data 88 0x10002 0x1404 0x100007 0x1404 0xd0 0x0 0x1b0002 0x0 0x200005 0x0 0x0 0x0 0x0 0x0 0x250005 0x0 0x0 0x0 0x0 0x0 0x280005 0x0 0x0 0x0 0x0 0x0 0x2b0002 0x0 0x370005 0xdad 0x1a4a1490 0x652 0x1a4a1540 0x5 0x3d0005 0xdad 0x1a4a1490 0x652 0x1a4a1540 0x5 0x420007 0x1404 0x180 0x0 0x470007 0x0 0x160 0x0 0x520002 0x0 0x570005 0x0 0x0 0x0 0x0 0x0 0x5b0005 0x0 0x0 0x0 0x0 0x0 0x600005 0x0 0x0 0x0 0x0 0x0 0x640005 0x0 0x0 0x0 0x0 0x0 0x690005 0x0 0x0 0x0 0x0 0x0 0x6c0005 0x0 0x0 0x0 0x0 0x0 0x6f0002 0x0 oops 4